Julia Version 1.3.1-pre.19
Commit 602e3006ec (2019-12-17 12:50 UTC)
Platform Info:
  OS: Linux (x86_64-linux-gnu)
  CPU: Intel(R) Xeon(R) Silver 4114 CPU @ 2.20GHz
  WORD_SIZE: 64
  LIBM: libopenlibm
  LLVM: libLLVM-6.0.1 (ORCJIT, skylake)
Environment:
  JULIA_DEPOT_PATH = ::/usr/local/share/julia

 Resolving package versions...
 Installed Calculus ──────────────── v0.5.1
 Installed RowEchelon ────────────── v0.1.1
 Installed OrderedCollections ────── v1.1.0
 Installed PolyJuMP ──────────────── v0.3.4
 Installed MutableArithmetics ────── v0.1.1
 Installed StaticArrays ──────────── v0.12.1
 Installed DataStructures ────────── v0.17.6
 Installed JuMP ──────────────────── v0.20.1
 Installed OpenSpecFun_jll ───────── v0.5.3+1
 Installed DiffResults ───────────── v1.0.1
 Installed SemialgebraicSets ─────── v0.2.0
 Installed Parsers ───────────────── v0.3.10
 Installed SpecialFunctions ──────── v0.9.0
 Installed MultivariatePolynomials ─ v0.3.3
 Installed ForwardDiff ───────────── v0.10.8
 Installed BenchmarkTools ────────── v0.4.3
 Installed MultivariateMoments ───── v0.2.3
 Installed NaNMath ───────────────── v0.3.3
 Installed JSON ──────────────────── v0.21.0
 Installed DiffRules ─────────────── v1.0.0
 Installed Compat ────────────────── v2.2.0
 Installed CommonSubexpressions ──── v0.2.0
 Installed MathOptInterface ──────── v0.9.7
  Updating `~/.julia/environments/v1.3/Project.toml`
  [ddf597a6] + PolyJuMP v0.3.4
  Updating `~/.julia/environments/v1.3/Manifest.toml`
  [6e4b80f9] + BenchmarkTools v0.4.3
  [49dc2e85] + Calculus v0.5.1
  [bbf7d656] + CommonSubexpressions v0.2.0
  [34da2185] + Compat v2.2.0
  [864edb3b] + DataStructures v0.17.6
  [163ba53b] + DiffResults v1.0.1
  [b552c78f] + DiffRules v1.0.0
  [f6369f11] + ForwardDiff v0.10.8
  [682c06a0] + JSON v0.21.0
  [4076af6c] + JuMP v0.20.1
  [b8f27783] + MathOptInterface v0.9.7
  [f4abf1af] + MultivariateMoments v0.2.3
  [102ac46a] + MultivariatePolynomials v0.3.3
  [d8a4904e] + MutableArithmetics v0.1.1
  [77ba4419] + NaNMath v0.3.3
  [efe28fd5] + OpenSpecFun_jll v0.5.3+1
  [bac558e1] + OrderedCollections v1.1.0
  [69de0a69] + Parsers v0.3.10
  [ddf597a6] + PolyJuMP v0.3.4
  [af85af4c] + RowEchelon v0.1.1
  [8e049039] + SemialgebraicSets v0.2.0
  [276daf66] + SpecialFunctions v0.9.0
  [90137ffa] + StaticArrays v0.12.1
  [2a0f44e3] + Base64 
  [ade2ca70] + Dates 
  [8bb1440f] + DelimitedFiles 
  [8ba89e20] + Distributed 
  [b77e0a4c] + InteractiveUtils 
  [76f85450] + LibGit2 
  [8f399da3] + Libdl 
  [37e2e46d] + LinearAlgebra 
  [56ddb016] + Logging 
  [d6f4376e] + Markdown 
  [a63ad114] + Mmap 
  [44cfe95a] + Pkg 
  [de0858da] + Printf 
  [3fa0cd96] + REPL 
  [9a3f8284] + Random 
  [ea8e919c] + SHA 
  [9e88b42a] + Serialization 
  [1a1011a3] + SharedArrays 
  [6462fe0b] + Sockets 
  [2f01184e] + SparseArrays 
  [10745b16] + Statistics 
  [8dfed614] + Test 
  [cf7118a7] + UUIDs 
  [4ec0a83e] + Unicode 
   Testing PolyJuMP
 Resolving package versions...
 Installed Reexport ─────────── v0.2.0
 Installed DynamicPolynomials ─ v0.3.4
    Status `/tmp/jl_2BxO1g/Manifest.toml`
  [6e4b80f9] BenchmarkTools v0.4.3
  [49dc2e85] Calculus v0.5.1
  [bbf7d656] CommonSubexpressions v0.2.0
  [34da2185] Compat v2.2.0
  [864edb3b] DataStructures v0.17.6
  [163ba53b] DiffResults v1.0.1
  [b552c78f] DiffRules v1.0.0
  [7c1d4256] DynamicPolynomials v0.3.4
  [f6369f11] ForwardDiff v0.10.8
  [682c06a0] JSON v0.21.0
  [4076af6c] JuMP v0.20.1
  [b8f27783] MathOptInterface v0.9.7
  [f4abf1af] MultivariateMoments v0.2.3
  [102ac46a] MultivariatePolynomials v0.3.3
  [d8a4904e] MutableArithmetics v0.1.1
  [77ba4419] NaNMath v0.3.3
  [efe28fd5] OpenSpecFun_jll v0.5.3+1
  [bac558e1] OrderedCollections v1.1.0
  [69de0a69] Parsers v0.3.10
  [ddf597a6] PolyJuMP v0.3.4
  [189a3867] Reexport v0.2.0
  [af85af4c] RowEchelon v0.1.1
  [8e049039] SemialgebraicSets v0.2.0
  [276daf66] SpecialFunctions v0.9.0
  [90137ffa] StaticArrays v0.12.1
  [2a0f44e3] Base64  [`@stdlib/Base64`]
  [ade2ca70] Dates  [`@stdlib/Dates`]
  [8bb1440f] DelimitedFiles  [`@stdlib/DelimitedFiles`]
  [8ba89e20] Distributed  [`@stdlib/Distributed`]
  [9fa8497b] Future  [`@stdlib/Future`]
  [b77e0a4c] InteractiveUtils  [`@stdlib/InteractiveUtils`]
  [76f85450] LibGit2  [`@stdlib/LibGit2`]
  [8f399da3] Libdl  [`@stdlib/Libdl`]
  [37e2e46d] LinearAlgebra  [`@stdlib/LinearAlgebra`]
  [56ddb016] Logging  [`@stdlib/Logging`]
  [d6f4376e] Markdown  [`@stdlib/Markdown`]
  [a63ad114] Mmap  [`@stdlib/Mmap`]
  [44cfe95a] Pkg  [`@stdlib/Pkg`]
  [de0858da] Printf  [`@stdlib/Printf`]
  [3fa0cd96] REPL  [`@stdlib/REPL`]
  [9a3f8284] Random  [`@stdlib/Random`]
  [ea8e919c] SHA  [`@stdlib/SHA`]
  [9e88b42a] Serialization  [`@stdlib/Serialization`]
  [1a1011a3] SharedArrays  [`@stdlib/SharedArrays`]
  [6462fe0b] Sockets  [`@stdlib/Sockets`]
  [2f01184e] SparseArrays  [`@stdlib/SparseArrays`]
  [10745b16] Statistics  [`@stdlib/Statistics`]
  [8dfed614] Test  [`@stdlib/Test`]
  [cf7118a7] UUIDs  [`@stdlib/UUIDs`]
  [4ec0a83e] Unicode  [`@stdlib/Unicode`]
Test Summary: | Pass  Total
PolyModule    |    7      7
Test Summary:             | Pass  Total
@variable macro with Poly |   65     65
Test Summary:       | Broken  Total
JuMP.value function |      1      1
Test Summary:                      | Pass  Total
@constraint macro with polynomials |   96     96
Test Summary: | Pass  Total
Functions     |   12     12
Model: Error During Test at /home/pkgeval/.julia/packages/PolyJuMP/zgm49/test/Tests/zero_polynomial.jl:33
  Test threw exception
  Expression: ≈(value(cref), 0.0 * x * y, atol=atol, rtol=rtol)
  ArgumentError: There should be as many coefficient than monomials
  Stacktrace:
   [1] Polynomial at /home/pkgeval/.julia/packages/DynamicPolynomials/wYcBq/src/poly.jl:12 [inlined]
   [2] Polynomial at /home/pkgeval/.julia/packages/DynamicPolynomials/wYcBq/src/poly.jl:31 [inlined]
   [3] Polynomial at /home/pkgeval/.julia/packages/DynamicPolynomials/wYcBq/src/poly.jl:32 [inlined]
   [4] polynomial at /home/pkgeval/.julia/packages/DynamicPolynomials/wYcBq/src/poly.jl:185 [inlined]
   [5] polynomial at /home/pkgeval/.julia/packages/MultivariatePolynomials/UM7nc/src/polynomial.jl:61 [inlined]
   [6] reshape_vector at /home/pkgeval/.julia/packages/PolyJuMP/zgm49/src/constraint.jl:31 [inlined]
   [7] value(::ConstraintRef{Model,MathOptInterface.ConstraintIndex{MathOptInterface.VectorAffineFunction{Float64},PolyJuMP.ZeroPolynomialSet{FullSpace,MonomialBasis,Monomial{true},MonomialVector{true}}},PolyJuMP.PolynomialShape{Monomial{true},MonomialVector{true}}}) at /home/pkgeval/.julia/packages/JuMP/MsUSY/src/constraints.jl:566
   [8] zero_polynomial_test(::MathOptInterface.Bridges.LazyBridgeOptimizer{MathOptInterface.Utilities.MockOptimizer{MathOptInterface.Utilities.Model{Float64}}}, ::MathOptInterface.Test.TestConfig{Float64}) at /home/pkgeval/.julia/packages/PolyJuMP/zgm49/test/Tests/zero_polynomial.jl:33
   [9] top-level scope at /home/pkgeval/.julia/packages/PolyJuMP/zgm49/test/Mock/zero_polynomial.jl:7
   [10] top-level scope at /workspace/srcdir/usr/share/julia/stdlib/v1.3/Test/src/Test.jl:1107
   [11] top-level scope at /home/pkgeval/.julia/packages/PolyJuMP/zgm49/test/Mock/zero_polynomial.jl:4
  
Model: Error During Test at /home/pkgeval/.julia/packages/PolyJuMP/zgm49/test/Mock/zero_polynomial.jl:3
  Got exception outside of a @test
  AssertionError: length(a) == length(x)
  Stacktrace:
   [1] Measure at /home/pkgeval/.julia/packages/MultivariateMoments/rNjrC/src/measure.jl:10 [inlined]
   [2] Measure at /home/pkgeval/.julia/packages/MultivariateMoments/rNjrC/src/measure.jl:14 [inlined]
   [3] measure at /home/pkgeval/.julia/packages/MultivariateMoments/rNjrC/src/measure.jl:21 [inlined]
   [4] reshape_vector at /home/pkgeval/.julia/packages/PolyJuMP/zgm49/src/constraint.jl:38 [inlined]
   [5] dual(::ConstraintRef{Model,MathOptInterface.ConstraintIndex{MathOptInterface.VectorAffineFunction{Float64},PolyJuMP.ZeroPolynomialSet{FullSpace,MonomialBasis,Monomial{true},MonomialVector{true}}},PolyJuMP.PolynomialShape{Monomial{true},MonomialVector{true}}}) at /home/pkgeval/.julia/packages/JuMP/MsUSY/src/constraints.jl:599
   [6] zero_polynomial_test(::MathOptInterface.Bridges.LazyBridgeOptimizer{MathOptInterface.Utilities.MockOptimizer{MathOptInterface.Utilities.Model{Float64}}}, ::MathOptInterface.Test.TestConfig{Float64}) at /home/pkgeval/.julia/packages/PolyJuMP/zgm49/test/Tests/zero_polynomial.jl:38
   [7] top-level scope at /home/pkgeval/.julia/packages/PolyJuMP/zgm49/test/Mock/zero_polynomial.jl:7
   [8] top-level scope at /workspace/srcdir/usr/share/julia/stdlib/v1.3/Test/src/Test.jl:1107
   [9] top-level scope at /home/pkgeval/.julia/packages/PolyJuMP/zgm49/test/Mock/zero_polynomial.jl:4
   [10] include at ./boot.jl:328 [inlined]
   [11] include_relative(::Module, ::String) at ./loading.jl:1105
   [12] include(::Module, ::String) at ./Base.jl:31
   [13] include(::String) at ./client.jl:424
   [14] top-level scope at /home/pkgeval/.julia/packages/PolyJuMP/zgm49/test/Mock/mock_tests.jl:7
   [15] top-level scope at /workspace/srcdir/usr/share/julia/stdlib/v1.3/Test/src/Test.jl:1107
   [16] top-level scope at /home/pkgeval/.julia/packages/PolyJuMP/zgm49/test/Mock/mock_tests.jl:7
   [17] include at ./boot.jl:328 [inlined]
   [18] include_relative(::Module, ::String) at ./loading.jl:1105
   [19] include(::Module, ::String) at ./Base.jl:31
   [20] include(::String) at ./client.jl:424
   [21] top-level scope at /home/pkgeval/.julia/packages/PolyJuMP/zgm49/test/runtests.jl:20
   [22] include at ./boot.jl:328 [inlined]
   [23] include_relative(::Module, ::String) at ./loading.jl:1105
   [24] include(::Module, ::String) at ./Base.jl:31
   [25] include(::String) at ./client.jl:424
   [26] top-level scope at none:6
   [27] eval(::Module, ::Any) at ./boot.jl:330
   [28] exec_options(::Base.JLOptions) at ./client.jl:263
   [29] _start() at ./client.jl:460
  
NoFreeVariable: Error During Test at /home/pkgeval/.julia/packages/PolyJuMP/zgm49/test/Tests/zero_polynomial.jl:33
  Test threw exception
  Expression: ≈(value(cref), 0.0 * x * y, atol=atol, rtol=rtol)
  ArgumentError: There should be as many coefficient than monomials
  Stacktrace:
   [1] Polynomial at /home/pkgeval/.julia/packages/DynamicPolynomials/wYcBq/src/poly.jl:12 [inlined]
   [2] Polynomial at /home/pkgeval/.julia/packages/DynamicPolynomials/wYcBq/src/poly.jl:31 [inlined]
   [3] Polynomial at /home/pkgeval/.julia/packages/DynamicPolynomials/wYcBq/src/poly.jl:32 [inlined]
   [4] polynomial at /home/pkgeval/.julia/packages/DynamicPolynomials/wYcBq/src/poly.jl:185 [inlined]
   [5] polynomial at /home/pkgeval/.julia/packages/MultivariatePolynomials/UM7nc/src/polynomial.jl:61 [inlined]
   [6] reshape_vector at /home/pkgeval/.julia/packages/PolyJuMP/zgm49/src/constraint.jl:31 [inlined]
   [7] value(::ConstraintRef{Model,MathOptInterface.ConstraintIndex{MathOptInterface.VectorAffineFunction{Float64},PolyJuMP.ZeroPolynomialSet{FullSpace,MonomialBasis,Monomial{true},MonomialVector{true}}},PolyJuMP.PolynomialShape{Monomial{true},MonomialVector{true}}}) at /home/pkgeval/.julia/packages/JuMP/MsUSY/src/constraints.jl:566
   [8] zero_polynomial_test(::MathOptInterface.Bridges.LazyBridgeOptimizer{MathOptInterface.Utilities.MockOptimizer{NoFreeVariable{Float64}}}, ::MathOptInterface.Test.TestConfig{Float64}) at /home/pkgeval/.julia/packages/PolyJuMP/zgm49/test/Tests/zero_polynomial.jl:33
   [9] top-level scope at /home/pkgeval/.julia/packages/PolyJuMP/zgm49/test/Mock/zero_polynomial.jl:18
   [10] top-level scope at /workspace/srcdir/usr/share/julia/stdlib/v1.3/Test/src/Test.jl:1107
   [11] top-level scope at /home/pkgeval/.julia/packages/PolyJuMP/zgm49/test/Mock/zero_polynomial.jl:14
  
NoFreeVariable: Error During Test at /home/pkgeval/.julia/packages/PolyJuMP/zgm49/test/Mock/zero_polynomial.jl:13
  Got exception outside of a @test
  AssertionError: length(a) == length(x)
  Stacktrace:
   [1] Measure at /home/pkgeval/.julia/packages/MultivariateMoments/rNjrC/src/measure.jl:10 [inlined]
   [2] Measure at /home/pkgeval/.julia/packages/MultivariateMoments/rNjrC/src/measure.jl:14 [inlined]
   [3] measure at /home/pkgeval/.julia/packages/MultivariateMoments/rNjrC/src/measure.jl:21 [inlined]
   [4] reshape_vector at /home/pkgeval/.julia/packages/PolyJuMP/zgm49/src/constraint.jl:38 [inlined]
   [5] dual(::ConstraintRef{Model,MathOptInterface.ConstraintIndex{MathOptInterface.VectorAffineFunction{Float64},PolyJuMP.ZeroPolynomialSet{FullSpace,MonomialBasis,Monomial{true},MonomialVector{true}}},PolyJuMP.PolynomialShape{Monomial{true},MonomialVector{true}}}) at /home/pkgeval/.julia/packages/JuMP/MsUSY/src/constraints.jl:599
   [6] zero_polynomial_test(::MathOptInterface.Bridges.LazyBridgeOptimizer{MathOptInterface.Utilities.MockOptimizer{NoFreeVariable{Float64}}}, ::MathOptInterface.Test.TestConfig{Float64}) at /home/pkgeval/.julia/packages/PolyJuMP/zgm49/test/Tests/zero_polynomial.jl:38
   [7] top-level scope at /home/pkgeval/.julia/packages/PolyJuMP/zgm49/test/Mock/zero_polynomial.jl:18
   [8] top-level scope at /workspace/srcdir/usr/share/julia/stdlib/v1.3/Test/src/Test.jl:1107
   [9] top-level scope at /home/pkgeval/.julia/packages/PolyJuMP/zgm49/test/Mock/zero_polynomial.jl:14
   [10] include at ./boot.jl:328 [inlined]
   [11] include_relative(::Module, ::String) at ./loading.jl:1105
   [12] include(::Module, ::String) at ./Base.jl:31
   [13] include(::String) at ./client.jl:424
   [14] top-level scope at /home/pkgeval/.julia/packages/PolyJuMP/zgm49/test/Mock/mock_tests.jl:7
   [15] top-level scope at /workspace/srcdir/usr/share/julia/stdlib/v1.3/Test/src/Test.jl:1107
   [16] top-level scope at /home/pkgeval/.julia/packages/PolyJuMP/zgm49/test/Mock/mock_tests.jl:7
   [17] include at ./boot.jl:328 [inlined]
   [18] include_relative(::Module, ::String) at ./loading.jl:1105
   [19] include(::Module, ::String) at ./Base.jl:31
   [20] include(::String) at ./client.jl:424
   [21] top-level scope at /home/pkgeval/.julia/packages/PolyJuMP/zgm49/test/runtests.jl:20
   [22] include at ./boot.jl:328 [inlined]
   [23] include_relative(::Module, ::String) at ./loading.jl:1105
   [24] include(::Module, ::String) at ./Base.jl:31
   [25] include(::String) at ./client.jl:424
   [26] top-level scope at none:6
   [27] eval(::Module, ::Any) at ./boot.jl:330
   [28] exec_options(::Base.JLOptions) at ./client.jl:263
   [29] _start() at ./client.jl:460
  
Test Summary:    | Pass  Error  Total
ZeroPolynomial   |   18      4     22
  Model          |    9      2     11
  NoFreeVariable |    9      2     11
ERROR: LoadError: LoadError: Some tests did not pass: 18 passed, 0 failed, 4 errored, 0 broken.
in expression starting at /home/pkgeval/.julia/packages/PolyJuMP/zgm49/test/Mock/mock_tests.jl:6
in expression starting at /home/pkgeval/.julia/packages/PolyJuMP/zgm49/test/runtests.jl:20
ERROR: Package PolyJuMP errored during testing
Stacktrace:
 [1] pkgerror(::String, ::Vararg{String,N} where N) at /workspace/srcdir/usr/share/julia/stdlib/v1.3/Pkg/src/Types.jl:113
 [2] #test#131(::Bool, ::Nothing, ::Cmd, ::Cmd, ::typeof(Pkg.Operations.test), ::Pkg.Types.Context, ::Array{Pkg.Types.PackageSpec,1}) at /workspace/srcdir/usr/share/julia/stdlib/v1.3/Pkg/src/Operations.jl:1372
 [3] #test at ./none:0 [inlined]
 [4] #test#62(::Bool, ::Nothing, ::Cmd, ::Cmd, ::Base.Iterators.Pairs{Union{},Union{},Tuple{},NamedTuple{(),Tuple{}}}, ::typeof(Pkg.API.test), ::Pkg.Types.Context, ::Array{Pkg.Types.PackageSpec,1}) at /workspace/srcdir/usr/share/julia/stdlib/v1.3/Pkg/src/API.jl:253
 [5] test(::Pkg.Types.Context, ::Array{Pkg.Types.PackageSpec,1}) at /workspace/srcdir/usr/share/julia/stdlib/v1.3/Pkg/src/API.jl:239
 [6] #test#61 at /workspace/srcdir/usr/share/julia/stdlib/v1.3/Pkg/src/API.jl:233 [inlined]
 [7] test at /workspace/srcdir/usr/share/julia/stdlib/v1.3/Pkg/src/API.jl:233 [inlined]
 [8] #test#60 at /workspace/srcdir/usr/share/julia/stdlib/v1.3/Pkg/src/API.jl:232 [inlined]
 [9] test at /workspace/srcdir/usr/share/julia/stdlib/v1.3/Pkg/src/API.jl:232 [inlined]
 [10] #test#59(::Base.Iterators.Pairs{Union{},Union{},Tuple{},NamedTuple{(),Tuple{}}}, ::typeof(Pkg.API.test), ::String) at /workspace/srcdir/usr/share/julia/stdlib/v1.3/Pkg/src/API.jl:231
 [11] test(::String) at /workspace/srcdir/usr/share/julia/stdlib/v1.3/Pkg/src/API.jl:231
 [12] top-level scope at none:12
