Julia Version 1.6.0-DEV.1276
Commit 2655a3ad5d (2020-10-18 19:49 UTC)
Platform Info:
  OS: Linux (x86_64-pc-linux-gnu)
  CPU: AMD EPYC 7502 32-Core Processor
  WORD_SIZE: 64
  LIBM: libopenlibm
  LLVM: libLLVM-11.0.0 (ORCJIT, znver2)
Environment:
  JULIA_DEPOT_PATH = ::/usr/local/share/julia
  JULIA_NUM_THREADS = 2
  JULIA_MAX_NUM_PRECOMPILE_FILES = 9223372036854775807

   Resolving package versions...
   Installed Missings â”€â”€â”€â”€â”€â”€â”€â”€â”€â”€â”€ v0.4.4
   Installed SortingAlgorithms â”€â”€ v0.3.1
   Installed DataAPI â”€â”€â”€â”€â”€â”€â”€â”€â”€â”€â”€â”€ v1.3.0
   Installed Compat â”€â”€â”€â”€â”€â”€â”€â”€â”€â”€â”€â”€â”€ v3.20.0
   Installed OrderedCollections â”€ v1.3.1
   Installed Dagger â”€â”€â”€â”€â”€â”€â”€â”€â”€â”€â”€â”€â”€ v0.10.0
   Installed StatsBase â”€â”€â”€â”€â”€â”€â”€â”€â”€â”€ v0.33.2
   Installed DataStructures â”€â”€â”€â”€â”€ v0.18.7
   Installed MemPool â”€â”€â”€â”€â”€â”€â”€â”€â”€â”€â”€â”€ v0.3.2
Updating `~/.julia/environments/v1.6/Project.toml`
  [d58978e5] + Dagger v0.10.0
Updating `~/.julia/environments/v1.6/Manifest.toml`
  [34da2185] + Compat v3.20.0
  [d58978e5] + Dagger v0.10.0
  [9a962f9c] + DataAPI v1.3.0
  [864edb3b] + DataStructures v0.18.7
  [f9f48841] + MemPool v0.3.2
  [e1d29d7a] + Missings v0.4.4
  [bac558e1] + OrderedCollections v1.3.1
  [a2af1166] + SortingAlgorithms v0.3.1
  [2913bbd2] + StatsBase v0.33.2
  [0dad84c5] + ArgTools
  [56f22d72] + Artifacts
  [2a0f44e3] + Base64
  [ade2ca70] + Dates
  [8bb1440f] + DelimitedFiles
  [8ba89e20] + Distributed
  [f43a241f] + Downloads
  [b77e0a4c] + InteractiveUtils
  [b27032c2] + LibCURL
  [deac9b47] + LibCURL_jll
  [76f85450] + LibGit2
  [8f399da3] + Libdl
  [37e2e46d] + LinearAlgebra
  [56ddb016] + Logging
  [d6f4376e] + Markdown
  [a63ad114] + Mmap
  [14a3606d] + MozillaCACerts_jll
  [44cfe95a] + Pkg
  [de0858da] + Printf
  [9abbd945] + Profile
  [3fa0cd96] + REPL
  [9a3f8284] + Random
  [ea8e919c] + SHA
  [9e88b42a] + Serialization
  [1a1011a3] + SharedArrays
  [6462fe0b] + Sockets
  [2f01184e] + SparseArrays
  [10745b16] + Statistics
  [fa267f1f] + TOML
  [8dfed614] + Test
  [cf7118a7] + UUIDs
  [4ec0a83e] + Unicode
Precompiling project... (tip: to disable auto-precompilation set ENV["JULIA_PKG_PRECOMPILE_AUTO"]=0)
[90m[32m  âœ“ [39mDataAPI[39m
[90m[32m  âœ“ [39mOrderedCollections[39m
[90m[32m  âœ“ [39mCompat[39m
[90m[32m  âœ“ [39mMissings[39m
[90m[32m  âœ“ [39mDataStructures[39m
[90m[32m  âœ“ [39mMemPool[39m
[90m[32m  âœ“ [39mSortingAlgorithms[39m
[90m[32m  âœ“ [39mStatsBase[39m
[32m  âœ“ [39mDagger
9 dependencies successfully precompiled
     Testing Dagger
Status `/tmp/jl_x4clpX/Project.toml`
  [d58978e5] Dagger v0.10.0
  [f9f48841] MemPool v0.3.2
  [2913bbd2] StatsBase v0.33.2
  [8ba89e20] Distributed
  [37e2e46d] LinearAlgebra
  [9abbd945] Profile
  [9a3f8284] Random
  [9e88b42a] Serialization
  [1a1011a3] SharedArrays
  [2f01184e] SparseArrays
  [10745b16] Statistics
  [8dfed614] Test
Status `/tmp/jl_x4clpX/Manifest.toml`
  [34da2185] Compat v3.20.0
  [d58978e5] Dagger v0.10.0
  [9a962f9c] DataAPI v1.3.0
  [864edb3b] DataStructures v0.18.7
  [f9f48841] MemPool v0.3.2
  [e1d29d7a] Missings v0.4.4
  [bac558e1] OrderedCollections v1.3.1
  [a2af1166] SortingAlgorithms v0.3.1
  [2913bbd2] StatsBase v0.33.2
  [0dad84c5] ArgTools
  [56f22d72] Artifacts
  [2a0f44e3] Base64
  [ade2ca70] Dates
  [8bb1440f] DelimitedFiles
  [8ba89e20] Distributed
  [f43a241f] Downloads
  [b77e0a4c] InteractiveUtils
  [b27032c2] LibCURL
  [deac9b47] LibCURL_jll
  [76f85450] LibGit2
  [8f399da3] Libdl
  [37e2e46d] LinearAlgebra
  [56ddb016] Logging
  [d6f4376e] Markdown
  [a63ad114] Mmap
  [14a3606d] MozillaCACerts_jll
  [44cfe95a] Pkg
  [de0858da] Printf
  [9abbd945] Profile
  [3fa0cd96] REPL
  [9a3f8284] Random
  [ea8e919c] SHA
  [9e88b42a] Serialization
  [1a1011a3] SharedArrays
  [6462fe0b] Sockets
  [2f01184e] SparseArrays
  [10745b16] Statistics
  [fa267f1f] TOML
  [8dfed614] Test
  [cf7118a7] UUIDs
  [4ec0a83e] Unicode
     Testing Running tests...
Test Summary: | Pass  Total
UnitDomain    |    1      1
Test Summary: | Pass  Total
ArrayDomain   |   13     13
Test Summary: | Pass  Total
treereduce_nd |    2      2
Test Summary:      | Pass  Total
DArray constructor |    1      1
Test Summary: | Pass  Total
rand          |   19     19
Test Summary:  | Pass  Total
sum(ones(...)) |    1      1
Test Summary:         | Pass  Total
distributing an array |    2      2
Test Summary: | Pass  Total
transpose     |   16     16
error in running finalizer: ErrorException("task switch not allowed from inside gc finalizer")
error in running finalizer: ErrorException("task switch not allowed from inside gc finalizer")
Test Summary:          | Pass  Total
matrix-matrix multiply |    8      8
Test Summary: | Pass  Total
concat        |    4      4
Test Summary: | Pass  Total
scale         |    1      1
error in running finalizer: ErrorException("task switch not allowed from inside gc finalizer")
Test Summary: | Pass  Total
Getindex      |  118    118
Test Summary: | Pass  Total
cleanup       |    1      1
Test Summary: | Pass  Total
reducedim     |    4      4
Test Summary: | Pass  Total
setindex      |    2      2
      From worker 3:	error in running finalizer: ErrorException("concurrency violation detected")
      From worker 2:	error in running finalizer: ErrorException("concurrency violation detected")
      From worker 2:	error in running finalizer: ErrorException("concurrency violation detected")
      From worker 2:	error in running finalizer: ErrorException("task switch not allowed from inside gc finalizer")
      From worker 3:	error in running finalizer: ErrorException("task switch not allowed from inside gc finalizer")
      From worker 3:	error in running finalizer: ErrorException("task switch not allowed from inside gc finalizer")
Test Summary: | Pass  Total
sort          |    6      6
Test Summary: | Pass  Total
affinity      |    6      6
Test Summary: | Pass  Total
show_plan     |    1      1
Test Summary: | Pass  Total
sharedarray   |    2      2
Scheduler options: threads: Error During Test at /home/pkgeval/.julia/packages/Dagger/rDbfk/test/scheduler.jl:42
  Test threw exception
  Expression: collect(Context(), c; options = options) == 1
  On worker 3:
  TaskFailedException
  Stacktrace:
   [1] wait
     @ ./task.jl:306 [inlined]
   [2] fetch
     @ ./task.jl:321 [inlined]
   [3] execute!
     @ ~/.julia/packages/Dagger/rDbfk/src/processor.jl:225
   [4] do_task
     @ ~/.julia/packages/Dagger/rDbfk/src/scheduler.jl:353
   [5] #106
     @ /buildworker/worker/package_linux64/build/usr/share/julia/stdlib/v1.6/Distributed/src/process_messages.jl:278
   [6] run_work_thunk
     @ /buildworker/worker/package_linux64/build/usr/share/julia/stdlib/v1.6/Distributed/src/process_messages.jl:63
   [7] macro expansion
     @ /buildworker/worker/package_linux64/build/usr/share/julia/stdlib/v1.6/Distributed/src/process_messages.jl:278 [inlined]
   [8] #105
     @ ./task.jl:395
  
      nested task error: 
  Stacktrace:
   [1] compute_dag(ctx::Context, d::Thunk; options::SchedulerOptions)
     @ Dagger.Sch ~/.julia/packages/Dagger/rDbfk/src/scheduler.jl:137
   [2] compute(ctx::Context, d::Thunk; options::SchedulerOptions)
     @ Dagger ~/.julia/packages/Dagger/rDbfk/src/compute.jl:32
   [3] collect(ctx::Context, t::Thunk; options::SchedulerOptions)
     @ Dagger ~/.julia/packages/Dagger/rDbfk/src/compute.jl:8
   [4] top-level scope
     @ ~/.julia/packages/Dagger/rDbfk/test/scheduler.jl:42
   [5] top-level scope
     @ /buildworker/worker/package_linux64/build/usr/share/julia/stdlib/v1.6/Test/src/Test.jl:1144
   [6] top-level scope
     @ ~/.julia/packages/Dagger/rDbfk/test/scheduler.jl:37
   [7] top-level scope
     @ /buildworker/worker/package_linux64/build/usr/share/julia/stdlib/v1.6/Test/src/Test.jl:1144
   [8] top-level scope
     @ ~/.julia/packages/Dagger/rDbfk/test/scheduler.jl:18
Thunk options: threads: Error During Test at /home/pkgeval/.julia/packages/Dagger/rDbfk/test/scheduler.jl:48
  Test threw exception
  Expression: collect(Context(), a) == 1
  On worker 2:
  TaskFailedException
  Stacktrace:
   [1] wait
     @ ./task.jl:306 [inlined]
   [2] fetch
     @ ./task.jl:321 [inlined]
   [3] execute!
     @ ~/.julia/packages/Dagger/rDbfk/src/processor.jl:225
   [4] do_task
     @ ~/.julia/packages/Dagger/rDbfk/src/scheduler.jl:353
   [5] #106
     @ /buildworker/worker/package_linux64/build/usr/share/julia/stdlib/v1.6/Distributed/src/process_messages.jl:278
   [6] run_work_thunk
     @ /buildworker/worker/package_linux64/build/usr/share/julia/stdlib/v1.6/Distributed/src/process_messages.jl:63
   [7] macro expansion
     @ /buildworker/worker/package_linux64/build/usr/share/julia/stdlib/v1.6/Distributed/src/process_messages.jl:278 [inlined]
   [8] #105
     @ ./task.jl:395
  
      nested task error: 
  Stacktrace:
   [1] compute_dag(ctx::Context, d::Thunk; options::Nothing)
     @ Dagger.Sch ~/.julia/packages/Dagger/rDbfk/src/scheduler.jl:137
   [2] compute(ctx::Context, d::Thunk; options::Nothing)
     @ Dagger ~/.julia/packages/Dagger/rDbfk/src/compute.jl:32
   [3] collect(ctx::Context, t::Thunk; options::Nothing)
     @ Dagger ~/.julia/packages/Dagger/rDbfk/src/compute.jl:8
   [4] collect(ctx::Context, t::Thunk)
     @ Dagger ~/.julia/packages/Dagger/rDbfk/src/compute.jl:8
   [5] top-level scope
     @ ~/.julia/packages/Dagger/rDbfk/test/scheduler.jl:48
   [6] top-level scope
     @ /buildworker/worker/package_linux64/build/usr/share/julia/stdlib/v1.6/Test/src/Test.jl:1144
   [7] top-level scope
     @ ~/.julia/packages/Dagger/rDbfk/test/scheduler.jl:45
   [8] top-level scope
     @ /buildworker/worker/package_linux64/build/usr/share/julia/stdlib/v1.6/Test/src/Test.jl:1144
   [9] top-level scope
     @ ~/.julia/packages/Dagger/rDbfk/test/scheduler.jl:18
Add new workers: Error During Test at /home/pkgeval/.julia/packages/Dagger/rDbfk/test/scheduler.jl:92
  Test threw exception
  Expression: (fetch(job) |> unique) |> sort == ps1
  TaskFailedException
  Stacktrace:
   [1] wait
     @ ./task.jl:306 [inlined]
   [2] fetch(t::Task)
     @ Base ./task.jl:321
   [3] top-level scope
     @ ~/.julia/packages/Dagger/rDbfk/test/scheduler.jl:92
   [4] top-level scope
     @ /buildworker/worker/package_linux64/build/usr/share/julia/stdlib/v1.6/Test/src/Test.jl:1144
   [5] top-level scope
     @ ~/.julia/packages/Dagger/rDbfk/test/scheduler.jl:70
   [6] top-level scope
     @ /buildworker/worker/package_linux64/build/usr/share/julia/stdlib/v1.6/Test/src/Test.jl:1144
   [7] top-level scope
     @ ~/.julia/packages/Dagger/rDbfk/test/scheduler.jl:18
  
      nested task error: On worker 5:
      TaskFailedException
      Stacktrace:
       [1] wait
         @ ./task.jl:306 [inlined]
       [2] fetch
         @ ./task.jl:321 [inlined]
       [3] execute!
         @ ~/.julia/packages/Dagger/rDbfk/src/processor.jl:225
       [4] do_task
         @ ~/.julia/packages/Dagger/rDbfk/src/scheduler.jl:353
       [5] #106
         @ /buildworker/worker/package_linux64/build/usr/share/julia/stdlib/v1.6/Distributed/src/process_messages.jl:278
       [6] run_work_thunk
         @ /buildworker/worker/package_linux64/build/usr/share/julia/stdlib/v1.6/Distributed/src/process_messages.jl:63
       [7] macro expansion
         @ /buildworker/worker/package_linux64/build/usr/share/julia/stdlib/v1.6/Distributed/src/process_messages.jl:278 [inlined]
       [8] #105
         @ ./task.jl:395
      
          nested task error: 
      Stacktrace:
       [1] compute_dag(ctx::Context, d::Thunk; options::Nothing)
         @ Dagger.Sch ~/.julia/packages/Dagger/rDbfk/src/scheduler.jl:137
       [2] compute(ctx::Context, d::Thunk; options::Nothing)
         @ Dagger ~/.julia/packages/Dagger/rDbfk/src/compute.jl:32
       [3] collect(ctx::Context, t::Thunk; options::Nothing)
         @ Dagger ~/.julia/packages/Dagger/rDbfk/src/compute.jl:8
       [4] collect
         @ ~/.julia/packages/Dagger/rDbfk/src/compute.jl:8 [inlined]
       [5] (::var"#24#25"{Thunk, Vector{Int64}})()
         @ Main ./task.jl:395
Test Summary:                      | Pass  Error  Total
Scheduler                          |    8      3     11
  Scheduler options: single worker |    1             1
  Thunk options: single worker     |    1             1
  Scheduler options: threads       |           1      1
  Thunk options: threads           |           1      1
  Thunk options: proctypes         |    6             6
  Add new workers                  |           1      1
ERROR: LoadError: LoadError: Some tests did not pass: 8 passed, 0 failed, 3 errored, 0 broken.
in expression starting at /home/pkgeval/.julia/packages/Dagger/rDbfk/test/scheduler.jl:17
in expression starting at /home/pkgeval/.julia/packages/Dagger/rDbfk/test/runtests.jl:11
      From worker 3:	error in running finalizer: AssertionError(msg="poolunref called before any poolref")
      From worker 3:	error in running finalizer: AssertionError(msg="poolunref called before any poolref")
      From worker 3:	double free or corruption (fasttop)
      From worker 3:	
      From worker 3:	signal (6): Aborted
      From worker 3:	in expression starting at none:0
      From worker 3:	gsignal at /lib/x86_64-linux-gnu/libc.so.6 (unknown line)
      From worker 3:	abort at /lib/x86_64-linux-gnu/libc.so.6 (unknown line)
      From worker 3:	unknown function (ip: 0x7f466e7983ed)
      From worker 3:	unknown function (ip: 0x7f466e7a047b)
      From worker 3:	unknown function (ip: 0x7f466e7a1de4)
      From worker 3:	jl_gc_counted_free_with_size at /buildworker/worker/package_linux64/build/src/gc.c:3324
      From worker 3:	run_finalizer at /buildworker/worker/package_linux64/build/src/gc.c:269
      From worker 3:	jl_gc_run_finalizers_in_list at /buildworker/worker/package_linux64/build/src/gc.c:362
      From worker 3:	run_finalizers at /buildworker/worker/package_linux64/build/src/gc.c:390 [inlined]
      From worker 3:	jl_gc_run_all_finalizers at /buildworker/worker/package_linux64/build/src/gc.c:427
      From worker 3:	jl_atexit_hook at /buildworker/worker/package_linux64/build/src/init.c:237
      From worker 3:	jl_exit at /buildworker/worker/package_linux64/build/src/jl_uv.c:632
      From worker 3:	
      From worker 3:	signal (11): Segmentation fault
      From worker 3:	in expression starting at none:0
      From worker 3:	jl_lookup_generic_ at /buildworker/worker/package_linux64/build/src/gf.c:2301 [inlined]
      From worker 3:	jl_apply_generic at /buildworker/worker/package_linux64/build/src/gf.c:2369
      From worker 3:	jl_apply at /buildworker/worker/package_linux64/build/src/julia.h:1690 [inlined]
      From worker 3:	run_finalizer at /buildworker/worker/package_linux64/build/src/gc.c:276
      From worker 3:	jl_gc_run_finalizers_in_list at /buildworker/worker/package_linux64/build/src/gc.c:364
      From worker 3:	run_finalizers at /buildworker/worker/package_linux64/build/src/gc.c:390
      From worker 3:	jl_gc_enable_finalizers at /buildworker/worker/package_linux64/build/src/gc.c:401
      From worker 3:	jl_mutex_unlock at /buildworker/worker/package_linux64/build/src/locks.h:137 [inlined]
      From worker 3:	jl_iolock_end at /buildworker/worker/package_linux64/build/src/jl_uv.c:81
      From worker 3:	iolock_end at ./libuv.jl:49 [inlined]
      From worker 3:	unsafe_write at ./stream.jl:1055
      From worker 3:	unsafe_write at ./io.jl:646 [inlined]
      From worker 3:	unsafe_write at ./io.jl:644
      From worker 3:	write at ./io.jl:647 [inlined]
      From worker 3:	write at ./io.jl:650 [inlined]
      From worker 3:	write at ./io.jl:637 [inlined]
      From worker 3:	serialize_hdr_raw at /buildworker/worker/package_linux64/build/usr/share/julia/stdlib/v1.6/Distributed/src/messages.jl:155
      From worker 3:	unknown function (ip: 0x7f46303e61a5)
      From worker 3:	_jl_invoke at /buildworker/worker/package_linux64/build/src/gf.c:2191 [inlined]
      From worker 3:	jl_apply_generic at /buildworker/worker/package_linux64/build/src/gf.c:2373
      From worker 3:	send_msg_ at /buildworker/worker/package_linux64/build/usr/share/julia/stdlib/v1.6/Distributed/src/messages.jl:172
      From worker 3:	send_msg at /buildworker/worker/package_linux64/build/usr/share/julia/stdlib/v1.6/Distributed/src/messages.jl:122 [inlined]
      From worker 3:	#remotecall#140 at /buildworker/worker/package_linux64/build/usr/share/julia/stdlib/v1.6/Distributed/src/remotecall.jl:365 [inlined]
      From worker 3:	remotecall at /buildworker/worker/package_linux64/build/usr/share/julia/stdlib/v1.6/Distributed/src/remotecall.jl:364
      From worker 3:	_jl_invoke at /buildworker/worker/package_linux64/build/src/gf.c:2191 [inlined]
      From worker 3:	jl_apply_generic at /buildworker/worker/package_linux64/build/src/gf.c:2373
      From worker 3:	#remotecall#141 at /buildworker/worker/package_linux64/build/usr/share/julia/stdlib/v1.6/Distributed/src/remotecall.jl:376
      From worker 3:	remotecall at /buildworker/worker/package_linux64/build/usr/share/julia/stdlib/v1.6/Distributed/src/remotecall.jl:376 [inlined]
      From worker 3:	#26 at ./threadingconstructs.jl:169
      From worker 3:	unknown function (ip: 0x7f463045828c)
      From worker 3:	_jl_invoke at /buildworker/worker/package_linux64/build/src/gf.c:2191 [inlined]
      From worker 3:	jl_apply_generic at /buildworker/worker/package_linux64/build/src/gf.c:2373
      From worker 3:	jl_apply at /buildworker/worker/package_linux64/build/src/julia.h:1690 [inlined]
      From worker 3:	start_task at /buildworker/worker/package_linux64/build/src/task.c:821
      From worker 3:	unknown function (ip: (nil))
      From worker 3:	Allocations: 61507277 (Pool: 61487426; Big: 19851); GC: 77
ERROR: Package Dagger errored during testing
Stacktrace:
  [1] pkgerror(msg::String)
    @ Pkg.Types /buildworker/worker/package_linux64/build/usr/share/julia/stdlib/v1.6/Pkg/src/Types.jl:52
  [2] test(ctx::Pkg.Types.Context, pkgs::Vector{Pkg.Types.PackageSpec}; coverage::Bool, julia_args::Cmd, test_args::Cmd, test_fn::Nothing)
    @ Pkg.Operations /buildworker/worker/package_linux64/build/usr/share/julia/stdlib/v1.6/Pkg/src/Operations.jl:1667
  [3] test(ctx::Pkg.Types.Context, pkgs::Vector{Pkg.Types.PackageSpec}; coverage::Bool, test_fn::Nothing, julia_args::Cmd, test_args::Cmd, kwargs::Base.Iterators.Pairs{Union{}, Union{}, Tuple{}, NamedTuple{(), Tuple{}}})
    @ Pkg.API /buildworker/worker/package_linux64/build/usr/share/julia/stdlib/v1.6/Pkg/src/API.jl:333
  [4] test(ctx::Pkg.Types.Context, pkgs::Vector{Pkg.Types.PackageSpec})
    @ Pkg.API /buildworker/worker/package_linux64/build/usr/share/julia/stdlib/v1.6/Pkg/src/API.jl:320
  [5] #test#62
    @ /buildworker/worker/package_linux64/build/usr/share/julia/stdlib/v1.6/Pkg/src/API.jl:70 [inlined]
  [6] test
    @ /buildworker/worker/package_linux64/build/usr/share/julia/stdlib/v1.6/Pkg/src/API.jl:69 [inlined]
  [7] #test#61
    @ /buildworker/worker/package_linux64/build/usr/share/julia/stdlib/v1.6/Pkg/src/API.jl:67 [inlined]
  [8] test
    @ /buildworker/worker/package_linux64/build/usr/share/julia/stdlib/v1.6/Pkg/src/API.jl:67 [inlined]
  [9] test(pkg::String; kwargs::Base.Iterators.Pairs{Union{}, Union{}, Tuple{}, NamedTuple{(), Tuple{}}})
    @ Pkg.API /buildworker/worker/package_linux64/build/usr/share/julia/stdlib/v1.6/Pkg/src/API.jl:66
 [10] test(pkg::String)
    @ Pkg.API /buildworker/worker/package_linux64/build/usr/share/julia/stdlib/v1.6/Pkg/src/API.jl:66
 [11] top-level scope
    @ none:31
