Julia Version 1.5.0-DEV.399
Commit 780bbe6c2d (2020-03-04 16:59 UTC)
Platform Info:
  OS: Linux (x86_64-pc-linux-gnu)
  CPU: Intel(R) Xeon(R) Silver 4114 CPU @ 2.20GHz
  WORD_SIZE: 64
  LIBM: libopenlibm
  LLVM: libLLVM-9.0.1 (ORCJIT, skylake)
Environment:
  JULIA_DEPOT_PATH = ::/usr/local/share/julia
  JULIA_NUM_THREADS = 2

  Resolving package versions...
  Installed Reexport ─────────── v0.2.0
  Installed FixedPointNumbers ── v0.6.1
  Installed TupleTools ───────── v1.2.0
  Installed OrderedCollections ─ v1.1.0
  Installed NiLangCore ───────── v0.4.2
  Installed DataStructures ───── v0.17.10
  Installed NiLang ───────────── v0.1.4
  Installed MLStyle ──────────── v0.3.1
   Updating `~/.julia/environments/v1.5/Project.toml`
   ab4ef3a6 + NiLang v0.1.4
   Updating `~/.julia/environments/v1.5/Manifest.toml`
   864edb3b + DataStructures v0.17.10
   53c48c17 + FixedPointNumbers v0.6.1
   d8e11817 + MLStyle v0.3.1
   ab4ef3a6 + NiLang v0.1.4
   575d3204 + NiLangCore v0.4.2
   bac558e1 + OrderedCollections v1.1.0
   189a3867 + Reexport v0.2.0
   9d95972d + TupleTools v1.2.0
   2a0f44e3 + Base64
   ade2ca70 + Dates
   8ba89e20 + Distributed
   b77e0a4c + InteractiveUtils
   76f85450 + LibGit2
   8f399da3 + Libdl
   56ddb016 + Logging
   d6f4376e + Markdown
   44cfe95a + Pkg
   de0858da + Printf
   3fa0cd96 + REPL
   9a3f8284 + Random
   ea8e919c + SHA
   9e88b42a + Serialization
   6462fe0b + Sockets
   8dfed614 + Test
   cf7118a7 + UUIDs
   4ec0a83e + Unicode
    Testing NiLang
     Status `/tmp/jl_Yw2WfS/Project.toml`
   53c48c17 FixedPointNumbers v0.6.1
   d8e11817 MLStyle v0.3.1
   ab4ef3a6 NiLang v0.1.4
   575d3204 NiLangCore v0.4.2
   189a3867 Reexport v0.2.0
   6aa20fa7 TensorOperations v2.1.4
   9d95972d TupleTools v1.2.0
   37e2e46d LinearAlgebra
   9a3f8284 Random
   8dfed614 Test
     Status `/tmp/jl_Yw2WfS/Manifest.toml`
   621f4979 AbstractFFTs v0.5.0
   79e6a3ab Adapt v1.0.1
   b99e7846 BinaryProvider v0.5.8
   fa961155 CEnum v0.2.0
   3895d2a7 CUDAapi v3.1.0
   c5f51814 CUDAdrv v6.0.0
   be33ccc6 CUDAnative v2.10.2
   3a865a2d CuArrays v1.7.3
   864edb3b DataStructures v0.17.10
   53c48c17 FixedPointNumbers v0.6.1
   0c68f7d7 GPUArrays v2.0.1
   929cbde3 LLVM v1.3.4
   8ac3fa9e LRUCache v1.1.0
   d8e11817 MLStyle v0.3.1
   1914dd2f MacroTools v0.5.4
   872c559c NNlib v0.6.6
   ab4ef3a6 NiLang v0.1.4
   575d3204 NiLangCore v0.4.2
   bac558e1 OrderedCollections v1.1.0
   189a3867 Reexport v0.2.0
   ae029012 Requires v1.0.1
   5e0ebb24 Strided v0.3.3
   6aa20fa7 TensorOperations v2.1.4
   a759f4b9 TimerOutputs v0.5.3
   9d95972d TupleTools v1.2.0
   2a0f44e3 Base64
   ade2ca70 Dates
   8ba89e20 Distributed
   b77e0a4c InteractiveUtils
   76f85450 LibGit2
   8f399da3 Libdl
   37e2e46d LinearAlgebra
   56ddb016 Logging
   d6f4376e Markdown
   44cfe95a Pkg
   de0858da Printf
   3fa0cd96 REPL
   9a3f8284 Random
   ea8e919c SHA
   9e88b42a Serialization
   6462fe0b Sockets
   2f01184e SparseArrays
   10745b16 Statistics
   8dfed614 Test
   cf7118a7 UUIDs
   4ec0a83e Unicode
Test Summary: | Pass  Total
instructs.jl  |   28     28
Test Summary: | Pass  Total
autobcast.jl  |   17     17
instr: Error During Test at /home/pkgeval/.julia/packages/NiLang/avaCU/test/autodiff/gradfunc.jl:19
  Test threw exception
  Expression: check_inv(add', (Loss(3.0), 4.0); verbose = true, atol = 1.0e-5)
  AssertionError: count((x->begin
                  #= /home/pkgeval/.julia/packages/NiLang/avaCU/src/autodiff/gradfunc.jl:25 =#
                  x isa Loss
              end), args) == 1
  Stacktrace:
   [1] (::NGrad{1,PlusEq{typeof(identity)}})(::GVar{Float64,Float64}, ::Vararg{GVar{Float64,Float64},N} where N; kwargs::Base.Iterators.Pairs{Union{},Union{},Tuple{},NamedTuple{(),Tuple{}}}) at /home/pkgeval/.julia/packages/NiLang/avaCU/src/autodiff/gradfunc.jl:25
   [2] (::NGrad{1,PlusEq{typeof(identity)}})(::GVar{Float64,Float64}, ::Vararg{GVar{Float64,Float64},N} where N) at /home/pkgeval/.julia/packages/NiLang/avaCU/src/autodiff/gradfunc.jl:25
   [3] #_#13 at /home/pkgeval/.julia/packages/NiLang/avaCU/src/autodiff/gradfunc.jl:41 [inlined]
   [4] (::Inv{NGrad{1,PlusEq{typeof(identity)}}})(::Loss{GVar{Float64,Float64}}, ::Vararg{Any,N} where N; kwargs::Base.Iterators.Pairs{Union{},Union{},Tuple{},NamedTuple{(),Tuple{}}}) at ./none:0
   [5] (::Inv{NGrad{1,PlusEq{typeof(identity)}}})(::Loss{GVar{Float64,Float64}}, ::Vararg{Any,N} where N) at ./none:0
   [6] check_inv(::Function, ::Tuple{Loss{Float64},Float64}; kwargs::Tuple{}, atol::Float64, verbose::Bool) at /home/pkgeval/.julia/packages/NiLangCore/ZA46k/src/checks.jl:21
   [7] top-level scope at /home/pkgeval/.julia/packages/NiLang/avaCU/test/autodiff/gradfunc.jl:19
   [8] top-level scope at /buildworker/worker/package_linux64/build/usr/share/julia/stdlib/v1.5/Test/src/Test.jl:1114
   [9] top-level scope at /home/pkgeval/.julia/packages/NiLang/avaCU/test/autodiff/gradfunc.jl:14
  
ngs = [0.9999999999621422, 2.4999999999941735, -2.0000000000131024]
gs = (1.0, 2.5, -2.0)
ngs = [1.0000000000065512, 1.0000000000065512]
gs = (1.0, 1.0)
ngs = [0.9999999999621422, 2.0000000000131024, 2.0000000000131024]
gs = (1.0, 2.0, 2.0)
ngs = Real[0.9999999999621422, 3.9999999999373865, 0]
gs = (1.0, 4.0, 0)
ngs = [0.9999999999621422, 3.9999999999373865, 2.7725887222551644]
gs = (1.0, 4.0, 2.772588722239781)
ngs = [1.0000000000065512, -0.9999999999621422]
gs = (1.0, -1.0)
ngs = [0.9999999999621422, 7.389056099071921]
gs = (1.0, 7.38905609893065)
ngs = [1.0000000000065512, 0.5000000000032756]
gs = (1.0, 0.5)
ngs = [1.0000000000065512, -0.4161468365460052]
gs = (1.0, -0.4161468365471424)
ngs = [1.0000000000065512, -0.9092974268321007]
gs = (1.0, -0.9092974268256817)
ngs = [1.0000000000065512, 0.5000000000032756, -0.4999999999810711]
gs = (1.0, 0.5, -0.5)
ngs = [0.9999999999843466, -1.0000000000065512]
gs = (1.0, -1.0)
ngs = [1.0000000000065512, -2.0000000000131024, -2.0000000000131024]
gs = (1.0, -2.0, -2.0)
ngs = Real[1.0000000000065512, -3.9999999999817955, 0]
gs = (1.0, -4.0, 0)
ngs = [1.0000000000065512, -3.9999999999817955, -2.7725887222551644]
gs = (1.0, -4.0, -2.772588722239781)
ngs = [0.9999999999843466, 0.9999999999843466]
gs = (1.0, 1.0)
ngs = [0.9999999999621422, -7.389056098983104]
gs = (1.0, -7.38905609893065)
ngs = [0.9999999999954489, -0.5000000000032756]
gs = (1.0, -0.5)
ngs = [0.9999999999954489, 0.4161468365460052]
gs = (1.0, 0.4161468365471424)
ngs = [0.9999999999843466, 0.9092974268209985]
gs = (1.0, 0.9092974268256817)
ngs = [0.9999999999954489, -0.5000000000032756, 0.5000000000143778]
gs = (1.0, -0.5, 0.5)
ngs = [-0.9999999999954489]
gs = (-1.0,)
ngs = Real[2.0000000000131024, 0]
gs = (2.0, 0)
ngs = Real[0.5000000000032756, 0]
gs = (0.5, 0)
ngs = [-0.4161468365460052, -0.9092974268209985, -0.07700375372898804]
gs = (-0.4161468365471424, -0.9092974268256817, -0.07700375373139678)
ngs = [0.9092974268209985, -0.41614683656820967, -2.2347416902324113]
gs = (0.9092974268256817, -0.4161468365471424, -2.234741690198506)
ngs = [-0.4161468365460052, 0.9092974268209985, -1.7415910999352133]
gs = (-0.4161468365471424, 0.9092974268256817, -1.7415910999199666)
ngs = [-0.9092974268209985, -0.4161468365460052, -1.4024480171404006]
gs = (-0.9092974268256817, -0.4161468365471424, -1.402448017104221)
hessian: Error During Test at /home/pkgeval/.julia/packages/NiLang/avaCU/test/autodiff/hessian_repeat.jl:4
  Got exception outside of a @test
  AssertionError: count((x->begin
                  #= /home/pkgeval/.julia/packages/NiLang/avaCU/src/autodiff/gradfunc.jl:25 =#
                  x isa Loss
              end), args) == 1
  Stacktrace:
   [1] (::NGrad{1,PlusEq{typeof(*)}})(::GVar{GVar{Float64,Float64},GVar{Float64,Float64}}, ::Vararg{GVar{GVar{Float64,Float64},GVar{Float64,Float64}},N} where N; kwargs::Base.Iterators.Pairs{Union{},Union{},Tuple{},NamedTuple{(),Tuple{}}}) at /home/pkgeval/.julia/packages/NiLang/avaCU/src/autodiff/gradfunc.jl:25
   [2] (::NGrad{1,PlusEq{typeof(*)}})(::GVar{GVar{Float64,Float64},GVar{Float64,Float64}}, ::Vararg{GVar{GVar{Float64,Float64},GVar{Float64,Float64}},N} where N) at /home/pkgeval/.julia/packages/NiLang/avaCU/src/autodiff/gradfunc.jl:25
   [3] #_#13 at /home/pkgeval/.julia/packages/NiLang/avaCU/src/autodiff/gradfunc.jl:41 [inlined]
   [4] (::Inv{NGrad{1,PlusEq{typeof(*)}}})(::Loss{GVar{GVar{Float64,Float64},GVar{Float64,Float64}}}, ::Vararg{Any,N} where N; kwargs::Base.Iterators.Pairs{Union{},Union{},Tuple{},NamedTuple{(),Tuple{}}}) at ./none:0
   [5] (::Inv{NGrad{1,PlusEq{typeof(*)}}})(::Loss{GVar{GVar{Float64,Float64},GVar{Float64,Float64}}}, ::Vararg{Any,N} where N) at ./none:0
   [6] hessian1(::Function, ::Tuple{Loss{Float64},Float64,Float64}; kwargs::Tuple{}, index::Int64) at /home/pkgeval/.julia/packages/NiLang/avaCU/src/autodiff/hessian_repeat.jl:34
   [7] hessian_repeat(::Function, ::Tuple{Loss{Float64},Float64,Float64}; kwargs::Tuple{}) at /home/pkgeval/.julia/packages/NiLang/avaCU/src/autodiff/hessian_repeat.jl:49
   [8] hessian_repeat(::Function, ::Tuple{Loss{Float64},Float64,Float64}) at /home/pkgeval/.julia/packages/NiLang/avaCU/src/autodiff/hessian_repeat.jl:45
   [9] top-level scope at /home/pkgeval/.julia/packages/NiLang/avaCU/test/autodiff/hessian_repeat.jl:5
   [10] top-level scope at /buildworker/worker/package_linux64/build/usr/share/julia/stdlib/v1.5/Test/src/Test.jl:1114
   [11] top-level scope at /home/pkgeval/.julia/packages/NiLang/avaCU/test/autodiff/hessian_repeat.jl:5
   [12] include(::String) at ./client.jl:441
   [13] top-level scope at /home/pkgeval/.julia/packages/NiLang/avaCU/test/autodiff/autodiff.jl:8
   [14] include(::String) at ./client.jl:441
   [15] top-level scope at /home/pkgeval/.julia/packages/NiLang/avaCU/test/runtests.jl:13
   [16] top-level scope at /buildworker/worker/package_linux64/build/usr/share/julia/stdlib/v1.5/Test/src/Test.jl:1114
   [17] top-level scope at /home/pkgeval/.julia/packages/NiLang/avaCU/test/runtests.jl:13
   [18] include(::String) at ./client.jl:441
   [19] top-level scope at none:6
   [20] eval(::Module, ::Any) at ./boot.jl:331
   [21] exec_options(::Base.JLOptions) at ./client.jl:264
   [22] _start() at ./client.jl:490
  
h2 = [3.145204272569923 6.554295547323007 8.461874394605218; 6.554295547478438 9.36836961411558 17.58399511850861; 8.461874395138125 17.583995118330975 23.26476839233926]
op = ⊕(*)
h1 - h2 = [0.0 0.0 0.0; 0.0 0.0 0.0; 0.0 0.0 0.0]

[0.0 0.0 0.0; 0.0 0.0 0.0; 0.0 0.0 0.0]

[0.0 0.0 0.0; 0.0 0.0 0.0; 0.0 0.0 0.0]
op = ⊕(/)
h1 - h2 = [0.0 0.0 0.0; 0.0 0.0 0.0; 0.0 0.0 0.0]

[0.0 0.0 0.0; 0.0 0.0 0.0; 0.0 0.0 0.0]

[0.0 0.0 0.0; 0.0 0.0 0.0; 0.0 0.0 0.0]
op = ⊕(^)
h1 - h2 = [0.0 0.0 0.0; 0.0 0.0 0.0; 0.0 0.0 0.0]

[0.0 0.0 0.0; 0.0 0.0 -5.551115123125783e-17; 0.0 5.551115123125783e-17 0.0]

[0.0 0.0 0.0; 0.0 0.0 0.0; 0.0 0.0 0.0]
op = NiLang.ROT
h1 - h2 = [0.0 2.220446049250313e-16 0.0; -2.220446049250313e-16 -5.551115123125783e-17 -2.220446049250313e-16; 1.1102230246251565e-16 -2.220446049250313e-16 0.0]

[5.551115123125783e-17 2.220446049250313e-16 5.551115123125783e-17; 1.1102230246251565e-16 4.440892098500626e-16 -1.1102230246251565e-16; -1.1102230246251565e-16 0.0 0.0]

[0.0 3.3306690738754696e-16 0.0; -1.1102230246251565e-16 0.0 0.0; 0.0 -3.3306690738754696e-16 -2.220446049250313e-16]
op = NiLang.IROT
h1 - h2 = [-5.551115123125783e-17 -1.1102230246251565e-16 0.0; 0.0 4.440892098500626e-16 -2.220446049250313e-16; 8.881784197001252e-16 2.220446049250313e-16 -8.881784197001252e-16]

[8.881784197001252e-16 1.1102230246251565e-16 0.0; 0.0 -2.220446049250313e-16 8.881784197001252e-16; 0.0 0.0 0.0]

[0.0 2.220446049250313e-16 -1.6653345369377348e-16; 4.440892098500626e-16 0.0 3.3306690738754696e-16; -4.163336342344337e-17 1.1102230246251565e-16 -2.220446049250313e-16]
op = ⊕(identity)
op = ⊕(abs)
op = NiLang.SWAP
op = ⊕(exp)
op = ⊕(log)
op = ⊕(sin)
op = ⊕(cos)
Test Summary:            | Pass  Error  Total
autodiff                 |  123      2    125
  gvar                   |    4             4
  assign                 |    7             7
  assign tuple           |    1             1
  assign bcast func      |    2             2
  NGrad                  |    4             4
  instr                  |    8      1      9
  i                      |    2             2
  broadcast              |    1             1
  broadcast 2            |    4             4
  function call function |    1             1
  neg sign               |    1             1
  i                      |    3             3
  check grad             |   27            27
  AD over pop            |    1             1
  hessian propagate      |   13            13
  hessian                |           1      1
  HessianData            |    7             7
  hessian                |    2             2
  hessian propagate      |   32            32
  match eltype           |    3             3
ERROR: LoadError: Some tests did not pass: 123 passed, 0 failed, 2 errored, 0 broken.
in expression starting at /home/pkgeval/.julia/packages/NiLang/avaCU/test/runtests.jl:12
ERROR: Package NiLang errored during testing
Stacktrace:
 [1] pkgerror(::String, ::Vararg{String,N} where N) at /buildworker/worker/package_linux64/build/usr/share/julia/stdlib/v1.5/Pkg/src/Types.jl:53
 [2] test(::Pkg.Types.Context, ::Array{Pkg.Types.PackageSpec,1}; coverage::Bool, julia_args::Cmd, test_args::Cmd, test_fn::Nothing) at /buildworker/worker/package_linux64/build/usr/share/julia/stdlib/v1.5/Pkg/src/Operations.jl:1523
 [3] test(::Pkg.Types.Context, ::Array{Pkg.Types.PackageSpec,1}; coverage::Bool, test_fn::Nothing, julia_args::Cmd, test_args::Cmd, kwargs::Base.Iterators.Pairs{Union{},Union{},Tuple{},NamedTuple{(),Tuple{}}}) at /buildworker/worker/package_linux64/build/usr/share/julia/stdlib/v1.5/Pkg/src/API.jl:316
 [4] test(::Pkg.Types.Context, ::Array{Pkg.Types.PackageSpec,1}) at /buildworker/worker/package_linux64/build/usr/share/julia/stdlib/v1.5/Pkg/src/API.jl:303
 [5] #test#68 at /buildworker/worker/package_linux64/build/usr/share/julia/stdlib/v1.5/Pkg/src/API.jl:297 [inlined]
 [6] test at /buildworker/worker/package_linux64/build/usr/share/julia/stdlib/v1.5/Pkg/src/API.jl:297 [inlined]
 [7] #test#67 at /buildworker/worker/package_linux64/build/usr/share/julia/stdlib/v1.5/Pkg/src/API.jl:296 [inlined]
 [8] test at /buildworker/worker/package_linux64/build/usr/share/julia/stdlib/v1.5/Pkg/src/API.jl:296 [inlined]
 [9] test(::String; kwargs::Base.Iterators.Pairs{Union{},Union{},Tuple{},NamedTuple{(),Tuple{}}}) at /buildworker/worker/package_linux64/build/usr/share/julia/stdlib/v1.5/Pkg/src/API.jl:295
 [10] test(::String) at /buildworker/worker/package_linux64/build/usr/share/julia/stdlib/v1.5/Pkg/src/API.jl:295
 [11] top-level scope at none:13
