Julia Version 1.3.0
Commit 46ce4d7933 (2019-11-26 06:09 UTC)
Platform Info:
  OS: Linux (x86_64-pc-linux-gnu)
  CPU: Intel(R) Xeon(R) Silver 4114 CPU @ 2.20GHz
  WORD_SIZE: 64
  LIBM: libopenlibm
  LLVM: libLLVM-6.0.1 (ORCJIT, skylake)

   Cloning default registries into `~/.julia`
   Cloning registry from "https://github.com/JuliaRegistries/General.git"
[?25l    Fetching: [>                                        ]  0.0 %    Fetching: [=============>                           ]  31.0 %    Fetching: [===============================>         ]  76.0 %[2K[?25h     Added registry `General` to `~/.julia/registries/General`
 Resolving package versions...
 Installed VersionParsing â”€â”€ v1.1.3
 Installed RunMyNotes â”€â”€â”€â”€â”€â”€ v0.0.1
 Installed Compat â”€â”€â”€â”€â”€â”€â”€â”€â”€â”€ v2.2.0
 Installed IJulia â”€â”€â”€â”€â”€â”€â”€â”€â”€â”€ v1.20.2
 Installed MbedTLS â”€â”€â”€â”€â”€â”€â”€â”€â”€ v0.7.0
 Installed Literate â”€â”€â”€â”€â”€â”€â”€â”€ v1.1.0
 Installed BinaryProvider â”€â”€ v0.5.8
 Installed JSON â”€â”€â”€â”€â”€â”€â”€â”€â”€â”€â”€â”€ v0.21.0
 Installed SoftGlobalScope â”€ v1.0.10
 Installed Conda â”€â”€â”€â”€â”€â”€â”€â”€â”€â”€â”€ v1.3.0
 Installed Parsers â”€â”€â”€â”€â”€â”€â”€â”€â”€ v0.3.10
 Installed ZMQ â”€â”€â”€â”€â”€â”€â”€â”€â”€â”€â”€â”€â”€ v1.0.0
  Updating `~/.julia/environments/v1.3/Project.toml`
  [8d3555be] + RunMyNotes v0.0.1
  Updating `~/.julia/environments/v1.3/Manifest.toml`
  [b99e7846] + BinaryProvider v0.5.8
  [34da2185] + Compat v2.2.0
  [8f4d0f93] + Conda v1.3.0
  [7073ff75] + IJulia v1.20.2
  [682c06a0] + JSON v0.21.0
  [98b081ad] + Literate v1.1.0
  [739be429] + MbedTLS v0.7.0
  [69de0a69] + Parsers v0.3.10
  [8d3555be] + RunMyNotes v0.0.1
  [b85f4697] + SoftGlobalScope v1.0.10
  [81def892] + VersionParsing v1.1.3
  [c2297ded] + ZMQ v1.0.0
  [2a0f44e3] + Base64 
  [ade2ca70] + Dates 
  [8bb1440f] + DelimitedFiles 
  [8ba89e20] + Distributed 
  [7b1f6079] + FileWatching 
  [b77e0a4c] + InteractiveUtils 
  [76f85450] + LibGit2 
  [8f399da3] + Libdl 
  [37e2e46d] + LinearAlgebra 
  [56ddb016] + Logging 
  [d6f4376e] + Markdown 
  [a63ad114] + Mmap 
  [44cfe95a] + Pkg 
  [de0858da] + Printf 
  [3fa0cd96] + REPL 
  [9a3f8284] + Random 
  [ea8e919c] + SHA 
  [9e88b42a] + Serialization 
  [1a1011a3] + SharedArrays 
  [6462fe0b] + Sockets 
  [2f01184e] + SparseArrays 
  [10745b16] + Statistics 
  [8dfed614] + Test 
  [cf7118a7] + UUIDs 
  [4ec0a83e] + Unicode 
  Building Conda â”€â”€â†’ `~/.julia/packages/Conda/kLXeC/deps/build.log`
  Building ZMQ â”€â”€â”€â”€â†’ `~/.julia/packages/ZMQ/ABGOx/deps/build.log`
  Building MbedTLS â†’ `~/.julia/packages/MbedTLS/a1JFn/deps/build.log`
  Building IJulia â”€â†’ `~/.julia/packages/IJulia/F1GUo/deps/build.log`
   Testing RunMyNotes
 Resolving package versions...
    Status `/tmp/jl_2iTn8S/Manifest.toml`
  [b99e7846] BinaryProvider v0.5.8
  [34da2185] Compat v2.2.0
  [8f4d0f93] Conda v1.3.0
  [7073ff75] IJulia v1.20.2
  [682c06a0] JSON v0.21.0
  [98b081ad] Literate v1.1.0
  [739be429] MbedTLS v0.7.0
  [69de0a69] Parsers v0.3.10
  [8d3555be] RunMyNotes v0.0.1
  [b85f4697] SoftGlobalScope v1.0.10
  [81def892] VersionParsing v1.1.3
  [c2297ded] ZMQ v1.0.0
  [2a0f44e3] Base64  [`@stdlib/Base64`]
  [ade2ca70] Dates  [`@stdlib/Dates`]
  [8bb1440f] DelimitedFiles  [`@stdlib/DelimitedFiles`]
  [8ba89e20] Distributed  [`@stdlib/Distributed`]
  [7b1f6079] FileWatching  [`@stdlib/FileWatching`]
  [b77e0a4c] InteractiveUtils  [`@stdlib/InteractiveUtils`]
  [76f85450] LibGit2  [`@stdlib/LibGit2`]
  [8f399da3] Libdl  [`@stdlib/Libdl`]
  [37e2e46d] LinearAlgebra  [`@stdlib/LinearAlgebra`]
  [56ddb016] Logging  [`@stdlib/Logging`]
  [d6f4376e] Markdown  [`@stdlib/Markdown`]
  [a63ad114] Mmap  [`@stdlib/Mmap`]
  [44cfe95a] Pkg  [`@stdlib/Pkg`]
  [de0858da] Printf  [`@stdlib/Printf`]
  [3fa0cd96] REPL  [`@stdlib/REPL`]
  [9a3f8284] Random  [`@stdlib/Random`]
  [ea8e919c] SHA  [`@stdlib/SHA`]
  [9e88b42a] Serialization  [`@stdlib/Serialization`]
  [1a1011a3] SharedArrays  [`@stdlib/SharedArrays`]
  [6462fe0b] Sockets  [`@stdlib/Sockets`]
  [2f01184e] SparseArrays  [`@stdlib/SparseArrays`]
  [10745b16] Statistics  [`@stdlib/Statistics`]
  [8dfed614] Test  [`@stdlib/Test`]
  [cf7118a7] UUIDs  [`@stdlib/UUIDs`]
  [4ec0a83e] Unicode  [`@stdlib/Unicode`]
[ Info: generating notebook from `~/.julia/packages/RunMyNotes/FiCF4/notes/note.jl`
[ Info: not running on Travis, skipping links will not be correct.
[ Info: executing notebook `note.ipynb`
â”Œ Error: error when executing notebook based on input file: `~/.julia/packages/RunMyNotes/FiCF4/notes/note.jl`
â”” @ Literate ~/.julia/packages/Literate/McVbf/src/Literate.jl:499
â”Œ Error: error in creating or running notebook from /home/pkgeval/.julia/packages/RunMyNotes/FiCF4/notes/note.jl 
â”‚   err =
â”‚    LoadError: ArgumentError: Package Plots not found in current path:
â”‚    - Run `import Pkg; Pkg.add("Plots")` to install the Plots package.
â”‚    
â”‚    in expression starting at string:1
â”‚    when executing the following code block
â”‚    
â”‚    ```julia
â”‚    using Plots
â”‚    # notice that Plots is mentioned in /test/REQUIRE
â”‚    plot(rand(20))
â”‚    ```
â”‚    
â”” @ RunMyNotes ~/.julia/packages/RunMyNotes/FiCF4/src/RunMyNotes.jl:49
Error During Test at /home/pkgeval/.julia/packages/RunMyNotes/FiCF4/test/runtests.jl:4
  Test threw exception
  Expression: RunMyNotes.package(RunMyNotes)
  encountered 1 errors executing & converting notebooks, details printed above
  Stacktrace:
   [1] error(::String) at ./error.jl:33
   [2] #folder#1(::Bool, ::Bool, ::Bool, ::Bool, ::Bool, ::typeof(folder), ::String, ::String) at /home/pkgeval/.julia/packages/RunMyNotes/FiCF4/src/RunMyNotes.jl:68
   [3] folder at /home/pkgeval/.julia/packages/RunMyNotes/FiCF4/src/RunMyNotes.jl:22 [inlined]
   [4] #package#4(::String, ::Base.Iterators.Pairs{Union{},Union{},Tuple{},NamedTuple{(),Tuple{}}}, ::typeof(package), ::Module, ::Nothing) at /home/pkgeval/.julia/packages/RunMyNotes/FiCF4/src/RunMyNotes.jl:87
   [5] package at /home/pkgeval/.julia/packages/RunMyNotes/FiCF4/src/RunMyNotes.jl:82 [inlined] (repeats 2 times)
   [6] top-level scope at /home/pkgeval/.julia/packages/RunMyNotes/FiCF4/test/runtests.jl:4
   [7] include at ./boot.jl:328 [inlined]
   [8] include_relative(::Module, ::String) at ./loading.jl:1105
   [9] include(::Module, ::String) at ./Base.jl:31
   [10] include(::String) at ./client.jl:424
   [11] top-level scope at none:6
   [12] eval(::Module, ::Any) at ./boot.jl:330
   [13] exec_options(::Base.JLOptions) at ./client.jl:263
   [14] _start() at ./client.jl:460
  
ERROR: LoadError: There was an error during testing
in expression starting at /home/pkgeval/.julia/packages/RunMyNotes/FiCF4/test/runtests.jl:4
ERROR: Package RunMyNotes errored during testing
Stacktrace:
 [1] pkgerror(::String, ::Vararg{String,N} where N) at /buildworker/worker/package_linux64/build/usr/share/julia/stdlib/v1.3/Pkg/src/Types.jl:113
 [2] #test#131(::Bool, ::Nothing, ::Cmd, ::Cmd, ::typeof(Pkg.Operations.test), ::Pkg.Types.Context, ::Array{Pkg.Types.PackageSpec,1}) at /buildworker/worker/package_linux64/build/usr/share/julia/stdlib/v1.3/Pkg/src/Operations.jl:1370
 [3] #test at ./none:0 [inlined]
 [4] #test#62(::Bool, ::Nothing, ::Cmd, ::Cmd, ::Base.Iterators.Pairs{Union{},Union{},Tuple{},NamedTuple{(),Tuple{}}}, ::typeof(Pkg.API.test), ::Pkg.Types.Context, ::Array{Pkg.Types.PackageSpec,1}) at /buildworker/worker/package_linux64/build/usr/share/julia/stdlib/v1.3/Pkg/src/API.jl:253
 [5] test(::Pkg.Types.Context, ::Array{Pkg.Types.PackageSpec,1}) at /buildworker/worker/package_linux64/build/usr/share/julia/stdlib/v1.3/Pkg/src/API.jl:239
 [6] #test#61 at /buildworker/worker/package_linux64/build/usr/share/julia/stdlib/v1.3/Pkg/src/API.jl:233 [inlined]
 [7] test at /buildworker/worker/package_linux64/build/usr/share/julia/stdlib/v1.3/Pkg/src/API.jl:233 [inlined]
 [8] #test#60 at /buildworker/worker/package_linux64/build/usr/share/julia/stdlib/v1.3/Pkg/src/API.jl:232 [inlined]
 [9] test at /buildworker/worker/package_linux64/build/usr/share/julia/stdlib/v1.3/Pkg/src/API.jl:232 [inlined]
 [10] #test#59(::Base.Iterators.Pairs{Union{},Union{},Tuple{},NamedTuple{(),Tuple{}}}, ::typeof(Pkg.API.test), ::String) at /buildworker/worker/package_linux64/build/usr/share/julia/stdlib/v1.3/Pkg/src/API.jl:231
 [11] test(::String) at /buildworker/worker/package_linux64/build/usr/share/julia/stdlib/v1.3/Pkg/src/API.jl:231
 [12] top-level scope at none:12
