Julia Version 1.4.0-DEV.535
Commit 9babbf5dc6 (2019-11-30 20:29 UTC)
Platform Info:
  OS: Linux (x86_64-pc-linux-gnu)
  CPU: Intel(R) Xeon(R) Silver 4114 CPU @ 2.20GHz
  WORD_SIZE: 64
  LIBM: libopenlibm
  LLVM: libLLVM-8.0.1 (ORCJIT, skylake)

   Cloning default registries into `~/.julia`
   Cloning registry from "https://github.com/JuliaRegistries/General.git"
[?25l    Fetching: [>                                        ]  0.0 %    Fetching: [==========>                              ]  22.6 %    Fetching: [========================>                ]  59.3 %[2K[?25h     Added registry `General` to `~/.julia/registries/General`
 Resolving package versions...
 Installed URIParser â”€â”€â”€â”€â”€â”€â”€â”€â”€â”€â”€â”€â”€â”€â”€â”€â”€â”€â”€ v0.4.0
 Installed LaTeXStrings â”€â”€â”€â”€â”€â”€â”€â”€â”€â”€â”€â”€â”€â”€â”€â”€ v1.0.3
 Installed Compat â”€â”€â”€â”€â”€â”€â”€â”€â”€â”€â”€â”€â”€â”€â”€â”€â”€â”€â”€â”€â”€â”€ v2.2.0
 Installed TextWrap â”€â”€â”€â”€â”€â”€â”€â”€â”€â”€â”€â”€â”€â”€â”€â”€â”€â”€â”€â”€ v0.3.0
 Installed MbedTLS â”€â”€â”€â”€â”€â”€â”€â”€â”€â”€â”€â”€â”€â”€â”€â”€â”€â”€â”€â”€â”€ v0.7.0
 Installed PlotlyBase â”€â”€â”€â”€â”€â”€â”€â”€â”€â”€â”€â”€â”€â”€â”€â”€â”€â”€ v0.3.0
 Installed VariantVisualization â”€â”€â”€â”€â”€â”€â”€â”€ v0.4.0
 Installed PlotlyJS â”€â”€â”€â”€â”€â”€â”€â”€â”€â”€â”€â”€â”€â”€â”€â”€â”€â”€â”€â”€ v0.13.0
 Installed IteratorInterfaceExtensions â”€ v1.0.0
 Installed AssetRegistry â”€â”€â”€â”€â”€â”€â”€â”€â”€â”€â”€â”€â”€â”€â”€ v0.1.0
 Installed Conda â”€â”€â”€â”€â”€â”€â”€â”€â”€â”€â”€â”€â”€â”€â”€â”€â”€â”€â”€â”€â”€â”€â”€ v1.3.0
 Installed Missings â”€â”€â”€â”€â”€â”€â”€â”€â”€â”€â”€â”€â”€â”€â”€â”€â”€â”€â”€â”€ v0.4.3
 Installed DocStringExtensions â”€â”€â”€â”€â”€â”€â”€â”€â”€ v0.8.1
 Installed JSExpr â”€â”€â”€â”€â”€â”€â”€â”€â”€â”€â”€â”€â”€â”€â”€â”€â”€â”€â”€â”€â”€â”€ v0.5.1
 Installed BinDeps â”€â”€â”€â”€â”€â”€â”€â”€â”€â”€â”€â”€â”€â”€â”€â”€â”€â”€â”€â”€â”€ v1.0.0
 Installed JSON â”€â”€â”€â”€â”€â”€â”€â”€â”€â”€â”€â”€â”€â”€â”€â”€â”€â”€â”€â”€â”€â”€â”€â”€ v0.21.0
 Installed TableTraits â”€â”€â”€â”€â”€â”€â”€â”€â”€â”€â”€â”€â”€â”€â”€â”€â”€ v1.0.0
 Installed PooledArrays â”€â”€â”€â”€â”€â”€â”€â”€â”€â”€â”€â”€â”€â”€â”€â”€ v0.5.2
 Installed Requires â”€â”€â”€â”€â”€â”€â”€â”€â”€â”€â”€â”€â”€â”€â”€â”€â”€â”€â”€â”€ v0.5.2
 Installed WebIO â”€â”€â”€â”€â”€â”€â”€â”€â”€â”€â”€â”€â”€â”€â”€â”€â”€â”€â”€â”€â”€â”€â”€ v0.8.11
 Installed CodecZlib â”€â”€â”€â”€â”€â”€â”€â”€â”€â”€â”€â”€â”€â”€â”€â”€â”€â”€â”€ v0.6.0
 Installed Hiccup â”€â”€â”€â”€â”€â”€â”€â”€â”€â”€â”€â”€â”€â”€â”€â”€â”€â”€â”€â”€â”€â”€ v0.2.2
 Installed IndexableBitVectors â”€â”€â”€â”€â”€â”€â”€â”€â”€ v1.0.0
 Installed Automa â”€â”€â”€â”€â”€â”€â”€â”€â”€â”€â”€â”€â”€â”€â”€â”€â”€â”€â”€â”€â”€â”€ v0.8.0
 Installed Mux â”€â”€â”€â”€â”€â”€â”€â”€â”€â”€â”€â”€â”€â”€â”€â”€â”€â”€â”€â”€â”€â”€â”€â”€â”€ v0.7.0
 Installed BufferedStreams â”€â”€â”€â”€â”€â”€â”€â”€â”€â”€â”€â”€â”€ v1.0.0
 Installed WebSockets â”€â”€â”€â”€â”€â”€â”€â”€â”€â”€â”€â”€â”€â”€â”€â”€â”€â”€ v1.5.2
 Installed HTTP â”€â”€â”€â”€â”€â”€â”€â”€â”€â”€â”€â”€â”€â”€â”€â”€â”€â”€â”€â”€â”€â”€â”€â”€ v0.8.8
 Installed Codecs â”€â”€â”€â”€â”€â”€â”€â”€â”€â”€â”€â”€â”€â”€â”€â”€â”€â”€â”€â”€â”€â”€ v0.5.0
 Installed ORCA â”€â”€â”€â”€â”€â”€â”€â”€â”€â”€â”€â”€â”€â”€â”€â”€â”€â”€â”€â”€â”€â”€â”€â”€ v0.3.0
 Installed FixedPointNumbers â”€â”€â”€â”€â”€â”€â”€â”€â”€â”€â”€ v0.6.1
 Installed BioCore â”€â”€â”€â”€â”€â”€â”€â”€â”€â”€â”€â”€â”€â”€â”€â”€â”€â”€â”€â”€â”€ v2.0.5
 Installed YAML â”€â”€â”€â”€â”€â”€â”€â”€â”€â”€â”€â”€â”€â”€â”€â”€â”€â”€â”€â”€â”€â”€â”€â”€ v0.3.2
 Installed RecipesBase â”€â”€â”€â”€â”€â”€â”€â”€â”€â”€â”€â”€â”€â”€â”€â”€â”€ v0.7.0
 Installed ColorTypes â”€â”€â”€â”€â”€â”€â”€â”€â”€â”€â”€â”€â”€â”€â”€â”€â”€â”€ v0.8.0
 Installed FunctionalCollections â”€â”€â”€â”€â”€â”€â”€ v0.5.0
 Installed SortingAlgorithms â”€â”€â”€â”€â”€â”€â”€â”€â”€â”€â”€ v0.3.1
 Installed Colors â”€â”€â”€â”€â”€â”€â”€â”€â”€â”€â”€â”€â”€â”€â”€â”€â”€â”€â”€â”€â”€â”€ v0.9.6
 Installed BinaryProvider â”€â”€â”€â”€â”€â”€â”€â”€â”€â”€â”€â”€â”€â”€ v0.5.8
 Installed Blink â”€â”€â”€â”€â”€â”€â”€â”€â”€â”€â”€â”€â”€â”€â”€â”€â”€â”€â”€â”€â”€â”€â”€ v0.12.0
 Installed VersionParsing â”€â”€â”€â”€â”€â”€â”€â”€â”€â”€â”€â”€â”€â”€ v1.1.3
 Installed Twiddle â”€â”€â”€â”€â”€â”€â”€â”€â”€â”€â”€â”€â”€â”€â”€â”€â”€â”€â”€â”€â”€ v1.1.1
 Installed Mustache â”€â”€â”€â”€â”€â”€â”€â”€â”€â”€â”€â”€â”€â”€â”€â”€â”€â”€â”€â”€ v1.0.0
 Installed TranscodingStreams â”€â”€â”€â”€â”€â”€â”€â”€â”€â”€ v0.9.5
 Installed CategoricalArrays â”€â”€â”€â”€â”€â”€â”€â”€â”€â”€â”€ v0.7.4
 Installed BioSymbols â”€â”€â”€â”€â”€â”€â”€â”€â”€â”€â”€â”€â”€â”€â”€â”€â”€â”€ v3.1.0
 Installed BioSequences â”€â”€â”€â”€â”€â”€â”€â”€â”€â”€â”€â”€â”€â”€â”€â”€ v1.1.0
 Installed DataFrames â”€â”€â”€â”€â”€â”€â”€â”€â”€â”€â”€â”€â”€â”€â”€â”€â”€â”€ v0.20.0
 Installed Pidfile â”€â”€â”€â”€â”€â”€â”€â”€â”€â”€â”€â”€â”€â”€â”€â”€â”€â”€â”€â”€â”€ v1.1.0
 Installed ArgParse â”€â”€â”€â”€â”€â”€â”€â”€â”€â”€â”€â”€â”€â”€â”€â”€â”€â”€â”€â”€ v0.6.2
 Installed Observables â”€â”€â”€â”€â”€â”€â”€â”€â”€â”€â”€â”€â”€â”€â”€â”€â”€ v0.2.3
 Installed Combinatorics â”€â”€â”€â”€â”€â”€â”€â”€â”€â”€â”€â”€â”€â”€â”€ v0.7.0
 Installed Reexport â”€â”€â”€â”€â”€â”€â”€â”€â”€â”€â”€â”€â”€â”€â”€â”€â”€â”€â”€â”€ v0.2.0
 Installed BGZFStreams â”€â”€â”€â”€â”€â”€â”€â”€â”€â”€â”€â”€â”€â”€â”€â”€â”€ v0.3.0
 Installed DataStructures â”€â”€â”€â”€â”€â”€â”€â”€â”€â”€â”€â”€â”€â”€ v0.17.6
 Installed MacroTools â”€â”€â”€â”€â”€â”€â”€â”€â”€â”€â”€â”€â”€â”€â”€â”€â”€â”€ v0.5.3
 Installed Tables â”€â”€â”€â”€â”€â”€â”€â”€â”€â”€â”€â”€â”€â”€â”€â”€â”€â”€â”€â”€â”€â”€ v0.2.11
 Installed InvertedIndices â”€â”€â”€â”€â”€â”€â”€â”€â”€â”€â”€â”€â”€ v1.0.0
 Installed Widgets â”€â”€â”€â”€â”€â”€â”€â”€â”€â”€â”€â”€â”€â”€â”€â”€â”€â”€â”€â”€â”€ v0.6.2
 Installed DataValueInterfaces â”€â”€â”€â”€â”€â”€â”€â”€â”€ v1.0.0
 Installed IntervalTrees â”€â”€â”€â”€â”€â”€â”€â”€â”€â”€â”€â”€â”€â”€â”€ v1.0.0
 Installed Lazy â”€â”€â”€â”€â”€â”€â”€â”€â”€â”€â”€â”€â”€â”€â”€â”€â”€â”€â”€â”€â”€â”€â”€â”€ v0.13.2
 Installed IniFile â”€â”€â”€â”€â”€â”€â”€â”€â”€â”€â”€â”€â”€â”€â”€â”€â”€â”€â”€â”€â”€ v0.5.0
 Installed DataAPI â”€â”€â”€â”€â”€â”€â”€â”€â”€â”€â”€â”€â”€â”€â”€â”€â”€â”€â”€â”€â”€ v1.1.0
 Installed GeneticVariation â”€â”€â”€â”€â”€â”€â”€â”€â”€â”€â”€â”€ v0.4.0
 Installed Parsers â”€â”€â”€â”€â”€â”€â”€â”€â”€â”€â”€â”€â”€â”€â”€â”€â”€â”€â”€â”€â”€ v0.3.10
 Installed OrderedCollections â”€â”€â”€â”€â”€â”€â”€â”€â”€â”€ v1.1.0
 Installed Polynomials â”€â”€â”€â”€â”€â”€â”€â”€â”€â”€â”€â”€â”€â”€â”€â”€â”€ v0.6.0
  Updating `~/.julia/environments/v1.4/Project.toml`
  [7f8bf45c] + VariantVisualization v0.4.0
  Updating `~/.julia/environments/v1.4/Manifest.toml`
  [c7e460c6] + ArgParse v0.6.2
  [bf4720bc] + AssetRegistry v0.1.0
  [67c07d97] + Automa v0.8.0
  [28d598bf] + BGZFStreams v0.3.0
  [9e28174c] + BinDeps v1.0.0
  [b99e7846] + BinaryProvider v0.5.8
  [37cfa864] + BioCore v2.0.5
  [7e6ae17a] + BioSequences v1.1.0
  [3c28c6f8] + BioSymbols v3.1.0
  [ad839575] + Blink v0.12.0
  [e1450e63] + BufferedStreams v1.0.0
  [324d7699] + CategoricalArrays v0.7.4
  [944b1d66] + CodecZlib v0.6.0
  [19ecbf4d] + Codecs v0.5.0
  [3da002f7] + ColorTypes v0.8.0
  [5ae59095] + Colors v0.9.6
  [861a8166] + Combinatorics v0.7.0
  [34da2185] + Compat v2.2.0
  [8f4d0f93] + Conda v1.3.0
  [9a962f9c] + DataAPI v1.1.0
  [a93c6f00] + DataFrames v0.20.0
  [864edb3b] + DataStructures v0.17.6
  [e2d170a0] + DataValueInterfaces v1.0.0
  [ffbed154] + DocStringExtensions v0.8.1
  [53c48c17] + FixedPointNumbers v0.6.1
  [de31a74c] + FunctionalCollections v0.5.0
  [9bc6ac9d] + GeneticVariation v0.4.0
  [cd3eb016] + HTTP v0.8.8
  [9fb69e20] + Hiccup v0.2.2
  [1cb3b9ac] + IndexableBitVectors v1.0.0
  [83e8ac13] + IniFile v0.5.0
  [524e6230] + IntervalTrees v1.0.0
  [41ab1584] + InvertedIndices v1.0.0
  [82899510] + IteratorInterfaceExtensions v1.0.0
  [97c1335a] + JSExpr v0.5.1
  [682c06a0] + JSON v0.21.0
  [b964fa9f] + LaTeXStrings v1.0.3
  [50d2b5c4] + Lazy v0.13.2
  [1914dd2f] + MacroTools v0.5.3
  [739be429] + MbedTLS v0.7.0
  [e1d29d7a] + Missings v0.4.3
  [ffc61752] + Mustache v1.0.0
  [a975b10e] + Mux v0.7.0
  [47be7bcc] + ORCA v0.3.0
  [510215fc] + Observables v0.2.3
  [bac558e1] + OrderedCollections v1.1.0
  [69de0a69] + Parsers v0.3.10
  [fa939f87] + Pidfile v1.1.0
  [a03496cd] + PlotlyBase v0.3.0
  [f0f68f2c] + PlotlyJS v0.13.0
  [f27b6e38] + Polynomials v0.6.0
  [2dfb63ee] + PooledArrays v0.5.2
  [3cdcf5f2] + RecipesBase v0.7.0
  [189a3867] + Reexport v0.2.0
  [ae029012] + Requires v0.5.2
  [a2af1166] + SortingAlgorithms v0.3.1
  [3783bdb8] + TableTraits v1.0.0
  [bd369af6] + Tables v0.2.11
  [b718987f] + TextWrap v0.3.0
  [3bb67fe8] + TranscodingStreams v0.9.5
  [7200193e] + Twiddle v1.1.1
  [30578b45] + URIParser v0.4.0
  [7f8bf45c] + VariantVisualization v0.4.0
  [81def892] + VersionParsing v1.1.3
  [0f1e0344] + WebIO v0.8.11
  [104b5d7c] + WebSockets v1.5.2
  [cc8bc4a8] + Widgets v0.6.2
  [ddb6d928] + YAML v0.3.2
  [2a0f44e3] + Base64 
  [ade2ca70] + Dates 
  [8bb1440f] + DelimitedFiles 
  [8ba89e20] + Distributed 
  [7b1f6079] + FileWatching 
  [9fa8497b] + Future 
  [b77e0a4c] + InteractiveUtils 
  [76f85450] + LibGit2 
  [8f399da3] + Libdl 
  [37e2e46d] + LinearAlgebra 
  [56ddb016] + Logging 
  [d6f4376e] + Markdown 
  [a63ad114] + Mmap 
  [44cfe95a] + Pkg 
  [de0858da] + Printf 
  [9abbd945] + Profile 
  [3fa0cd96] + REPL 
  [9a3f8284] + Random 
  [ea8e919c] + SHA 
  [9e88b42a] + Serialization 
  [1a1011a3] + SharedArrays 
  [6462fe0b] + Sockets 
  [2f01184e] + SparseArrays 
  [10745b16] + Statistics 
  [8dfed614] + Test 
  [cf7118a7] + UUIDs 
  [4ec0a83e] + Unicode 
  Building CodecZlib â”€â”€â”€â”€â”€â”€â”€â”€â”€â”€â”€â†’ `~/.julia/packages/CodecZlib/5t9zO/deps/build.log`
  Building MbedTLS â”€â”€â”€â”€â”€â”€â”€â”€â”€â”€â”€â”€â”€â†’ `~/.julia/packages/MbedTLS/a1JFn/deps/build.log`
  Building WebIO â”€â”€â”€â”€â”€â”€â”€â”€â”€â”€â”€â”€â”€â”€â”€â†’ `~/.julia/packages/WebIO/2mZPb/deps/build.log`
  Building Blink â”€â”€â”€â”€â”€â”€â”€â”€â”€â”€â”€â”€â”€â”€â”€â†’ `~/.julia/packages/Blink/AO8uN/deps/build.log`
  Building PlotlyJS â”€â”€â”€â”€â”€â”€â”€â”€â”€â”€â”€â”€â†’ `~/.julia/packages/PlotlyJS/b9Efu/deps/build.log`
  Building Conda â”€â”€â”€â”€â”€â”€â”€â”€â”€â”€â”€â”€â”€â”€â”€â†’ `~/.julia/packages/Conda/kLXeC/deps/build.log`
  Building ORCA â”€â”€â”€â”€â”€â”€â”€â”€â”€â”€â”€â”€â”€â”€â”€â”€â†’ `~/.julia/packages/ORCA/xULYl/deps/build.log`
  Building VariantVisualization â†’ `~/.julia/packages/VariantVisualization/1yoNl/deps/build.log`
â”Œ Error: Error building `VariantVisualization`: 
â”‚ ERROR: LoadError: IOError: symlink: permission denied (EACCES)
â”‚ Stacktrace:
â”‚  [1] uv_error at ./libuv.jl:97 [inlined]
â”‚  [2] symlink(::String, ::String) at ./file.jl:945
â”‚  [3] symlink_user_bin(::String) at /home/pkgeval/.julia/packages/VariantVisualization/1yoNl/deps/build.jl:18
â”‚  [4] top-level scope at /home/pkgeval/.julia/packages/VariantVisualization/1yoNl/deps/build.jl:24
â”‚  [5] include(::String) at ./client.jl:439
â”‚  [6] top-level scope at none:5
â”‚ in expression starting at /home/pkgeval/.julia/packages/VariantVisualization/1yoNl/deps/build.jl:24
â”” @ Pkg.Operations /buildworker/worker/package_linux64/build/usr/share/julia/stdlib/v1.4/Pkg/src/backwards_compatible_isolation.jl:601
   Testing VariantVisualization
Status `/tmp/jl_W2udII/Manifest.toml`
  [c7e460c6] ArgParse v0.6.2
  [bf4720bc] AssetRegistry v0.1.0
  [67c07d97] Automa v0.8.0
  [28d598bf] BGZFStreams v0.3.0
  [9e28174c] BinDeps v1.0.0
  [b99e7846] BinaryProvider v0.5.8
  [37cfa864] BioCore v2.0.5
  [7e6ae17a] BioSequences v1.1.0
  [3c28c6f8] BioSymbols v3.1.0
  [ad839575] Blink v0.12.0
  [e1450e63] BufferedStreams v1.0.0
  [324d7699] CategoricalArrays v0.7.4
  [944b1d66] CodecZlib v0.6.0
  [19ecbf4d] Codecs v0.5.0
  [3da002f7] ColorTypes v0.8.0
  [5ae59095] Colors v0.9.6
  [861a8166] Combinatorics v0.7.0
  [34da2185] Compat v2.2.0
  [8f4d0f93] Conda v1.3.0
  [9a962f9c] DataAPI v1.1.0
  [a93c6f00] DataFrames v0.20.0
  [864edb3b] DataStructures v0.17.6
  [e2d170a0] DataValueInterfaces v1.0.0
  [ffbed154] DocStringExtensions v0.8.1
  [53c48c17] FixedPointNumbers v0.6.1
  [de31a74c] FunctionalCollections v0.5.0
  [9bc6ac9d] GeneticVariation v0.4.0
  [cd3eb016] HTTP v0.8.8
  [9fb69e20] Hiccup v0.2.2
  [1cb3b9ac] IndexableBitVectors v1.0.0
  [83e8ac13] IniFile v0.5.0
  [524e6230] IntervalTrees v1.0.0
  [41ab1584] InvertedIndices v1.0.0
  [82899510] IteratorInterfaceExtensions v1.0.0
  [97c1335a] JSExpr v0.5.1
  [682c06a0] JSON v0.21.0
  [b964fa9f] LaTeXStrings v1.0.3
  [50d2b5c4] Lazy v0.13.2
  [1914dd2f] MacroTools v0.5.3
  [739be429] MbedTLS v0.7.0
  [e1d29d7a] Missings v0.4.3
  [ffc61752] Mustache v1.0.0
  [a975b10e] Mux v0.7.0
  [47be7bcc] ORCA v0.3.0
  [510215fc] Observables v0.2.3
  [bac558e1] OrderedCollections v1.1.0
  [69de0a69] Parsers v0.3.10
  [fa939f87] Pidfile v1.1.0
  [a03496cd] PlotlyBase v0.3.0
  [f0f68f2c] PlotlyJS v0.13.0
  [f27b6e38] Polynomials v0.6.0
  [2dfb63ee] PooledArrays v0.5.2
  [3cdcf5f2] RecipesBase v0.7.0
  [189a3867] Reexport v0.2.0
  [ae029012] Requires v0.5.2
  [a2af1166] SortingAlgorithms v0.3.1
  [3783bdb8] TableTraits v1.0.0
  [bd369af6] Tables v0.2.11
  [b718987f] TextWrap v0.3.0
  [3bb67fe8] TranscodingStreams v0.9.5
  [7200193e] Twiddle v1.1.1
  [30578b45] URIParser v0.4.0
  [7f8bf45c] VariantVisualization v0.4.0
  [81def892] VersionParsing v1.1.3
  [0f1e0344] WebIO v0.8.11
  [104b5d7c] WebSockets v1.5.2
  [cc8bc4a8] Widgets v0.6.2
  [ddb6d928] YAML v0.3.2
  [2a0f44e3] Base64  [`@stdlib/Base64`]
  [ade2ca70] Dates  [`@stdlib/Dates`]
  [8bb1440f] DelimitedFiles  [`@stdlib/DelimitedFiles`]
  [8ba89e20] Distributed  [`@stdlib/Distributed`]
  [7b1f6079] FileWatching  [`@stdlib/FileWatching`]
  [9fa8497b] Future  [`@stdlib/Future`]
  [b77e0a4c] InteractiveUtils  [`@stdlib/InteractiveUtils`]
  [76f85450] LibGit2  [`@stdlib/LibGit2`]
  [8f399da3] Libdl  [`@stdlib/Libdl`]
  [37e2e46d] LinearAlgebra  [`@stdlib/LinearAlgebra`]
  [56ddb016] Logging  [`@stdlib/Logging`]
  [d6f4376e] Markdown  [`@stdlib/Markdown`]
  [a63ad114] Mmap  [`@stdlib/Mmap`]
  [44cfe95a] Pkg  [`@stdlib/Pkg`]
  [de0858da] Printf  [`@stdlib/Printf`]
  [9abbd945] Profile  [`@stdlib/Profile`]
  [3fa0cd96] REPL  [`@stdlib/REPL`]
  [9a3f8284] Random  [`@stdlib/Random`]
  [ea8e919c] SHA  [`@stdlib/SHA`]
  [9e88b42a] Serialization  [`@stdlib/Serialization`]
  [1a1011a3] SharedArrays  [`@stdlib/SharedArrays`]
  [6462fe0b] Sockets  [`@stdlib/Sockets`]
  [2f01184e] SparseArrays  [`@stdlib/SparseArrays`]
  [10745b16] Statistics  [`@stdlib/Statistics`]
  [8dfed614] Test  [`@stdlib/Test`]
  [cf7118a7] UUIDs  [`@stdlib/UUIDs`]
  [4ec0a83e] Unicode  [`@stdlib/Unicode`]
WARNING: using HTTP.stack in module Mux conflicts with an existing identifier.
WARNING: Method definition savehtml(IO, PlotlyBase.Plot{TT} where TT<:PlotlyBase.AbstractTrace) in module PlotlyBase at /home/pkgeval/.julia/packages/PlotlyBase/80KwD/src/output.jl:40 overwritten in module PlotlyJS at /home/pkgeval/.julia/packages/PlotlyJS/b9Efu/src/display.jl:334.
  ** incremental compilation may be fatally broken for this module **

WARNING: Method definition savehtml(PlotlyBase.Plot{TT} where TT<:PlotlyBase.AbstractTrace, AbstractString) in module PlotlyBase at /home/pkgeval/.julia/packages/PlotlyBase/80KwD/src/output.jl:52 overwritten in module PlotlyJS at /home/pkgeval/.julia/packages/PlotlyJS/b9Efu/src/display.jl:361.
  ** incremental compilation may be fatally broken for this module **

WARNING: Method definition savehtml(IO, PlotlyBase.Plot{TT} where TT<:PlotlyBase.AbstractTrace) in module PlotlyBase at /home/pkgeval/.julia/packages/PlotlyBase/80KwD/src/output.jl:40 overwritten in module PlotlyJS at /home/pkgeval/.julia/packages/PlotlyJS/b9Efu/src/display.jl:334.
  ** incremental compilation may be fatally broken for this module **

WARNING: Method definition savehtml(PlotlyBase.Plot{TT} where TT<:PlotlyBase.AbstractTrace, AbstractString) in module PlotlyBase at /home/pkgeval/.julia/packages/PlotlyBase/80KwD/src/output.jl:52 overwritten in module PlotlyJS at /home/pkgeval/.julia/packages/PlotlyJS/b9Efu/src/display.jl:361.
  ** incremental compilation may be fatally broken for this module **

/home/pkgeval/.julia/conda/3/envs/_ORCA_jl_/lib/orca_app/orca: error while loading shared libraries: libgtk-x11-2.0.so.0: cannot open shared object file: No such file or directory
[ Info: Compiling VCF parser...
/home/pkgeval/.julia/conda/3/envs/_ORCA_jl_/lib/orca_app/orca: error while loading shared libraries: libgtk-x11-2.0.so.0: cannot open shared object file: No such file or directory
Running tests:
-----------------------------------------
-----------------------------------------
           Testing: New VCF Utils
-----------------------------------------
-----------------------------------------
â”Œ Warning: `DataFrame(t::Type, nrows::Integer, ncols::Integer)` is deprecated, use `DataFrame([Vector{t}(undef, nrows) for i = 1:ncols])` instead.
â”‚   caller = ip:0x0
â”” @ Core :-1
â”Œ Warning: `names!(df::AbstractDataFrame, vals::Vector{Symbol}; makeunique::Bool=false)` is deprecated, use `rename!(df, vals, makeunique=makeunique)` instead.
â”‚   caller = sortcols_by_phenotype_matrix(::String, ::String, ::Array{Int64,2}, ::Array{Symbol,2}) at vcf_utils_complete.jl:856
â”” @ VariantVisualization ~/.julia/packages/VariantVisualization/1yoNl/src/vcf_utils_complete.jl:856
select_columns: Error During Test at /home/pkgeval/.julia/packages/VariantVisualization/1yoNl/test/new_vcf_utils.jl:247
  Got exception outside of a @test
  MethodError: no method matching rename!(::DataFrames.DataFrame, ::Base.Generator{Base.Iterators.Zip{Tuple{Array{Symbol,1},Array{Symbol,2}}},VariantVisualization.var"#40#41"})
  Closest candidates are:
    rename!(::DataFrames.AbstractDataFrame, !Matched::AbstractArray{Symbol,1}; makeunique) at /home/pkgeval/.julia/packages/DataFrames/uPgZV/src/abstractdataframe/abstractdataframe.jl:147
    rename!(::DataFrames.AbstractDataFrame, !Matched::AbstractArray{#s14,1} where #s14<:AbstractString; makeunique) at /home/pkgeval/.julia/packages/DataFrames/uPgZV/src/abstractdataframe/abstractdataframe.jl:153
    rename!(::DataFrames.AbstractDataFrame, !Matched::AbstractArray{Pair{Symbol,Symbol},1}) at /home/pkgeval/.julia/packages/DataFrames/uPgZV/src/abstractdataframe/abstractdataframe.jl:158
    ...
  Stacktrace:
   [1] select_columns(::String, ::Array{Int64,2}, ::Array{Symbol,2}) at /home/pkgeval/.julia/packages/VariantVisualization/1yoNl/src/vcf_utils_complete.jl:890
   [2] macro expansion at /home/pkgeval/.julia/packages/VariantVisualization/1yoNl/test/new_vcf_utils.jl:248 [inlined]
   [3] macro expansion at /buildworker/worker/package_linux64/build/usr/share/julia/stdlib/v1.4/Test/src/Test.jl:1110 [inlined]
   [4] macro expansion at /home/pkgeval/.julia/packages/VariantVisualization/1yoNl/test/new_vcf_utils.jl:248 [inlined]
   [5] macro expansion at /buildworker/worker/package_linux64/build/usr/share/julia/stdlib/v1.4/Test/src/Test.jl:1110 [inlined]
   [6] macro expansion at /home/pkgeval/.julia/packages/VariantVisualization/1yoNl/test/new_vcf_utils.jl:223 [inlined]
   [7] macro expansion at /buildworker/worker/package_linux64/build/usr/share/julia/stdlib/v1.4/Test/src/Test.jl:1110 [inlined]
   [8] macro expansion at /home/pkgeval/.julia/packages/VariantVisualization/1yoNl/test/new_vcf_utils.jl:171 [inlined]
   [9] macro expansion at /buildworker/worker/package_linux64/build/usr/share/julia/stdlib/v1.4/Test/src/Test.jl:1110 [inlined]
   [10] macro expansion at /home/pkgeval/.julia/packages/VariantVisualization/1yoNl/test/new_vcf_utils.jl:158 [inlined]
   [11] macro expansion at /buildworker/worker/package_linux64/build/usr/share/julia/stdlib/v1.4/Test/src/Test.jl:1110 [inlined]
   [12] top-level scope at /home/pkgeval/.julia/packages/VariantVisualization/1yoNl/test/new_vcf_utils.jl:14
   [13] include(::Module, ::String) at ./Base.jl:377
   [14] include(::String) at /home/pkgeval/.julia/packages/VariantVisualization/1yoNl/test/runtests.jl:1
   [15] top-level scope at /home/pkgeval/.julia/packages/VariantVisualization/1yoNl/test/runtests.jl:23
   [16] include(::String) at ./client.jl:439
   [17] top-level scope at none:6
   [18] eval(::Module, ::Any) at ./boot.jl:331
   [19] exec_options(::Base.JLOptions) at ./client.jl:264
   [20] _start() at ./client.jl:484
  
Test Summary:                             | Pass  Error  Total
VCFUtils                                  |   53      1     54
  clean_column1!                          |    3             3
  io_genomic_range_vcf_filter             |    2             2
  filters_with_siglist                    |    8             8
  io_pass_filter                          |    2             2
  pass_genomic_range_filter               |    2             2
  combined_all_genotype_array_functions   |   16            16
  combined_all_read_depth_array_functions |   20      1     21
    get_sample_names                      |   16      1     17
      read_depth_threshhold               |    2             2
      avg_dp_samples                      |    4             4
      avg_dp_variant                      |    4             4
      sortcols_by_phenotype_matrix        |    4      1      5
        select_columns                    |           1      1
ERROR: LoadError: LoadError: Some tests did not pass: 53 passed, 0 failed, 1 errored, 0 broken.
in expression starting at /home/pkgeval/.julia/packages/VariantVisualization/1yoNl/test/new_vcf_utils.jl:12
in expression starting at /home/pkgeval/.julia/packages/VariantVisualization/1yoNl/test/runtests.jl:17
ERROR: Package VariantVisualization errored during testing
Stacktrace:
 [1] pkgerror(::String, ::Vararg{String,N} where N) at /buildworker/worker/package_linux64/build/usr/share/julia/stdlib/v1.4/Pkg/src/Types.jl:54
 [2] test(::Pkg.Types.Context, ::Array{Pkg.Types.PackageSpec,1}; coverage::Bool, test_fn::Nothing, julia_args::Cmd, test_args::Cmd) at /buildworker/worker/package_linux64/build/usr/share/julia/stdlib/v1.4/Pkg/src/Operations.jl:1391
 [3] test(::Pkg.Types.Context, ::Array{Pkg.Types.PackageSpec,1}; coverage::Bool, test_fn::Nothing, julia_args::Cmd, test_args::Cmd, kwargs::Base.Iterators.Pairs{Union{},Union{},Tuple{},NamedTuple{(),Tuple{}}}) at /buildworker/worker/package_linux64/build/usr/share/julia/stdlib/v1.4/Pkg/src/API.jl:287
 [4] test(::Pkg.Types.Context, ::Array{Pkg.Types.PackageSpec,1}) at /buildworker/worker/package_linux64/build/usr/share/julia/stdlib/v1.4/Pkg/src/API.jl:274
 [5] #test#56 at /buildworker/worker/package_linux64/build/usr/share/julia/stdlib/v1.4/Pkg/src/API.jl:268 [inlined]
 [6] test at /buildworker/worker/package_linux64/build/usr/share/julia/stdlib/v1.4/Pkg/src/API.jl:268 [inlined]
 [7] #test#55 at /buildworker/worker/package_linux64/build/usr/share/julia/stdlib/v1.4/Pkg/src/API.jl:267 [inlined]
 [8] test at /buildworker/worker/package_linux64/build/usr/share/julia/stdlib/v1.4/Pkg/src/API.jl:267 [inlined]
 [9] test(::String; kwargs::Base.Iterators.Pairs{Union{},Union{},Tuple{},NamedTuple{(),Tuple{}}}) at /buildworker/worker/package_linux64/build/usr/share/julia/stdlib/v1.4/Pkg/src/API.jl:266
 [10] test(::String) at /buildworker/worker/package_linux64/build/usr/share/julia/stdlib/v1.4/Pkg/src/API.jl:266
 [11] top-level scope at none:12
