Julia Version 1.4.0-DEV.668
Commit 0570202e5f (2019-12-28 22:20 UTC)
Platform Info:
  OS: Linux (x86_64-pc-linux-gnu)
  CPU: Intel(R) Xeon(R) Silver 4114 CPU @ 2.20GHz
  WORD_SIZE: 64
  LIBM: libopenlibm
  LLVM: libLLVM-8.0.1 (ORCJIT, skylake)
Environment:
  JULIA_DEPOT_PATH = ::/usr/local/share/julia

 Resolving package versions...
 Installed FunctionWrappers ──────────── v1.0.0
 Installed XSLT_jll ──────────────────── v1.1.33+0
 Installed Ratios ────────────────────── v0.3.1
 Installed NTNk ──────────────────────── v0.1.2
 Installed RecursiveFactorization ────── v0.1.0
 Installed IteratorInterfaceExtensions ─ v1.0.0
 Installed Contour ───────────────────── v0.5.1
 Installed Images ────────────────────── v0.19.2
 Installed FillArrays ────────────────── v0.8.2
 Installed AbstractFFTs ──────────────── v0.5.0
 Installed Showoff ───────────────────── v0.3.1
 Installed CoordinateTransformations ─── v0.5.0
 Installed AxisAlgorithms ────────────── v1.0.0
 Installed DiffEqBase ────────────────── v6.10.0
 Installed Compose ───────────────────── v0.8.0
 Installed Cairo ─────────────────────── v1.0.1
 Installed RecipesBase ───────────────── v0.7.0
 Installed VersionParsing ────────────── v1.2.0
 Installed QuadGK ────────────────────── v2.3.1
 Installed CMake ─────────────────────── v1.1.2
 Installed WebSockets ────────────────── v1.5.2
 Installed Ipopt ─────────────────────── v0.6.1
 Installed LsqFit ────────────────────── v0.9.0
 Installed Hexagons ──────────────────── v0.2.0
 Installed NaNMath ───────────────────── v0.3.3
 Installed DiffResults ───────────────── v1.0.2
 Installed Distances ─────────────────── v0.8.2
 Installed BenchmarkTools ────────────── v0.4.3
 Installed ImageTransformations ──────── v0.8.0
 Installed MbedTLS ───────────────────── v0.7.0
 Installed CEnum ─────────────────────── v0.2.0
 Installed CommonSubexpressions ──────── v0.2.0
 Installed Xorg_util_macros_jll ──────── v1.19.2+0
 Installed Tables ────────────────────── v0.2.11
 Installed Graphite2_jll ─────────────── v1.3.13+1
 Installed DocumenterMarkdown ────────── v0.2.0
 Installed NLSolversBase ─────────────── v7.5.0
 Installed SortingAlgorithms ─────────── v0.3.1
 Installed CustomUnitRanges ──────────── v0.2.0
 Installed FFTViews ──────────────────── v0.3.0
 Installed WoodburyMatrices ──────────── v0.4.1
 Installed LoadTensorDecompositions ──── v0.2.0
 Installed PCRE_jll ──────────────────── v8.42.0+1
 Installed Parsers ───────────────────── v0.3.10
 Installed Pango_jll ─────────────────── v1.42.4+7
 Installed LineSearches ──────────────── v7.0.1
 Installed ColorTypes ────────────────── v0.8.1
 Installed Xorg_libpthread_stubs_jll ─── v0.1.0+0
 Installed CUDAdrv ───────────────────── v5.0.1
 Installed Media ─────────────────────── v0.5.0
 Installed IntelOpenMP_jll ───────────── v2018.0.3+0
 Installed DocumentFunction ──────────── v0.6.0
 Installed SpatialIndexing ───────────── v0.1.2
 Installed WebIO ─────────────────────── v0.8.13
 Installed TableTraits ───────────────── v1.0.0
 Installed Xorg_renderproto_jll ──────── v0.11.1+0
 Installed IntervalSets ──────────────── v0.3.2
 Installed X11_jll ───────────────────── v1.6.8+4
 Installed Lazy ──────────────────────── v0.13.2
 Installed OpenBLAS_jll ──────────────── v0.3.7+1
 Installed LightGraphs ───────────────── v1.3.0
 Installed Hiccup ────────────────────── v0.2.2
 Installed IdentityRanges ────────────── v0.3.0
 Installed DataStructures ────────────── v0.17.6
 Installed MathOptInterface ──────────── v0.9.9
 Installed Xorg_libXau_jll ───────────── v1.0.9+0
 Installed Glib_jll ──────────────────── v2.59.0+1
 Installed SparseDiffTools ───────────── v1.2.0
 Installed Suppressor ────────────────── v0.1.1
 Installed HTTP ──────────────────────── v0.8.8
 Installed MutableArithmetics ────────── v0.2.0
 Installed DataFrames ────────────────── v0.20.0
 Installed Kriging ───────────────────── v0.5.0
 Installed NMF ───────────────────────── v0.4.0
 Installed CodecZlib ─────────────────── v0.6.0
 Installed ExponentialUtilities ──────── v1.6.0
 Installed TimerOutputs ──────────────── v0.5.3
 Installed CUDAapi ───────────────────── v2.1.0
 Installed URIParser ─────────────────── v0.4.0
 Installed Xorg_libxcb_jll ───────────── v1.13.0+0
 Installed JSONSchema ────────────────── v0.2.0
 Installed Primes ────────────────────── v0.4.0
 Installed Colors ────────────────────── v0.9.6
 Installed Codecs ────────────────────── v0.5.0
 Installed Blosc ─────────────────────── v0.5.1
 Installed Missings ──────────────────── v0.4.3
 Installed Plotly ────────────────────── v0.2.0
 Installed MuladdMacro ───────────────── v0.2.1
 Installed MacroTools ────────────────── v0.5.3
 Installed ArrayInterface ────────────── v2.3.1
 Installed ArnoldiMethod ─────────────── v0.0.4
 Installed NMFk ──────────────────────── v0.4.0
 Installed KernelDensity ─────────────── v0.5.1
 Installed ImageDistances ────────────── v0.2.7
 Installed JSON ──────────────────────── v0.21.0
 Installed Conda ─────────────────────── v1.3.0
 Installed StaticArrays ──────────────── v0.12.1
 Installed FriBidi_jll ───────────────── v1.0.5+2
 Installed PyCall ────────────────────── v1.91.2
 Installed NLopt ─────────────────────── v0.5.1
 Installed TranscodingStreams ────────── v0.9.5
 Installed NNlib ─────────────────────── v0.6.2
 Installed Optim ─────────────────────── v0.19.7
 Installed OrderedCollections ────────── v1.1.0
 Installed Requires ──────────────────── v0.5.2
 Installed GPUArrays ─────────────────── v2.0.1
 Installed IndirectArrays ────────────── v0.5.1
 Installed Arpack_jll ────────────────── v3.5.0+2
 Installed ImageCore ─────────────────── v0.8.8
 Installed Xorg_xcb_proto_jll ────────── v1.13.0+0
 Installed DistributedArrays ─────────── v0.6.4
 Installed CatIndices ────────────────── v0.2.0
 Installed Rmath ─────────────────────── v0.6.0
 Installed FileIO ────────────────────── v1.2.0
 Installed Mux ───────────────────────── v0.7.0
 Installed AssetRegistry ─────────────── v0.1.0
 Installed Observables ───────────────── v0.2.3
 Installed Bzip2_jll ─────────────────── v1.0.6+1
 Installed LRUCache ──────────────────── v1.0.3
 Installed Xorg_xextproto_jll ────────── v7.3.0+0
 Installed StatsFuns ─────────────────── v0.9.3
 Installed CategoricalArrays ─────────── v0.7.5
 Installed InvertedIndices ───────────── v1.0.0
 Installed SimpleTraits ──────────────── v0.9.1
 Installed ForwardDiff ───────────────── v0.10.8
 Installed RangeArrays ───────────────── v0.3.1
 Installed Libgcrypt_jll ─────────────── v1.8.5+0
 Installed Xorg_libXrender_jll ───────── v0.9.10+0
 Installed Roots ─────────────────────── v0.8.4
 Installed ComputationalResources ────── v0.3.0
 Installed ImageShow ─────────────────── v0.2.2
 Installed Libuuid_jll ───────────────── v2.34.0+3
 Installed ProgressMeter ─────────────── v1.2.0
 Installed Xorg_xproto_jll ───────────── v7.0.31+0
 Installed PyPlot ────────────────────── v2.8.2
 Installed libpng_jll ────────────────── v1.6.37+2
 Installed PaddedViews ───────────────── v0.4.2
 Installed LaTeXStrings ──────────────── v1.0.3
 Installed Reexport ──────────────────── v0.2.0
 Installed AffineInvariantMCMC ───────── v0.6.0
 Installed CPUTime ───────────────────── v1.0.0
 Installed PooledArrays ──────────────── v0.5.3
 Installed Documenter ────────────────── v0.24.3
 Installed Adapt ─────────────────────── v1.0.0
 Installed Inflate ───────────────────── v0.1.1
 Installed Parameters ────────────────── v0.12.0
 Installed Cairo_jll ─────────────────── v1.16.0+2
 Installed Mustache ──────────────────── v1.0.0
 Installed MKL_jll ───────────────────── v2019.0.117+0
 Installed Xorg_libX11_jll ───────────── v1.6.8+0
 Installed Arpack ────────────────────── v0.4.0
 Installed JLD ───────────────────────── v0.9.1
 Installed ImageAxes ─────────────────── v0.6.2
 Installed DataValueInterfaces ───────── v1.0.0
 Installed IterativeSolvers ──────────── v0.8.1
 Installed Interpolations ────────────── v0.12.5
 Installed Gadfly ────────────────────── v1.0.1
 Installed Libgpg_error_jll ──────────── v1.36.0+0
 Installed DiffRules ─────────────────── v1.0.0
 Installed ZygoteRules ───────────────── v0.2.0
 Installed TupleTools ────────────────── v1.2.0
 Installed YAML ──────────────────────── v0.3.2
 Installed Fontconfig ────────────────── v0.3.0
 Installed MultivariateStats ─────────── v0.7.0
 Installed Clustering ────────────────── v0.13.3
 Installed FunctionalCollections ─────── v0.5.0
 Installed Graphics ──────────────────── v1.0.1
 Installed LZO_jll ───────────────────── v2.10.0+0
 Installed QuartzImageIO ─────────────── v0.6.0
 Installed Gettext_jll ───────────────── v0.20.1+0
 Installed GenericSVD ────────────────── v0.2.2
 Installed LegacyStrings ─────────────── v0.4.1
 Installed ReusableFunctions ─────────── v0.7.0
 Installed HarfBuzz_jll ──────────────── v2.6.1+4
 Installed ImageMetadata ─────────────── v0.7.2
 Installed Distributions ─────────────── v0.21.11
 Installed ColorVectorSpace ──────────── v0.8.2
 Installed SpecialFunctions ──────────── v0.9.0
 Installed Pidfile ───────────────────── v1.1.0
 Installed CoupledFields ─────────────── v0.1.0
 Installed NTFk ──────────────────────── v0.1.3
 Installed MappedArrays ──────────────── v0.2.2
 Installed Libffi_jll ────────────────── v3.2.1+0
 Installed Xorg_kbproto_jll ──────────── v1.0.7+0
 Installed IniFile ───────────────────── v0.5.0
 Installed ImageMorphology ───────────── v0.2.4
 Installed Xorg_libXdmcp_jll ─────────── v1.1.3+0
 Installed Xorg_libXext_jll ──────────── v1.3.4+0
 Installed FFTW ──────────────────────── v1.2.0
 Installed JuMP ──────────────────────── v0.20.1
 Installed CanDecomp ─────────────────── v0.2.0
 Installed Blink ─────────────────────── v0.12.0
 Installed Calculus ──────────────────── v0.5.1
 Installed Geodesy ───────────────────── v0.5.0
 Installed PositiveFactorizations ────── v0.2.3
 Installed JSExpr ────────────────────── v0.5.1
 Installed TiledIteration ────────────── v0.2.3
 Installed FFTW_jll ──────────────────── v3.3.9+3
 Installed NearestNeighbors ──────────── v0.4.4
 Installed CMakeWrapper ──────────────── v0.2.3
 Installed StatsBase ─────────────────── v0.32.0
 Installed Juno ──────────────────────── v0.7.2
 Installed DiffEqDiffTools ───────────── v1.7.0
 Installed OffsetArrays ──────────────── v0.11.4
 Installed ImageFiltering ────────────── v0.6.8
 Installed FixedPointNumbers ─────────── v0.6.1
 Installed TensorToolbox ─────────────── v1.0.1
 Installed Widgets ───────────────────── v0.6.2
 Installed CuArrays ──────────────────── v1.6.0
 Installed VertexSafeGraphs ──────────── v0.1.0
 Installed TensorOperations ──────────── v2.1.1
 Installed MathProgBase ──────────────── v0.7.7
 Installed Rotations ─────────────────── v0.13.0
 Installed TreeViews ─────────────────── v0.3.0
 Installed DocStringExtensions ───────── v0.8.1
 Installed BinaryProvider ────────────── v0.5.8
 Installed Zlib_jll ──────────────────── v1.2.11+7
 Installed SVR ───────────────────────── v0.7.2
 Installed PDMats ────────────────────── v0.9.10
 Installed Libiconv_jll ──────────────── v1.16.0+0
 Installed Expat_jll ─────────────────── v2.2.7+0
 Installed Anasol ────────────────────── v0.6.0
 Installed CUDAnative ────────────────── v2.7.0
 Installed BlackBoxOptim ─────────────── v0.5.0
 Installed Xorg_inputproto_jll ───────── v2.3.2+0
 Installed Measures ──────────────────── v0.3.1
 Installed DataAPI ───────────────────── v1.1.0
 Installed Strided ───────────────────── v0.3.3
 Installed Compat ────────────────────── v2.2.0
 Installed PlotlyJS ──────────────────── v0.13.0
 Installed Pixman_jll ────────────────── v0.38.4+1
 Installed RobustPmap ────────────────── v0.6.0
 Installed Xorg_xtrans_jll ───────────── v1.4.0+0
 Installed CodecBzip2 ────────────────── v0.6.0
 Installed Loess ─────────────────────── v0.5.0
 Installed OpenSpecFun_jll ───────────── v0.5.3+1
 Installed PlotlyBase ────────────────── v0.3.0
 Installed JLD2 ──────────────────────── v0.1.10
 Installed FreeType2_jll ─────────────── v2.10.1+1
 Installed XML2_jll ──────────────────── v2.9.9+0
 Installed OptimBase ─────────────────── v2.0.0
 Installed IterTools ─────────────────── v1.3.0
 Installed HDF5 ──────────────────────── v0.12.5
 Installed OrdinaryDiffEq ────────────── v5.26.7
 Installed LLVM ──────────────────────── v1.3.2
 Installed BinDeps ───────────────────── v1.0.0
 Installed TensorDecompositions ──────── v1.0.0
 Installed AxisArrays ────────────────── v0.3.3
 Installed RecursiveArrayTools ───────── v1.2.0
 Installed Fontconfig_jll ────────────── v2.13.1+8
 Installed MetaProgTools ─────────────── v0.6.0
 Installed Mads ──────────────────────── v0.7.6
  Updating `~/.julia/environments/v1.4/Project.toml`
  [530fd2b5] + NTNk v0.1.2
  Updating `~/.julia/environments/v1.4/Manifest.toml`
  [621f4979] + AbstractFFTs v0.5.0
  [79e6a3ab] + Adapt v1.0.0
  [a0f608ac] + AffineInvariantMCMC v0.6.0
  [fd9e7046] + Anasol v0.6.0
  [ec485272] + ArnoldiMethod v0.0.4
  [7d9fca2a] + Arpack v0.4.0
  [68821587] + Arpack_jll v3.5.0+2
  [4fba245c] + ArrayInterface v2.3.1
  [bf4720bc] + AssetRegistry v0.1.0
  [13072b0f] + AxisAlgorithms v1.0.0
  [39de3d68] + AxisArrays v0.3.3
  [6e4b80f9] + BenchmarkTools v0.4.3
  [9e28174c] + BinDeps v1.0.0
  [b99e7846] + BinaryProvider v0.5.8
  [a134a8b2] + BlackBoxOptim v0.5.0
  [ad839575] + Blink v0.12.0
  [a74b3585] + Blosc v0.5.1
  [6e34b625] + Bzip2_jll v1.0.6+1
  [fa961155] + CEnum v0.2.0
  [631607c0] + CMake v1.1.2
  [d5fb7624] + CMakeWrapper v0.2.3
  [a9c8d775] + CPUTime v1.0.0
  [3895d2a7] + CUDAapi v2.1.0
  [c5f51814] + CUDAdrv v5.0.1
  [be33ccc6] + CUDAnative v2.7.0
  [159f3aea] + Cairo v1.0.1
  [83423d85] + Cairo_jll v1.16.0+2
  [49dc2e85] + Calculus v0.5.1
  [6c57e878] + CanDecomp v0.2.0
  [aafaddc9] + CatIndices v0.2.0
  [324d7699] + CategoricalArrays v0.7.5
  [aaaa29a8] + Clustering v0.13.3
  [523fee87] + CodecBzip2 v0.6.0
  [944b1d66] + CodecZlib v0.6.0
  [19ecbf4d] + Codecs v0.5.0
  [3da002f7] + ColorTypes v0.8.1
  [c3611d14] + ColorVectorSpace v0.8.2
  [5ae59095] + Colors v0.9.6
  [bbf7d656] + CommonSubexpressions v0.2.0
  [34da2185] + Compat v2.2.0
  [a81c6b42] + Compose v0.8.0
  [ed09eef8] + ComputationalResources v0.3.0
  [8f4d0f93] + Conda v1.3.0
  [d38c429a] + Contour v0.5.1
  [150eb455] + CoordinateTransformations v0.5.0
  [7ad07ef1] + CoupledFields v0.1.0
  [3a865a2d] + CuArrays v1.6.0
  [dc8bdbbb] + CustomUnitRanges v0.2.0
  [9a962f9c] + DataAPI v1.1.0
  [a93c6f00] + DataFrames v0.20.0
  [864edb3b] + DataStructures v0.17.6
  [e2d170a0] + DataValueInterfaces v1.0.0
  [2b5f629d] + DiffEqBase v6.10.0
  [01453d9d] + DiffEqDiffTools v1.7.0
  [163ba53b] + DiffResults v1.0.2
  [b552c78f] + DiffRules v1.0.0
  [b4f34e82] + Distances v0.8.2
  [aaf54ef3] + DistributedArrays v0.6.4
  [31c24e10] + Distributions v0.21.11
  [ffbed154] + DocStringExtensions v0.8.1
  [e1f3b4f0] + DocumentFunction v0.6.0
  [e30172f5] + Documenter v0.24.3
  [997ab1e6] + DocumenterMarkdown v0.2.0
  [2e619515] + Expat_jll v2.2.7+0
  [d4d017d3] + ExponentialUtilities v1.6.0
  [4f61f5a4] + FFTViews v0.3.0
  [7a1cc6ca] + FFTW v1.2.0
  [f5851436] + FFTW_jll v3.3.9+3
  [5789e2e9] + FileIO v1.2.0
  [1a297f60] + FillArrays v0.8.2
  [53c48c17] + FixedPointNumbers v0.6.1
  [186bb1d3] + Fontconfig v0.3.0
  [a3f928ae] + Fontconfig_jll v2.13.1+8
  [f6369f11] + ForwardDiff v0.10.8
  [d7e528f0] + FreeType2_jll v2.10.1+1
  [559328eb] + FriBidi_jll v1.0.5+2
  [069b7b12] + FunctionWrappers v1.0.0
  [de31a74c] + FunctionalCollections v0.5.0
  [0c68f7d7] + GPUArrays v2.0.1
  [c91e804a] + Gadfly v1.0.1
  [01680d73] + GenericSVD v0.2.2
  [0ef565a4] + Geodesy v0.5.0
  [78b55507] + Gettext_jll v0.20.1+0
  [7746bdde] + Glib_jll v2.59.0+1
  [a2bd30eb] + Graphics v1.0.1
  [3b182d85] + Graphite2_jll v1.3.13+1
  [f67ccb44] + HDF5 v0.12.5
  [cd3eb016] + HTTP v0.8.8
  [2e76f6c2] + HarfBuzz_jll v2.6.1+4
  [a1b4810d] + Hexagons v0.2.0
  [9fb69e20] + Hiccup v0.2.2
  [bbac6d45] + IdentityRanges v0.3.0
  [2803e5a7] + ImageAxes v0.6.2
  [a09fc81d] + ImageCore v0.8.8
  [51556ac3] + ImageDistances v0.2.7
  [6a3955dd] + ImageFiltering v0.6.8
  [bc367c6b] + ImageMetadata v0.7.2
  [787d08f9] + ImageMorphology v0.2.4
  [4e3cecfd] + ImageShow v0.2.2
  [02fcd773] + ImageTransformations v0.8.0
  [916415d5] + Images v0.19.2
  [9b13fd28] + IndirectArrays v0.5.1
  [d25df0c9] + Inflate v0.1.1
  [83e8ac13] + IniFile v0.5.0
  [1d5cc7b8] + IntelOpenMP_jll v2018.0.3+0
  [a98d9a8b] + Interpolations v0.12.5
  [8197267c] + IntervalSets v0.3.2
  [41ab1584] + InvertedIndices v1.0.0
  [b6b21f68] + Ipopt v0.6.1
  [c8e1da08] + IterTools v1.3.0
  [42fd0dbc] + IterativeSolvers v0.8.1
  [82899510] + IteratorInterfaceExtensions v1.0.0
  [4138dd39] + JLD v0.9.1
  [033835bb] + JLD2 v0.1.10
  [97c1335a] + JSExpr v0.5.1
  [682c06a0] + JSON v0.21.0
  [7d188eb4] + JSONSchema v0.2.0
  [4076af6c] + JuMP v0.20.1
  [e5e0dc1b] + Juno v0.7.2
  [5ab0869b] + KernelDensity v0.5.1
  [6133562b] + Kriging v0.5.0
  [929cbde3] + LLVM v1.3.2
  [8ac3fa9e] + LRUCache v1.0.3
  [dd4b983a] + LZO_jll v2.10.0+0
  [b964fa9f] + LaTeXStrings v1.0.3
  [50d2b5c4] + Lazy v0.13.2
  [1b4a561d] + LegacyStrings v0.4.1
  [e9f186c6] + Libffi_jll v3.2.1+0
  [d4300ac3] + Libgcrypt_jll v1.8.5+0
  [7add5ba3] + Libgpg_error_jll v1.36.0+0
  [94ce4f54] + Libiconv_jll v1.16.0+0
  [38a345b3] + Libuuid_jll v2.34.0+3
  [093fc24a] + LightGraphs v1.3.0
  [d3d80556] + LineSearches v7.0.1
  [bae27b42] + LoadTensorDecompositions v0.2.0
  [4345ca2d] + Loess v0.5.0
  [2fda8390] + LsqFit v0.9.0
  [856f044c] + MKL_jll v2019.0.117+0
  [1914dd2f] + MacroTools v0.5.3
  [d6bdc55b] + Mads v0.7.6
  [dbb5928d] + MappedArrays v0.2.2
  [b8f27783] + MathOptInterface v0.9.9
  [fdba3010] + MathProgBase v0.7.7
  [739be429] + MbedTLS v0.7.0
  [442fdcdd] + Measures v0.3.1
  [e89f7d12] + Media v0.5.0
  [b1909ce5] + MetaProgTools v0.6.0
  [e1d29d7a] + Missings v0.4.3
  [46d2c3a1] + MuladdMacro v0.2.1
  [6f286f6a] + MultivariateStats v0.7.0
  [ffc61752] + Mustache v1.0.0
  [d8a4904e] + MutableArithmetics v0.2.0
  [a975b10e] + Mux v0.7.0
  [d41bc354] + NLSolversBase v7.5.0
  [76087f3c] + NLopt v0.5.1
  [6ef6ca0d] + NMF v0.4.0
  [e40cd9e2] + NMFk v0.4.0
  [872c559c] + NNlib v0.6.2
  [1226e131] + NTFk v0.1.3
  [530fd2b5] + NTNk v0.1.2
  [77ba4419] + NaNMath v0.3.3
  [b8a86587] + NearestNeighbors v0.4.4
  [510215fc] + Observables v0.2.3
  [6fe1bfb0] + OffsetArrays v0.11.4
  [4536629a] + OpenBLAS_jll v0.3.7+1
  [efe28fd5] + OpenSpecFun_jll v0.5.3+1
  [429524aa] + Optim v0.19.7
  [87e2bd06] + OptimBase v2.0.0
  [bac558e1] + OrderedCollections v1.1.0
  [1dea7af3] + OrdinaryDiffEq v5.26.7
  [2f80f16e] + PCRE_jll v8.42.0+1
  [90014a1f] + PDMats v0.9.10
  [5432bcbf] + PaddedViews v0.4.2
  [36c8627f] + Pango_jll v1.42.4+7
  [d96e819e] + Parameters v0.12.0
  [69de0a69] + Parsers v0.3.10
  [fa939f87] + Pidfile v1.1.0
  [30392449] + Pixman_jll v0.38.4+1
  [58dd65bb] + Plotly v0.2.0
  [a03496cd] + PlotlyBase v0.3.0
  [f0f68f2c] + PlotlyJS v0.13.0
  [2dfb63ee] + PooledArrays v0.5.3
  [85a6dd25] + PositiveFactorizations v0.2.3
  [27ebfcd6] + Primes v0.4.0
  [92933f4c] + ProgressMeter v1.2.0
  [438e738f] + PyCall v1.91.2
  [d330b81b] + PyPlot v2.8.2
  [1fd47b50] + QuadGK v2.3.1
  [dca85d43] + QuartzImageIO v0.6.0
  [b3c3ace0] + RangeArrays v0.3.1
  [c84ed2f1] + Ratios v0.3.1
  [3cdcf5f2] + RecipesBase v0.7.0
  [731186ca] + RecursiveArrayTools v1.2.0
  [f2c3362d] + RecursiveFactorization v0.1.0
  [189a3867] + Reexport v0.2.0
  [ae029012] + Requires v0.5.2
  [afbf81f7] + ReusableFunctions v0.7.0
  [79098fc4] + Rmath v0.6.0
  [27aeedcb] + RobustPmap v0.6.0
  [f2b01f46] + Roots v0.8.4
  [6038ab10] + Rotations v0.13.0
  [22bb73d7] + SVR v0.7.2
  [992d4aef] + Showoff v0.3.1
  [699a6c99] + SimpleTraits v0.9.1
  [a2af1166] + SortingAlgorithms v0.3.1
  [47a9eef4] + SparseDiffTools v1.2.0
  [d4ead438] + SpatialIndexing v0.1.2
  [276daf66] + SpecialFunctions v0.9.0
  [90137ffa] + StaticArrays v0.12.1
  [2913bbd2] + StatsBase v0.32.0
  [4c63d2b9] + StatsFuns v0.9.3
  [5e0ebb24] + Strided v0.3.3
  [fd094767] + Suppressor v0.1.1
  [3783bdb8] + TableTraits v1.0.0
  [bd369af6] + Tables v0.2.11
  [04ed911b] + TensorDecompositions v1.0.0
  [6aa20fa7] + TensorOperations v2.1.1
  [9c690861] + TensorToolbox v1.0.1
  [06e1c1a7] + TiledIteration v0.2.3
  [a759f4b9] + TimerOutputs v0.5.3
  [3bb67fe8] + TranscodingStreams v0.9.5
  [a2a6695c] + TreeViews v0.3.0
  [9d95972d] + TupleTools v1.2.0
  [30578b45] + URIParser v0.4.0
  [81def892] + VersionParsing v1.2.0
  [19fa3120] + VertexSafeGraphs v0.1.0
  [0f1e0344] + WebIO v0.8.13
  [104b5d7c] + WebSockets v1.5.2
  [cc8bc4a8] + Widgets v0.6.2
  [efce3f68] + WoodburyMatrices v0.4.1
  [546b0b6d] + X11_jll v1.6.8+4
  [02c8fc9c] + XML2_jll v2.9.9+0
  [aed1982a] + XSLT_jll v1.1.33+0
  [84d6cd60] + Xorg_inputproto_jll v2.3.2+0
  [060dd47b] + Xorg_kbproto_jll v1.0.7+0
  [4f6342f7] + Xorg_libX11_jll v1.6.8+0
  [0c0b7dd1] + Xorg_libXau_jll v1.0.9+0
  [a3789734] + Xorg_libXdmcp_jll v1.1.3+0
  [1082639a] + Xorg_libXext_jll v1.3.4+0
  [ea2f1a96] + Xorg_libXrender_jll v0.9.10+0
  [14d82f49] + Xorg_libpthread_stubs_jll v0.1.0+0
  [c7cfdc94] + Xorg_libxcb_jll v1.13.0+0
  [21e99dc2] + Xorg_renderproto_jll v0.11.1+0
  [7c09cfe3] + Xorg_util_macros_jll v1.19.2+0
  [c2e9c405] + Xorg_xcb_proto_jll v1.13.0+0
  [d13bc2ba] + Xorg_xextproto_jll v7.3.0+0
  [46797783] + Xorg_xproto_jll v7.0.31+0
  [c5fb5394] + Xorg_xtrans_jll v1.4.0+0
  [ddb6d928] + YAML v0.3.2
  [83775a58] + Zlib_jll v1.2.11+7
  [700de1a5] + ZygoteRules v0.2.0
  [b53b4c65] + libpng_jll v1.6.37+2
  [2a0f44e3] + Base64 
  [ade2ca70] + Dates 
  [8bb1440f] + DelimitedFiles 
  [8ba89e20] + Distributed 
  [7b1f6079] + FileWatching 
  [9fa8497b] + Future 
  [b77e0a4c] + InteractiveUtils 
  [76f85450] + LibGit2 
  [8f399da3] + Libdl 
  [37e2e46d] + LinearAlgebra 
  [56ddb016] + Logging 
  [d6f4376e] + Markdown 
  [a63ad114] + Mmap 
  [44cfe95a] + Pkg 
  [de0858da] + Printf 
  [9abbd945] + Profile 
  [3fa0cd96] + REPL 
  [9a3f8284] + Random 
  [ea8e919c] + SHA 
  [9e88b42a] + Serialization 
  [1a1011a3] + SharedArrays 
  [6462fe0b] + Sockets 
  [2f01184e] + SparseArrays 
  [10745b16] + Statistics 
  [4607b0f0] + SuiteSparse 
  [8dfed614] + Test 
  [cf7118a7] + UUIDs 
  [4ec0a83e] + Unicode 
  Building CodecZlib ─→ `~/.julia/packages/CodecZlib/5t9zO/deps/build.log`
  Updating `/tmp/jl_PtBAha/Project.toml`
 [no changes]
  Updating `/tmp/jl_PtBAha/Manifest.toml`
 [no changes]
  Building MbedTLS ───→ `~/.julia/packages/MbedTLS/a1JFn/deps/build.log`
  Updating `/tmp/jl_4a59gf/Project.toml`
 [no changes]
  Updating `/tmp/jl_4a59gf/Manifest.toml`
 [no changes]
  Building CodecBzip2 → `~/.julia/packages/CodecBzip2/T5yr7/deps/build.log`
  Updating `/tmp/jl_rhHe4E/Project.toml`
 [no changes]
  Updating `/tmp/jl_rhHe4E/Manifest.toml`
 [no changes]
  Building Ipopt ─────→ `~/.julia/packages/Ipopt/ruIXY/deps/build.log`
  Updating `/tmp/jl_GlkDPi/Project.toml`
 [no changes]
  Updating `/tmp/jl_GlkDPi/Manifest.toml`
 [no changes]
  Building CMake ─────→ `~/.julia/packages/CMake/nSK2r/deps/build.log`
  Updating `/tmp/jl_xjIvAc/Project.toml`
 [no changes]
  Updating `/tmp/jl_xjIvAc/Manifest.toml`
 [no changes]
  Building WebIO ─────→ `~/.julia/packages/WebIO/2nnB1/deps/build.log`
  Updating `/tmp/jl_ymJ1zB/Project.toml`
 [no changes]
  Updating `/tmp/jl_ymJ1zB/Manifest.toml`
 [no changes]
  Building Rmath ─────→ `~/.julia/packages/Rmath/BoBag/deps/build.log`
  Updating `/tmp/jl_9Fh6Vi/Project.toml`
 [no changes]
  Updating `/tmp/jl_9Fh6Vi/Manifest.toml`
 [no changes]
  Building Blosc ─────→ `~/.julia/packages/Blosc/lzFr0/deps/build.log`
  Updating `/tmp/jl_wIlpce/Project.toml`
 [no changes]
  Updating `/tmp/jl_wIlpce/Manifest.toml`
 [no changes]
  Building HDF5 ──────→ `~/.julia/packages/HDF5/Zh9on/deps/build.log`
  Updating `/tmp/jl_rgpaaQ/Project.toml`
 [no changes]
  Updating `/tmp/jl_rgpaaQ/Manifest.toml`
 [no changes]
  Building Conda ─────→ `~/.julia/packages/Conda/kLXeC/deps/build.log`
  Updating `/tmp/jl_sBfZUM/Project.toml`
 [no changes]
  Updating `/tmp/jl_sBfZUM/Manifest.toml`
 [no changes]
  Building Blink ─────→ `~/.julia/packages/Blink/AO8uN/deps/build.log`
  Updating `/tmp/jl_j0QOpL/Project.toml`
 [no changes]
  Updating `/tmp/jl_j0QOpL/Manifest.toml`
 [no changes]
  Building PlotlyJS ──→ `~/.julia/packages/PlotlyJS/b9Efu/deps/build.log`
  Updating `/tmp/jl_2VKYwY/Project.toml`
 [no changes]
  Updating `/tmp/jl_2VKYwY/Manifest.toml`
 [no changes]
  Building NLopt ─────→ `~/.julia/packages/NLopt/eqN9a/deps/build.log`
  Updating `/tmp/jl_957iIu/Project.toml`
 [no changes]
  Updating `/tmp/jl_957iIu/Manifest.toml`
 [no changes]
  Building PyCall ────→ `~/.julia/packages/PyCall/ttONZ/deps/build.log`
  Updating `/tmp/jl_4Gh51l/Project.toml`
 [no changes]
  Updating `/tmp/jl_4Gh51l/Manifest.toml`
 [no changes]
  Building FFTW ──────→ `~/.julia/packages/FFTW/qqcBj/deps/build.log`
  Updating `/tmp/jl_vTjv2r/Project.toml`
 [no changes]
  Updating `/tmp/jl_vTjv2r/Manifest.toml`
 [no changes]
  Building NMFk ──────→ `~/.julia/packages/NMFk/1BR4n/deps/build.log`
  Updating `/tmp/jl_8YWn8z/Project.toml`
 [no changes]
  Updating `/tmp/jl_8YWn8z/Manifest.toml`
 [no changes]
  Building NNlib ─────→ `~/.julia/packages/NNlib/udnNA/deps/build.log`
  Updating `/tmp/jl_Rg9Gnb/Project.toml`
 [no changes]
  Updating `/tmp/jl_Rg9Gnb/Manifest.toml`
 [no changes]
  Building Fontconfig → `~/.julia/packages/Fontconfig/EPLI0/deps/build.log`
  Updating `/tmp/jl_Yb3ynY/Project.toml`
 [no changes]
  Updating `/tmp/jl_Yb3ynY/Manifest.toml`
 [no changes]
  Building SVR ───────→ `~/.julia/packages/SVR/o8fSi/deps/build.log`
  Updating `/tmp/jl_hjGwRb/Project.toml`
 [no changes]
  Updating `/tmp/jl_hjGwRb/Manifest.toml`
 [no changes]
  Building Mads ──────→ `~/.julia/packages/Mads/6Fc5K/deps/build.log`
  Updating `/tmp/jl_63nQOB/Project.toml`
 [no changes]
  Updating `/tmp/jl_63nQOB/Manifest.toml`
 [no changes]
  Building NTFk ──────→ `~/.julia/packages/NTFk/AIDfQ/deps/build.log`
  Updating `/tmp/jl_5tXwRw/Project.toml`
 [no changes]
  Updating `/tmp/jl_5tXwRw/Manifest.toml`
 [no changes]
┌ Error: Error building `NTFk`: 
│ Requirement already up-to-date: pip in /home/pkgeval/.local/lib/python3.6/site-packages (19.3.1)
│ Requirement already up-to-date: setuptools in /home/pkgeval/.local/lib/python3.6/site-packages (42.0.2)
│ Collecting tensorly
│   Downloading https://files.pythonhosted.org/packages/37/d6/8ddeec3d840635b78fdb1ed8f3dae938553b0a38c245b9c59845e89e4c2b/tensorly-0.4.5.tar.gz (70kB)
│ Requirement already satisfied: matplotlib in /usr/lib/python3/dist-packages (2.1.1)
│ Collecting pytorch
│   Downloading https://files.pythonhosted.org/packages/ee/67/f403d4ae6e9cd74b546ee88cccdb29b8415a9c1b3d80aebeb20c9ea91d96/pytorch-1.0.2.tar.gz
│ Collecting tensorflow
│   Downloading https://files.pythonhosted.org/packages/46/0f/7bd55361168bb32796b360ad15a25de6966c9c1beb58a8e30c01c8279862/tensorflow-2.0.0-cp36-cp36m-manylinux2010_x86_64.whl (86.3MB)
│ Collecting mxnet
│   Downloading https://files.pythonhosted.org/packages/92/6c/c6e5562f8face683cec73f5d4d74a58f8572c0595d54f1fed9d923020bbd/mxnet-1.5.1.post0-py2.py3-none-manylinux1_x86_64.whl (25.4MB)
│ Requirement already satisfied: numpy in /usr/lib/python3/dist-packages (from tensorly) (1.13.3)
│ Collecting scipy
│   Downloading https://files.pythonhosted.org/packages/dc/29/162476fd44203116e7980cfbd9352eef9db37c49445d1fec35509022f6aa/scipy-1.4.1-cp36-cp36m-manylinux1_x86_64.whl (26.1MB)
│ Collecting nose
│   Downloading https://files.pythonhosted.org/packages/15/d8/dd071918c040f50fa1cf80da16423af51ff8ce4a0f2399b7bf8de45ac3d9/nose-1.3.7-py3-none-any.whl (154kB)
│ Collecting gast==0.2.2
│   Downloading https://files.pythonhosted.org/packages/4e/35/11749bf99b2d4e3cceb4d55ca22590b0d7c2c62b9de38ac4a4a7f4687421/gast-0.2.2.tar.gz
│ Collecting tensorboard<2.1.0,>=2.0.0
│   Downloading https://files.pythonhosted.org/packages/76/54/99b9d5d52d5cb732f099baaaf7740403e83fe6b0cedde940fabd2b13d75a/tensorboard-2.0.2-py3-none-any.whl (3.8MB)
│ Collecting astor>=0.6.0
│   Downloading https://files.pythonhosted.org/packages/c3/88/97eef84f48fa04fbd6750e62dcceafba6c63c81b7ac1420856c8dcc0a3f9/astor-0.8.1-py2.py3-none-any.whl
│ Collecting keras-preprocessing>=1.0.5
│   Downloading https://files.pythonhosted.org/packages/28/6a/8c1f62c37212d9fc441a7e26736df51ce6f0e38455816445471f10da4f0a/Keras_Preprocessing-1.1.0-py2.py3-none-any.whl (41kB)
│ Requirement already satisfied: six>=1.10.0 in /usr/lib/python3/dist-packages (from tensorflow) (1.11.0)
│ Collecting keras-applications>=1.0.8
│   Downloading https://files.pythonhosted.org/packages/71/e3/19762fdfc62877ae9102edf6342d71b28fbfd9dea3d2f96a882ce099b03f/Keras_Applications-1.0.8-py3-none-any.whl (50kB)
│ Collecting grpcio>=1.8.6
│   Downloading https://files.pythonhosted.org/packages/17/8f/f79c5c174bebece41f824dd7b1ba98da45dc2d4c373b38ac6a7f6a5acb5e/grpcio-1.26.0-cp36-cp36m-manylinux2010_x86_64.whl (2.4MB)
│ Collecting tensorflow-estimator<2.1.0,>=2.0.0
│   Downloading https://files.pythonhosted.org/packages/fc/08/8b927337b7019c374719145d1dceba21a8bb909b93b1ad6f8fb7d22c1ca1/tensorflow_estimator-2.0.1-py2.py3-none-any.whl (449kB)
│ Collecting termcolor>=1.1.0
│   Downloading https://files.pythonhosted.org/packages/8a/48/a76be51647d0eb9f10e2a4511bf3ffb8cc1e6b14e9e4fab46173aa79f981/termcolor-1.1.0.tar.gz
│ Collecting absl-py>=0.7.0
│   Downloading https://files.pythonhosted.org/packages/1a/53/9243c600e047bd4c3df9e69cfabc1e8004a82cac2e0c484580a78a94ba2a/absl-py-0.9.0.tar.gz (104kB)
│ Collecting opt-einsum>=2.3.2
│   Downloading https://files.pythonhosted.org/packages/b8/83/755bd5324777875e9dff19c2e59daec837d0378c09196634524a3d7269ac/opt_einsum-3.1.0.tar.gz (69kB)
│ Collecting google-pasta>=0.1.6
│   Downloading https://files.pythonhosted.org/packages/c3/fd/1e86bc4837cc9a3a5faf3db9b1854aa04ad35b5f381f9648fbe81a6f94e4/google_pasta-0.1.8-py3-none-any.whl (57kB)
│ Collecting wrapt>=1.11.1
│   Downloading https://files.pythonhosted.org/packages/23/84/323c2415280bc4fc880ac5050dddfb3c8062c2552b34c2e512eb4aa68f79/wrapt-1.11.2.tar.gz
│ Collecting protobuf>=3.6.1
│   Downloading https://files.pythonhosted.org/packages/ca/ac/838c8c8a5f33a58132dd2ad2a30329f6ae1614a9f56ffb79eaaf71a9d156/protobuf-3.11.2-cp36-cp36m-manylinux1_x86_64.whl (1.3MB)
│ Requirement already satisfied: wheel>=0.26 in /home/pkgeval/.local/lib/python3.6/site-packages (from tensorflow) (0.33.6)
│ Collecting graphviz<0.9.0,>=0.8.1
│   Downloading https://files.pythonhosted.org/packages/53/39/4ab213673844e0c004bed8a0781a0721a3f6bb23eb8854ee75c236428892/graphviz-0.8.4-py2.py3-none-any.whl
│ Collecting requests<3,>=2.20.0
│   Downloading https://files.pythonhosted.org/packages/51/bd/23c926cd341ea6b7dd0b2a00aba99ae0f828be89d72b2190f27c11d4b7fb/requests-2.22.0-py2.py3-none-any.whl (57kB)
│ Collecting markdown>=2.6.8
│   Downloading https://files.pythonhosted.org/packages/c0/4e/fd492e91abdc2d2fcb70ef453064d980688762079397f779758e055f6575/Markdown-3.1.1-py2.py3-none-any.whl (87kB)
│ Collecting google-auth<2,>=1.6.3
│   Downloading https://files.pythonhosted.org/packages/36/f8/84b5771faec3eba9fe0c91c8c5896364a8ba08852c0dea5ad2025026dd95/google_auth-1.10.0-py2.py3-none-any.whl (76kB)
│ Collecting werkzeug>=0.11.15
│   Downloading https://files.pythonhosted.org/packages/ce/42/3aeda98f96e85fd26180534d36570e4d18108d62ae36f87694b476b83d6f/Werkzeug-0.16.0-py2.py3-none-any.whl (327kB)
│ Requirement already satisfied: setuptools>=41.0.0 in /home/pkgeval/.local/lib/python3.6/site-packages (from tensorboard<2.1.0,>=2.0.0->tensorflow) (42.0.2)
│ Collecting google-auth-oauthlib<0.5,>=0.4.1
│   Downloading https://files.pythonhosted.org/packages/7b/b8/88def36e74bee9fce511c9519571f4e485e890093ab7442284f4ffaef60b/google_auth_oauthlib-0.4.1-py2.py3-none-any.whl
│ Collecting h5py
│   Downloading https://files.pythonhosted.org/packages/60/06/cafdd44889200e5438b897388f3075b52a8ef01f28a17366d91de0fa2d05/h5py-2.10.0-cp36-cp36m-manylinux1_x86_64.whl (2.9MB)
│ Collecting urllib3!=1.25.0,!=1.25.1,<1.26,>=1.21.1
│   Downloading https://files.pythonhosted.org/packages/b4/40/a9837291310ee1ccc242ceb6ebfd9eb21539649f193a7c8c86ba15b98539/urllib3-1.25.7-py2.py3-none-any.whl (125kB)
│ Collecting idna<2.9,>=2.5
│   Downloading https://files.pythonhosted.org/packages/14/2c/cd551d81dbe15200be1cf41cd03869a46fe7226e7450af7a6545bfc474c9/idna-2.8-py2.py3-none-any.whl (58kB)
│ Collecting certifi>=2017.4.17
│   Downloading https://files.pythonhosted.org/packages/b9/63/df50cac98ea0d5b006c55a399c3bf1db9da7b5a24de7890bc9cfd5dd9e99/certifi-2019.11.28-py2.py3-none-any.whl (156kB)
│ Collecting chardet<3.1.0,>=3.0.2
│   Downloading https://files.pythonhosted.org/packages/bc/a9/01ffebfb562e4274b6487b4bb1ddec7ca55ec7510b22e4c51f14098443b8/chardet-3.0.4-py2.py3-none-any.whl (133kB)
│ Collecting rsa<4.1,>=3.1.4
│   Downloading https://files.pythonhosted.org/packages/02/e5/38518af393f7c214357079ce67a317307936896e961e35450b70fad2a9cf/rsa-4.0-py2.py3-none-any.whl
│ Collecting cachetools<5.0,>=2.0.0
│   Downloading https://files.pythonhosted.org/packages/08/6a/abf83cb951617793fd49c98cb9456860f5df66ff89883c8660aa0672d425/cachetools-4.0.0-py3-none-any.whl
│ Collecting pyasn1-modules>=0.2.1
│   Downloading https://files.pythonhosted.org/packages/52/50/bb4cefca37da63a0c52218ba2cb1b1c36110d84dcbae8aa48cd67c5e95c2/pyasn1_modules-0.2.7-py2.py3-none-any.whl (131kB)
│ Collecting requests-oauthlib>=0.7.0
│   Downloading https://files.pythonhosted.org/packages/a3/12/b92740d845ab62ea4edf04d2f4164d82532b5a0b03836d4d4e71c6f3d379/requests_oauthlib-1.3.0-py2.py3-none-any.whl
│ Collecting pyasn1>=0.1.3
│   Downloading https://files.pythonhosted.org/packages/62/1e/a94a8d635fa3ce4cfc7f506003548d0a2447ae76fd5ca53932970fe3053f/pyasn1-0.4.8-py2.py3-none-any.whl (77kB)
│ Collecting oauthlib>=3.0.0
│   Downloading https://files.pythonhosted.org/packages/05/57/ce2e7a8fa7c0afb54a0581b14a65b56e62b5759dbc98e80627142b8a3704/oauthlib-3.1.0-py2.py3-none-any.whl (147kB)
│ Building wheels for collected packages: tensorly, pytorch, gast, termcolor, absl-py, opt-einsum, wrapt
│   Building wheel for tensorly (setup.py): started
│   Building wheel for tensorly (setup.py): finished with status 'done'
│   Created wheel for tensorly: filename=tensorly-0.4.5-cp36-none-any.whl size=100154 sha256=f6ec933af427ff7d9601f9209f971855767ff19871e9a117f364f3c331d1234b
│   Stored in directory: /home/pkgeval/.cache/pip/wheels/44/ae/02/8d00229a4fd0af192b48d24da903f9975c7ac10e706685fc39
│   Building wheel for pytorch (setup.py): started
│   Building wheel for pytorch (setup.py): finished with status 'error'
│   ERROR: Command errored out with exit status 1:
│    command: /usr/bin/python3 -u -c 'import sys, setuptools, tokenize; sys.argv[0] = '"'"'/tmp/pip-install-rxutxrw0/pytorch/setup.py'"'"'; __file__='"'"'/tmp/pip-install-rxutxrw0/pytorch/setup.py'"'"';f=getattr(tokenize, '"'"'open'"'"', open)(__file__);code=f.read().replace('"'"'\r\n'"'"', '"'"'\n'"'"');f.close();exec(compile(code, __file__, '"'"'exec'"'"'))' bdist_wheel -d /tmp/pip-wheel-jibm9syb --python-tag cp36
│        cwd: /tmp/pip-install-rxutxrw0/pytorch/
│   Complete output (5 lines):
│   Traceback (most recent call last):
│     File "<string>", line 1, in <module>
│     File "/tmp/pip-install-rxutxrw0/pytorch/setup.py", line 15, in <module>
│       raise Exception(message)
│   Exception: You tried to install "pytorch". The package named for PyTorch is "torch"
│   ----------------------------------------
│   ERROR: Failed building wheel for pytorch
│   Running setup.py clean for pytorch
│   Building wheel for gast (setup.py): started
│   Building wheel for gast (setup.py): finished with status 'done'
│   Created wheel for gast: filename=gast-0.2.2-cp36-none-any.whl size=7540 sha256=36ee3eb8bca7f6e73e478078812111fdaa020ead4e8c8b9ee0e212ad0e4c6c41
│   Stored in directory: /home/pkgeval/.cache/pip/wheels/5c/2e/7e/a1d4d4fcebe6c381f378ce7743a3ced3699feb89bcfbdadadd
│   Building wheel for termcolor (setup.py): started
│   Building wheel for termcolor (setup.py): finished with status 'done'
│   Created wheel for termcolor: filename=termcolor-1.1.0-cp36-none-any.whl size=4832 sha256=820ec871032af6c44e472cdb332c1c5e0fa7ddffbcdf5fd5f48330a5f3b2fced
│   Stored in directory: /home/pkgeval/.cache/pip/wheels/7c/06/54/bc84598ba1daf8f970247f550b175aaaee85f68b4b0c5ab2c6
│   Building wheel for absl-py (setup.py): started
│   Building wheel for absl-py (setup.py): finished with status 'done'
│   Created wheel for absl-py: filename=absl_py-0.9.0-cp36-none-any.whl size=121931 sha256=9316ea329d8517b31d3bbd58fb23080b4d136069d5cbd3013a79e9dc6a4149da
│   Stored in directory: /home/pkgeval/.cache/pip/wheels/8e/28/49/fad4e7f0b9a1227708cbbee4487ac8558a7334849cb81c813d
│   Building wheel for opt-einsum (setup.py): started
│   Building wheel for opt-einsum (setup.py): finished with status 'done'
│   Created wheel for opt-einsum: filename=opt_einsum-3.1.0-cp36-none-any.whl size=61682 sha256=8b108c4d36a07c5243cff4344e5fddf1974a61dc00d4a5d7aa9dedf5c1e77884
│   Stored in directory: /home/pkgeval/.cache/pip/wheels/2c/b1/94/43d03e130b929aae7ba3f8d15cbd7bc0d1cb5bb38a5c721833
│   Building wheel for wrapt (setup.py): started
│   Building wheel for wrapt (setup.py): finished with status 'done'
│   Created wheel for wrapt: filename=wrapt-1.11.2-cp36-none-any.whl size=19590 sha256=19593b6c8402ebbed9b68ce5d7a7fce794d2cc7fb5dbfb37d09f84e4f611d57c
│   Stored in directory: /home/pkgeval/.cache/pip/wheels/d7/de/2e/efa132238792efb6459a96e85916ef8597fcb3d2ae51590dfd
│ Successfully built tensorly gast termcolor absl-py opt-einsum wrapt
│ Failed to build pytorch
│ ERROR: tensorflow 2.0.0 has requirement numpy<2.0,>=1.16.0, but you'll have numpy 1.13.3 which is incompatible.
│ ERROR: mxnet 1.5.1.post0 has requirement numpy<2.0.0,>1.16.0, but you'll have numpy 1.13.3 which is incompatible.
│ Installing collected packages: scipy, nose, tensorly, pytorch, gast, markdown, pyasn1, rsa, cachetools, pyasn1-modules, google-auth, absl-py, werkzeug, grpcio, urllib3, idna, certifi, chardet, requests, protobuf, oauthlib, requests-oauthlib, google-auth-oauthlib, tensorboard, astor, keras-preprocessing, h5py, keras-applications, tensorflow-estimator, termcolor, opt-einsum, google-pasta, wrapt, tensorflow, graphviz, mxnet
│   WARNING: The scripts nosetests and nosetests-3.4 are installed in '/home/pkgeval/.local/bin' which is not on PATH.
│   Consider adding this directory to PATH or, if you prefer to suppress this warning, use --no-warn-script-location.
│     Running setup.py install for pytorch: started
│     Running setup.py install for pytorch: finished with status 'error'
│     ERROR: Command errored out with exit status 1:
│      command: /usr/bin/python3 -u -c 'import sys, setuptools, tokenize; sys.argv[0] = '"'"'/tmp/pip-install-rxutxrw0/pytorch/setup.py'"'"'; __file__='"'"'/tmp/pip-install-rxutxrw0/pytorch/setup.py'"'"';f=getattr(tokenize, '"'"'open'"'"', open)(__file__);code=f.read().replace('"'"'\r\n'"'"', '"'"'\n'"'"');f.close();exec(compile(code, __file__, '"'"'exec'"'"'))' install --record /tmp/pip-record-8z7qmw8i/install-record.txt --single-version-externally-managed --compile --user --prefix=
│          cwd: /tmp/pip-install-rxutxrw0/pytorch/
│     Complete output (5 lines):
│     Traceback (most recent call last):
│       File "<string>", line 1, in <module>
│       File "/tmp/pip-install-rxutxrw0/pytorch/setup.py", line 11, in <module>
│         raise Exception(message)
│     Exception: You tried to install "pytorch". The package named for PyTorch is "torch"
│     ----------------------------------------
│ ERROR: Command errored out with exit status 1: /usr/bin/python3 -u -c 'import sys, setuptools, tokenize; sys.argv[0] = '"'"'/tmp/pip-install-rxutxrw0/pytorch/setup.py'"'"'; __file__='"'"'/tmp/pip-install-rxutxrw0/pytorch/setup.py'"'"';f=getattr(tokenize, '"'"'open'"'"', open)(__file__);code=f.read().replace('"'"'\r\n'"'"', '"'"'\n'"'"');f.close();exec(compile(code, __file__, '"'"'exec'"'"'))' install --record /tmp/pip-record-8z7qmw8i/install-record.txt --single-version-externally-managed --compile --user --prefix= Check the logs for full command output.
│ [ Info: Checking for Python packages: ["tensorly", "matplotlib", "pytorch", "tensorflow", "mxnet"]...
│ ┌ Warning: Python packages are missing!
│ └ @ Main ~/.julia/packages/NTFk/AIDfQ/deps/build.jl:16
│ [ Info: Checking for python pip using PyCall ...
│ [ Info: Installing Python packages using pip ...
│ ┌ Warning: Installing Python packages using pip fails!
│ └ @ Main ~/.julia/packages/NTFk/AIDfQ/deps/build.jl:44
│ ┌ Warning: Python package installation using pip has failed!
│ └ @ Main ~/.julia/packages/NTFk/AIDfQ/deps/build.jl:54
│ [ Info: Using Conda instead ...
│ ERROR: LoadError: ArgumentError: Package Conda not found in current path:
│ - Run `import Pkg; Pkg.add("Conda")` to install the Conda package.
│ 
│ Stacktrace:
│  [1] require(::Module, ::Symbol) at ./loading.jl:892
│  [2] top-level scope at /home/pkgeval/.julia/packages/NTFk/AIDfQ/deps/build.jl:56
│  [3] include(::String) at ./client.jl:439
│  [4] top-level scope at none:5
│ in expression starting at /home/pkgeval/.julia/packages/NTFk/AIDfQ/deps/build.jl:1
│ caused by [exception 2]
│ PyError (PyImport_ImportModule
│ 
│ The Python package pytorch could not be found by pyimport. Usually this means
│ that you did not install pytorch in the Python version being used by PyCall.
│ 
│ PyCall is currently configured to use the Python version at:
│ 
│ /usr/bin/python3
│ 
│ and you should use whatever mechanism you usually use (apt-get, pip, conda,
│ etcetera) to install the Python package containing the pytorch module.
│ 
│ One alternative is to re-configure PyCall to use a different Python
│ version on your system: set ENV["PYTHON"] to the path/name of the python
│ executable you want to use, run Pkg.build("PyCall"), and re-launch Julia.
│ 
│ Another alternative is to configure PyCall to use a Julia-specific Python
│ distribution via the Conda.jl package (which installs a private Anaconda
│ Python distribution), which has the advantage that packages can be installed
│ and kept up-to-date via Julia.  As explained in the PyCall documentation,
│ set ENV["PYTHON"]="", run Pkg.build("PyCall"), and re-launch Julia. Then,
│ To install the pytorch module, you can use `pyimport_conda("pytorch", PKG)`,
│ where PKG is the Anaconda package the contains the module pytorch,
│ or alternatively you can use the Conda package directly (via
│ `using Conda` followed by `Conda.add` etcetera).
│ 
│ ) <class 'ModuleNotFoundError'>
│ ModuleNotFoundError("No module named 'pytorch'",)
│ 
│ Stacktrace:
│  [1] pyimport(::String) at /home/pkgeval/.julia/packages/PyCall/ttONZ/src/PyCall.jl:544
│  [2] top-level scope at /home/pkgeval/.julia/packages/NTFk/AIDfQ/deps/build.jl:1
│  [3] eval(::Module, ::Any) at ./boot.jl:331
│  [4] top-level scope at /home/pkgeval/.julia/packages/NTFk/AIDfQ/deps/build.jl:49
│  [5] include(::String) at ./client.jl:439
│  [6] top-level scope at none:5
│ caused by [exception 1]
│ PyError (PyImport_ImportModule
│ 
│ The Python package tensorly could not be found by pyimport. Usually this means
│ that you did not install tensorly in the Python version being used by PyCall.
│ 
│ PyCall is currently configured to use the Python version at:
│ 
│ /usr/bin/python3
│ 
│ and you should use whatever mechanism you usually use (apt-get, pip, conda,
│ etcetera) to install the Python package containing the tensorly module.
│ 
│ One alternative is to re-configure PyCall to use a different Python
│ version on your system: set ENV["PYTHON"] to the path/name of the python
│ executable you want to use, run Pkg.build("PyCall"), and re-launch Julia.
│ 
│ Another alternative is to configure PyCall to use a Julia-specific Python
│ distribution via the Conda.jl package (which installs a private Anaconda
│ Python distribution), which has the advantage that packages can be installed
│ and kept up-to-date via Julia.  As explained in the PyCall documentation,
│ set ENV["PYTHON"]="", run Pkg.build("PyCall"), and re-launch Julia. Then,
│ To install the tensorly module, you can use `pyimport_conda("tensorly", PKG)`,
│ where PKG is the Anaconda package the contains the module tensorly,
│ or alternatively you can use the Conda package directly (via
│ `using Conda` followed by `Conda.add` etcetera).
│ 
│ ) <class 'ModuleNotFoundError'>
│ ModuleNotFoundError("No module named 'tensorly'",)
│ 
│ Stacktrace:
│  [1] pyimport(::String) at /home/pkgeval/.julia/packages/PyCall/ttONZ/src/PyCall.jl:544
│  [2] top-level scope at /home/pkgeval/.julia/packages/NTFk/AIDfQ/deps/build.jl:1
│  [3] eval(::Module, ::Any) at ./boot.jl:331
│  [4] top-level scope at /home/pkgeval/.julia/packages/NTFk/AIDfQ/deps/build.jl:11
│  [5] include(::String) at ./client.jl:439
│  [6] top-level scope at none:5
│ PyError (PyImport_ImportModule
│ 
│ The Python package tensorly could not be found by pyimport. Usually this means
│ that you did not install tensorly in the Python version being used by PyCall.
│ 
│ PyCall is currently configured to use the Python version at:
│ 
│ /usr/bin/python3
│ 
│ and you should use whatever mechanism you usually use (apt-get, pip, conda,
│ etcetera) to install the Python package containing the tensorly module.
│ 
│ One alternative is to re-configure PyCall to use a different Python
│ version on your system: set ENV["PYTHON"] to the path/name of the python
│ executable you want to use, run Pkg.build("PyCall"), and re-launch Julia.
│ 
│ Another alternative is to configure PyCall to use a Julia-specific Python
│ distribution via the Conda.jl package (which installs a private Anaconda
│ Python distribution), which has the advantage that packages can be installed
│ and kept up-to-date via Julia.  As explained in the PyCall documentation,
│ set ENV["PYTHON"]="", run Pkg.build("PyCall"), and re-launch Julia. Then,
│ To install the tensorly module, you can use `pyimport_conda("tensorly", PKG)`,
│ where PKG is the Anaconda package the contains the module tensorly,
│ or alternatively you can use the Conda package directly (via
│ `using Conda` followed by `Conda.add` etcetera).
│ 
│ ) <class 'ModuleNotFoundError'>
│ ModuleNotFoundError("No module named 'tensorly'",)
│ 
│ Installing required python packages using pip
│ ProcessFailedException(Base.Process[Process(`python3 -m pip install --user tensorly matplotlib pytorch tensorflow mxnet`, ProcessExited(1))])
│ PyError (PyImport_ImportModule
│ 
│ The Python package pytorch could not be found by pyimport. Usually this means
│ that you did not install pytorch in the Python version being used by PyCall.
│ 
│ PyCall is currently configured to use the Python version at:
│ 
│ /usr/bin/python3
│ 
│ and you should use whatever mechanism you usually use (apt-get, pip, conda,
│ etcetera) to install the Python package containing the pytorch module.
│ 
│ One alternative is to re-configure PyCall to use a different Python
│ version on your system: set ENV["PYTHON"] to the path/name of the python
│ executable you want to use, run Pkg.build("PyCall"), and re-launch Julia.
│ 
│ Another alternative is to configure PyCall to use a Julia-specific Python
│ distribution via the Conda.jl package (which installs a private Anaconda
│ Python distribution), which has the advantage that packages can be installed
│ and kept up-to-date via Julia.  As explained in the PyCall documentation,
│ set ENV["PYTHON"]="", run Pkg.build("PyCall"), and re-launch Julia. Then,
│ To install the pytorch module, you can use `pyimport_conda("pytorch", PKG)`,
│ where PKG is the Anaconda package the contains the module pytorch,
│ or alternatively you can use the Conda package directly (via
│ `using Conda` followed by `Conda.add` etcetera).
│ 
│ ) <class 'ModuleNotFoundError'>
│ ModuleNotFoundError("No module named 'pytorch'",)
└ @ Pkg.Operations /buildworker/worker/package_linux64/build/usr/share/julia/stdlib/v1.4/Pkg/src/Operations.jl:883
   Testing NTNk
  Updating `/tmp/jl_SmAbNu/Project.toml`
 [no changes]
  Updating `/tmp/jl_SmAbNu/Manifest.toml`
 [no changes]
Running sandbox
Status `/tmp/jl_SmAbNu/Project.toml`
  [e40cd9e2] NMFk v0.4.0
  [1226e131] NTFk v0.1.3
  [530fd2b5] NTNk v0.1.2
  [9a3f8284] Random 
  [8dfed614] Test 
┌ Warning: No working GUI backend found for matplotlib
└ @ PyPlot ~/.julia/packages/PyPlot/4wzW1/src/init.jl:165
WARNING: using HTTP.stack in module Mux conflicts with an existing identifier.
WARNING: Method definition savehtml(IO, PlotlyBase.Plot{TT} where TT<:PlotlyBase.AbstractTrace) in module PlotlyBase at /home/pkgeval/.julia/packages/PlotlyBase/80KwD/src/output.jl:40 overwritten in module PlotlyJS at /home/pkgeval/.julia/packages/PlotlyJS/b9Efu/src/display.jl:334.
  ** incremental compilation may be fatally broken for this module **

WARNING: Method definition savehtml(PlotlyBase.Plot{TT} where TT<:PlotlyBase.AbstractTrace, AbstractString) in module PlotlyBase at /home/pkgeval/.julia/packages/PlotlyBase/80KwD/src/output.jl:52 overwritten in module PlotlyJS at /home/pkgeval/.julia/packages/PlotlyJS/b9Efu/src/display.jl:361.
  ** incremental compilation may be fatally broken for this module **

WARNING: Method definition savehtml(IO, PlotlyBase.Plot{TT} where TT<:PlotlyBase.AbstractTrace) in module PlotlyBase at /home/pkgeval/.julia/packages/PlotlyBase/80KwD/src/output.jl:40 overwritten in module PlotlyJS at /home/pkgeval/.julia/packages/PlotlyJS/b9Efu/src/display.jl:334.
  ** incremental compilation may be fatally broken for this module **

WARNING: Method definition savehtml(PlotlyBase.Plot{TT} where TT<:PlotlyBase.AbstractTrace, AbstractString) in module PlotlyBase at /home/pkgeval/.julia/packages/PlotlyBase/80KwD/src/output.jl:52 overwritten in module PlotlyJS at /home/pkgeval/.julia/packages/PlotlyJS/b9Efu/src/display.jl:361.
  ** incremental compilation may be fatally broken for this module **

ERROR: LoadError: LoadError: UndefVarError: installed not defined
Stacktrace:
 [1] getproperty(::Module, ::Symbol) at ./Base.jl:26
 [2] top-level scope at /home/pkgeval/.julia/packages/Plotly/C5oqo/src/v2.jl:6
 [3] include(::Module, ::String) at ./Base.jl:377
 [4] include(::String) at /home/pkgeval/.julia/packages/Plotly/C5oqo/src/Plotly.jl:1
 [5] top-level scope at /home/pkgeval/.julia/packages/Plotly/C5oqo/src/Plotly.jl:19
 [6] include(::Module, ::String) at ./Base.jl:377
 [7] top-level scope at none:2
 [8] eval at ./boot.jl:331 [inlined]
 [9] eval(::Expr) at ./client.jl:449
 [10] top-level scope at ./none:3
in expression starting at /home/pkgeval/.julia/packages/Plotly/C5oqo/src/v2.jl:6
in expression starting at /home/pkgeval/.julia/packages/Plotly/C5oqo/src/Plotly.jl:19
ERROR: LoadError: LoadError: Failed to precompile Plotly [58dd65bb-95f3-509e-9936-c39a10fdeae7] to /home/pkgeval/.julia/compiled/v1.4/Plotly/M5iCk_MAtmk.ji.
Stacktrace:
 [1] error(::String) at ./error.jl:33
 [2] compilecache(::Base.PkgId, ::String) at ./loading.jl:1270
 [3] _require(::Base.PkgId) at ./loading.jl:1029
 [4] require(::Base.PkgId) at ./loading.jl:927
 [5] require(::Module, ::Symbol) at ./loading.jl:922
 [6] include(::Module, ::String) at ./Base.jl:377
 [7] include(::String) at /home/pkgeval/.julia/packages/NMFk/1BR4n/src/NMFk.jl:13
 [8] top-level scope at /home/pkgeval/.julia/packages/NMFk/1BR4n/src/NMFk.jl:59
 [9] include(::Module, ::String) at ./Base.jl:377
 [10] top-level scope at none:2
 [11] eval at ./boot.jl:331 [inlined]
 [12] eval(::Expr) at ./client.jl:449
 [13] top-level scope at ./none:3
in expression starting at /home/pkgeval/.julia/packages/NMFk/1BR4n/src/NMFkPlot.jl:3
in expression starting at /home/pkgeval/.julia/packages/NMFk/1BR4n/src/NMFk.jl:59
ERROR: LoadError: Failed to precompile NMFk [e40cd9e2-a1df-5d90-a1fa-603fdc3dbdd8] to /home/pkgeval/.julia/compiled/v1.4/NMFk/Ywuhu_MAtmk.ji.
Stacktrace:
 [1] error(::String) at ./error.jl:33
 [2] compilecache(::Base.PkgId, ::String) at ./loading.jl:1270
 [3] _require(::Base.PkgId) at ./loading.jl:1029
 [4] require(::Base.PkgId) at ./loading.jl:927
 [5] require(::Module, ::Symbol) at ./loading.jl:922
 [6] include(::Module, ::String) at ./Base.jl:377
 [7] top-level scope at none:2
 [8] eval at ./boot.jl:331 [inlined]
 [9] eval(::Expr) at ./client.jl:449
 [10] top-level scope at ./none:3
in expression starting at /home/pkgeval/.julia/packages/NTNk/ia2wM/src/NTNk.jl:22
ERROR: LoadError: Failed to precompile NTNk [530fd2b5-bc52-54ba-93c2-82eb6468edee] to /home/pkgeval/.julia/compiled/v1.4/NTNk/B1hyD_MAtmk.ji.
Stacktrace:
 [1] error(::String) at ./error.jl:33
 [2] compilecache(::Base.PkgId, ::String) at ./loading.jl:1270
 [3] _require(::Base.PkgId) at ./loading.jl:1029
 [4] require(::Base.PkgId) at ./loading.jl:927
 [5] require(::Module, ::Symbol) at ./loading.jl:922
 [6] include(::String) at ./client.jl:439
 [7] top-level scope at none:6
in expression starting at /home/pkgeval/.julia/packages/NTNk/ia2wM/test/runtests.jl:1
err = ProcessFailedException(Base.Process[Process(`/opt/julia/bin/julia -Cnative -J/opt/julia/lib/julia/sys.so -g1 --code-coverage=none --color=no --compiled-modules=yes --check-bounds=yes --inline=yes --startup-file=no --track-allocation=none --eval 'append!(empty!(Base.DEPOT_PATH), ["/home/pkgeval/.julia", "/opt/julia/local/share/julia", "/opt/julia/share/julia", "/usr/local/share/julia"])
append!(empty!(Base.DL_LOAD_PATH), String[])

cd("/home/pkgeval/.julia/packages/NTNk/ia2wM/test")
append!(empty!(ARGS), String[])
include("/home/pkgeval/.julia/packages/NTNk/ia2wM/test/runtests.jl")
'`, ProcessExited(1))])
ERROR: Package NTNk errored during testing
Stacktrace:
 [1] pkgerror(::String, ::Vararg{String,N} where N) at /buildworker/worker/package_linux64/build/usr/share/julia/stdlib/v1.4/Pkg/src/Types.jl:54
 [2] test(::Pkg.Types.Context, ::Array{Pkg.Types.PackageSpec,1}; coverage::Bool, julia_args::Cmd, test_args::Cmd, test_fn::Nothing) at /buildworker/worker/package_linux64/build/usr/share/julia/stdlib/v1.4/Pkg/src/Operations.jl:1471
 [3] test(::Pkg.Types.Context, ::Array{Pkg.Types.PackageSpec,1}; coverage::Bool, test_fn::Nothing, julia_args::Cmd, test_args::Cmd, kwargs::Base.Iterators.Pairs{Union{},Union{},Tuple{},NamedTuple{(),Tuple{}}}) at /buildworker/worker/package_linux64/build/usr/share/julia/stdlib/v1.4/Pkg/src/API.jl:313
 [4] test(::Pkg.Types.Context, ::Array{Pkg.Types.PackageSpec,1}) at /buildworker/worker/package_linux64/build/usr/share/julia/stdlib/v1.4/Pkg/src/API.jl:300
 [5] #test#66 at /buildworker/worker/package_linux64/build/usr/share/julia/stdlib/v1.4/Pkg/src/API.jl:294 [inlined]
 [6] test at /buildworker/worker/package_linux64/build/usr/share/julia/stdlib/v1.4/Pkg/src/API.jl:294 [inlined]
 [7] #test#65 at /buildworker/worker/package_linux64/build/usr/share/julia/stdlib/v1.4/Pkg/src/API.jl:293 [inlined]
 [8] test at /buildworker/worker/package_linux64/build/usr/share/julia/stdlib/v1.4/Pkg/src/API.jl:293 [inlined]
 [9] test(::String; kwargs::Base.Iterators.Pairs{Union{},Union{},Tuple{},NamedTuple{(),Tuple{}}}) at /buildworker/worker/package_linux64/build/usr/share/julia/stdlib/v1.4/Pkg/src/API.jl:292
 [10] test(::String) at /buildworker/worker/package_linux64/build/usr/share/julia/stdlib/v1.4/Pkg/src/API.jl:292
 [11] top-level scope at none:12
