Julia Version 1.6.0-DEV.923
Commit 3dde06fe9f (2020-09-16 06:22 UTC)
Platform Info:
  OS: Linux (x86_64-linux-gnu)
  CPU: Intel(R) Xeon(R) Silver 4114 CPU @ 2.20GHz
  WORD_SIZE: 64
  LIBM: libopenlibm
  LLVM: libLLVM-9.0.1 (ORCJIT, skylake-avx512)
Environment:
  JULIA_DEPOT_PATH = ::/usr/local/share/julia
  JULIA_NUM_THREADS = 2

  Resolving package versions...
[ Info: LEGAL NOTICE: package operations send anonymous data about your system to https://pkg.julialang.org (your current package server), including the operating system and Julia versions you are using, and a random client UUID. Running `Pkg.telemetryinfo()` will show exactly what data is sent. See https://julialang.org/legal/data/ for more details about what this data is used for, how long it is retained, and how to opt out of sending it.
  Installed PooledArrays â”€â”€â”€â”€â”€â”€â”€â”€â”€â”€â”€â”€â”€â”€â”€â”€â”€ v0.5.3
  Installed InvertedIndices â”€â”€â”€â”€â”€â”€â”€â”€â”€â”€â”€â”€â”€â”€ v1.0.0
  Installed StructTypes â”€â”€â”€â”€â”€â”€â”€â”€â”€â”€â”€â”€â”€â”€â”€â”€â”€â”€ v1.1.0
  Installed StatsModels â”€â”€â”€â”€â”€â”€â”€â”€â”€â”€â”€â”€â”€â”€â”€â”€â”€â”€ v0.6.14
  Installed SpecialFunctions â”€â”€â”€â”€â”€â”€â”€â”€â”€â”€â”€â”€â”€ v0.10.3
  Installed BioSymbols â”€â”€â”€â”€â”€â”€â”€â”€â”€â”€â”€â”€â”€â”€â”€â”€â”€â”€â”€ v4.0.4
  Installed DataStructures â”€â”€â”€â”€â”€â”€â”€â”€â”€â”€â”€â”€â”€â”€â”€ v0.17.20
  Installed PhyloNetworks â”€â”€â”€â”€â”€â”€â”€â”€â”€â”€â”€â”€â”€â”€â”€â”€ v0.12.0
  Installed Combinatorics â”€â”€â”€â”€â”€â”€â”€â”€â”€â”€â”€â”€â”€â”€â”€â”€ v1.0.2
  Installed OpenSpecFun_jll â”€â”€â”€â”€â”€â”€â”€â”€â”€â”€â”€â”€â”€â”€ v0.5.3+3
  Installed NLopt_jll â”€â”€â”€â”€â”€â”€â”€â”€â”€â”€â”€â”€â”€â”€â”€â”€â”€â”€â”€â”€ v2.6.2+0
  Installed Missings â”€â”€â”€â”€â”€â”€â”€â”€â”€â”€â”€â”€â”€â”€â”€â”€â”€â”€â”€â”€â”€ v0.4.4
  Installed OrderedCollections â”€â”€â”€â”€â”€â”€â”€â”€â”€â”€â”€ v1.3.1
  Installed FASTX â”€â”€â”€â”€â”€â”€â”€â”€â”€â”€â”€â”€â”€â”€â”€â”€â”€â”€â”€â”€â”€â”€â”€â”€ v1.1.3
  Installed TranscodingStreams â”€â”€â”€â”€â”€â”€â”€â”€â”€â”€â”€ v0.9.5
  Installed CategoricalArrays â”€â”€â”€â”€â”€â”€â”€â”€â”€â”€â”€â”€ v0.8.2
  Installed IteratorInterfaceExtensions â”€â”€ v1.0.0
  Installed Compat â”€â”€â”€â”€â”€â”€â”€â”€â”€â”€â”€â”€â”€â”€â”€â”€â”€â”€â”€â”€â”€â”€â”€ v3.16.0
  Installed SortingAlgorithms â”€â”€â”€â”€â”€â”€â”€â”€â”€â”€â”€â”€ v0.3.1
  Installed CompilerSupportLibraries_jll â”€ v0.3.3+0
  Installed StatsFuns â”€â”€â”€â”€â”€â”€â”€â”€â”€â”€â”€â”€â”€â”€â”€â”€â”€â”€â”€â”€ v0.9.5
  Installed DataAPI â”€â”€â”€â”€â”€â”€â”€â”€â”€â”€â”€â”€â”€â”€â”€â”€â”€â”€â”€â”€â”€â”€ v1.3.0
  Installed StaticArrays â”€â”€â”€â”€â”€â”€â”€â”€â”€â”€â”€â”€â”€â”€â”€â”€â”€ v0.12.4
  Installed BioSequences â”€â”€â”€â”€â”€â”€â”€â”€â”€â”€â”€â”€â”€â”€â”€â”€â”€ v2.0.5
  Installed StableRNGs â”€â”€â”€â”€â”€â”€â”€â”€â”€â”€â”€â”€â”€â”€â”€â”€â”€â”€â”€ v0.1.1
  Installed DataValueInterfaces â”€â”€â”€â”€â”€â”€â”€â”€â”€â”€ v1.0.0
  Installed Distributions â”€â”€â”€â”€â”€â”€â”€â”€â”€â”€â”€â”€â”€â”€â”€â”€ v0.23.11
  Installed QuadGK â”€â”€â”€â”€â”€â”€â”€â”€â”€â”€â”€â”€â”€â”€â”€â”€â”€â”€â”€â”€â”€â”€â”€ v2.4.1
  Installed GLM â”€â”€â”€â”€â”€â”€â”€â”€â”€â”€â”€â”€â”€â”€â”€â”€â”€â”€â”€â”€â”€â”€â”€â”€â”€â”€ v1.3.10
  Installed JSON â”€â”€â”€â”€â”€â”€â”€â”€â”€â”€â”€â”€â”€â”€â”€â”€â”€â”€â”€â”€â”€â”€â”€â”€â”€ v0.21.1
  Installed Tables â”€â”€â”€â”€â”€â”€â”€â”€â”€â”€â”€â”€â”€â”€â”€â”€â”€â”€â”€â”€â”€â”€â”€ v1.0.5
  Installed StatsBase â”€â”€â”€â”€â”€â”€â”€â”€â”€â”€â”€â”€â”€â”€â”€â”€â”€â”€â”€â”€ v0.33.1
  Installed BioGenerics â”€â”€â”€â”€â”€â”€â”€â”€â”€â”€â”€â”€â”€â”€â”€â”€â”€â”€ v0.1.0
  Installed TableTraits â”€â”€â”€â”€â”€â”€â”€â”€â”€â”€â”€â”€â”€â”€â”€â”€â”€â”€ v1.0.0
  Installed ShiftedArrays â”€â”€â”€â”€â”€â”€â”€â”€â”€â”€â”€â”€â”€â”€â”€â”€ v1.0.0
  Installed Twiddle â”€â”€â”€â”€â”€â”€â”€â”€â”€â”€â”€â”€â”€â”€â”€â”€â”€â”€â”€â”€â”€â”€ v1.1.2
  Installed Parsers â”€â”€â”€â”€â”€â”€â”€â”€â”€â”€â”€â”€â”€â”€â”€â”€â”€â”€â”€â”€â”€â”€ v1.0.10
  Installed NLopt â”€â”€â”€â”€â”€â”€â”€â”€â”€â”€â”€â”€â”€â”€â”€â”€â”€â”€â”€â”€â”€â”€â”€â”€ v0.6.0
  Installed Reexport â”€â”€â”€â”€â”€â”€â”€â”€â”€â”€â”€â”€â”€â”€â”€â”€â”€â”€â”€â”€â”€ v0.2.0
  Installed FillArrays â”€â”€â”€â”€â”€â”€â”€â”€â”€â”€â”€â”€â”€â”€â”€â”€â”€â”€â”€ v0.9.6
  Installed DataFrames â”€â”€â”€â”€â”€â”€â”€â”€â”€â”€â”€â”€â”€â”€â”€â”€â”€â”€â”€ v0.21.7
  Installed IndexableBitVectors â”€â”€â”€â”€â”€â”€â”€â”€â”€â”€ v1.0.0
  Installed SentinelArrays â”€â”€â”€â”€â”€â”€â”€â”€â”€â”€â”€â”€â”€â”€â”€ v1.2.15
  Installed Rmath_jll â”€â”€â”€â”€â”€â”€â”€â”€â”€â”€â”€â”€â”€â”€â”€â”€â”€â”€â”€â”€ v0.2.2+1
  Installed PDMats â”€â”€â”€â”€â”€â”€â”€â”€â”€â”€â”€â”€â”€â”€â”€â”€â”€â”€â”€â”€â”€â”€â”€ v0.10.0
  Installed Rmath â”€â”€â”€â”€â”€â”€â”€â”€â”€â”€â”€â”€â”€â”€â”€â”€â”€â”€â”€â”€â”€â”€â”€â”€ v0.6.1
  Installed Automa â”€â”€â”€â”€â”€â”€â”€â”€â”€â”€â”€â”€â”€â”€â”€â”€â”€â”€â”€â”€â”€â”€â”€ v0.8.0
  Installed MathProgBase â”€â”€â”€â”€â”€â”€â”€â”€â”€â”€â”€â”€â”€â”€â”€â”€â”€ v0.7.8
  Installed CSV â”€â”€â”€â”€â”€â”€â”€â”€â”€â”€â”€â”€â”€â”€â”€â”€â”€â”€â”€â”€â”€â”€â”€â”€â”€â”€ v0.7.7
Updating `~/.julia/environments/v1.6/Project.toml`
  [33ad39ac] + PhyloNetworks v0.12.0
Updating `~/.julia/environments/v1.6/Manifest.toml`
  [67c07d97] + Automa v0.8.0
  [47718e42] + BioGenerics v0.1.0
  [7e6ae17a] + BioSequences v2.0.5
  [3c28c6f8] + BioSymbols v4.0.4
  [336ed68f] + CSV v0.7.7
  [324d7699] + CategoricalArrays v0.8.2
  [861a8166] + Combinatorics v1.0.2
  [34da2185] + Compat v3.16.0
  [e66e0078] + CompilerSupportLibraries_jll v0.3.3+0
  [9a962f9c] + DataAPI v1.3.0
  [a93c6f00] + DataFrames v0.21.7
  [864edb3b] + DataStructures v0.17.20
  [e2d170a0] + DataValueInterfaces v1.0.0
  [31c24e10] + Distributions v0.23.11
  [c2308a5c] + FASTX v1.1.3
  [1a297f60] + FillArrays v0.9.6
  [38e38edf] + GLM v1.3.10
  [1cb3b9ac] + IndexableBitVectors v1.0.0
  [41ab1584] + InvertedIndices v1.0.0
  [82899510] + IteratorInterfaceExtensions v1.0.0
  [682c06a0] + JSON v0.21.1
  [fdba3010] + MathProgBase v0.7.8
  [e1d29d7a] + Missings v0.4.4
  [76087f3c] + NLopt v0.6.0
  [079eb43e] + NLopt_jll v2.6.2+0
  [efe28fd5] + OpenSpecFun_jll v0.5.3+3
  [bac558e1] + OrderedCollections v1.3.1
  [90014a1f] + PDMats v0.10.0
  [69de0a69] + Parsers v1.0.10
  [33ad39ac] + PhyloNetworks v0.12.0
  [2dfb63ee] + PooledArrays v0.5.3
  [1fd47b50] + QuadGK v2.4.1
  [189a3867] + Reexport v0.2.0
  [79098fc4] + Rmath v0.6.1
  [f50d1b31] + Rmath_jll v0.2.2+1
  [91c51154] + SentinelArrays v1.2.15
  [1277b4bf] + ShiftedArrays v1.0.0
  [a2af1166] + SortingAlgorithms v0.3.1
  [276daf66] + SpecialFunctions v0.10.3
  [860ef19b] + StableRNGs v0.1.1
  [90137ffa] + StaticArrays v0.12.4
  [2913bbd2] + StatsBase v0.33.1
  [4c63d2b9] + StatsFuns v0.9.5
  [3eaba693] + StatsModels v0.6.14
  [856f2bd8] + StructTypes v1.1.0
  [3783bdb8] + TableTraits v1.0.0
  [bd369af6] + Tables v1.0.5
  [3bb67fe8] + TranscodingStreams v0.9.5
  [7200193e] + Twiddle v1.1.2
  [2a0f44e3] + Base64
  [ade2ca70] + Dates
  [8bb1440f] + DelimitedFiles
  [8ba89e20] + Distributed
  [9fa8497b] + Future
  [b77e0a4c] + InteractiveUtils
  [76f85450] + LibGit2
  [8f399da3] + Libdl
  [37e2e46d] + LinearAlgebra
  [56ddb016] + Logging
  [d6f4376e] + Markdown
  [a63ad114] + Mmap
  [44cfe95a] + Pkg
  [de0858da] + Printf
  [3fa0cd96] + REPL
  [9a3f8284] + Random
  [ea8e919c] + SHA
  [9e88b42a] + Serialization
  [1a1011a3] + SharedArrays
  [6462fe0b] + Sockets
  [2f01184e] + SparseArrays
  [10745b16] + Statistics
  [4607b0f0] + SuiteSparse
  [fa267f1f] + TOML
  [8dfed614] + Test
  [cf7118a7] + UUIDs
  [4ec0a83e] + Unicode
    Testing PhyloNetworks
Status `/tmp/jl_BuYsET/Project.toml`
  [7e6ae17a] BioSequences v2.0.5
  [3c28c6f8] BioSymbols v4.0.4
  [336ed68f] CSV v0.7.7
  [861a8166] Combinatorics v1.0.2
  [a93c6f00] DataFrames v0.21.7
  [864edb3b] DataStructures v0.17.20
  [31c24e10] Distributions v0.23.11
  [c2308a5c] FASTX v1.1.3
  [38e38edf] GLM v1.3.10
  [76087f3c] NLopt v0.6.0
  [33ad39ac] PhyloNetworks v0.12.0
  [90137ffa] StaticArrays v0.12.4
  [2913bbd2] StatsBase v0.33.1
  [4c63d2b9] StatsFuns v0.9.5
  [3eaba693] StatsModels v0.6.14
  [ade2ca70] Dates
  [8ba89e20] Distributed
  [37e2e46d] LinearAlgebra
  [de0858da] Printf
  [9a3f8284] Random
  [10745b16] Statistics
  [8dfed614] Test
Status `/tmp/jl_BuYsET/Manifest.toml`
  [67c07d97] Automa v0.8.0
  [47718e42] BioGenerics v0.1.0
  [7e6ae17a] BioSequences v2.0.5
  [3c28c6f8] BioSymbols v4.0.4
  [336ed68f] CSV v0.7.7
  [324d7699] CategoricalArrays v0.8.2
  [861a8166] Combinatorics v1.0.2
  [34da2185] Compat v3.16.0
  [e66e0078] CompilerSupportLibraries_jll v0.3.3+0
  [9a962f9c] DataAPI v1.3.0
  [a93c6f00] DataFrames v0.21.7
  [864edb3b] DataStructures v0.17.20
  [e2d170a0] DataValueInterfaces v1.0.0
  [31c24e10] Distributions v0.23.11
  [c2308a5c] FASTX v1.1.3
  [1a297f60] FillArrays v0.9.6
  [38e38edf] GLM v1.3.10
  [1cb3b9ac] IndexableBitVectors v1.0.0
  [41ab1584] InvertedIndices v1.0.0
  [82899510] IteratorInterfaceExtensions v1.0.0
  [682c06a0] JSON v0.21.1
  [fdba3010] MathProgBase v0.7.8
  [e1d29d7a] Missings v0.4.4
  [76087f3c] NLopt v0.6.0
  [079eb43e] NLopt_jll v2.6.2+0
  [efe28fd5] OpenSpecFun_jll v0.5.3+3
  [bac558e1] OrderedCollections v1.3.1
  [90014a1f] PDMats v0.10.0
  [69de0a69] Parsers v1.0.10
  [33ad39ac] PhyloNetworks v0.12.0
  [2dfb63ee] PooledArrays v0.5.3
  [1fd47b50] QuadGK v2.4.1
  [189a3867] Reexport v0.2.0
  [79098fc4] Rmath v0.6.1
  [f50d1b31] Rmath_jll v0.2.2+1
  [91c51154] SentinelArrays v1.2.15
  [1277b4bf] ShiftedArrays v1.0.0
  [a2af1166] SortingAlgorithms v0.3.1
  [276daf66] SpecialFunctions v0.10.3
  [860ef19b] StableRNGs v0.1.1
  [90137ffa] StaticArrays v0.12.4
  [2913bbd2] StatsBase v0.33.1
  [4c63d2b9] StatsFuns v0.9.5
  [3eaba693] StatsModels v0.6.14
  [856f2bd8] StructTypes v1.1.0
  [3783bdb8] TableTraits v1.0.0
  [bd369af6] Tables v1.0.5
  [3bb67fe8] TranscodingStreams v0.9.5
  [7200193e] Twiddle v1.1.2
  [2a0f44e3] Base64
  [ade2ca70] Dates
  [8bb1440f] DelimitedFiles
  [8ba89e20] Distributed
  [9fa8497b] Future
  [b77e0a4c] InteractiveUtils
  [76f85450] LibGit2
  [8f399da3] Libdl
  [37e2e46d] LinearAlgebra
  [56ddb016] Logging
  [d6f4376e] Markdown
  [a63ad114] Mmap
  [44cfe95a] Pkg
  [de0858da] Printf
  [3fa0cd96] REPL
  [9a3f8284] Random
  [ea8e919c] SHA
  [9e88b42a] Serialization
  [1a1011a3] SharedArrays
  [6462fe0b] Sockets
  [2f01184e] SparseArrays
  [10745b16] Statistics
  [4607b0f0] SuiteSparse
  [fa267f1f] TOML
  [8dfed614] Test
  [cf7118a7] UUIDs
  [4ec0a83e] Unicode
    Testing Running tests...
[ Info: Compiling bit-parallel GC counter for LongSequence{<:NucleicAcidAlphabet}
[ Info: Compiling bit-parallel mismatch counter for LongSequence{<:NucleicAcidAlphabet}
[ Info: Compiling bit-parallel match counter for LongSequence{<:NucleicAcidAlphabet}
[ Info: Compiling bit-parallel ambiguity counter...
[ Info: 	For a single LongSequence{<:NucleicAcidAlphabet}
[ Info: 	For a pair of LongSequence{<:NucleicAcidAlphabet}s
[ Info: Compiling bit-parallel certainty counter for LongSequence{<:NucleicAcidAlphabet}
[ Info: Compiling bit-parallel gap counter for LongSequence{<:NucleicAcidAlphabet}
â”Œ Warning: PhyloNetworks.CHECKNET is true: will slow snaq! down.
â”” @ PhyloNetworks ~/.julia/packages/PhyloNetworks/CkmDl/src/auxiliary.jl:9
PhyloNetworks.CHECKNET = true
[ Info: starting test_auxillary.jl
Test Summary: | Pass  Total
auxiliary     |   24     24
[1m[32mPASSED[0m: test_auxillary.jl
[ Info: starting test_addHybrid.jl
Test Summary:               | Pass  Total
addhybridedge! top function |   11     11
Test Summary:                  | Pass  Total
addhybridedge! helper function |   14     14
Test Summary:           | Pass  Total
edge checking functions |   11     11
[1m[32mPASSED[0m: test_addHybrid.jl
[ Info: starting test_5taxon_readTopology.jl
hybrid edges for hybrid node 3 have missing gamma's, set default: 0.9,0.1
hybrid edges for hybrid node 5 have missing gamma's, set default: 0.9,0.1
hybrid edges for hybrid node 3 have missing gamma's, set default: 0.9,0.1
hybrid edges for hybrid node 2 have missing gamma's, set default: 0.9,0.1
hybrid edges for hybrid node 3 have missing gamma's, set default: 0.9,0.1
[1m[32mPASSED[0m: test_5taxon_readTopology.jl
[ Info: starting test_calculateExpCF.jl
hybrid edges for hybrid node 5 have missing gamma's, set default: 0.9,0.1
hybrid edges for hybrid node 3 have missing gamma's, set default: 0.9,0.1
[1m[32mPASSED[0m: test_calculateExpCF.jl
[ Info: starting test_calculateExpCF2.jl
hybrid edges for hybrid node 5 have missing gamma's, set default: 0.9,0.1
[1m[32mPASSED[0m: test_calculateExpCF2.jl
[ Info: starting test_hasEdge.jl
hybrid edges for hybrid node 5 have missing gamma's, set default: 0.9,0.1
hybrid edges for hybrid node 3 have missing gamma's, set default: 0.9,0.1
[1m[32mPASSED[0m: test_hasEdge.jl
[ Info: starting test_parameters.jl
hybrid edges for hybrid node 3 have missing gamma's, set default: 0.9,0.1
hybrid edges for hybrid node 5 have missing gamma's, set default: 0.9,0.1
hybrid edges for hybrid node 3 have missing gamma's, set default: 0.9,0.1
hybrid edges for hybrid node 2 have missing gamma's, set default: 0.9,0.1
hybrid edges for hybrid node 3 have missing gamma's, set default: 0.9,0.1
[1m[32mPASSED[0m: test_parameters.jl
[ Info: starting test_correctLik.jl
between 10.0 and 20.0 gene trees per 4-taxon set
hybrid edges for hybrid node 5 have missing gamma's, set default: 0.9,0.1
Test Summary:                      | Pass  Total
correct pseudo likelihood and snaq |   22     22
[1m[32mPASSED[0m: test_correctLik.jl
[ Info: starting test_partition.jl
[1m[32mPASSED[0m: test_partition.jl
[ Info: starting test_partition2.jl
Test Summary:            | Pass  Total
test: level-1 partitions |   53     53
[1m[32mPASSED[0m: test_partition2.jl
[ Info: starting test_deleteHybridizationUpdate.jl
Test Summary:              | Pass  Total
test: delete hybridization |   94     94
[1m[32mPASSED[0m: test_deleteHybridizationUpdate.jl
[ Info: starting test_add2hyb.jl
hybrid edges for hybrid node 3 have missing gamma's, set default: 0.9,0.1
[1m[32mPASSED[0m: test_add2hyb.jl
[ Info: starting test_optBLparts.jl
hybrid edges for hybrid node 5 have missing gamma's, set default: 0.9,0.1
hybrid edges for hybrid node 3 have missing gamma's, set default: 0.9,0.1
[1m[32mPASSED[0m: test_optBLparts.jl
[ Info: starting test_undirectedOtherNetworks.jl
Test Summary:                  | Pass  Total
test: move hybrid around cycle |    2      2
[1m[32mPASSED[0m: test_undirectedOtherNetworks.jl
[ Info: starting test_manipulateNet.jl
Test Summary:   | Pass  Total
test: auxiliary |   27     27
RootMismatch: reverting to old root position.
Test Summary:                        | Pass  Total
testing directEdges! and re-rootings |   20     20
Test Summary:     | Pass  Total
testing preorder! |    3      3
Test Summary:           | Pass  Total
testing cladewiseorder! |    2      2
WARNING: both LinearAlgebra and PhyloNetworks export "rotate!"; uses of it in module Main must be qualified
testing rotate!: Error During Test at /home/pkgeval/.julia/packages/PhyloNetworks/CkmDl/test/test_manipulateNet.jl:202
  Test threw exception
  Expression: rotate!(net, -2, orderedEdgeNum = [1, 12, 9])
  UndefVarError: rotate! not defined
  Stacktrace:
    [1] (::var"#300#303")()
      @ Main ./none:0
    [2] with_logstate(f::Function, logstate::Any)
      @ Base.CoreLogging ./logging.jl:430
    [3] with_logger
      @ ./logging.jl:542 [inlined]
    [4] #collect_test_logs#45
      @ /workspace/srcdir/usr/share/julia/stdlib/v1.6/Test/src/logging.jl:51 [inlined]
    [5] collect_test_logs
      @ /workspace/srcdir/usr/share/julia/stdlib/v1.6/Test/src/logging.jl:50 [inlined]
    [6] #match_logs#46
      @ /workspace/srcdir/usr/share/julia/stdlib/v1.6/Test/src/logging.jl:186 [inlined]
    [7] match_logs(::Function)
      @ Test /workspace/srcdir/usr/share/julia/stdlib/v1.6/Test/src/logging.jl:186
    [8] top-level scope
      @ ~/.julia/packages/PhyloNetworks/CkmDl/test/test_manipulateNet.jl:202
    [9] top-level scope
      @ /workspace/srcdir/usr/share/julia/stdlib/v1.6/Test/src/Test.jl:1113
   [10] top-level scope
      @ ~/.julia/packages/PhyloNetworks/CkmDl/test/test_manipulateNet.jl:193
testing rotate!: Test Failed at /home/pkgeval/.julia/packages/PhyloNetworks/CkmDl/test/test_manipulateNet.jl:203
  Expression: [e.number for e = (net.node[12]).edge] == [1, 12, 9]
   Evaluated: [1, 9, 12] == [1, 12, 9]
Stacktrace:
 [1] top-level scope
   @ ~/.julia/packages/PhyloNetworks/CkmDl/test/test_manipulateNet.jl:203
 [2] top-level scope
   @ /workspace/srcdir/usr/share/julia/stdlib/v1.6/Test/src/Test.jl:1113
 [3] top-level scope
   @ ~/.julia/packages/PhyloNetworks/CkmDl/test/test_manipulateNet.jl:193
Test Summary:   | Fail  Error  Total
testing rotate! |    1      1      2
[1m[31mFAILED[0m: test_manipulateNet.jl
[ Info: starting test_compareNetworks.jl
Test Summary:              | Pass  Total
test sets: compareNetworks |  109    109
[1m[32mPASSED[0m: test_compareNetworks.jl
[ Info: starting test_badDiamII.jl
hybrid edges for hybrid node 3 have missing gamma's, set default: 0.9,0.1
Test Summary:                     | Pass  Total
test: bad diamond, max pseudo lik |   23     23
[1m[32mPASSED[0m: test_badDiamII.jl
[ Info: starting test_multipleAlleles.jl
test: map alleles to species: Error During Test at /home/pkgeval/.julia/packages/PhyloNetworks/CkmDl/test/test_multipleAlleles.jl:14
  Test threw exception
  Expression: mapAllelesCFtable("tmp.csv", joinpath(#= /home/pkgeval/.julia/packages/PhyloNetworks/CkmDl/test/test_multipleAlleles.jl:15 =# @__DIR__(), "..", "examples", "tableCFCI.csv"), filename = "CFmapped.csv")
  BoundsError: attempt to access Tuple{} at index [1]
  Stacktrace:
    [1] getindex(t::Tuple, i::Int64)
      @ Base ./tuple.jl:29
    [2] iterate
      @ ./tuple.jl:66 [inlined]
    [3] iterate
      @ ./iterators.jl:254 [inlined]
    [4] mapAllelesCFtable(alleleDF::String, cfDF::String; filename::String, columns::Vector{Int64}, CSVargs::Base.Iterators.Pairs{Union{}, Union{}, Tuple{}, NamedTuple{, Tuple{}}})
      @ PhyloNetworks ~/.julia/packages/PhyloNetworks/CkmDl/src/multipleAlleles.jl:44
    [5] (::var"#371#382")()
      @ Main ./none:0
    [6] with_logstate(f::Function, logstate::Any)
      @ Base.CoreLogging ./logging.jl:430
    [7] with_logger
      @ ./logging.jl:542 [inlined]
    [8] #collect_test_logs#45
      @ /workspace/srcdir/usr/share/julia/stdlib/v1.6/Test/src/logging.jl:51 [inlined]
    [9] collect_test_logs
      @ /workspace/srcdir/usr/share/julia/stdlib/v1.6/Test/src/logging.jl:50 [inlined]
   [10] #match_logs#46
      @ /workspace/srcdir/usr/share/julia/stdlib/v1.6/Test/src/logging.jl:186 [inlined]
   [11] match_logs(f::Function, patterns::Tuple{Symbol, Regex})
      @ Test /workspace/srcdir/usr/share/julia/stdlib/v1.6/Test/src/logging.jl:186
   [12] top-level scope
      @ ~/.julia/packages/PhyloNetworks/CkmDl/test/test_multipleAlleles.jl:14
   [13] top-level scope
      @ /workspace/srcdir/usr/share/julia/stdlib/v1.6/Test/src/Test.jl:1113
   [14] top-level scope
      @ ~/.julia/packages/PhyloNetworks/CkmDl/test/test_multipleAlleles.jl:5
   [15] top-level scope
      @ /workspace/srcdir/usr/share/julia/stdlib/v1.6/Test/src/Test.jl:1113
   [16] top-level scope
      @ ~/.julia/packages/PhyloNetworks/CkmDl/test/test_multipleAlleles.jl:2
test: map alleles to species: Error During Test at /home/pkgeval/.julia/packages/PhyloNetworks/CkmDl/test/test_multipleAlleles.jl:4
  Got exception outside of a @test
  IOError: unlink: no such file or directory (ENOENT)
  Stacktrace:
    [1] uv_error
      @ ./libuv.jl:97 [inlined]
    [2] unlink(p::String)
      @ Base.Filesystem ./file.jl:914
    [3] rm(path::String; force::Bool, recursive::Bool)
      @ Base.Filesystem ./file.jl:268
    [4] rm(path::String)
      @ Base.Filesystem ./file.jl:260
    [5] top-level scope
      @ ~/.julia/packages/PhyloNetworks/CkmDl/test/test_multipleAlleles.jl:18
    [6] top-level scope
      @ /workspace/srcdir/usr/share/julia/stdlib/v1.6/Test/src/Test.jl:1113
    [7] top-level scope
      @ ~/.julia/packages/PhyloNetworks/CkmDl/test/test_multipleAlleles.jl:5
    [8] top-level scope
      @ /workspace/srcdir/usr/share/julia/stdlib/v1.6/Test/src/Test.jl:1113
    [9] top-level scope
      @ ~/.julia/packages/PhyloNetworks/CkmDl/test/test_multipleAlleles.jl:2
   [10] include(fname::String)
      @ Base.MainInclude ./client.jl:444
   [11] top-level scope
      @ ~/.julia/packages/PhyloNetworks/CkmDl/test/runtests.jl:107
   [12] include(fname::String)
      @ Base.MainInclude ./client.jl:444
   [13] top-level scope
      @ none:6
   [14] eval(m::Module, e::Any)
      @ Core ./boot.jl:345
   [15] exec_options(opts::Base.JLOptions)
      @ Base ./client.jl:261
   [16] _start()
      @ Base ./client.jl:485
hybrid edges for hybrid node 3 have missing gamma's, set default: 0.9,0.1
11 unique 4-taxon sets were found. CF values of repeated 4-taxon sets will be averaged.
hybrid edges for hybrid node 2 have missing gamma's, set default: 0.9,0.1
Test Summary:                  | Pass  Error  Total
multiple alleles               |   20      2     22
  test: map alleles to species |    2      2      4
  sorttaxa!                    |    7             7
  snaq on multiple alleles     |   11            11
[1m[31mFAILED[0m: test_multipleAlleles.jl
[ Info: starting test_bootstrap.jl
Test Summary:                  | Pass  Total
testing hybridBootstrapSupport |   19     19
Test Summary:                      | Pass  Total
bootsnaq from quartet CF intervals |    3      3
bootsnaq from bootstrap gene trees, multiple procs: Test Failed at /home/pkgeval/.julia/packages/PhyloNetworks/CkmDl/test/test_bootstrap.jl:72
  Expression: writeTopology(bootnet[1], round = true, digits = 1) == "((((2,(1)#H7:::0.6):8.7,4):0.3,(6,#H7:::0.4):0.6):0.0,3,5);"
   Evaluated: "((((2,(1)#H7:::0.7):9.8,4):0.3,(6,#H7:::0.3):0.2):0.0,3,5);" == "((((2,(1)#H7:::0.6):8.7,4):0.3,(6,#H7:::0.4):0.6):0.0,3,5);"
Stacktrace:
 [1] top-level scope
   @ ~/.julia/packages/PhyloNetworks/CkmDl/test/test_bootstrap.jl:72
 [2] top-level scope
   @ /workspace/srcdir/usr/share/julia/stdlib/v1.6/Test/src/Test.jl:1113
 [3] top-level scope
   @ ~/.julia/packages/PhyloNetworks/CkmDl/test/test_bootstrap.jl:56
bootsnaq from bootstrap gene trees, multiple procs: Test Failed at /home/pkgeval/.julia/packages/PhyloNetworks/CkmDl/test/test_bootstrap.jl:77
  Expression: writeTopology(bootnet[2], round = true, digits = 1) == "(5,(((2,(1)#H7:::0.8):0.5,3):0.2,4):0.2,(6,#H7:::0.2):10.0);"
   Evaluated: "(5,(((2,(1)#H7:::0.7):9.1,4):0.9,3):0.2,(6,#H7:::0.3):2.6);" == "(5,(((2,(1)#H7:::0.8):0.5,3):0.2,4):0.2,(6,#H7:::0.2):10.0);"
Stacktrace:
 [1] top-level scope
   @ ~/.julia/packages/PhyloNetworks/CkmDl/test/test_bootstrap.jl:77
 [2] top-level scope
   @ /workspace/srcdir/usr/share/julia/stdlib/v1.6/Test/src/Test.jl:1113
 [3] top-level scope
   @ ~/.julia/packages/PhyloNetworks/CkmDl/test/test_bootstrap.jl:56
read 1/2 bootstrap tree filesread 2/2 bootstrap tree filesTest Summary:                                      | Pass  Fail  Total
bootsnaq from bootstrap gene trees, multiple procs |   16     2     18
[1m[31mFAILED[0m: test_bootstrap.jl
[ Info: starting test_perfectData.jl
hybrid edges for hybrid node 8 have missing gamma's, set default: 0.9,0.1
hybrid edges for hybrid node 15 have missing gamma's, set default: 0.9,0.1
hybrid edges for hybrid node 4 have missing gamma's, set default: 0.9,0.1
[1m[32mPASSED[0m: test_perfectData.jl
[ Info: starting test_moves_semidirected.jl
Test Summary:           | Pass  Total
unconstrained NNI moves |  190    190
Test Summary:         | Pass  Total
constrained NNI moves |   44     44
[1m[32mPASSED[0m: test_moves_semidirected.jl
[ Info: starting test_lm.jl
Test Summary:                   | Pass  Total
phyloNetworklm on small network |   71     71
Test Summary:                      | Pass  Total
Shifts and Transgressive Evolution |   36     36
Test Summary:                                   | Pass  Total
phyloNetworklm and ancestralStateReconstruction |  154    154
Test Summary:         | Pass  Total
lambda when no signal |    7      7
phyloNetworklm with no regressor: Error During Test at /home/pkgeval/.julia/packages/PhyloNetworks/CkmDl/test/test_lm.jl:601
  Test threw exception
  Expression: show(devnull, fitbis)
  BoundsError: attempt to access Tuple{} at index [1]
  Stacktrace:
    [1] getindex(t::Tuple, i::Int64)
      @ Base ./tuple.jl:29
    [2] iterate
      @ ./tuple.jl:66 [inlined]
    [3] iterate
      @ ./iterators.jl:254 [inlined]
    [4] coeftable(model::StatsModels.TableRegressionModel{PhyloNetworkLinearModel, Matrix{Float64}}; kwargs::Base.Iterators.Pairs{Union{}, Union{}, Tuple{}, NamedTuple{, Tuple{}}})
      @ StatsModels ~/.julia/packages/StatsModels/Z5vc5/src/statsmodel.jl:173
    [5] coeftable
      @ ~/.julia/packages/StatsModels/Z5vc5/src/statsmodel.jl:173 [inlined]
    [6] show(io::Base.DevNull, model::StatsModels.TableRegressionModel{PhyloNetworkLinearModel, Matrix{Float64}})
      @ PhyloNetworks ~/.julia/packages/PhyloNetworks/CkmDl/src/traits.jl:2285
    [7] (::var"#489#490"{StatsModels.TableRegressionModel{PhyloNetworkLinearModel, Matrix{Float64}}})()
      @ Main ./none:0
    [8] with_logstate(f::Function, logstate::Any)
      @ Base.CoreLogging ./logging.jl:430
    [9] with_logger
      @ ./logging.jl:542 [inlined]
   [10] #collect_test_logs#45
      @ /workspace/srcdir/usr/share/julia/stdlib/v1.6/Test/src/logging.jl:51 [inlined]
   [11] collect_test_logs
      @ /workspace/srcdir/usr/share/julia/stdlib/v1.6/Test/src/logging.jl:50 [inlined]
   [12] #match_logs#46
      @ /workspace/srcdir/usr/share/julia/stdlib/v1.6/Test/src/logging.jl:186 [inlined]
   [13] match_logs(::Function)
      @ Test /workspace/srcdir/usr/share/julia/stdlib/v1.6/Test/src/logging.jl:186
   [14] top-level scope
      @ ~/.julia/packages/PhyloNetworks/CkmDl/test/test_lm.jl:601
   [15] top-level scope
      @ /workspace/srcdir/usr/share/julia/stdlib/v1.6/Test/src/Test.jl:1113
   [16] top-level scope
      @ ~/.julia/packages/PhyloNetworks/CkmDl/test/test_lm.jl:556
Test Summary:                    | Pass  Error  Total
phyloNetworklm with no regressor |   30      1     31
[1m[31mFAILED[0m: test_lm.jl
[ Info: starting test_lm_tree.jl
Test Summary:                   | Pass  Total
phyloNetworklm: Caudata Dataset |   53     53
Test Summary:                  | Pass  Total
phyloNetworklm: Lizard Dataset |   26     26
[1m[32mPASSED[0m: test_lm_tree.jl
[ Info: starting test_traits.jl
Test Summary:                                | Pass  Total
traits: shared path, vcv, descendence matrix |    8      8
[1m[32mPASSED[0m: test_traits.jl
[ Info: starting test_simulate.jl
Test Summary:                          | Pass  Total
Simulate function against fixed values |    5      5
Test Summary:              | Pass  Total
Simulate test distribution |   90     90
Test Summary:        | Pass  Total
Simulate with Shifts |   39     39
[1m[32mPASSED[0m: test_simulate.jl
[ Info: starting test_simulate_mbd.jl
Test Summary:                                | Pass  Total
Simulate data and check means and dimensions |    8      8
Test Summary:                           | Pass  Total
Simulate test distribution (fixed root) |    2      2
Test Summary:                            | Pass  Total
Simulate test distribution (random root) |    3      3
Test Summary:        | Pass  Total
Simulate with Shifts |   22     22
[1m[32mPASSED[0m: test_simulate_mbd.jl
[ Info: starting test_parsimony.jl
Test Summary:                            | Pass  Total
Testing parsimony score & reconstruction |   38     38
Test Summary:                   | Pass  Total
data from CSV, parsimony search |    1      1
[1m[32mPASSED[0m: test_parsimony.jl
[ Info: starting test_calibratePairwise.jl
Test Summary:                                               | Pass  Total
calibrate with distances: 3-cycle, non-identifiable example |    8      8
Test Summary:                                             | Pass  Total
calibrate with distances: 5-cycle example (when unrooted) |    8      8
[1m[32mPASSED[0m: test_calibratePairwise.jl
[ Info: starting test_relaxed_reading.jl
Test Summary:        | Pass  Total
test: newick parsing |   14     14
[1m[32mPASSED[0m: test_relaxed_reading.jl
[ Info: starting test_isMajor.jl
Test Summary:                          | Pass  Total
readTopology Hybrid Node isMajor Tests |   11     11
Test Summary:           | Pass  Total
parsing extended newick |    6      6
[1m[32mPASSED[0m: test_isMajor.jl
[ Info: starting test_interop.jl
Test Summary:                              | Pass  Total
testing interoperability, matrix-based net |   21     21
[1m[32mPASSED[0m: test_interop.jl
[ Info: starting test_traitLikDiscrete.jl
Testing random discrete trait simulation: Test Failed at /home/pkgeval/.julia/packages/PhyloNetworks/CkmDl/test/test_traitLikDiscrete.jl:109
  Expression: a == [1 2 1 1 1 1 2]
   Evaluated: [2 1 â€¦ 2 2] == [1 2 â€¦ 1 2]
Stacktrace:
 [1] top-level scope
   @ ~/.julia/packages/PhyloNetworks/CkmDl/test/test_traitLikDiscrete.jl:109
 [2] top-level scope
   @ /workspace/srcdir/usr/share/julia/stdlib/v1.6/Test/src/Test.jl:1113
 [3] top-level scope
   @ ~/.julia/packages/PhyloNetworks/CkmDl/test/test_traitLikDiscrete.jl:98
 [4] top-level scope
   @ /workspace/srcdir/usr/share/julia/stdlib/v1.6/Test/src/Test.jl:1113
 [5] top-level scope
   @ ~/.julia/packages/PhyloNetworks/CkmDl/test/test_traitLikDiscrete.jl:3
Testing random discrete trait simulation: Test Failed at /home/pkgeval/.julia/packages/PhyloNetworks/CkmDl/test/test_traitLikDiscrete.jl:129
  Expression: a == [1 1 1 2]
   Evaluated: [1 1 2 1] == [1 1 1 2]
Stacktrace:
 [1] top-level scope
   @ ~/.julia/packages/PhyloNetworks/CkmDl/test/test_traitLikDiscrete.jl:129
 [2] top-level scope
   @ /workspace/srcdir/usr/share/julia/stdlib/v1.6/Test/src/Test.jl:1113
 [3] top-level scope
   @ ~/.julia/packages/PhyloNetworks/CkmDl/test/test_traitLikDiscrete.jl:98
 [4] top-level scope
   @ /workspace/srcdir/usr/share/julia/stdlib/v1.6/Test/src/Test.jl:1113
 [5] top-level scope
   @ ~/.julia/packages/PhyloNetworks/CkmDl/test/test_traitLikDiscrete.jl:3
Testing random discrete trait simulation: Test Failed at /home/pkgeval/.julia/packages/PhyloNetworks/CkmDl/test/test_traitLikDiscrete.jl:133
  Expression: a == [1 2 1 1 1 1 1 1 1]
   Evaluated: [2 1 â€¦ 1 1] == [1 2 â€¦ 1 1]
Stacktrace:
 [1] top-level scope
   @ ~/.julia/packages/PhyloNetworks/CkmDl/test/test_traitLikDiscrete.jl:133
 [2] top-level scope
   @ /workspace/srcdir/usr/share/julia/stdlib/v1.6/Test/src/Test.jl:1113
 [3] top-level scope
   @ ~/.julia/packages/PhyloNetworks/CkmDl/test/test_traitLikDiscrete.jl:98
 [4] top-level scope
   @ /workspace/srcdir/usr/share/julia/stdlib/v1.6/Test/src/Test.jl:1113
 [5] top-level scope
   @ ~/.julia/packages/PhyloNetworks/CkmDl/test/test_traitLikDiscrete.jl:3
Unreachable reached at 0x7fca332441e7

signal (4): Illegal instruction
in expression starting at /home/pkgeval/.julia/packages/PhyloNetworks/CkmDl/test/test_traitLikDiscrete.jl:2
#fitdiscrete#728 at /home/pkgeval/.julia/packages/PhyloNetworks/CkmDl/src/traitsLikDiscrete.jl:448
fitdiscrete##kw at /home/pkgeval/.julia/packages/PhyloNetworks/CkmDl/src/traitsLikDiscrete.jl:445 [inlined]
#644 at ./none:0
unknown function (ip: 0x7fca332443bc)
_jl_invoke at /workspace/srcdir/src/gf.c:2163 [inlined]
jl_apply_generic at /workspace/srcdir/src/gf.c:2345
with_logstate at ./logging.jl:430
with_logger at ./logging.jl:542 [inlined]
#collect_test_logs#45 at /workspace/srcdir/usr/share/julia/stdlib/v1.6/Test/src/logging.jl:51 [inlined]
collect_test_logs at /workspace/srcdir/usr/share/julia/stdlib/v1.6/Test/src/logging.jl:50 [inlined]
#match_logs#46 at /workspace/srcdir/usr/share/julia/stdlib/v1.6/Test/src/logging.jl:186 [inlined]
match_logs at /workspace/srcdir/usr/share/julia/stdlib/v1.6/Test/src/logging.jl:186
unknown function (ip: 0x7fca485c6cd5)
_jl_invoke at /workspace/srcdir/src/gf.c:2163 [inlined]
jl_apply_generic at /workspace/srcdir/src/gf.c:2345
jl_apply at /workspace/srcdir/src/julia.h:1682 [inlined]
do_call at /workspace/srcdir/src/interpreter.c:115
eval_value at /workspace/srcdir/src/interpreter.c:204
eval_stmt_value at /workspace/srcdir/src/interpreter.c:155 [inlined]
eval_body at /workspace/srcdir/src/interpreter.c:561
eval_body at /workspace/srcdir/src/interpreter.c:489
eval_body at /workspace/srcdir/src/interpreter.c:489
eval_body at /workspace/srcdir/src/interpreter.c:489
eval_body at /workspace/srcdir/src/interpreter.c:489
eval_body at /workspace/srcdir/src/interpreter.c:489
jl_interpret_toplevel_thunk at /workspace/srcdir/src/interpreter.c:669
jl_toplevel_eval_flex at /workspace/srcdir/src/toplevel.c:837
jl_toplevel_eval_flex at /workspace/srcdir/src/toplevel.c:785
jl_toplevel_eval_in at /workspace/srcdir/src/toplevel.c:880
eval at ./boot.jl:345 [inlined]
include_string at ./loading.jl:1015
_jl_invoke at /workspace/srcdir/src/gf.c:2163 [inlined]
jl_apply_generic at /workspace/srcdir/src/gf.c:2345
_include at ./loading.jl:1069
include at ./client.jl:444
_jl_invoke at /workspace/srcdir/src/gf.c:2163 [inlined]
jl_apply_generic at /workspace/srcdir/src/gf.c:2345
top-level scope at /home/pkgeval/.julia/packages/PhyloNetworks/CkmDl/test/runtests.jl:107
jl_toplevel_eval_flex at /workspace/srcdir/src/toplevel.c:831
jl_toplevel_eval_flex at /workspace/srcdir/src/toplevel.c:785
jl_toplevel_eval_in at /workspace/srcdir/src/toplevel.c:880
eval at ./boot.jl:345 [inlined]
include_string at ./loading.jl:1015
_jl_invoke at /workspace/srcdir/src/gf.c:2163 [inlined]
jl_apply_generic at /workspace/srcdir/src/gf.c:2345
_include at ./loading.jl:1069
include at ./client.jl:444
_jl_invoke at /workspace/srcdir/src/gf.c:2163 [inlined]
jl_apply_generic at /workspace/srcdir/src/gf.c:2345
jl_apply at /workspace/srcdir/src/julia.h:1682 [inlined]
do_call at /workspace/srcdir/src/interpreter.c:115
eval_value at /workspace/srcdir/src/interpreter.c:204
eval_stmt_value at /workspace/srcdir/src/interpreter.c:155 [inlined]
eval_body at /workspace/srcdir/src/interpreter.c:561
jl_interpret_toplevel_thunk at /workspace/srcdir/src/interpreter.c:669
jl_toplevel_eval_flex at /workspace/srcdir/src/toplevel.c:837
jl_toplevel_eval_flex at /workspace/srcdir/src/toplevel.c:785
jl_toplevel_eval_in at /workspace/srcdir/src/toplevel.c:880
eval at ./boot.jl:345
_jl_invoke at /workspace/srcdir/src/gf.c:2163 [inlined]
jl_apply_generic at /workspace/srcdir/src/gf.c:2345
exec_options at ./client.jl:261
_start at ./client.jl:485
jfptr__start_34954.clone_1 at /opt/julia/lib/julia/sys.so (unknown line)
_jl_invoke at /workspace/srcdir/src/gf.c:2163 [inlined]
jl_apply_generic at /workspace/srcdir/src/gf.c:2345
jl_apply at /workspace/srcdir/ui/../src/julia.h:1682 [inlined]
true_main at /workspace/srcdir/ui/repl.c:106
main at /workspace/srcdir/ui/repl.c:227
__libc_start_main at /lib/x86_64-linux-gnu/libc.so.6 (unknown line)
unknown function (ip: 0x4015e4)
Allocations: 379637902 (Pool: 379414948; Big: 222954); GC: 412
ERROR: Package PhyloNetworks errored during testing (received signal: 4)
Stacktrace:
  [1] pkgerror(::String, ::Vararg{String, N} where N)
    @ Pkg.Types /workspace/srcdir/usr/share/julia/stdlib/v1.6/Pkg/src/Types.jl:52
  [2] test(ctx::Pkg.Types.Context, pkgs::Vector{Pkg.Types.PackageSpec}; coverage::Bool, julia_args::Cmd, test_args::Cmd, test_fn::Nothing)
    @ Pkg.Operations /workspace/srcdir/usr/share/julia/stdlib/v1.6/Pkg/src/Operations.jl:1580
  [3] test(ctx::Pkg.Types.Context, pkgs::Vector{Pkg.Types.PackageSpec}; coverage::Bool, test_fn::Nothing, julia_args::Cmd, test_args::Cmd, kwargs::Base.Iterators.Pairs{Union{}, Union{}, Tuple{}, NamedTuple{(), Tuple{}}})
    @ Pkg.API /workspace/srcdir/usr/share/julia/stdlib/v1.6/Pkg/src/API.jl:328
  [4] test(ctx::Pkg.Types.Context, pkgs::Vector{Pkg.Types.PackageSpec})
    @ Pkg.API /workspace/srcdir/usr/share/julia/stdlib/v1.6/Pkg/src/API.jl:315
  [5] #test#62
    @ /workspace/srcdir/usr/share/julia/stdlib/v1.6/Pkg/src/API.jl:67 [inlined]
  [6] test
    @ /workspace/srcdir/usr/share/julia/stdlib/v1.6/Pkg/src/API.jl:67 [inlined]
  [7] #test#61
    @ /workspace/srcdir/usr/share/julia/stdlib/v1.6/Pkg/src/API.jl:66 [inlined]
  [8] test
    @ /workspace/srcdir/usr/share/julia/stdlib/v1.6/Pkg/src/API.jl:66 [inlined]
  [9] test(pkg::String; kwargs::Base.Iterators.Pairs{Union{}, Union{}, Tuple{}, NamedTuple{(), Tuple{}}})
    @ Pkg.API /workspace/srcdir/usr/share/julia/stdlib/v1.6/Pkg/src/API.jl:65
 [10] test(pkg::String)
    @ Pkg.API /workspace/srcdir/usr/share/julia/stdlib/v1.6/Pkg/src/API.jl:65
 [11] top-level scope
    @ none:19
