Julia Version 1.6.0-DEV.1210
Commit a1da84c3b0 (2020-10-13 13:46 UTC)
Platform Info:
  OS: Linux (x86_64-pc-linux-gnu)
  CPU: AMD EPYC 7502 32-Core Processor
  WORD_SIZE: 64
  LIBM: libopenlibm
  LLVM: libLLVM-11.0.0 (ORCJIT, znver2)
Environment:
  JULIA_DEPOT_PATH = ::/usr/local/share/julia
  JULIA_NUM_THREADS = 2
  JULIA_MAX_NUM_PRECOMPILE_FILES = 9223372036854775807

  Resolving package versions...
  Installed Libiconv_jll ──────────────── v1.16.0+6
  Installed DataValueInterfaces ───────── v1.0.0
  Installed ExcelFiles ────────────────── v1.0.0
  Installed TableTraitsUtils ──────────── v1.0.1
  Installed ZipFile ───────────────────── v0.9.3
  Installed ExcelReaders ──────────────── v0.11.0
  Installed MacroTools ────────────────── v0.5.5
  Installed JSON ──────────────────────── v0.21.1
  Installed Parsers ───────────────────── v1.0.11
  Installed Missings ──────────────────── v0.4.4
  Installed TableShowUtils ────────────── v0.2.5
  Installed DataValues ────────────────── v0.4.13
  Installed IteratorInterfaceExtensions ─ v1.0.0
  Installed XLSX ──────────────────────── v0.7.3
  Installed IterableTables ────────────── v1.0.0
  Installed XML2_jll ──────────────────── v2.9.10+2
  Installed PyCall ────────────────────── v1.92.1
  Installed TableTraits ───────────────── v1.0.0
  Installed FileIO ────────────────────── v1.4.3
  Installed Conda ─────────────────────── v1.4.1
  Installed JLLWrappers ───────────────── v1.1.2
  Installed VersionParsing ────────────── v1.2.0
  Installed Requires ──────────────────── v1.1.0
  Installed Tables ────────────────────── v1.1.0
  Installed DataAPI ───────────────────── v1.3.0
  Installed Zlib_jll ──────────────────── v1.2.11+17
  Installed EzXML ─────────────────────── v1.1.0
Updating `~/.julia/environments/v1.6/Project.toml`
  [89b67f3b] + ExcelFiles v1.0.0
Updating `~/.julia/environments/v1.6/Manifest.toml`
  [8f4d0f93] + Conda v1.4.1
  [9a962f9c] + DataAPI v1.3.0
  [e2d170a0] + DataValueInterfaces v1.0.0
  [e7dc6d0d] + DataValues v0.4.13
  [89b67f3b] + ExcelFiles v1.0.0
  [c04bee98] + ExcelReaders v0.11.0
  [8f5d6c58] + EzXML v1.1.0
  [5789e2e9] + FileIO v1.4.3
  [1c8ee90f] + IterableTables v1.0.0
  [82899510] + IteratorInterfaceExtensions v1.0.0
  [692b3bcd] + JLLWrappers v1.1.2
  [682c06a0] + JSON v0.21.1
  [94ce4f54] + Libiconv_jll v1.16.0+6
  [1914dd2f] + MacroTools v0.5.5
  [e1d29d7a] + Missings v0.4.4
  [69de0a69] + Parsers v1.0.11
  [438e738f] + PyCall v1.92.1
  [ae029012] + Requires v1.1.0
  [5e66a065] + TableShowUtils v0.2.5
  [3783bdb8] + TableTraits v1.0.0
  [382cd787] + TableTraitsUtils v1.0.1
  [bd369af6] + Tables v1.1.0
  [81def892] + VersionParsing v1.2.0
  [fdbf4ff8] + XLSX v0.7.3
  [02c8fc9c] + XML2_jll v2.9.10+2
  [a5390f91] + ZipFile v0.9.3
  [83775a58] + Zlib_jll v1.2.11+17
  [56f22d72] + Artifacts
  [2a0f44e3] + Base64
  [ade2ca70] + Dates
  [b77e0a4c] + InteractiveUtils
  [76f85450] + LibGit2
  [8f399da3] + Libdl
  [37e2e46d] + LinearAlgebra
  [56ddb016] + Logging
  [d6f4376e] + Markdown
  [a63ad114] + Mmap
  [44cfe95a] + Pkg
  [de0858da] + Printf
  [3fa0cd96] + REPL
  [9a3f8284] + Random
  [ea8e919c] + SHA
  [9e88b42a] + Serialization
  [6462fe0b] + Sockets
  [fa267f1f] + TOML
  [8dfed614] + Test
  [cf7118a7] + UUIDs
  [4ec0a83e] + Unicode
   Building Conda ─→ `~/.julia/scratchspaces/44cfe95a-1eb2-52ea-b672-e2afdf69b78f/7a58bb32ce5d85f8bf7559aa7c2842f9aecf52fc/build.log`
   Building PyCall → `~/.julia/scratchspaces/44cfe95a-1eb2-52ea-b672-e2afdf69b78f/b6dff5fa725eff4f775f472acd86756d6e31fb02/build.log`
ERROR: Error building `PyCall`: 
PREFIX=/home/pkgeval/.julia/conda/3
WARNING: md5sum mismatch of tar archive
expected: 728a5c953844917b24246080968d03b8
     got: eb4124b53b38055f4d4cda55f4da485d  -
Unpacking payload ...
Traceback (most recent call last):
  File "entry_point.py", line 76, in <module>
  File "tarfile.py", line 2024, in extractall
  File "tarfile.py", line 2065, in extract
  File "tarfile.py", line 2137, in _extract_member
  File "tarfile.py", line 2186, in makefile
  File "tarfile.py", line 249, in copyfileobj
tarfile.ReadError: unexpected end of data
[287] Failed to execute script entry_point
  0%|          | 0/9 [00:00<?, ?it/s]                                     concurrent.futures.process._RemoteTraceback: 
'''
Traceback (most recent call last):
  File "concurrent/futures/process.py", line 368, in _queue_management_worker
  File "multiprocessing/connection.py", line 251, in recv
TypeError: __init__() missing 1 required positional argument: 'msg'
'''

The above exception was the direct cause of the following exception:

Traceback (most recent call last):
  File "entry_point.py", line 69, in <module>
  File "concurrent/futures/process.py", line 484, in _chain_from_iterable_of_lists
  File "concurrent/futures/_base.py", line 611, in result_iterator
  File "concurrent/futures/_base.py", line 439, in result
  File "concurrent/futures/_base.py", line 388, in __get_result
concurrent.futures.process.BrokenProcessPool: A process in the process pool was terminated abruptly while the future was running or pending.
[289] Failed to execute script entry_point
┌ Info: Using the Python distribution in the Conda package by default.
└ To use a different Python version, set ENV["PYTHON"]="pythoncommand" and re-run Pkg.build("PyCall").
[ Info: Downloading miniconda installer ...
[ Info: Installing miniconda ...
ERROR: LoadError: failed process: Process(`/home/pkgeval/.julia/conda/3/installer.sh -b -f -p /home/pkgeval/.julia/conda/3`, ProcessExited(1)) [1]

Stacktrace:
  [1] pipeline_error
    @ ./process.jl:525 [inlined]
  [2] run(::Cmd; wait::Bool)
    @ Base ./process.jl:440
  [3] run
    @ ./process.jl:438 [inlined]
  [4] _install_conda(env::String, force::Bool)
    @ Conda ~/.julia/packages/Conda/3rPhK/src/Conda.jl:169
  [5] _install_conda(env::String)
    @ Conda ~/.julia/packages/Conda/3rPhK/src/Conda.jl:155
  [6] runconda(args::Cmd, env::String)
    @ Conda ~/.julia/packages/Conda/3rPhK/src/Conda.jl:112
  [7] add(pkg::String, env::String; channel::String)
    @ Conda ~/.julia/packages/Conda/3rPhK/src/Conda.jl:188
  [8] add
    @ ~/.julia/packages/Conda/3rPhK/src/Conda.jl:187 [inlined]
  [9] top-level scope
    @ ~/.julia/packages/PyCall/BcTLp/deps/build.jl:84
 [10] include(fname::String)
    @ Base.MainInclude ./client.jl:444
 [11] top-level scope
    @ none:5
in expression starting at /home/pkgeval/.julia/packages/PyCall/BcTLp/deps/build.jl:43
Stacktrace:
  [1] pkgerror(msg::String)
    @ Pkg.Types /buildworker/worker/package_linux64/build/usr/share/julia/stdlib/v1.6/Pkg/src/Types.jl:52
  [2] (::Pkg.Operations.var"#75#80"{Bool, Pkg.Types.Context, String, Pkg.Types.PackageSpec})()
    @ Pkg.Operations /buildworker/worker/package_linux64/build/usr/share/julia/stdlib/v1.6/Pkg/src/Operations.jl:1002
  [3] withenv(f::Pkg.Operations.var"#75#80"{Bool, Pkg.Types.Context, String, Pkg.Types.PackageSpec}, keyvals::Pair{String, String})
    @ Base ./env.jl:161
  [4] (::Pkg.Operations.var"#102#106"{String, Pkg.Operations.var"#75#80"{Bool, Pkg.Types.Context, String, Pkg.Types.PackageSpec}, Pkg.Types.PackageSpec})()
    @ Pkg.Operations /buildworker/worker/package_linux64/build/usr/share/julia/stdlib/v1.6/Pkg/src/Operations.jl:1487
  [5] with_temp_env(fn::Pkg.Operations.var"#102#106"{String, Pkg.Operations.var"#75#80"{Bool, Pkg.Types.Context, String, Pkg.Types.PackageSpec}, Pkg.Types.PackageSpec}, temp_env::String)
    @ Pkg.Operations /buildworker/worker/package_linux64/build/usr/share/julia/stdlib/v1.6/Pkg/src/Operations.jl:1401
  [6] (::Pkg.Operations.var"#101#105"{Pkg.Operations.var"#75#80"{Bool, Pkg.Types.Context, String, Pkg.Types.PackageSpec}, Pkg.Types.Context, Pkg.Types.PackageSpec, String, Pkg.Types.Project, String})(tmp::String)
    @ Pkg.Operations /buildworker/worker/package_linux64/build/usr/share/julia/stdlib/v1.6/Pkg/src/Operations.jl:1472
  [7] mktempdir(fn::Pkg.Operations.var"#101#105"{Pkg.Operations.var"#75#80"{Bool, Pkg.Types.Context, String, Pkg.Types.PackageSpec}, Pkg.Types.Context, Pkg.Types.PackageSpec, String, Pkg.Types.Project, String}, parent::String; prefix::String)
    @ Base.Filesystem ./file.jl:711
  [8] mktempdir(fn::Function, parent::String)
    @ Base.Filesystem ./file.jl:709
  [9] sandbox(fn::Function, ctx::Pkg.Types.Context, target::Pkg.Types.PackageSpec, target_path::String, sandbox_path::String, sandbox_project_override::Pkg.Types.Project)
    @ Pkg.Operations /buildworker/worker/package_linux64/build/usr/share/julia/stdlib/v1.6/Pkg/src/Operations.jl:1439
 [10] build_versions(ctx::Pkg.Types.Context, uuids::Vector{Base.UUID}; might_need_to_resolve::Bool, verbose::Bool)
    @ Pkg.Operations /buildworker/worker/package_linux64/build/usr/share/julia/stdlib/v1.6/Pkg/src/Operations.jl:983
 [11] build_versions
    @ /buildworker/worker/package_linux64/build/usr/share/julia/stdlib/v1.6/Pkg/src/Operations.jl:922 [inlined]
 [12] add(ctx::Pkg.Types.Context, pkgs::Vector{Pkg.Types.PackageSpec}, new_git::Vector{Base.UUID}; preserve::Pkg.Types.PreserveLevel, platform::Base.BinaryPlatforms.Platform)
    @ Pkg.Operations /buildworker/worker/package_linux64/build/usr/share/julia/stdlib/v1.6/Pkg/src/Operations.jl:1198
 [13] add(ctx::Pkg.Types.Context, pkgs::Vector{Pkg.Types.PackageSpec}; preserve::Pkg.Types.PreserveLevel, platform::Base.BinaryPlatforms.Platform, kwargs::Base.Iterators.Pairs{Union{}, Union{}, Tuple{}, NamedTuple{(), Tuple{}}})
    @ Pkg.API /buildworker/worker/package_linux64/build/usr/share/julia/stdlib/v1.6/Pkg/src/API.jl:194
 [14] add
    @ /buildworker/worker/package_linux64/build/usr/share/julia/stdlib/v1.6/Pkg/src/API.jl:145 [inlined]
 [15] add(pkgs::Vector{Pkg.Types.PackageSpec}; kwargs::Base.Iterators.Pairs{Union{}, Union{}, Tuple{}, NamedTuple{(), Tuple{}}})
    @ Pkg.API /buildworker/worker/package_linux64/build/usr/share/julia/stdlib/v1.6/Pkg/src/API.jl:70
 [16] add
    @ /buildworker/worker/package_linux64/build/usr/share/julia/stdlib/v1.6/Pkg/src/API.jl:69 [inlined]
 [17] #add#21
    @ /buildworker/worker/package_linux64/build/usr/share/julia/stdlib/v1.6/Pkg/src/API.jl:67 [inlined]
 [18] add
    @ /buildworker/worker/package_linux64/build/usr/share/julia/stdlib/v1.6/Pkg/src/API.jl:67 [inlined]
 [19] #add#20
    @ /buildworker/worker/package_linux64/build/usr/share/julia/stdlib/v1.6/Pkg/src/API.jl:66 [inlined]
 [20] add(pkg::String)
    @ Pkg.API /buildworker/worker/package_linux64/build/usr/share/julia/stdlib/v1.6/Pkg/src/API.jl:66
 [21] top-level scope
    @ none:30
