Julia Version 1.6.0-DEV.415
Commit 47ffc00bb8 (2020-07-09 14:34 UTC)
Platform Info:
  OS: Linux (x86_64-linux-gnu)
  CPU: Intel(R) Xeon(R) Silver 4114 CPU @ 2.20GHz
  WORD_SIZE: 64
  LIBM: libopenlibm
  LLVM: libLLVM-9.0.1 (ORCJIT, skylake-avx512)
Environment:
  JULIA_DEPOT_PATH = ::/usr/local/share/julia
  JULIA_NUM_THREADS = 2

  Resolving package versions...
  Installed Requires ───────────────────── v1.0.1
  Installed FiniteDiff ─────────────────── v2.4.1
  Installed LineSearches ───────────────── v7.0.1
  Installed MacroTools ─────────────────── v0.5.5
  Installed Complementarity ────────────── v0.7.1
  Installed BinDeps ────────────────────── v1.0.1
  Installed MutableArithmetics ─────────── v0.2.10
  Installed StaticArrays ───────────────── v0.12.4
  Installed JSONSchema ─────────────────── v0.3.0
  Installed NaNMath ────────────────────── v0.3.3
  Installed CommonSubexpressions ───────── v0.3.0
  Installed Bzip2_jll ──────────────────── v1.0.6+2
  Installed MbedTLS_jll ────────────────── v2.16.6+1
  Installed BenchmarkTools ─────────────── v0.5.0
  Installed SpecialFunctions ───────────── v0.10.3
  Installed DiffRules ──────────────────── v1.0.1
  Installed TranscodingStreams ─────────── v0.9.5
  Installed ZipFile ────────────────────── v0.9.2
  Installed PATHSolver ─────────────────── v0.6.1
  Installed HTTP ───────────────────────── v0.8.16
  Installed NLsolve ────────────────────── v4.4.0
  Installed JuMP ───────────────────────── v0.21.3
  Installed Parsers ────────────────────── v1.0.7
  Installed DiffResults ────────────────── v1.0.2
  Installed CodecBzip2 ─────────────────── v0.7.2
  Installed IniFile ────────────────────── v0.5.0
  Installed MbedTLS ────────────────────── v1.0.2
  Installed NLSolversBase ──────────────── v7.6.1
  Installed JSON ───────────────────────── v0.21.0
  Installed Distances ──────────────────── v0.9.0
  Installed DataStructures ─────────────── v0.17.19
  Installed CodecZlib ──────────────────── v0.7.0
  Installed OpenSpecFun_jll ────────────── v0.5.3+3
  Installed CompilerSupportLibraries_jll ─ v0.3.3+0
  Installed Calculus ───────────────────── v0.5.1
  Installed Zlib_jll ───────────────────── v1.2.11+14
  Installed ArrayInterface ─────────────── v2.9.1
  Installed URIParser ──────────────────── v0.4.1
  Installed UnPack ─────────────────────── v1.0.1
  Installed Parameters ─────────────────── v0.12.1
  Installed MathOptInterface ───────────── v0.9.14
  Installed ForwardDiff ────────────────── v0.10.12
  Installed Reexport ───────────────────── v0.2.0
  Installed OrderedCollections ─────────── v1.3.0
Updating `~/.julia/environments/v1.6/Project.toml`
  [a9b2a840] + Complementarity v0.7.1
Updating `~/.julia/environments/v1.6/Manifest.toml`
  [4fba245c] + ArrayInterface v2.9.1
  [6e4b80f9] + BenchmarkTools v0.5.0
  [9e28174c] + BinDeps v1.0.1
  [6e34b625] + Bzip2_jll v1.0.6+2
  [49dc2e85] + Calculus v0.5.1
  [523fee87] + CodecBzip2 v0.7.2
  [944b1d66] + CodecZlib v0.7.0
  [bbf7d656] + CommonSubexpressions v0.3.0
  [e66e0078] + CompilerSupportLibraries_jll v0.3.3+0
  [a9b2a840] + Complementarity v0.7.1
  [864edb3b] + DataStructures v0.17.19
  [163ba53b] + DiffResults v1.0.2
  [b552c78f] + DiffRules v1.0.1
  [b4f34e82] + Distances v0.9.0
  [6a86dc24] + FiniteDiff v2.4.1
  [f6369f11] + ForwardDiff v0.10.12
  [cd3eb016] + HTTP v0.8.16
  [83e8ac13] + IniFile v0.5.0
  [682c06a0] + JSON v0.21.0
  [7d188eb4] + JSONSchema v0.3.0
  [4076af6c] + JuMP v0.21.3
  [d3d80556] + LineSearches v7.0.1
  [1914dd2f] + MacroTools v0.5.5
  [b8f27783] + MathOptInterface v0.9.14
  [739be429] + MbedTLS v1.0.2
  [c8ffd9c3] + MbedTLS_jll v2.16.6+1
  [d8a4904e] + MutableArithmetics v0.2.10
  [d41bc354] + NLSolversBase v7.6.1
  [2774e3e8] + NLsolve v4.4.0
  [77ba4419] + NaNMath v0.3.3
  [efe28fd5] + OpenSpecFun_jll v0.5.3+3
  [bac558e1] + OrderedCollections v1.3.0
  [f5f7c340] + PATHSolver v0.6.1
  [d96e819e] + Parameters v0.12.1
  [69de0a69] + Parsers v1.0.7
  [189a3867] + Reexport v0.2.0
  [ae029012] + Requires v1.0.1
  [276daf66] + SpecialFunctions v0.10.3
  [90137ffa] + StaticArrays v0.12.4
  [3bb67fe8] + TranscodingStreams v0.9.5
  [30578b45] + URIParser v0.4.1
  [3a884ed6] + UnPack v1.0.1
  [a5390f91] + ZipFile v0.9.2
  [83775a58] + Zlib_jll v1.2.11+14
  [2a0f44e3] + Base64
  [ade2ca70] + Dates
  [8ba89e20] + Distributed
  [b77e0a4c] + InteractiveUtils
  [76f85450] + LibGit2
  [8f399da3] + Libdl
  [37e2e46d] + LinearAlgebra
  [56ddb016] + Logging
  [d6f4376e] + Markdown
  [a63ad114] + Mmap
  [44cfe95a] + Pkg
  [de0858da] + Printf
  [3fa0cd96] + REPL
  [9a3f8284] + Random
  [ea8e919c] + SHA
  [9e88b42a] + Serialization
  [6462fe0b] + Sockets
  [2f01184e] + SparseArrays
  [10745b16] + Statistics
  [8dfed614] + Test
  [cf7118a7] + UUIDs
  [4ec0a83e] + Unicode
   Building PATHSolver → `~/.julia/packages/PATHSolver/tJVDr/deps/build.log`
┌ Error: Error building `PATHSolver`: 
│   % Total    % Received % Xferd  Average Speed   Time    Time     Time  Current
│                                  Dload  Upload   Total   Spent    Left  Speed
│   0     0    0     0    0     0      0      0 --:--:-- --:--:-- --:--:--     0100   123  100   123    0     0    763      0 --:--:-- --:--:-- --:--:--   768
│ 100  173k    0  173k    0     0   426k      0 --:--:-- --:--:-- --:--:--  426k100  493k    0  493k    0     0  1074k      0 --:--:-- --:--:-- --:--:-- 6147k
│ if [ ! -d pathlib-4.7.03 ]; \
│ then \
│ 	wget https://github.com/ampl/pathlib/archive/4.7.03.tar.gz; \
│ 	tar -zxvf 4.7.03.tar.gz; \
│ 	rm -rf 4.7.03.tar.gz*; \
│ fi;
│ /bin/sh: 3: wget: not found
│ tar (child): 4.7.03.tar.gz: Cannot open: No such file or directory
│ tar (child): Error is not recoverable: exiting now
│ tar: Child returned status 2
│ tar: Error is not recoverable: exiting now
│ gcc -I./pathlib-4.7.03/include -m64 -shared -fPIC -Wl,-soname,libpath47julia.so -o libpath47julia.so pathjulia.c ./pathlib-4.7.03/lib/linux64/libpath47.a -lm
│ gcc: error: ./pathlib-4.7.03/lib/linux64/libpath47.a: No such file or directory
│ Makefile:36: recipe for target 'linux64' failed
│ make: *** [linux64] Error 1
│ [ Info: Attempting to create directory /home/pkgeval/.julia/packages/PATHSolver/tJVDr/deps/downloads
│ [ Info: Downloading file https://github.com/chkwon/PathJulia/archive/0.1.2.tar.gz
│ [ Info: Done downloading file https://github.com/chkwon/PathJulia/archive/0.1.2.tar.gz
│ [ Info: Attempting to create directory /home/pkgeval/.julia/packages/PATHSolver/tJVDr/deps/src
│ [ Info: Attempting to create directory /home/pkgeval/.julia/packages/PATHSolver/tJVDr/deps
│ [ Info: Directory /home/pkgeval/.julia/packages/PATHSolver/tJVDr/deps already exists
│ [ Info: Attempting to create directory /home/pkgeval/.julia/packages/PATHSolver/tJVDr/deps/usr/lib
│ [ Info: Changing directory to /home/pkgeval/.julia/packages/PATHSolver/tJVDr/deps/src/PathJulia-0.1.2/src
│ ERROR: LoadError: failed process: Process(`make linux64`, ProcessExited(2)) [2]
│ 
│ Stacktrace:
│  [1] pipeline_error
│    @ ./process.jl:525 [inlined]
│  [2] run(::Cmd; wait::Bool)
│    @ Base ./process.jl:440
│  [3] run(::Cmd)
│    @ Base ./process.jl:438
│  [4] run(s::BinDeps.SynchronousStepCollection)
│    @ BinDeps ~/.julia/packages/BinDeps/QvmEl/src/BinDeps.jl:524
│  [5] satisfy!(dep::BinDeps.LibraryDependency, methods::Vector{DataType})
│    @ BinDeps ~/.julia/packages/BinDeps/QvmEl/src/dependencies.jl:951
│  [6] satisfy!(dep::BinDeps.LibraryDependency)
│    @ BinDeps ~/.julia/packages/BinDeps/QvmEl/src/dependencies.jl:929
│  [7] top-level scope
│    @ ~/.julia/packages/BinDeps/QvmEl/src/dependencies.jl:984
│  [8] include(fname::String)
│    @ Base.MainInclude ./client.jl:444
│  [9] top-level scope
│    @ none:5
│ in expression starting at /home/pkgeval/.julia/packages/PATHSolver/tJVDr/deps/build.jl:96
└ @ Pkg.Operations /workspace/srcdir/usr/share/julia/stdlib/v1.6/Pkg/src/Operations.jl:936
    Testing Complementarity
Status `/tmp/jl_6BzpqA/Project.toml`
  [a9b2a840] Complementarity v0.7.1
  [b6b21f68] Ipopt v0.6.2
  [4076af6c] JuMP v0.21.3
  [b8f27783] MathOptInterface v0.9.14
  [2774e3e8] NLsolve v4.4.0
  [f5f7c340] PATHSolver v0.6.1
  [37e2e46d] LinearAlgebra
  [de0858da] Printf
  [2f01184e] SparseArrays
  [8dfed614] Test
Status `/tmp/jl_6BzpqA/Manifest.toml`
  [ae81ac8f] ASL_jll v0.1.1+3
  [4fba245c] ArrayInterface v2.9.1
  [6e4b80f9] BenchmarkTools v0.5.0
  [9e28174c] BinDeps v1.0.1
  [b99e7846] BinaryProvider v0.5.10
  [6e34b625] Bzip2_jll v1.0.6+2
  [49dc2e85] Calculus v0.5.1
  [523fee87] CodecBzip2 v0.7.2
  [944b1d66] CodecZlib v0.7.0
  [bbf7d656] CommonSubexpressions v0.3.0
  [e66e0078] CompilerSupportLibraries_jll v0.3.3+0
  [a9b2a840] Complementarity v0.7.1
  [864edb3b] DataStructures v0.17.19
  [163ba53b] DiffResults v1.0.2
  [b552c78f] DiffRules v1.0.1
  [b4f34e82] Distances v0.9.0
  [6a86dc24] FiniteDiff v2.4.1
  [f6369f11] ForwardDiff v0.10.12
  [cd3eb016] HTTP v0.8.16
  [83e8ac13] IniFile v0.5.0
  [b6b21f68] Ipopt v0.6.2
  [9cc047cb] Ipopt_jll v3.13.2+0
  [682c06a0] JSON v0.21.0
  [7d188eb4] JSONSchema v0.3.0
  [4076af6c] JuMP v0.21.3
  [d3d80556] LineSearches v7.0.1
  [d00139f3] METIS_jll v5.1.0+4
  [d7ed1dd3] MUMPS_seq_jll v5.2.1+3
  [1914dd2f] MacroTools v0.5.5
  [b8f27783] MathOptInterface v0.9.14
  [fdba3010] MathProgBase v0.7.8
  [739be429] MbedTLS v1.0.2
  [c8ffd9c3] MbedTLS_jll v2.16.6+1
  [d8a4904e] MutableArithmetics v0.2.10
  [d41bc354] NLSolversBase v7.6.1
  [2774e3e8] NLsolve v4.4.0
  [77ba4419] NaNMath v0.3.3
  [656ef2d0] OpenBLAS32_jll v0.3.9+4
  [efe28fd5] OpenSpecFun_jll v0.5.3+3
  [bac558e1] OrderedCollections v1.3.0
  [f5f7c340] PATHSolver v0.6.1
  [d96e819e] Parameters v0.12.1
  [69de0a69] Parsers v1.0.7
  [189a3867] Reexport v0.2.0
  [ae029012] Requires v1.0.1
  [276daf66] SpecialFunctions v0.10.3
  [90137ffa] StaticArrays v0.12.4
  [3bb67fe8] TranscodingStreams v0.9.5
  [30578b45] URIParser v0.4.1
  [3a884ed6] UnPack v1.0.1
  [a5390f91] ZipFile v0.9.2
  [83775a58] Zlib_jll v1.2.11+14
  [2a0f44e3] Base64
  [ade2ca70] Dates
  [8ba89e20] Distributed
  [b77e0a4c] InteractiveUtils
  [76f85450] LibGit2
  [8f399da3] Libdl
  [37e2e46d] LinearAlgebra
  [56ddb016] Logging
  [d6f4376e] Markdown
  [a63ad114] Mmap
  [44cfe95a] Pkg
  [de0858da] Printf
  [3fa0cd96] REPL
  [9a3f8284] Random
  [ea8e919c] SHA
  [9e88b42a] Serialization
  [6462fe0b] Sockets
  [2f01184e] SparseArrays
  [10745b16] Statistics
  [8dfed614] Test
  [cf7118a7] UUIDs
  [4ec0a83e] Unicode
┌ Warning: Package Complementarity does not have LinearAlgebra in its dependencies:
│ - If you have Complementarity checked out for development and have
│   added LinearAlgebra as a dependency but haven't updated your primary
│   environment's manifest file, try `Pkg.resolve()`.
│ - Otherwise you may need to report an issue with Complementarity
└ Loading LinearAlgebra into Complementarity from project dependency, future warnings for Complementarity are suppressed.
ERROR: LoadError: LoadError: could not load symbol "jl_function_ptr":
/opt/julia/bin/julia: undefined symbol: jl_function_ptr
Stacktrace:
  [1] PATHSolver.FunctionWrappersQuickFix.FunctionWrapper{Any,Tuple{Any}}(obj::typeof(identity))
    @ PATHSolver.FunctionWrappersQuickFix ~/.julia/packages/PATHSolver/tJVDr/src/FunctionWrappersQuickFix.jl:89
  [2] top-level scope
    @ ~/.julia/packages/PATHSolver/tJVDr/src/FunctionWrappersQuickFix.jl:132
  [3] include
    @ ./Base.jl:374 [inlined]
  [4] include(x::String)
    @ PATHSolver ~/.julia/packages/PATHSolver/tJVDr/src/PATHSolver.jl:1
  [5] top-level scope
    @ ~/.julia/packages/PATHSolver/tJVDr/src/PATHSolver.jl:3
  [6] include
    @ ./Base.jl:374 [inlined]
  [7] include_package_for_output(input::String, depot_path::Vector{String}, dl_load_path::Vector{String}, load_path::Vector{String}, concrete_deps::Vector{Pair{Base.PkgId,UInt64}}, uuid_tuple::Tuple{UInt64,UInt64}, source::String)
    @ Base ./loading.jl:1219
  [8] top-level scope
    @ none:1
  [9] eval
    @ ./boot.jl:340 [inlined]
 [10] eval(x::Expr)
    @ Base.MainInclude ./client.jl:446
 [11] top-level scope
    @ none:1
in expression starting at /home/pkgeval/.julia/packages/PATHSolver/tJVDr/src/FunctionWrappersQuickFix.jl:33
in expression starting at /home/pkgeval/.julia/packages/PATHSolver/tJVDr/src/PATHSolver.jl:1
ERROR: LoadError: Failed to precompile PATHSolver [f5f7c340-0bb3-5c69-969a-41884d311d1b] to /home/pkgeval/.julia/compiled/v1.6/PATHSolver/xyGrF_wtdkp.ji.
Stacktrace:
  [1] error(s::String)
    @ Base ./error.jl:33
  [2] compilecache(pkg::Base.PkgId, path::String)
    @ Base ./loading.jl:1350
  [3] _require(pkg::Base.PkgId)
    @ Base ./loading.jl:1030
  [4] require(uuidkey::Base.PkgId)
    @ Base ./loading.jl:928
  [5] require(into::Module, mod::Symbol)
    @ Base ./loading.jl:923
  [6] include
    @ ./Base.jl:374 [inlined]
  [7] include_package_for_output(input::String, depot_path::Vector{String}, dl_load_path::Vector{String}, load_path::Vector{String}, concrete_deps::Vector{Pair{Base.PkgId,UInt64}}, uuid_tuple::Tuple{UInt64,UInt64}, source::String)
    @ Base ./loading.jl:1219
  [8] top-level scope
    @ none:1
  [9] eval
    @ ./boot.jl:340 [inlined]
 [10] eval(x::Expr)
    @ Base.MainInclude ./client.jl:446
 [11] top-level scope
    @ none:1
in expression starting at /home/pkgeval/.julia/packages/Complementarity/jpfgn/src/Complementarity.jl:11
ERROR: LoadError: Failed to precompile Complementarity [a9b2a840-c9d5-5181-a245-8df664c2d6e7] to /home/pkgeval/.julia/compiled/v1.6/Complementarity/ORstz_wtdkp.ji.
Stacktrace:
 [1] error(s::String)
   @ Base ./error.jl:33
 [2] compilecache(pkg::Base.PkgId, path::String)
   @ Base ./loading.jl:1350
 [3] _require(pkg::Base.PkgId)
   @ Base ./loading.jl:1030
 [4] require(uuidkey::Base.PkgId)
   @ Base ./loading.jl:928
 [5] require(into::Module, mod::Symbol)
   @ Base ./loading.jl:923
 [6] include(fname::String)
   @ Base.MainInclude ./client.jl:444
 [7] top-level scope
   @ none:6
in expression starting at /home/pkgeval/.julia/packages/Complementarity/jpfgn/test/runtests.jl:2
ERROR: Package Complementarity errored during testing
Stacktrace:
  [1] pkgerror(msg::String)
    @ Pkg.Types /workspace/srcdir/usr/share/julia/stdlib/v1.6/Pkg/src/Types.jl:52
  [2] test(ctx::Pkg.Types.Context, pkgs::Vector{Pkg.Types.PackageSpec}; coverage::Bool, julia_args::Cmd, test_args::Cmd, test_fn::Nothing)
    @ Pkg.Operations /workspace/srcdir/usr/share/julia/stdlib/v1.6/Pkg/src/Operations.jl:1561
  [3] test(ctx::Pkg.Types.Context, pkgs::Vector{Pkg.Types.PackageSpec}; coverage::Bool, test_fn::Nothing, julia_args::Cmd, test_args::Cmd, kwargs::Base.Iterators.Pairs{Union{},Union{},Tuple{},NamedTuple{(),Tuple{}}})
    @ Pkg.API /workspace/srcdir/usr/share/julia/stdlib/v1.6/Pkg/src/API.jl:327
  [4] test(ctx::Pkg.Types.Context, pkgs::Vector{Pkg.Types.PackageSpec})
    @ Pkg.API /workspace/srcdir/usr/share/julia/stdlib/v1.6/Pkg/src/API.jl:314
  [5] #test#61
    @ /workspace/srcdir/usr/share/julia/stdlib/v1.6/Pkg/src/API.jl:67 [inlined]
  [6] test
    @ /workspace/srcdir/usr/share/julia/stdlib/v1.6/Pkg/src/API.jl:67 [inlined]
  [7] #test#60
    @ /workspace/srcdir/usr/share/julia/stdlib/v1.6/Pkg/src/API.jl:66 [inlined]
  [8] test
    @ /workspace/srcdir/usr/share/julia/stdlib/v1.6/Pkg/src/API.jl:66 [inlined]
  [9] test(pkg::String; kwargs::Base.Iterators.Pairs{Union{},Union{},Tuple{},NamedTuple{(),Tuple{}}})
    @ Pkg.API /workspace/srcdir/usr/share/julia/stdlib/v1.6/Pkg/src/API.jl:65
 [10] test(pkg::String)
    @ Pkg.API /workspace/srcdir/usr/share/julia/stdlib/v1.6/Pkg/src/API.jl:65
 [11] top-level scope
    @ none:16
