################################################################################
# PkgEval set-up: 2020-10-28T11:44:14.229
#

Julia Version 1.6.0-DEV.1352
Commit 8f71ea7f35 (2020-10-28 02:10 UTC)
Platform Info:
  OS: Linux (x86_64-linux-gnu)
  CPU: AMD EPYC 7502 32-Core Processor
  WORD_SIZE: 64
  LIBM: libopenlibm
  LLVM: libLLVM-11.0.0 (ORCJIT, znver2)
Environment:
  JULIA_DEPOT_PATH = ::/usr/local/share/julia
  JULIA_NUM_THREADS = 2
  JULIA_MAX_NUM_PRECOMPILE_FILES = 9223372036854775807



################################################################################
# Installation: 2020-10-28T11:44:15.886
#

   Resolving package versions...
   Installed Formatting â”€â”€â”€ v0.4.1
   Installed OffsetArrays â”€ v1.3.1
   Installed Scats â”€â”€â”€â”€â”€â”€â”€â”€ v0.2.2
Updating `~/.julia/environments/v1.6/Project.toml`
  [a40fd361] + Scats v0.2.2
Updating `~/.julia/environments/v1.6/Manifest.toml`
  [59287772] + Formatting v0.4.1
  [6fe1bfb0] + OffsetArrays v1.3.1
  [a40fd361] + Scats v0.2.2
  [2a0f44e3] + Base64
  [b77e0a4c] + InteractiveUtils
  [56ddb016] + Logging
  [d6f4376e] + Markdown
  [de0858da] + Printf
  [9a3f8284] + Random
  [9e88b42a] + Serialization
  [8dfed614] + Test
  [4ec0a83e] + Unicode


################################################################################
# Testing: 2020-10-28T11:44:18.511
#


     Testing Scats
Status `/tmp/jl_AZFBzY/Project.toml`
  [59287772] Formatting v0.4.1
  [6fe1bfb0] OffsetArrays v1.3.1
  [a40fd361] Scats v0.2.2
  [9a3f8284] Random
  [8dfed614] Test
Status `/tmp/jl_AZFBzY/Manifest.toml`
  [59287772] Formatting v0.4.1
  [6fe1bfb0] OffsetArrays v1.3.1
  [a40fd361] Scats v0.2.2
  [2a0f44e3] Base64
  [b77e0a4c] InteractiveUtils
  [56ddb016] Logging
  [d6f4376e] Markdown
  [de0858da] Printf
  [9a3f8284] Random
  [9e88b42a] Serialization
  [8dfed614] Test
  [4ec0a83e] Unicode
     Testing Running tests...
[1;32mRUNNING TESTS[0m for Scats
[1;32mRUNNING[0m: input_test.jl
Check file status: Error During Test at /home/pkgeval/.julia/packages/Scats/I6AlW/test/input_test.jl:83
  Got exception outside of a @test
  MethodError: no method matching parse(::String)
  Closest candidates are:
    parse(!Matched::Type{T}, !Matched::AbstractChar; base) where T<:Integer at parse.jl:40
    parse(!Matched::Type{T}, !Matched::AbstractString; base) where T<:Integer at parse.jl:240
    parse(!Matched::Type{Sockets.IPAddr}, !Matched::AbstractString) at /workspace/srcdir/usr/share/julia/stdlib/v1.6/Sockets/src/IPAddr.jl:246
    ...
  Stacktrace:
    [1] checkfmt(fmt::String)
      @ Formatting ~/.julia/packages/Formatting/LU9hd/src/cformat.jl:6
    [2] generate_formatter(fmt::String)
      @ Formatting ~/.julia/packages/Formatting/LU9hd/src/cformat.jl:17
    [3] sprintf1(fmt::String, x::Float64)
      @ Formatting ~/.julia/packages/Formatting/LU9hd/src/cformat.jl:3
    [4] println(io::IOStream, value::Float64)
      @ Scats.Internal.Extras ~/.julia/packages/Scats/I6AlW/src/Extras/extras_fmt.jl:26
    [5] macro expansion
      @ ~/.julia/packages/Scats/I6AlW/test/input_test.jl:109 [inlined]
    [6] macro expansion
      @ /workspace/srcdir/usr/share/julia/stdlib/v1.6/Test/src/Test.jl:1144 [inlined]
    [7] top-level scope
      @ ~/.julia/packages/Scats/I6AlW/test/input_test.jl:85
    [8] include(fname::String)
      @ Base.MainInclude ./client.jl:444
    [9] top-level scope
      @ ~/.julia/packages/Scats/I6AlW/test/runtests.jl:24
   [10] include(fname::String)
      @ Base.MainInclude ./client.jl:444
   [11] top-level scope
      @ none:6
   [12] eval(m::Module, e::Any)
      @ Core ./boot.jl:360
   [13] exec_options(opts::Base.JLOptions)
      @ Base ./client.jl:261
   [14] _start()
      @ Base ./client.jl:485
Test Summary:     | Pass  Error  Total
Check file status |   12      1     13
[1;31mFAILED[0m: input_test.jl
LoadError: Some tests did not pass: 12 passed, 0 failed, 1 errored, 0 broken.
in expression starting at /home/pkgeval/.julia/packages/Scats/I6AlW/test/input_test.jl:5
[1;32mRUNNING[0m: result_test.jl
Test Summary:   | Pass  Total
Check resetting |   11     11
[1;32mPASSED[0m: result_test.jl
[1;32mRUNNING[0m: gen_test.jl
Check file status: Error During Test at /home/pkgeval/.julia/packages/Scats/I6AlW/test/gen_test.jl:87
  Got exception outside of a @test
  MethodError: no method matching parse(::String)
  Closest candidates are:
    parse(!Matched::Type{T}, !Matched::AbstractChar; base) where T<:Integer at parse.jl:40
    parse(!Matched::Type{T}, !Matched::AbstractString; base) where T<:Integer at parse.jl:240
    parse(!Matched::Type{Sockets.IPAddr}, !Matched::AbstractString) at /workspace/srcdir/usr/share/julia/stdlib/v1.6/Sockets/src/IPAddr.jl:246
    ...
  Stacktrace:
    [1] checkfmt(fmt::String)
      @ Formatting ~/.julia/packages/Formatting/LU9hd/src/cformat.jl:6
    [2] generate_formatter(fmt::String)
      @ Formatting ~/.julia/packages/Formatting/LU9hd/src/cformat.jl:17
    [3] sprintf1(fmt::String, x::Float64)
      @ Formatting ~/.julia/packages/Formatting/LU9hd/src/cformat.jl:3
    [4] println(io::IOStream, value::Float64)
      @ Scats.Internal.Extras ~/.julia/packages/Scats/I6AlW/src/Extras/extras_fmt.jl:26
    [5] macro expansion
      @ ~/.julia/packages/Scats/I6AlW/test/gen_test.jl:113 [inlined]
    [6] macro expansion
      @ /workspace/srcdir/usr/share/julia/stdlib/v1.6/Test/src/Test.jl:1144 [inlined]
    [7] top-level scope
      @ ~/.julia/packages/Scats/I6AlW/test/gen_test.jl:89
    [8] include(fname::String)
      @ Base.MainInclude ./client.jl:444
    [9] top-level scope
      @ ~/.julia/packages/Scats/I6AlW/test/runtests.jl:24
   [10] include(fname::String)
      @ Base.MainInclude ./client.jl:444
   [11] top-level scope
      @ none:6
   [12] eval(m::Module, e::Any)
      @ Core ./boot.jl:360
   [13] exec_options(opts::Base.JLOptions)
      @ Base ./client.jl:261
   [14] _start()
      @ Base ./client.jl:485
Test Summary:     | Pass  Error  Total
Check file status |   12      1     13
[1;31mFAILED[0m: gen_test.jl
LoadError: Some tests did not pass: 12 passed, 0 failed, 1 errored, 0 broken.
in expression starting at /home/pkgeval/.julia/packages/Scats/I6AlW/test/gen_test.jl:5
ERROR: LoadError: "Some tests have failed."
Stacktrace:
 [1] top-level scope
   @ ~/.julia/packages/Scats/I6AlW/test/runtests.jl:51
 [2] include(fname::String)
   @ Base.MainInclude ./client.jl:444
 [3] top-level scope
   @ none:6
in expression starting at /home/pkgeval/.julia/packages/Scats/I6AlW/test/runtests.jl:51

PkgEval failed: Package Scats errored during testing
Stacktrace:
  [1] pkgerror(msg::String)
    @ Pkg.Types /workspace/srcdir/usr/share/julia/stdlib/v1.6/Pkg/src/Types.jl:52
  [2] test(ctx::Pkg.Types.Context, pkgs::Vector{Pkg.Types.PackageSpec}; coverage::Bool, julia_args::Cmd, test_args::Cmd, test_fn::Nothing)
    @ Pkg.Operations /workspace/srcdir/usr/share/julia/stdlib/v1.6/Pkg/src/Operations.jl:1651
  [3] test(ctx::Pkg.Types.Context, pkgs::Vector{Pkg.Types.PackageSpec}; coverage::Bool, test_fn::Nothing, julia_args::Cmd, test_args::Cmd, kwargs::Base.Iterators.Pairs{Union{}, Union{}, Tuple{}, NamedTuple{(), Tuple{}}})
    @ Pkg.API /workspace/srcdir/usr/share/julia/stdlib/v1.6/Pkg/src/API.jl:334
  [4] test(ctx::Pkg.Types.Context, pkgs::Vector{Pkg.Types.PackageSpec})
    @ Pkg.API /workspace/srcdir/usr/share/julia/stdlib/v1.6/Pkg/src/API.jl:321
  [5] #test#62
    @ /workspace/srcdir/usr/share/julia/stdlib/v1.6/Pkg/src/API.jl:71 [inlined]
  [6] test
    @ /workspace/srcdir/usr/share/julia/stdlib/v1.6/Pkg/src/API.jl:70 [inlined]
  [7] #test#61
    @ /workspace/srcdir/usr/share/julia/stdlib/v1.6/Pkg/src/API.jl:68 [inlined]
  [8] test
    @ /workspace/srcdir/usr/share/julia/stdlib/v1.6/Pkg/src/API.jl:68 [inlined]
  [9] test(pkg::String; kwargs::Base.Iterators.Pairs{Union{}, Union{}, Tuple{}, NamedTuple{(), Tuple{}}})
    @ Pkg.API /workspace/srcdir/usr/share/julia/stdlib/v1.6/Pkg/src/API.jl:67
 [10] test(pkg::String)
    @ Pkg.API /workspace/srcdir/usr/share/julia/stdlib/v1.6/Pkg/src/API.jl:67
 [11] top-level scope
    @ none:44
 [12] eval
    @ ./boot.jl:360 [inlined]
 [13] eval(x::Expr)
    @ Base.MainInclude ./client.jl:446
 [14] top-level scope
    @ none:1
 [15] eval(m::Module, e::Any)
    @ Core ./boot.jl:360
 [16] exec_options(opts::Base.JLOptions)
    @ Base ./client.jl:261
 [17] _start()
    @ Base ./client.jl:485


################################################################################
# PkgEval teardown: 2020-10-28T11:44:36.278
#


signal (15): Terminated
in expression starting at none:1
pthread_cond_wait at /lib/x86_64-linux-gnu/libpthread.so.0 (unknown line)
uv_cond_wait at /workspace/srcdir/libuv/src/unix/thread.c:847
jl_task_get_next at /workspace/srcdir/src/partr.c:508

CPU usage: 19.88s (17.56s user, 2.31s kernel)

Network usage:
- eth0: 344.513 KiB received, 13.755 KiB sent

Raw statistics: {"read":"2020-10-28T11:44:36.638360519Z","preread":"0001-01-01T00:00:00Z","pids_stats":{"current":46},"blkio_stats":{"io_service_bytes_recursive":[{"major":259,"minor":0,"op":"Read","value":0},{"major":259,"minor":0,"op":"Write","value":36864},{"major":259,"minor":0,"op":"Sync","value":16384},{"major":259,"minor":0,"op":"Async","value":20480},{"major":259,"minor":0,"op":"Total","value":36864},{"major":253,"minor":2,"op":"Read","value":0},{"major":253,"minor":2,"op":"Write","value":36864},{"major":253,"minor":2,"op":"Sync","value":16384},{"major":253,"minor":2,"op":"Async","value":20480},{"major":253,"minor":2,"op":"Total","value":36864}],"io_serviced_recursive":[{"major":259,"minor":0,"op":"Read","value":0},{"major":259,"minor":0,"op":"Write","value":7},{"major":259,"minor":0,"op":"Sync","value":2},{"major":259,"minor":0,"op":"Async","value":5},{"major":259,"minor":0,"op":"Total","value":7},{"major":253,"minor":2,"op":"Read","value":0},{"major":253,"minor":2,"op":"Write","value":7},{"major":253,"minor":2,"op":"Sync","value":2},{"major":253,"minor":2,"op":"Async","value":5},{"major":253,"minor":2,"op":"Total","value":7}],"io_queue_recursive":[],"io_service_time_recursive":[],"io_wait_time_recursive":[],"io_merged_recursive":[],"io_time_recursive":[],"sectors_recursive":[]},"num_procs":0,"storage_stats":{},"cpu_stats":{"cpu_usage":{"total_usage":19877634896,"percpu_usage":[52742139,457176775,88359728,18522088,1322569048,156643922,210459722,796625244,59102654,148150278,310443102,898871987,1115596205,9359614,944926217,166714787,151545113,100731170,488592371,123395368,112330344,543935748,348110780,620848183,4297613,379754921,42208736,195670,819383860,630182423,342300009,6313412,0,2010181,1065860,35824805,0,0,48509575,0,0,0,0,0,118300,84700,8250,710431,42314025,58856363,0,0,0,0,0,0,0,0,0,0,0,0,0,104042423,166993567,305543902,35931825,442879367,374509618,170790439,219858599,854122531,203654600,443722937,82026601,47770726,205569731,303746300,370130635,277317086,462057775,667998378,222007446,599780855,71605519,51866940,119552632,22333443,2042890,116831517,77174871,109057704,103096733,237152295,263798557,80313363,1298290,225718664,1082730,28217539,0,0,0,0,8180,0,51084911,0,648700,731030,0,8110,3202221,0,0,0,0,0,0,0,0,0,0,0,67404514,23056481,0,0],"usage_in_kernelmode":2310000000,"usage_in_usermode":17560000000},"system_cpu_usage":94110029490000000,"online_cpus":128,"throttling_data":{"periods":231,"throttled_periods":5,"throttled_time":690526791}},"precpu_stats":{"cpu_usage":{"total_usage":0,"usage_in_kernelmode":0,"usage_in_usermode":0},"throttling_data":{"periods":0,"throttled_periods":0,"throttled_time":0}},"memory_stats":{"usage":250798080,"max_usage":525377536,"stats":{"active_anon":235622400,"active_file":0,"cache":1064960,"dirty":0,"hierarchical_memory_limit":9223372036854771712,"hierarchical_memsw_limit":0,"inactive_anon":536576,"inactive_file":8192,"mapped_file":0,"pgfault":384152,"pgmajfault":0,"pgpgin":223471,"pgpgout":165813,"rss":235102208,"rss_huge":0,"total_active_anon":235622400,"total_active_file":0,"total_cache":1064960,"total_dirty":0,"total_inactive_anon":536576,"total_inactive_file":8192,"total_mapped_file":0,"total_pgfault":384152,"total_pgmajfault":0,"total_pgpgin":223471,"total_pgpgout":165813,"total_rss":235102208,"total_rss_huge":0,"total_unevictable":0,"total_writeback":0,"unevictable":0,"writeback":0},"limit":540972998656},"name":"/Scats-bWdprUv6","id":"78a053972dc131fc40f7682abe121154f1a1e1d748d02eb07776462f3c095690","networks":{"eth0":{"rx_bytes":352781,"rx_packets":133,"rx_errors":0,"rx_dropped":1,"tx_bytes":14085,"tx_packets":99,"tx_errors":0,"tx_dropped":0}}}

