Julia Version 1.3.0
Commit 46ce4d7933 (2019-11-26 06:09 UTC)
Platform Info:
  OS: Linux (x86_64-pc-linux-gnu)
  CPU: Intel(R) Xeon(R) Silver 4114 CPU @ 2.20GHz
  WORD_SIZE: 64
  LIBM: libopenlibm
  LLVM: libLLVM-6.0.1 (ORCJIT, skylake)
Environment:
  JULIA_DEPOT_PATH = ::/usr/local/share/julia

 Resolving package versions...
 Installed XPA ─ v0.0.1
  Updating `~/.julia/environments/v1.3/Project.toml`
  [d310a076] + XPA v0.0.1
  Updating `~/.julia/environments/v1.3/Manifest.toml`
  [d310a076] + XPA v0.0.1
  Building XPA → `~/.julia/packages/XPA/DgLur/deps/build.log`
[ Info: No changes
┌ Error: Error building `XPA`: 
│ if test "" != ""; then \
│     defs="-DXPA_DLL=\"\\\"\\\"\""; \
│     libs=""; \
│ elif test "" != ""; then \
│     defs="-UXPA_DLL"; \
│     libs=""; \
│ else \
│     defs="-UXPA_DLL"; \
│     libs="-lxpa"; \
│ fi; \
│ cc   $defs  -o "gencode" "gencode.c" $libs 
│ gencode.c:14:10: fatal error: xpa.h: No such file or directory
│  #include <xpa.h>
│           ^~~~~~~
│ compilation terminated.
│ Makefile:28: recipe for target 'gencode' failed
│ make: *** [gencode] Error 1
│ ERROR: LoadError: failed process: Process(`make`, ProcessExited(2)) [2]
│ 
│ Stacktrace:
│  [1] pipeline_error at ./process.jl:525 [inlined]
│  [2] #run#565(::Bool, ::typeof(run), ::Cmd) at ./process.jl:440
│  [3] run(::Cmd) at ./process.jl:438
│  [4] top-level scope at /home/pkgeval/.julia/packages/XPA/DgLur/deps/build.jl:1
│  [5] include at ./boot.jl:328 [inlined]
│  [6] include_relative(::Module, ::String) at ./loading.jl:1105
│  [7] include(::Module, ::String) at ./Base.jl:31
│  [8] include(::String) at ./client.jl:424
│  [9] top-level scope at none:5
│ in expression starting at /home/pkgeval/.julia/packages/XPA/DgLur/deps/build.jl:1
└ @ Pkg.Operations /buildworker/worker/package_linux64/build/usr/share/julia/stdlib/v1.3/Pkg/src/backwards_compatible_isolation.jl:649
   Testing XPA
[ Info: No changes
    Status `/tmp/jl_Ypp7B4/Manifest.toml`
  [d310a076] XPA v0.0.1
ERROR: LoadError: XPA not properly installed.  Please run Pkg.build("XPA")
Stacktrace:
 [1] error(::String) at ./error.jl:33
 [2] top-level scope at /home/pkgeval/.julia/packages/XPA/DgLur/src/XPA.jl:25
 [3] include at ./boot.jl:328 [inlined]
 [4] include_relative(::Module, ::String) at ./loading.jl:1105
 [5] include(::Module, ::String) at ./Base.jl:31
 [6] top-level scope at none:2
 [7] eval at ./boot.jl:330 [inlined]
 [8] eval(::Expr) at ./client.jl:425
 [9] top-level scope at ./none:3
in expression starting at /home/pkgeval/.julia/packages/XPA/DgLur/src/XPA.jl:22
ERROR: LoadError: Failed to precompile XPA [d310a076-6a08-52b6-ab78-79baa254182b] to /home/pkgeval/.julia/compiled/v1.3/XPA/yg1lA_XUAYZ.ji.
Stacktrace:
 [1] error(::String) at ./error.jl:33
 [2] compilecache(::Base.PkgId, ::String) at ./loading.jl:1283
 [3] _require(::Base.PkgId) at ./loading.jl:1024
 [4] require(::Base.PkgId) at ./loading.jl:922
 [5] require(::Module, ::Symbol) at ./loading.jl:917
 [6] include at ./boot.jl:328 [inlined]
 [7] include_relative(::Module, ::String) at ./loading.jl:1105
 [8] include(::Module, ::String) at ./Base.jl:31
 [9] include(::String) at ./client.jl:424
 [10] top-level scope at none:6
in expression starting at /home/pkgeval/.julia/packages/XPA/DgLur/test/runtests.jl:13
ERROR: Package XPA errored during testing
Stacktrace:
 [1] pkgerror(::String, ::Vararg{String,N} where N) at /buildworker/worker/package_linux64/build/usr/share/julia/stdlib/v1.3/Pkg/src/Types.jl:113
 [2] #test#131(::Bool, ::Nothing, ::Cmd, ::Cmd, ::typeof(Pkg.Operations.test), ::Pkg.Types.Context, ::Array{Pkg.Types.PackageSpec,1}) at /buildworker/worker/package_linux64/build/usr/share/julia/stdlib/v1.3/Pkg/src/Operations.jl:1370
 [3] #test at ./none:0 [inlined]
 [4] #test#62(::Bool, ::Nothing, ::Cmd, ::Cmd, ::Base.Iterators.Pairs{Union{},Union{},Tuple{},NamedTuple{(),Tuple{}}}, ::typeof(Pkg.API.test), ::Pkg.Types.Context, ::Array{Pkg.Types.PackageSpec,1}) at /buildworker/worker/package_linux64/build/usr/share/julia/stdlib/v1.3/Pkg/src/API.jl:253
 [5] test(::Pkg.Types.Context, ::Array{Pkg.Types.PackageSpec,1}) at /buildworker/worker/package_linux64/build/usr/share/julia/stdlib/v1.3/Pkg/src/API.jl:239
 [6] #test#61 at /buildworker/worker/package_linux64/build/usr/share/julia/stdlib/v1.3/Pkg/src/API.jl:233 [inlined]
 [7] test at /buildworker/worker/package_linux64/build/usr/share/julia/stdlib/v1.3/Pkg/src/API.jl:233 [inlined]
 [8] #test#60 at /buildworker/worker/package_linux64/build/usr/share/julia/stdlib/v1.3/Pkg/src/API.jl:232 [inlined]
 [9] test at /buildworker/worker/package_linux64/build/usr/share/julia/stdlib/v1.3/Pkg/src/API.jl:232 [inlined]
 [10] #test#59(::Base.Iterators.Pairs{Union{},Union{},Tuple{},NamedTuple{(),Tuple{}}}, ::typeof(Pkg.API.test), ::String) at /buildworker/worker/package_linux64/build/usr/share/julia/stdlib/v1.3/Pkg/src/API.jl:231
 [11] test(::String) at /buildworker/worker/package_linux64/build/usr/share/julia/stdlib/v1.3/Pkg/src/API.jl:231
 [12] top-level scope at none:12
