Current time is 2020-10-27T04:41:31.686
Julia Version 1.6.0-DEV.1341
Commit 5d8225a111 (2020-10-26 21:18 UTC)
Platform Info:
  OS: Linux (x86_64-pc-linux-gnu)
  CPU: AMD EPYC 7502 32-Core Processor
  WORD_SIZE: 64
  LIBM: libopenlibm
  LLVM: libLLVM-11.0.0 (ORCJIT, znver2)
Environment:
  JULIA_DEPOT_PATH = ::/usr/local/share/julia
  JULIA_NUM_THREADS = 2
  JULIA_MAX_NUM_PRECOMPILE_FILES = 9223372036854775807
  JULIA_PKG_SERVER = 

Starting installation at 2020-10-27T04:41:32.932
   Resolving package versions...
   Installed DiffRules â”€â”€â”€â”€â”€â”€â”€â”€â”€â”€â”€â”€â”€â”€â”€â”€â”€â”€â”€â”€ v1.0.1
   Installed TreeViews â”€â”€â”€â”€â”€â”€â”€â”€â”€â”€â”€â”€â”€â”€â”€â”€â”€â”€â”€â”€ v0.3.0
   Installed Compat â”€â”€â”€â”€â”€â”€â”€â”€â”€â”€â”€â”€â”€â”€â”€â”€â”€â”€â”€â”€â”€â”€â”€ v3.22.0
   Installed LabelledArrays â”€â”€â”€â”€â”€â”€â”€â”€â”€â”€â”€â”€â”€â”€â”€ v1.3.0
   Installed NLSolversBase â”€â”€â”€â”€â”€â”€â”€â”€â”€â”€â”€â”€â”€â”€â”€â”€ v7.7.1
   Installed CommonSubexpressions â”€â”€â”€â”€â”€â”€â”€â”€â”€ v0.3.0
   Installed Tables â”€â”€â”€â”€â”€â”€â”€â”€â”€â”€â”€â”€â”€â”€â”€â”€â”€â”€â”€â”€â”€â”€â”€ v1.1.0
   Installed RiskAdjustedLinearizations â”€â”€â”€ v0.4.0
   Installed ForwardDiff â”€â”€â”€â”€â”€â”€â”€â”€â”€â”€â”€â”€â”€â”€â”€â”€â”€â”€ v0.10.12
   Installed SpecialFunctions â”€â”€â”€â”€â”€â”€â”€â”€â”€â”€â”€â”€â”€ v0.10.3
   Installed DataStructures â”€â”€â”€â”€â”€â”€â”€â”€â”€â”€â”€â”€â”€â”€â”€ v0.18.8
   Installed FiniteDiff â”€â”€â”€â”€â”€â”€â”€â”€â”€â”€â”€â”€â”€â”€â”€â”€â”€â”€â”€ v2.7.0
   Installed TableTraits â”€â”€â”€â”€â”€â”€â”€â”€â”€â”€â”€â”€â”€â”€â”€â”€â”€â”€ v1.0.0
   Installed LineSearches â”€â”€â”€â”€â”€â”€â”€â”€â”€â”€â”€â”€â”€â”€â”€â”€â”€ v7.1.0
   Installed DocStringExtensions â”€â”€â”€â”€â”€â”€â”€â”€â”€â”€ v0.8.3
   Installed IterativeSolvers â”€â”€â”€â”€â”€â”€â”€â”€â”€â”€â”€â”€â”€ v0.8.4
   Installed StaticArrays â”€â”€â”€â”€â”€â”€â”€â”€â”€â”€â”€â”€â”€â”€â”€â”€â”€ v0.12.4
   Installed DataValueInterfaces â”€â”€â”€â”€â”€â”€â”€â”€â”€â”€ v1.0.0
   Installed Requires â”€â”€â”€â”€â”€â”€â”€â”€â”€â”€â”€â”€â”€â”€â”€â”€â”€â”€â”€â”€â”€ v1.1.0
   Installed MacroTools â”€â”€â”€â”€â”€â”€â”€â”€â”€â”€â”€â”€â”€â”€â”€â”€â”€â”€â”€ v0.5.6
   Installed RecipesBase â”€â”€â”€â”€â”€â”€â”€â”€â”€â”€â”€â”€â”€â”€â”€â”€â”€â”€ v1.1.0
   Installed FunctionWrappers â”€â”€â”€â”€â”€â”€â”€â”€â”€â”€â”€â”€â”€ v1.1.1
   Installed MuladdMacro â”€â”€â”€â”€â”€â”€â”€â”€â”€â”€â”€â”€â”€â”€â”€â”€â”€â”€ v0.2.2
   Installed RecursiveFactorization â”€â”€â”€â”€â”€â”€â”€ v0.1.4
   Installed CpuId â”€â”€â”€â”€â”€â”€â”€â”€â”€â”€â”€â”€â”€â”€â”€â”€â”€â”€â”€â”€â”€â”€â”€â”€ v0.2.2
   Installed UnPack â”€â”€â”€â”€â”€â”€â”€â”€â”€â”€â”€â”€â”€â”€â”€â”€â”€â”€â”€â”€â”€â”€â”€ v1.0.2
   Installed SLEEFPirates â”€â”€â”€â”€â”€â”€â”€â”€â”€â”€â”€â”€â”€â”€â”€â”€â”€ v0.5.5
   Installed ArrayInterface â”€â”€â”€â”€â”€â”€â”€â”€â”€â”€â”€â”€â”€â”€â”€ v2.13.7
   Installed FillArrays â”€â”€â”€â”€â”€â”€â”€â”€â”€â”€â”€â”€â”€â”€â”€â”€â”€â”€â”€ v0.10.0
   Installed NaNMath â”€â”€â”€â”€â”€â”€â”€â”€â”€â”€â”€â”€â”€â”€â”€â”€â”€â”€â”€â”€â”€â”€ v0.3.4
   Installed Parameters â”€â”€â”€â”€â”€â”€â”€â”€â”€â”€â”€â”€â”€â”€â”€â”€â”€â”€â”€ v0.12.1
   Installed ChainRulesCore â”€â”€â”€â”€â”€â”€â”€â”€â”€â”€â”€â”€â”€â”€â”€ v0.9.17
   Installed ZygoteRules â”€â”€â”€â”€â”€â”€â”€â”€â”€â”€â”€â”€â”€â”€â”€â”€â”€â”€ v0.2.0
   Installed JLLWrappers â”€â”€â”€â”€â”€â”€â”€â”€â”€â”€â”€â”€â”€â”€â”€â”€â”€â”€ v1.1.3
   Installed OrderedCollections â”€â”€â”€â”€â”€â”€â”€â”€â”€â”€â”€ v1.3.1
   Installed VectorizationBase â”€â”€â”€â”€â”€â”€â”€â”€â”€â”€â”€â”€ v0.12.33
   Installed OpenSpecFun_jll â”€â”€â”€â”€â”€â”€â”€â”€â”€â”€â”€â”€â”€â”€ v0.5.3+4
   Installed NLsolve â”€â”€â”€â”€â”€â”€â”€â”€â”€â”€â”€â”€â”€â”€â”€â”€â”€â”€â”€â”€â”€â”€ v4.4.1
   Installed ArrayLayouts â”€â”€â”€â”€â”€â”€â”€â”€â”€â”€â”€â”€â”€â”€â”€â”€â”€ v0.4.10
   Installed LoopVectorization â”€â”€â”€â”€â”€â”€â”€â”€â”€â”€â”€â”€ v0.8.26
   Installed Roots â”€â”€â”€â”€â”€â”€â”€â”€â”€â”€â”€â”€â”€â”€â”€â”€â”€â”€â”€â”€â”€â”€â”€â”€ v1.0.5
   Installed RecursiveArrayTools â”€â”€â”€â”€â”€â”€â”€â”€â”€â”€ v2.7.2
   Installed DiffResults â”€â”€â”€â”€â”€â”€â”€â”€â”€â”€â”€â”€â”€â”€â”€â”€â”€â”€ v1.0.2
   Installed OffsetArrays â”€â”€â”€â”€â”€â”€â”€â”€â”€â”€â”€â”€â”€â”€â”€â”€â”€ v1.3.1
   Installed IteratorInterfaceExtensions â”€â”€ v1.0.0
   Installed Reexport â”€â”€â”€â”€â”€â”€â”€â”€â”€â”€â”€â”€â”€â”€â”€â”€â”€â”€â”€â”€â”€ v0.2.0
   Installed CompilerSupportLibraries_jll â”€ v0.3.4+0
   Installed SIMDPirates â”€â”€â”€â”€â”€â”€â”€â”€â”€â”€â”€â”€â”€â”€â”€â”€â”€â”€ v0.8.25
   Installed DataAPI â”€â”€â”€â”€â”€â”€â”€â”€â”€â”€â”€â”€â”€â”€â”€â”€â”€â”€â”€â”€â”€â”€ v1.3.0
   Installed BandedMatrices â”€â”€â”€â”€â”€â”€â”€â”€â”€â”€â”€â”€â”€â”€â”€ v0.15.25
     Cloning [2b5f629d-d688-5b77-993f-72d75c75574e] DiffEqBase from https://github.com/SciML/DiffEqBase.jl.git
[?25l    Fetching: [>                                        ]  0.0 %[2K[?25h   Installed DiffEqBase â”€â”€â”€â”€â”€â”€â”€â”€â”€â”€â”€â”€â”€â”€â”€â”€â”€â”€â”€ v6.48.2
     Cloning [b4f34e82-e78d-54a5-968a-f98e89d6e8f7] Distances from https://github.com/JuliaStats/Distances.jl.git
[?25l    Fetching: [>                                        ]  0.0 %[2K[?25h   Installed Distances â”€â”€â”€â”€â”€â”€â”€â”€â”€â”€â”€â”€â”€â”€â”€â”€â”€â”€â”€â”€ v0.9.2
Updating `~/.julia/environments/v1.6/Project.toml`
  [7bb39b10] + RiskAdjustedLinearizations v0.4.0
Updating `~/.julia/environments/v1.6/Manifest.toml`
  [4fba245c] + ArrayInterface v2.13.7
  [4c555306] + ArrayLayouts v0.4.10
  [aae01518] + BandedMatrices v0.15.25
  [d360d2e6] + ChainRulesCore v0.9.17
  [bbf7d656] + CommonSubexpressions v0.3.0
  [34da2185] + Compat v3.22.0
  [adafc99b] + CpuId v0.2.2
  [9a962f9c] + DataAPI v1.3.0
  [864edb3b] + DataStructures v0.18.8
  [e2d170a0] + DataValueInterfaces v1.0.0
  [2b5f629d] + DiffEqBase v6.48.2
  [163ba53b] + DiffResults v1.0.2
  [b552c78f] + DiffRules v1.0.1
  [b4f34e82] + Distances v0.9.2
  [ffbed154] + DocStringExtensions v0.8.3
  [1a297f60] + FillArrays v0.10.0
  [6a86dc24] + FiniteDiff v2.7.0
  [f6369f11] + ForwardDiff v0.10.12
  [069b7b12] + FunctionWrappers v1.1.1
  [42fd0dbc] + IterativeSolvers v0.8.4
  [82899510] + IteratorInterfaceExtensions v1.0.0
  [692b3bcd] + JLLWrappers v1.1.3
  [2ee39098] + LabelledArrays v1.3.0
  [d3d80556] + LineSearches v7.1.0
  [bdcacae8] + LoopVectorization v0.8.26
  [1914dd2f] + MacroTools v0.5.6
  [46d2c3a1] + MuladdMacro v0.2.2
  [d41bc354] + NLSolversBase v7.7.1
  [2774e3e8] + NLsolve v4.4.1
  [77ba4419] + NaNMath v0.3.4
  [6fe1bfb0] + OffsetArrays v1.3.1
  [bac558e1] + OrderedCollections v1.3.1
  [d96e819e] + Parameters v0.12.1
  [3cdcf5f2] + RecipesBase v1.1.0
  [731186ca] + RecursiveArrayTools v2.7.2
  [f2c3362d] + RecursiveFactorization v0.1.4
  [189a3867] + Reexport v0.2.0
  [ae029012] + Requires v1.1.0
  [7bb39b10] + RiskAdjustedLinearizations v0.4.0
  [f2b01f46] + Roots v1.0.5
  [21efa798] + SIMDPirates v0.8.25
  [476501e8] + SLEEFPirates v0.5.5
  [276daf66] + SpecialFunctions v0.10.3
  [90137ffa] + StaticArrays v0.12.4
  [3783bdb8] + TableTraits v1.0.0
  [bd369af6] + Tables v1.1.0
  [a2a6695c] + TreeViews v0.3.0
  [3a884ed6] + UnPack v1.0.2
  [3d5dd08c] + VectorizationBase v0.12.33
  [700de1a5] + ZygoteRules v0.2.0
  [e66e0078] + CompilerSupportLibraries_jll v0.3.4+0
  [efe28fd5] + OpenSpecFun_jll v0.5.3+4
  [0dad84c5] + ArgTools
  [56f22d72] + Artifacts
  [2a0f44e3] + Base64
  [ade2ca70] + Dates
  [8bb1440f] + DelimitedFiles
  [8ba89e20] + Distributed
  [f43a241f] + Downloads
  [b77e0a4c] + InteractiveUtils
  [b27032c2] + LibCURL
  [76f85450] + LibGit2
  [8f399da3] + Libdl
  [37e2e46d] + LinearAlgebra
  [56ddb016] + Logging
  [d6f4376e] + Markdown
  [a63ad114] + Mmap
  [44cfe95a] + Pkg
  [de0858da] + Printf
  [3fa0cd96] + REPL
  [9a3f8284] + Random
  [ea8e919c] + SHA
  [9e88b42a] + Serialization
  [1a1011a3] + SharedArrays
  [6462fe0b] + Sockets
  [2f01184e] + SparseArrays
  [10745b16] + Statistics
  [4607b0f0] + SuiteSparse
  [fa267f1f] + TOML
  [8dfed614] + Test
  [cf7118a7] + UUIDs
  [4ec0a83e] + Unicode
  [deac9b47] + LibCURL_jll
  [14a3606d] + MozillaCACerts_jll
    Building SLEEFPirates â†’ `~/.julia/scratchspaces/44cfe95a-1eb2-52ea-b672-e2afdf69b78f/67ae90a18aa8c22bf159318300e765fbd89ddf6e/build.log`
Precompiling project... (tip: to disable auto-precompilation set ENV["JULIA_PKG_PRECOMPILE_AUTO"]=0)
[32m  âœ“ [39m[90mReexport[39m
[32m  âœ“ [39m[90mUnPack[39m
[32m  âœ“ [39m[90mMuladdMacro[39m
[32m  âœ“ [39m[90mDataValueInterfaces[39m
[32m  âœ“ [39m[90mDataAPI[39m
[32m  âœ“ [39m[90mTreeViews[39m
[32m  âœ“ [39m[90mJLLWrappers[39m
[32m  âœ“ [39m[90mRecipesBase[39m
[32m  âœ“ [39m[90mIteratorInterfaceExtensions[39m
[32m  âœ“ [39m[90mNaNMath[39m
[32m  âœ“ [39m[90mRequires[39m
[32m  âœ“ [39m[90mDocStringExtensions[39m
[32m  âœ“ [39m[90mOffsetArrays[39m
[32m  âœ“ [39m[90mOrderedCollections[39m
[32m  âœ“ [39m[90mTableTraits[39m
[32m  âœ“ [39m[90mDistances[39m
[32m  âœ“ [39m[90mFunctionWrappers[39m
[32m  âœ“ [39m[90mCompat[39m
[32m  âœ“ [39m[90mParameters[39m
[32m  âœ“ [39m[90mChainRulesCore[39m
[32m  âœ“ [39m[90mFillArrays[39m
[32m  âœ“ [39m[90mTables[39m
[32m  âœ“ [39m[90mCompilerSupportLibraries_jll[39m
[32m  âœ“ [39m[90mRoots[39m
[32m  âœ“ [39m[90mArrayInterface[39m
[32m  âœ“ [39m[90mMacroTools[39m
[32m  âœ“ [39m[90mIterativeSolvers[39m
[32m  âœ“ [39m[90mOpenSpecFun_jll[39m
[32m  âœ“ [39m[90mDataStructures[39m
[32m  âœ“ [39m[90mCommonSubexpressions[39m
[32m  âœ“ [39m[90mZygoteRules[39m
[32m  âœ“ [39m[90mSIMDPirates[39m
[32m  âœ“ [39m[90mArrayLayouts[39m
[32m  âœ“ [39m[90mStaticArrays[39m
[32m  âœ“ [39m[90mSpecialFunctions[39m
[32m  âœ“ [39m[90mSLEEFPirates[39m
[32m  âœ“ [39m[90mDiffResults[39m
[32m  âœ“ [39m[90mLabelledArrays[39m
[32m  âœ“ [39m[90mDiffRules[39m
[32m  âœ“ [39m[90mRecursiveArrayTools[39m
[32m  âœ“ [39m[90mFiniteDiff[39m
[32m  âœ“ [39m[90mBandedMatrices[39m
[32m  âœ“ [39m[90mForwardDiff[39m
[32m  âœ“ [39m[90mNLSolversBase[39m
[32m  âœ“ [39m[90mLoopVectorization[39m
[32m  âœ“ [39m[90mLineSearches[39m
[32m  âœ“ [39m[90mRecursiveFactorization[39m
[32m  âœ“ [39m[90mNLsolve[39m
[32m  âœ“ [39m[90mDiffEqBase[39m
49 dependencies successfully precompiled (2 already precompiled)
Starting tests at 2020-10-27T04:44:51.157
     Testing RiskAdjustedLinearizations
[?25l    Fetching: [>                                        ]  0.0 %[2K[?25hStatus `/tmp/jl_3N2XxX/Project.toml`
  [4fba245c] ArrayInterface v2.13.7
  [aae01518] BandedMatrices v0.15.25
  [6e4b80f9] BenchmarkTools v0.5.0
  [2b5f629d] DiffEqBase v6.48.2
  [f6369f11] ForwardDiff v0.10.12
  [033835bb] JLD2 v0.2.4
  [2774e3e8] NLsolve v4.4.1
  [bac558e1] OrderedCollections v1.3.1
  [7bb39b10] RiskAdjustedLinearizations v0.4.0
  [1bc83da4] SafeTestsets v0.0.1
  [3a884ed6] UnPack v1.0.2
  [37e2e46d] LinearAlgebra
  [de0858da] Printf
  [9a3f8284] Random
  [2f01184e] SparseArrays
  [8dfed614] Test
Status `/tmp/jl_3N2XxX/Manifest.toml`
  [4fba245c] ArrayInterface v2.13.7
  [4c555306] ArrayLayouts v0.4.10
  [aae01518] BandedMatrices v0.15.25
  [6e4b80f9] BenchmarkTools v0.5.0
  [d360d2e6] ChainRulesCore v0.9.17
  [944b1d66] CodecZlib v0.7.0
  [bbf7d656] CommonSubexpressions v0.3.0
  [34da2185] Compat v3.22.0
  [adafc99b] CpuId v0.2.2
  [9a962f9c] DataAPI v1.3.0
  [864edb3b] DataStructures v0.18.8
  [e2d170a0] DataValueInterfaces v1.0.0
  [2b5f629d] DiffEqBase v6.48.2
  [163ba53b] DiffResults v1.0.2
  [b552c78f] DiffRules v1.0.1
  [b4f34e82] Distances v0.9.2
  [ffbed154] DocStringExtensions v0.8.3
  [1a297f60] FillArrays v0.10.0
  [6a86dc24] FiniteDiff v2.7.0
  [f6369f11] ForwardDiff v0.10.12
  [069b7b12] FunctionWrappers v1.1.1
  [42fd0dbc] IterativeSolvers v0.8.4
  [82899510] IteratorInterfaceExtensions v1.0.0
  [033835bb] JLD2 v0.2.4
  [692b3bcd] JLLWrappers v1.1.3
  [682c06a0] JSON v0.21.1
  [2ee39098] LabelledArrays v1.3.0
  [d3d80556] LineSearches v7.1.0
  [bdcacae8] LoopVectorization v0.8.26
  [1914dd2f] MacroTools v0.5.6
  [46d2c3a1] MuladdMacro v0.2.2
  [d41bc354] NLSolversBase v7.7.1
  [2774e3e8] NLsolve v4.4.1
  [77ba4419] NaNMath v0.3.4
  [6fe1bfb0] OffsetArrays v1.3.1
  [bac558e1] OrderedCollections v1.3.1
  [d96e819e] Parameters v0.12.1
  [69de0a69] Parsers v1.0.11
  [3cdcf5f2] RecipesBase v1.1.0
  [731186ca] RecursiveArrayTools v2.7.2
  [f2c3362d] RecursiveFactorization v0.1.4
  [189a3867] Reexport v0.2.0
  [ae029012] Requires v1.1.0
  [7bb39b10] RiskAdjustedLinearizations v0.4.0
  [f2b01f46] Roots v1.0.5
  [21efa798] SIMDPirates v0.8.25
  [476501e8] SLEEFPirates v0.5.5
  [1bc83da4] SafeTestsets v0.0.1
  [276daf66] SpecialFunctions v0.10.3
  [90137ffa] StaticArrays v0.12.4
  [3783bdb8] TableTraits v1.0.0
  [bd369af6] Tables v1.1.0
  [3bb67fe8] TranscodingStreams v0.9.5
  [a2a6695c] TreeViews v0.3.0
  [3a884ed6] UnPack v1.0.2
  [3d5dd08c] VectorizationBase v0.12.33
  [700de1a5] ZygoteRules v0.2.0
  [e66e0078] CompilerSupportLibraries_jll v0.3.4+0
  [efe28fd5] OpenSpecFun_jll v0.5.3+4
  [83775a58] Zlib_jll v1.2.11+18
  [0dad84c5] ArgTools
  [56f22d72] Artifacts
  [2a0f44e3] Base64
  [ade2ca70] Dates
  [8bb1440f] DelimitedFiles
  [8ba89e20] Distributed
  [f43a241f] Downloads
  [b77e0a4c] InteractiveUtils
  [b27032c2] LibCURL
  [76f85450] LibGit2
  [8f399da3] Libdl
  [37e2e46d] LinearAlgebra
  [56ddb016] Logging
  [d6f4376e] Markdown
  [a63ad114] Mmap
  [44cfe95a] Pkg
  [de0858da] Printf
  [3fa0cd96] REPL
  [9a3f8284] Random
  [ea8e919c] SHA
  [9e88b42a] Serialization
  [1a1011a3] SharedArrays
  [6462fe0b] Sockets
  [2f01184e] SparseArrays
  [10745b16] Statistics
  [4607b0f0] SuiteSparse
  [fa267f1f] TOML
  [8dfed614] Test
  [cf7118a7] UUIDs
  [4ec0a83e] Unicode
  [deac9b47] LibCURL_jll
  [14a3606d] MozillaCACerts_jll
     Testing Running tests...
Test Summary: | Pass  Total
Utilities     |   16     16
 28.370824 seconds (12.23 M allocations: 988.384 MiB, 1.60% gc time, 12.46% compilation time)
Test Summary:               | Pass  Total
Risk-Adjusted Linearization |   82     82
167.464526 seconds (37.85 M allocations: 2.146 GiB, 6.70% gc time, 84.08% compilation time)
[ Info: The following message about Blanchard-Kahn conditions is expected.
Blanchard-Kahn conditions for a unique locally bounded stochastic steady-state perturbation are satisfied
[ Info: The following series of print statements are expected.
A deterministic steady state has been found
Blanchard-Kahn conditions for a unique locally bounded deterministic steady-state perturbation are satisfied
A deterministic steady state has been found
Blanchard-Kahn conditions for a unique locally bounded deterministic steady-state perturbation are satisfied
[ Info: The following series of print statements are expected.
Convergence achieved after 20 iterations! Error under norm = Inf is 0.0.
Convergence achieved after 20 iterations! Error under norm = Inf is 0.0.
Convergence achieved after 4 iterations! Error under norm = Inf is 3.0277272261966697e-6.
[ Info: The following series of print statements are expected.
Homotopy succeeded!
[ Info: The following series of print statements are expected.
A deterministic steady state has been found
Iteration 0: error under norm=Inf is 0.08957397241645204
Iteration 1: error under norm=Inf is 0.04533957430936564
Iteration 2: error under norm=Inf is 0.022671404730892464
Iteration 3: error under norm=Inf is 0.011335944697164924
Iteration 4: error under norm=Inf is 0.00566798736368368
Iteration 5: error under norm=Inf is 0.002833994626461722
Iteration 6: error under norm=Inf is 0.0014169973724948992
Iteration 7: error under norm=Inf is 0.0007079997311508768
Iteration 8: error under norm=Inf is 0.000354373866717661
Iteration 9: error under norm=Inf is 0.00017728062602595518
Iteration 10: error under norm=Inf is 8.866375861849018e-5
Iteration 11: error under norm=Inf is 4.433774359235976e-5
Iteration 12: error under norm=Inf is 2.217033836515725e-5
Iteration 13: error under norm=Inf is 1.1085535728705409e-5
Iteration 14: error under norm=Inf is 5.5428595390205615e-6
Iteration 15: error under norm=Inf is 2.771452729644075e-6
Iteration 16: error under norm=Inf is 1.3857320859678168e-6
Iteration 17: error under norm=Inf is 6.928674736172979e-7
Iteration 18: error under norm=Inf is 3.464340765368945e-7
Iteration 19: error under norm=Inf is 1.7321712486584318e-7
Iteration 20: error under norm=Inf is 0.0

Convergence achieved after 21 iterations! Error under norm=Inf is 0.0.
Blanchard-Kahn conditions for a unique locally bounded stochastic steady-state perturbation are satisfied
A deterministic steady state has been found
Success at iteration 1 of 9
Success at iteration 2 of 9
Success at iteration 3 of 9
Success at iteration 4 of 9
Success at iteration 5 of 9
Success at iteration 6 of 9
Success at iteration 7 of 9
Success at iteration 8 of 9
Success at iteration 9 of 9
Homotopy succeeded!
Blanchard-Kahn conditions for a unique locally bounded stochastic steady-state perturbation are satisfied
A deterministic steady state has been found
Iteration 0: error under norm=Inf is 0.09012843318147279
Iteration 1: error under norm=Inf is 0.04506421984312603
Iteration 2: error under norm=Inf is 0.022531864030616577
Iteration 3: error under norm=Inf is 0.011266162308412153
Iteration 4: error under norm=Inf is 0.005633095783393216
Iteration 5: error under norm=Inf is 0.002816548813228903
Iteration 6: error under norm=Inf is 0.0014082744644710044
Iteration 7: error under norm=Inf is 0.000703644400241954
Iteration 8: error under norm=Inf is 0.00035219161196931026
Iteration 9: error under norm=Inf is 0.0001761883492891192
Iteration 10: error under norm=Inf is 8.811733179359127e-5
Iteration 11: error under norm=Inf is 4.406445808458059e-5
Iteration 12: error under norm=Inf is 2.2033677572474986e-5
Iteration 13: error under norm=Inf is 1.1017200939544836e-5
Iteration 14: error under norm=Inf is 5.5086909502843895e-6
Iteration 15: error under norm=Inf is 2.7543681109243323e-6
Iteration 16: error under norm=Inf is 1.3771897425796098e-6
Iteration 17: error under norm=Inf is 6.885962686720148e-7
Iteration 18: error under norm=Inf is 3.442984860546616e-7
Iteration 19: error under norm=Inf is 1.7214931358200403e-7
Iteration 20: error under norm=Inf is 0.0

Convergence achieved after 21 iterations! Error under norm=Inf is 0.0.
Blanchard-Kahn conditions for a unique locally bounded stochastic steady-state perturbation are satisfied
Iteration 0: error under norm=Inf is 0.0944446218429017
Iteration 1: error under norm=Inf is 0.047332515936547415
Iteration 2: error under norm=Inf is 0.023443520352723013
Iteration 3: error under norm=Inf is 0.011609908899332
Iteration 4: error under norm=Inf is 0.005748916457891551
Iteration 5: error under norm=Inf is 0.002846434302977152
Iteration 6: error under norm=Inf is 0.0014092053339651578
Iteration 7: error under norm=Inf is 0.0006971131544717402
Iteration 8: error under norm=Inf is 0.00034541872063043044
Iteration 9: error under norm=Inf is 0.00017104755541363925
Iteration 10: error under norm=Inf is 8.467004389467458e-5
Iteration 11: error under norm=Inf is 4.1902553045258806e-5
Iteration 12: error under norm=Inf is 2.073366877664018e-5
Iteration 13: error under norm=Inf is 1.0257694038173781e-5
Iteration 14: error under norm=Inf is 5.074194461496262e-6
Iteration 15: error under norm=Inf is 2.509750779422504e-6
Iteration 16: error under norm=Inf is 1.241197200130273e-6
Iteration 17: error under norm=Inf is 6.13758296186262e-7
Iteration 18: error under norm=Inf is 3.0345872137349517e-7
Iteration 19: error under norm=Inf is 0.0

Convergence achieved after 20 iterations! Error under norm=Inf is 0.0.
Blanchard-Kahn conditions for a unique locally bounded stochastic steady-state perturbation are satisfied
A deterministic steady state has been found
Success at iteration 1 of 10
Success at iteration 2 of 10
Success at iteration 3 of 10
Success at iteration 4 of 10
Success at iteration 5 of 10
Success at iteration 6 of 10
Success at iteration 7 of 10
Success at iteration 8 of 10
Success at iteration 9 of 10
Success at iteration 10 of 10
Homotopy succeeded!
Blanchard-Kahn conditions for a unique locally bounded stochastic steady-state perturbation are satisfied
A deterministic steady state has been found

Convergence achieved after 4 iterations! Error under norm=Inf is 3.0277272261966697e-6.
Blanchard-Kahn conditions for a unique locally bounded stochastic steady-state perturbation are satisfied
Test Summary:        | Pass  Broken  Total
Numerical algorithms |   56       4     60
 97.444222 seconds (132.74 M allocations: 7.412 GiB, 5.31% gc time, 97.29% compilation time)
Iteration 0: error under norm=Inf is 2.1158607754562242e-5
Iteration 1: error under norm=Inf is 0.0008908655621375772
Iteration 2: error under norm=Inf is 0.0005008863726372326
Iteration 3: error under norm=Inf is 0.0002556215578604082
Iteration 4: error under norm=Inf is 0.00012822019185554367
Iteration 5: error under norm=Inf is 6.415134033987968e-5
Iteration 6: error under norm=Inf is 3.2080207883034006e-5
Iteration 7: error under norm=Inf is 1.6040770887570943e-5
Iteration 8: error under norm=Inf is 8.020514377982124e-6
Iteration 9: error under norm=Inf is 4.0102864105051594e-6
Iteration 10: error under norm=Inf is 2.0051502391815745e-6
Iteration 11: error under norm=Inf is 1.0025768424348769e-6
Iteration 12: error under norm=Inf is 5.012888681932282e-7
Iteration 13: error under norm=Inf is 2.506445526684331e-7
Iteration 14: error under norm=Inf is 1.253223147479332e-7
Iteration 15: error under norm=Inf is 6.266115448738674e-8
Iteration 16: error under norm=Inf is 0.0

Convergence achieved after 17 iterations! Error under norm=Inf is 0.0.
Blanchard-Kahn conditions for a unique locally bounded stochastic steady-state perturbation are satisfied
Examples: Test Failed at /home/pkgeval/.julia/packages/RiskAdjustedLinearizations/9Ylmw/examples/rbc_cc/example_rbc_cc.jl:28
  Expression: isapprox(sssout["z_rss"], m.z, atol = 0.0001)
   Evaluated: isapprox([3.434519884760831; 0.0], [3.386669831261652, 0.0]; atol = 0.0001)
Stacktrace:
 [1] top-level scope
   @ ~/.julia/packages/RiskAdjustedLinearizations/9Ylmw/examples/rbc_cc/example_rbc_cc.jl:28
 [2] include(mod::Module, _path::String)
   @ Base ./Base.jl:389
 [3] include(x::String)
   @ Main.##252 ~/.julia/packages/SafeTestsets/A83XK/src/SafeTestsets.jl:23
 [4] macro expansion
   @ ~/.julia/packages/RiskAdjustedLinearizations/9Ylmw/test/runtests.jl:24 [inlined]
 [5] macro expansion
   @ /buildworker/worker/package_linux64/build/usr/share/julia/stdlib/v1.6/Test/src/Test.jl:1144 [inlined]
 [6] top-level scope
   @ ~/.julia/packages/RiskAdjustedLinearizations/9Ylmw/test/runtests.jl:24
Examples: Test Failed at /home/pkgeval/.julia/packages/RiskAdjustedLinearizations/9Ylmw/examples/rbc_cc/example_rbc_cc.jl:29
  Expression: isapprox(sssout["y_rss"], m.y, atol = 0.0001)
   Evaluated: isapprox([-2.453237160343692; -3.6888794541139345; â€¦ ; 7.771561168283394e-15; 0.022290422735600186], [-2.4138827031598487, -3.6888891676711504, 0.0209449928031228, 0.020769545677001847, -4.223285745147373e-5, 0.021074493452253325]; atol = 0.0001)
Stacktrace:
 [1] top-level scope
   @ ~/.julia/packages/RiskAdjustedLinearizations/9Ylmw/examples/rbc_cc/example_rbc_cc.jl:29
 [2] include(mod::Module, _path::String)
   @ Base ./Base.jl:389
 [3] include(x::String)
   @ Main.##252 ~/.julia/packages/SafeTestsets/A83XK/src/SafeTestsets.jl:23
 [4] macro expansion
   @ ~/.julia/packages/RiskAdjustedLinearizations/9Ylmw/test/runtests.jl:24 [inlined]
 [5] macro expansion
   @ /buildworker/worker/package_linux64/build/usr/share/julia/stdlib/v1.6/Test/src/Test.jl:1144 [inlined]
 [6] top-level scope
   @ ~/.julia/packages/RiskAdjustedLinearizations/9Ylmw/test/runtests.jl:24
Examples: Test Failed at /home/pkgeval/.julia/packages/RiskAdjustedLinearizations/9Ylmw/examples/rbc_cc/example_rbc_cc.jl:30
  Expression: isapprox(sssout["Psi_rss"], m.Î¨, atol = 0.0001)
   Evaluated: isapprox([-0.7550045563653908 -0.07149273575266969; -0.2443167403199739 0.2459770257799157; â€¦ ; -1.0622466970433646 1.069465329477894; -0.0029779347354145563 -0.0589271956185155], [-0.751741374867763 -0.06750674148149056; -0.24010839909862877 0.24158803267469361; â€¦ ; -1.0439495612983867 1.050382750759538; -0.0029657175119944643 -0.05910662051432748]; atol = 0.0001)
Stacktrace:
 [1] top-level scope
   @ ~/.julia/packages/RiskAdjustedLinearizations/9Ylmw/examples/rbc_cc/example_rbc_cc.jl:30
 [2] include(mod::Module, _path::String)
   @ Base ./Base.jl:389
 [3] include(x::String)
   @ Main.##252 ~/.julia/packages/SafeTestsets/A83XK/src/SafeTestsets.jl:23
 [4] macro expansion
   @ ~/.julia/packages/RiskAdjustedLinearizations/9Ylmw/test/runtests.jl:24 [inlined]
 [5] macro expansion
   @ /buildworker/worker/package_linux64/build/usr/share/julia/stdlib/v1.6/Test/src/Test.jl:1144 [inlined]
 [6] top-level scope
   @ ~/.julia/packages/RiskAdjustedLinearizations/9Ylmw/test/runtests.jl:24
Iteration 0: error under norm=Inf is 0.08957397217163265
Iteration 1: error under norm=Inf is 0.04533957418715384
Iteration 2: error under norm=Inf is 0.022671404670625783
Iteration 3: error under norm=Inf is 0.011335944666380104
Iteration 4: error under norm=Inf is 0.005667987348206949
Iteration 5: error under norm=Inf is 0.0028339946186189957
Iteration 6: error under norm=Inf is 0.0014169973685748127
Iteration 7: error under norm=Inf is 0.0007079997338740318
Iteration 8: error under norm=Inf is 0.000354373863964641
Iteration 9: error under norm=Inf is 0.00017728062435318215
Iteration 10: error under norm=Inf is 8.866375766147794e-5
Iteration 11: error under norm=Inf is 4.4337743086986237e-5
Iteration 12: error under norm=Inf is 2.2170337863447465e-5
Iteration 13: error under norm=Inf is 1.1085535626675913e-5
Iteration 14: error under norm=Inf is 5.542859487950302e-6
Iteration 15: error under norm=Inf is 2.771452664696028e-6
Iteration 16: error under norm=Inf is 1.3857320613208657e-6
Iteration 17: error under norm=Inf is 6.928674535222612e-7
Iteration 18: error under norm=Inf is 3.4643408663992403e-7
Iteration 19: error under norm=Inf is 1.732171354129619e-7
Iteration 20: error under norm=Inf is 0.0

Convergence achieved after 21 iterations! Error under norm=Inf is 0.0.
Blanchard-Kahn conditions for a unique locally bounded stochastic steady-state perturbation are satisfied
Test Summary: | Pass  Fail  Total
Examples      |    3     3      6
ERROR: LoadError: Some tests did not pass: 3 passed, 3 failed, 0 errored, 0 broken.
in expression starting at /home/pkgeval/.julia/packages/RiskAdjustedLinearizations/9Ylmw/test/runtests.jl:5
ERROR: Package RiskAdjustedLinearizations errored during testing
Stacktrace:
  [1] pkgerror(msg::String)
    @ Pkg.Types /buildworker/worker/package_linux64/build/usr/share/julia/stdlib/v1.6/Pkg/src/Types.jl:52
  [2] test(ctx::Pkg.Types.Context, pkgs::Vector{Pkg.Types.PackageSpec}; coverage::Bool, julia_args::Cmd, test_args::Cmd, test_fn::Nothing)
    @ Pkg.Operations /buildworker/worker/package_linux64/build/usr/share/julia/stdlib/v1.6/Pkg/src/Operations.jl:1651
  [3] test(ctx::Pkg.Types.Context, pkgs::Vector{Pkg.Types.PackageSpec}; coverage::Bool, test_fn::Nothing, julia_args::Cmd, test_args::Cmd, kwargs::Base.Iterators.Pairs{Union{}, Union{}, Tuple{}, NamedTuple{(), Tuple{}}})
    @ Pkg.API /buildworker/worker/package_linux64/build/usr/share/julia/stdlib/v1.6/Pkg/src/API.jl:334
  [4] test(ctx::Pkg.Types.Context, pkgs::Vector{Pkg.Types.PackageSpec})
    @ Pkg.API /buildworker/worker/package_linux64/build/usr/share/julia/stdlib/v1.6/Pkg/src/API.jl:321
  [5] #test#62
    @ /buildworker/worker/package_linux64/build/usr/share/julia/stdlib/v1.6/Pkg/src/API.jl:71 [inlined]
  [6] test
    @ /buildworker/worker/package_linux64/build/usr/share/julia/stdlib/v1.6/Pkg/src/API.jl:70 [inlined]
  [7] #test#61
    @ /buildworker/worker/package_linux64/build/usr/share/julia/stdlib/v1.6/Pkg/src/API.jl:68 [inlined]
  [8] test
    @ /buildworker/worker/package_linux64/build/usr/share/julia/stdlib/v1.6/Pkg/src/API.jl:68 [inlined]
  [9] test(pkg::String; kwargs::Base.Iterators.Pairs{Union{}, Union{}, Tuple{}, NamedTuple{(), Tuple{}}})
    @ Pkg.API /buildworker/worker/package_linux64/build/usr/share/julia/stdlib/v1.6/Pkg/src/API.jl:67
 [10] test(pkg::String)
    @ Pkg.API /buildworker/worker/package_linux64/build/usr/share/julia/stdlib/v1.6/Pkg/src/API.jl:67
 [11] top-level scope
    @ none:35
