Julia Version 1.6.0-DEV.430
Commit a23a4ff08d (2020-07-11 14:53 UTC)
Platform Info:
  OS: Linux (x86_64-linux-gnu)
  CPU: Intel(R) Xeon(R) Silver 4114 CPU @ 2.20GHz
  WORD_SIZE: 64
  LIBM: libopenlibm
  LLVM: libLLVM-9.0.1 (ORCJIT, skylake-avx512)
Environment:
  JULIA_DEPOT_PATH = ::/usr/local/share/julia
  JULIA_NUM_THREADS = 2

  Resolving package versions...
  Installed OpenSpecFun_jll â”€â”€â”€â”€â”€â”€â”€â”€â”€â”€â”€â”€â”€â”€ v0.5.3+3
  Installed OpenBLAS_jll â”€â”€â”€â”€â”€â”€â”€â”€â”€â”€â”€â”€â”€â”€â”€â”€â”€ v0.3.9+5
  Installed ShiftedArrays â”€â”€â”€â”€â”€â”€â”€â”€â”€â”€â”€â”€â”€â”€â”€â”€ v1.0.0
  Installed Parsers â”€â”€â”€â”€â”€â”€â”€â”€â”€â”€â”€â”€â”€â”€â”€â”€â”€â”€â”€â”€â”€â”€ v1.0.7
  Installed TranscodingStreams â”€â”€â”€â”€â”€â”€â”€â”€â”€â”€â”€ v0.9.5
  Installed StatsModels â”€â”€â”€â”€â”€â”€â”€â”€â”€â”€â”€â”€â”€â”€â”€â”€â”€â”€ v0.6.11
  Installed Twiddle â”€â”€â”€â”€â”€â”€â”€â”€â”€â”€â”€â”€â”€â”€â”€â”€â”€â”€â”€â”€â”€â”€ v1.1.2
  Installed PhyloNetworks â”€â”€â”€â”€â”€â”€â”€â”€â”€â”€â”€â”€â”€â”€â”€â”€ v0.11.0
  Installed NLopt_jll â”€â”€â”€â”€â”€â”€â”€â”€â”€â”€â”€â”€â”€â”€â”€â”€â”€â”€â”€â”€ v2.6.2+0
  Installed JSON â”€â”€â”€â”€â”€â”€â”€â”€â”€â”€â”€â”€â”€â”€â”€â”€â”€â”€â”€â”€â”€â”€â”€â”€â”€ v0.21.0
  Installed TableTraits â”€â”€â”€â”€â”€â”€â”€â”€â”€â”€â”€â”€â”€â”€â”€â”€â”€â”€ v1.0.0
  Installed Compat â”€â”€â”€â”€â”€â”€â”€â”€â”€â”€â”€â”€â”€â”€â”€â”€â”€â”€â”€â”€â”€â”€â”€ v3.13.0
  Installed StableRNGs â”€â”€â”€â”€â”€â”€â”€â”€â”€â”€â”€â”€â”€â”€â”€â”€â”€â”€â”€ v0.1.1
  Installed Automa â”€â”€â”€â”€â”€â”€â”€â”€â”€â”€â”€â”€â”€â”€â”€â”€â”€â”€â”€â”€â”€â”€â”€ v0.8.0
  Installed MathProgBase â”€â”€â”€â”€â”€â”€â”€â”€â”€â”€â”€â”€â”€â”€â”€â”€â”€ v0.7.8
  Installed DataStructures â”€â”€â”€â”€â”€â”€â”€â”€â”€â”€â”€â”€â”€â”€â”€ v0.17.19
  Installed GLM â”€â”€â”€â”€â”€â”€â”€â”€â”€â”€â”€â”€â”€â”€â”€â”€â”€â”€â”€â”€â”€â”€â”€â”€â”€â”€ v1.3.9
  Installed StaticArrays â”€â”€â”€â”€â”€â”€â”€â”€â”€â”€â”€â”€â”€â”€â”€â”€â”€ v0.12.4
  Installed Arpack â”€â”€â”€â”€â”€â”€â”€â”€â”€â”€â”€â”€â”€â”€â”€â”€â”€â”€â”€â”€â”€â”€â”€ v0.4.0
  Installed CompilerSupportLibraries_jll â”€ v0.3.3+0
  Installed Rmath â”€â”€â”€â”€â”€â”€â”€â”€â”€â”€â”€â”€â”€â”€â”€â”€â”€â”€â”€â”€â”€â”€â”€â”€ v0.6.1
  Installed Combinatorics â”€â”€â”€â”€â”€â”€â”€â”€â”€â”€â”€â”€â”€â”€â”€â”€ v1.0.2
  Installed QuadGK â”€â”€â”€â”€â”€â”€â”€â”€â”€â”€â”€â”€â”€â”€â”€â”€â”€â”€â”€â”€â”€â”€â”€ v2.4.0
  Installed OrderedCollections â”€â”€â”€â”€â”€â”€â”€â”€â”€â”€â”€ v1.3.0
  Installed DataAPI â”€â”€â”€â”€â”€â”€â”€â”€â”€â”€â”€â”€â”€â”€â”€â”€â”€â”€â”€â”€â”€â”€ v1.3.0
  Installed SentinelArrays â”€â”€â”€â”€â”€â”€â”€â”€â”€â”€â”€â”€â”€â”€â”€ v1.2.8
  Installed PDMats â”€â”€â”€â”€â”€â”€â”€â”€â”€â”€â”€â”€â”€â”€â”€â”€â”€â”€â”€â”€â”€â”€â”€ v0.9.12
  Installed BioSymbols â”€â”€â”€â”€â”€â”€â”€â”€â”€â”€â”€â”€â”€â”€â”€â”€â”€â”€â”€ v4.0.4
  Installed PooledArrays â”€â”€â”€â”€â”€â”€â”€â”€â”€â”€â”€â”€â”€â”€â”€â”€â”€ v0.5.3
  Installed IteratorInterfaceExtensions â”€â”€ v1.0.0
  Installed Tables â”€â”€â”€â”€â”€â”€â”€â”€â”€â”€â”€â”€â”€â”€â”€â”€â”€â”€â”€â”€â”€â”€â”€ v1.0.4
  Installed CSV â”€â”€â”€â”€â”€â”€â”€â”€â”€â”€â”€â”€â”€â”€â”€â”€â”€â”€â”€â”€â”€â”€â”€â”€â”€â”€ v0.7.3
  Installed Reexport â”€â”€â”€â”€â”€â”€â”€â”€â”€â”€â”€â”€â”€â”€â”€â”€â”€â”€â”€â”€â”€ v0.2.0
  Installed DataFrames â”€â”€â”€â”€â”€â”€â”€â”€â”€â”€â”€â”€â”€â”€â”€â”€â”€â”€â”€ v0.21.4
  Installed BioSequences â”€â”€â”€â”€â”€â”€â”€â”€â”€â”€â”€â”€â”€â”€â”€â”€â”€ v2.0.5
  Installed Distributions â”€â”€â”€â”€â”€â”€â”€â”€â”€â”€â”€â”€â”€â”€â”€â”€ v0.23.4
  Installed SortingAlgorithms â”€â”€â”€â”€â”€â”€â”€â”€â”€â”€â”€â”€ v0.3.1
  Installed Missings â”€â”€â”€â”€â”€â”€â”€â”€â”€â”€â”€â”€â”€â”€â”€â”€â”€â”€â”€â”€â”€ v0.4.3
  Installed InvertedIndices â”€â”€â”€â”€â”€â”€â”€â”€â”€â”€â”€â”€â”€â”€ v1.0.0
  Installed StatsFuns â”€â”€â”€â”€â”€â”€â”€â”€â”€â”€â”€â”€â”€â”€â”€â”€â”€â”€â”€â”€ v0.9.5
  Installed NLopt â”€â”€â”€â”€â”€â”€â”€â”€â”€â”€â”€â”€â”€â”€â”€â”€â”€â”€â”€â”€â”€â”€â”€â”€ v0.6.0
  Installed FillArrays â”€â”€â”€â”€â”€â”€â”€â”€â”€â”€â”€â”€â”€â”€â”€â”€â”€â”€â”€ v0.8.12
  Installed CategoricalArrays â”€â”€â”€â”€â”€â”€â”€â”€â”€â”€â”€â”€ v0.8.1
  Installed SpecialFunctions â”€â”€â”€â”€â”€â”€â”€â”€â”€â”€â”€â”€â”€ v0.10.3
  Installed Arpack_jll â”€â”€â”€â”€â”€â”€â”€â”€â”€â”€â”€â”€â”€â”€â”€â”€â”€â”€â”€ v3.5.0+3
  Installed BioGenerics â”€â”€â”€â”€â”€â”€â”€â”€â”€â”€â”€â”€â”€â”€â”€â”€â”€â”€ v0.1.0
  Installed Rmath_jll â”€â”€â”€â”€â”€â”€â”€â”€â”€â”€â”€â”€â”€â”€â”€â”€â”€â”€â”€â”€ v0.2.2+1
  Installed DataValueInterfaces â”€â”€â”€â”€â”€â”€â”€â”€â”€â”€ v1.0.0
  Installed IndexableBitVectors â”€â”€â”€â”€â”€â”€â”€â”€â”€â”€ v1.0.0
  Installed StatsBase â”€â”€â”€â”€â”€â”€â”€â”€â”€â”€â”€â”€â”€â”€â”€â”€â”€â”€â”€â”€ v0.33.0
Updating `~/.julia/environments/v1.6/Project.toml`
  [33ad39ac] + PhyloNetworks v0.11.0
Updating `~/.julia/environments/v1.6/Manifest.toml`
  [7d9fca2a] + Arpack v0.4.0
  [68821587] + Arpack_jll v3.5.0+3
  [67c07d97] + Automa v0.8.0
  [47718e42] + BioGenerics v0.1.0
  [7e6ae17a] + BioSequences v2.0.5
  [3c28c6f8] + BioSymbols v4.0.4
  [336ed68f] + CSV v0.7.3
  [324d7699] + CategoricalArrays v0.8.1
  [861a8166] + Combinatorics v1.0.2
  [34da2185] + Compat v3.13.0
  [e66e0078] + CompilerSupportLibraries_jll v0.3.3+0
  [9a962f9c] + DataAPI v1.3.0
  [a93c6f00] + DataFrames v0.21.4
  [864edb3b] + DataStructures v0.17.19
  [e2d170a0] + DataValueInterfaces v1.0.0
  [31c24e10] + Distributions v0.23.4
  [1a297f60] + FillArrays v0.8.12
  [38e38edf] + GLM v1.3.9
  [1cb3b9ac] + IndexableBitVectors v1.0.0
  [41ab1584] + InvertedIndices v1.0.0
  [82899510] + IteratorInterfaceExtensions v1.0.0
  [682c06a0] + JSON v0.21.0
  [fdba3010] + MathProgBase v0.7.8
  [e1d29d7a] + Missings v0.4.3
  [76087f3c] + NLopt v0.6.0
  [079eb43e] + NLopt_jll v2.6.2+0
  [4536629a] + OpenBLAS_jll v0.3.9+5
  [efe28fd5] + OpenSpecFun_jll v0.5.3+3
  [bac558e1] + OrderedCollections v1.3.0
  [90014a1f] + PDMats v0.9.12
  [69de0a69] + Parsers v1.0.7
  [33ad39ac] + PhyloNetworks v0.11.0
  [2dfb63ee] + PooledArrays v0.5.3
  [1fd47b50] + QuadGK v2.4.0
  [189a3867] + Reexport v0.2.0
  [79098fc4] + Rmath v0.6.1
  [f50d1b31] + Rmath_jll v0.2.2+1
  [91c51154] + SentinelArrays v1.2.8
  [1277b4bf] + ShiftedArrays v1.0.0
  [a2af1166] + SortingAlgorithms v0.3.1
  [276daf66] + SpecialFunctions v0.10.3
  [860ef19b] + StableRNGs v0.1.1
  [90137ffa] + StaticArrays v0.12.4
  [2913bbd2] + StatsBase v0.33.0
  [4c63d2b9] + StatsFuns v0.9.5
  [3eaba693] + StatsModels v0.6.11
  [3783bdb8] + TableTraits v1.0.0
  [bd369af6] + Tables v1.0.4
  [3bb67fe8] + TranscodingStreams v0.9.5
  [7200193e] + Twiddle v1.1.2
  [2a0f44e3] + Base64
  [ade2ca70] + Dates
  [8bb1440f] + DelimitedFiles
  [8ba89e20] + Distributed
  [9fa8497b] + Future
  [b77e0a4c] + InteractiveUtils
  [76f85450] + LibGit2
  [8f399da3] + Libdl
  [37e2e46d] + LinearAlgebra
  [56ddb016] + Logging
  [d6f4376e] + Markdown
  [a63ad114] + Mmap
  [44cfe95a] + Pkg
  [de0858da] + Printf
  [3fa0cd96] + REPL
  [9a3f8284] + Random
  [ea8e919c] + SHA
  [9e88b42a] + Serialization
  [1a1011a3] + SharedArrays
  [6462fe0b] + Sockets
  [2f01184e] + SparseArrays
  [10745b16] + Statistics
  [4607b0f0] + SuiteSparse
  [8dfed614] + Test
  [cf7118a7] + UUIDs
  [4ec0a83e] + Unicode
    Testing PhyloNetworks
Status `/tmp/jl_A3XkEx/Project.toml`
  [7e6ae17a] BioSequences v2.0.5
  [3c28c6f8] BioSymbols v4.0.4
  [336ed68f] CSV v0.7.3
  [861a8166] Combinatorics v1.0.2
  [a93c6f00] DataFrames v0.21.4
  [864edb3b] DataStructures v0.17.19
  [31c24e10] Distributions v0.23.4
  [38e38edf] GLM v1.3.9
  [76087f3c] NLopt v0.6.0
  [33ad39ac] PhyloNetworks v0.11.0
  [276daf66] SpecialFunctions v0.10.3
  [90137ffa] StaticArrays v0.12.4
  [2913bbd2] StatsBase v0.33.0
  [4c63d2b9] StatsFuns v0.9.5
  [3eaba693] StatsModels v0.6.11
  [ade2ca70] Dates
  [8ba89e20] Distributed
  [37e2e46d] LinearAlgebra
  [de0858da] Printf
  [9a3f8284] Random
  [10745b16] Statistics
  [8dfed614] Test
Status `/tmp/jl_A3XkEx/Manifest.toml`
  [7d9fca2a] Arpack v0.4.0
  [68821587] Arpack_jll v3.5.0+3
  [67c07d97] Automa v0.8.0
  [47718e42] BioGenerics v0.1.0
  [7e6ae17a] BioSequences v2.0.5
  [3c28c6f8] BioSymbols v4.0.4
  [336ed68f] CSV v0.7.3
  [324d7699] CategoricalArrays v0.8.1
  [861a8166] Combinatorics v1.0.2
  [34da2185] Compat v3.13.0
  [e66e0078] CompilerSupportLibraries_jll v0.3.3+0
  [9a962f9c] DataAPI v1.3.0
  [a93c6f00] DataFrames v0.21.4
  [864edb3b] DataStructures v0.17.19
  [e2d170a0] DataValueInterfaces v1.0.0
  [31c24e10] Distributions v0.23.4
  [1a297f60] FillArrays v0.8.12
  [38e38edf] GLM v1.3.9
  [1cb3b9ac] IndexableBitVectors v1.0.0
  [41ab1584] InvertedIndices v1.0.0
  [82899510] IteratorInterfaceExtensions v1.0.0
  [682c06a0] JSON v0.21.0
  [fdba3010] MathProgBase v0.7.8
  [e1d29d7a] Missings v0.4.3
  [76087f3c] NLopt v0.6.0
  [079eb43e] NLopt_jll v2.6.2+0
  [4536629a] OpenBLAS_jll v0.3.9+5
  [efe28fd5] OpenSpecFun_jll v0.5.3+3
  [bac558e1] OrderedCollections v1.3.0
  [90014a1f] PDMats v0.9.12
  [69de0a69] Parsers v1.0.7
  [33ad39ac] PhyloNetworks v0.11.0
  [2dfb63ee] PooledArrays v0.5.3
  [1fd47b50] QuadGK v2.4.0
  [189a3867] Reexport v0.2.0
  [79098fc4] Rmath v0.6.1
  [f50d1b31] Rmath_jll v0.2.2+1
  [91c51154] SentinelArrays v1.2.8
  [1277b4bf] ShiftedArrays v1.0.0
  [a2af1166] SortingAlgorithms v0.3.1
  [276daf66] SpecialFunctions v0.10.3
  [860ef19b] StableRNGs v0.1.1
  [90137ffa] StaticArrays v0.12.4
  [2913bbd2] StatsBase v0.33.0
  [4c63d2b9] StatsFuns v0.9.5
  [3eaba693] StatsModels v0.6.11
  [3783bdb8] TableTraits v1.0.0
  [bd369af6] Tables v1.0.4
  [3bb67fe8] TranscodingStreams v0.9.5
  [7200193e] Twiddle v1.1.2
  [2a0f44e3] Base64
  [ade2ca70] Dates
  [8bb1440f] DelimitedFiles
  [8ba89e20] Distributed
  [9fa8497b] Future
  [b77e0a4c] InteractiveUtils
  [76f85450] LibGit2
  [8f399da3] Libdl
  [37e2e46d] LinearAlgebra
  [56ddb016] Logging
  [d6f4376e] Markdown
  [a63ad114] Mmap
  [44cfe95a] Pkg
  [de0858da] Printf
  [3fa0cd96] REPL
  [9a3f8284] Random
  [ea8e919c] SHA
  [9e88b42a] Serialization
  [1a1011a3] SharedArrays
  [6462fe0b] Sockets
  [2f01184e] SparseArrays
  [10745b16] Statistics
  [4607b0f0] SuiteSparse
  [8dfed614] Test
  [cf7118a7] UUIDs
  [4ec0a83e] Unicode
[ Info: Compiling bit-parallel GC counter for LongSequence{<:NucleicAcidAlphabet}
[ Info: Compiling bit-parallel mismatch counter for LongSequence{<:NucleicAcidAlphabet}
[ Info: Compiling bit-parallel match counter for LongSequence{<:NucleicAcidAlphabet}
[ Info: Compiling bit-parallel ambiguity counter...
[ Info: 	For a single LongSequence{<:NucleicAcidAlphabet}
[ Info: 	For a pair of LongSequence{<:NucleicAcidAlphabet}s
[ Info: Compiling bit-parallel certainty counter for LongSequence{<:NucleicAcidAlphabet}
[ Info: Compiling bit-parallel gap counter for LongSequence{<:NucleicAcidAlphabet}
â”Œ Warning: PhyloNetworks.CHECKNET is true: will slow snaq! down.
â”” @ PhyloNetworks ~/.julia/packages/PhyloNetworks/zeoh2/src/auxiliary.jl:9
PhyloNetworks.CHECKNET = true
[ Info: starting test_5taxon_readTopology.jl
hybrid edges for hybrid node 3 have missing gamma's, set default: 0.9,0.1
hybrid edges for hybrid node 5 have missing gamma's, set default: 0.9,0.1
hybrid edges for hybrid node 3 have missing gamma's, set default: 0.9,0.1
hybrid edges for hybrid node 2 have missing gamma's, set default: 0.9,0.1
hybrid edges for hybrid node 3 have missing gamma's, set default: 0.9,0.1
[1m[32mPASSED[0m: test_5taxon_readTopology.jl
[ Info: starting test_calculateExpCF.jl
hybrid edges for hybrid node 5 have missing gamma's, set default: 0.9,0.1
hybrid edges for hybrid node 3 have missing gamma's, set default: 0.9,0.1
[1m[32mPASSED[0m: test_calculateExpCF.jl
[ Info: starting test_calculateExpCF2.jl
hybrid edges for hybrid node 5 have missing gamma's, set default: 0.9,0.1
[1m[32mPASSED[0m: test_calculateExpCF2.jl
[ Info: starting test_hasEdge.jl
hybrid edges for hybrid node 5 have missing gamma's, set default: 0.9,0.1
hybrid edges for hybrid node 3 have missing gamma's, set default: 0.9,0.1
[1m[32mPASSED[0m: test_hasEdge.jl
[ Info: starting test_parameters.jl
hybrid edges for hybrid node 3 have missing gamma's, set default: 0.9,0.1
hybrid edges for hybrid node 5 have missing gamma's, set default: 0.9,0.1
hybrid edges for hybrid node 3 have missing gamma's, set default: 0.9,0.1
hybrid edges for hybrid node 2 have missing gamma's, set default: 0.9,0.1
hybrid edges for hybrid node 3 have missing gamma's, set default: 0.9,0.1
[1m[32mPASSED[0m: test_parameters.jl
[ Info: starting test_correctLik.jl
â”Œ Warning: Column names for quartet concordance factors (CFs) were not recognized.
â”‚ Was expecting CF12_34, CF13_24 and CF14_23 for the columns with CF values,
â”‚ or CF12.34 or obsCF12, etc.
â”‚ Will assume that the first 4 columns give the taxon names, and that columns 5-7 give the CFs.
â”” @ PhyloNetworks ~/.julia/packages/PhyloNetworks/zeoh2/src/readData.jl:115
Error During Test at /home/pkgeval/.julia/packages/PhyloNetworks/zeoh2/test/test_correctLik.jl:28
  Test threw exception
  Expression: ismissing(newdf[1, :ngenes])
  ArgumentError: column name :ngenes not found in the data frame
  Stacktrace:
    [1] lookupname
      @ ~/.julia/packages/DataFrames/htZzm/src/other/index.jl:286 [inlined]
    [2] getindex
      @ ~/.julia/packages/DataFrames/htZzm/src/other/index.jl:295 [inlined]
    [3] getindex(df::DataFrame, row_ind::Int64, col_ind::Symbol)
      @ DataFrames ~/.julia/packages/DataFrames/htZzm/src/dataframe/dataframe.jl:400
    [4] top-level scope
      @ ~/.julia/packages/PhyloNetworks/zeoh2/test/test_correctLik.jl:28
    [5] include(fname::String)
      @ Base.MainInclude ./client.jl:444
    [6] top-level scope
      @ ~/.julia/packages/PhyloNetworks/zeoh2/test/runtests.jl:102
    [7] include(fname::String)
      @ Base.MainInclude ./client.jl:444
    [8] top-level scope
      @ none:6
    [9] eval(m::Module, e::Any)
      @ Core ./boot.jl:340
   [10] exec_options(opts::Base.JLOptions)
      @ Base ./client.jl:260
   [11] _start()
      @ Base ./client.jl:485
  
[1m[31mFAILED[0m: test_correctLik.jl
[ Info: starting test_partition.jl
[1m[32mPASSED[0m: test_partition.jl
[ Info: starting test_partition2.jl
Test Summary:            | Pass  Total
test: level-1 partitions |   53     53
[1m[32mPASSED[0m: test_partition2.jl
[ Info: starting test_deleteHybridizationUpdate.jl
Test Summary:              | Pass  Total
test: delete hybridization |   94     94
[1m[32mPASSED[0m: test_deleteHybridizationUpdate.jl
[ Info: starting test_add2hyb.jl
hybrid edges for hybrid node 3 have missing gamma's, set default: 0.9,0.1
[1m[32mPASSED[0m: test_add2hyb.jl
[ Info: starting test_optBLparts.jl
hybrid edges for hybrid node 5 have missing gamma's, set default: 0.9,0.1
hybrid edges for hybrid node 3 have missing gamma's, set default: 0.9,0.1
[1m[32mPASSED[0m: test_optBLparts.jl
[ Info: starting test_undirectedOtherNetworks.jl
Test Summary:                  | Pass  Total
test: move hybrid around cycle |    2      2
[1m[32mPASSED[0m: test_undirectedOtherNetworks.jl
[ Info: starting test_manipulateNet.jl
Test Summary:   | Pass  Total
test: auxiliary |   27     27
RootMismatch: reverting to old root position.
Test Summary:                        | Pass  Total
testing directEdges! and re-rootings |   20     20
Test Summary:     | Pass  Total
testing preorder! |    3      3
Test Summary:           | Pass  Total
testing cladewiseorder! |    2      2
WARNING: both LinearAlgebra and PhyloNetworks export "rotate!"; uses of it in module Main must be qualified
testing rotate!: Error During Test at /home/pkgeval/.julia/packages/PhyloNetworks/zeoh2/test/test_manipulateNet.jl:202
  Test threw exception
  Expression: rotate!(net, -2, orderedEdgeNum = [1, 12, 9])
  UndefVarError: rotate! not defined
  Stacktrace:
    [1] (::var"#288#291")()
      @ Main ./none:0
    [2] with_logstate(f::Function, logstate::Any)
      @ Base.CoreLogging ./logging.jl:428
    [3] with_logger
      @ ./logging.jl:540 [inlined]
    [4] #collect_test_logs#45
      @ /workspace/srcdir/usr/share/julia/stdlib/v1.6/Test/src/logging.jl:51 [inlined]
    [5] collect_test_logs
      @ /workspace/srcdir/usr/share/julia/stdlib/v1.6/Test/src/logging.jl:50 [inlined]
    [6] #match_logs#46
      @ /workspace/srcdir/usr/share/julia/stdlib/v1.6/Test/src/logging.jl:186 [inlined]
    [7] match_logs(::Function)
      @ Test /workspace/srcdir/usr/share/julia/stdlib/v1.6/Test/src/logging.jl:186
    [8] top-level scope
      @ ~/.julia/packages/PhyloNetworks/zeoh2/test/test_manipulateNet.jl:202
    [9] top-level scope
      @ /workspace/srcdir/usr/share/julia/stdlib/v1.6/Test/src/Test.jl:1115
   [10] top-level scope
      @ ~/.julia/packages/PhyloNetworks/zeoh2/test/test_manipulateNet.jl:193
  
testing rotate!: Test Failed at /home/pkgeval/.julia/packages/PhyloNetworks/zeoh2/test/test_manipulateNet.jl:203
  Expression: [e.number for e = (net.node[12]).edge] == [1, 12, 9]
   Evaluated: [1, 9, 12] == [1, 12, 9]
Stacktrace:
 [1] top-level scope
   @ ~/.julia/packages/PhyloNetworks/zeoh2/test/test_manipulateNet.jl:203
 [2] top-level scope
   @ /workspace/srcdir/usr/share/julia/stdlib/v1.6/Test/src/Test.jl:1115
 [3] top-level scope
   @ ~/.julia/packages/PhyloNetworks/zeoh2/test/test_manipulateNet.jl:193
Test Summary:   | Fail  Error  Total
testing rotate! |    1      1      2
[1m[31mFAILED[0m: test_manipulateNet.jl
[ Info: starting test_compareNetworks.jl
Test Summary:              | Pass  Total
test sets: compareNetworks |   84     84
[1m[32mPASSED[0m: test_compareNetworks.jl
[ Info: starting test_badDiamII.jl
hybrid edges for hybrid node 3 have missing gamma's, set default: 0.9,0.1
Test Summary:                     | Pass  Total
test: bad diamond, max pseudo lik |   23     23
[1m[32mPASSED[0m: test_badDiamII.jl
[ Info: starting test_multipleAlleles.jl
test: map alleles to species: Error During Test at /home/pkgeval/.julia/packages/PhyloNetworks/zeoh2/test/test_multipleAlleles.jl:14
  Test threw exception
  Expression: mapAllelesCFtable("tmp.csv", joinpath(#= /home/pkgeval/.julia/packages/PhyloNetworks/zeoh2/test/test_multipleAlleles.jl:15 =# @__DIR__(), "..", "examples", "tableCFCI.csv"), filename = "CFmapped.csv")
  In allele mapping file there is no column named allele
  Stacktrace:
    [1] error(s::String)
      @ Base ./error.jl:33
    [2] checkMapDF(alleleDF::DataFrame)
      @ PhyloNetworks ~/.julia/packages/PhyloNetworks/zeoh2/src/multipleAlleles.jl:270
    [3] compareTaxaNames(alleleDF::DataFrame, cfDF::DataFrame, co::Vector{Int64})
      @ PhyloNetworks ~/.julia/packages/PhyloNetworks/zeoh2/src/multipleAlleles.jl:244
    [4] mapAllelesCFtable!(cfDF::DataFrame, alleleDF::DataFrame, co::Vector{Int64}, write::Bool, filename::String)
      @ PhyloNetworks ~/.julia/packages/PhyloNetworks/zeoh2/src/multipleAlleles.jl:71
    [5] mapAllelesCFtable(alleleDF::String, cfDF::String; filename::String, columns::Vector{Int64}, CSVargs::Base.Iterators.Pairs{Union{},Union{},Tuple{},NamedTuple{,Tuple{}}})
      @ PhyloNetworks ~/.julia/packages/PhyloNetworks/zeoh2/src/multipleAlleles.jl:51
    [6] (::var"#355#366")()
      @ Main ./none:0
    [7] with_logstate(f::Function, logstate::Any)
      @ Base.CoreLogging ./logging.jl:428
    [8] with_logger
      @ ./logging.jl:540 [inlined]
    [9] #collect_test_logs#45
      @ /workspace/srcdir/usr/share/julia/stdlib/v1.6/Test/src/logging.jl:51 [inlined]
   [10] collect_test_logs
      @ /workspace/srcdir/usr/share/julia/stdlib/v1.6/Test/src/logging.jl:50 [inlined]
   [11] #match_logs#46
      @ /workspace/srcdir/usr/share/julia/stdlib/v1.6/Test/src/logging.jl:186 [inlined]
   [12] match_logs(f::Function, patterns::Tuple{Symbol,Regex})
      @ Test /workspace/srcdir/usr/share/julia/stdlib/v1.6/Test/src/logging.jl:186
   [13] top-level scope
      @ ~/.julia/packages/PhyloNetworks/zeoh2/test/test_multipleAlleles.jl:14
   [14] top-level scope
      @ /workspace/srcdir/usr/share/julia/stdlib/v1.6/Test/src/Test.jl:1115
   [15] top-level scope
      @ ~/.julia/packages/PhyloNetworks/zeoh2/test/test_multipleAlleles.jl:5
   [16] top-level scope
      @ /workspace/srcdir/usr/share/julia/stdlib/v1.6/Test/src/Test.jl:1115
   [17] top-level scope
      @ ~/.julia/packages/PhyloNetworks/zeoh2/test/test_multipleAlleles.jl:2
  
test: map alleles to species: Error During Test at /home/pkgeval/.julia/packages/PhyloNetworks/zeoh2/test/test_multipleAlleles.jl:4
  Got exception outside of a @test
  IOError: unlink: no such file or directory (ENOENT)
  Stacktrace:
    [1] uv_error
      @ ./libuv.jl:97 [inlined]
    [2] unlink(p::String)
      @ Base.Filesystem ./file.jl:888
    [3] rm(path::String; force::Bool, recursive::Bool)
      @ Base.Filesystem ./file.jl:268
    [4] rm(path::String)
      @ Base.Filesystem ./file.jl:260
    [5] top-level scope
      @ ~/.julia/packages/PhyloNetworks/zeoh2/test/test_multipleAlleles.jl:18
    [6] top-level scope
      @ /workspace/srcdir/usr/share/julia/stdlib/v1.6/Test/src/Test.jl:1115
    [7] top-level scope
      @ ~/.julia/packages/PhyloNetworks/zeoh2/test/test_multipleAlleles.jl:5
    [8] top-level scope
      @ /workspace/srcdir/usr/share/julia/stdlib/v1.6/Test/src/Test.jl:1115
    [9] top-level scope
      @ ~/.julia/packages/PhyloNetworks/zeoh2/test/test_multipleAlleles.jl:2
   [10] include(fname::String)
      @ Base.MainInclude ./client.jl:444
   [11] top-level scope
      @ ~/.julia/packages/PhyloNetworks/zeoh2/test/runtests.jl:102
   [12] include(fname::String)
      @ Base.MainInclude ./client.jl:444
   [13] top-level scope
      @ none:6
   [14] eval(m::Module, e::Any)
      @ Core ./boot.jl:340
   [15] exec_options(opts::Base.JLOptions)
      @ Base ./client.jl:260
   [16] _start()
      @ Base ./client.jl:485
  
â”Œ Warning: `eltypes(df::AbstractDataFrame)` is deprecated, use `eltype.(eachcol(df))` instead.
â”‚   caller = sorttaxa!(df::DataFrame, co::Vector{Int64}) at auxiliary.jl:1264
â”” @ PhyloNetworks ~/.julia/packages/PhyloNetworks/zeoh2/src/auxiliary.jl:1264
hybrid edges for hybrid node 3 have missing gamma's, set default: 0.9,0.1
â”Œ Warning: `aggregate(d, cols, f, sort=false, skipmissing=false)` is deprecated. Instead use combine(groupby(d, cols, sort=false, skipmissing=false), names(d, Not(cols)) .=> f)`
â”‚   caller = mergeRows(df::DataFrame, cols::Vector{Int64}) at multipleAlleles.jl:191
â”” @ PhyloNetworks ~/.julia/packages/PhyloNetworks/zeoh2/src/multipleAlleles.jl:191
11 unique 4-taxon sets were found. CF values of repeated 4-taxon sets will be averaged.
â”Œ Warning: `by(d::AbstractDataFrame, cols::Any; sort::Bool = false, skipmissing::Bool = false, f...)` is deprecated, use `combine(groupby(d, cols, sort = sort, skipmissing = skipmissing), [if in_col isa ColumnIndex
â”‚             in_col
â”‚         else
â”‚             AsTable(in_col)
â”‚         end => (fun => out_col) for (out_col, (in_col, fun)) = f]...)` instead.
â”‚   caller = ip:0x0
â”” @ Core :-1
hybrid edges for hybrid node 2 have missing gamma's, set default: 0.9,0.1
Test Summary:                  | Pass  Error  Total
multiple alleles               |   20      2     22
  test: map alleles to species |    2      2      4
  sorttaxa!                    |    7             7
  snaq on multiple alleles     |   11            11
[1m[31mFAILED[0m: test_multipleAlleles.jl
[ Info: starting test_bootstrap.jl
Test Summary:                  | Pass  Total
testing hybridBootstrapSupport |   19     19
â”Œ Warning: `CSV.read(input; kw...)` is deprecated in favor of `DataFrame!(CSV.File(input; kw...))`
â”” @ CSV ~/.julia/packages/CSV/W9RT2/src/CSV.jl:40
â”Œ Warning: assume table with CI from TICR: CFlo, CFhi in columns 6,7; 9,10; and 12,13.
â”‚ Found different column names: ["CF12_34_lo", "CF12_34_hi", "CF13_24_lo", "CF13_24_hi", "CF14_23_lo", "CF14_23_hi"]
â”” @ PhyloNetworks ~/.julia/packages/PhyloNetworks/zeoh2/src/bootstrap.jl:349
[ Info: starting test_perfectData.jl
[ Info: starting test_lm.jl
[ Info: starting test_lm_tree.jl
â”Œ Warning: `CSV.read(input; kw...)` is deprecated in favor of `DataFrame!(CSV.File(input; kw...))`
â”” @ CSV ~/.julia/packages/CSV/W9RT2/src/CSV.jl:40
â”Œ Warning: `CSV.read(input; kw...)` is deprecated in favor of `DataFrame!(CSV.File(input; kw...))`
â”” @ CSV ~/.julia/packages/CSV/W9RT2/src/CSV.jl:40
[ Info: starting test_traits.jl
â”Œ Warning: `names!(df::AbstractDataFrame, vals::Vector{Symbol}; makeunique::Bool = false)` is deprecated, use `rename!(df, vals, makeunique = makeunique)` instead.
â”‚   caller = vcv(net::HybridNetwork; model::String, corr::Bool, checkPreorder::Bool) at traits.jl:354
â”” @ PhyloNetworks ~/.julia/packages/PhyloNetworks/zeoh2/src/traits.jl:354
[ Info: starting test_simulate.jl
[ Info: starting test_parsimony.jl
â”Œ Warning: `eltypes(df::AbstractDataFrame)` is deprecated, use `eltype.(eachcol(df))` instead.
â”‚   caller = parsimonyDiscreteFitch(net::HybridNetwork, dat::DataFrame) at parsimony.jl:152
â”” @ PhyloNetworks ~/.julia/packages/PhyloNetworks/zeoh2/src/parsimony.jl:152
[ Info: starting test_calibratePairwise.jl
[ Info: starting test_relaxed_reading.jl
[ Info: starting test_isMajor.jl
[ Info: starting test_interop.jl
[ Info: starting test_traitLikDiscrete.jl
â”Œ Warning: `eltypes(df::AbstractDataFrame)` is deprecated, use `eltype.(eachcol(df))` instead.
â”‚   caller = empiricalDNAfrequencies(dnaDat::DataFrame, dnaWeights::Vector{Float64}, correctedestimate::Bool, useambiguous::Bool) at substitutionModels.jl:1077
â”” @ PhyloNetworks ~/.julia/packages/PhyloNetworks/zeoh2/src/substitutionModels.jl:1077
â”Œ Warning: `eltypes(df::AbstractDataFrame)` is deprecated, use `eltype.(eachcol(df))` instead.
â”‚   caller = empiricalDNAfrequencies(dnaDat::DataFrame, dnaWeights::Vector{Float64}, correctedestimate::Bool, useambiguous::Bool) at substitutionModels.jl:1077
â”” @ PhyloNetworks ~/.julia/packages/PhyloNetworks/zeoh2/src/substitutionModels.jl:1077
â”Œ Warning: `eltypes(df::AbstractDataFrame)` is deprecated, use `eltype.(eachcol(df))` instead.
â”‚   caller = empiricalDNAfrequencies(dnaDat::DataFrame, dnaWeights::Vector{Float64}, correctedestimate::Bool, useambiguous::Bool) at substitutionModels.jl:1085
â”” @ PhyloNetworks ~/.julia/packages/PhyloNetworks/zeoh2/src/substitutionModels.jl:1085
â”Œ Warning: `eltypes(df::AbstractDataFrame)` is deprecated, use `eltype.(eachcol(df))` instead.
â”‚   caller = empiricalDNAfrequencies(dnaDat::SubDataFrame{DataFrame,DataFrames.SubIndex{DataFrames.Index,UnitRange{Int64},UnitRange{Int64}},Base.OneTo{Int64}}, dnaWeights::Vector{Int64}, correctedestimate::Bool, useambiguous::Bool) at substitutionModels.jl:1077
â”” @ PhyloNetworks ~/.julia/packages/PhyloNetworks/zeoh2/src/substitutionModels.jl:1077
â”Œ Warning: `eltypes(df::AbstractDataFrame)` is deprecated, use `eltype.(eachcol(df))` instead.
â”‚   caller = empiricalDNAfrequencies(dnaDat::SubDataFrame{DataFrame,DataFrames.SubIndex{DataFrames.Index,UnitRange{Int64},UnitRange{Int64}},Base.OneTo{Int64}}, dnaWeights::Vector{Int64}, correctedestimate::Bool, useambiguous::Bool) at substitutionModels.jl:1077
â”” @ PhyloNetworks ~/.julia/packages/PhyloNetworks/zeoh2/src/substitutionModels.jl:1077
â”Œ Warning: `eltypes(df::AbstractDataFrame)` is deprecated, use `eltype.(eachcol(df))` instead.
â”‚   caller = empiricalDNAfrequencies(dnaDat::SubDataFrame{DataFrame,DataFrames.SubIndex{DataFrames.Index,UnitRange{Int64},UnitRange{Int64}},Base.OneTo{Int64}}, dnaWeights::Vector{Int64}, correctedestimate::Bool, useambiguous::Bool) at substitutionModels.jl:1085
â”” @ PhyloNetworks ~/.julia/packages/PhyloNetworks/zeoh2/src/substitutionModels.jl:1085
â”Œ Warning: `eltypes(df::AbstractDataFrame)` is deprecated, use `eltype.(eachcol(df))` instead.
â”‚   caller = empiricalDNAfrequencies(dnaDat::DataFrame, dnaWeights::Vector{Int64}, correctedestimate::Bool, useambiguous::Bool) at substitutionModels.jl:1077
â”” @ PhyloNetworks ~/.julia/packages/PhyloNetworks/zeoh2/src/substitutionModels.jl:1077
â”Œ Warning: `eltypes(df::AbstractDataFrame)` is deprecated, use `eltype.(eachcol(df))` instead.
â”‚   caller = empiricalDNAfrequencies(dnaDat::DataFrame, dnaWeights::Vector{Int64}, correctedestimate::Bool, useambiguous::Bool) at substitutionModels.jl:1077
â”” @ PhyloNetworks ~/.julia/packages/PhyloNetworks/zeoh2/src/substitutionModels.jl:1077
â”Œ Warning: `eltypes(df::AbstractDataFrame)` is deprecated, use `eltype.(eachcol(df))` instead.
â”‚   caller = empiricalDNAfrequencies(dnaDat::DataFrame, dnaWeights::Vector{Int64}, correctedestimate::Bool, useambiguous::Bool) at substitutionModels.jl:1085
â”” @ PhyloNetworks ~/.julia/packages/PhyloNetworks/zeoh2/src/substitutionModels.jl:1085
[ Info: starting test_readInputData.jl
[ Info: starting test_nj.jl
â”Œ Warning: `CSV.read(input; kw...)` is deprecated in favor of `DataFrame!(CSV.File(input; kw...))`
â”” @ CSV ~/.julia/packages/CSV/W9RT2/src/CSV.jl:40
ERROR: LoadError: "Tests failed"
Stacktrace:
 [1] top-level scope
   @ ~/.julia/packages/PhyloNetworks/zeoh2/test/runtests.jl:112
 [2] include(fname::String)
   @ Base.MainInclude ./client.jl:444
 [3] top-level scope
   @ none:6
in expression starting at /home/pkgeval/.julia/packages/PhyloNetworks/zeoh2/test/runtests.jl:111
ERROR: Package PhyloNetworks errored during testing
Stacktrace:
  [1] pkgerror(::String, ::Vararg{String,N} where N)
    @ Pkg.Types /workspace/srcdir/usr/share/julia/stdlib/v1.6/Pkg/src/Types.jl:52
  [2] test(ctx::Pkg.Types.Context, pkgs::Vector{Pkg.Types.PackageSpec}; coverage::Bool, julia_args::Cmd, test_args::Cmd, test_fn::Nothing)
    @ Pkg.Operations /workspace/srcdir/usr/share/julia/stdlib/v1.6/Pkg/src/Operations.jl:1561
  [3] test(ctx::Pkg.Types.Context, pkgs::Vector{Pkg.Types.PackageSpec}; coverage::Bool, test_fn::Nothing, julia_args::Cmd, test_args::Cmd, kwargs::Base.Iterators.Pairs{Union{},Union{},Tuple{},NamedTuple{(),Tuple{}}})
    @ Pkg.API /workspace/srcdir/usr/share/julia/stdlib/v1.6/Pkg/src/API.jl:327
  [4] test(ctx::Pkg.Types.Context, pkgs::Vector{Pkg.Types.PackageSpec})
    @ Pkg.API /workspace/srcdir/usr/share/julia/stdlib/v1.6/Pkg/src/API.jl:314
  [5] #test#61
    @ /workspace/srcdir/usr/share/julia/stdlib/v1.6/Pkg/src/API.jl:67 [inlined]
  [6] test
    @ /workspace/srcdir/usr/share/julia/stdlib/v1.6/Pkg/src/API.jl:67 [inlined]
  [7] #test#60
    @ /workspace/srcdir/usr/share/julia/stdlib/v1.6/Pkg/src/API.jl:66 [inlined]
  [8] test
    @ /workspace/srcdir/usr/share/julia/stdlib/v1.6/Pkg/src/API.jl:66 [inlined]
  [9] test(pkg::String; kwargs::Base.Iterators.Pairs{Union{},Union{},Tuple{},NamedTuple{(),Tuple{}}})
    @ Pkg.API /workspace/srcdir/usr/share/julia/stdlib/v1.6/Pkg/src/API.jl:65
 [10] test(pkg::String)
    @ Pkg.API /workspace/srcdir/usr/share/julia/stdlib/v1.6/Pkg/src/API.jl:65
 [11] top-level scope
    @ none:16
