Julia Version 1.6.0-DEV.1110
Commit 7344d19e6f (2020-10-02 14:43 UTC)
Platform Info:
  OS: Linux (x86_64-linux-gnu)
  CPU: AMD EPYC 7502 32-Core Processor
  WORD_SIZE: 64
  LIBM: libopenlibm
  LLVM: libLLVM-10.0.1 (ORCJIT, znver2)
Environment:
  JULIA_DEPOT_PATH = ::/usr/local/share/julia
  JULIA_NUM_THREADS = 2

  Resolving package versions...
  Installed NameResolution ────────────── v0.1.5
  Installed SimpleTraits ──────────────── v0.9.3
  Installed CanonicalTraits ───────────── v0.2.2
  Installed MLStyle ───────────────────── v0.4.6
  Installed XML2_jll ──────────────────── v2.9.10+2
  Installed StaticArrays ──────────────── v0.12.4
  Installed PrettyTables ──────────────── v0.9.1
  Installed FixedPointNumbers ─────────── v0.8.4
  Installed Tables ────────────────────── v1.1.0
  Installed JLD2 ──────────────────────── v0.2.2
  Installed Catlab ────────────────────── v0.9.0
  Installed Requires ──────────────────── v1.1.0
  Installed TranscodingStreams ────────── v0.9.5
  Installed Crayons ───────────────────── v4.0.4
  Installed UnPack ────────────────────── v1.0.2
  Installed JuliaVariables ────────────── v0.2.3
  Installed ArnoldiMethod ─────────────── v0.0.4
  Installed Parameters ────────────────── v0.12.1
  Installed GeneralizedGenerated ──────── v0.2.7
  Installed Adapt ─────────────────────── v2.3.0
  Installed LightGraphs ───────────────── v1.3.0
  Installed StructArrays ──────────────── v0.4.4
  Installed Measures ──────────────────── v0.3.1
  Installed Compat ────────────────────── v3.18.0
  Installed DataValueInterfaces ───────── v1.0.0
  Installed LightXML ──────────────────── v0.9.0
  Installed AutoHashEquals ────────────── v0.2.0
  Installed CodecZlib ─────────────────── v0.7.0
  Installed PrettyPrint ───────────────── v0.2.0
  Installed Colors ────────────────────── v0.12.4
  Installed Parsers ───────────────────── v1.0.10
  Installed Compose ───────────────────── v0.9.1
  Installed JSON ──────────────────────── v0.21.1
  Installed ColorTypes ────────────────── v0.10.9
  Installed OrderedCollections ────────── v1.3.1
  Installed MacroTools ────────────────── v0.5.5
  Installed Zlib_jll ──────────────────── v1.2.11+16
  Installed IteratorInterfaceExtensions ─ v1.0.0
  Installed DataAPI ───────────────────── v1.3.0
  Installed Inflate ───────────────────── v0.1.2
  Installed DataStructures ────────────── v0.18.6
  Installed MetaGraphs ────────────────── v0.6.6
  Installed TableTraits ───────────────── v1.0.0
  Installed Reexport ──────────────────── v0.2.0
  Installed FunctionWrappers ──────────── v1.1.1
  Installed IterTools ─────────────────── v1.3.0
  Installed Formatting ────────────────── v0.4.1
  Installed Libiconv_jll ──────────────── v1.16.0+6
Updating `~/.julia/environments/v1.6/Project.toml`
  [134e5e36] + Catlab v0.9.0
Updating `~/.julia/environments/v1.6/Manifest.toml`
  [79e6a3ab] + Adapt v2.3.0
  [ec485272] + ArnoldiMethod v0.0.4
  [15f4f7f2] + AutoHashEquals v0.2.0
  [a603d957] + CanonicalTraits v0.2.2
  [134e5e36] + Catlab v0.9.0
  [944b1d66] + CodecZlib v0.7.0
  [3da002f7] + ColorTypes v0.10.9
  [5ae59095] + Colors v0.12.4
  [34da2185] + Compat v3.18.0
  [a81c6b42] + Compose v0.9.1
  [a8cc5b0e] + Crayons v4.0.4
  [9a962f9c] + DataAPI v1.3.0
  [864edb3b] + DataStructures v0.18.6
  [e2d170a0] + DataValueInterfaces v1.0.0
  [53c48c17] + FixedPointNumbers v0.8.4
  [59287772] + Formatting v0.4.1
  [069b7b12] + FunctionWrappers v1.1.1
  [6b9d7cbe] + GeneralizedGenerated v0.2.7
  [d25df0c9] + Inflate v0.1.2
  [c8e1da08] + IterTools v1.3.0
  [82899510] + IteratorInterfaceExtensions v1.0.0
  [033835bb] + JLD2 v0.2.2
  [682c06a0] + JSON v0.21.1
  [b14d175d] + JuliaVariables v0.2.3
  [94ce4f54] + Libiconv_jll v1.16.0+6
  [093fc24a] + LightGraphs v1.3.0
  [9c8b4983] + LightXML v0.9.0
  [d8e11817] + MLStyle v0.4.6
  [1914dd2f] + MacroTools v0.5.5
  [442fdcdd] + Measures v0.3.1
  [626554b9] + MetaGraphs v0.6.6
  [71a1bf82] + NameResolution v0.1.5
  [bac558e1] + OrderedCollections v1.3.1
  [d96e819e] + Parameters v0.12.1
  [69de0a69] + Parsers v1.0.10
  [8162dcfd] + PrettyPrint v0.2.0
  [08abe8d2] + PrettyTables v0.9.1
  [189a3867] + Reexport v0.2.0
  [ae029012] + Requires v1.1.0
  [699a6c99] + SimpleTraits v0.9.3
  [90137ffa] + StaticArrays v0.12.4
  [09ab397b] + StructArrays v0.4.4
  [3783bdb8] + TableTraits v1.0.0
  [bd369af6] + Tables v1.1.0
  [3bb67fe8] + TranscodingStreams v0.9.5
  [3a884ed6] + UnPack v1.0.2
  [02c8fc9c] + XML2_jll v2.9.10+2
  [83775a58] + Zlib_jll v1.2.11+16
  [56f22d72] + Artifacts
  [2a0f44e3] + Base64
  [ade2ca70] + Dates
  [8bb1440f] + DelimitedFiles
  [8ba89e20] + Distributed
  [b77e0a4c] + InteractiveUtils
  [76f85450] + LibGit2
  [8f399da3] + Libdl
  [37e2e46d] + LinearAlgebra
  [56ddb016] + Logging
  [d6f4376e] + Markdown
  [a63ad114] + Mmap
  [44cfe95a] + Pkg
  [de0858da] + Printf
  [3fa0cd96] + REPL
  [9a3f8284] + Random
  [ea8e919c] + SHA
  [9e88b42a] + Serialization
  [1a1011a3] + SharedArrays
  [6462fe0b] + Sockets
  [2f01184e] + SparseArrays
  [10745b16] + Statistics
  [fa267f1f] + TOML
  [8dfed614] + Test
  [cf7118a7] + UUIDs
  [4ec0a83e] + Unicode
    Testing Catlab
Status `/tmp/jl_8Dns0X/Project.toml`
  [134e5e36] Catlab v0.9.0
  [34da2185] Compat v3.18.0
  [a81c6b42] Compose v0.9.1
  [864edb3b] DataStructures v0.18.6
  [42fd0dbc] IterativeSolvers v0.8.4
  [682c06a0] JSON v0.21.1
  [093fc24a] LightGraphs v1.3.0
  [9c8b4983] LightXML v0.9.0
  [7a12625a] LinearMaps v2.7.0
  [5c8ed15e] LinearOperators v1.1.0
  [90137ffa] StaticArrays v0.12.4
  [37e2e46d] LinearAlgebra
  [9a3f8284] Random
  [2f01184e] SparseArrays
  [8dfed614] Test
Status `/tmp/jl_8Dns0X/Manifest.toml`
  [79e6a3ab] Adapt v2.3.0
  [ec485272] ArnoldiMethod v0.0.4
  [15f4f7f2] AutoHashEquals v0.2.0
  [a603d957] CanonicalTraits v0.2.2
  [134e5e36] Catlab v0.9.0
  [944b1d66] CodecZlib v0.7.0
  [3da002f7] ColorTypes v0.10.9
  [5ae59095] Colors v0.12.4
  [34da2185] Compat v3.18.0
  [a81c6b42] Compose v0.9.1
  [a8cc5b0e] Crayons v4.0.4
  [9a962f9c] DataAPI v1.3.0
  [864edb3b] DataStructures v0.18.6
  [e2d170a0] DataValueInterfaces v1.0.0
  [9aa1b823] FastClosures v0.3.2
  [53c48c17] FixedPointNumbers v0.8.4
  [59287772] Formatting v0.4.1
  [069b7b12] FunctionWrappers v1.1.1
  [6b9d7cbe] GeneralizedGenerated v0.2.7
  [d25df0c9] Inflate v0.1.2
  [c8e1da08] IterTools v1.3.0
  [42fd0dbc] IterativeSolvers v0.8.4
  [82899510] IteratorInterfaceExtensions v1.0.0
  [033835bb] JLD2 v0.2.2
  [682c06a0] JSON v0.21.1
  [b14d175d] JuliaVariables v0.2.3
  [94ce4f54] Libiconv_jll v1.16.0+6
  [093fc24a] LightGraphs v1.3.0
  [9c8b4983] LightXML v0.9.0
  [7a12625a] LinearMaps v2.7.0
  [5c8ed15e] LinearOperators v1.1.0
  [d8e11817] MLStyle v0.4.6
  [1914dd2f] MacroTools v0.5.5
  [442fdcdd] Measures v0.3.1
  [626554b9] MetaGraphs v0.6.6
  [71a1bf82] NameResolution v0.1.5
  [bac558e1] OrderedCollections v1.3.1
  [d96e819e] Parameters v0.12.1
  [69de0a69] Parsers v1.0.10
  [8162dcfd] PrettyPrint v0.2.0
  [08abe8d2] PrettyTables v0.9.1
  [3cdcf5f2] RecipesBase v1.1.0
  [189a3867] Reexport v0.2.0
  [ae029012] Requires v1.1.0
  [699a6c99] SimpleTraits v0.9.3
  [90137ffa] StaticArrays v0.12.4
  [09ab397b] StructArrays v0.4.4
  [3783bdb8] TableTraits v1.0.0
  [bd369af6] Tables v1.1.0
  [a759f4b9] TimerOutputs v0.5.6
  [3bb67fe8] TranscodingStreams v0.9.5
  [3a884ed6] UnPack v1.0.2
  [02c8fc9c] XML2_jll v2.9.10+2
  [83775a58] Zlib_jll v1.2.11+16
  [56f22d72] Artifacts
  [2a0f44e3] Base64
  [ade2ca70] Dates
  [8bb1440f] DelimitedFiles
  [8ba89e20] Distributed
  [b77e0a4c] InteractiveUtils
  [76f85450] LibGit2
  [8f399da3] Libdl
  [37e2e46d] LinearAlgebra
  [56ddb016] Logging
  [d6f4376e] Markdown
  [a63ad114] Mmap
  [44cfe95a] Pkg
  [de0858da] Printf
  [3fa0cd96] REPL
  [9a3f8284] Random
  [ea8e919c] SHA
  [9e88b42a] Serialization
  [1a1011a3] SharedArrays
  [6462fe0b] Sockets
  [2f01184e] SparseArrays
  [10745b16] Statistics
  [fa267f1f] TOML
  [8dfed614] Test
  [cf7118a7] UUIDs
  [4ec0a83e] Unicode
    Testing Running tests...
Test Summary: | Pass  Total
Core          |  145    145
Test Summary: | Pass  Total
Theories      |  218    218
FinSets: Error During Test at /home/pkgeval/.julia/packages/Catlab/Hf3Z6/test/categorical_algebra/FinSets.jl:17
  Test threw exception
  Expression: map(FinFunction(rot3, 3, 3), 1:3) == [2, 3, 1]
  Module IR does not contain specified entry function
  Stacktrace:
    [1] assume
      @ ~/.julia/packages/FunctionWrappers/OAZAk/src/FunctionWrappers.jl:9 [inlined]
    [2] macro expansion
      @ ~/.julia/packages/FunctionWrappers/OAZAk/src/FunctionWrappers.jl:107 [inlined]
    [3] do_ccall
      @ ~/.julia/packages/FunctionWrappers/OAZAk/src/FunctionWrappers.jl:97 [inlined]
    [4] FunctionWrapper
      @ ~/.julia/packages/FunctionWrappers/OAZAk/src/FunctionWrappers.jl:116 [inlined]
    [5] FinFunctionCallable
      @ ~/.julia/packages/Catlab/Hf3Z6/src/categorical_algebra/FinSets.jl:83 [inlined]
    [6] iterate
      @ ./generator.jl:47 [inlined]
    [7] _collect(c::UnitRange{Int64}, itr::Base.Generator{UnitRange{Int64}, Catlab.CategoricalAlgebra.FinSets.FinFunctionCallable{Int64, Int64}}, #unused#::Base.EltypeUnknown, isz::Base.HasShape{1})
      @ Base ./array.jl:699
    [8] collect_similar
      @ ./array.jl:628 [inlined]
    [9] map(f::Catlab.CategoricalAlgebra.FinSets.FinFunctionCallable{Int64, Int64}, A::UnitRange{Int64})
      @ Base ./abstractarray.jl:2233
   [10] top-level scope
      @ ~/.julia/packages/Catlab/Hf3Z6/test/categorical_algebra/FinSets.jl:17
   [11] include(mod::Module, _path::String)
      @ Base ./Base.jl:389
   [12] include(x::String)
      @ Main.TestCategoricalAlgebra ~/.julia/packages/Catlab/Hf3Z6/test/categorical_algebra/CategoricalAlgebra.jl:1
   [13] top-level scope
      @ ~/.julia/packages/Catlab/Hf3Z6/test/categorical_algebra/CategoricalAlgebra.jl:18
   [14] top-level scope
      @ /workspace/srcdir/usr/share/julia/stdlib/v1.6/Test/src/Test.jl:1113
   [15] top-level scope
      @ ~/.julia/packages/Catlab/Hf3Z6/test/categorical_algebra/CategoricalAlgebra.jl:18
FinSets: Error During Test at /home/pkgeval/.julia/packages/Catlab/Hf3Z6/test/categorical_algebra/FinSets.jl:50
  Test threw exception
  Expression: force(proj1(lim)) == FinFunction([1, 2, 1, 2, 1, 2])
  Module IR does not contain specified entry function
  Stacktrace:
    [1] assume
      @ ~/.julia/packages/FunctionWrappers/OAZAk/src/FunctionWrappers.jl:9 [inlined]
    [2] macro expansion
      @ ~/.julia/packages/FunctionWrappers/OAZAk/src/FunctionWrappers.jl:107 [inlined]
    [3] do_ccall
      @ ~/.julia/packages/FunctionWrappers/OAZAk/src/FunctionWrappers.jl:97 [inlined]
    [4] FunctionWrapper
      @ ~/.julia/packages/FunctionWrappers/OAZAk/src/FunctionWrappers.jl:116 [inlined]
    [5] FinFunctionCallable
      @ ~/.julia/packages/Catlab/Hf3Z6/src/categorical_algebra/FinSets.jl:83 [inlined]
    [6] iterate
      @ ./generator.jl:47 [inlined]
    [7] collect(itr::Base.Generator{Catlab.CategoricalAlgebra.FinSets.FinSet{Int64, Int64}, Catlab.CategoricalAlgebra.FinSets.FinFunctionCallable{Int64, Int64}})
      @ Base ./array.jl:686
    [8] map
      @ ./abstractarray.jl:2262 [inlined]
    [9] force(f::Catlab.CategoricalAlgebra.FinSets.FinFunctionCallable{Int64, Int64})
      @ Catlab.CategoricalAlgebra.FinSets ~/.julia/packages/Catlab/Hf3Z6/src/categorical_algebra/FinSets.jl:116
   [10] top-level scope
      @ ~/.julia/packages/Catlab/Hf3Z6/test/categorical_algebra/FinSets.jl:50
   [11] include(mod::Module, _path::String)
      @ Base ./Base.jl:389
   [12] include(x::String)
      @ Main.TestCategoricalAlgebra ~/.julia/packages/Catlab/Hf3Z6/test/categorical_algebra/CategoricalAlgebra.jl:1
   [13] top-level scope
      @ ~/.julia/packages/Catlab/Hf3Z6/test/categorical_algebra/CategoricalAlgebra.jl:18
   [14] top-level scope
      @ /workspace/srcdir/usr/share/julia/stdlib/v1.6/Test/src/Test.jl:1113
   [15] top-level scope
      @ ~/.julia/packages/Catlab/Hf3Z6/test/categorical_algebra/CategoricalAlgebra.jl:18
FinSets: Error During Test at /home/pkgeval/.julia/packages/Catlab/Hf3Z6/test/categorical_algebra/FinSets.jl:51
  Test threw exception
  Expression: force(proj2(lim)) == FinFunction([1, 1, 2, 2, 3, 3])
  Module IR does not contain specified entry function
  Stacktrace:
    [1] assume
      @ ~/.julia/packages/FunctionWrappers/OAZAk/src/FunctionWrappers.jl:9 [inlined]
    [2] macro expansion
      @ ~/.julia/packages/FunctionWrappers/OAZAk/src/FunctionWrappers.jl:107 [inlined]
    [3] do_ccall
      @ ~/.julia/packages/FunctionWrappers/OAZAk/src/FunctionWrappers.jl:97 [inlined]
    [4] FunctionWrapper
      @ ~/.julia/packages/FunctionWrappers/OAZAk/src/FunctionWrappers.jl:116 [inlined]
    [5] FinFunctionCallable
      @ ~/.julia/packages/Catlab/Hf3Z6/src/categorical_algebra/FinSets.jl:83 [inlined]
    [6] iterate
      @ ./generator.jl:47 [inlined]
    [7] collect(itr::Base.Generator{Catlab.CategoricalAlgebra.FinSets.FinSet{Int64, Int64}, Catlab.CategoricalAlgebra.FinSets.FinFunctionCallable{Int64, Int64}})
      @ Base ./array.jl:686
    [8] map
      @ ./abstractarray.jl:2262 [inlined]
    [9] force(f::Catlab.CategoricalAlgebra.FinSets.FinFunctionCallable{Int64, Int64})
      @ Catlab.CategoricalAlgebra.FinSets ~/.julia/packages/Catlab/Hf3Z6/src/categorical_algebra/FinSets.jl:116
   [10] top-level scope
      @ ~/.julia/packages/Catlab/Hf3Z6/test/categorical_algebra/FinSets.jl:51
   [11] include(mod::Module, _path::String)
      @ Base ./Base.jl:389
   [12] include(x::String)
      @ Main.TestCategoricalAlgebra ~/.julia/packages/Catlab/Hf3Z6/test/categorical_algebra/CategoricalAlgebra.jl:1
   [13] top-level scope
      @ ~/.julia/packages/Catlab/Hf3Z6/test/categorical_algebra/CategoricalAlgebra.jl:18
   [14] top-level scope
      @ /workspace/srcdir/usr/share/julia/stdlib/v1.6/Test/src/Test.jl:1113
   [15] top-level scope
      @ ~/.julia/packages/Catlab/Hf3Z6/test/categorical_algebra/CategoricalAlgebra.jl:18
FinSets: Error During Test at /home/pkgeval/.julia/packages/Catlab/Hf3Z6/test/categorical_algebra/FinSets.jl:55
  Test threw exception
  Expression: force(pair(lim, f, g) ⋅ proj1(lim)) == f
  Module IR does not contain specified entry function
  Stacktrace:
    [1] assume
      @ ~/.julia/packages/FunctionWrappers/OAZAk/src/FunctionWrappers.jl:9 [inlined]
    [2] macro expansion
      @ ~/.julia/packages/FunctionWrappers/OAZAk/src/FunctionWrappers.jl:107 [inlined]
    [3] do_ccall
      @ ~/.julia/packages/FunctionWrappers/OAZAk/src/FunctionWrappers.jl:97 [inlined]
    [4] FunctionWrapper
      @ ~/.julia/packages/FunctionWrappers/OAZAk/src/FunctionWrappers.jl:116 [inlined]
    [5] FinFunctionCallable
      @ ~/.julia/packages/Catlab/Hf3Z6/src/categorical_algebra/FinSets.jl:83 [inlined]
    [6] iterate
      @ ./generator.jl:47 [inlined]
    [7] collect(itr::Base.Generator{Catlab.CategoricalAlgebra.FinSets.FinSet{Int64, Int64}, Catlab.CategoricalAlgebra.FinSets.FinFunctionCallable{Int64, Int64}})
      @ Base ./array.jl:686
    [8] map
      @ ./abstractarray.jl:2262 [inlined]
    [9] force(f::Catlab.CategoricalAlgebra.FinSets.FinFunctionCallable{Int64, Int64})
      @ Catlab.CategoricalAlgebra.FinSets ~/.julia/packages/Catlab/Hf3Z6/src/categorical_algebra/FinSets.jl:116
   [10] top-level scope
      @ ~/.julia/packages/Catlab/Hf3Z6/test/categorical_algebra/FinSets.jl:55
   [11] include(mod::Module, _path::String)
      @ Base ./Base.jl:389
   [12] include(x::String)
      @ Main.TestCategoricalAlgebra ~/.julia/packages/Catlab/Hf3Z6/test/categorical_algebra/CategoricalAlgebra.jl:1
   [13] top-level scope
      @ ~/.julia/packages/Catlab/Hf3Z6/test/categorical_algebra/CategoricalAlgebra.jl:18
   [14] top-level scope
      @ /workspace/srcdir/usr/share/julia/stdlib/v1.6/Test/src/Test.jl:1113
   [15] top-level scope
      @ ~/.julia/packages/Catlab/Hf3Z6/test/categorical_algebra/CategoricalAlgebra.jl:18
FinSets: Error During Test at /home/pkgeval/.julia/packages/Catlab/Hf3Z6/test/categorical_algebra/FinSets.jl:56
  Test threw exception
  Expression: force(pair(lim, f, g) ⋅ proj2(lim)) == g
  Module IR does not contain specified entry function
  Stacktrace:
    [1] assume
      @ ~/.julia/packages/FunctionWrappers/OAZAk/src/FunctionWrappers.jl:9 [inlined]
    [2] macro expansion
      @ ~/.julia/packages/FunctionWrappers/OAZAk/src/FunctionWrappers.jl:107 [inlined]
    [3] do_ccall
      @ ~/.julia/packages/FunctionWrappers/OAZAk/src/FunctionWrappers.jl:97 [inlined]
    [4] FunctionWrapper
      @ ~/.julia/packages/FunctionWrappers/OAZAk/src/FunctionWrappers.jl:116 [inlined]
    [5] FinFunctionCallable
      @ ~/.julia/packages/Catlab/Hf3Z6/src/categorical_algebra/FinSets.jl:83 [inlined]
    [6] iterate
      @ ./generator.jl:47 [inlined]
    [7] collect(itr::Base.Generator{Catlab.CategoricalAlgebra.FinSets.FinSet{Int64, Int64}, Catlab.CategoricalAlgebra.FinSets.FinFunctionCallable{Int64, Int64}})
      @ Base ./array.jl:686
    [8] map
      @ ./abstractarray.jl:2262 [inlined]
    [9] force(f::Catlab.CategoricalAlgebra.FinSets.FinFunctionCallable{Int64, Int64})
      @ Catlab.CategoricalAlgebra.FinSets ~/.julia/packages/Catlab/Hf3Z6/src/categorical_algebra/FinSets.jl:116
   [10] top-level scope
      @ ~/.julia/packages/Catlab/Hf3Z6/test/categorical_algebra/FinSets.jl:56
   [11] include(mod::Module, _path::String)
      @ Base ./Base.jl:389
   [12] include(x::String)
      @ Main.TestCategoricalAlgebra ~/.julia/packages/Catlab/Hf3Z6/test/categorical_algebra/CategoricalAlgebra.jl:1
   [13] top-level scope
      @ ~/.julia/packages/Catlab/Hf3Z6/test/categorical_algebra/CategoricalAlgebra.jl:18
   [14] top-level scope
      @ /workspace/srcdir/usr/share/julia/stdlib/v1.6/Test/src/Test.jl:1113
   [15] top-level scope
      @ ~/.julia/packages/Catlab/Hf3Z6/test/categorical_algebra/CategoricalAlgebra.jl:18
FinSets: Error During Test at /home/pkgeval/.julia/packages/Catlab/Hf3Z6/test/categorical_algebra/FinSets.jl:61
  Test threw exception
  Expression: force.(legs(lim)) == [FinFunction([1, 2, 1, 2, 1, 2]), FinFunction([1, 1, 2, 2, 3, 3])]
  Module IR does not contain specified entry function
  Stacktrace:
    [1] assume
      @ ~/.julia/packages/FunctionWrappers/OAZAk/src/FunctionWrappers.jl:9 [inlined]
    [2] macro expansion
      @ ~/.julia/packages/FunctionWrappers/OAZAk/src/FunctionWrappers.jl:107 [inlined]
    [3] do_ccall
      @ ~/.julia/packages/FunctionWrappers/OAZAk/src/FunctionWrappers.jl:97 [inlined]
    [4] FunctionWrapper
      @ ~/.julia/packages/FunctionWrappers/OAZAk/src/FunctionWrappers.jl:116 [inlined]
    [5] FinFunctionCallable
      @ ~/.julia/packages/Catlab/Hf3Z6/src/categorical_algebra/FinSets.jl:83 [inlined]
    [6] iterate
      @ ./generator.jl:47 [inlined]
    [7] collect(itr::Base.Generator{Catlab.CategoricalAlgebra.FinSets.FinSet{Int64, Int64}, Catlab.CategoricalAlgebra.FinSets.FinFunctionCallable{Int64, Int64}})
      @ Base ./array.jl:686
    [8] map
      @ ./abstractarray.jl:2262 [inlined]
    [9] force
      @ ~/.julia/packages/Catlab/Hf3Z6/src/categorical_algebra/FinSets.jl:116 [inlined]
   [10] _broadcast_getindex_evalf
      @ ./broadcast.jl:648 [inlined]
   [11] _broadcast_getindex
      @ ./broadcast.jl:621 [inlined]
   [12] getindex
      @ ./broadcast.jl:575 [inlined]
   [13] macro expansion
      @ ./broadcast.jl:932 [inlined]
   [14] macro expansion
      @ ./simdloop.jl:77 [inlined]
   [15] copyto!
      @ ./broadcast.jl:931 [inlined]
   [16] copyto!
      @ ./broadcast.jl:886 [inlined]
   [17] copy
      @ ./broadcast.jl:862 [inlined]
   [18] materialize(bc::Base.Broadcast.Broadcasted{Base.Broadcast.DefaultArrayStyle{1}, Nothing, typeof(Catlab.CategoricalAlgebra.FinSets.force), Tuple{Vector{Catlab.CategoricalAlgebra.FinSets.FinFunctionCallable{Int64, Int64}}}})
      @ Base.Broadcast ./broadcast.jl:837
   [19] top-level scope
      @ ~/.julia/packages/Catlab/Hf3Z6/test/categorical_algebra/FinSets.jl:61
   [20] include(mod::Module, _path::String)
      @ Base ./Base.jl:389
   [21] include(x::String)
      @ Main.TestCategoricalAlgebra ~/.julia/packages/Catlab/Hf3Z6/test/categorical_algebra/CategoricalAlgebra.jl:1
   [22] top-level scope
      @ ~/.julia/packages/Catlab/Hf3Z6/test/categorical_algebra/CategoricalAlgebra.jl:18
   [23] top-level scope
      @ /workspace/srcdir/usr/share/julia/stdlib/v1.6/Test/src/Test.jl:1113
   [24] top-level scope
      @ ~/.julia/packages/Catlab/Hf3Z6/test/categorical_algebra/CategoricalAlgebra.jl:18
FinSets: Error During Test at /home/pkgeval/.julia/packages/Catlab/Hf3Z6/test/categorical_algebra/FinSets.jl:66
  Test threw exception
  Expression: force(pair(lim, [f, g]) ⋅ first(legs(lim))) == f
  Module IR does not contain specified entry function
  Stacktrace:
    [1] assume
      @ ~/.julia/packages/FunctionWrappers/OAZAk/src/FunctionWrappers.jl:9 [inlined]
    [2] macro expansion
      @ ~/.julia/packages/FunctionWrappers/OAZAk/src/FunctionWrappers.jl:107 [inlined]
    [3] do_ccall
      @ ~/.julia/packages/FunctionWrappers/OAZAk/src/FunctionWrappers.jl:97 [inlined]
    [4] FunctionWrapper
      @ ~/.julia/packages/FunctionWrappers/OAZAk/src/FunctionWrappers.jl:116 [inlined]
    [5] FinFunctionCallable
      @ ~/.julia/packages/Catlab/Hf3Z6/src/categorical_algebra/FinSets.jl:83 [inlined]
    [6] iterate
      @ ./generator.jl:47 [inlined]
    [7] collect(itr::Base.Generator{Catlab.CategoricalAlgebra.FinSets.FinSet{Int64, Int64}, Catlab.CategoricalAlgebra.FinSets.FinFunctionCallable{Int64, Int64}})
      @ Base ./array.jl:686
    [8] map
      @ ./abstractarray.jl:2262 [inlined]
    [9] force(f::Catlab.CategoricalAlgebra.FinSets.FinFunctionCallable{Int64, Int64})
      @ Catlab.CategoricalAlgebra.FinSets ~/.julia/packages/Catlab/Hf3Z6/src/categorical_algebra/FinSets.jl:116
   [10] top-level scope
      @ ~/.julia/packages/Catlab/Hf3Z6/test/categorical_algebra/FinSets.jl:66
   [11] include(mod::Module, _path::String)
      @ Base ./Base.jl:389
   [12] include(x::String)
      @ Main.TestCategoricalAlgebra ~/.julia/packages/Catlab/Hf3Z6/test/categorical_algebra/CategoricalAlgebra.jl:1
   [13] top-level scope
      @ ~/.julia/packages/Catlab/Hf3Z6/test/categorical_algebra/CategoricalAlgebra.jl:18
   [14] top-level scope
      @ /workspace/srcdir/usr/share/julia/stdlib/v1.6/Test/src/Test.jl:1113
   [15] top-level scope
      @ ~/.julia/packages/Catlab/Hf3Z6/test/categorical_algebra/CategoricalAlgebra.jl:18
FinSets: Error During Test at /home/pkgeval/.julia/packages/Catlab/Hf3Z6/test/categorical_algebra/FinSets.jl:67
  Test threw exception
  Expression: force(pair(lim, [f, g]) ⋅ last(legs(lim))) == g
  Module IR does not contain specified entry function
  Stacktrace:
    [1] assume
      @ ~/.julia/packages/FunctionWrappers/OAZAk/src/FunctionWrappers.jl:9 [inlined]
    [2] macro expansion
      @ ~/.julia/packages/FunctionWrappers/OAZAk/src/FunctionWrappers.jl:107 [inlined]
    [3] do_ccall
      @ ~/.julia/packages/FunctionWrappers/OAZAk/src/FunctionWrappers.jl:97 [inlined]
    [4] FunctionWrapper
      @ ~/.julia/packages/FunctionWrappers/OAZAk/src/FunctionWrappers.jl:116 [inlined]
    [5] FinFunctionCallable
      @ ~/.julia/packages/Catlab/Hf3Z6/src/categorical_algebra/FinSets.jl:83 [inlined]
    [6] iterate
      @ ./generator.jl:47 [inlined]
    [7] collect(itr::Base.Generator{Catlab.CategoricalAlgebra.FinSets.FinSet{Int64, Int64}, Catlab.CategoricalAlgebra.FinSets.FinFunctionCallable{Int64, Int64}})
      @ Base ./array.jl:686
    [8] map
      @ ./abstractarray.jl:2262 [inlined]
    [9] force(f::Catlab.CategoricalAlgebra.FinSets.FinFunctionCallable{Int64, Int64})
      @ Catlab.CategoricalAlgebra.FinSets ~/.julia/packages/Catlab/Hf3Z6/src/categorical_algebra/FinSets.jl:116
   [10] top-level scope
      @ ~/.julia/packages/Catlab/Hf3Z6/test/categorical_algebra/FinSets.jl:67
   [11] include(mod::Module, _path::String)
      @ Base ./Base.jl:389
   [12] include(x::String)
      @ Main.TestCategoricalAlgebra ~/.julia/packages/Catlab/Hf3Z6/test/categorical_algebra/CategoricalAlgebra.jl:1
   [13] top-level scope
      @ ~/.julia/packages/Catlab/Hf3Z6/test/categorical_algebra/CategoricalAlgebra.jl:18
   [14] top-level scope
      @ /workspace/srcdir/usr/share/julia/stdlib/v1.6/Test/src/Test.jl:1113
   [15] top-level scope
      @ ~/.julia/packages/Catlab/Hf3Z6/test/categorical_algebra/CategoricalAlgebra.jl:18
FinSets: Error During Test at /home/pkgeval/.julia/packages/Catlab/Hf3Z6/test/categorical_algebra/CategoricalAlgebra.jl:17
  Got exception outside of a @test
  LoadError: Module IR does not contain specified entry function
  Stacktrace:
    [1] assume
      @ ~/.julia/packages/FunctionWrappers/OAZAk/src/FunctionWrappers.jl:9 [inlined]
    [2] macro expansion
      @ ~/.julia/packages/FunctionWrappers/OAZAk/src/FunctionWrappers.jl:107 [inlined]
    [3] do_ccall
      @ ~/.julia/packages/FunctionWrappers/OAZAk/src/FunctionWrappers.jl:97 [inlined]
    [4] FunctionWrapper
      @ ~/.julia/packages/FunctionWrappers/OAZAk/src/FunctionWrappers.jl:116 [inlined]
    [5] FinFunctionCallable
      @ ~/.julia/packages/Catlab/Hf3Z6/src/categorical_algebra/FinSets.jl:83 [inlined]
    [6] (::Catlab.CategoricalAlgebra.FinSets.var"#15#16"{Catlab.CategoricalAlgebra.FinSets.FinFunctionCallable{Int64, Int64}, Catlab.CategoricalAlgebra.FinSets.FinFunctionCallable{Int64, Int64}})(i::Int64)
      @ Catlab.CategoricalAlgebra.FinSets ~/.julia/packages/Catlab/Hf3Z6/src/categorical_algebra/FinSets.jl:211
    [7] filter(f::Catlab.CategoricalAlgebra.FinSets.var"#15#16"{Catlab.CategoricalAlgebra.FinSets.FinFunctionCallable{Int64, Int64}, Catlab.CategoricalAlgebra.FinSets.FinFunctionCallable{Int64, Int64}}, a::UnitRange{Int64})
      @ Base ./array.jl:2489
    [8] limit
      @ ~/.julia/packages/Catlab/Hf3Z6/src/categorical_algebra/FinSets.jl:211 [inlined]
    [9] equalizer(f::Catlab.CategoricalAlgebra.FinSets.FinFunctionCallable{Int64, Int64}, g::Catlab.CategoricalAlgebra.FinSets.FinFunctionCallable{Int64, Int64})
      @ Catlab.CategoricalAlgebra.Limits ~/.julia/packages/Catlab/Hf3Z6/src/categorical_algebra/Limits.jl:188
   [10] composite_pullback(cospan::Catlab.CategoricalAlgebra.FreeDiagrams.Multicospan{Catlab.CategoricalAlgebra.FinSets.FinSet{Int64, Int64}, StaticArrays.SVector{2, Catlab.CategoricalAlgebra.FinSets.FinFunctionVector{Vector{Int64}}}})
      @ Catlab.CategoricalAlgebra.Limits ~/.julia/packages/Catlab/Hf3Z6/src/categorical_algebra/Limits.jl:277
   [11] limit
      @ ~/.julia/packages/Catlab/Hf3Z6/src/categorical_algebra/FinSets.jl:230 [inlined]
   [12] pullback(f::Catlab.CategoricalAlgebra.FinSets.FinFunctionVector{Vector{Int64}}, g::Catlab.CategoricalAlgebra.FinSets.FinFunctionVector{Vector{Int64}})
      @ Catlab.CategoricalAlgebra.Limits ~/.julia/packages/Catlab/Hf3Z6/src/categorical_algebra/Limits.jl:205
   [13] top-level scope
      @ ~/.julia/packages/Catlab/Hf3Z6/test/categorical_algebra/FinSets.jl:91
   [14] include(mod::Module, _path::String)
      @ Base ./Base.jl:389
   [15] include(x::String)
      @ Main.TestCategoricalAlgebra ~/.julia/packages/Catlab/Hf3Z6/test/categorical_algebra/CategoricalAlgebra.jl:1
   [16] top-level scope
      @ ~/.julia/packages/Catlab/Hf3Z6/test/categorical_algebra/CategoricalAlgebra.jl:18
   [17] top-level scope
      @ /workspace/srcdir/usr/share/julia/stdlib/v1.6/Test/src/Test.jl:1113
   [18] top-level scope
      @ ~/.julia/packages/Catlab/Hf3Z6/test/categorical_algebra/CategoricalAlgebra.jl:18
   [19] include(fname::String)
      @ Base.MainInclude ./client.jl:444
   [20] top-level scope
      @ ~/.julia/packages/Catlab/Hf3Z6/test/runtests.jl:12
   [21] top-level scope
      @ /workspace/srcdir/usr/share/julia/stdlib/v1.6/Test/src/Test.jl:1113
   [22] top-level scope
      @ ~/.julia/packages/Catlab/Hf3Z6/test/runtests.jl:12
   [23] include(fname::String)
      @ Base.MainInclude ./client.jl:444
   [24] top-level scope
      @ none:6
   [25] eval(m::Module, e::Any)
      @ Core ./boot.jl:360
   [26] exec_options(opts::Base.JLOptions)
      @ Base ./client.jl:261
   [27] _start()
      @ Base ./client.jl:485
  in expression starting at /home/pkgeval/.julia/packages/Catlab/Hf3Z6/test/categorical_algebra/FinSets.jl:1
FinRelations: Error During Test at /home/pkgeval/.julia/packages/Catlab/Hf3Z6/test/categorical_algebra/FinRelations.jl:16
  Test threw exception
  Expression: map(id(FinRel(3)), [1, 1], [1, 2]) == [true, false]
  Module IR does not contain specified entry function
  Stacktrace:
    [1] assume
      @ ~/.julia/packages/FunctionWrappers/OAZAk/src/FunctionWrappers.jl:9 [inlined]
    [2] macro expansion
      @ ~/.julia/packages/FunctionWrappers/OAZAk/src/FunctionWrappers.jl:107 [inlined]
    [3] do_ccall
      @ ~/.julia/packages/FunctionWrappers/OAZAk/src/FunctionWrappers.jl:97 [inlined]
    [4] FunctionWrapper
      @ ~/.julia/packages/FunctionWrappers/OAZAk/src/FunctionWrappers.jl:116 [inlined]
    [5] FinRelationCallable
      @ ~/.julia/packages/Catlab/Hf3Z6/src/categorical_algebra/FinRelations.jl:81 [inlined]
    [6] #6
      @ ./generator.jl:36 [inlined]
    [7] iterate
      @ ./generator.jl:47 [inlined]
    [8] collect(itr::Base.Generator{Base.Iterators.Zip{Tuple{Vector{Int64}, Vector{Int64}}}, Base.var"#6#7"{Catlab.CategoricalAlgebra.FinRelations.FinRelationCallable{Int64, Int64}}})
      @ Base ./array.jl:686
    [9] map(::Catlab.CategoricalAlgebra.FinRelations.FinRelationCallable{Int64, Int64}, ::Vector{Int64}, ::Vector{Int64})
      @ Base ./abstractarray.jl:2322
   [10] top-level scope
      @ ~/.julia/packages/Catlab/Hf3Z6/test/categorical_algebra/FinRelations.jl:16
   [11] include(mod::Module, _path::String)
      @ Base ./Base.jl:389
   [12] include(x::String)
      @ Main.TestCategoricalAlgebra ~/.julia/packages/Catlab/Hf3Z6/test/categorical_algebra/CategoricalAlgebra.jl:1
   [13] top-level scope
      @ ~/.julia/packages/Catlab/Hf3Z6/test/categorical_algebra/CategoricalAlgebra.jl:22
   [14] top-level scope
      @ /workspace/srcdir/usr/share/julia/stdlib/v1.6/Test/src/Test.jl:1113
   [15] top-level scope
      @ ~/.julia/packages/Catlab/Hf3Z6/test/categorical_algebra/CategoricalAlgebra.jl:22
FinRelations: Error During Test at /home/pkgeval/.julia/packages/Catlab/Hf3Z6/test/categorical_algebra/FinRelations.jl:17
  Test threw exception
  Expression: map(FinRelation(((x, y)->begin
                    2x == y
                end), 3, 6), [1, 1], [2, 1]) == [true, false]
  Module IR does not contain specified entry function
  Stacktrace:
    [1] assume
      @ ~/.julia/packages/FunctionWrappers/OAZAk/src/FunctionWrappers.jl:9 [inlined]
    [2] macro expansion
      @ ~/.julia/packages/FunctionWrappers/OAZAk/src/FunctionWrappers.jl:107 [inlined]
    [3] do_ccall
      @ ~/.julia/packages/FunctionWrappers/OAZAk/src/FunctionWrappers.jl:97 [inlined]
    [4] FunctionWrapper
      @ ~/.julia/packages/FunctionWrappers/OAZAk/src/FunctionWrappers.jl:116 [inlined]
    [5] FinRelationCallable
      @ ~/.julia/packages/Catlab/Hf3Z6/src/categorical_algebra/FinRelations.jl:81 [inlined]
    [6] #6
      @ ./generator.jl:36 [inlined]
    [7] iterate
      @ ./generator.jl:47 [inlined]
    [8] collect(itr::Base.Generator{Base.Iterators.Zip{Tuple{Vector{Int64}, Vector{Int64}}}, Base.var"#6#7"{Catlab.CategoricalAlgebra.FinRelations.FinRelationCallable{Int64, Int64}}})
      @ Base ./array.jl:686
    [9] map(::Catlab.CategoricalAlgebra.FinRelations.FinRelationCallable{Int64, Int64}, ::Vector{Int64}, ::Vector{Int64})
      @ Base ./abstractarray.jl:2322
   [10] top-level scope
      @ ~/.julia/packages/Catlab/Hf3Z6/test/categorical_algebra/FinRelations.jl:17
   [11] include(mod::Module, _path::String)
      @ Base ./Base.jl:389
   [12] include(x::String)
      @ Main.TestCategoricalAlgebra ~/.julia/packages/Catlab/Hf3Z6/test/categorical_algebra/CategoricalAlgebra.jl:1
   [13] top-level scope
      @ ~/.julia/packages/Catlab/Hf3Z6/test/categorical_algebra/CategoricalAlgebra.jl:22
   [14] top-level scope
      @ /workspace/srcdir/usr/share/julia/stdlib/v1.6/Test/src/Test.jl:1113
   [15] top-level scope
      @ ~/.julia/packages/Catlab/Hf3Z6/test/categorical_algebra/CategoricalAlgebra.jl:22
FinRelations: Error During Test at /home/pkgeval/.julia/packages/Catlab/Hf3Z6/test/categorical_algebra/CategoricalAlgebra.jl:21
  Got exception outside of a @test
  LoadError: Module IR does not contain specified entry function
  Stacktrace:
    [1] assume
      @ ~/.julia/packages/FunctionWrappers/OAZAk/src/FunctionWrappers.jl:9 [inlined]
    [2] macro expansion
      @ ~/.julia/packages/FunctionWrappers/OAZAk/src/FunctionWrappers.jl:107 [inlined]
    [3] do_ccall
      @ ~/.julia/packages/FunctionWrappers/OAZAk/src/FunctionWrappers.jl:97 [inlined]
    [4] FunctionWrapper
      @ ~/.julia/packages/FunctionWrappers/OAZAk/src/FunctionWrappers.jl:116 [inlined]
    [5] FinRelationCallable
      @ ~/.julia/packages/Catlab/Hf3Z6/src/categorical_algebra/FinRelations.jl:81 [inlined]
    [6] force(#unused#::Type{Matrix{Catlab.CategoricalAlgebra.FinRelations.BoolRig}}, R::Catlab.CategoricalAlgebra.FinRelations.FinRelationCallable{Int64, Int64})
      @ Catlab.CategoricalAlgebra.FinRelations ~/.julia/packages/Catlab/Hf3Z6/src/categorical_algebra/FinRelations.jl:106
    [7] force(R::Catlab.CategoricalAlgebra.FinRelations.FinRelationCallable{Int64, Int64})
      @ Catlab.CategoricalAlgebra.FinRelations ~/.julia/packages/Catlab/Hf3Z6/src/categorical_algebra/FinRelations.jl:113
    [8] top-level scope
      @ ~/.julia/packages/Catlab/Hf3Z6/test/categorical_algebra/FinRelations.jl:24
    [9] include(mod::Module, _path::String)
      @ Base ./Base.jl:389
   [10] include(x::String)
      @ Main.TestCategoricalAlgebra ~/.julia/packages/Catlab/Hf3Z6/test/categorical_algebra/CategoricalAlgebra.jl:1
   [11] top-level scope
      @ ~/.julia/packages/Catlab/Hf3Z6/test/categorical_algebra/CategoricalAlgebra.jl:22
   [12] top-level scope
      @ /workspace/srcdir/usr/share/julia/stdlib/v1.6/Test/src/Test.jl:1113
   [13] top-level scope
      @ ~/.julia/packages/Catlab/Hf3Z6/test/categorical_algebra/CategoricalAlgebra.jl:22
   [14] include(fname::String)
      @ Base.MainInclude ./client.jl:444
   [15] top-level scope
      @ ~/.julia/packages/Catlab/Hf3Z6/test/runtests.jl:12
   [16] top-level scope
      @ /workspace/srcdir/usr/share/julia/stdlib/v1.6/Test/src/Test.jl:1113
   [17] top-level scope
      @ ~/.julia/packages/Catlab/Hf3Z6/test/runtests.jl:12
   [18] include(fname::String)
      @ Base.MainInclude ./client.jl:444
   [19] top-level scope
      @ none:6
   [20] eval(m::Module, e::Any)
      @ Core ./boot.jl:360
   [21] exec_options(opts::Base.JLOptions)
      @ Base ./client.jl:261
   [22] _start()
      @ Base ./client.jl:485
  in expression starting at /home/pkgeval/.julia/packages/Catlab/Hf3Z6/test/categorical_algebra/FinRelations.jl:1
PredicatedSets: Error During Test at /home/pkgeval/.julia/packages/Catlab/Hf3Z6/test/categorical_algebra/PredicatedSets.jl:12
  Test threw exception
  Expression: plus_one_to_odd(1) == 2
  Module IR does not contain specified entry function
  Stacktrace:
    [1] assume
      @ ~/.julia/packages/FunctionWrappers/OAZAk/src/FunctionWrappers.jl:9 [inlined]
    [2] macro expansion
      @ ~/.julia/packages/FunctionWrappers/OAZAk/src/FunctionWrappers.jl:107 [inlined]
    [3] do_ccall
      @ ~/.julia/packages/FunctionWrappers/OAZAk/src/FunctionWrappers.jl:97 [inlined]
    [4] FunctionWrapper
      @ ~/.julia/packages/FunctionWrappers/OAZAk/src/FunctionWrappers.jl:116 [inlined]
    [5] PredicatedSet
      @ ~/.julia/packages/Catlab/Hf3Z6/src/categorical_algebra/PredicatedSets.jl:16 [inlined]
    [6] (::Catlab.CategoricalAlgebra.PredicatedSets.PredicatedHom{Int64, Int64})(x::Int64)
      @ Catlab.CategoricalAlgebra.PredicatedSets ~/.julia/packages/Catlab/Hf3Z6/src/categorical_algebra/PredicatedSets.jl:30
    [7] top-level scope
      @ ~/.julia/packages/Catlab/Hf3Z6/test/categorical_algebra/PredicatedSets.jl:12
    [8] include(mod::Module, _path::String)
      @ Base ./Base.jl:389
    [9] include(x::String)
      @ Main.TestCategoricalAlgebra ~/.julia/packages/Catlab/Hf3Z6/test/categorical_algebra/CategoricalAlgebra.jl:1
   [10] top-level scope
      @ ~/.julia/packages/Catlab/Hf3Z6/test/categorical_algebra/CategoricalAlgebra.jl:30
   [11] top-level scope
      @ /workspace/srcdir/usr/share/julia/stdlib/v1.6/Test/src/Test.jl:1113
   [12] top-level scope
      @ ~/.julia/packages/Catlab/Hf3Z6/test/categorical_algebra/CategoricalAlgebra.jl:30
PredicatedSets: Test Failed at /home/pkgeval/.julia/packages/Catlab/Hf3Z6/test/categorical_algebra/PredicatedSets.jl:13
  Expression: plus_one_to_odd(2) == 3
    Expected: AssertionError
      Thrown: ErrorException
Stacktrace:
 [1] top-level scope
   @ ~/.julia/packages/Catlab/Hf3Z6/test/categorical_algebra/PredicatedSets.jl:13
 [2] include(mod::Module, _path::String)
   @ Base ./Base.jl:389
 [3] include(x::String)
   @ Main.TestCategoricalAlgebra ~/.julia/packages/Catlab/Hf3Z6/test/categorical_algebra/CategoricalAlgebra.jl:1
 [4] top-level scope
   @ ~/.julia/packages/Catlab/Hf3Z6/test/categorical_algebra/CategoricalAlgebra.jl:30
 [5] top-level scope
   @ /workspace/srcdir/usr/share/julia/stdlib/v1.6/Test/src/Test.jl:1113
 [6] top-level scope
   @ ~/.julia/packages/Catlab/Hf3Z6/test/categorical_algebra/CategoricalAlgebra.jl:30
PredicatedSets: Error During Test at /home/pkgeval/.julia/packages/Catlab/Hf3Z6/test/categorical_algebra/PredicatedSets.jl:14
  Test threw exception
  Expression: plus_one_to_even(2) == 3
  Module IR does not contain specified entry function
  Stacktrace:
    [1] assume
      @ ~/.julia/packages/FunctionWrappers/OAZAk/src/FunctionWrappers.jl:9 [inlined]
    [2] macro expansion
      @ ~/.julia/packages/FunctionWrappers/OAZAk/src/FunctionWrappers.jl:107 [inlined]
    [3] do_ccall
      @ ~/.julia/packages/FunctionWrappers/OAZAk/src/FunctionWrappers.jl:97 [inlined]
    [4] FunctionWrapper
      @ ~/.julia/packages/FunctionWrappers/OAZAk/src/FunctionWrappers.jl:116 [inlined]
    [5] PredicatedSet
      @ ~/.julia/packages/Catlab/Hf3Z6/src/categorical_algebra/PredicatedSets.jl:16 [inlined]
    [6] (::Catlab.CategoricalAlgebra.PredicatedSets.PredicatedHom{Int64, Int64})(x::Int64)
      @ Catlab.CategoricalAlgebra.PredicatedSets ~/.julia/packages/Catlab/Hf3Z6/src/categorical_algebra/PredicatedSets.jl:30
    [7] top-level scope
      @ ~/.julia/packages/Catlab/Hf3Z6/test/categorical_algebra/PredicatedSets.jl:14
    [8] include(mod::Module, _path::String)
      @ Base ./Base.jl:389
    [9] include(x::String)
      @ Main.TestCategoricalAlgebra ~/.julia/packages/Catlab/Hf3Z6/test/categorical_algebra/CategoricalAlgebra.jl:1
   [10] top-level scope
      @ ~/.julia/packages/Catlab/Hf3Z6/test/categorical_algebra/CategoricalAlgebra.jl:30
   [11] top-level scope
      @ /workspace/srcdir/usr/share/julia/stdlib/v1.6/Test/src/Test.jl:1113
   [12] top-level scope
      @ ~/.julia/packages/Catlab/Hf3Z6/test/categorical_algebra/CategoricalAlgebra.jl:30
PredicatedSets: Test Failed at /home/pkgeval/.julia/packages/Catlab/Hf3Z6/test/categorical_algebra/PredicatedSets.jl:15
  Expression: plus_one_to_even(3) == 4
    Expected: AssertionError
      Thrown: ErrorException
Stacktrace:
 [1] top-level scope
   @ ~/.julia/packages/Catlab/Hf3Z6/test/categorical_algebra/PredicatedSets.jl:15
 [2] include(mod::Module, _path::String)
   @ Base ./Base.jl:389
 [3] include(x::String)
   @ Main.TestCategoricalAlgebra ~/.julia/packages/Catlab/Hf3Z6/test/categorical_algebra/CategoricalAlgebra.jl:1
 [4] top-level scope
   @ ~/.julia/packages/Catlab/Hf3Z6/test/categorical_algebra/CategoricalAlgebra.jl:30
 [5] top-level scope
   @ /workspace/srcdir/usr/share/julia/stdlib/v1.6/Test/src/Test.jl:1113
 [6] top-level scope
   @ ~/.julia/packages/Catlab/Hf3Z6/test/categorical_algebra/CategoricalAlgebra.jl:30
PredicatedSets: Error During Test at /home/pkgeval/.julia/packages/Catlab/Hf3Z6/test/categorical_algebra/PredicatedSets.jl:17
  Test threw exception
  Expression: (compose(plus_one_to_odd, plus_one_to_even))(3) == 5
  Module IR does not contain specified entry function
  Stacktrace:
    [1] assume
      @ ~/.julia/packages/FunctionWrappers/OAZAk/src/FunctionWrappers.jl:9 [inlined]
    [2] macro expansion
      @ ~/.julia/packages/FunctionWrappers/OAZAk/src/FunctionWrappers.jl:107 [inlined]
    [3] do_ccall
      @ ~/.julia/packages/FunctionWrappers/OAZAk/src/FunctionWrappers.jl:97 [inlined]
    [4] FunctionWrapper
      @ ~/.julia/packages/FunctionWrappers/OAZAk/src/FunctionWrappers.jl:116 [inlined]
    [5] PredicatedSet
      @ ~/.julia/packages/Catlab/Hf3Z6/src/categorical_algebra/PredicatedSets.jl:16 [inlined]
    [6] (::Catlab.CategoricalAlgebra.PredicatedSets.PredicatedHom{Int64, Int64})(x::Int64)
      @ Catlab.CategoricalAlgebra.PredicatedSets ~/.julia/packages/Catlab/Hf3Z6/src/categorical_algebra/PredicatedSets.jl:30
    [7] top-level scope
      @ ~/.julia/packages/Catlab/Hf3Z6/test/categorical_algebra/PredicatedSets.jl:17
    [8] include(mod::Module, _path::String)
      @ Base ./Base.jl:389
    [9] include(x::String)
      @ Main.TestCategoricalAlgebra ~/.julia/packages/Catlab/Hf3Z6/test/categorical_algebra/CategoricalAlgebra.jl:1
   [10] top-level scope
      @ ~/.julia/packages/Catlab/Hf3Z6/test/categorical_algebra/CategoricalAlgebra.jl:30
   [11] top-level scope
      @ /workspace/srcdir/usr/share/julia/stdlib/v1.6/Test/src/Test.jl:1113
   [12] top-level scope
      @ ~/.julia/packages/Catlab/Hf3Z6/test/categorical_algebra/CategoricalAlgebra.jl:30
PredicatedSets: Test Failed at /home/pkgeval/.julia/packages/Catlab/Hf3Z6/test/categorical_algebra/PredicatedSets.jl:21
  Expression: plus_two(3)
    Expected: AssertionError
      Thrown: ErrorException
Stacktrace:
 [1] top-level scope
   @ ~/.julia/packages/Catlab/Hf3Z6/test/categorical_algebra/PredicatedSets.jl:21
 [2] include(mod::Module, _path::String)
   @ Base ./Base.jl:389
 [3] include(x::String)
   @ Main.TestCategoricalAlgebra ~/.julia/packages/Catlab/Hf3Z6/test/categorical_algebra/CategoricalAlgebra.jl:1
 [4] top-level scope
   @ ~/.julia/packages/Catlab/Hf3Z6/test/categorical_algebra/CategoricalAlgebra.jl:30
 [5] top-level scope
   @ /workspace/srcdir/usr/share/julia/stdlib/v1.6/Test/src/Test.jl:1113
 [6] top-level scope
   @ ~/.julia/packages/Catlab/Hf3Z6/test/categorical_algebra/CategoricalAlgebra.jl:30
CSets: Error During Test at /home/pkgeval/.julia/packages/Catlab/Hf3Z6/test/categorical_algebra/CategoricalAlgebra.jl:33
  Got exception outside of a @test
  LoadError: Module IR does not contain specified entry function
  Stacktrace:
    [1] assume
      @ ~/.julia/packages/FunctionWrappers/OAZAk/src/FunctionWrappers.jl:9 [inlined]
    [2] macro expansion
      @ ~/.julia/packages/FunctionWrappers/OAZAk/src/FunctionWrappers.jl:107 [inlined]
    [3] do_ccall
      @ ~/.julia/packages/FunctionWrappers/OAZAk/src/FunctionWrappers.jl:97 [inlined]
    [4] FunctionWrapper
      @ ~/.julia/packages/FunctionWrappers/OAZAk/src/FunctionWrappers.jl:116 [inlined]
    [5] FinFunctionCallable
      @ ~/.julia/packages/Catlab/Hf3Z6/src/categorical_algebra/FinSets.jl:83 [inlined]
    [6] iterate
      @ ./generator.jl:47 [inlined]
    [7] collect(itr::Base.Generator{Catlab.CategoricalAlgebra.FinSets.FinSet{Int64, Int64}, Catlab.CategoricalAlgebra.FinSets.FinFunctionCallable{Int64, Int64}})
      @ Base ./array.jl:686
    [8] map
      @ ./abstractarray.jl:2262 [inlined]
    [9] force
      @ ~/.julia/packages/Catlab/Hf3Z6/src/categorical_algebra/FinSets.jl:116 [inlined]
   [10] collect(f::Catlab.CategoricalAlgebra.FinSets.FinFunctionCallable{Int64, Int64})
      @ Catlab.CategoricalAlgebra.FinSets ~/.julia/packages/Catlab/Hf3Z6/src/categorical_algebra/FinSets.jl:119
   [11] limit(diagram::Catlab.CategoricalAlgebra.FreeDiagrams.ObjectPair{Catlab.CSetDataStructures.CSet{Catlab.Theories.CatDesc{(:V, :E), (:src, :tgt), (2, 2), (1, 1)}, (:src, :tgt), (), NamedTuple{(:V, :E), Tuple{Vector{NamedTuple{(), Tuple{}}}, StructArrays.StructVector{NamedTuple{(:src, :tgt), Tuple{Int64, Int64}}, NamedTuple{(:src, :tgt), Tuple{Vector{Int64}, Vector{Int64}}}, Int64}}}, NamedTuple{(:src, :tgt), Tuple{Vector{Vector{Int64}}, Vector{Vector{Int64}}}}}, StaticArrays.SVector{2, Catlab.CSetDataStructures.CSet{Catlab.Theories.CatDesc{(:V, :E), (:src, :tgt), (2, 2), (1, 1)}, (:src, :tgt), (), NamedTuple{(:V, :E), Tuple{Vector{NamedTuple{(), Tuple{}}}, StructArrays.StructVector{NamedTuple{(:src, :tgt), Tuple{Int64, Int64}}, NamedTuple{(:src, :tgt), Tuple{Vector{Int64}, Vector{Int64}}}, Int64}}}, NamedTuple{(:src, :tgt), Tuple{Vector{Vector{Int64}}, Vector{Vector{Int64}}}}}}})
      @ Catlab.CategoricalAlgebra.CSets ~/.julia/packages/Catlab/Hf3Z6/src/categorical_algebra/CSets.jl:151
   [12] product(A::Catlab.CSetDataStructures.CSet{Catlab.Theories.CatDesc{(:V, :E), (:src, :tgt), (2, 2), (1, 1)}, (:src, :tgt), (), NamedTuple{(:V, :E), Tuple{Vector{NamedTuple{(), Tuple{}}}, StructArrays.StructVector{NamedTuple{(:src, :tgt), Tuple{Int64, Int64}}, NamedTuple{(:src, :tgt), Tuple{Vector{Int64}, Vector{Int64}}}, Int64}}}, NamedTuple{(:src, :tgt), Tuple{Vector{Vector{Int64}}, Vector{Vector{Int64}}}}}, B::Catlab.CSetDataStructures.CSet{Catlab.Theories.CatDesc{(:V, :E), (:src, :tgt), (2, 2), (1, 1)}, (:src, :tgt), (), NamedTuple{(:V, :E), Tuple{Vector{NamedTuple{(), Tuple{}}}, StructArrays.StructVector{NamedTuple{(:src, :tgt), Tuple{Int64, Int64}}, NamedTuple{(:src, :tgt), Tuple{Vector{Int64}, Vector{Int64}}}, Int64}}}, NamedTuple{(:src, :tgt), Tuple{Vector{Vector{Int64}}, Vector{Vector{Int64}}}}})
      @ Catlab.CategoricalAlgebra.Limits ~/.julia/packages/Catlab/Hf3Z6/src/categorical_algebra/Limits.jl:172
   [13] top-level scope
      @ ~/.julia/packages/Catlab/Hf3Z6/test/categorical_algebra/CSets.jl:51
   [14] include(mod::Module, _path::String)
      @ Base ./Base.jl:389
   [15] include(x::String)
      @ Main.TestCategoricalAlgebra ~/.julia/packages/Catlab/Hf3Z6/test/categorical_algebra/CategoricalAlgebra.jl:1
   [16] top-level scope
      @ ~/.julia/packages/Catlab/Hf3Z6/test/categorical_algebra/CategoricalAlgebra.jl:35
   [17] top-level scope
      @ /workspace/srcdir/usr/share/julia/stdlib/v1.6/Test/src/Test.jl:1113
   [18] top-level scope
      @ ~/.julia/packages/Catlab/Hf3Z6/test/categorical_algebra/CategoricalAlgebra.jl:34
   [19] include(fname::String)
      @ Base.MainInclude ./client.jl:444
   [20] top-level scope
      @ ~/.julia/packages/Catlab/Hf3Z6/test/runtests.jl:12
   [21] top-level scope
      @ /workspace/srcdir/usr/share/julia/stdlib/v1.6/Test/src/Test.jl:1113
   [22] top-level scope
      @ ~/.julia/packages/Catlab/Hf3Z6/test/runtests.jl:12
   [23] include(fname::String)
      @ Base.MainInclude ./client.jl:444
   [24] top-level scope
      @ none:6
   [25] eval(m::Module, e::Any)
      @ Core ./boot.jl:360
   [26] exec_options(opts::Base.JLOptions)
      @ Base ./client.jl:261
   [27] _start()
      @ Base ./client.jl:485
  in expression starting at /home/pkgeval/.julia/packages/Catlab/Hf3Z6/test/categorical_algebra/CSets.jl:1
┌ Warning: `find_root` is deprecated, use `find_root!` instead.
│   caller = #30 at none:0 [inlined]
└ @ Core ./none:0
┌ Warning: `find_root` is deprecated, use `find_root!` instead.
│   caller = #30 at none:0 [inlined]
└ @ Core ./none:0
Test Summary:       | Pass  Fail  Error  Total
CategoricalAlgebra  |  278     3     16    297
  FreeDiagrams      |   52                  52
  Limits            |   10                  10
  Matrices          |   19                  19
  FinSets           |   29            9     38
  FinRelations      |    3            3      6
  Permutations      |   26                  26
  PredicatedSets    |          3      3      6
  CSets             |   91            1     92
  StructuredCospans |   48                  48
ERROR: LoadError: Some tests did not pass: 278 passed, 3 failed, 16 errored, 0 broken.
in expression starting at /home/pkgeval/.julia/packages/Catlab/Hf3Z6/test/runtests.jl:11
ERROR: Package Catlab errored during testing
Stacktrace:
  [1] pkgerror(msg::String)
    @ Pkg.Types /workspace/srcdir/usr/share/julia/stdlib/v1.6/Pkg/src/Types.jl:52
  [2] test(ctx::Pkg.Types.Context, pkgs::Vector{Pkg.Types.PackageSpec}; coverage::Bool, julia_args::Cmd, test_args::Cmd, test_fn::Nothing)
    @ Pkg.Operations /workspace/srcdir/usr/share/julia/stdlib/v1.6/Pkg/src/Operations.jl:1609
  [3] test(ctx::Pkg.Types.Context, pkgs::Vector{Pkg.Types.PackageSpec}; coverage::Bool, test_fn::Nothing, julia_args::Cmd, test_args::Cmd, kwargs::Base.Iterators.Pairs{Union{}, Union{}, Tuple{}, NamedTuple{(), Tuple{}}})
    @ Pkg.API /workspace/srcdir/usr/share/julia/stdlib/v1.6/Pkg/src/API.jl:331
  [4] test(ctx::Pkg.Types.Context, pkgs::Vector{Pkg.Types.PackageSpec})
    @ Pkg.API /workspace/srcdir/usr/share/julia/stdlib/v1.6/Pkg/src/API.jl:318
  [5] #test#62
    @ /workspace/srcdir/usr/share/julia/stdlib/v1.6/Pkg/src/API.jl:68 [inlined]
  [6] test
    @ /workspace/srcdir/usr/share/julia/stdlib/v1.6/Pkg/src/API.jl:68 [inlined]
  [7] #test#61
    @ /workspace/srcdir/usr/share/julia/stdlib/v1.6/Pkg/src/API.jl:66 [inlined]
  [8] test
    @ /workspace/srcdir/usr/share/julia/stdlib/v1.6/Pkg/src/API.jl:66 [inlined]
  [9] test(pkg::String; kwargs::Base.Iterators.Pairs{Union{}, Union{}, Tuple{}, NamedTuple{(), Tuple{}}})
    @ Pkg.API /workspace/srcdir/usr/share/julia/stdlib/v1.6/Pkg/src/API.jl:65
 [10] test(pkg::String)
    @ Pkg.API /workspace/srcdir/usr/share/julia/stdlib/v1.6/Pkg/src/API.jl:65
 [11] top-level scope
    @ none:19
