Julia Version 1.5.0-DEV.732
Commit 87d2a04de3 (2020-04-30 10:44 UTC)
Platform Info:
  OS: Linux (x86_64-linux-gnu)
  CPU: Intel(R) Xeon(R) Silver 4114 CPU @ 2.20GHz
  WORD_SIZE: 64
  LIBM: libopenlibm
  LLVM: libLLVM-9.0.1 (ORCJIT, skylake)
Environment:
  JULIA_DEPOT_PATH = ::/usr/local/share/julia
  JULIA_NUM_THREADS = 2

  Resolving package versions...
  Installed PooledArrays â”€â”€â”€â”€â”€â”€â”€â”€â”€â”€â”€â”€â”€â”€â”€â”€ v0.5.3
  Installed Missings â”€â”€â”€â”€â”€â”€â”€â”€â”€â”€â”€â”€â”€â”€â”€â”€â”€â”€â”€â”€ v0.4.3
  Installed DataValueInterfaces â”€â”€â”€â”€â”€â”€â”€â”€â”€ v1.0.0
  Installed SortingAlgorithms â”€â”€â”€â”€â”€â”€â”€â”€â”€â”€â”€ v0.3.1
  Installed Parsers â”€â”€â”€â”€â”€â”€â”€â”€â”€â”€â”€â”€â”€â”€â”€â”€â”€â”€â”€â”€â”€ v1.0.2
  Installed Tables â”€â”€â”€â”€â”€â”€â”€â”€â”€â”€â”€â”€â”€â”€â”€â”€â”€â”€â”€â”€â”€â”€ v1.0.4
  Installed DataStructures â”€â”€â”€â”€â”€â”€â”€â”€â”€â”€â”€â”€â”€â”€ v0.17.15
  Installed DataFrames â”€â”€â”€â”€â”€â”€â”€â”€â”€â”€â”€â”€â”€â”€â”€â”€â”€â”€ v0.20.2
  Installed IteratorInterfaceExtensions â”€ v1.0.0
  Installed JSON â”€â”€â”€â”€â”€â”€â”€â”€â”€â”€â”€â”€â”€â”€â”€â”€â”€â”€â”€â”€â”€â”€â”€â”€ v0.21.0
  Installed InvertedIndices â”€â”€â”€â”€â”€â”€â”€â”€â”€â”€â”€â”€â”€ v1.0.0
  Installed Compat â”€â”€â”€â”€â”€â”€â”€â”€â”€â”€â”€â”€â”€â”€â”€â”€â”€â”€â”€â”€â”€â”€ v3.8.0
  Installed TableTraits â”€â”€â”€â”€â”€â”€â”€â”€â”€â”€â”€â”€â”€â”€â”€â”€â”€ v1.0.0
  Installed DataAPI â”€â”€â”€â”€â”€â”€â”€â”€â”€â”€â”€â”€â”€â”€â”€â”€â”€â”€â”€â”€â”€ v1.3.0
  Installed Reexport â”€â”€â”€â”€â”€â”€â”€â”€â”€â”€â”€â”€â”€â”€â”€â”€â”€â”€â”€â”€ v0.2.0
  Installed OrderedCollections â”€â”€â”€â”€â”€â”€â”€â”€â”€â”€ v1.1.0
  Installed CategoricalArrays â”€â”€â”€â”€â”€â”€â”€â”€â”€â”€â”€ v0.7.7
Updating `~/.julia/environments/v1.5/Project.toml`
  [a93c6f00] + DataFrames v0.20.2
Updating `~/.julia/environments/v1.5/Manifest.toml`
  [324d7699] + CategoricalArrays v0.7.7
  [34da2185] + Compat v3.8.0
  [9a962f9c] + DataAPI v1.3.0
  [a93c6f00] + DataFrames v0.20.2
  [864edb3b] + DataStructures v0.17.15
  [e2d170a0] + DataValueInterfaces v1.0.0
  [41ab1584] + InvertedIndices v1.0.0
  [82899510] + IteratorInterfaceExtensions v1.0.0
  [682c06a0] + JSON v0.21.0
  [e1d29d7a] + Missings v0.4.3
  [bac558e1] + OrderedCollections v1.1.0
  [69de0a69] + Parsers v1.0.2
  [2dfb63ee] + PooledArrays v0.5.3
  [189a3867] + Reexport v0.2.0
  [a2af1166] + SortingAlgorithms v0.3.1
  [3783bdb8] + TableTraits v1.0.0
  [bd369af6] + Tables v1.0.4
  [2a0f44e3] + Base64
  [ade2ca70] + Dates
  [8bb1440f] + DelimitedFiles
  [8ba89e20] + Distributed
  [9fa8497b] + Future
  [b77e0a4c] + InteractiveUtils
  [76f85450] + LibGit2
  [8f399da3] + Libdl
  [37e2e46d] + LinearAlgebra
  [56ddb016] + Logging
  [d6f4376e] + Markdown
  [a63ad114] + Mmap
  [44cfe95a] + Pkg
  [de0858da] + Printf
  [3fa0cd96] + REPL
  [9a3f8284] + Random
  [ea8e919c] + SHA
  [9e88b42a] + Serialization
  [1a1011a3] + SharedArrays
  [6462fe0b] + Sockets
  [2f01184e] + SparseArrays
  [10745b16] + Statistics
  [8dfed614] + Test
  [cf7118a7] + UUIDs
  [4ec0a83e] + Unicode
    Testing DataFrames
Status `/tmp/jl_3wBkB1/Project.toml`
  [324d7699] CategoricalArrays v0.7.7
  [34da2185] Compat v3.8.0
  [9a962f9c] DataAPI v1.3.0
  [a93c6f00] DataFrames v0.20.2
  [864edb3b] DataStructures v0.17.15
  [e7dc6d0d] DataValues v0.4.13
  [41ab1584] InvertedIndices v1.0.0
  [82899510] IteratorInterfaceExtensions v1.0.0
  [e1d29d7a] Missings v0.4.3
  [2dfb63ee] PooledArrays v0.5.3
  [189a3867] Reexport v0.2.0
  [a2af1166] SortingAlgorithms v0.3.1
  [3783bdb8] TableTraits v1.0.0
  [bd369af6] Tables v1.0.4
  [ade2ca70] Dates
  [9fa8497b] Future
  [56ddb016] Logging
  [de0858da] Printf
  [3fa0cd96] REPL
  [9a3f8284] Random
  [10745b16] Statistics
  [8dfed614] Test
  [4ec0a83e] Unicode
Status `/tmp/jl_3wBkB1/Manifest.toml`
  [324d7699] CategoricalArrays v0.7.7
  [34da2185] Compat v3.8.0
  [9a962f9c] DataAPI v1.3.0
  [a93c6f00] DataFrames v0.20.2
  [864edb3b] DataStructures v0.17.15
  [e2d170a0] DataValueInterfaces v1.0.0
  [e7dc6d0d] DataValues v0.4.13
  [41ab1584] InvertedIndices v1.0.0
  [82899510] IteratorInterfaceExtensions v1.0.0
  [682c06a0] JSON v0.21.0
  [e1d29d7a] Missings v0.4.3
  [bac558e1] OrderedCollections v1.1.0
  [69de0a69] Parsers v1.0.2
  [2dfb63ee] PooledArrays v0.5.3
  [189a3867] Reexport v0.2.0
  [a2af1166] SortingAlgorithms v0.3.1
  [3783bdb8] TableTraits v1.0.0
  [bd369af6] Tables v1.0.4
  [2a0f44e3] Base64
  [ade2ca70] Dates
  [8bb1440f] DelimitedFiles
  [8ba89e20] Distributed
  [9fa8497b] Future
  [b77e0a4c] InteractiveUtils
  [76f85450] LibGit2
  [8f399da3] Libdl
  [37e2e46d] LinearAlgebra
  [56ddb016] Logging
  [d6f4376e] Markdown
  [a63ad114] Mmap
  [44cfe95a] Pkg
  [de0858da] Printf
  [3fa0cd96] REPL
  [9a3f8284] Random
  [ea8e919c] SHA
  [9e88b42a] Serialization
  [1a1011a3] SharedArrays
  [6462fe0b] Sockets
  [2f01184e] SparseArrays
  [10745b16] Statistics
  [8dfed614] Test
  [cf7118a7] UUIDs
  [4ec0a83e] Unicode
Running tests:
Test Summary: | Pass  Total
make_unique   |    3      3
Test Summary: | Pass  Total
count         |    2      2
Test Summary: | Pass  Total
inner_outer   |    2      2
	[1m[32mPASSED[0m: utils.jl
Test Summary: | Pass  Total
hcat          |   10     10
Test Summary: | Pass  Total
hcat: copying |   26     26
Test Summary:            | Pass  Total
hcat ::AbstractDataFrame |    2      2
Test Summary:            | Pass  Total
hcat ::AbstractDataFrame |    2      2
Test Summary:          | Pass  Total
hcat ::AbstractVectors |   11     11
Test Summary:  | Pass  Total
hcat: copycols |   76     76
Test Summary: | Pass  Total
vcat          |   21     21
Test Summary: | Pass  Total
vcat copy     |    2      2
Test Summary: | Pass  Total
vcat >2 args  |    4      4
Test Summary:       | Pass  Total
vcat mixed coltypes |   18     18
Test Summary:     | Pass  Total
vcat out of order |   19     19
Test Summary:         | Pass  Total
vcat with cols=:union |    6      6
Test Summary:             | Pass  Total
vcat with cols=:intersect |    6      6
Test Summary:          | Pass  Total
vcat with cols::Vector |   15     15
Test Summary:          | Pass  Total
vcat thrown exceptions |   32     32
Test Summary:  | Pass  Total
vcat with view |    1      1
	[1m[32mPASSED[0m: cat.jl
Test Summary: | Pass  Total
constructors  |   61     61
Test Summary:                 | Pass  Total
completecases and dropmissing |  209    209
Test Summary: | Pass  Total
merge         |   17     17
join tests: Test Failed at /home/pkgeval/.julia/packages/DataFrames/S3ZFo/test/data.jl:293
  Expression: m1[!, :a] == Union{Missing, Symbol}[:x, :x, :y, :y, :y, :x, :x, :x]
   Evaluated: Union{Missing, Symbol}[:x, :x, :y, :x, :x, :y, :x, :x, :y] == Union{Missing, Symbol}[:x, :x, :y, :y, :y, :x, :x, :x]
Stacktrace:
 [1] top-level scope at /home/pkgeval/.julia/packages/DataFrames/S3ZFo/test/data.jl:293
 [2] top-level scope at /workspace/srcdir/usr/share/julia/stdlib/v1.5/Test/src/Test.jl:1114
 [3] top-level scope at /home/pkgeval/.julia/packages/DataFrames/S3ZFo/test/data.jl:282
join tests: Test Failed at /home/pkgeval/.julia/packages/DataFrames/S3ZFo/test/data.jl:296
  Expression: m2[!, :a] â‰… [:x, :x, :y, :y, :y, :x, :x, :y, :x, :y, missing, :y]
   Evaluated: Union{Missing, Symbol}[:x, :x, :y, :x, :x, :y, :x, :x, :y, :y, missing, :y] â‰… Union{Missing, Symbol}[:x, :x, :y, :y, :y, :x, :x, :y, :x, :y, missing, :y]
Stacktrace:
 [1] top-level scope at /home/pkgeval/.julia/packages/DataFrames/S3ZFo/test/data.jl:296
 [2] top-level scope at /workspace/srcdir/usr/share/julia/stdlib/v1.5/Test/src/Test.jl:1114
 [3] top-level scope at /home/pkgeval/.julia/packages/DataFrames/S3ZFo/test/data.jl:282
Test Summary: | Pass  Fail  Total
join tests    |    2     2      4
	[1m[31mFAILED[0m: data.jl
LoadError: Some tests did not pass: 2 passed, 2 failed, 0 errored, 0 broken.
in expression starting at /home/pkgeval/.julia/packages/DataFrames/S3ZFo/test/data.jl:281
Test Summary:  | Pass  Total
Index indexing |   50     50
Test Summary: | Pass  Total
rename!       |   14     14
Test Summary: | Pass  Total
SubIndex      |   55     55
Test Summary:     | Pass  Total
selector mutation |   12     12
Test Summary:  | Pass  Total
fuzzy matching |    8      8
Test Summary:  | Pass  Total
Regex indexing |   36     36
Test Summary: | Pass  Total
Not indexing  |   36     36
Test Summary:    | Pass  Total
Between indexing |   20     20
Test Summary: | Pass  Total
All indexing  |   25     25
	[1m[32mPASSED[0m: index.jl
Test Summary:                |  Pass  Total
randomized tests for rename! | 11440  11440
Test Summary:            | Pass  Total
additional rename! tests | 6610   6610
Test Summary:              | Pass  Total
rename with integer source |   27     27
Test Summary: | Pass  Total
equality      |    9      9
Test Summary: | Pass  Total
copying       |    9      9
Test Summary:      | Pass  Total
similar / missings |    2      2
Test Summary: | Pass  Total
hasproperty   |    5      5
Test Summary: | Pass  Total
insertcols!   |   24     24
Test Summary:          | Pass  Total
DataFrame constructors |   19     19
Test Summary:  | Pass  Total
push!(df, row) |   69     69
Test Summary: | Pass  Total
select! Not   |   13     13
Test Summary: | Pass  Total
select Not    |   64     64
Test Summary:   | Pass  Total
select Not view |   76     76
Test Summary: | Pass  Total
select!       |   35     35
Test Summary: | Pass  Total
select        |   66     66
Test Summary: | Pass  Total
select view   |   78     78
Test Summary: | Pass  Total
deleterows!   |   40     40
Test Summary: | Pass  Total
describe      |    8      8
Test Summary: | Pass  Total
append!       |   35     35
Test Summary:     | Pass  Total
test categorical! |   14     14
Test Summary: | Pass  Total
categorical!  |   11     11
Test Summary: | Pass  Total
rename        |   48     48
Test Summary:             | Pass  Total
flexible rename arguments |   30     30
Test Summary: | Pass  Total
size          |    5      5
Test Summary: | Pass  Total
description   |    8      8
Test Summary:      | Pass  Total
column conversions |  124    124
Test Summary:        | Pass  Total
test disallowmissing |  634    634
Test Summary:     | Pass  Total
test allowmissing |  312    312
Test Summary:    | Pass  Total
test categorical |  432    432
Test Summary: | Pass  Total
similar       |    8      8
Test Summary:                | Pass  Total
passing range to a DataFrame |    1      1
Test Summary:                | Pass  Total
test getindex using ! syntax |   15     15
Test Summary:                | Pass  Total
test corner case of getindex |    2      2
Test Summary:             | Pass  Total
empty data frame getindex |    9      9
Test Summary:               | Pass  Total
handling of end in indexing |   22     22
Test Summary:        | Pass  Total
aliasing in indexing |    5      5
Test Summary:          | Pass  Total
select! on all columns |   21     21
Test Summary:                               | Pass  Total
getproperty, setproperty! and propertynames |   10     10
Test Summary:          | Pass  Total
duplicate column names |    1      1
Test Summary:         | Pass  Total
parent, size and axes |   11     11
Test Summary:                | Pass  Total
0-row DataFrame corner cases |    4      4
Test Summary:         |
And and Between tests | No tests
Test Summary:                                   | Pass  Total
select and select! with multiple columns passed |    9      9
Test Summary:                   | Pass  Total
vcat and push! with :orderequal |   14     14
Test Summary:      | Pass  Total
push! with :subset |   18     18
Test Summary:         | Pass  Total
push! with :intersect |   12     12
	[1m[32mPASSED[0m: dataframe.jl
Test Summary:         | Pass  Total
the output of unstack |   27     27
Test Summary:                               | Pass  Total
unstack promotion to support missing values |    8      8
Test Summary:                         | Pass  Total
duplicate entries in unstack warnings |    9      9
Test Summary:            | Pass  Total
missing values in colkey |    6      6
Test Summary:             | Pass  Total
stack-unstack correctness |    4      4
Test Summary: | Pass  Total
reshape       |   71     71
Test Summary:           | Pass  Total
column names duplicates |    5      5
Test Summary: | Pass  Total
flatten       |    8      8
	[1m[32mPASSED[0m: reshape.jl
Test Summary: | Pass  Total
constructors  |   28     28
Test Summary:          | Pass  Total
getindex and setindex! |   53     53
Test Summary: | Pass  Total
equality      |   17     17
Test Summary: | Pass  Total
isless        |   13     13
Test Summary: | Pass  Total
hashing       |    6      6
Test Summary: | Pass  Total
grouping      |    6      6
Test Summary:                               | Pass  Total
getproperty, setproperty! and propertynames |    6      6
Test Summary:                    | Pass  Total
keys, values and iteration, size |   31     31
Test Summary:    | Pass  Total
convert and copy |   10     10
Test Summary:            | Pass  Total
parent and parentindices |   34     34
Test Summary:         | Pass  Total
iteration and collect |   10     10
Test Summary:    | Pass  Total
duplicate column |    2      2
Test Summary:        | Pass  Total
conversion and push! |   15     15
Test Summary: | Pass  Total
show          |    7      7
Test Summary:     | Pass  Total
check Vector type |    1      1
	[1m[32mPASSED[0m: dataframerow.jl
Test Summary: | Pass  Total
LaTeX export  |    4      4
Test Summary:     | Pass  Total
Huge LaTeX export |    2      2
Test Summary: | Pass  Total
HTML output   |   11     11
Test Summary:   | Pass  Total
limit attribute |    2      2
Test Summary: | Pass  Total
printtable    |    1      1
Test Summary:  | Pass  Total
csv/tsv output |    6      6
Test Summary:                     | Pass  Total
empty data frame and DataFrameRow |   12     12
Test Summary: | Pass  Total
consistency   |    8      8
	[1m[32mPASSED[0m: io.jl
Test Summary: | Pass  Total
constructors  |   42     42
Test Summary:                          | Pass  Total
DataFrame keyword argument constructor |   22     22
Test Summary:         | Pass  Total
DataFrame constructor |   21     21
Test Summary:    | Pass  Total
pair constructor |   11     11
Test Summary: | Pass  Total
associative   |    9      9
Test Summary:       | Pass  Total
vector constructors |   58     58
Test Summary: | Pass  Total
recyclers     |    2      2
Test Summary:                 | Pass  Total
constructor thrown exceptions |   11     11
Test Summary: | Pass  Total
column types  |    3      3
Test Summary:      | Pass  Total
Matrix constructor |    4      4
Test Summary:          | Pass  Total
constructor with types |   19     19
	[1m[32mPASSED[0m: constructors.jl
Test Summary:    | Pass  Total
Conversion tests |   72     72
	[1m[32mPASSED[0m: conversions.jl
	[1m[32mPASSED[0m: sort.jl
Test Summary: | Pass  Total
parent        |    2      2
Test Summary: | Pass  Total
consistency   |    2      2
Test Summary:    | Pass  Total
accepted columns |    2      2
Test Summary:                                       | Pass  Total
by, groupby and map(::Function, ::GroupedDataFrame) |  986    986
Test Summary:          | Pass  Total
grouping with missings | 1372   1372
Test Summary:            | Pass  Total
grouping with three keys | 2906   2906
Test Summary:                 | Pass  Total
grouping with hash collisions |    2      2
Test Summary:                           | Pass  Total
by, combine and map with pair interface |  374    374
Test Summary:                      | Pass  Total
combine with aggregation functions |  345    345
Test Summary:                      | Pass  Total
combine with aggregation functions |  345    345
Test Summary:                      | Pass  Total
combine with aggregation functions |  345    345
Test Summary:                      | Pass  Total
combine with aggregation functions |  345    345
Test Summary:                                         | Pass  Total
combine and map with columns named like grouping keys |   12     12
Test Summary:      | Pass  Total
iteration protocol |    3      3
Test Summary: | Pass  Total
getindex      |   30     30
Test Summary:  | Pass  Total
== and isequal |   19     19
Test Summary: | Pass  Total
show          |   11     11
Test Summary: | Pass  Total
DataFrame     |   24     24
Test Summary:              | Pass  Total
groupindices and groupvars |   20     20
Test Summary:           | Pass  Total
by skipmissing and sort |    4      4
Test Summary:               | Pass  Total
non standard cols arguments |   27     27
Test Summary:                         | Pass  Total
GroupedDataFrame dictionary interface |   35     35
Test Summary:          | Pass  Total
GroupKey and GroupKeys |  146    146
Test Summary:                  | Pass  Total
Parent DataFrame names changed |   16     16
	[1m[32mPASSED[0m: grouping.jl
Test Summary: | Pass  Total
join types    |   20     20
Test Summary:       | Pass  Total
Test empty inputs 1 |   21     21
Test Summary:       | Pass  Total
Test empty inputs 2 |   21     21
Test Summary: | Pass  Total
issue #960    |    3      3
Test Summary: | Pass  Total
all joins     |   30     30
Test Summary:                    | Pass  Total
all joins with CategoricalArrays |   32     32
Test Summary:                                                     | Pass  Total
maintain CategoricalArray levels ordering on join - non-`on` cols |    6      6
Test Summary:                                                          | Pass  Total
maintain CategoricalArray levels ordering on join - ordering conflicts |   10     10
Test Summary:                                                           | Pass  Total
maintain CategoricalArray levels ordering on join - left is categorical |   12     12
Test Summary:                                   | Pass  Total
join on columns with different left/right names |   18     18
Test Summary:                  | Pass  Total
join with a column of type Any |   16     16
Test Summary:                                       | Pass  Total
joins with categorical columns and no matching rows |   24     24
Test Summary:     | Pass  Total
indicator columns |    4      4
Test Summary:                       | Pass  Total
test checks of merge key uniqueness |   18     18
Test Summary: | Pass  Total
consistency   |    3      3
Test Summary:         | Pass  Total
multi data frame join |   11     11
Test Summary:       | Pass  Total
flexible on in join |    4      4
	[1m[32mPASSED[0m: join.jl
Test Summary: | Pass  Total
mapcols       |    8      8
Test Summary: | Pass  Total
SubDataFrame  |    7      7
Test Summary:   | Pass  Total
parent mutation |    4      4
Test Summary:                 | Pass  Total
getproperty and propertynames |   33     33
	[1m[32mPASSED[0m: iteration.jl
Test Summary: | Pass  Total
nonunique     |   18     18
	[1m[32mPASSED[0m: duplicates.jl
Test Summary:                            | Pass  Total
Basic show test with allrows and allcols |    9      9
displaysize test: Test Failed at /home/pkgeval/.julia/packages/DataFrames/S3ZFo/test/show.jl:60
  Expression: str == "25Ã—5 DataFrame. Omitted printing of 2 columns\nâ”‚ Row â”‚ x1       â”‚ x2       â”‚ x3       â”‚\nâ”‚     â”‚ Int64    â”‚ Int64    â”‚ Int64    â”‚\nâ”œâ”€â”€â”€â”€â”€â”¼â”€â”€â”€â”€â”€â”€â”€â”€â”€â”€â”¼â”€â”€â”€â”€â”€â”€â”€â”€â”€â”€â”¼â”€â”€â”€â”€â”€â”€â”€â”€â”€â”€â”¤\nâ”‚ 1   â”‚ 11569985 â”‚ 12178109 â”‚ 17315979 â”‚\nâ‹®\nâ”‚ 24  â”‚ 14660095 â”‚ 13529407 â”‚ 19204569 â”‚\nâ”‚ 25  â”‚ 16992761 â”‚ 15379139 â”‚ 13043102 â”‚"
   Evaluated: "25Ã—5 DataFrame. Omitted printing of 2 columns\nâ”‚ Row â”‚ x1       â”‚ x2       â”‚ x3       â”‚\nâ”‚     â”‚ Int64    â”‚ Int64    â”‚ Int64    â”‚\nâ”œâ”€â”€â”€â”€â”€â”¼â”€â”€â”€â”€â”€â”€â”€â”€â”€â”€â”¼â”€â”€â”€â”€â”€â”€â”€â”€â”€â”€â”¼â”€â”€â”€â”€â”€â”€â”€â”€â”€â”€â”¤\nâ”‚ 1   â”‚ 13574005 â”‚ 17899833 â”‚ 11497291 â”‚\nâ‹®\nâ”‚ 24  â”‚ 12614593 â”‚ 10444149 â”‚ 15086630 â”‚\nâ”‚ 25  â”‚ 13488600 â”‚ 12856477 â”‚ 19881053 â”‚" == "25Ã—5 DataFrame. Omitted printing of 2 columns\nâ”‚ Row â”‚ x1       â”‚ x2       â”‚ x3       â”‚\nâ”‚     â”‚ Int64    â”‚ Int64    â”‚ Int64    â”‚\nâ”œâ”€â”€â”€â”€â”€â”¼â”€â”€â”€â”€â”€â”€â”€â”€â”€â”€â”¼â”€â”€â”€â”€â”€â”€â”€â”€â”€â”€â”¼â”€â”€â”€â”€â”€â”€â”€â”€â”€â”€â”¤\nâ”‚ 1   â”‚ 11569985 â”‚ 12178109 â”‚ 17315979 â”‚\nâ‹®\nâ”‚ 24  â”‚ 14660095 â”‚ 13529407 â”‚ 19204569 â”‚\nâ”‚ 25  â”‚ 16992761 â”‚ 15379139 â”‚ 13043102 â”‚"
Stacktrace:
 [1] top-level scope at /home/pkgeval/.julia/packages/DataFrames/S3ZFo/test/show.jl:60
 [2] top-level scope at /workspace/srcdir/usr/share/julia/stdlib/v1.5/Test/src/Test.jl:1114
 [3] top-level scope at /home/pkgeval/.julia/packages/DataFrames/S3ZFo/test/show.jl:54
displaysize test: Test Failed at /home/pkgeval/.julia/packages/DataFrames/S3ZFo/test/show.jl:73
  Expression: str == "25Ã—5 DataFrame\nâ”‚ Row â”‚ x1       â”‚ x2       â”‚ x3       â”‚\nâ”‚     â”‚ Int64    â”‚ Int64    â”‚ Int64    â”‚\nâ”œâ”€â”€â”€â”€â”€â”¼â”€â”€â”€â”€â”€â”€â”€â”€â”€â”€â”¼â”€â”€â”€â”€â”€â”€â”€â”€â”€â”€â”¼â”€â”€â”€â”€â”€â”€â”€â”€â”€â”€â”¤\nâ”‚ 1   â”‚ 11569985 â”‚ 12178109 â”‚ 17315979 â”‚\nâ‹®\nâ”‚ 24  â”‚ 14660095 â”‚ 13529407 â”‚ 19204569 â”‚\nâ”‚ 25  â”‚ 16992761 â”‚ 15379139 â”‚ 13043102 â”‚\n\nâ”‚ Row â”‚ x4       â”‚ x5       â”‚\nâ”‚     â”‚ Int64    â”‚ Int64    â”‚\nâ”œâ”€â”€â”€â”€â”€â”¼â”€â”€â”€â”€â”€â”€â”€â”€â”€â”€â”¼â”€â”€â”€â”€â”€â”€â”€â”€â”€â”€â”¤\nâ”‚ 1   â”‚ 10701540 â”‚ 17870314 â”‚\nâ‹®\nâ”‚ 24  â”‚ 19137290 â”‚ 16313933 â”‚\nâ”‚ 25  â”‚ 12314843 â”‚ 17754964 â”‚"
   Evaluated: "25Ã—5 DataFrame\nâ”‚ Row â”‚ x1       â”‚ x2       â”‚ x3       â”‚\nâ”‚     â”‚ Int64    â”‚ Int64    â”‚ Int64    â”‚\nâ”œâ”€â”€â”€â”€â”€â”¼â”€â”€â”€â”€â”€â”€â”€â”€â”€â”€â”¼â”€â”€â”€â”€â”€â”€â”€â”€â”€â”€â”¼â”€â”€â”€â”€â”€â”€â”€â”€â”€â”€â”¤\nâ”‚ 1   â”‚ 13574005 â”‚ 17899833 â”‚ 11497291 â”‚\nâ‹®\nâ”‚ 24  â”‚ 12614593 â”‚ 10444149 â”‚ 15086630 â”‚\nâ”‚ 25  â”‚ 13488600 â”‚ 12856477 â”‚ 19881053 â”‚\n\nâ”‚ Row â”‚ x4       â”‚ x5       â”‚\nâ”‚     â”‚ Int64    â”‚ Int64    â”‚\nâ”œâ”€â”€â”€â”€â”€â”¼â”€â”€â”€â”€â”€â”€â”€â”€â”€â”€â”¼â”€â”€â”€â”€â”€â”€â”€â”€â”€â”€â”¤\nâ”‚ 1   â”‚ 13351754 â”‚ 13078421 â”‚\nâ‹®\nâ”‚ 24  â”‚ 14260854 â”‚ 10903842 â”‚\nâ”‚ 25  â”‚ 14261372 â”‚ 11258244 â”‚" == "25Ã—5 DataFrame\nâ”‚ Row â”‚ x1       â”‚ x2       â”‚ x3       â”‚\nâ”‚     â”‚ Int64    â”‚ Int64    â”‚ Int64    â”‚\nâ”œâ”€â”€â”€â”€â”€â”¼â”€â”€â”€â”€â”€â”€â”€â”€â”€â”€â”¼â”€â”€â”€â”€â”€â”€â”€â”€â”€â”€â”¼â”€â”€â”€â”€â”€â”€â”€â”€â”€â”€â”¤\nâ”‚ 1   â”‚ 11569985 â”‚ 12178109 â”‚ 17315979 â”‚\nâ‹®\nâ”‚ 24  â”‚ 14660095 â”‚ 13529407 â”‚ 19204569 â”‚\nâ”‚ 25  â”‚ 16992761 â”‚ 15379139 â”‚ 13043102 â”‚\n\nâ”‚ Row â”‚ x4       â”‚ x5       â”‚\nâ”‚     â”‚ Int64    â”‚ Int64    â”‚\nâ”œâ”€â”€â”€â”€â”€â”¼â”€â”€â”€â”€â”€â”€â”€â”€â”€â”€â”¼â”€â”€â”€â”€â”€â”€â”€â”€â”€â”€â”¤\nâ”‚ 1   â”‚ 10701540 â”‚ 17870314 â”‚\nâ‹®\nâ”‚ 24  â”‚ 19137290 â”‚ 16313933 â”‚\nâ”‚ 25  â”‚ 12314843 â”‚ 17754964 â”‚"
Stacktrace:
 [1] top-level scope at /home/pkgeval/.julia/packages/DataFrames/S3ZFo/test/show.jl:73
 [2] top-level scope at /workspace/srcdir/usr/share/julia/stdlib/v1.5/Test/src/Test.jl:1114
 [3] top-level scope at /home/pkgeval/.julia/packages/DataFrames/S3ZFo/test/show.jl:54
displaysize test: Test Failed at /home/pkgeval/.julia/packages/DataFrames/S3ZFo/test/show.jl:94
  Expression: str == "25Ã—5 DataFrame\nâ”‚ Row â”‚ x1       â”‚ x2       â”‚ x3       â”‚\nâ”‚     â”‚ Int64    â”‚ Int64    â”‚ Int64    â”‚\nâ”œâ”€â”€â”€â”€â”€â”¼â”€â”€â”€â”€â”€â”€â”€â”€â”€â”€â”¼â”€â”€â”€â”€â”€â”€â”€â”€â”€â”€â”¼â”€â”€â”€â”€â”€â”€â”€â”€â”€â”€â”¤\nâ”‚ 1   â”‚ 11569985 â”‚ 12178109 â”‚ 17315979 â”‚\nâ”‚ 2   â”‚ 19192686 â”‚ 15027856 â”‚ 16050701 â”‚\nâ”‚ 3   â”‚ 11140411 â”‚ 13293718 â”‚ 12677906 â”‚\nâ”‚ 4   â”‚ 11985459 â”‚ 15660106 â”‚ 13057018 â”‚\nâ”‚ 5   â”‚ 19201756 â”‚ 11621062 â”‚ 12785196 â”‚\nâ”‚ 6   â”‚ 18146532 â”‚ 15031398 â”‚ 17264273 â”‚\nâ”‚ 7   â”‚ 13797788 â”‚ 12442579 â”‚ 14445511 â”‚\nâ”‚ 8   â”‚ 10315853 â”‚ 15868969 â”‚ 17213493 â”‚\nâ”‚ 9   â”‚ 12916299 â”‚ 18460443 â”‚ 12300445 â”‚\nâ”‚ 10  â”‚ 13157897 â”‚ 10639979 â”‚ 10106305 â”‚\nâ”‚ 11  â”‚ 16871306 â”‚ 17775325 â”‚ 12544912 â”‚\nâ”‚ 12  â”‚ 15251225 â”‚ 10795979 â”‚ 17976274 â”‚\nâ”‚ 13  â”‚ 13028558 â”‚ 12220954 â”‚ 17347524 â”‚\nâ”‚ 14  â”‚ 13057734 â”‚ 17805919 â”‚ 18183984 â”‚\nâ”‚ 15  â”‚ 16120716 â”‚ 12095491 â”‚ 12250720 â”‚\nâ”‚ 16  â”‚ 17157319 â”‚ 12697043 â”‚ 11145594 â”‚\nâ”‚ 17  â”‚ 19264603 â”‚ 16981136 â”‚ 12984027 â”‚\nâ”‚ 18  â”‚ 11292293 â”‚ 19779844 â”‚ 18722894 â”‚\nâ”‚ 19  â”‚ 12360733 â”‚ 13117985 â”‚ 11836582 â”‚\nâ”‚ 20  â”‚ 13975865 â”‚ 14529221 â”‚ 18458601 â”‚\nâ”‚ 21  â”‚ 11416596 â”‚ 17150526 â”‚ 14731764 â”‚\nâ”‚ 22  â”‚ 19587351 â”‚ 15978326 â”‚ 17757430 â”‚\nâ”‚ 23  â”‚ 10802633 â”‚ 17029758 â”‚ 12105159 â”‚\nâ”‚ 24  â”‚ 14660095 â”‚ 13529407 â”‚ 19204569 â”‚\nâ”‚ 25  â”‚ 16992761 â”‚ 15379139 â”‚ 13043102 â”‚\n\nâ”‚ Row â”‚ x4       â”‚ x5       â”‚\nâ”‚     â”‚ Int64    â”‚ Int64    â”‚\nâ”œâ”€â”€â”€â”€â”€â”¼â”€â”€â”€â”€â”€â”€â”€â”€â”€â”€â”¼â”€â”€â”€â”€â”€â”€â”€â”€â”€â”€â”¤\nâ”‚ 1   â”‚ 10701540 â”‚ 17870314 â”‚\nâ”‚ 2   â”‚ 15507419 â”‚ 16954480 â”‚\nâ”‚ 3   â”‚ 16317941 â”‚ 10996749 â”‚\nâ”‚ 4   â”‚ 16740306 â”‚ 18240586 â”‚\nâ”‚ 5   â”‚ 14628017 â”‚ 14818074 â”‚\nâ”‚ 6   â”‚ 14239854 â”‚ 12226254 â”‚\nâ”‚ 7   â”‚ 16972931 â”‚ 17422692 â”‚\nâ”‚ 8   â”‚ 16291319 â”‚ 18748371 â”‚\nâ”‚ 9   â”‚ 11568636 â”‚ 19668632 â”‚\nâ”‚ 10  â”‚ 12073431 â”‚ 11550526 â”‚\nâ”‚ 11  â”‚ 14037727 â”‚ 19458202 â”‚\nâ”‚ 12  â”‚ 12911112 â”‚ 17083732 â”‚\nâ”‚ 13  â”‚ 11111638 â”‚ 18826082 â”‚\nâ”‚ 14  â”‚ 14534511 â”‚ 18412780 â”‚\nâ”‚ 15  â”‚ 19921217 â”‚ 12593752 â”‚\nâ”‚ 16  â”‚ 12449162 â”‚ 19192439 â”‚\nâ”‚ 17  â”‚ 11091987 â”‚ 17326521 â”‚\nâ”‚ 18  â”‚ 16884903 â”‚ 19680264 â”‚\nâ”‚ 19  â”‚ 18348781 â”‚ 16089361 â”‚\nâ”‚ 20  â”‚ 10189747 â”‚ 13978329 â”‚\nâ”‚ 21  â”‚ 19285347 â”‚ 11039190 â”‚\nâ”‚ 22  â”‚ 14664380 â”‚ 17880065 â”‚\nâ”‚ 23  â”‚ 18398749 â”‚ 12751655 â”‚\nâ”‚ 24  â”‚ 19137290 â”‚ 16313933 â”‚\nâ”‚ 25  â”‚ 12314843 â”‚ 17754964 â”‚"
   Evaluated: "25Ã—5 DataFrame\nâ”‚ Row â”‚ x1       â”‚ x2       â”‚ x3       â”‚\nâ”‚     â”‚ Int64    â”‚ Int64    â”‚ Int64    â”‚\nâ”œâ”€â”€â”€â”€â”€â”¼â”€â”€â”€â”€â”€â”€â”€â”€â”€â”€â”¼â”€â”€â”€â”€â”€â”€â”€â”€â”€â”€â”¼â”€â”€â”€â”€â”€â”€â”€â”€â”€â”€â”¤\nâ”‚ 1   â”‚ 13574005 â”‚ 17899833 â”‚ 11497291 â”‚\nâ”‚ 2   â”‚ 11067665 â”‚ 13082076 â”‚ 11331184 â”‚\nâ”‚ 3   â”‚ 19552913 â”‚ 12027931 â”‚ 11283935 â”‚\nâ”‚ 4   â”‚ 13265868 â”‚ 16405546 â”‚ 16055615 â”‚\nâ”‚ 5   â”‚ 14163659 â”‚ 12006668 â”‚ 19767595 â”‚\nâ”‚ 6   â”‚ 19573428 â”‚ 17501017 â”‚ 13253597 â”‚\nâ”‚ 7   â”‚ 14035191 â”‚ 17979016 â”‚ 19306447 â”‚\nâ”‚ 8   â”‚ 10140384 â”‚ 14542589 â”‚ 18003300 â”‚\nâ”‚ 9   â”‚ 17939310 â”‚ 10532651 â”‚ 14988808 â”‚\nâ”‚ 10  â”‚ 19944604 â”‚ 19926629 â”‚ 14859621 â”‚\nâ”‚ 11  â”‚ 19943570 â”‚ 19460966 â”‚ 17510285 â”‚\nâ”‚ 12  â”‚ 13976186 â”‚ 13646042 â”‚ 19948450 â”‚\nâ”‚ 13  â”‚ 13535808 â”‚ 19418176 â”‚ 10407112 â”‚\nâ”‚ 14  â”‚ 19022888 â”‚ 17632993 â”‚ 14689380 â”‚\nâ”‚ 15  â”‚ 12421862 â”‚ 14985333 â”‚ 12508893 â”‚\nâ”‚ 16  â”‚ 14374741 â”‚ 14437463 â”‚ 10192137 â”‚\nâ”‚ 17  â”‚ 14808769 â”‚ 13422921 â”‚ 16766733 â”‚\nâ”‚ 18  â”‚ 16905615 â”‚ 18446998 â”‚ 14492767 â”‚\nâ”‚ 19  â”‚ 11531484 â”‚ 12157275 â”‚ 12944481 â”‚\nâ”‚ 20  â”‚ 17593604 â”‚ 13557394 â”‚ 16008171 â”‚\nâ”‚ 21  â”‚ 11241626 â”‚ 13935535 â”‚ 12296487 â”‚\nâ”‚ 22  â”‚ 13920735 â”‚ 13128785 â”‚ 14986598 â”‚\nâ”‚ 23  â”‚ 10390366 â”‚ 16941774 â”‚ 10643327 â”‚\nâ”‚ 24  â”‚ 12614593 â”‚ 10444149 â”‚ 15086630 â”‚\nâ”‚ 25  â”‚ 13488600 â”‚ 12856477 â”‚ 19881053 â”‚\n\nâ”‚ Row â”‚ x4       â”‚ x5       â”‚\nâ”‚     â”‚ Int64    â”‚ Int64    â”‚\nâ”œâ”€â”€â”€â”€â”€â”¼â”€â”€â”€â”€â”€â”€â”€â”€â”€â”€â”¼â”€â”€â”€â”€â”€â”€â”€â”€â”€â”€â”¤\nâ”‚ 1   â”‚ 13351754 â”‚ 13078421 â”‚\nâ”‚ 2   â”‚ 16882791 â”‚ 13734157 â”‚\nâ”‚ 3   â”‚ 13245514 â”‚ 16050070 â”‚\nâ”‚ 4   â”‚ 18904061 â”‚ 19985498 â”‚\nâ”‚ 5   â”‚ 14622862 â”‚ 13554411 â”‚\nâ”‚ 6   â”‚ 11226533 â”‚ 10928363 â”‚\nâ”‚ 7   â”‚ 19021577 â”‚ 12271189 â”‚\nâ”‚ 8   â”‚ 11052444 â”‚ 11889775 â”‚\nâ”‚ 9   â”‚ 15995263 â”‚ 10821521 â”‚\nâ”‚ 10  â”‚ 11869745 â”‚ 19728817 â”‚\nâ”‚ 11  â”‚ 10593250 â”‚ 19016484 â”‚\nâ”‚ 12  â”‚ 16094117 â”‚ 11722813 â”‚\nâ”‚ 13  â”‚ 11729918 â”‚ 14187182 â”‚\nâ”‚ 14  â”‚ 10239092 â”‚ 10378959 â”‚\nâ”‚ 15  â”‚ 12443770 â”‚ 18213622 â”‚\nâ”‚ 16  â”‚ 13152855 â”‚ 15356824 â”‚\nâ”‚ 17  â”‚ 16907294 â”‚ 18202557 â”‚\nâ”‚ 18  â”‚ 11765018 â”‚ 19883955 â”‚\nâ”‚ 19  â”‚ 12131728 â”‚ 16969664 â”‚\nâ”‚ 20  â”‚ 14713697 â”‚ 11643514 â”‚\nâ”‚ 21  â”‚ 18762663 â”‚ 15310133 â”‚\nâ”‚ 22  â”‚ 15927364 â”‚ 13833149 â”‚\nâ”‚ 23  â”‚ 10378845 â”‚ 14953537 â”‚\nâ”‚ 24  â”‚ 14260854 â”‚ 10903842 â”‚\nâ”‚ 25  â”‚ 14261372 â”‚ 11258244 â”‚" == "25Ã—5 DataFrame\nâ”‚ Row â”‚ x1       â”‚ x2       â”‚ x3       â”‚\nâ”‚     â”‚ Int64    â”‚ Int64    â”‚ Int64    â”‚\nâ”œâ”€â”€â”€â”€â”€â”¼â”€â”€â”€â”€â”€â”€â”€â”€â”€â”€â”¼â”€â”€â”€â”€â”€â”€â”€â”€â”€â”€â”¼â”€â”€â”€â”€â”€â”€â”€â”€â”€â”€â”¤\nâ”‚ 1   â”‚ 11569985 â”‚ 12178109 â”‚ 17315979 â”‚\nâ”‚ 2   â”‚ 19192686 â”‚ 15027856 â”‚ 16050701 â”‚\nâ”‚ 3   â”‚ 11140411 â”‚ 13293718 â”‚ 12677906 â”‚\nâ”‚ 4   â”‚ 11985459 â”‚ 15660106 â”‚ 13057018 â”‚\nâ”‚ 5   â”‚ 19201756 â”‚ 11621062 â”‚ 12785196 â”‚\nâ”‚ 6   â”‚ 18146532 â”‚ 15031398 â”‚ 17264273 â”‚\nâ”‚ 7   â”‚ 13797788 â”‚ 12442579 â”‚ 14445511 â”‚\nâ”‚ 8   â”‚ 10315853 â”‚ 15868969 â”‚ 17213493 â”‚\nâ”‚ 9   â”‚ 12916299 â”‚ 18460443 â”‚ 12300445 â”‚\nâ”‚ 10  â”‚ 13157897 â”‚ 10639979 â”‚ 10106305 â”‚\nâ”‚ 11  â”‚ 16871306 â”‚ 17775325 â”‚ 12544912 â”‚\nâ”‚ 12  â”‚ 15251225 â”‚ 10795979 â”‚ 17976274 â”‚\nâ”‚ 13  â”‚ 13028558 â”‚ 12220954 â”‚ 17347524 â”‚\nâ”‚ 14  â”‚ 13057734 â”‚ 17805919 â”‚ 18183984 â”‚\nâ”‚ 15  â”‚ 16120716 â”‚ 12095491 â”‚ 12250720 â”‚\nâ”‚ 16  â”‚ 17157319 â”‚ 12697043 â”‚ 11145594 â”‚\nâ”‚ 17  â”‚ 19264603 â”‚ 16981136 â”‚ 12984027 â”‚\nâ”‚ 18  â”‚ 11292293 â”‚ 19779844 â”‚ 18722894 â”‚\nâ”‚ 19  â”‚ 12360733 â”‚ 13117985 â”‚ 11836582 â”‚\nâ”‚ 20  â”‚ 13975865 â”‚ 14529221 â”‚ 18458601 â”‚\nâ”‚ 21  â”‚ 11416596 â”‚ 17150526 â”‚ 14731764 â”‚\nâ”‚ 22  â”‚ 19587351 â”‚ 15978326 â”‚ 17757430 â”‚\nâ”‚ 23  â”‚ 10802633 â”‚ 17029758 â”‚ 12105159 â”‚\nâ”‚ 24  â”‚ 14660095 â”‚ 13529407 â”‚ 19204569 â”‚\nâ”‚ 25  â”‚ 16992761 â”‚ 15379139 â”‚ 13043102 â”‚\n\nâ”‚ Row â”‚ x4       â”‚ x5       â”‚\nâ”‚     â”‚ Int64    â”‚ Int64    â”‚\nâ”œâ”€â”€â”€â”€â”€â”¼â”€â”€â”€â”€â”€â”€â”€â”€â”€â”€â”¼â”€â”€â”€â”€â”€â”€â”€â”€â”€â”€â”¤\nâ”‚ 1   â”‚ 10701540 â”‚ 17870314 â”‚\nâ”‚ 2   â”‚ 15507419 â”‚ 16954480 â”‚\nâ”‚ 3   â”‚ 16317941 â”‚ 10996749 â”‚\nâ”‚ 4   â”‚ 16740306 â”‚ 18240586 â”‚\nâ”‚ 5   â”‚ 14628017 â”‚ 14818074 â”‚\nâ”‚ 6   â”‚ 14239854 â”‚ 12226254 â”‚\nâ”‚ 7   â”‚ 16972931 â”‚ 17422692 â”‚\nâ”‚ 8   â”‚ 16291319 â”‚ 18748371 â”‚\nâ”‚ 9   â”‚ 11568636 â”‚ 19668632 â”‚\nâ”‚ 10  â”‚ 12073431 â”‚ 11550526 â”‚\nâ”‚ 11  â”‚ 14037727 â”‚ 19458202 â”‚\nâ”‚ 12  â”‚ 12911112 â”‚ 17083732 â”‚\nâ”‚ 13  â”‚ 11111638 â”‚ 18826082 â”‚\nâ”‚ 14  â”‚ 14534511 â”‚ 18412780 â”‚\nâ”‚ 15  â”‚ 19921217 â”‚ 12593752 â”‚\nâ”‚ 16  â”‚ 12449162 â”‚ 19192439 â”‚\nâ”‚ 17  â”‚ 11091987 â”‚ 17326521 â”‚\nâ”‚ 18  â”‚ 16884903 â”‚ 19680264 â”‚\nâ”‚ 19  â”‚ 18348781 â”‚ 16089361 â”‚\nâ”‚ 20  â”‚ 10189747 â”‚ 13978329 â”‚\nâ”‚ 21  â”‚ 19285347 â”‚ 11039190 â”‚\nâ”‚ 22  â”‚ 14664380 â”‚ 17880065 â”‚\nâ”‚ 23  â”‚ 18398749 â”‚ 12751655 â”‚\nâ”‚ 24  â”‚ 19137290 â”‚ 16313933 â”‚\nâ”‚ 25  â”‚ 12314843 â”‚ 17754964 â”‚"
Stacktrace:
 [1] top-level scope at /home/pkgeval/.julia/packages/DataFrames/S3ZFo/test/show.jl:94
 [2] top-level scope at /workspace/srcdir/usr/share/julia/stdlib/v1.5/Test/src/Test.jl:1114
 [3] top-level scope at /home/pkgeval/.julia/packages/DataFrames/S3ZFo/test/show.jl:54
displaysize test: Test Failed at /home/pkgeval/.julia/packages/DataFrames/S3ZFo/test/show.jl:157
  Expression: str == "25Ã—5 DataFrame. Omitted printing of 2 columns\nâ”‚ Row â”‚ x1       â”‚ x2       â”‚ x3       â”‚\nâ”‚     â”‚ Int64    â”‚ Int64    â”‚ Int64    â”‚\nâ”œâ”€â”€â”€â”€â”€â”¼â”€â”€â”€â”€â”€â”€â”€â”€â”€â”€â”¼â”€â”€â”€â”€â”€â”€â”€â”€â”€â”€â”¼â”€â”€â”€â”€â”€â”€â”€â”€â”€â”€â”¤\nâ”‚ 1   â”‚ 11569985 â”‚ 12178109 â”‚ 17315979 â”‚\nâ”‚ 2   â”‚ 19192686 â”‚ 15027856 â”‚ 16050701 â”‚\nâ”‚ 3   â”‚ 11140411 â”‚ 13293718 â”‚ 12677906 â”‚\nâ”‚ 4   â”‚ 11985459 â”‚ 15660106 â”‚ 13057018 â”‚\nâ”‚ 5   â”‚ 19201756 â”‚ 11621062 â”‚ 12785196 â”‚\nâ”‚ 6   â”‚ 18146532 â”‚ 15031398 â”‚ 17264273 â”‚\nâ”‚ 7   â”‚ 13797788 â”‚ 12442579 â”‚ 14445511 â”‚\nâ”‚ 8   â”‚ 10315853 â”‚ 15868969 â”‚ 17213493 â”‚\nâ”‚ 9   â”‚ 12916299 â”‚ 18460443 â”‚ 12300445 â”‚\nâ”‚ 10  â”‚ 13157897 â”‚ 10639979 â”‚ 10106305 â”‚\nâ”‚ 11  â”‚ 16871306 â”‚ 17775325 â”‚ 12544912 â”‚\nâ”‚ 12  â”‚ 15251225 â”‚ 10795979 â”‚ 17976274 â”‚\nâ”‚ 13  â”‚ 13028558 â”‚ 12220954 â”‚ 17347524 â”‚\nâ”‚ 14  â”‚ 13057734 â”‚ 17805919 â”‚ 18183984 â”‚\nâ”‚ 15  â”‚ 16120716 â”‚ 12095491 â”‚ 12250720 â”‚\nâ”‚ 16  â”‚ 17157319 â”‚ 12697043 â”‚ 11145594 â”‚\nâ”‚ 17  â”‚ 19264603 â”‚ 16981136 â”‚ 12984027 â”‚\nâ”‚ 18  â”‚ 11292293 â”‚ 19779844 â”‚ 18722894 â”‚\nâ”‚ 19  â”‚ 12360733 â”‚ 13117985 â”‚ 11836582 â”‚\nâ”‚ 20  â”‚ 13975865 â”‚ 14529221 â”‚ 18458601 â”‚\nâ”‚ 21  â”‚ 11416596 â”‚ 17150526 â”‚ 14731764 â”‚\nâ”‚ 22  â”‚ 19587351 â”‚ 15978326 â”‚ 17757430 â”‚\nâ”‚ 23  â”‚ 10802633 â”‚ 17029758 â”‚ 12105159 â”‚\nâ”‚ 24  â”‚ 14660095 â”‚ 13529407 â”‚ 19204569 â”‚\nâ”‚ 25  â”‚ 16992761 â”‚ 15379139 â”‚ 13043102 â”‚"
   Evaluated: "25Ã—5 DataFrame. Omitted printing of 2 columns\nâ”‚ Row â”‚ x1       â”‚ x2       â”‚ x3       â”‚\nâ”‚     â”‚ Int64    â”‚ Int64    â”‚ Int64    â”‚\nâ”œâ”€â”€â”€â”€â”€â”¼â”€â”€â”€â”€â”€â”€â”€â”€â”€â”€â”¼â”€â”€â”€â”€â”€â”€â”€â”€â”€â”€â”¼â”€â”€â”€â”€â”€â”€â”€â”€â”€â”€â”¤\nâ”‚ 1   â”‚ 13574005 â”‚ 17899833 â”‚ 11497291 â”‚\nâ”‚ 2   â”‚ 11067665 â”‚ 13082076 â”‚ 11331184 â”‚\nâ”‚ 3   â”‚ 19552913 â”‚ 12027931 â”‚ 11283935 â”‚\nâ”‚ 4   â”‚ 13265868 â”‚ 16405546 â”‚ 16055615 â”‚\nâ”‚ 5   â”‚ 14163659 â”‚ 12006668 â”‚ 19767595 â”‚\nâ”‚ 6   â”‚ 19573428 â”‚ 17501017 â”‚ 13253597 â”‚\nâ”‚ 7   â”‚ 14035191 â”‚ 17979016 â”‚ 19306447 â”‚\nâ”‚ 8   â”‚ 10140384 â”‚ 14542589 â”‚ 18003300 â”‚\nâ”‚ 9   â”‚ 17939310 â”‚ 10532651 â”‚ 14988808 â”‚\nâ”‚ 10  â”‚ 19944604 â”‚ 19926629 â”‚ 14859621 â”‚\nâ”‚ 11  â”‚ 19943570 â”‚ 19460966 â”‚ 17510285 â”‚\nâ”‚ 12  â”‚ 13976186 â”‚ 13646042 â”‚ 19948450 â”‚\nâ”‚ 13  â”‚ 13535808 â”‚ 19418176 â”‚ 10407112 â”‚\nâ”‚ 14  â”‚ 19022888 â”‚ 17632993 â”‚ 14689380 â”‚\nâ”‚ 15  â”‚ 12421862 â”‚ 14985333 â”‚ 12508893 â”‚\nâ”‚ 16  â”‚ 14374741 â”‚ 14437463 â”‚ 10192137 â”‚\nâ”‚ 17  â”‚ 14808769 â”‚ 13422921 â”‚ 16766733 â”‚\nâ”‚ 18  â”‚ 16905615 â”‚ 18446998 â”‚ 14492767 â”‚\nâ”‚ 19  â”‚ 11531484 â”‚ 12157275 â”‚ 12944481 â”‚\nâ”‚ 20  â”‚ 17593604 â”‚ 13557394 â”‚ 16008171 â”‚\nâ”‚ 21  â”‚ 11241626 â”‚ 13935535 â”‚ 12296487 â”‚\nâ”‚ 22  â”‚ 13920735 â”‚ 13128785 â”‚ 14986598 â”‚\nâ”‚ 23  â”‚ 10390366 â”‚ 16941774 â”‚ 10643327 â”‚\nâ”‚ 24  â”‚ 12614593 â”‚ 10444149 â”‚ 15086630 â”‚\nâ”‚ 25  â”‚ 13488600 â”‚ 12856477 â”‚ 19881053 â”‚" == "25Ã—5 DataFrame. Omitted printing of 2 columns\nâ”‚ Row â”‚ x1       â”‚ x2       â”‚ x3       â”‚\nâ”‚     â”‚ Int64    â”‚ Int64    â”‚ Int64    â”‚\nâ”œâ”€â”€â”€â”€â”€â”¼â”€â”€â”€â”€â”€â”€â”€â”€â”€â”€â”¼â”€â”€â”€â”€â”€â”€â”€â”€â”€â”€â”¼â”€â”€â”€â”€â”€â”€â”€â”€â”€â”€â”¤\nâ”‚ 1   â”‚ 11569985 â”‚ 12178109 â”‚ 17315979 â”‚\nâ”‚ 2   â”‚ 19192686 â”‚ 15027856 â”‚ 16050701 â”‚\nâ”‚ 3   â”‚ 11140411 â”‚ 13293718 â”‚ 12677906 â”‚\nâ”‚ 4   â”‚ 11985459 â”‚ 15660106 â”‚ 13057018 â”‚\nâ”‚ 5   â”‚ 19201756 â”‚ 11621062 â”‚ 12785196 â”‚\nâ”‚ 6   â”‚ 18146532 â”‚ 15031398 â”‚ 17264273 â”‚\nâ”‚ 7   â”‚ 13797788 â”‚ 12442579 â”‚ 14445511 â”‚\nâ”‚ 8   â”‚ 10315853 â”‚ 15868969 â”‚ 17213493 â”‚\nâ”‚ 9   â”‚ 12916299 â”‚ 18460443 â”‚ 12300445 â”‚\nâ”‚ 10  â”‚ 13157897 â”‚ 10639979 â”‚ 10106305 â”‚\nâ”‚ 11  â”‚ 16871306 â”‚ 17775325 â”‚ 12544912 â”‚\nâ”‚ 12  â”‚ 15251225 â”‚ 10795979 â”‚ 17976274 â”‚\nâ”‚ 13  â”‚ 13028558 â”‚ 12220954 â”‚ 17347524 â”‚\nâ”‚ 14  â”‚ 13057734 â”‚ 17805919 â”‚ 18183984 â”‚\nâ”‚ 15  â”‚ 16120716 â”‚ 12095491 â”‚ 12250720 â”‚\nâ”‚ 16  â”‚ 17157319 â”‚ 12697043 â”‚ 11145594 â”‚\nâ”‚ 17  â”‚ 19264603 â”‚ 16981136 â”‚ 12984027 â”‚\nâ”‚ 18  â”‚ 11292293 â”‚ 19779844 â”‚ 18722894 â”‚\nâ”‚ 19  â”‚ 12360733 â”‚ 13117985 â”‚ 11836582 â”‚\nâ”‚ 20  â”‚ 13975865 â”‚ 14529221 â”‚ 18458601 â”‚\nâ”‚ 21  â”‚ 11416596 â”‚ 17150526 â”‚ 14731764 â”‚\nâ”‚ 22  â”‚ 19587351 â”‚ 15978326 â”‚ 17757430 â”‚\nâ”‚ 23  â”‚ 10802633 â”‚ 17029758 â”‚ 12105159 â”‚\nâ”‚ 24  â”‚ 14660095 â”‚ 13529407 â”‚ 19204569 â”‚\nâ”‚ 25  â”‚ 16992761 â”‚ 15379139 â”‚ 13043102 â”‚"
Stacktrace:
 [1] top-level scope at /home/pkgeval/.julia/packages/DataFrames/S3ZFo/test/show.jl:157
 [2] top-level scope at /workspace/srcdir/usr/share/julia/stdlib/v1.5/Test/src/Test.jl:1114
 [3] top-level scope at /home/pkgeval/.julia/packages/DataFrames/S3ZFo/test/show.jl:54
Test Summary:    | Fail  Total
displaysize test |    4      4
	[1m[31mFAILED[0m: show.jl
LoadError: Some tests did not pass: 0 passed, 4 failed, 0 errored, 0 broken.
in expression starting at /home/pkgeval/.julia/packages/DataFrames/S3ZFo/test/show.jl:53
Test Summary:       | Pass  Total
copy - SubDataFrame |    5      5
Test Summary:     | Pass  Total
view -- DataFrame |   77     77
Test Summary:        | Pass  Total
view -- SubDataFrame |   62     62
Test Summary:                               | Pass  Total
getproperty, setproperty! and propertynames |    8      8
Test Summary: | Pass  Total
index         |   10     10
Test Summary: | Pass  Total
deleterows!   |    1      1
Test Summary: | Pass  Total
parent        |    6      6
Test Summary:    | Pass  Total
duplicate column |    1      1
Test Summary:           | Pass  Total
conversion to DataFrame |   12     12
	[1m[32mPASSED[0m: subdataframe.jl
Test Summary: | Pass  Total
Tables        |   49     49
Test Summary: | Pass  Total
DataFrame!    |    9      9
Test Summary: | Pass  Total
columnindex   |    2      2
Test Summary:                   | Pass  Total
eachrow and eachcol integration |   13     13
	[1m[32mPASSED[0m: tables.jl
Test Summary: | Pass  Total
TableTraits   |   10     10
	[1m[32mPASSED[0m: tabletraits.jl
Test Summary:      | Pass  Total
getindex DataFrame |   89     89
Test Summary:       | Pass  Total
getindex df[!, col] |   13     13
Test Summary:  | Pass  Total
view DataFrame |  129    129
Test Summary:         | Pass  Total
getindex SubDataFrame |  133    133
Test Summary:     | Pass  Total
view SubDataFrame |  128    128
Test Summary:         | Pass  Total
getindex DataFrameRow |   16     16
Test Summary:     | Pass  Total
view DataFrameRow |   17     17
Test Summary:                             | Pass  Total
additional tests of post-! getindex rules |  179    179
Test Summary:          | Pass  Total
setindex! on DataFrame |   78     78
Test Summary:             | Pass  Total
setindex! on SubDataFrame |  159    159
Test Summary:             | Pass  Total
setindex! on DataFrameRow |   87     87
Test Summary:                           | Pass  Total
setindex! with ! or : and multiple cols |   24     24
Test Summary:              | Pass  Total
additional setindex! tests |    5      5
Test Summary:      | Pass  Total
invalid view tests |   24     24
	[1m[32mPASSED[0m: indexing.jl
Test Summary:  | Pass  Total
CartesianIndex |   24     24
Test Summary:                             | Pass  Total
broadcasting of AbstractDataFrame objects |   28     28
Test Summary:                                               | Pass  Total
broadcasting of AbstractDataFrame objects thrown exceptions |   10     10
Test Summary:          | Pass  Total
broadcasting expansion |    5      5
Test Summary:                                          | Pass  Total
broadcasting of AbstractDataFrame objects corner cases |   34     34
Test Summary:                                                               | Pass  Total
normal data frame and data frame row in broadcasted assignment - one column |   79     79
Test Summary:                                                                 | Pass  Total
normal data frame and data frame view in broadcasted assignment - two columns |   72     72
Test Summary:                                       | Pass  Total
assignment to a whole data frame and data frame row |    8      8
Test Summary:                                               | Pass  Total
extending data frame in broadcasted assignment - one column |   20     20
Test Summary:                | Pass  Total
empty data frame corner case |   99     99
Test Summary:           | Pass  Total
test categorical values |  126    126
Test Summary:       | Pass  Total
scalar broadcasting |    3      3
Test Summary:      | Pass  Total
tuple broadcasting |    8      8
Test Summary:             | Pass  Total
scalar on assignment side |    4      4
Test Summary: | Pass  Total
nothing test  |    4      4
Test Summary: | Pass  Total
aliasing test |  154    154
Test Summary: | Pass  Total
@. test       |    2      2
Test Summary:     | Pass  Total
test common cases |   11     11
Test Summary:                                             | Pass  Total
data frame only on left hand side broadcasting assignment |   26     26
Test Summary:                          | Pass  Total
broadcasting with 3-dimensional object |    4      4
Test Summary:                                  | Pass  Total
additional checks of post-! broadcasting rules |  159    159
Test Summary:                                   | Pass  Total
DataFrameRow getproperty broadcasted assignment |    4      4
Test Summary:                                | Pass  Total
make sure that : is in place and ! allocates |    5      5
Test Summary:                                            | Pass  Total
add new correct rules for df[row, col] .= v broadcasting |    6      6
Test Summary:                 | Pass  Total
broadcasting into df[!, cols] |  149    149
Test Summary:                          | Pass  Total
broadcasting over heterogenous columns |    1      1
Test Summary:        | Pass  Total
@views on df[!, col] |    3      3
Test Summary:                      | Pass  Total
broadcasting of df[:, col] = value |    8      8
	[1m[32mPASSED[0m: broadcasting.jl
Test Summary: | Pass  Total
identifier    |    6      6
Test Summary:  |
reserved words | No tests
Test Summary:           | Pass  Total
categorical constructor |    3      3
Test Summary:          | Pass  Total
DataFrame constructors |   42     42
Test Summary: | Pass  Total
colwise       |   29     29
Test Summary: | Pass  Total
empty!        |    5      5
Test Summary:              | Pass  Total
deletecols and deletecols! |    7      7
Test Summary: | Pass  Total
haskey        |    7      7
Test Summary:                                        | Pass  Total
df[col] and df[col] for getindex, view, and setindex |  132    132
Test Summary: | Pass  Total
eltypes       |    1      1
Test Summary: | Pass  Total
melt          |   22     22
	[1m[32mPASSED[0m: deprecated.jl
ERROR: LoadError: "Tests failed"
Stacktrace:
 [1] top-level scope at /home/pkgeval/.julia/packages/DataFrames/S3ZFo/test/runtests.jl:53
 [2] include(::String) at ./client.jl:457
 [3] top-level scope at none:6
in expression starting at /home/pkgeval/.julia/packages/DataFrames/S3ZFo/test/runtests.jl:52
ERROR: Package DataFrames errored during testing
Stacktrace:
 [1] pkgerror(::String, ::Vararg{String,N} where N) at /workspace/srcdir/usr/share/julia/stdlib/v1.5/Pkg/src/Types.jl:52
 [2] test(::Pkg.Types.Context, ::Array{Pkg.Types.PackageSpec,1}; coverage::Bool, julia_args::Cmd, test_args::Cmd, test_fn::Nothing) at /workspace/srcdir/usr/share/julia/stdlib/v1.5/Pkg/src/Operations.jl:1515
 [3] test(::Pkg.Types.Context, ::Array{Pkg.Types.PackageSpec,1}; coverage::Bool, test_fn::Nothing, julia_args::Cmd, test_args::Cmd, kwargs::Base.Iterators.Pairs{Union{},Union{},Tuple{},NamedTuple{(),Tuple{}}}) at /workspace/srcdir/usr/share/julia/stdlib/v1.5/Pkg/src/API.jl:316
 [4] test(::Pkg.Types.Context, ::Array{Pkg.Types.PackageSpec,1}) at /workspace/srcdir/usr/share/julia/stdlib/v1.5/Pkg/src/API.jl:303
 [5] #test#68 at /workspace/srcdir/usr/share/julia/stdlib/v1.5/Pkg/src/API.jl:297 [inlined]
 [6] test at /workspace/srcdir/usr/share/julia/stdlib/v1.5/Pkg/src/API.jl:297 [inlined]
 [7] #test#67 at /workspace/srcdir/usr/share/julia/stdlib/v1.5/Pkg/src/API.jl:296 [inlined]
 [8] test at /workspace/srcdir/usr/share/julia/stdlib/v1.5/Pkg/src/API.jl:296 [inlined]
 [9] test(::String; kwargs::Base.Iterators.Pairs{Union{},Union{},Tuple{},NamedTuple{(),Tuple{}}}) at /workspace/srcdir/usr/share/julia/stdlib/v1.5/Pkg/src/API.jl:295
 [10] test(::String) at /workspace/srcdir/usr/share/julia/stdlib/v1.5/Pkg/src/API.jl:295
 [11] top-level scope at none:16
