Julia Version 1.6.0-DEV.1210
Commit a1da84c3b0 (2020-10-13 13:46 UTC)
Platform Info:
  OS: Linux (x86_64-pc-linux-gnu)
  CPU: AMD EPYC 7502 32-Core Processor
  WORD_SIZE: 64
  LIBM: libopenlibm
  LLVM: libLLVM-11.0.0 (ORCJIT, znver2)
Environment:
  JULIA_DEPOT_PATH = ::/usr/local/share/julia
  JULIA_NUM_THREADS = 2
  JULIA_MAX_NUM_PRECOMPILE_FILES = 9223372036854775807

  Resolving package versions...
  Installed Compat ───────── v2.2.1
  Installed IniFile ──────── v0.5.0
  Installed TextWrap ─────── v0.3.0
  Installed ExprTools ────── v0.1.2
  Installed BinaryProvider ─ v0.5.10
  Installed JSON ─────────── v0.19.0
  Installed GitHub ───────── v5.1.7
  Installed RemoveLFS ────── v0.3.0
  Installed Mocking ──────── v0.7.1
  Installed Nullables ────── v1.0.0
  Installed VersionParsing ─ v1.2.0
  Installed Coverage ─────── v0.9.3
  Installed Conda ────────── v1.4.1
  Installed HTTP ─────────── v0.8.19
  Installed MbedTLS ──────── v0.7.0
  Installed TimeZones ────── v0.8.5
  Installed EzXML ────────── v0.9.5
  Installed ArgParse ─────── v0.6.2
Updating `~/.julia/environments/v1.6/Project.toml`
  [a262596c] + RemoveLFS v0.3.0
Updating `~/.julia/environments/v1.6/Manifest.toml`
  [c7e460c6] + ArgParse v0.6.2
  [b99e7846] + BinaryProvider v0.5.10
  [34da2185] + Compat v2.2.1
  [8f4d0f93] + Conda v1.4.1
  [a2441757] + Coverage v0.9.3
  [e2ba6199] + ExprTools v0.1.2
  [8f5d6c58] + EzXML v0.9.5
  [bc5e4493] + GitHub v5.1.7
  [cd3eb016] + HTTP v0.8.19
  [83e8ac13] + IniFile v0.5.0
  [682c06a0] + JSON v0.19.0
  [739be429] + MbedTLS v0.7.0
  [78c3b35d] + Mocking v0.7.1
  [4d1e1d77] + Nullables v1.0.0
  [a262596c] + RemoveLFS v0.3.0
  [b718987f] + TextWrap v0.3.0
  [f269a46b] + TimeZones v0.8.5
  [81def892] + VersionParsing v1.2.0
  [56f22d72] + Artifacts
  [2a0f44e3] + Base64
  [ade2ca70] + Dates
  [8bb1440f] + DelimitedFiles
  [8ba89e20] + Distributed
  [b77e0a4c] + InteractiveUtils
  [76f85450] + LibGit2
  [8f399da3] + Libdl
  [37e2e46d] + LinearAlgebra
  [56ddb016] + Logging
  [d6f4376e] + Markdown
  [a63ad114] + Mmap
  [44cfe95a] + Pkg
  [de0858da] + Printf
  [3fa0cd96] + REPL
  [9a3f8284] + Random
  [ea8e919c] + SHA
  [9e88b42a] + Serialization
  [1a1011a3] + SharedArrays
  [6462fe0b] + Sockets
  [2f01184e] + SparseArrays
  [10745b16] + Statistics
  [fa267f1f] + TOML
  [8dfed614] + Test
  [cf7118a7] + UUIDs
  [4ec0a83e] + Unicode
   Building EzXML ────→ `~/.julia/scratchspaces/44cfe95a-1eb2-52ea-b672-e2afdf69b78f/469de9cb996a9c03f31905619ff3c33e905711f3/build.log`
   Building TimeZones → `~/.julia/scratchspaces/44cfe95a-1eb2-52ea-b672-e2afdf69b78f/5437144a2bbb5b661783ad34b0d19d5696845b25/build.log`
   Building MbedTLS ──→ `~/.julia/scratchspaces/44cfe95a-1eb2-52ea-b672-e2afdf69b78f/85f5947b53c8cfd53ccfa3f4abae31faa22c2181/build.log`
   Building Conda ────→ `~/.julia/scratchspaces/44cfe95a-1eb2-52ea-b672-e2afdf69b78f/7a58bb32ce5d85f8bf7559aa7c2842f9aecf52fc/build.log`
   Building RemoveLFS → `~/.julia/scratchspaces/44cfe95a-1eb2-52ea-b672-e2afdf69b78f/a2447c352651d9ca035a1d381ffa8805cdb03503/build.log`
ERROR: Error building `RemoveLFS`: 
PREFIX=/home/pkgeval/.julia/conda/3
WARNING: md5sum mismatch of tar archive
expected: 728a5c953844917b24246080968d03b8
     got: 354498d1d03047a4c9246b72c8d2b2aa  -
Unpacking payload ...
Traceback (most recent call last):
  File "tarfile.py", line 2311, in next
  File "tarfile.py", line 1103, in fromtarfile
  File "tarfile.py", line 1039, in frombuf
tarfile.EmptyHeaderError: empty header

During handling of the above exception, another exception occurred:

Traceback (most recent call last):
  File "entry_point.py", line 75, in <module>
  File "tarfile.py", line 1629, in open
  File "tarfile.py", line 1510, in __init__
  File "tarfile.py", line 2326, in next
tarfile.ReadError: empty file
[463] Failed to execute script entry_point
Traceback (most recent call last):
  File "entry_point.py", line 61, in <module>
FileNotFoundError: [Errno 2] No such file or directory: 'pkgs'
[466] Failed to execute script entry_point
[ Info: I did not find both git and git-lfs on your system, so I will now install git.
[ Info: Attempting to install git using Conda.jl...
[ Info: Downloading miniconda installer ...
[ Info: Installing miniconda ...
ERROR: LoadError: failed process: Process(`/home/pkgeval/.julia/conda/3/installer.sh -b -f -p /home/pkgeval/.julia/conda/3`, ProcessExited(1)) [1]

Stacktrace:
  [1] pipeline_error
    @ ./process.jl:525 [inlined]
  [2] run(::Cmd; wait::Bool)
    @ Base ./process.jl:440
  [3] run
    @ ./process.jl:438 [inlined]
  [4] _install_conda(env::Symbol, force::Bool)
    @ Conda ~/.julia/packages/Conda/3rPhK/src/Conda.jl:169
  [5] _install_conda
    @ ~/.julia/packages/Conda/3rPhK/src/Conda.jl:155 [inlined]
  [6] runconda(args::Cmd, env::Symbol)
    @ Conda ~/.julia/packages/Conda/3rPhK/src/Conda.jl:112
  [7] add(pkg::String, env::Symbol; channel::String)
    @ Conda ~/.julia/packages/Conda/3rPhK/src/Conda.jl:188
  [8] add
    @ ~/.julia/packages/Conda/3rPhK/src/Conda.jl:187 [inlined]
  [9] _install_git_conda()
    @ Main ~/.julia/packages/RemoveLFS/cMcrf/deps/build.jl:98
 [10] _install_git
    @ ~/.julia/packages/RemoveLFS/cMcrf/deps/build.jl:86 [inlined]
 [11] _build_git_and_build_gitlfs()
    @ Main ~/.julia/packages/RemoveLFS/cMcrf/deps/build.jl:159
 [12] _build_removelfssnapshots()
    @ Main ~/.julia/packages/RemoveLFS/cMcrf/deps/build.jl:166
 [13] top-level scope
    @ ~/.julia/packages/RemoveLFS/cMcrf/deps/build.jl:216
 [14] include(fname::String)
    @ Base.MainInclude ./client.jl:444
 [15] top-level scope
    @ none:5
in expression starting at /home/pkgeval/.julia/packages/RemoveLFS/cMcrf/deps/build.jl:216
Stacktrace:
  [1] pkgerror(msg::String)
    @ Pkg.Types /buildworker/worker/package_linux64/build/usr/share/julia/stdlib/v1.6/Pkg/src/Types.jl:52
  [2] (::Pkg.Operations.var"#75#80"{Bool, Pkg.Types.Context, String, Pkg.Types.PackageSpec})()
    @ Pkg.Operations /buildworker/worker/package_linux64/build/usr/share/julia/stdlib/v1.6/Pkg/src/Operations.jl:1002
  [3] withenv(f::Pkg.Operations.var"#75#80"{Bool, Pkg.Types.Context, String, Pkg.Types.PackageSpec}, keyvals::Pair{String, String})
    @ Base ./env.jl:161
  [4] (::Pkg.Operations.var"#102#106"{String, Pkg.Operations.var"#75#80"{Bool, Pkg.Types.Context, String, Pkg.Types.PackageSpec}, Pkg.Types.PackageSpec})()
    @ Pkg.Operations /buildworker/worker/package_linux64/build/usr/share/julia/stdlib/v1.6/Pkg/src/Operations.jl:1487
  [5] with_temp_env(fn::Pkg.Operations.var"#102#106"{String, Pkg.Operations.var"#75#80"{Bool, Pkg.Types.Context, String, Pkg.Types.PackageSpec}, Pkg.Types.PackageSpec}, temp_env::String)
    @ Pkg.Operations /buildworker/worker/package_linux64/build/usr/share/julia/stdlib/v1.6/Pkg/src/Operations.jl:1401
  [6] (::Pkg.Operations.var"#101#105"{Pkg.Operations.var"#75#80"{Bool, Pkg.Types.Context, String, Pkg.Types.PackageSpec}, Pkg.Types.Context, Pkg.Types.PackageSpec, String, Pkg.Types.Project, String})(tmp::String)
    @ Pkg.Operations /buildworker/worker/package_linux64/build/usr/share/julia/stdlib/v1.6/Pkg/src/Operations.jl:1472
  [7] mktempdir(fn::Pkg.Operations.var"#101#105"{Pkg.Operations.var"#75#80"{Bool, Pkg.Types.Context, String, Pkg.Types.PackageSpec}, Pkg.Types.Context, Pkg.Types.PackageSpec, String, Pkg.Types.Project, String}, parent::String; prefix::String)
    @ Base.Filesystem ./file.jl:711
  [8] mktempdir(fn::Function, parent::String)
    @ Base.Filesystem ./file.jl:709
  [9] sandbox(fn::Function, ctx::Pkg.Types.Context, target::Pkg.Types.PackageSpec, target_path::String, sandbox_path::String, sandbox_project_override::Pkg.Types.Project)
    @ Pkg.Operations /buildworker/worker/package_linux64/build/usr/share/julia/stdlib/v1.6/Pkg/src/Operations.jl:1439
 [10] build_versions(ctx::Pkg.Types.Context, uuids::Vector{Base.UUID}; might_need_to_resolve::Bool, verbose::Bool)
    @ Pkg.Operations /buildworker/worker/package_linux64/build/usr/share/julia/stdlib/v1.6/Pkg/src/Operations.jl:983
 [11] build_versions
    @ /buildworker/worker/package_linux64/build/usr/share/julia/stdlib/v1.6/Pkg/src/Operations.jl:922 [inlined]
 [12] add(ctx::Pkg.Types.Context, pkgs::Vector{Pkg.Types.PackageSpec}, new_git::Vector{Base.UUID}; preserve::Pkg.Types.PreserveLevel, platform::Base.BinaryPlatforms.Platform)
    @ Pkg.Operations /buildworker/worker/package_linux64/build/usr/share/julia/stdlib/v1.6/Pkg/src/Operations.jl:1198
 [13] add(ctx::Pkg.Types.Context, pkgs::Vector{Pkg.Types.PackageSpec}; preserve::Pkg.Types.PreserveLevel, platform::Base.BinaryPlatforms.Platform, kwargs::Base.Iterators.Pairs{Union{}, Union{}, Tuple{}, NamedTuple{(), Tuple{}}})
    @ Pkg.API /buildworker/worker/package_linux64/build/usr/share/julia/stdlib/v1.6/Pkg/src/API.jl:194
 [14] add
    @ /buildworker/worker/package_linux64/build/usr/share/julia/stdlib/v1.6/Pkg/src/API.jl:145 [inlined]
 [15] add(pkgs::Vector{Pkg.Types.PackageSpec}; kwargs::Base.Iterators.Pairs{Union{}, Union{}, Tuple{}, NamedTuple{(), Tuple{}}})
    @ Pkg.API /buildworker/worker/package_linux64/build/usr/share/julia/stdlib/v1.6/Pkg/src/API.jl:70
 [16] add
    @ /buildworker/worker/package_linux64/build/usr/share/julia/stdlib/v1.6/Pkg/src/API.jl:69 [inlined]
 [17] #add#21
    @ /buildworker/worker/package_linux64/build/usr/share/julia/stdlib/v1.6/Pkg/src/API.jl:67 [inlined]
 [18] add
    @ /buildworker/worker/package_linux64/build/usr/share/julia/stdlib/v1.6/Pkg/src/API.jl:67 [inlined]
 [19] #add#20
    @ /buildworker/worker/package_linux64/build/usr/share/julia/stdlib/v1.6/Pkg/src/API.jl:66 [inlined]
 [20] add(pkg::String)
    @ Pkg.API /buildworker/worker/package_linux64/build/usr/share/julia/stdlib/v1.6/Pkg/src/API.jl:66
 [21] top-level scope
    @ none:30
