Running tests with Julia v1.3.0
   Cloning default registries into `~/.julia`
   Cloning registry from "https://github.com/JuliaRegistries/General.git"
[?25l    Fetching: [>                                        ]  0.0 %    Fetching: [============>                            ]  29.5 %    Fetching: [==========================>              ]  64.2 %[2K[?25h     Added registry `General` to `~/.julia/registries/General`
 Resolving package versions...
 Installed ReduceAlgebra â”€â”€â”€â”€ v0.1.0
 Installed DirectSum â”€â”€â”€â”€â”€â”€â”€â”€ v0.4.2
 Installed Leibniz â”€â”€â”€â”€â”€â”€â”€â”€â”€â”€ v0.0.3
 Installed ReduceLinAlg â”€â”€â”€â”€â”€ v0.1.0
 Installed ForceImport â”€â”€â”€â”€â”€â”€ v0.0.3
 Installed SyntaxTree â”€â”€â”€â”€â”€â”€â”€ v1.0.1
 Installed StaticArrays â”€â”€â”€â”€â”€ v0.12.1
 Installed Reduce â”€â”€â”€â”€â”€â”€â”€â”€â”€â”€â”€ v1.2.3
 Installed AbstractTensors â”€â”€ v0.3.0
 Installed AbstractLattices â”€ v0.1.2
  Updating `~/.julia/environments/v1.3/Project.toml`
  [cc9b1b2d] + ReduceAlgebra v0.1.0
  Updating `~/.julia/environments/v1.3/Manifest.toml`
  [398f06c4] + AbstractLattices v0.1.2
  [a8e43f4a] + AbstractTensors v0.3.0
  [22fd7b30] + DirectSum v0.4.2
  [9dda63f9] + ForceImport v0.0.3
  [edad4870] + Leibniz v0.0.3
  [93e0c654] + Reduce v1.2.3
  [cc9b1b2d] + ReduceAlgebra v0.1.0
  [bfcbc1eb] + ReduceLinAlg v0.1.0
  [90137ffa] + StaticArrays v0.12.1
  [a4af3ec5] + SyntaxTree v1.0.1
  [2a0f44e3] + Base64 
  [ade2ca70] + Dates 
  [8ba89e20] + Distributed 
  [b77e0a4c] + InteractiveUtils 
  [76f85450] + LibGit2 
  [8f399da3] + Libdl 
  [37e2e46d] + LinearAlgebra 
  [56ddb016] + Logging 
  [d6f4376e] + Markdown 
  [44cfe95a] + Pkg 
  [de0858da] + Printf 
  [3fa0cd96] + REPL 
  [9a3f8284] + Random 
  [ea8e919c] + SHA 
  [9e88b42a] + Serialization 
  [6462fe0b] + Sockets 
  [2f01184e] + SparseArrays 
  [10745b16] + Statistics 
  [8dfed614] + Test 
  [cf7118a7] + UUIDs 
  [4ec0a83e] + Unicode 
  Building Reduce â†’ `~/.julia/packages/Reduce/4dmwd/deps/build.log`
   Testing ReduceAlgebra
 Resolving package versions...
    Status `/tmp/jl_z5qKLC/Manifest.toml`
  [398f06c4] AbstractLattices v0.1.2
  [a8e43f4a] AbstractTensors v0.3.0
  [22fd7b30] DirectSum v0.4.2
  [9dda63f9] ForceImport v0.0.3
  [edad4870] Leibniz v0.0.3
  [93e0c654] Reduce v1.2.3
  [cc9b1b2d] ReduceAlgebra v0.1.0
  [bfcbc1eb] ReduceLinAlg v0.1.0
  [90137ffa] StaticArrays v0.12.1
  [a4af3ec5] SyntaxTree v1.0.1
  [2a0f44e3] Base64  [`@stdlib/Base64`]
  [ade2ca70] Dates  [`@stdlib/Dates`]
  [8ba89e20] Distributed  [`@stdlib/Distributed`]
  [b77e0a4c] InteractiveUtils  [`@stdlib/InteractiveUtils`]
  [76f85450] LibGit2  [`@stdlib/LibGit2`]
  [8f399da3] Libdl  [`@stdlib/Libdl`]
  [37e2e46d] LinearAlgebra  [`@stdlib/LinearAlgebra`]
  [56ddb016] Logging  [`@stdlib/Logging`]
  [d6f4376e] Markdown  [`@stdlib/Markdown`]
  [44cfe95a] Pkg  [`@stdlib/Pkg`]
  [de0858da] Printf  [`@stdlib/Printf`]
  [3fa0cd96] REPL  [`@stdlib/REPL`]
  [9a3f8284] Random  [`@stdlib/Random`]
  [ea8e919c] SHA  [`@stdlib/SHA`]
  [9e88b42a] Serialization  [`@stdlib/Serialization`]
  [6462fe0b] Sockets  [`@stdlib/Sockets`]
  [2f01184e] SparseArrays  [`@stdlib/SparseArrays`]
  [10745b16] Statistics  [`@stdlib/Statistics`]
  [8dfed614] Test  [`@stdlib/Test`]
  [cf7118a7] UUIDs  [`@stdlib/UUIDs`]
  [4ec0a83e] Unicode  [`@stdlib/Unicode`]
/home/pkgeval/.julia/packages/Reduce/4dmwd/deps/usr/lib/reduce/cslbuild/csl/reduce: error while loading shared libraries: libXft.so.2: cannot open shared object file: No such file or directory
/home/pkgeval/.julia/packages/Reduce/4dmwd/deps/usr/lib/reduce/cslbuild/csl/reduce: error while loading shared libraries: libXft.so.2: cannot open shared object file: No such file or directory
ERROR: LoadError: InitError: IOError: write: broken pipe (EPIPE)
Stacktrace:
 [1] uv_write(::Base.PipeEndpoint, ::Ptr{UInt8}, ::UInt64) at ./stream.jl:953
 [2] unsafe_write(::Base.PipeEndpoint, ::Ptr{UInt8}, ::UInt64) at ./stream.jl:1007
 [3] unsafe_write at ./io.jl:310 [inlined]
 [4] macro expansion at ./gcutils.jl:91 [inlined]
 [5] write at ./strings/io.jl:186 [inlined]
 [6] clear(::Reduce.PSL) at /home/pkgeval/.julia/packages/Reduce/4dmwd/src/Reduce.jl:76
 [7] write(::Reduce.PSL, ::String) at /home/pkgeval/.julia/packages/Reduce/4dmwd/src/Reduce.jl:83
 [8] #rcall#40(::Array{Symbol,1}, ::Array{Symbol,1}, ::typeof(Reduce.rcall), ::Reduce.RExpr) at /home/pkgeval/.julia/packages/Reduce/4dmwd/src/rexpr.jl:464
 [9] (::Reduce.var"#kw##rcall")(::NamedTuple{(:on, :off),Tuple{Array{Symbol,1},Array{Symbol,1}}}, ::typeof(Reduce.rcall), ::Reduce.RExpr) at ./none:0
 [10] #rcall#41(::Array{Symbol,1}, ::Array{Symbol,1}, ::typeof(Reduce.rcall), ::String) at /home/pkgeval/.julia/packages/Reduce/4dmwd/src/rexpr.jl:498
 [11] rcall(::String) at /home/pkgeval/.julia/packages/Reduce/4dmwd/src/rexpr.jl:498
 [12] |>(::String, ::typeof(Reduce.rcall)) at ./operators.jl:854
 [13] load_package at /home/pkgeval/.julia/packages/Reduce/4dmwd/src/Reduce.jl:283 [inlined]
 [14] __init__() at /home/pkgeval/.julia/packages/ReduceLinAlg/cPkDZ/src/ReduceLinAlg.jl:130
 [15] _include_from_serialized(::String, ::Array{Any,1}) at ./loading.jl:692
 [16] _require_from_serialized(::String) at ./loading.jl:743
 [17] _require(::Base.PkgId) at ./loading.jl:1034
 [18] require(::Base.PkgId) at ./loading.jl:922
 [19] require(::Module, ::Symbol) at ./loading.jl:917
 [20] include at ./boot.jl:328 [inlined]
 [21] include_relative(::Module, ::String) at ./loading.jl:1105
 [22] include(::Module, ::String) at ./Base.jl:31
 [23] top-level scope at none:2
 [24] eval at ./boot.jl:330 [inlined]
 [25] eval(::Expr) at ./client.jl:425
 [26] top-level scope at ./none:3
during initialization of module ReduceLinAlg
in expression starting at /home/pkgeval/.julia/packages/ReduceAlgebra/x4IMB/src/ReduceAlgebra.jl:8
ERROR: LoadError: Failed to precompile ReduceAlgebra [cc9b1b2d-f4cf-5aeb-b1c9-57f66198f3ff] to /home/pkgeval/.julia/compiled/v1.3/ReduceAlgebra/KMuUW_FzU4m.ji.
Stacktrace:
 [1] error(::String) at ./error.jl:33
 [2] compilecache(::Base.PkgId, ::String) at ./loading.jl:1283
 [3] _require(::Base.PkgId) at ./loading.jl:1024
 [4] require(::Base.PkgId) at ./loading.jl:922
 [5] require(::Module, ::Symbol) at ./loading.jl:917
 [6] include at ./boot.jl:328 [inlined]
 [7] include_relative(::Module, ::String) at ./loading.jl:1105
 [8] include(::Module, ::String) at ./Base.jl:31
 [9] include(::String) at ./client.jl:424
 [10] top-level scope at none:6
in expression starting at /home/pkgeval/.julia/packages/ReduceAlgebra/x4IMB/test/runtests.jl:1
ERROR: Package ReduceAlgebra errored during testing
Stacktrace:
 [1] pkgerror(::String, ::Vararg{String,N} where N) at /buildworker/worker/package_linux64/build/usr/share/julia/stdlib/v1.3/Pkg/src/Types.jl:113
 [2] #test#131(::Bool, ::Nothing, ::Cmd, ::Cmd, ::typeof(Pkg.Operations.test), ::Pkg.Types.Context, ::Array{Pkg.Types.PackageSpec,1}) at /buildworker/worker/package_linux64/build/usr/share/julia/stdlib/v1.3/Pkg/src/Operations.jl:1370
 [3] #test at ./none:0 [inlined]
 [4] #test#62(::Bool, ::Nothing, ::Cmd, ::Cmd, ::Base.Iterators.Pairs{Union{},Union{},Tuple{},NamedTuple{(),Tuple{}}}, ::typeof(Pkg.API.test), ::Pkg.Types.Context, ::Array{Pkg.Types.PackageSpec,1}) at /buildworker/worker/package_linux64/build/usr/share/julia/stdlib/v1.3/Pkg/src/API.jl:253
 [5] test(::Pkg.Types.Context, ::Array{Pkg.Types.PackageSpec,1}) at /buildworker/worker/package_linux64/build/usr/share/julia/stdlib/v1.3/Pkg/src/API.jl:239
 [6] #test#61 at /buildworker/worker/package_linux64/build/usr/share/julia/stdlib/v1.3/Pkg/src/API.jl:233 [inlined]
 [7] test at /buildworker/worker/package_linux64/build/usr/share/julia/stdlib/v1.3/Pkg/src/API.jl:233 [inlined]
 [8] #test#60 at /buildworker/worker/package_linux64/build/usr/share/julia/stdlib/v1.3/Pkg/src/API.jl:232 [inlined]
 [9] test at /buildworker/worker/package_linux64/build/usr/share/julia/stdlib/v1.3/Pkg/src/API.jl:232 [inlined]
 [10] #test#59(::Base.Iterators.Pairs{Union{},Union{},Tuple{},NamedTuple{(),Tuple{}}}, ::typeof(Pkg.API.test), ::String) at /buildworker/worker/package_linux64/build/usr/share/julia/stdlib/v1.3/Pkg/src/API.jl:231
 [11] test(::String) at /buildworker/worker/package_linux64/build/usr/share/julia/stdlib/v1.3/Pkg/src/API.jl:231
 [12] top-level scope at none:12
