Julia Version 1.3.2-pre.0
Commit 2e6715c045 (2019-12-31 00:49 UTC)
Platform Info:
  OS: Linux (x86_64-linux-gnu)
  CPU: Intel(R) Xeon(R) Silver 4114 CPU @ 2.20GHz
  WORD_SIZE: 64
  LIBM: libopenlibm
  LLVM: libLLVM-6.0.1 (ORCJIT, skylake)
Environment:
  JULIA_DEPOT_PATH = ::/usr/local/share/julia
  JULIA_NUM_THREADS = 2

 Resolving package versions...
 Installed ZygoteRules ────────── v0.2.0
 Installed Adapt ──────────────── v1.0.0
 Installed LightXML ───────────── v0.8.1
 Installed DiffRules ──────────── v1.0.0
 Installed Zygote ─────────────── v0.4.6
 Installed CUDAdrv ────────────── v5.0.1
 Installed CuArrays ───────────── v1.7.0
 Installed Transformers ───────── v0.1.2
 Installed BinaryProvider ─────── v0.5.8
 Installed Missings ───────────── v0.4.3
 Installed FFTW ───────────────── v1.2.0
 Installed Juno ───────────────── v0.7.2
 Installed WordTokenizers ─────── v0.5.3
 Installed ColorTypes ─────────── v0.8.1
 Installed StaticArrays ───────── v0.12.1
 Installed GPUArrays ──────────── v2.0.1
 Installed TimerOutputs ───────── v0.5.3
 Installed SortingAlgorithms ──── v0.3.1
 Installed AbstractTrees ──────── v0.3.1
 Installed HTTP ───────────────── v0.8.8
 Installed CUDAapi ────────────── v2.1.0
 Installed ZipFile ────────────── v0.8.4
 Installed InternedStrings ────── v0.7.0
 Installed DataDeps ───────────── v0.7.1
 Installed Flux ───────────────── v0.10.1
 Installed ForwardDiff ────────── v0.10.9
 Installed MacroTools ─────────── v0.5.3
 Installed Parsers ────────────── v0.3.10
 Installed DiffResults ────────── v1.0.2
 Installed CEnum ──────────────── v0.2.0
 Installed IntelOpenMP_jll ────── v2018.0.3+0
 Installed FFTW_jll ───────────── v3.3.9+3
 Installed Media ──────────────── v0.5.0
 Installed OrderedCollections ─── v1.1.0
 Installed SpecialFunctions ───── v0.9.0
 Installed FillArrays ─────────── v0.8.4
 Installed DataAPI ────────────── v1.1.0
 Installed AbstractFFTs ───────── v0.5.0
 Installed CommonSubexpressions ─ v0.2.0
 Installed TranscodingStreams ─── v0.9.5
 Installed HTML_Entities ──────── v1.0.0
 Installed Reexport ───────────── v0.2.0
 Installed NaNMath ────────────── v0.3.3
 Installed BytePairEncoding ───── v0.1.1
 Installed IniFile ────────────── v0.5.0
 Installed NNlib ──────────────── v0.6.4
 Installed OpenSpecFun_jll ────── v0.5.3+1
 Installed StatsBase ──────────── v0.32.0
 Installed CUDAnative ─────────── v2.8.1
 Installed CodecZlib ──────────── v0.6.0
 Installed Colors ─────────────── v0.9.6
 Installed DataStructures ─────── v0.17.9
 Installed Requires ───────────── v0.5.2
 Installed MbedTLS ────────────── v0.7.0
 Installed IRTools ────────────── v0.3.0
 Installed LLVM ───────────────── v1.3.3
 Installed JSON ───────────────── v0.21.0
 Installed FixedPointNumbers ──── v0.6.1
 Installed BSON ───────────────── v0.2.5
 Installed MKL_jll ────────────── v2019.0.117+2
 Installed StrTables ──────────── v1.0.1
  Updating `~/.julia/environments/v1.3/Project.toml`
  [21ca0261] + Transformers v0.1.2
  Updating `~/.julia/environments/v1.3/Manifest.toml`
  [621f4979] + AbstractFFTs v0.5.0
  [1520ce14] + AbstractTrees v0.3.1
  [79e6a3ab] + Adapt v1.0.0
  [fbb218c0] + BSON v0.2.5
  [b99e7846] + BinaryProvider v0.5.8
  [a4280ba5] + BytePairEncoding v0.1.1
  [fa961155] + CEnum v0.2.0
  [3895d2a7] + CUDAapi v2.1.0
  [c5f51814] + CUDAdrv v5.0.1
  [be33ccc6] + CUDAnative v2.8.1
  [944b1d66] + CodecZlib v0.6.0
  [3da002f7] + ColorTypes v0.8.1
  [5ae59095] + Colors v0.9.6
  [bbf7d656] + CommonSubexpressions v0.2.0
  [3a865a2d] + CuArrays v1.7.0
  [9a962f9c] + DataAPI v1.1.0
  [124859b0] + DataDeps v0.7.1
  [864edb3b] + DataStructures v0.17.9
  [163ba53b] + DiffResults v1.0.2
  [b552c78f] + DiffRules v1.0.0
  [7a1cc6ca] + FFTW v1.2.0
  [f5851436] + FFTW_jll v3.3.9+3
  [1a297f60] + FillArrays v0.8.4
  [53c48c17] + FixedPointNumbers v0.6.1
  [587475ba] + Flux v0.10.1
  [f6369f11] + ForwardDiff v0.10.9
  [0c68f7d7] + GPUArrays v2.0.1
  [7693890a] + HTML_Entities v1.0.0
  [cd3eb016] + HTTP v0.8.8
  [7869d1d1] + IRTools v0.3.0
  [83e8ac13] + IniFile v0.5.0
  [1d5cc7b8] + IntelOpenMP_jll v2018.0.3+0
  [7d512f48] + InternedStrings v0.7.0
  [682c06a0] + JSON v0.21.0
  [e5e0dc1b] + Juno v0.7.2
  [929cbde3] + LLVM v1.3.3
  [9c8b4983] + LightXML v0.8.1
  [856f044c] + MKL_jll v2019.0.117+2
  [1914dd2f] + MacroTools v0.5.3
  [739be429] + MbedTLS v0.7.0
  [e89f7d12] + Media v0.5.0
  [e1d29d7a] + Missings v0.4.3
  [872c559c] + NNlib v0.6.4
  [77ba4419] + NaNMath v0.3.3
  [efe28fd5] + OpenSpecFun_jll v0.5.3+1
  [bac558e1] + OrderedCollections v1.1.0
  [69de0a69] + Parsers v0.3.10
  [189a3867] + Reexport v0.2.0
  [ae029012] + Requires v0.5.2
  [a2af1166] + SortingAlgorithms v0.3.1
  [276daf66] + SpecialFunctions v0.9.0
  [90137ffa] + StaticArrays v0.12.1
  [2913bbd2] + StatsBase v0.32.0
  [9700d1a9] + StrTables v1.0.1
  [a759f4b9] + TimerOutputs v0.5.3
  [3bb67fe8] + TranscodingStreams v0.9.5
  [21ca0261] + Transformers v0.1.2
  [796a5d58] + WordTokenizers v0.5.3
  [a5390f91] + ZipFile v0.8.4
  [e88e6eb3] + Zygote v0.4.6
  [700de1a5] + ZygoteRules v0.2.0
  [2a0f44e3] + Base64 
  [ade2ca70] + Dates 
  [8bb1440f] + DelimitedFiles 
  [8ba89e20] + Distributed 
  [b77e0a4c] + InteractiveUtils 
  [76f85450] + LibGit2 
  [8f399da3] + Libdl 
  [37e2e46d] + LinearAlgebra 
  [56ddb016] + Logging 
  [d6f4376e] + Markdown 
  [a63ad114] + Mmap 
  [44cfe95a] + Pkg 
  [de0858da] + Printf 
  [9abbd945] + Profile 
  [3fa0cd96] + REPL 
  [9a3f8284] + Random 
  [ea8e919c] + SHA 
  [9e88b42a] + Serialization 
  [6462fe0b] + Sockets 
  [2f01184e] + SparseArrays 
  [10745b16] + Statistics 
  [8dfed614] + Test 
  [cf7118a7] + UUIDs 
  [4ec0a83e] + Unicode 
  Building LightXML ─────→ `~/.julia/packages/LightXML/W8FVT/deps/build.log`
  Building FFTW ─────────→ `~/.julia/packages/FFTW/qqcBj/deps/build.log`
  Building ZipFile ──────→ `~/.julia/packages/ZipFile/DW0Qr/deps/build.log`
  Building HTML_Entities → `~/.julia/packages/HTML_Entities/g4t7p/deps/build.log`
  Building NNlib ────────→ `~/.julia/packages/NNlib/3krvM/deps/build.log`
  Building CodecZlib ────→ `~/.julia/packages/CodecZlib/5t9zO/deps/build.log`
  Building MbedTLS ──────→ `~/.julia/packages/MbedTLS/a1JFn/deps/build.log`
   Testing Transformers
 Resolving package versions...
    Status `/tmp/jl_z77iYJ/Manifest.toml`
  [621f4979] AbstractFFTs v0.5.0
  [1520ce14] AbstractTrees v0.3.1
  [79e6a3ab] Adapt v1.0.0
  [fbb218c0] BSON v0.2.5
  [b99e7846] BinaryProvider v0.5.8
  [a4280ba5] BytePairEncoding v0.1.1
  [fa961155] CEnum v0.2.0
  [3895d2a7] CUDAapi v2.1.0
  [c5f51814] CUDAdrv v5.0.1
  [be33ccc6] CUDAnative v2.8.1
  [944b1d66] CodecZlib v0.6.0
  [3da002f7] ColorTypes v0.8.1
  [5ae59095] Colors v0.9.6
  [bbf7d656] CommonSubexpressions v0.2.0
  [3a865a2d] CuArrays v1.7.0
  [9a962f9c] DataAPI v1.1.0
  [124859b0] DataDeps v0.7.1
  [864edb3b] DataStructures v0.17.9
  [163ba53b] DiffResults v1.0.2
  [b552c78f] DiffRules v1.0.0
  [7a1cc6ca] FFTW v1.2.0
  [f5851436] FFTW_jll v3.3.9+3
  [1a297f60] FillArrays v0.8.4
  [53c48c17] FixedPointNumbers v0.6.1
  [587475ba] Flux v0.10.1
  [f6369f11] ForwardDiff v0.10.9
  [0c68f7d7] GPUArrays v2.0.1
  [7693890a] HTML_Entities v1.0.0
  [cd3eb016] HTTP v0.8.8
  [7869d1d1] IRTools v0.3.0
  [83e8ac13] IniFile v0.5.0
  [1d5cc7b8] IntelOpenMP_jll v2018.0.3+0
  [7d512f48] InternedStrings v0.7.0
  [682c06a0] JSON v0.21.0
  [e5e0dc1b] Juno v0.7.2
  [929cbde3] LLVM v1.3.3
  [9c8b4983] LightXML v0.8.1
  [856f044c] MKL_jll v2019.0.117+2
  [1914dd2f] MacroTools v0.5.3
  [739be429] MbedTLS v0.7.0
  [e89f7d12] Media v0.5.0
  [e1d29d7a] Missings v0.4.3
  [872c559c] NNlib v0.6.4
  [77ba4419] NaNMath v0.3.3
  [efe28fd5] OpenSpecFun_jll v0.5.3+1
  [bac558e1] OrderedCollections v1.1.0
  [69de0a69] Parsers v0.3.10
  [189a3867] Reexport v0.2.0
  [ae029012] Requires v0.5.2
  [a2af1166] SortingAlgorithms v0.3.1
  [276daf66] SpecialFunctions v0.9.0
  [90137ffa] StaticArrays v0.12.1
  [2913bbd2] StatsBase v0.32.0
  [9700d1a9] StrTables v1.0.1
  [a759f4b9] TimerOutputs v0.5.3
  [3bb67fe8] TranscodingStreams v0.9.5
  [21ca0261] Transformers v0.1.2
  [796a5d58] WordTokenizers v0.5.3
  [a5390f91] ZipFile v0.8.4
  [e88e6eb3] Zygote v0.4.6
  [700de1a5] ZygoteRules v0.2.0
  [2a0f44e3] Base64  [`@stdlib/Base64`]
  [ade2ca70] Dates  [`@stdlib/Dates`]
  [8bb1440f] DelimitedFiles  [`@stdlib/DelimitedFiles`]
  [8ba89e20] Distributed  [`@stdlib/Distributed`]
  [b77e0a4c] InteractiveUtils  [`@stdlib/InteractiveUtils`]
  [76f85450] LibGit2  [`@stdlib/LibGit2`]
  [8f399da3] Libdl  [`@stdlib/Libdl`]
  [37e2e46d] LinearAlgebra  [`@stdlib/LinearAlgebra`]
  [56ddb016] Logging  [`@stdlib/Logging`]
  [d6f4376e] Markdown  [`@stdlib/Markdown`]
  [a63ad114] Mmap  [`@stdlib/Mmap`]
  [44cfe95a] Pkg  [`@stdlib/Pkg`]
  [de0858da] Printf  [`@stdlib/Printf`]
  [9abbd945] Profile  [`@stdlib/Profile`]
  [3fa0cd96] REPL  [`@stdlib/REPL`]
  [9a3f8284] Random  [`@stdlib/Random`]
  [ea8e919c] SHA  [`@stdlib/SHA`]
  [9e88b42a] Serialization  [`@stdlib/Serialization`]
  [6462fe0b] Sockets  [`@stdlib/Sockets`]
  [2f01184e] SparseArrays  [`@stdlib/SparseArrays`]
  [10745b16] Statistics  [`@stdlib/Statistics`]
  [8dfed614] Test  [`@stdlib/Test`]
  [cf7118a7] UUIDs  [`@stdlib/UUIDs`]
  [4ec0a83e] Unicode  [`@stdlib/Unicode`]
[ Info: CUDAdrv.jl failed to initialize, GPU functionality unavailable (set JULIA_CUDA_SILENT or JULIA_CUDA_VERBOSE to silence or expand this message)
[ Info: Test TRANSFORMER
[ Info: Test NNTOPO
[ Info: Test EMBED
[ Info: Test BASIC
[ Info: Test GPT
[ Info: Test BERT
[ Info: Test PRETRAIN
[ Info: sending all datadeps to /tmp/jl_yzf2Aw
GPT-OpenAIftlm: Error During Test at /home/pkgeval/.julia/packages/Transformers/SJBys/test/test_pretrain.jl:31
  Got exception outside of a @test
  AssertionError: gcode !== nothing
  Stacktrace:
   [1] download_gdrive(::String, ::String) at /home/pkgeval/.julia/packages/Transformers/SJBys/src/datasets/download_utils.jl:59
   [2] run_fetch at /home/pkgeval/.julia/packages/DataDeps/ai3FE/src/resolution_automatic.jl:99 [inlined]
   [3] #download#13(::String, ::Nothing, ::Bool, ::typeof(download), ::DataDep{String,String,typeof(Transformers.Datasets.download_gdrive),typeof(identity)}, ::String) at /home/pkgeval/.julia/packages/DataDeps/ai3FE/src/resolution_automatic.jl:78
   [4] download at /home/pkgeval/.julia/packages/DataDeps/ai3FE/src/resolution_automatic.jl:70 [inlined]
   [5] handle_missing at /home/pkgeval/.julia/packages/DataDeps/ai3FE/src/resolution_automatic.jl:10 [inlined]
   [6] _resolve(::DataDep{String,String,typeof(Transformers.Datasets.download_gdrive),typeof(identity)}, ::String) at /home/pkgeval/.julia/packages/DataDeps/ai3FE/src/resolution.jl:83
   [7] resolve(::DataDep{String,String,typeof(Transformers.Datasets.download_gdrive),typeof(identity)}, ::String, ::String) at /home/pkgeval/.julia/packages/DataDeps/ai3FE/src/resolution.jl:29
   [8] resolve(::String, ::String, ::String) at /home/pkgeval/.julia/packages/DataDeps/ai3FE/src/resolution.jl:54
   [9] resolve at /home/pkgeval/.julia/packages/DataDeps/ai3FE/src/resolution.jl:73 [inlined]
   [10] #load_pretrain#3(::Base.Iterators.Pairs{Union{},Union{},Tuple{},NamedTuple{(),Tuple{}}}, ::typeof(load_pretrain), ::String) at /home/pkgeval/.julia/packages/Transformers/SJBys/src/pretrain/Pretrain.jl:76
   [11] load_pretrain at /home/pkgeval/.julia/packages/Transformers/SJBys/src/pretrain/Pretrain.jl:53 [inlined]
   [12] #31 at /workspace/srcdir/usr/share/julia/stdlib/v1.3/Test/src/Test.jl:629 [inlined]
   [13] redirect_stderr(::var"#31#39"{String}, ::IOStream) at ./stream.jl:1152
   [14] #30 at /workspace/srcdir/usr/share/julia/stdlib/v1.3/Test/src/Test.jl:628 [inlined]
   [15] #open#271(::Base.Iterators.Pairs{Union{},Union{},Tuple{},NamedTuple{(),Tuple{}}}, ::typeof(open), ::var"#30#38"{String}, ::String, ::Vararg{String,N} where N) at ./io.jl:298
   [16] open at ./io.jl:296 [inlined]
   [17] macro expansion at /workspace/srcdir/usr/share/julia/stdlib/v1.3/Test/src/Test.jl:627 [inlined]
   [18] macro expansion at /home/pkgeval/.julia/packages/Transformers/SJBys/test/test_pretrain.jl:55 [inlined]
   [19] macro expansion at /workspace/srcdir/usr/share/julia/stdlib/v1.3/Test/src/Test.jl:1107 [inlined]
   [20] (::var"#27#35"{String})() at /home/pkgeval/.julia/packages/Transformers/SJBys/test/test_pretrain.jl:50
   [21] #22 at /home/pkgeval/.julia/packages/Transformers/SJBys/test/test_pretrain.jl:11 [inlined]
   [22] withenv(::var"#22#23"{var"#27#35"{String}}, ::Pair{String,String}) at ./env.jl:161
   [23] tempdatadeps(::var"#27#35"{String}) at /home/pkgeval/.julia/packages/Transformers/SJBys/test/test_pretrain.jl:10
   [24] top-level scope at /home/pkgeval/.julia/packages/Transformers/SJBys/test/test_pretrain.jl:30
   [25] top-level scope at /workspace/srcdir/usr/share/julia/stdlib/v1.3/Test/src/Test.jl:1107
   [26] top-level scope at /home/pkgeval/.julia/packages/Transformers/SJBys/test/test_pretrain.jl:37
   [27] include at ./boot.jl:328 [inlined]
   [28] include_relative(::Module, ::String) at ./loading.jl:1105
   [29] include(::Module, ::String) at ./Base.jl:31
   [30] include(::String) at ./client.jl:424
   [31] top-level scope at /home/pkgeval/.julia/packages/Transformers/SJBys/test/runtests.jl:31
   [32] top-level scope at /workspace/srcdir/usr/share/julia/stdlib/v1.3/Test/src/Test.jl:1107
   [33] top-level scope at /home/pkgeval/.julia/packages/Transformers/SJBys/test/runtests.jl:23
   [34] include at ./boot.jl:328 [inlined]
   [35] include_relative(::Module, ::String) at ./loading.jl:1105
   [36] include(::Module, ::String) at ./Base.jl:31
   [37] include(::String) at ./client.jl:424
   [38] top-level scope at none:6
   [39] eval(::Module, ::Any) at ./boot.jl:330
   [40] exec_options(::Base.JLOptions) at ./client.jl:263
   [41] _start() at ./client.jl:460
  
[ Info: removing /tmp/jl_yzf2Aw
[ Info: sending all datadeps to /tmp/jl_OyY5GW
┌ Info: Downloading
│   source = "https://drive.google.com/uc?export=download&id=1p4mej6xhfpqzLfRuMNkKHJb9ScjXU193"
│   dest = "/tmp/jl_OyY5GW/BERT-cased_L-12_H-768_A-12/cased_L-12_H-768_A-12.tfbson"
│   progress = 1.0
│   time_taken = "39.85 s"
│   time_remaining = "0.0 s"
│   average_speed = "10.440 MiB/s"
│   downloaded = "416.086 MiB"
│   remaining = "0 bytes"
└   total = "416.086 MiB"
[ Info: removing /tmp/jl_OyY5GW
[ Info: sending all datadeps to /tmp/jl_ox8YU3
Bert-wwm_cased_L-24_H-1024_A-16: Error During Test at /home/pkgeval/.julia/packages/Transformers/SJBys/test/test_pretrain.jl:31
  Got exception outside of a @test
  AssertionError: gcode !== nothing
  Stacktrace:
   [1] download_gdrive(::String, ::String) at /home/pkgeval/.julia/packages/Transformers/SJBys/src/datasets/download_utils.jl:59
   [2] run_fetch at /home/pkgeval/.julia/packages/DataDeps/ai3FE/src/resolution_automatic.jl:99 [inlined]
   [3] #download#13(::String, ::Nothing, ::Bool, ::typeof(download), ::DataDep{String,String,typeof(Transformers.Datasets.download_gdrive),typeof(identity)}, ::String) at /home/pkgeval/.julia/packages/DataDeps/ai3FE/src/resolution_automatic.jl:78
   [4] download at /home/pkgeval/.julia/packages/DataDeps/ai3FE/src/resolution_automatic.jl:70 [inlined]
   [5] handle_missing at /home/pkgeval/.julia/packages/DataDeps/ai3FE/src/resolution_automatic.jl:10 [inlined]
   [6] _resolve(::DataDep{String,String,typeof(Transformers.Datasets.download_gdrive),typeof(identity)}, ::String) at /home/pkgeval/.julia/packages/DataDeps/ai3FE/src/resolution.jl:83
   [7] resolve(::DataDep{String,String,typeof(Transformers.Datasets.download_gdrive),typeof(identity)}, ::String, ::String) at /home/pkgeval/.julia/packages/DataDeps/ai3FE/src/resolution.jl:29
   [8] resolve(::String, ::String, ::String) at /home/pkgeval/.julia/packages/DataDeps/ai3FE/src/resolution.jl:54
   [9] resolve at /home/pkgeval/.julia/packages/DataDeps/ai3FE/src/resolution.jl:73 [inlined]
   [10] #29 at /workspace/srcdir/usr/share/julia/stdlib/v1.3/Test/src/Test.jl:629 [inlined]
   [11] redirect_stderr(::var"#29#37"{String}, ::IOStream) at ./stream.jl:1152
   [12] #28 at /workspace/srcdir/usr/share/julia/stdlib/v1.3/Test/src/Test.jl:628 [inlined]
   [13] #open#271(::Base.Iterators.Pairs{Union{},Union{},Tuple{},NamedTuple{(),Tuple{}}}, ::typeof(open), ::var"#28#36"{String}, ::String, ::Vararg{String,N} where N) at ./io.jl:298
   [14] open at ./io.jl:296 [inlined]
   [15] macro expansion at /workspace/srcdir/usr/share/julia/stdlib/v1.3/Test/src/Test.jl:627 [inlined]
   [16] macro expansion at /home/pkgeval/.julia/packages/Transformers/SJBys/test/test_pretrain.jl:53 [inlined]
   [17] macro expansion at /workspace/srcdir/usr/share/julia/stdlib/v1.3/Test/src/Test.jl:1107 [inlined]
   [18] (::var"#27#35"{String})() at /home/pkgeval/.julia/packages/Transformers/SJBys/test/test_pretrain.jl:50
   [19] #22 at /home/pkgeval/.julia/packages/Transformers/SJBys/test/test_pretrain.jl:11 [inlined]
   [20] withenv(::var"#22#23"{var"#27#35"{String}}, ::Pair{String,String}) at ./env.jl:161
   [21] tempdatadeps(::var"#27#35"{String}) at /home/pkgeval/.julia/packages/Transformers/SJBys/test/test_pretrain.jl:10
   [22] top-level scope at /home/pkgeval/.julia/packages/Transformers/SJBys/test/test_pretrain.jl:30
   [23] top-level scope at /workspace/srcdir/usr/share/julia/stdlib/v1.3/Test/src/Test.jl:1107
   [24] top-level scope at /home/pkgeval/.julia/packages/Transformers/SJBys/test/test_pretrain.jl:37
   [25] include at ./boot.jl:328 [inlined]
   [26] include_relative(::Module, ::String) at ./loading.jl:1105
   [27] include(::Module, ::String) at ./Base.jl:31
   [28] include(::String) at ./client.jl:424
   [29] top-level scope at /home/pkgeval/.julia/packages/Transformers/SJBys/test/runtests.jl:31
   [30] top-level scope at /workspace/srcdir/usr/share/julia/stdlib/v1.3/Test/src/Test.jl:1107
   [31] top-level scope at /home/pkgeval/.julia/packages/Transformers/SJBys/test/runtests.jl:23
   [32] include at ./boot.jl:328 [inlined]
   [33] include_relative(::Module, ::String) at ./loading.jl:1105
   [34] include(::Module, ::String) at ./Base.jl:31
   [35] include(::String) at ./client.jl:424
   [36] top-level scope at none:6
   [37] eval(::Module, ::Any) at ./boot.jl:330
   [38] exec_options(::Base.JLOptions) at ./client.jl:263
   [39] _start() at ./client.jl:460
  
[ Info: removing /tmp/jl_ox8YU3
[ Info: sending all datadeps to /tmp/jl_CmMoUf
Bert-uncased_L-12_H-768_A-12: Error During Test at /home/pkgeval/.julia/packages/Transformers/SJBys/test/test_pretrain.jl:31
  Got exception outside of a @test
  AssertionError: gcode !== nothing
  Stacktrace:
   [1] download_gdrive(::String, ::String) at /home/pkgeval/.julia/packages/Transformers/SJBys/src/datasets/download_utils.jl:59
   [2] run_fetch at /home/pkgeval/.julia/packages/DataDeps/ai3FE/src/resolution_automatic.jl:99 [inlined]
   [3] #download#13(::String, ::Nothing, ::Bool, ::typeof(download), ::DataDep{String,String,typeof(Transformers.Datasets.download_gdrive),typeof(identity)}, ::String) at /home/pkgeval/.julia/packages/DataDeps/ai3FE/src/resolution_automatic.jl:78
   [4] download at /home/pkgeval/.julia/packages/DataDeps/ai3FE/src/resolution_automatic.jl:70 [inlined]
   [5] handle_missing at /home/pkgeval/.julia/packages/DataDeps/ai3FE/src/resolution_automatic.jl:10 [inlined]
   [6] _resolve(::DataDep{String,String,typeof(Transformers.Datasets.download_gdrive),typeof(identity)}, ::String) at /home/pkgeval/.julia/packages/DataDeps/ai3FE/src/resolution.jl:83
   [7] resolve(::DataDep{String,String,typeof(Transformers.Datasets.download_gdrive),typeof(identity)}, ::String, ::String) at /home/pkgeval/.julia/packages/DataDeps/ai3FE/src/resolution.jl:29
   [8] resolve(::String, ::String, ::String) at /home/pkgeval/.julia/packages/DataDeps/ai3FE/src/resolution.jl:54
   [9] resolve at /home/pkgeval/.julia/packages/DataDeps/ai3FE/src/resolution.jl:73 [inlined]
   [10] #load_pretrain#3(::Base.Iterators.Pairs{Union{},Union{},Tuple{},NamedTuple{(),Tuple{}}}, ::typeof(load_pretrain), ::String) at /home/pkgeval/.julia/packages/Transformers/SJBys/src/pretrain/Pretrain.jl:64
   [11] load_pretrain at /home/pkgeval/.julia/packages/Transformers/SJBys/src/pretrain/Pretrain.jl:53 [inlined]
   [12] #31 at /workspace/srcdir/usr/share/julia/stdlib/v1.3/Test/src/Test.jl:629 [inlined]
   [13] redirect_stderr(::var"#31#39"{String}, ::IOStream) at ./stream.jl:1152
   [14] #30 at /workspace/srcdir/usr/share/julia/stdlib/v1.3/Test/src/Test.jl:628 [inlined]
   [15] #open#271(::Base.Iterators.Pairs{Union{},Union{},Tuple{},NamedTuple{(),Tuple{}}}, ::typeof(open), ::var"#30#38"{String}, ::String, ::Vararg{String,N} where N) at ./io.jl:298
   [16] open at ./io.jl:296 [inlined]
   [17] macro expansion at /workspace/srcdir/usr/share/julia/stdlib/v1.3/Test/src/Test.jl:627 [inlined]
   [18] macro expansion at /home/pkgeval/.julia/packages/Transformers/SJBys/test/test_pretrain.jl:55 [inlined]
   [19] macro expansion at /workspace/srcdir/usr/share/julia/stdlib/v1.3/Test/src/Test.jl:1107 [inlined]
   [20] (::var"#27#35"{String})() at /home/pkgeval/.julia/packages/Transformers/SJBys/test/test_pretrain.jl:50
   [21] #22 at /home/pkgeval/.julia/packages/Transformers/SJBys/test/test_pretrain.jl:11 [inlined]
   [22] withenv(::var"#22#23"{var"#27#35"{String}}, ::Pair{String,String}) at ./env.jl:161
   [23] tempdatadeps(::var"#27#35"{String}) at /home/pkgeval/.julia/packages/Transformers/SJBys/test/test_pretrain.jl:10
   [24] top-level scope at /home/pkgeval/.julia/packages/Transformers/SJBys/test/test_pretrain.jl:30
   [25] top-level scope at /workspace/srcdir/usr/share/julia/stdlib/v1.3/Test/src/Test.jl:1107
   [26] top-level scope at /home/pkgeval/.julia/packages/Transformers/SJBys/test/test_pretrain.jl:37
   [27] include at ./boot.jl:328 [inlined]
   [28] include_relative(::Module, ::String) at ./loading.jl:1105
   [29] include(::Module, ::String) at ./Base.jl:31
   [30] include(::String) at ./client.jl:424
   [31] top-level scope at /home/pkgeval/.julia/packages/Transformers/SJBys/test/runtests.jl:31
   [32] top-level scope at /workspace/srcdir/usr/share/julia/stdlib/v1.3/Test/src/Test.jl:1107
   [33] top-level scope at /home/pkgeval/.julia/packages/Transformers/SJBys/test/runtests.jl:23
   [34] include at ./boot.jl:328 [inlined]
   [35] include_relative(::Module, ::String) at ./loading.jl:1105
   [36] include(::Module, ::String) at ./Base.jl:31
   [37] include(::String) at ./client.jl:424
   [38] top-level scope at none:6
   [39] eval(::Module, ::Any) at ./boot.jl:330
   [40] exec_options(::Base.JLOptions) at ./client.jl:263
   [41] _start() at ./client.jl:460
  
[ Info: removing /tmp/jl_CmMoUf
[ Info: sending all datadeps to /tmp/jl_C49psu
Bert-multi_cased_L-12_H-768_A-12: Error During Test at /home/pkgeval/.julia/packages/Transformers/SJBys/test/test_pretrain.jl:31
  Got exception outside of a @test
  AssertionError: gcode !== nothing
  Stacktrace:
   [1] download_gdrive(::String, ::String) at /home/pkgeval/.julia/packages/Transformers/SJBys/src/datasets/download_utils.jl:59
   [2] run_fetch at /home/pkgeval/.julia/packages/DataDeps/ai3FE/src/resolution_automatic.jl:99 [inlined]
   [3] #download#13(::String, ::Nothing, ::Bool, ::typeof(download), ::DataDep{String,String,typeof(Transformers.Datasets.download_gdrive),typeof(identity)}, ::String) at /home/pkgeval/.julia/packages/DataDeps/ai3FE/src/resolution_automatic.jl:78
   [4] download at /home/pkgeval/.julia/packages/DataDeps/ai3FE/src/resolution_automatic.jl:70 [inlined]
   [5] handle_missing at /home/pkgeval/.julia/packages/DataDeps/ai3FE/src/resolution_automatic.jl:10 [inlined]
   [6] _resolve(::DataDep{String,String,typeof(Transformers.Datasets.download_gdrive),typeof(identity)}, ::String) at /home/pkgeval/.julia/packages/DataDeps/ai3FE/src/resolution.jl:83
   [7] resolve(::DataDep{String,String,typeof(Transformers.Datasets.download_gdrive),typeof(identity)}, ::String, ::String) at /home/pkgeval/.julia/packages/DataDeps/ai3FE/src/resolution.jl:29
   [8] resolve(::String, ::String, ::String) at /home/pkgeval/.julia/packages/DataDeps/ai3FE/src/resolution.jl:54
   [9] resolve at /home/pkgeval/.julia/packages/DataDeps/ai3FE/src/resolution.jl:73 [inlined]
   [10] #29 at /workspace/srcdir/usr/share/julia/stdlib/v1.3/Test/src/Test.jl:629 [inlined]
   [11] redirect_stderr(::var"#29#37"{String}, ::IOStream) at ./stream.jl:1152
   [12] #28 at /workspace/srcdir/usr/share/julia/stdlib/v1.3/Test/src/Test.jl:628 [inlined]
   [13] #open#271(::Base.Iterators.Pairs{Union{},Union{},Tuple{},NamedTuple{(),Tuple{}}}, ::typeof(open), ::var"#28#36"{String}, ::String, ::Vararg{String,N} where N) at ./io.jl:298
   [14] open at ./io.jl:296 [inlined]
   [15] macro expansion at /workspace/srcdir/usr/share/julia/stdlib/v1.3/Test/src/Test.jl:627 [inlined]
   [16] macro expansion at /home/pkgeval/.julia/packages/Transformers/SJBys/test/test_pretrain.jl:53 [inlined]
   [17] macro expansion at /workspace/srcdir/usr/share/julia/stdlib/v1.3/Test/src/Test.jl:1107 [inlined]
   [18] (::var"#27#35"{String})() at /home/pkgeval/.julia/packages/Transformers/SJBys/test/test_pretrain.jl:50
   [19] #22 at /home/pkgeval/.julia/packages/Transformers/SJBys/test/test_pretrain.jl:11 [inlined]
   [20] withenv(::var"#22#23"{var"#27#35"{String}}, ::Pair{String,String}) at ./env.jl:161
   [21] tempdatadeps(::var"#27#35"{String}) at /home/pkgeval/.julia/packages/Transformers/SJBys/test/test_pretrain.jl:10
   [22] top-level scope at /home/pkgeval/.julia/packages/Transformers/SJBys/test/test_pretrain.jl:30
   [23] top-level scope at /workspace/srcdir/usr/share/julia/stdlib/v1.3/Test/src/Test.jl:1107
   [24] top-level scope at /home/pkgeval/.julia/packages/Transformers/SJBys/test/test_pretrain.jl:37
   [25] include at ./boot.jl:328 [inlined]
   [26] include_relative(::Module, ::String) at ./loading.jl:1105
   [27] include(::Module, ::String) at ./Base.jl:31
   [28] include(::String) at ./client.jl:424
   [29] top-level scope at /home/pkgeval/.julia/packages/Transformers/SJBys/test/runtests.jl:31
   [30] top-level scope at /workspace/srcdir/usr/share/julia/stdlib/v1.3/Test/src/Test.jl:1107
   [31] top-level scope at /home/pkgeval/.julia/packages/Transformers/SJBys/test/runtests.jl:23
   [32] include at ./boot.jl:328 [inlined]
   [33] include_relative(::Module, ::String) at ./loading.jl:1105
   [34] include(::Module, ::String) at ./Base.jl:31
   [35] include(::String) at ./client.jl:424
   [36] top-level scope at none:6
   [37] eval(::Module, ::Any) at ./boot.jl:330
   [38] exec_options(::Base.JLOptions) at ./client.jl:263
   [39] _start() at ./client.jl:460
  
[ Info: removing /tmp/jl_C49psu
[ Info: sending all datadeps to /tmp/jl_aDy8uL
Bert-wwm_uncased_L-24_H-1024_A-16: Error During Test at /home/pkgeval/.julia/packages/Transformers/SJBys/test/test_pretrain.jl:31
  Got exception outside of a @test
  AssertionError: gcode !== nothing
  Stacktrace:
   [1] download_gdrive(::String, ::String) at /home/pkgeval/.julia/packages/Transformers/SJBys/src/datasets/download_utils.jl:59
   [2] run_fetch at /home/pkgeval/.julia/packages/DataDeps/ai3FE/src/resolution_automatic.jl:99 [inlined]
   [3] #download#13(::String, ::Nothing, ::Bool, ::typeof(download), ::DataDep{String,String,typeof(Transformers.Datasets.download_gdrive),typeof(identity)}, ::String) at /home/pkgeval/.julia/packages/DataDeps/ai3FE/src/resolution_automatic.jl:78
   [4] download at /home/pkgeval/.julia/packages/DataDeps/ai3FE/src/resolution_automatic.jl:70 [inlined]
   [5] handle_missing at /home/pkgeval/.julia/packages/DataDeps/ai3FE/src/resolution_automatic.jl:10 [inlined]
   [6] _resolve(::DataDep{String,String,typeof(Transformers.Datasets.download_gdrive),typeof(identity)}, ::String) at /home/pkgeval/.julia/packages/DataDeps/ai3FE/src/resolution.jl:83
   [7] resolve(::DataDep{String,String,typeof(Transformers.Datasets.download_gdrive),typeof(identity)}, ::String, ::String) at /home/pkgeval/.julia/packages/DataDeps/ai3FE/src/resolution.jl:29
   [8] resolve(::String, ::String, ::String) at /home/pkgeval/.julia/packages/DataDeps/ai3FE/src/resolution.jl:54
   [9] resolve at /home/pkgeval/.julia/packages/DataDeps/ai3FE/src/resolution.jl:73 [inlined]
   [10] #29 at /workspace/srcdir/usr/share/julia/stdlib/v1.3/Test/src/Test.jl:629 [inlined]
   [11] redirect_stderr(::var"#29#37"{String}, ::IOStream) at ./stream.jl:1152
   [12] #28 at /workspace/srcdir/usr/share/julia/stdlib/v1.3/Test/src/Test.jl:628 [inlined]
   [13] #open#271(::Base.Iterators.Pairs{Union{},Union{},Tuple{},NamedTuple{(),Tuple{}}}, ::typeof(open), ::var"#28#36"{String}, ::String, ::Vararg{String,N} where N) at ./io.jl:298
   [14] open at ./io.jl:296 [inlined]
   [15] macro expansion at /workspace/srcdir/usr/share/julia/stdlib/v1.3/Test/src/Test.jl:627 [inlined]
   [16] macro expansion at /home/pkgeval/.julia/packages/Transformers/SJBys/test/test_pretrain.jl:53 [inlined]
   [17] macro expansion at /workspace/srcdir/usr/share/julia/stdlib/v1.3/Test/src/Test.jl:1107 [inlined]
   [18] (::var"#27#35"{String})() at /home/pkgeval/.julia/packages/Transformers/SJBys/test/test_pretrain.jl:50
   [19] #22 at /home/pkgeval/.julia/packages/Transformers/SJBys/test/test_pretrain.jl:11 [inlined]
   [20] withenv(::var"#22#23"{var"#27#35"{String}}, ::Pair{String,String}) at ./env.jl:161
   [21] tempdatadeps(::var"#27#35"{String}) at /home/pkgeval/.julia/packages/Transformers/SJBys/test/test_pretrain.jl:10
   [22] top-level scope at /home/pkgeval/.julia/packages/Transformers/SJBys/test/test_pretrain.jl:30
   [23] top-level scope at /workspace/srcdir/usr/share/julia/stdlib/v1.3/Test/src/Test.jl:1107
   [24] top-level scope at /home/pkgeval/.julia/packages/Transformers/SJBys/test/test_pretrain.jl:37
   [25] include at ./boot.jl:328 [inlined]
   [26] include_relative(::Module, ::String) at ./loading.jl:1105
   [27] include(::Module, ::String) at ./Base.jl:31
   [28] include(::String) at ./client.jl:424
   [29] top-level scope at /home/pkgeval/.julia/packages/Transformers/SJBys/test/runtests.jl:31
   [30] top-level scope at /workspace/srcdir/usr/share/julia/stdlib/v1.3/Test/src/Test.jl:1107
   [31] top-level scope at /home/pkgeval/.julia/packages/Transformers/SJBys/test/runtests.jl:23
   [32] include at ./boot.jl:328 [inlined]
   [33] include_relative(::Module, ::String) at ./loading.jl:1105
   [34] include(::Module, ::String) at ./Base.jl:31
   [35] include(::String) at ./client.jl:424
   [36] top-level scope at none:6
   [37] eval(::Module, ::Any) at ./boot.jl:330
   [38] exec_options(::Base.JLOptions) at ./client.jl:263
   [39] _start() at ./client.jl:460
  
[ Info: removing /tmp/jl_aDy8uL
[ Info: sending all datadeps to /tmp/jl_Ybek84
Bert-multilingual_L-12_H-768_A-12: Error During Test at /home/pkgeval/.julia/packages/Transformers/SJBys/test/test_pretrain.jl:31
  Got exception outside of a @test
  AssertionError: gcode !== nothing
  Stacktrace:
   [1] download_gdrive(::String, ::String) at /home/pkgeval/.julia/packages/Transformers/SJBys/src/datasets/download_utils.jl:59
   [2] run_fetch at /home/pkgeval/.julia/packages/DataDeps/ai3FE/src/resolution_automatic.jl:99 [inlined]
   [3] #download#13(::String, ::Nothing, ::Bool, ::typeof(download), ::DataDep{String,String,typeof(Transformers.Datasets.download_gdrive),typeof(identity)}, ::String) at /home/pkgeval/.julia/packages/DataDeps/ai3FE/src/resolution_automatic.jl:78
   [4] download at /home/pkgeval/.julia/packages/DataDeps/ai3FE/src/resolution_automatic.jl:70 [inlined]
   [5] handle_missing at /home/pkgeval/.julia/packages/DataDeps/ai3FE/src/resolution_automatic.jl:10 [inlined]
   [6] _resolve(::DataDep{String,String,typeof(Transformers.Datasets.download_gdrive),typeof(identity)}, ::String) at /home/pkgeval/.julia/packages/DataDeps/ai3FE/src/resolution.jl:83
   [7] resolve(::DataDep{String,String,typeof(Transformers.Datasets.download_gdrive),typeof(identity)}, ::String, ::String) at /home/pkgeval/.julia/packages/DataDeps/ai3FE/src/resolution.jl:29
   [8] resolve(::String, ::String, ::String) at /home/pkgeval/.julia/packages/DataDeps/ai3FE/src/resolution.jl:54
   [9] resolve at /home/pkgeval/.julia/packages/DataDeps/ai3FE/src/resolution.jl:73 [inlined]
   [10] #29 at /workspace/srcdir/usr/share/julia/stdlib/v1.3/Test/src/Test.jl:629 [inlined]
   [11] redirect_stderr(::var"#29#37"{String}, ::IOStream) at ./stream.jl:1152
   [12] #28 at /workspace/srcdir/usr/share/julia/stdlib/v1.3/Test/src/Test.jl:628 [inlined]
   [13] #open#271(::Base.Iterators.Pairs{Union{},Union{},Tuple{},NamedTuple{(),Tuple{}}}, ::typeof(open), ::var"#28#36"{String}, ::String, ::Vararg{String,N} where N) at ./io.jl:298
   [14] open at ./io.jl:296 [inlined]
   [15] macro expansion at /workspace/srcdir/usr/share/julia/stdlib/v1.3/Test/src/Test.jl:627 [inlined]
   [16] macro expansion at /home/pkgeval/.julia/packages/Transformers/SJBys/test/test_pretrain.jl:53 [inlined]
   [17] macro expansion at /workspace/srcdir/usr/share/julia/stdlib/v1.3/Test/src/Test.jl:1107 [inlined]
   [18] (::var"#27#35"{String})() at /home/pkgeval/.julia/packages/Transformers/SJBys/test/test_pretrain.jl:50
   [19] #22 at /home/pkgeval/.julia/packages/Transformers/SJBys/test/test_pretrain.jl:11 [inlined]
   [20] withenv(::var"#22#23"{var"#27#35"{String}}, ::Pair{String,String}) at ./env.jl:161
   [21] tempdatadeps(::var"#27#35"{String}) at /home/pkgeval/.julia/packages/Transformers/SJBys/test/test_pretrain.jl:10
   [22] top-level scope at /home/pkgeval/.julia/packages/Transformers/SJBys/test/test_pretrain.jl:30
   [23] top-level scope at /workspace/srcdir/usr/share/julia/stdlib/v1.3/Test/src/Test.jl:1107
   [24] top-level scope at /home/pkgeval/.julia/packages/Transformers/SJBys/test/test_pretrain.jl:37
   [25] include at ./boot.jl:328 [inlined]
   [26] include_relative(::Module, ::String) at ./loading.jl:1105
   [27] include(::Module, ::String) at ./Base.jl:31
   [28] include(::String) at ./client.jl:424
   [29] top-level scope at /home/pkgeval/.julia/packages/Transformers/SJBys/test/runtests.jl:31
   [30] top-level scope at /workspace/srcdir/usr/share/julia/stdlib/v1.3/Test/src/Test.jl:1107
   [31] top-level scope at /home/pkgeval/.julia/packages/Transformers/SJBys/test/runtests.jl:23
   [32] include at ./boot.jl:328 [inlined]
   [33] include_relative(::Module, ::String) at ./loading.jl:1105
   [34] include(::Module, ::String) at ./Base.jl:31
   [35] include(::String) at ./client.jl:424
   [36] top-level scope at none:6
   [37] eval(::Module, ::Any) at ./boot.jl:330
   [38] exec_options(::Base.JLOptions) at ./client.jl:263
   [39] _start() at ./client.jl:460
  
[ Info: removing /tmp/jl_Ybek84
[ Info: sending all datadeps to /tmp/jl_kKL9sr
Bert-chinese_L-12_H-768_A-12: Error During Test at /home/pkgeval/.julia/packages/Transformers/SJBys/test/test_pretrain.jl:31
  Got exception outside of a @test
  AssertionError: gcode !== nothing
  Stacktrace:
   [1] download_gdrive(::String, ::String) at /home/pkgeval/.julia/packages/Transformers/SJBys/src/datasets/download_utils.jl:59
   [2] run_fetch at /home/pkgeval/.julia/packages/DataDeps/ai3FE/src/resolution_automatic.jl:99 [inlined]
   [3] #download#13(::String, ::Nothing, ::Bool, ::typeof(download), ::DataDep{String,String,typeof(Transformers.Datasets.download_gdrive),typeof(identity)}, ::String) at /home/pkgeval/.julia/packages/DataDeps/ai3FE/src/resolution_automatic.jl:78
   [4] download at /home/pkgeval/.julia/packages/DataDeps/ai3FE/src/resolution_automatic.jl:70 [inlined]
   [5] handle_missing at /home/pkgeval/.julia/packages/DataDeps/ai3FE/src/resolution_automatic.jl:10 [inlined]
   [6] _resolve(::DataDep{String,String,typeof(Transformers.Datasets.download_gdrive),typeof(identity)}, ::String) at /home/pkgeval/.julia/packages/DataDeps/ai3FE/src/resolution.jl:83
   [7] resolve(::DataDep{String,String,typeof(Transformers.Datasets.download_gdrive),typeof(identity)}, ::String, ::String) at /home/pkgeval/.julia/packages/DataDeps/ai3FE/src/resolution.jl:29
   [8] resolve(::String, ::String, ::String) at /home/pkgeval/.julia/packages/DataDeps/ai3FE/src/resolution.jl:54
   [9] resolve at /home/pkgeval/.julia/packages/DataDeps/ai3FE/src/resolution.jl:73 [inlined]
   [10] #29 at /workspace/srcdir/usr/share/julia/stdlib/v1.3/Test/src/Test.jl:629 [inlined]
   [11] redirect_stderr(::var"#29#37"{String}, ::IOStream) at ./stream.jl:1152
   [12] #28 at /workspace/srcdir/usr/share/julia/stdlib/v1.3/Test/src/Test.jl:628 [inlined]
   [13] #open#271(::Base.Iterators.Pairs{Union{},Union{},Tuple{},NamedTuple{(),Tuple{}}}, ::typeof(open), ::var"#28#36"{String}, ::String, ::Vararg{String,N} where N) at ./io.jl:298
   [14] open at ./io.jl:296 [inlined]
   [15] macro expansion at /workspace/srcdir/usr/share/julia/stdlib/v1.3/Test/src/Test.jl:627 [inlined]
   [16] macro expansion at /home/pkgeval/.julia/packages/Transformers/SJBys/test/test_pretrain.jl:53 [inlined]
   [17] macro expansion at /workspace/srcdir/usr/share/julia/stdlib/v1.3/Test/src/Test.jl:1107 [inlined]
   [18] (::var"#27#35"{String})() at /home/pkgeval/.julia/packages/Transformers/SJBys/test/test_pretrain.jl:50
   [19] #22 at /home/pkgeval/.julia/packages/Transformers/SJBys/test/test_pretrain.jl:11 [inlined]
   [20] withenv(::var"#22#23"{var"#27#35"{String}}, ::Pair{String,String}) at ./env.jl:161
   [21] tempdatadeps(::var"#27#35"{String}) at /home/pkgeval/.julia/packages/Transformers/SJBys/test/test_pretrain.jl:10
   [22] top-level scope at /home/pkgeval/.julia/packages/Transformers/SJBys/test/test_pretrain.jl:30
   [23] top-level scope at /workspace/srcdir/usr/share/julia/stdlib/v1.3/Test/src/Test.jl:1107
   [24] top-level scope at /home/pkgeval/.julia/packages/Transformers/SJBys/test/test_pretrain.jl:37
   [25] include at ./boot.jl:328 [inlined]
   [26] include_relative(::Module, ::String) at ./loading.jl:1105
   [27] include(::Module, ::String) at ./Base.jl:31
   [28] include(::String) at ./client.jl:424
   [29] top-level scope at /home/pkgeval/.julia/packages/Transformers/SJBys/test/runtests.jl:31
   [30] top-level scope at /workspace/srcdir/usr/share/julia/stdlib/v1.3/Test/src/Test.jl:1107
   [31] top-level scope at /home/pkgeval/.julia/packages/Transformers/SJBys/test/runtests.jl:23
   [32] include at ./boot.jl:328 [inlined]
   [33] include_relative(::Module, ::String) at ./loading.jl:1105
   [34] include(::Module, ::String) at ./Base.jl:31
   [35] include(::String) at ./client.jl:424
   [36] top-level scope at none:6
   [37] eval(::Module, ::Any) at ./boot.jl:330
   [38] exec_options(::Base.JLOptions) at ./client.jl:263
   [39] _start() at ./client.jl:460
  
[ Info: removing /tmp/jl_kKL9sr
[ Info: sending all datadeps to /tmp/jl_63GN9P
Bert-cased_L-24_H-1024_A-16: Error During Test at /home/pkgeval/.julia/packages/Transformers/SJBys/test/test_pretrain.jl:31
  Got exception outside of a @test
  AssertionError: gcode !== nothing
  Stacktrace:
   [1] download_gdrive(::String, ::String) at /home/pkgeval/.julia/packages/Transformers/SJBys/src/datasets/download_utils.jl:59
   [2] run_fetch at /home/pkgeval/.julia/packages/DataDeps/ai3FE/src/resolution_automatic.jl:99 [inlined]
   [3] #download#13(::String, ::Nothing, ::Bool, ::typeof(download), ::DataDep{String,String,typeof(Transformers.Datasets.download_gdrive),typeof(identity)}, ::String) at /home/pkgeval/.julia/packages/DataDeps/ai3FE/src/resolution_automatic.jl:78
   [4] download at /home/pkgeval/.julia/packages/DataDeps/ai3FE/src/resolution_automatic.jl:70 [inlined]
   [5] handle_missing at /home/pkgeval/.julia/packages/DataDeps/ai3FE/src/resolution_automatic.jl:10 [inlined]
   [6] _resolve(::DataDep{String,String,typeof(Transformers.Datasets.download_gdrive),typeof(identity)}, ::String) at /home/pkgeval/.julia/packages/DataDeps/ai3FE/src/resolution.jl:83
   [7] resolve(::DataDep{String,String,typeof(Transformers.Datasets.download_gdrive),typeof(identity)}, ::String, ::String) at /home/pkgeval/.julia/packages/DataDeps/ai3FE/src/resolution.jl:29
   [8] resolve(::String, ::String, ::String) at /home/pkgeval/.julia/packages/DataDeps/ai3FE/src/resolution.jl:54
   [9] resolve at /home/pkgeval/.julia/packages/DataDeps/ai3FE/src/resolution.jl:73 [inlined]
   [10] #29 at /workspace/srcdir/usr/share/julia/stdlib/v1.3/Test/src/Test.jl:629 [inlined]
   [11] redirect_stderr(::var"#29#37"{String}, ::IOStream) at ./stream.jl:1152
   [12] #28 at /workspace/srcdir/usr/share/julia/stdlib/v1.3/Test/src/Test.jl:628 [inlined]
   [13] #open#271(::Base.Iterators.Pairs{Union{},Union{},Tuple{},NamedTuple{(),Tuple{}}}, ::typeof(open), ::var"#28#36"{String}, ::String, ::Vararg{String,N} where N) at ./io.jl:298
   [14] open at ./io.jl:296 [inlined]
   [15] macro expansion at /workspace/srcdir/usr/share/julia/stdlib/v1.3/Test/src/Test.jl:627 [inlined]
   [16] macro expansion at /home/pkgeval/.julia/packages/Transformers/SJBys/test/test_pretrain.jl:53 [inlined]
   [17] macro expansion at /workspace/srcdir/usr/share/julia/stdlib/v1.3/Test/src/Test.jl:1107 [inlined]
   [18] (::var"#27#35"{String})() at /home/pkgeval/.julia/packages/Transformers/SJBys/test/test_pretrain.jl:50
   [19] #22 at /home/pkgeval/.julia/packages/Transformers/SJBys/test/test_pretrain.jl:11 [inlined]
   [20] withenv(::var"#22#23"{var"#27#35"{String}}, ::Pair{String,String}) at ./env.jl:161
   [21] tempdatadeps(::var"#27#35"{String}) at /home/pkgeval/.julia/packages/Transformers/SJBys/test/test_pretrain.jl:10
   [22] top-level scope at /home/pkgeval/.julia/packages/Transformers/SJBys/test/test_pretrain.jl:30
   [23] top-level scope at /workspace/srcdir/usr/share/julia/stdlib/v1.3/Test/src/Test.jl:1107
   [24] top-level scope at /home/pkgeval/.julia/packages/Transformers/SJBys/test/test_pretrain.jl:37
   [25] include at ./boot.jl:328 [inlined]
   [26] include_relative(::Module, ::String) at ./loading.jl:1105
   [27] include(::Module, ::String) at ./Base.jl:31
   [28] include(::String) at ./client.jl:424
   [29] top-level scope at /home/pkgeval/.julia/packages/Transformers/SJBys/test/runtests.jl:31
   [30] top-level scope at /workspace/srcdir/usr/share/julia/stdlib/v1.3/Test/src/Test.jl:1107
   [31] top-level scope at /home/pkgeval/.julia/packages/Transformers/SJBys/test/runtests.jl:23
   [32] include at ./boot.jl:328 [inlined]
   [33] include_relative(::Module, ::String) at ./loading.jl:1105
   [34] include(::Module, ::String) at ./Base.jl:31
   [35] include(::String) at ./client.jl:424
   [36] top-level scope at none:6
   [37] eval(::Module, ::Any) at ./boot.jl:330
   [38] exec_options(::Base.JLOptions) at ./client.jl:263
   [39] _start() at ./client.jl:460
  
[ Info: removing /tmp/jl_63GN9P
[ Info: sending all datadeps to /tmp/jl_qMhKph
Bert-uncased_L-24_H-1024_A-16: Error During Test at /home/pkgeval/.julia/packages/Transformers/SJBys/test/test_pretrain.jl:31
  Got exception outside of a @test
  AssertionError: gcode !== nothing
  Stacktrace:
   [1] download_gdrive(::String, ::String) at /home/pkgeval/.julia/packages/Transformers/SJBys/src/datasets/download_utils.jl:59
   [2] run_fetch at /home/pkgeval/.julia/packages/DataDeps/ai3FE/src/resolution_automatic.jl:99 [inlined]
   [3] #download#13(::String, ::Nothing, ::Bool, ::typeof(download), ::DataDep{String,String,typeof(Transformers.Datasets.download_gdrive),typeof(identity)}, ::String) at /home/pkgeval/.julia/packages/DataDeps/ai3FE/src/resolution_automatic.jl:78
   [4] download at /home/pkgeval/.julia/packages/DataDeps/ai3FE/src/resolution_automatic.jl:70 [inlined]
   [5] handle_missing at /home/pkgeval/.julia/packages/DataDeps/ai3FE/src/resolution_automatic.jl:10 [inlined]
   [6] _resolve(::DataDep{String,String,typeof(Transformers.Datasets.download_gdrive),typeof(identity)}, ::String) at /home/pkgeval/.julia/packages/DataDeps/ai3FE/src/resolution.jl:83
   [7] resolve(::DataDep{String,String,typeof(Transformers.Datasets.download_gdrive),typeof(identity)}, ::String, ::String) at /home/pkgeval/.julia/packages/DataDeps/ai3FE/src/resolution.jl:29
   [8] resolve(::String, ::String, ::String) at /home/pkgeval/.julia/packages/DataDeps/ai3FE/src/resolution.jl:54
   [9] resolve at /home/pkgeval/.julia/packages/DataDeps/ai3FE/src/resolution.jl:73 [inlined]
   [10] #29 at /workspace/srcdir/usr/share/julia/stdlib/v1.3/Test/src/Test.jl:629 [inlined]
   [11] redirect_stderr(::var"#29#37"{String}, ::IOStream) at ./stream.jl:1152
   [12] #28 at /workspace/srcdir/usr/share/julia/stdlib/v1.3/Test/src/Test.jl:628 [inlined]
   [13] #open#271(::Base.Iterators.Pairs{Union{},Union{},Tuple{},NamedTuple{(),Tuple{}}}, ::typeof(open), ::var"#28#36"{String}, ::String, ::Vararg{String,N} where N) at ./io.jl:298
   [14] open at ./io.jl:296 [inlined]
   [15] macro expansion at /workspace/srcdir/usr/share/julia/stdlib/v1.3/Test/src/Test.jl:627 [inlined]
   [16] macro expansion at /home/pkgeval/.julia/packages/Transformers/SJBys/test/test_pretrain.jl:53 [inlined]
   [17] macro expansion at /workspace/srcdir/usr/share/julia/stdlib/v1.3/Test/src/Test.jl:1107 [inlined]
   [18] (::var"#27#35"{String})() at /home/pkgeval/.julia/packages/Transformers/SJBys/test/test_pretrain.jl:50
   [19] #22 at /home/pkgeval/.julia/packages/Transformers/SJBys/test/test_pretrain.jl:11 [inlined]
   [20] withenv(::var"#22#23"{var"#27#35"{String}}, ::Pair{String,String}) at ./env.jl:161
   [21] tempdatadeps(::var"#27#35"{String}) at /home/pkgeval/.julia/packages/Transformers/SJBys/test/test_pretrain.jl:10
   [22] top-level scope at /home/pkgeval/.julia/packages/Transformers/SJBys/test/test_pretrain.jl:30
   [23] top-level scope at /workspace/srcdir/usr/share/julia/stdlib/v1.3/Test/src/Test.jl:1107
   [24] top-level scope at /home/pkgeval/.julia/packages/Transformers/SJBys/test/test_pretrain.jl:37
   [25] include at ./boot.jl:328 [inlined]
   [26] include_relative(::Module, ::String) at ./loading.jl:1105
   [27] include(::Module, ::String) at ./Base.jl:31
   [28] include(::String) at ./client.jl:424
   [29] top-level scope at /home/pkgeval/.julia/packages/Transformers/SJBys/test/runtests.jl:31
   [30] top-level scope at /workspace/srcdir/usr/share/julia/stdlib/v1.3/Test/src/Test.jl:1107
   [31] top-level scope at /home/pkgeval/.julia/packages/Transformers/SJBys/test/runtests.jl:23
   [32] include at ./boot.jl:328 [inlined]
   [33] include_relative(::Module, ::String) at ./loading.jl:1105
   [34] include(::Module, ::String) at ./Base.jl:31
   [35] include(::String) at ./client.jl:424
   [36] top-level scope at none:6
   [37] eval(::Module, ::Any) at ./boot.jl:330
   [38] exec_options(::Base.JLOptions) at ./client.jl:263
   [39] _start() at ./client.jl:460
  
[ Info: removing /tmp/jl_qMhKph
Test Summary:                         | Pass  Error  Total
Transformers                          |  111      9    120
  Transformer                         |   11            11
  NNTopo                              |    9             9
  Embed                               |   35            35
  Basic                               |    2             2
  Gpt                                 |   10            10
  Bert                                |   42            42
  Pretrain                            |    2      9     11
    GPT-OpenAIftlm                    |           1      1
    Bert-cased_L-12_H-768_A-12        |    1             1
    Bert-wwm_cased_L-24_H-1024_A-16   |           1      1
    Bert-uncased_L-12_H-768_A-12      |           1      1
    Bert-multi_cased_L-12_H-768_A-12  |           1      1
    Bert-wwm_uncased_L-24_H-1024_A-16 |           1      1
    Bert-multilingual_L-12_H-768_A-12 |           1      1
    Bert-chinese_L-12_H-768_A-12      |           1      1
    Bert-cased_L-24_H-1024_A-16       |           1      1
    Bert-uncased_L-24_H-1024_A-16     |           1      1
ERROR: LoadError: Some tests did not pass: 111 passed, 0 failed, 9 errored, 0 broken.
in expression starting at /home/pkgeval/.julia/packages/Transformers/SJBys/test/runtests.jl:22
ERROR: Package Transformers errored during testing
Stacktrace:
 [1] pkgerror(::String, ::Vararg{String,N} where N) at /workspace/srcdir/usr/share/julia/stdlib/v1.3/Pkg/src/Types.jl:113
 [2] #test#131(::Bool, ::Nothing, ::Cmd, ::Cmd, ::typeof(Pkg.Operations.test), ::Pkg.Types.Context, ::Array{Pkg.Types.PackageSpec,1}) at /workspace/srcdir/usr/share/julia/stdlib/v1.3/Pkg/src/Operations.jl:1372
 [3] #test at ./none:0 [inlined]
 [4] #test#62(::Bool, ::Nothing, ::Cmd, ::Cmd, ::Base.Iterators.Pairs{Union{},Union{},Tuple{},NamedTuple{(),Tuple{}}}, ::typeof(Pkg.API.test), ::Pkg.Types.Context, ::Array{Pkg.Types.PackageSpec,1}) at /workspace/srcdir/usr/share/julia/stdlib/v1.3/Pkg/src/API.jl:253
 [5] test(::Pkg.Types.Context, ::Array{Pkg.Types.PackageSpec,1}) at /workspace/srcdir/usr/share/julia/stdlib/v1.3/Pkg/src/API.jl:239
 [6] #test#61 at /workspace/srcdir/usr/share/julia/stdlib/v1.3/Pkg/src/API.jl:233 [inlined]
 [7] test at /workspace/srcdir/usr/share/julia/stdlib/v1.3/Pkg/src/API.jl:233 [inlined]
 [8] #test#60 at /workspace/srcdir/usr/share/julia/stdlib/v1.3/Pkg/src/API.jl:232 [inlined]
 [9] test at /workspace/srcdir/usr/share/julia/stdlib/v1.3/Pkg/src/API.jl:232 [inlined]
 [10] #test#59(::Base.Iterators.Pairs{Union{},Union{},Tuple{},NamedTuple{(),Tuple{}}}, ::typeof(Pkg.API.test), ::String) at /workspace/srcdir/usr/share/julia/stdlib/v1.3/Pkg/src/API.jl:231
 [11] test(::String) at /workspace/srcdir/usr/share/julia/stdlib/v1.3/Pkg/src/API.jl:231
 [12] top-level scope at none:13
