Julia Version 1.5.0-DEV.662
Commit ac82513795 (2020-04-22 15:15 UTC)
Platform Info:
  OS: Linux (x86_64-pc-linux-gnu)
  CPU: Intel(R) Xeon(R) Silver 4114 CPU @ 2.20GHz
  WORD_SIZE: 64
  LIBM: libopenlibm
  LLVM: libLLVM-9.0.1 (ORCJIT, skylake)
Environment:
  JULIA_DEPOT_PATH = ::/usr/local/share/julia
  JULIA_NUM_THREADS = 2

  Resolving package versions...
  Installed Adapt â”€â”€â”€â”€â”€â”€â”€â”€â”€â”€â”€â”€â”€â”€ v1.0.1
  Installed SortingAlgorithms â”€â”€ v0.3.1
  Installed AbstractFFTs â”€â”€â”€â”€â”€â”€â”€ v0.5.0
  Installed CUDAapi â”€â”€â”€â”€â”€â”€â”€â”€â”€â”€â”€â”€ v3.1.0
  Installed FillArrays â”€â”€â”€â”€â”€â”€â”€â”€â”€ v0.8.7
  Installed FixedEffects â”€â”€â”€â”€â”€â”€â”€ v0.7.2
  Installed BinaryProvider â”€â”€â”€â”€â”€ v0.5.8
  Installed LLVM â”€â”€â”€â”€â”€â”€â”€â”€â”€â”€â”€â”€â”€â”€â”€ v1.3.4
  Installed MacroTools â”€â”€â”€â”€â”€â”€â”€â”€â”€ v0.5.5
  Installed TimerOutputs â”€â”€â”€â”€â”€â”€â”€ v0.5.5
  Installed Parsers â”€â”€â”€â”€â”€â”€â”€â”€â”€â”€â”€â”€ v1.0.2
  Installed GPUArrays â”€â”€â”€â”€â”€â”€â”€â”€â”€â”€ v2.0.1
  Installed CategoricalArrays â”€â”€ v0.8.0
  Installed JSON â”€â”€â”€â”€â”€â”€â”€â”€â”€â”€â”€â”€â”€â”€â”€ v0.21.0
  Installed CuArrays â”€â”€â”€â”€â”€â”€â”€â”€â”€â”€â”€ v1.7.3
  Installed StatsBase â”€â”€â”€â”€â”€â”€â”€â”€â”€â”€ v0.33.0
  Installed NNlib â”€â”€â”€â”€â”€â”€â”€â”€â”€â”€â”€â”€â”€â”€ v0.6.6
  Installed DataAPI â”€â”€â”€â”€â”€â”€â”€â”€â”€â”€â”€â”€ v1.2.0
  Installed Reexport â”€â”€â”€â”€â”€â”€â”€â”€â”€â”€â”€ v0.2.0
  Installed CEnum â”€â”€â”€â”€â”€â”€â”€â”€â”€â”€â”€â”€â”€â”€ v0.2.0
  Installed Requires â”€â”€â”€â”€â”€â”€â”€â”€â”€â”€â”€ v1.0.1
  Installed Missings â”€â”€â”€â”€â”€â”€â”€â”€â”€â”€â”€ v0.4.3
  Installed CUDAdrv â”€â”€â”€â”€â”€â”€â”€â”€â”€â”€â”€â”€ v6.0.0
  Installed DataStructures â”€â”€â”€â”€â”€ v0.17.13
  Installed OrderedCollections â”€ v1.1.0
  Installed CUDAnative â”€â”€â”€â”€â”€â”€â”€â”€â”€ v2.10.2
Updating `~/.julia/environments/v1.5/Project.toml`
  [c8885935] + FixedEffects v0.7.2
Updating `~/.julia/environments/v1.5/Manifest.toml`
  [621f4979] + AbstractFFTs v0.5.0
  [79e6a3ab] + Adapt v1.0.1
  [b99e7846] + BinaryProvider v0.5.8
  [fa961155] + CEnum v0.2.0
  [3895d2a7] + CUDAapi v3.1.0
  [c5f51814] + CUDAdrv v6.0.0
  [be33ccc6] + CUDAnative v2.10.2
  [324d7699] + CategoricalArrays v0.8.0
  [3a865a2d] + CuArrays v1.7.3
  [9a962f9c] + DataAPI v1.2.0
  [864edb3b] + DataStructures v0.17.13
  [1a297f60] + FillArrays v0.8.7
  [c8885935] + FixedEffects v0.7.2
  [0c68f7d7] + GPUArrays v2.0.1
  [682c06a0] + JSON v0.21.0
  [929cbde3] + LLVM v1.3.4
  [1914dd2f] + MacroTools v0.5.5
  [e1d29d7a] + Missings v0.4.3
  [872c559c] + NNlib v0.6.6
  [bac558e1] + OrderedCollections v1.1.0
  [69de0a69] + Parsers v1.0.2
  [189a3867] + Reexport v0.2.0
  [ae029012] + Requires v1.0.1
  [a2af1166] + SortingAlgorithms v0.3.1
  [2913bbd2] + StatsBase v0.33.0
  [a759f4b9] + TimerOutputs v0.5.5
  [2a0f44e3] + Base64
  [ade2ca70] + Dates
  [8ba89e20] + Distributed
  [9fa8497b] + Future
  [b77e0a4c] + InteractiveUtils
  [76f85450] + LibGit2
  [8f399da3] + Libdl
  [37e2e46d] + LinearAlgebra
  [56ddb016] + Logging
  [d6f4376e] + Markdown
  [a63ad114] + Mmap
  [44cfe95a] + Pkg
  [de0858da] + Printf
  [3fa0cd96] + REPL
  [9a3f8284] + Random
  [ea8e919c] + SHA
  [9e88b42a] + Serialization
  [6462fe0b] + Sockets
  [2f01184e] + SparseArrays
  [10745b16] + Statistics
  [8dfed614] + Test
  [cf7118a7] + UUIDs
  [4ec0a83e] + Unicode
   Building NNlib â†’ `~/.julia/packages/NNlib/FAI3o/deps/build.log`
    Testing FixedEffects
Status `/tmp/jl_f8GPsz/Project.toml`
  [3895d2a7] CUDAapi v3.1.0
  [324d7699] CategoricalArrays v0.8.0
  [3a865a2d] CuArrays v1.7.3
  [1a297f60] FillArrays v0.8.7
  [c8885935] FixedEffects v0.7.2
  [189a3867] Reexport v0.2.0
  [2913bbd2] StatsBase v0.33.0
  [8ba89e20] Distributed
  [37e2e46d] LinearAlgebra
  [8dfed614] Test
Status `/tmp/jl_f8GPsz/Manifest.toml`
  [621f4979] AbstractFFTs v0.5.0
  [79e6a3ab] Adapt v1.0.1
  [b99e7846] BinaryProvider v0.5.8
  [fa961155] CEnum v0.2.0
  [3895d2a7] CUDAapi v3.1.0
  [c5f51814] CUDAdrv v6.0.0
  [be33ccc6] CUDAnative v2.10.2
  [324d7699] CategoricalArrays v0.8.0
  [3a865a2d] CuArrays v1.7.3
  [9a962f9c] DataAPI v1.2.0
  [864edb3b] DataStructures v0.17.13
  [1a297f60] FillArrays v0.8.7
  [c8885935] FixedEffects v0.7.2
  [0c68f7d7] GPUArrays v2.0.1
  [682c06a0] JSON v0.21.0
  [929cbde3] LLVM v1.3.4
  [1914dd2f] MacroTools v0.5.5
  [e1d29d7a] Missings v0.4.3
  [872c559c] NNlib v0.6.6
  [bac558e1] OrderedCollections v1.1.0
  [69de0a69] Parsers v1.0.2
  [189a3867] Reexport v0.2.0
  [ae029012] Requires v1.0.1
  [a2af1166] SortingAlgorithms v0.3.1
  [2913bbd2] StatsBase v0.33.0
  [a759f4b9] TimerOutputs v0.5.5
  [2a0f44e3] Base64
  [ade2ca70] Dates
  [8ba89e20] Distributed
  [9fa8497b] Future
  [b77e0a4c] InteractiveUtils
  [76f85450] LibGit2
  [8f399da3] Libdl
  [37e2e46d] LinearAlgebra
  [56ddb016] Logging
  [d6f4376e] Markdown
  [a63ad114] Mmap
  [44cfe95a] Pkg
  [de0858da] Printf
  [3fa0cd96] REPL
  [9a3f8284] Random
  [ea8e919c] SHA
  [9e88b42a] Serialization
  [6462fe0b] Sockets
  [2f01184e] SparseArrays
  [10745b16] Statistics
  [8dfed614] Test
  [cf7118a7] UUIDs
  [4ec0a83e] Unicode
Running tests:
ERROR: LoadError: LoadError: LoadError: AssertionError: length(body.args) == 2
Stacktrace:
 [1] @checked(::LineNumberNode, ::Module, ::Any) at /home/pkgeval/.julia/packages/CUDAapi/wYUAO/src/call.jl:87
 [2] include(::Function, ::Module, ::String) at ./Base.jl:382
 [3] include at ./Base.jl:370 [inlined]
 [4] include(::String) at /home/pkgeval/.julia/packages/CUDAdrv/b1mvw/src/CUDAdrv.jl:1
 [5] top-level scope at /home/pkgeval/.julia/packages/CUDAdrv/b1mvw/src/CUDAdrv.jl:20
 [6] include(::Function, ::Module, ::String) at ./Base.jl:382
 [7] include(::Module, ::String) at ./Base.jl:370
 [8] top-level scope at none:2
 [9] eval at ./boot.jl:331 [inlined]
 [10] eval(::Expr) at ./client.jl:467
 [11] top-level scope at ./none:3
in expression starting at /home/pkgeval/.julia/packages/CUDAdrv/b1mvw/src/libcuda.jl:5
in expression starting at /home/pkgeval/.julia/packages/CUDAdrv/b1mvw/src/libcuda.jl:5
in expression starting at /home/pkgeval/.julia/packages/CUDAdrv/b1mvw/src/CUDAdrv.jl:20
ERROR: LoadError: Failed to precompile CUDAdrv [c5f51814-7f29-56b8-a69c-e4d8f6be1fde] to /home/pkgeval/.julia/compiled/v1.5/CUDAdrv/HMhfu_S8Go1.ji.
Stacktrace:
 [1] error(::String) at ./error.jl:33
 [2] compilecache(::Base.PkgId, ::String) at ./loading.jl:1289
 [3] _require(::Base.PkgId) at ./loading.jl:1029
 [4] require(::Base.PkgId) at ./loading.jl:927
 [5] require(::Module, ::Symbol) at ./loading.jl:922
 [6] include(::Function, ::Module, ::String) at ./Base.jl:382
 [7] include(::Module, ::String) at ./Base.jl:370
 [8] top-level scope at none:2
 [9] eval at ./boot.jl:331 [inlined]
 [10] eval(::Expr) at ./client.jl:467
 [11] top-level scope at ./none:3
in expression starting at /home/pkgeval/.julia/packages/CuArrays/A6GUx/src/CuArrays.jl:3
[ Info: CUDA is installed, but CuArrays.jl fails to load
â”Œ Warning: Assignment to `c` in soft scope is ambiguous because a global variable by the same name exists: `c` will be treated as a new local. Disambiguate by using `local c` to suppress this warning or `global c` to assign to the existing global variable.
â”” @ ~/.julia/packages/FixedEffects/6mQpx/test/solve.jl:36
â”Œ Warning: Assignment to `iter` in soft scope is ambiguous because a global variable by the same name exists: `iter` will be treated as a new local. Disambiguate by using `local iter` to suppress this warning or `global iter` to assign to the existing global variable.
â”” @ ~/.julia/packages/FixedEffects/6mQpx/test/solve.jl:36
â”Œ Warning: Assignment to `conv` in soft scope is ambiguous because a global variable by the same name exists: `conv` will be treated as a new local. Disambiguate by using `local conv` to suppress this warning or `global conv` to assign to the existing global variable.
â”” @ ~/.julia/packages/FixedEffects/6mQpx/test/solve.jl:36
â”Œ Warning: Assignment to `r` in soft scope is ambiguous because a global variable by the same name exists: `r` will be treated as a new local. Disambiguate by using `local r` to suppress this warning or `global r` to assign to the existing global variable.
â”” @ ~/.julia/packages/FixedEffects/6mQpx/test/solve.jl:38
cpu Float32
	[1m[32mPASSED[0m: solve.jl
Test Failed at /home/pkgeval/.julia/packages/FixedEffects/6mQpx/test/group.jl:8
  Expression: (group(v1)).refs == [1, 0, 1, 2]
   Evaluated: UInt32[0x00000002, 0x00000000, 0x00000002, 0x00000001] == [1, 0, 1, 2]
	[1m[31mFAILED[0m: group.jl
LoadError: There was an error during testing
in expression starting at /home/pkgeval/.julia/packages/FixedEffects/6mQpx/test/group.jl:8ERROR: LoadError: LoadError: There was an error during testing
in expression starting at /home/pkgeval/.julia/packages/FixedEffects/6mQpx/test/group.jl:8
in expression starting at /home/pkgeval/.julia/packages/FixedEffects/6mQpx/test/runtests.jl:5
ERROR: Package FixedEffects errored during testing
Stacktrace:
 [1] pkgerror(::String, ::Vararg{String,N} where N) at /buildworker/worker/package_linux64/build/usr/share/julia/stdlib/v1.5/Pkg/src/Types.jl:52
 [2] test(::Pkg.Types.Context, ::Array{Pkg.Types.PackageSpec,1}; coverage::Bool, julia_args::Cmd, test_args::Cmd, test_fn::Nothing) at /buildworker/worker/package_linux64/build/usr/share/julia/stdlib/v1.5/Pkg/src/Operations.jl:1516
 [3] test(::Pkg.Types.Context, ::Array{Pkg.Types.PackageSpec,1}; coverage::Bool, test_fn::Nothing, julia_args::Cmd, test_args::Cmd, kwargs::Base.Iterators.Pairs{Union{},Union{},Tuple{},NamedTuple{(),Tuple{}}}) at /buildworker/worker/package_linux64/build/usr/share/julia/stdlib/v1.5/Pkg/src/API.jl:316
 [4] test(::Pkg.Types.Context, ::Array{Pkg.Types.PackageSpec,1}) at /buildworker/worker/package_linux64/build/usr/share/julia/stdlib/v1.5/Pkg/src/API.jl:303
 [5] #test#68 at /buildworker/worker/package_linux64/build/usr/share/julia/stdlib/v1.5/Pkg/src/API.jl:297 [inlined]
 [6] test at /buildworker/worker/package_linux64/build/usr/share/julia/stdlib/v1.5/Pkg/src/API.jl:297 [inlined]
 [7] #test#67 at /buildworker/worker/package_linux64/build/usr/share/julia/stdlib/v1.5/Pkg/src/API.jl:296 [inlined]
 [8] test at /buildworker/worker/package_linux64/build/usr/share/julia/stdlib/v1.5/Pkg/src/API.jl:296 [inlined]
 [9] test(::String; kwargs::Base.Iterators.Pairs{Union{},Union{},Tuple{},NamedTuple{(),Tuple{}}}) at /buildworker/worker/package_linux64/build/usr/share/julia/stdlib/v1.5/Pkg/src/API.jl:295
 [10] test(::String) at /buildworker/worker/package_linux64/build/usr/share/julia/stdlib/v1.5/Pkg/src/API.jl:295
 [11] top-level scope at none:16
