Julia Version 1.6.0-DEV.878
Commit 08486888ba (2020-09-09 16:27 UTC)
Platform Info:
  OS: Linux (x86_64-pc-linux-gnu)
  CPU: Intel(R) Xeon(R) Silver 4114 CPU @ 2.20GHz
  WORD_SIZE: 64
  LIBM: libopenlibm
  LLVM: libLLVM-9.0.1 (ORCJIT, skylake-avx512)
Environment:
  JULIA_DEPOT_PATH = ::/usr/local/share/julia
  JULIA_NUM_THREADS = 2

  Resolving package versions...
[ Info: LEGAL NOTICE: package operations send anonymous data about your system to https://pkg.julialang.org (your current package server), including the operating system and Julia versions you are using, and a random client UUID. Running `Pkg.telemetryinfo()` will show exactly what data is sent. See https://julialang.org/legal/data/ for more details about what this data is used for, how long it is retained, and how to opt out of sending it.
  Installed Formatting â”€â”€â”€ v0.4.1
  Installed OffsetArrays â”€ v1.1.3
  Installed Scats â”€â”€â”€â”€â”€â”€â”€â”€ v0.2.2
Updating `~/.julia/environments/v1.6/Project.toml`
  [a40fd361] + Scats v0.2.2
Updating `~/.julia/environments/v1.6/Manifest.toml`
  [59287772] + Formatting v0.4.1
  [6fe1bfb0] + OffsetArrays v1.1.3
  [a40fd361] + Scats v0.2.2
  [2a0f44e3] + Base64
  [8ba89e20] + Distributed
  [b77e0a4c] + InteractiveUtils
  [56ddb016] + Logging
  [d6f4376e] + Markdown
  [de0858da] + Printf
  [9a3f8284] + Random
  [9e88b42a] + Serialization
  [6462fe0b] + Sockets
  [8dfed614] + Test
  [4ec0a83e] + Unicode
    Testing Scats
Status `/tmp/jl_4AoM4R/Project.toml`
  [59287772] Formatting v0.4.1
  [6fe1bfb0] OffsetArrays v1.1.3
  [a40fd361] Scats v0.2.2
  [9a3f8284] Random
  [8dfed614] Test
Status `/tmp/jl_4AoM4R/Manifest.toml`
  [59287772] Formatting v0.4.1
  [6fe1bfb0] OffsetArrays v1.1.3
  [a40fd361] Scats v0.2.2
  [2a0f44e3] Base64
  [8ba89e20] Distributed
  [b77e0a4c] InteractiveUtils
  [56ddb016] Logging
  [d6f4376e] Markdown
  [de0858da] Printf
  [9a3f8284] Random
  [9e88b42a] Serialization
  [6462fe0b] Sockets
  [8dfed614] Test
  [4ec0a83e] Unicode
    Testing Running tests...
[1;32mRUNNING TESTS[0m for Scats
[1;32mRUNNING[0m: input_test.jl
Check file status: Error During Test at /home/pkgeval/.julia/packages/Scats/I6AlW/test/input_test.jl:83
  Got exception outside of a @test
  MethodError: no method matching parse(::String)
  Closest candidates are:
    parse(!Matched::Type{Sockets.IPAddr}, !Matched::AbstractString) at /buildworker/worker/package_linux64/build/usr/share/julia/stdlib/v1.6/Sockets/src/IPAddr.jl:246
    parse(!Matched::Type{T}, !Matched::AbstractChar; base) where T<:Integer at parse.jl:40
    parse(!Matched::Type{T}, !Matched::AbstractString) where T<:Complex at parse.jl:381
    ...
  Stacktrace:
    [1] checkfmt(fmt::String)
      @ Formatting ~/.julia/packages/Formatting/LU9hd/src/cformat.jl:6
    [2] generate_formatter(fmt::String)
      @ Formatting ~/.julia/packages/Formatting/LU9hd/src/cformat.jl:17
    [3] sprintf1(fmt::String, x::Float64)
      @ Formatting ~/.julia/packages/Formatting/LU9hd/src/cformat.jl:3
    [4] println(io::IOStream, value::Float64)
      @ Scats.Internal.Extras ~/.julia/packages/Scats/I6AlW/src/Extras/extras_fmt.jl:26
    [5] macro expansion
      @ ~/.julia/packages/Scats/I6AlW/test/input_test.jl:109 [inlined]
    [6] macro expansion
      @ /buildworker/worker/package_linux64/build/usr/share/julia/stdlib/v1.6/Test/src/Test.jl:1113 [inlined]
    [7] top-level scope
      @ ~/.julia/packages/Scats/I6AlW/test/input_test.jl:85
    [8] include(fname::String)
      @ Base.MainInclude ./client.jl:444
    [9] top-level scope
      @ ~/.julia/packages/Scats/I6AlW/test/runtests.jl:24
   [10] include(fname::String)
      @ Base.MainInclude ./client.jl:444
   [11] top-level scope
      @ none:6
   [12] eval(m::Module, e::Any)
      @ Core ./boot.jl:345
   [13] exec_options(opts::Base.JLOptions)
      @ Base ./client.jl:261
   [14] _start()
      @ Base ./client.jl:485
Test Summary:     | Pass  Error  Total
Check file status |   12      1     13
[1;31mFAILED[0m: input_test.jl
LoadError: Some tests did not pass: 12 passed, 0 failed, 1 errored, 0 broken.
in expression starting at /home/pkgeval/.julia/packages/Scats/I6AlW/test/input_test.jl:5
[1;32mRUNNING[0m: result_test.jl
Test Summary:   | Pass  Total
Check resetting |   11     11
[1;32mPASSED[0m: result_test.jl
[1;32mRUNNING[0m: gen_test.jl
Check file status: Error During Test at /home/pkgeval/.julia/packages/Scats/I6AlW/test/gen_test.jl:87
  Got exception outside of a @test
  MethodError: no method matching parse(::String)
  Closest candidates are:
    parse(!Matched::Type{Sockets.IPAddr}, !Matched::AbstractString) at /buildworker/worker/package_linux64/build/usr/share/julia/stdlib/v1.6/Sockets/src/IPAddr.jl:246
    parse(!Matched::Type{T}, !Matched::AbstractChar; base) where T<:Integer at parse.jl:40
    parse(!Matched::Type{T}, !Matched::AbstractString) where T<:Complex at parse.jl:381
    ...
  Stacktrace:
    [1] checkfmt(fmt::String)
      @ Formatting ~/.julia/packages/Formatting/LU9hd/src/cformat.jl:6
    [2] generate_formatter(fmt::String)
      @ Formatting ~/.julia/packages/Formatting/LU9hd/src/cformat.jl:17
    [3] sprintf1(fmt::String, x::Float64)
      @ Formatting ~/.julia/packages/Formatting/LU9hd/src/cformat.jl:3
    [4] println(io::IOStream, value::Float64)
      @ Scats.Internal.Extras ~/.julia/packages/Scats/I6AlW/src/Extras/extras_fmt.jl:26
    [5] macro expansion
      @ ~/.julia/packages/Scats/I6AlW/test/gen_test.jl:113 [inlined]
    [6] macro expansion
      @ /buildworker/worker/package_linux64/build/usr/share/julia/stdlib/v1.6/Test/src/Test.jl:1113 [inlined]
    [7] top-level scope
      @ ~/.julia/packages/Scats/I6AlW/test/gen_test.jl:89
    [8] include(fname::String)
      @ Base.MainInclude ./client.jl:444
    [9] top-level scope
      @ ~/.julia/packages/Scats/I6AlW/test/runtests.jl:24
   [10] include(fname::String)
      @ Base.MainInclude ./client.jl:444
   [11] top-level scope
      @ none:6
   [12] eval(m::Module, e::Any)
      @ Core ./boot.jl:345
   [13] exec_options(opts::Base.JLOptions)
      @ Base ./client.jl:261
   [14] _start()
      @ Base ./client.jl:485
Test Summary:     | Pass  Error  Total
Check file status |   12      1     13
[1;31mFAILED[0m: gen_test.jl
LoadError: Some tests did not pass: 12 passed, 0 failed, 1 errored, 0 broken.
in expression starting at /home/pkgeval/.julia/packages/Scats/I6AlW/test/gen_test.jl:5
ERROR: LoadError: "Some tests have failed."
Stacktrace:
 [1] top-level scope
   @ ~/.julia/packages/Scats/I6AlW/test/runtests.jl:51
 [2] include(fname::String)
   @ Base.MainInclude ./client.jl:444
 [3] top-level scope
   @ none:6
in expression starting at /home/pkgeval/.julia/packages/Scats/I6AlW/test/runtests.jl:51
ERROR: Package Scats errored during testing
Stacktrace:
  [1] pkgerror(::String, ::Vararg{String, N} where N)
    @ Pkg.Types /buildworker/worker/package_linux64/build/usr/share/julia/stdlib/v1.6/Pkg/src/Types.jl:52
  [2] test(ctx::Pkg.Types.Context, pkgs::Vector{Pkg.Types.PackageSpec}; coverage::Bool, julia_args::Cmd, test_args::Cmd, test_fn::Nothing)
    @ Pkg.Operations /buildworker/worker/package_linux64/build/usr/share/julia/stdlib/v1.6/Pkg/src/Operations.jl:1580
  [3] test(ctx::Pkg.Types.Context, pkgs::Vector{Pkg.Types.PackageSpec}; coverage::Bool, test_fn::Nothing, julia_args::Cmd, test_args::Cmd, kwargs::Base.Iterators.Pairs{Union{}, Union{}, Tuple{}, NamedTuple{(), Tuple{}}})
    @ Pkg.API /buildworker/worker/package_linux64/build/usr/share/julia/stdlib/v1.6/Pkg/src/API.jl:328
  [4] test(ctx::Pkg.Types.Context, pkgs::Vector{Pkg.Types.PackageSpec})
    @ Pkg.API /buildworker/worker/package_linux64/build/usr/share/julia/stdlib/v1.6/Pkg/src/API.jl:315
  [5] #test#62
    @ /buildworker/worker/package_linux64/build/usr/share/julia/stdlib/v1.6/Pkg/src/API.jl:67 [inlined]
  [6] test
    @ /buildworker/worker/package_linux64/build/usr/share/julia/stdlib/v1.6/Pkg/src/API.jl:67 [inlined]
  [7] #test#61
    @ /buildworker/worker/package_linux64/build/usr/share/julia/stdlib/v1.6/Pkg/src/API.jl:66 [inlined]
  [8] test
    @ /buildworker/worker/package_linux64/build/usr/share/julia/stdlib/v1.6/Pkg/src/API.jl:66 [inlined]
  [9] test(pkg::String; kwargs::Base.Iterators.Pairs{Union{}, Union{}, Tuple{}, NamedTuple{(), Tuple{}}})
    @ Pkg.API /buildworker/worker/package_linux64/build/usr/share/julia/stdlib/v1.6/Pkg/src/API.jl:65
 [10] test(pkg::String)
    @ Pkg.API /buildworker/worker/package_linux64/build/usr/share/julia/stdlib/v1.6/Pkg/src/API.jl:65
 [11] top-level scope
    @ none:19
