Julia Version 1.3.2-pre.0
Commit 2e6715c045 (2019-12-31 00:49 UTC)
Platform Info:
  OS: Linux (x86_64-linux-gnu)
  CPU: Intel(R) Xeon(R) Silver 4114 CPU @ 2.20GHz
  WORD_SIZE: 64
  LIBM: libopenlibm
  LLVM: libLLVM-6.0.1 (ORCJIT, skylake)
Environment:
  JULIA_DEPOT_PATH = ::/usr/local/share/julia

 Resolving package versions...
 Installed ZeroMQ_jll ────── v4.3.1+0
 Installed SoftGlobalScope ─ v1.0.10
 Installed Conda ─────────── v1.3.0
 Installed RunMyNotes ────── v0.0.1
 Installed IJulia ────────── v1.20.2
 Installed Parsers ───────── v0.3.10
 Installed BinaryProvider ── v0.5.8
 Installed Literate ──────── v1.1.0
 Installed VersionParsing ── v1.2.0
 Installed JSON ──────────── v0.21.0
 Installed ZMQ ───────────── v1.2.0
 Installed MbedTLS ───────── v0.7.0
  Updating `~/.julia/environments/v1.3/Project.toml`
  [8d3555be] + RunMyNotes v0.0.1
  Updating `~/.julia/environments/v1.3/Manifest.toml`
  [b99e7846] + BinaryProvider v0.5.8
  [8f4d0f93] + Conda v1.3.0
  [7073ff75] + IJulia v1.20.2
  [682c06a0] + JSON v0.21.0
  [98b081ad] + Literate v1.1.0
  [739be429] + MbedTLS v0.7.0
  [69de0a69] + Parsers v0.3.10
  [8d3555be] + RunMyNotes v0.0.1
  [b85f4697] + SoftGlobalScope v1.0.10
  [81def892] + VersionParsing v1.2.0
  [c2297ded] + ZMQ v1.2.0
  [8f1865be] + ZeroMQ_jll v4.3.1+0
  [2a0f44e3] + Base64 
  [ade2ca70] + Dates 
  [8ba89e20] + Distributed 
  [7b1f6079] + FileWatching 
  [b77e0a4c] + InteractiveUtils 
  [76f85450] + LibGit2 
  [8f399da3] + Libdl 
  [56ddb016] + Logging 
  [d6f4376e] + Markdown 
  [a63ad114] + Mmap 
  [44cfe95a] + Pkg 
  [de0858da] + Printf 
  [3fa0cd96] + REPL 
  [9a3f8284] + Random 
  [ea8e919c] + SHA 
  [9e88b42a] + Serialization 
  [6462fe0b] + Sockets 
  [8dfed614] + Test 
  [cf7118a7] + UUIDs 
  [4ec0a83e] + Unicode 
  Building Conda ──→ `~/.julia/packages/Conda/kLXeC/deps/build.log`
  Building MbedTLS → `~/.julia/packages/MbedTLS/a1JFn/deps/build.log`
  Building IJulia ─→ `~/.julia/packages/IJulia/F1GUo/deps/build.log`
   Testing RunMyNotes
 Resolving package versions...
    Status `/tmp/jl_hSJFQY/Manifest.toml`
  [b99e7846] BinaryProvider v0.5.8
  [8f4d0f93] Conda v1.3.0
  [7073ff75] IJulia v1.20.2
  [682c06a0] JSON v0.21.0
  [98b081ad] Literate v1.1.0
  [739be429] MbedTLS v0.7.0
  [69de0a69] Parsers v0.3.10
  [8d3555be] RunMyNotes v0.0.1
  [b85f4697] SoftGlobalScope v1.0.10
  [81def892] VersionParsing v1.2.0
  [c2297ded] ZMQ v1.2.0
  [8f1865be] ZeroMQ_jll v4.3.1+0
  [2a0f44e3] Base64  [`@stdlib/Base64`]
  [ade2ca70] Dates  [`@stdlib/Dates`]
  [8ba89e20] Distributed  [`@stdlib/Distributed`]
  [7b1f6079] FileWatching  [`@stdlib/FileWatching`]
  [b77e0a4c] InteractiveUtils  [`@stdlib/InteractiveUtils`]
  [76f85450] LibGit2  [`@stdlib/LibGit2`]
  [8f399da3] Libdl  [`@stdlib/Libdl`]
  [56ddb016] Logging  [`@stdlib/Logging`]
  [d6f4376e] Markdown  [`@stdlib/Markdown`]
  [a63ad114] Mmap  [`@stdlib/Mmap`]
  [44cfe95a] Pkg  [`@stdlib/Pkg`]
  [de0858da] Printf  [`@stdlib/Printf`]
  [3fa0cd96] REPL  [`@stdlib/REPL`]
  [9a3f8284] Random  [`@stdlib/Random`]
  [ea8e919c] SHA  [`@stdlib/SHA`]
  [9e88b42a] Serialization  [`@stdlib/Serialization`]
  [6462fe0b] Sockets  [`@stdlib/Sockets`]
  [8dfed614] Test  [`@stdlib/Test`]
  [cf7118a7] UUIDs  [`@stdlib/UUIDs`]
  [4ec0a83e] Unicode  [`@stdlib/Unicode`]
[ Info: generating notebook from `~/.julia/packages/RunMyNotes/FiCF4/notes/note.jl`
[ Info: not running on Travis, skipping links will not be correct.
[ Info: executing notebook `note.ipynb`
┌ Error: error when executing notebook based on input file: `~/.julia/packages/RunMyNotes/FiCF4/notes/note.jl`
└ @ Literate ~/.julia/packages/Literate/McVbf/src/Literate.jl:499
┌ Error: error in creating or running notebook from /home/pkgeval/.julia/packages/RunMyNotes/FiCF4/notes/note.jl 
│   err =
│    LoadError: ArgumentError: Package Plots not found in current path:
│    - Run `import Pkg; Pkg.add("Plots")` to install the Plots package.
│    
│    in expression starting at string:1
│    when executing the following code block
│    
│    ```julia
│    using Plots
│    # notice that Plots is mentioned in /test/REQUIRE
│    plot(rand(20))
│    ```
│    
└ @ RunMyNotes ~/.julia/packages/RunMyNotes/FiCF4/src/RunMyNotes.jl:49
Error During Test at /home/pkgeval/.julia/packages/RunMyNotes/FiCF4/test/runtests.jl:4
  Test threw exception
  Expression: RunMyNotes.package(RunMyNotes)
  encountered 1 errors executing & converting notebooks, details printed above
  Stacktrace:
   [1] error(::String) at ./error.jl:33
   [2] #folder#1(::Bool, ::Bool, ::Bool, ::Bool, ::Bool, ::typeof(folder), ::String, ::String) at /home/pkgeval/.julia/packages/RunMyNotes/FiCF4/src/RunMyNotes.jl:68
   [3] folder at /home/pkgeval/.julia/packages/RunMyNotes/FiCF4/src/RunMyNotes.jl:22 [inlined]
   [4] #package#4(::String, ::Base.Iterators.Pairs{Union{},Union{},Tuple{},NamedTuple{(),Tuple{}}}, ::typeof(package), ::Module, ::Nothing) at /home/pkgeval/.julia/packages/RunMyNotes/FiCF4/src/RunMyNotes.jl:87
   [5] package at /home/pkgeval/.julia/packages/RunMyNotes/FiCF4/src/RunMyNotes.jl:82 [inlined] (repeats 2 times)
   [6] top-level scope at /home/pkgeval/.julia/packages/RunMyNotes/FiCF4/test/runtests.jl:4
   [7] include at ./boot.jl:328 [inlined]
   [8] include_relative(::Module, ::String) at ./loading.jl:1105
   [9] include(::Module, ::String) at ./Base.jl:31
   [10] include(::String) at ./client.jl:424
   [11] top-level scope at none:6
   [12] eval(::Module, ::Any) at ./boot.jl:330
   [13] exec_options(::Base.JLOptions) at ./client.jl:263
   [14] _start() at ./client.jl:460
  
ERROR: LoadError: There was an error during testing
in expression starting at /home/pkgeval/.julia/packages/RunMyNotes/FiCF4/test/runtests.jl:4
ERROR: Package RunMyNotes errored during testing
Stacktrace:
 [1] pkgerror(::String, ::Vararg{String,N} where N) at /workspace/srcdir/usr/share/julia/stdlib/v1.3/Pkg/src/Types.jl:113
 [2] #test#131(::Bool, ::Nothing, ::Cmd, ::Cmd, ::typeof(Pkg.Operations.test), ::Pkg.Types.Context, ::Array{Pkg.Types.PackageSpec,1}) at /workspace/srcdir/usr/share/julia/stdlib/v1.3/Pkg/src/Operations.jl:1372
 [3] #test at ./none:0 [inlined]
 [4] #test#62(::Bool, ::Nothing, ::Cmd, ::Cmd, ::Base.Iterators.Pairs{Union{},Union{},Tuple{},NamedTuple{(),Tuple{}}}, ::typeof(Pkg.API.test), ::Pkg.Types.Context, ::Array{Pkg.Types.PackageSpec,1}) at /workspace/srcdir/usr/share/julia/stdlib/v1.3/Pkg/src/API.jl:253
 [5] test(::Pkg.Types.Context, ::Array{Pkg.Types.PackageSpec,1}) at /workspace/srcdir/usr/share/julia/stdlib/v1.3/Pkg/src/API.jl:239
 [6] #test#61 at /workspace/srcdir/usr/share/julia/stdlib/v1.3/Pkg/src/API.jl:233 [inlined]
 [7] test at /workspace/srcdir/usr/share/julia/stdlib/v1.3/Pkg/src/API.jl:233 [inlined]
 [8] #test#60 at /workspace/srcdir/usr/share/julia/stdlib/v1.3/Pkg/src/API.jl:232 [inlined]
 [9] test at /workspace/srcdir/usr/share/julia/stdlib/v1.3/Pkg/src/API.jl:232 [inlined]
 [10] #test#59(::Base.Iterators.Pairs{Union{},Union{},Tuple{},NamedTuple{(),Tuple{}}}, ::typeof(Pkg.API.test), ::String) at /workspace/srcdir/usr/share/julia/stdlib/v1.3/Pkg/src/API.jl:231
 [11] test(::String) at /workspace/srcdir/usr/share/julia/stdlib/v1.3/Pkg/src/API.jl:231
 [12] top-level scope at none:13
