Julia Version 1.5.0-DEV.662
Commit c0edac5d3a (2020-04-21 07:07 UTC)
Platform Info:
  OS: Linux (x86_64-linux-gnu)
  CPU: Intel(R) Xeon(R) Silver 4114 CPU @ 2.20GHz
  WORD_SIZE: 64
  LIBM: libopenlibm
  LLVM: libLLVM-9.0.1 (ORCJIT, skylake)
Environment:
  JULIA_DEPOT_PATH = ::/usr/local/share/julia
  JULIA_NUM_THREADS = 2

  Resolving package versions...
  Installed BinaryProvider ── v0.5.8
  Installed Ccluster ──────── v0.1.1
  Installed AbstractAlgebra ─ v0.8.1
  Installed Nemo ──────────── v0.16.4
Updating `~/.julia/environments/v1.5/Project.toml`
  [8fd415a7] + Ccluster v0.1.1
Updating `~/.julia/environments/v1.5/Manifest.toml`
  [c3fe647b] + AbstractAlgebra v0.8.1
  [b99e7846] + BinaryProvider v0.5.8
  [8fd415a7] + Ccluster v0.1.1
  [2edaba10] + Nemo v0.16.4
  [2a0f44e3] + Base64
  [8ba89e20] + Distributed
  [b77e0a4c] + InteractiveUtils
  [8f399da3] + Libdl
  [37e2e46d] + LinearAlgebra
  [56ddb016] + Logging
  [d6f4376e] + Markdown
  [de0858da] + Printf
  [9a3f8284] + Random
  [ea8e919c] + SHA
  [9e88b42a] + Serialization
  [6462fe0b] + Sockets
  [2f01184e] + SparseArrays
  [8dfed614] + Test
  [4ec0a83e] + Unicode
   Building Nemo ────→ `~/.julia/packages/Nemo/xJHVO/deps/build.log`
┌ Error: Error building `Nemo`: 
│ ┌ Error: Download failed: curl: (22) The requested URL returned error: 500 internal server error
│ └ @ Base download.jl:43
│ ERROR: LoadError: failed process: Process(`curl -s -S -g -L -f -o /home/pkgeval/.julia/packages/Nemo/xJHVO/deps/build_libarb.v0.0.0-6c3738555d00b8b8b24a1f5e0065ef787432513c.jl https://github.com/thofma/ArbBuilder/releases/download/6c3738-v2/build_libarb.v0.0.0-6c3738555d00b8b8b24a1f5e0065ef787432513c.jl`, ProcessExited(22)) [22]
│ 
│ Stacktrace:
│  [1] pipeline_error at ./process.jl:525 [inlined]
│  [2] download_curl(::String, ::String, ::String) at ./download.jl:44
│  [3] download(::String, ::String) at ./download.jl:62
│  [4] top-level scope at /home/pkgeval/.julia/packages/Nemo/xJHVO/deps/build.jl:32
│  [5] include(::String) at ./client.jl:457
│  [6] top-level scope at none:5
│ in expression starting at /home/pkgeval/.julia/packages/Nemo/xJHVO/deps/build.jl:14
└ @ Pkg.Operations /workspace/srcdir/usr/share/julia/stdlib/v1.5/Pkg/src/Operations.jl:905
   Building Ccluster → `~/.julia/packages/Ccluster/fpFRK/deps/build.log`
┌ Error: Error building `Ccluster`: 
│ Cloning into 'Ccluster'...
│ Already on 'master'
│ Your branch is up to date with 'origin/master'.
│ FLINT_LIB_DIR set to /home/pkgeval/.julia/packages/Nemo/xJHVO/deps/usr
│ FLINT_INC_DIR set to /home/pkgeval/.julia/packages/Nemo/xJHVO/deps/usr
│ ARB_LIB_DIR set to /home/pkgeval/.julia/packages/Nemo/xJHVO/deps/usr
│ ARB_INC_DIR set to /home/pkgeval/.julia/packages/Nemo/xJHVO/deps/usr
│ Configuring...x86_64-Linux
│ Testing __builtin_popcountl...yes
│ Testing native popcount...yes
│ CCLUSTER was successfully configured.
│ make[1]: Entering directory '/home/pkgeval/.julia/packages/Ccluster/fpFRK/deps/Ccluster'
│     CC   src/numbers/inlines.lo
│     CC   src/base/inline.lo
│     CC   src/numbers/compRat.lo
│     CC   src/numbers/app_rat.lo
│ In file included from src/numbers/inlines.c:14:0:
│ /home/pkgeval/.julia/packages/Ccluster/fpFRK/deps/Ccluster/src/numbers/realRat.h:21:10: fatal error: flint/fmpz.h: No such file or directory
│  #include "flint/fmpz.h"
│           ^~~~~~~~~~~~~~
│ compilation terminated.
│ Makefile:128: recipe for target 'src/numbers/inlines.lo' failed
│ make[1]: *** [src/numbers/inlines.lo] Error 1
│ make[1]: *** Waiting for unfinished jobs....
│ In file included from src/numbers/app_rat.h:21:0,
│                  from src/numbers/app_rat.c:12:
│ src/numbers/realRat.h:21:10: fatal error: flint/fmpz.h: No such file or directory
│  #include "flint/fmpz.h"
│           ^~~~~~~~~~~~~~
│ compilation terminated.
│ Makefile:128: recipe for target 'src/numbers/app_rat.lo' failed
│ make[1]: *** [src/numbers/app_rat.lo] Error 1
│ In file included from src/numbers/compRat.h:21:0,
│                  from src/numbers/compRat.c:12:
│ /home/pkgeval/.julia/packages/Ccluster/fpFRK/deps/Ccluster/src/numbers/realRat.h:21:10: fatal error: flint/fmpz.h: No such file or directory
│  #include "flint/fmpz.h"
│           ^~~~~~~~~~~~~~
│ compilation terminated.
│ Makefile:128: recipe for target 'src/numbers/compRat.lo' failed
│ make[1]: *** [src/numbers/compRat.lo] Error 1
│ In file included from src/base/inline.c:14:0:
│ /home/pkgeval/.julia/packages/Ccluster/fpFRK/deps/Ccluster/src/base/base.h:38:10: fatal error: flint/flint.h: No such file or directory
│  #include "flint/flint.h" /* for memory managment */
│           ^~~~~~~~~~~~~~~
│ compilation terminated.
│ Makefile:128: recipe for target 'src/base/inline.lo' failed
│ make[1]: *** [src/base/inline.lo] Error 1
│ make[1]: Leaving directory '/home/pkgeval/.julia/packages/Ccluster/fpFRK/deps/Ccluster'
│ Makefile:135: recipe for target 'library' failed
│ make: *** [library] Error 2
│ ERROR: LoadError: failed process: Process(`make -j4`, ProcessExited(2)) [2]
│ 
│ Stacktrace:
│  [1] pipeline_error at ./process.jl:525 [inlined]
│  [2] run(::Cmd; wait::Bool) at ./process.jl:440
│  [3] run at ./process.jl:438 [inlined]
│  [4] (::var"#1#2")() at /home/pkgeval/.julia/packages/Ccluster/fpFRK/deps/build.jl:101
│  [5] withenv(::var"#1#2", ::Pair{String,String}, ::Vararg{Pair{String,String},N} where N) at ./env.jl:161
│  [6] top-level scope at /home/pkgeval/.julia/packages/Ccluster/fpFRK/deps/build.jl:99
│  [7] include(::String) at ./client.jl:457
│  [8] top-level scope at none:5
│ in expression starting at /home/pkgeval/.julia/packages/Ccluster/fpFRK/deps/build.jl:74
│ CCLUSTER_VERSION = "master" = "master"
│ Deleting old /home/pkgeval/.julia/packages/Ccluster/fpFRK/local
│ Cloning Ccluster ... 
│ DONE
│ Building Ccluster ... 
└ @ Pkg.Operations /workspace/srcdir/usr/share/julia/stdlib/v1.5/Pkg/src/Operations.jl:905
ERROR: Package Ccluster did not provide a `test/runtests.jl` file
Stacktrace:
 [1] pkgerror(::String, ::Vararg{String,N} where N) at /workspace/srcdir/usr/share/julia/stdlib/v1.5/Pkg/src/Types.jl:52
 [2] test(::Pkg.Types.Context, ::Array{Pkg.Types.PackageSpec,1}; coverage::Bool, julia_args::Cmd, test_args::Cmd, test_fn::Nothing) at /workspace/srcdir/usr/share/julia/stdlib/v1.5/Pkg/src/Operations.jl:1487
 [3] test(::Pkg.Types.Context, ::Array{Pkg.Types.PackageSpec,1}; coverage::Bool, test_fn::Nothing, julia_args::Cmd, test_args::Cmd, kwargs::Base.Iterators.Pairs{Union{},Union{},Tuple{},NamedTuple{(),Tuple{}}}) at /workspace/srcdir/usr/share/julia/stdlib/v1.5/Pkg/src/API.jl:316
 [4] test(::Pkg.Types.Context, ::Array{Pkg.Types.PackageSpec,1}) at /workspace/srcdir/usr/share/julia/stdlib/v1.5/Pkg/src/API.jl:303
 [5] #test#68 at /workspace/srcdir/usr/share/julia/stdlib/v1.5/Pkg/src/API.jl:297 [inlined]
 [6] test at /workspace/srcdir/usr/share/julia/stdlib/v1.5/Pkg/src/API.jl:297 [inlined]
 [7] #test#67 at /workspace/srcdir/usr/share/julia/stdlib/v1.5/Pkg/src/API.jl:296 [inlined]
 [8] test at /workspace/srcdir/usr/share/julia/stdlib/v1.5/Pkg/src/API.jl:296 [inlined]
 [9] test(::String; kwargs::Base.Iterators.Pairs{Union{},Union{},Tuple{},NamedTuple{(),Tuple{}}}) at /workspace/srcdir/usr/share/julia/stdlib/v1.5/Pkg/src/API.jl:295
 [10] test(::String) at /workspace/srcdir/usr/share/julia/stdlib/v1.5/Pkg/src/API.jl:295
 [11] top-level scope at none:16
