Julia Version 1.5.2-pre.0
Commit c4acbf93fb (2020-08-26 10:58 UTC)
Platform Info:
  OS: Linux (x86_64-pc-linux-gnu)
  CPU: Intel(R) Xeon(R) Silver 4114 CPU @ 2.20GHz
  WORD_SIZE: 64
  LIBM: libopenlibm
  LLVM: libLLVM-9.0.1 (ORCJIT, skylake-avx512)
Environment:
  JULIA_DEPOT_PATH = ::/usr/local/share/julia
  JULIA_NUM_THREADS = 2

  Resolving package versions...
  Installed SortingAlgorithms ── v0.3.1
  Installed MemPool ──────────── v0.2.0
  Installed DataAPI ──────────── v1.3.0
  Installed Missings ─────────── v0.4.4
  Installed OrderedCollections ─ v1.3.0
  Installed DataStructures ───── v0.17.20
  Installed StatsBase ────────── v0.32.2
  Installed Dagger ───────────── v0.9.1
Updating `~/.julia/environments/v1.5/Project.toml`
  [d58978e5] + Dagger v0.9.1
Updating `~/.julia/environments/v1.5/Manifest.toml`
  [d58978e5] + Dagger v0.9.1
  [9a962f9c] + DataAPI v1.3.0
  [864edb3b] + DataStructures v0.17.20
  [f9f48841] + MemPool v0.2.0
  [e1d29d7a] + Missings v0.4.4
  [bac558e1] + OrderedCollections v1.3.0
  [a2af1166] + SortingAlgorithms v0.3.1
  [2913bbd2] + StatsBase v0.32.2
  [2a0f44e3] + Base64
  [8ba89e20] + Distributed
  [b77e0a4c] + InteractiveUtils
  [8f399da3] + Libdl
  [37e2e46d] + LinearAlgebra
  [56ddb016] + Logging
  [d6f4376e] + Markdown
  [a63ad114] + Mmap
  [de0858da] + Printf
  [9abbd945] + Profile
  [9a3f8284] + Random
  [9e88b42a] + Serialization
  [1a1011a3] + SharedArrays
  [6462fe0b] + Sockets
  [2f01184e] + SparseArrays
  [10745b16] + Statistics
  [8dfed614] + Test
  [4ec0a83e] + Unicode
    Testing Dagger
Status `/tmp/jl_zHa5X1/Project.toml`
  [d58978e5] Dagger v0.9.1
  [f9f48841] MemPool v0.2.0
  [2913bbd2] StatsBase v0.32.2
  [8ba89e20] Distributed
  [37e2e46d] LinearAlgebra
  [9abbd945] Profile
  [9a3f8284] Random
  [9e88b42a] Serialization
  [1a1011a3] SharedArrays
  [2f01184e] SparseArrays
  [10745b16] Statistics
  [8dfed614] Test
Status `/tmp/jl_zHa5X1/Manifest.toml`
  [d58978e5] Dagger v0.9.1
  [9a962f9c] DataAPI v1.3.0
  [864edb3b] DataStructures v0.17.20
  [f9f48841] MemPool v0.2.0
  [e1d29d7a] Missings v0.4.4
  [bac558e1] OrderedCollections v1.3.0
  [a2af1166] SortingAlgorithms v0.3.1
  [2913bbd2] StatsBase v0.32.2
  [2a0f44e3] Base64
  [8ba89e20] Distributed
  [b77e0a4c] InteractiveUtils
  [8f399da3] Libdl
  [37e2e46d] LinearAlgebra
  [56ddb016] Logging
  [d6f4376e] Markdown
  [a63ad114] Mmap
  [de0858da] Printf
  [9abbd945] Profile
  [9a3f8284] Random
  [9e88b42a] Serialization
  [1a1011a3] SharedArrays
  [6462fe0b] Sockets
  [2f01184e] SparseArrays
  [10745b16] Statistics
  [8dfed614] Test
  [4ec0a83e] Unicode
Test Summary: | Pass  Total
UnitDomain    |    1      1
Test Summary: | Pass  Total
ArrayDomain   |   13     13
Test Summary: | Pass  Total
treereduce_nd |    2      2
Test Summary:      | Pass  Total
DArray constructor |    1      1
Test Summary: | Pass  Total
rand          |   19     19
Test Summary:  | Pass  Total
sum(ones(...)) |    1      1
Test Summary:         | Pass  Total
distributing an array |    2      2
Test Summary: | Pass  Total
transpose     |   16     16
Test Summary:          | Pass  Total
matrix-matrix multiply |    8      8
Test Summary: | Pass  Total
concat        |    4      4
Test Summary: | Pass  Total
scale         |    1      1
Test Summary: | Pass  Total
Getindex      |  118    118
Test Summary: | Pass  Total
cleanup       |    1      1
Test Summary: | Pass  Total
reducedim     |    4      4
Test Summary: | Pass  Total
setindex      |    2      2
Test Summary: | Pass  Total
sort          |    6      6
Test Summary: | Pass  Total
affinity      |    6      6
Test Summary: | Pass  Total
show_plan     |    1      1
Test Summary: | Pass  Total
sharedarray   |    2      2
Scheduler options: threads: Error During Test at /home/pkgeval/.julia/packages/Dagger/U857J/test/scheduler.jl:42
  Test threw exception
  Expression: collect(Context(), c; options = options) == 1
  On worker 2:
  TaskFailedException:
  AssertionError: Threads.threadid() != 1 || Threads.nthreads() == 1
  checktid at /home/pkgeval/.julia/packages/Dagger/U857J/test/scheduler.jl:12 [inlined]
  #47 at ./threadingconstructs.jl:169
  wait at ./task.jl:267 [inlined]
  fetch at ./task.jl:282 [inlined]
  execute! at /home/pkgeval/.julia/packages/Dagger/U857J/src/processor.jl:222
  do_task at /home/pkgeval/.julia/packages/Dagger/U857J/src/scheduler.jl:340
  #106 at /buildworker/worker/package_linux64/build/usr/share/julia/stdlib/v1.5/Distributed/src/process_messages.jl:294
  run_work_thunk at /buildworker/worker/package_linux64/build/usr/share/julia/stdlib/v1.5/Distributed/src/process_messages.jl:79
  macro expansion at /buildworker/worker/package_linux64/build/usr/share/julia/stdlib/v1.5/Distributed/src/process_messages.jl:294 [inlined]
  #105 at ./task.jl:356
  Stacktrace:
   [1] compute_dag(::Context, ::Thunk; options::SchedulerOptions) at /home/pkgeval/.julia/packages/Dagger/U857J/src/scheduler.jl:137
   [2] compute(::Context, ::Thunk; options::SchedulerOptions) at /home/pkgeval/.julia/packages/Dagger/U857J/src/compute.jl:32
   [3] collect(::Context, ::Thunk; options::SchedulerOptions) at /home/pkgeval/.julia/packages/Dagger/U857J/src/compute.jl:8
   [4] top-level scope at /home/pkgeval/.julia/packages/Dagger/U857J/test/scheduler.jl:42
   [5] top-level scope at /buildworker/worker/package_linux64/build/usr/share/julia/stdlib/v1.5/Test/src/Test.jl:1115
   [6] top-level scope at /home/pkgeval/.julia/packages/Dagger/U857J/test/scheduler.jl:37
   [7] top-level scope at /buildworker/worker/package_linux64/build/usr/share/julia/stdlib/v1.5/Test/src/Test.jl:1115
   [8] top-level scope at /home/pkgeval/.julia/packages/Dagger/U857J/test/scheduler.jl:18
  
Thunk options: threads: Error During Test at /home/pkgeval/.julia/packages/Dagger/U857J/test/scheduler.jl:48
  Test threw exception
  Expression: collect(Context(), a) == 1
  On worker 2:
  TaskFailedException:
  AssertionError: Threads.threadid() != 1 || Threads.nthreads() == 1
  checktid at /home/pkgeval/.julia/packages/Dagger/U857J/test/scheduler.jl:12 [inlined]
  #47 at ./threadingconstructs.jl:169
  wait at ./task.jl:267 [inlined]
  fetch at ./task.jl:282 [inlined]
  execute! at /home/pkgeval/.julia/packages/Dagger/U857J/src/processor.jl:222
  do_task at /home/pkgeval/.julia/packages/Dagger/U857J/src/scheduler.jl:340
  #106 at /buildworker/worker/package_linux64/build/usr/share/julia/stdlib/v1.5/Distributed/src/process_messages.jl:294
  run_work_thunk at /buildworker/worker/package_linux64/build/usr/share/julia/stdlib/v1.5/Distributed/src/process_messages.jl:79
  macro expansion at /buildworker/worker/package_linux64/build/usr/share/julia/stdlib/v1.5/Distributed/src/process_messages.jl:294 [inlined]
  #105 at ./task.jl:356
  Stacktrace:
   [1] compute_dag(::Context, ::Thunk; options::Nothing) at /home/pkgeval/.julia/packages/Dagger/U857J/src/scheduler.jl:137
   [2] compute(::Context, ::Thunk; options::Nothing) at /home/pkgeval/.julia/packages/Dagger/U857J/src/compute.jl:32
   [3] collect(::Context, ::Thunk; options::Nothing) at /home/pkgeval/.julia/packages/Dagger/U857J/src/compute.jl:8
   [4] collect(::Context, ::Thunk) at /home/pkgeval/.julia/packages/Dagger/U857J/src/compute.jl:8
   [5] top-level scope at /home/pkgeval/.julia/packages/Dagger/U857J/test/scheduler.jl:48
   [6] top-level scope at /buildworker/worker/package_linux64/build/usr/share/julia/stdlib/v1.5/Test/src/Test.jl:1115
   [7] top-level scope at /home/pkgeval/.julia/packages/Dagger/U857J/test/scheduler.jl:45
   [8] top-level scope at /buildworker/worker/package_linux64/build/usr/share/julia/stdlib/v1.5/Test/src/Test.jl:1115
   [9] top-level scope at /home/pkgeval/.julia/packages/Dagger/U857J/test/scheduler.jl:18
  
Test Summary:                      | Pass  Error  Total
Scheduler                          |    8      2     10
  Scheduler options: single worker |    1             1
  Thunk options: single worker     |    1             1
  Scheduler options: threads       |           1      1
  Thunk options: threads           |           1      1
  Thunk options: proctypes         |    6             6
ERROR: LoadError: LoadError: Some tests did not pass: 8 passed, 0 failed, 2 errored, 0 broken.
in expression starting at /home/pkgeval/.julia/packages/Dagger/U857J/test/scheduler.jl:17
in expression starting at /home/pkgeval/.julia/packages/Dagger/U857J/test/runtests.jl:11
ERROR: Package Dagger errored during testing
Stacktrace:
 [1] pkgerror(::String) at /buildworker/worker/package_linux64/build/usr/share/julia/stdlib/v1.5/Pkg/src/Types.jl:52
 [2] test(::Pkg.Types.Context, ::Array{Pkg.Types.PackageSpec,1}; coverage::Bool, julia_args::Cmd, test_args::Cmd, test_fn::Nothing) at /buildworker/worker/package_linux64/build/usr/share/julia/stdlib/v1.5/Pkg/src/Operations.jl:1578
 [3] test(::Pkg.Types.Context, ::Array{Pkg.Types.PackageSpec,1}; coverage::Bool, test_fn::Nothing, julia_args::Cmd, test_args::Cmd, kwargs::Base.Iterators.Pairs{Union{},Union{},Tuple{},NamedTuple{(),Tuple{}}}) at /buildworker/worker/package_linux64/build/usr/share/julia/stdlib/v1.5/Pkg/src/API.jl:328
 [4] test(::Pkg.Types.Context, ::Array{Pkg.Types.PackageSpec,1}) at /buildworker/worker/package_linux64/build/usr/share/julia/stdlib/v1.5/Pkg/src/API.jl:315
 [5] #test#61 at /buildworker/worker/package_linux64/build/usr/share/julia/stdlib/v1.5/Pkg/src/API.jl:67 [inlined]
 [6] test at /buildworker/worker/package_linux64/build/usr/share/julia/stdlib/v1.5/Pkg/src/API.jl:67 [inlined]
 [7] #test#60 at /buildworker/worker/package_linux64/build/usr/share/julia/stdlib/v1.5/Pkg/src/API.jl:66 [inlined]
 [8] test at /buildworker/worker/package_linux64/build/usr/share/julia/stdlib/v1.5/Pkg/src/API.jl:66 [inlined]
 [9] test(::String; kwargs::Base.Iterators.Pairs{Union{},Union{},Tuple{},NamedTuple{(),Tuple{}}}) at /buildworker/worker/package_linux64/build/usr/share/julia/stdlib/v1.5/Pkg/src/API.jl:65
 [10] test(::String) at /buildworker/worker/package_linux64/build/usr/share/julia/stdlib/v1.5/Pkg/src/API.jl:65
 [11] top-level scope at none:19
