Julia Version 1.6.0-DEV.1210
Commit a1da84c3b0 (2020-10-13 13:46 UTC)
Platform Info:
  OS: Linux (x86_64-pc-linux-gnu)
  CPU: AMD EPYC 7502 32-Core Processor
  WORD_SIZE: 64
  LIBM: libopenlibm
  LLVM: libLLVM-11.0.0 (ORCJIT, znver2)
Environment:
  JULIA_DEPOT_PATH = ::/usr/local/share/julia
  JULIA_NUM_THREADS = 2
  JULIA_MAX_NUM_PRECOMPILE_FILES = 9223372036854775807

  Resolving package versions...
  Installed VersionParsing ─ v1.2.0
  Installed URIParser ────── v0.4.1
  Installed Conda ────────── v1.4.1
  Installed Parsers ──────── v1.0.11
  Installed FINUFFT ──────── v1.0.0
  Installed BinDeps ──────── v1.0.1
  Installed JSON ─────────── v0.21.1
Updating `~/.julia/environments/v1.6/Project.toml`
  [d8beea63] + FINUFFT v1.0.0
Updating `~/.julia/environments/v1.6/Manifest.toml`
  [9e28174c] + BinDeps v1.0.1
  [8f4d0f93] + Conda v1.4.1
  [d8beea63] + FINUFFT v1.0.0
  [682c06a0] + JSON v0.21.1
  [69de0a69] + Parsers v1.0.11
  [30578b45] + URIParser v0.4.1
  [81def892] + VersionParsing v1.2.0
  [56f22d72] + Artifacts
  [2a0f44e3] + Base64
  [ade2ca70] + Dates
  [b77e0a4c] + InteractiveUtils
  [76f85450] + LibGit2
  [8f399da3] + Libdl
  [56ddb016] + Logging
  [d6f4376e] + Markdown
  [a63ad114] + Mmap
  [44cfe95a] + Pkg
  [de0858da] + Printf
  [3fa0cd96] + REPL
  [9a3f8284] + Random
  [ea8e919c] + SHA
  [9e88b42a] + Serialization
  [6462fe0b] + Sockets
  [fa267f1f] + TOML
  [cf7118a7] + UUIDs
  [4ec0a83e] + Unicode
   Building Conda ──→ `~/.julia/scratchspaces/44cfe95a-1eb2-52ea-b672-e2afdf69b78f/7a58bb32ce5d85f8bf7559aa7c2842f9aecf52fc/build.log`
   Building FINUFFT → `~/.julia/scratchspaces/44cfe95a-1eb2-52ea-b672-e2afdf69b78f/f20e0c6a3a5cf22f4683527b9b8162f2e3a52319/build.log`
ERROR: Error building `FINUFFT`: 
PREFIX=/home/pkgeval/.julia/conda/3
WARNING: md5sum mismatch of tar archive
expected: 728a5c953844917b24246080968d03b8
     got: 604371ea3a55451c9abf1fcca66451a3  -
Unpacking payload ...
Traceback (most recent call last):
  File "entry_point.py", line 76, in <module>
  File "tarfile.py", line 2024, in extractall
  File "tarfile.py", line 2065, in extract
  File "tarfile.py", line 2137, in _extract_member
  File "tarfile.py", line 2186, in makefile
  File "tarfile.py", line 249, in copyfileobj
tarfile.ReadError: unexpected end of data
[214] Failed to execute script entry_point
  0%|          | 0/12 [00:00<?, ?it/s]                                      concurrent.futures.process._RemoteTraceback: 
'''
Traceback (most recent call last):
  File "concurrent/futures/process.py", line 368, in _queue_management_worker
  File "multiprocessing/connection.py", line 251, in recv
TypeError: __init__() missing 1 required positional argument: 'msg'
'''

The above exception was the direct cause of the following exception:

Traceback (most recent call last):
  File "entry_point.py", line 69, in <module>
  File "concurrent/futures/process.py", line 484, in _chain_from_iterable_of_lists
  File "concurrent/futures/_base.py", line 611, in result_iterator
  File "concurrent/futures/_base.py", line 439, in result
  File "concurrent/futures/_base.py", line 388, in __get_result
concurrent.futures.process.BrokenProcessPool: A process in the process pool was terminated abruptly while the future was running or pending.
[217] Failed to execute script entry_point
[ Info: Downloading miniconda installer ...
[ Info: Installing miniconda ...
ERROR: LoadError: failed process: Process(`/home/pkgeval/.julia/conda/3/installer.sh -b -f -p /home/pkgeval/.julia/conda/3`, ProcessExited(1)) [1]

Stacktrace:
  [1] pipeline_error
    @ ./process.jl:525 [inlined]
  [2] run(::Cmd; wait::Bool)
    @ Base ./process.jl:440
  [3] run
    @ ./process.jl:438 [inlined]
  [4] _install_conda(env::String, force::Bool)
    @ Conda ~/.julia/packages/Conda/3rPhK/src/Conda.jl:169
  [5] _install_conda(env::String)
    @ Conda ~/.julia/packages/Conda/3rPhK/src/Conda.jl:155
  [6] runconda(args::Cmd, env::String)
    @ Conda ~/.julia/packages/Conda/3rPhK/src/Conda.jl:112
  [7] add(pkg::String, env::String; channel::String)
    @ Conda ~/.julia/packages/Conda/3rPhK/src/Conda.jl:188
  [8] add(pkg::String, env::String)
    @ Conda ~/.julia/packages/Conda/3rPhK/src/Conda.jl:187
  [9] top-level scope
    @ ~/.julia/packages/FINUFFT/xjSlF/deps/build.jl:19
 [10] include(fname::String)
    @ Base.MainInclude ./client.jl:444
 [11] top-level scope
    @ none:5
in expression starting at /home/pkgeval/.julia/packages/FINUFFT/xjSlF/deps/build.jl:19
Stacktrace:
  [1] pkgerror(msg::String)
    @ Pkg.Types /buildworker/worker/package_linux64/build/usr/share/julia/stdlib/v1.6/Pkg/src/Types.jl:52
  [2] (::Pkg.Operations.var"#75#80"{Bool, Pkg.Types.Context, String, Pkg.Types.PackageSpec})()
    @ Pkg.Operations /buildworker/worker/package_linux64/build/usr/share/julia/stdlib/v1.6/Pkg/src/Operations.jl:1002
  [3] withenv(f::Pkg.Operations.var"#75#80"{Bool, Pkg.Types.Context, String, Pkg.Types.PackageSpec}, keyvals::Pair{String, String})
    @ Base ./env.jl:161
  [4] (::Pkg.Operations.var"#102#106"{String, Pkg.Operations.var"#75#80"{Bool, Pkg.Types.Context, String, Pkg.Types.PackageSpec}, Pkg.Types.PackageSpec})()
    @ Pkg.Operations /buildworker/worker/package_linux64/build/usr/share/julia/stdlib/v1.6/Pkg/src/Operations.jl:1487
  [5] with_temp_env(fn::Pkg.Operations.var"#102#106"{String, Pkg.Operations.var"#75#80"{Bool, Pkg.Types.Context, String, Pkg.Types.PackageSpec}, Pkg.Types.PackageSpec}, temp_env::String)
    @ Pkg.Operations /buildworker/worker/package_linux64/build/usr/share/julia/stdlib/v1.6/Pkg/src/Operations.jl:1401
  [6] (::Pkg.Operations.var"#101#105"{Pkg.Operations.var"#75#80"{Bool, Pkg.Types.Context, String, Pkg.Types.PackageSpec}, Pkg.Types.Context, Pkg.Types.PackageSpec, String, Pkg.Types.Project, String})(tmp::String)
    @ Pkg.Operations /buildworker/worker/package_linux64/build/usr/share/julia/stdlib/v1.6/Pkg/src/Operations.jl:1472
  [7] mktempdir(fn::Pkg.Operations.var"#101#105"{Pkg.Operations.var"#75#80"{Bool, Pkg.Types.Context, String, Pkg.Types.PackageSpec}, Pkg.Types.Context, Pkg.Types.PackageSpec, String, Pkg.Types.Project, String}, parent::String; prefix::String)
    @ Base.Filesystem ./file.jl:711
  [8] mktempdir(fn::Function, parent::String)
    @ Base.Filesystem ./file.jl:709
  [9] sandbox(fn::Function, ctx::Pkg.Types.Context, target::Pkg.Types.PackageSpec, target_path::String, sandbox_path::String, sandbox_project_override::Pkg.Types.Project)
    @ Pkg.Operations /buildworker/worker/package_linux64/build/usr/share/julia/stdlib/v1.6/Pkg/src/Operations.jl:1439
 [10] build_versions(ctx::Pkg.Types.Context, uuids::Vector{Base.UUID}; might_need_to_resolve::Bool, verbose::Bool)
    @ Pkg.Operations /buildworker/worker/package_linux64/build/usr/share/julia/stdlib/v1.6/Pkg/src/Operations.jl:983
 [11] build_versions
    @ /buildworker/worker/package_linux64/build/usr/share/julia/stdlib/v1.6/Pkg/src/Operations.jl:922 [inlined]
 [12] add(ctx::Pkg.Types.Context, pkgs::Vector{Pkg.Types.PackageSpec}, new_git::Vector{Base.UUID}; preserve::Pkg.Types.PreserveLevel, platform::Base.BinaryPlatforms.Platform)
    @ Pkg.Operations /buildworker/worker/package_linux64/build/usr/share/julia/stdlib/v1.6/Pkg/src/Operations.jl:1198
 [13] add(ctx::Pkg.Types.Context, pkgs::Vector{Pkg.Types.PackageSpec}; preserve::Pkg.Types.PreserveLevel, platform::Base.BinaryPlatforms.Platform, kwargs::Base.Iterators.Pairs{Union{}, Union{}, Tuple{}, NamedTuple{(), Tuple{}}})
    @ Pkg.API /buildworker/worker/package_linux64/build/usr/share/julia/stdlib/v1.6/Pkg/src/API.jl:194
 [14] add
    @ /buildworker/worker/package_linux64/build/usr/share/julia/stdlib/v1.6/Pkg/src/API.jl:145 [inlined]
 [15] add(pkgs::Vector{Pkg.Types.PackageSpec}; kwargs::Base.Iterators.Pairs{Union{}, Union{}, Tuple{}, NamedTuple{(), Tuple{}}})
    @ Pkg.API /buildworker/worker/package_linux64/build/usr/share/julia/stdlib/v1.6/Pkg/src/API.jl:70
 [16] add
    @ /buildworker/worker/package_linux64/build/usr/share/julia/stdlib/v1.6/Pkg/src/API.jl:69 [inlined]
 [17] #add#21
    @ /buildworker/worker/package_linux64/build/usr/share/julia/stdlib/v1.6/Pkg/src/API.jl:67 [inlined]
 [18] add
    @ /buildworker/worker/package_linux64/build/usr/share/julia/stdlib/v1.6/Pkg/src/API.jl:67 [inlined]
 [19] #add#20
    @ /buildworker/worker/package_linux64/build/usr/share/julia/stdlib/v1.6/Pkg/src/API.jl:66 [inlined]
 [20] add(pkg::String)
    @ Pkg.API /buildworker/worker/package_linux64/build/usr/share/julia/stdlib/v1.6/Pkg/src/API.jl:66
 [21] top-level scope
    @ none:30
