################################################################################
# PkgEval set-up: 2020-10-28T15:32:30.933
#

Julia Version 1.6.0-DEV.1352
Commit 8f71ea7f35 (2020-10-28 02:10 UTC)
Platform Info:
  OS: Linux (x86_64-linux-gnu)
  CPU: AMD EPYC 7502 32-Core Processor
  WORD_SIZE: 64
  LIBM: libopenlibm
  LLVM: libLLVM-11.0.0 (ORCJIT, znver2)
Environment:
  JULIA_DEPOT_PATH = ::/usr/local/share/julia
  JULIA_MAX_NUM_PRECOMPILE_FILES = 9223372036854775807



################################################################################
# Installation: 2020-10-28T15:32:32.748
#

   Resolving package versions...
   Installed InternedStrings ──── v0.7.0
   Installed TupleTools ───────── v1.2.0
   Installed Zlib_jll ─────────── v1.2.11+18
   Installed OrderedCollections ─ v1.3.1
   Installed Strided ──────────── v1.1.1
   Installed DataStructures ───── v0.17.20
   Installed Pickle ───────────── v0.2.0
   Installed JLLWrappers ──────── v1.1.3
   Installed ZipFile ──────────── v0.9.3
Updating `~/.julia/environments/v1.6/Project.toml`
  [fbb45041] + Pickle v0.2.0
Updating `~/.julia/environments/v1.6/Manifest.toml`
  [864edb3b] + DataStructures v0.17.20
  [7d512f48] + InternedStrings v0.7.0
  [692b3bcd] + JLLWrappers v1.1.3
  [bac558e1] + OrderedCollections v1.3.1
  [fbb45041] + Pickle v0.2.0
  [5e0ebb24] + Strided v1.1.1
  [9d95972d] + TupleTools v1.2.0
  [a5390f91] + ZipFile v0.9.3
  [83775a58] + Zlib_jll v1.2.11+18
  [0dad84c5] + ArgTools
  [56f22d72] + Artifacts
  [2a0f44e3] + Base64
  [ade2ca70] + Dates
  [f43a241f] + Downloads
  [b77e0a4c] + InteractiveUtils
  [b27032c2] + LibCURL
  [76f85450] + LibGit2
  [8f399da3] + Libdl
  [37e2e46d] + LinearAlgebra
  [56ddb016] + Logging
  [d6f4376e] + Markdown
  [44cfe95a] + Pkg
  [de0858da] + Printf
  [3fa0cd96] + REPL
  [9a3f8284] + Random
  [ea8e919c] + SHA
  [9e88b42a] + Serialization
  [6462fe0b] + Sockets
  [fa267f1f] + TOML
  [8dfed614] + Test
  [cf7118a7] + UUIDs
  [4ec0a83e] + Unicode
  [deac9b47] + LibCURL_jll
  [14a3606d] + MozillaCACerts_jll


################################################################################
# Testing: 2020-10-28T15:32:36.055
#


     Testing Pickle
Status `/tmp/jl_EfNiI0/Project.toml`
  [864edb3b] DataStructures v0.17.20
  [e30172f5] Documenter v0.25.3
  [7d512f48] InternedStrings v0.7.0
  [fbb45041] Pickle v0.2.0
  [438e738f] PyCall v1.92.1
  [5e0ebb24] Strided v1.1.1
  [a5390f91] ZipFile v0.9.3
  [9e88b42a] Serialization
  [8dfed614] Test
Status `/tmp/jl_EfNiI0/Manifest.toml`
  [8f4d0f93] Conda v1.4.1
  [864edb3b] DataStructures v0.17.20
  [ffbed154] DocStringExtensions v0.8.3
  [e30172f5] Documenter v0.25.3
  [b5f81e59] IOCapture v0.1.0
  [7d512f48] InternedStrings v0.7.0
  [692b3bcd] JLLWrappers v1.1.3
  [682c06a0] JSON v0.21.1
  [1914dd2f] MacroTools v0.5.6
  [bac558e1] OrderedCollections v1.3.1
  [69de0a69] Parsers v1.0.11
  [fbb45041] Pickle v0.2.0
  [438e738f] PyCall v1.92.1
  [5e0ebb24] Strided v1.1.1
  [9d95972d] TupleTools v1.2.0
  [81def892] VersionParsing v1.2.0
  [a5390f91] ZipFile v0.9.3
  [83775a58] Zlib_jll v1.2.11+18
  [0dad84c5] ArgTools
  [56f22d72] Artifacts
  [2a0f44e3] Base64
  [ade2ca70] Dates
  [f43a241f] Downloads
  [b77e0a4c] InteractiveUtils
  [b27032c2] LibCURL
  [76f85450] LibGit2
  [8f399da3] Libdl
  [37e2e46d] LinearAlgebra
  [56ddb016] Logging
  [d6f4376e] Markdown
  [a63ad114] Mmap
  [44cfe95a] Pkg
  [de0858da] Printf
  [3fa0cd96] REPL
  [9a3f8284] Random
  [ea8e919c] SHA
  [9e88b42a] Serialization
  [6462fe0b] Sockets
  [fa267f1f] TOML
  [8dfed614] Test
  [cf7118a7] UUIDs
  [4ec0a83e] Unicode
  [deac9b47] LibCURL_jll
  [14a3606d] MozillaCACerts_jll
     Testing Running tests...
[ Info: Installing torch via the Conda pytorch package...
[ Info: Running `conda install -q -y pytorch` in root environment
Collecting package metadata (current_repodata.json): ...working... done
Solving environment: ...working... failed with initial frozen solve. Retrying with flexible solve.
Solving environment: ...working... failed with repodata from current_repodata.json, will retry with next repodata source.
Collecting package metadata (repodata.json): ...working... done
Solving environment: ...working... done

## Package Plan ##

  environment location: /home/pkgeval/.julia/conda/3

  added / updated specs:
    - pytorch


The following packages will be downloaded:

    package                    |            build
    ---------------------------|-----------------
    _pytorch_select-0.2        |            gpu_0           2 KB
    cudatoolkit-10.1.243       |       h6bb024c_0       347.4 MB
    cudnn-7.6.5                |       cuda10.1_0       179.9 MB
    ninja-1.10.1               |   py38hfd86e86_0         1.4 MB
    pytorch-1.4.0              |cuda101py38h02f0884_0       167.4 MB
    ------------------------------------------------------------
                                           Total:       696.3 MB

The following NEW packages will be INSTALLED:

  _pytorch_select    pkgs/main/linux-64::_pytorch_select-0.2-gpu_0
  cudatoolkit        pkgs/main/linux-64::cudatoolkit-10.1.243-h6bb024c_0
  cudnn              pkgs/main/linux-64::cudnn-7.6.5-cuda10.1_0
  ninja              pkgs/main/linux-64::ninja-1.10.1-py38hfd86e86_0
  pytorch            pkgs/main/linux-64::pytorch-1.4.0-cuda101py38h02f0884_0


Preparing transaction: ...working... done
Verifying transaction: ...working... done
Executing transaction: ...working... done
[ Info: BATCHSIZE is set to: 3
[ Info: Test doctest
[ Info: SetupBuildDirectory: setting up build directory.
[ Info: Doctest: running doctests.
┌ Error: doctest failure in ~/.julia/packages/Pickle/Njhfn/src/readarg.jl:232-241
│ 
│ ```jldoctest
│ julia> Pickle.read_bytearray8(IOBuffer(b"\x00\x00\x00\x00\x00\x00\x00\x00abc")) |> isempty # 0-element Array{UInt8,1}
│ true
│ 
│ julia> Pickle.read_bytearray8(IOBuffer(b"\x03\x00\x00\x00\x00\x00\x00\x00abcdef"))
│ 3-element Array{UInt8,1}:
│  0x61
│  0x62
│  0x63
│ ```
│ 
│ Subexpression:
│ 
│ Pickle.read_bytearray8(IOBuffer(b"\x03\x00\x00\x00\x00\x00\x00\x00abcdef"))
│ 
│ Evaluated output:
│ 
│ 3-element Vector{UInt8}:
│  0x61
│  0x62
│  0x63
│ 
│ Expected output:
│ 
│ 3-element Array{UInt8,1}:
│  0x61
│  0x62
│  0x63
│ 
│   diff =
│    Warning: Diff output requires color.
│    3-element Array{UInt8,1}:
│     Vector{UInt8}:
│     0x61
│     0x62
│     0x63
└ @ Documenter.DocTests ~/.julia/packages/Documenter/3Y8Kg/src/DocTests.jl:369
┌ Error: doctest failure in ~/.julia/packages/Pickle/Njhfn/src/writearg.jl:59-90
│ 
│ ```jldoctest
│ julia> Pickle.int_to_bytes(0) |> isempty # 0-element Array{UInt8,1}
│ true
│ 
│ julia> Pickle.int_to_bytes(255)
│ 2-element Array{UInt8,1}:
│  0xff
│  0x00
│ 
│ julia> Pickle.int_to_bytes(32767)
│ 2-element Array{UInt8,1}:
│  0xff
│  0x7f
│ 
│ julia> Pickle.int_to_bytes(-256)
│ 2-element Array{UInt8,1}:
│  0x00
│  0xff
│ 
│ julia> Pickle.int_to_bytes(-32768)
│ 2-element Array{UInt8,1}:
│  0x00
│  0x80
│ 
│ julia> Pickle.int_to_bytes(-128)
│ 1-element Array{UInt8,1}:
│  0x80
│ 
│ julia> Pickle.int_to_bytes(127)
│ 1-element Array{UInt8,1}:
│  0x7f
│ ```
│ 
│ Subexpression:
│ 
│ Pickle.int_to_bytes(255)
│ 
│ Evaluated output:
│ 
│ 2-element Vector{UInt8}:
│  0xff
│  0x00
│ 
│ Expected output:
│ 
│ 2-element Array{UInt8,1}:
│  0xff
│  0x00
│ 
│   diff =
│    Warning: Diff output requires color.
│    2-element Array{UInt8,1}:
│     Vector{UInt8}:
│     0xff
│     0x00
└ @ Documenter.DocTests ~/.julia/packages/Documenter/3Y8Kg/src/DocTests.jl:369
┌ Error: doctest failure in ~/.julia/packages/Pickle/Njhfn/src/writearg.jl:59-90
│ 
│ ```jldoctest
│ julia> Pickle.int_to_bytes(0) |> isempty # 0-element Array{UInt8,1}
│ true
│ 
│ julia> Pickle.int_to_bytes(255)
│ 2-element Array{UInt8,1}:
│  0xff
│  0x00
│ 
│ julia> Pickle.int_to_bytes(32767)
│ 2-element Array{UInt8,1}:
│  0xff
│  0x7f
│ 
│ julia> Pickle.int_to_bytes(-256)
│ 2-element Array{UInt8,1}:
│  0x00
│  0xff
│ 
│ julia> Pickle.int_to_bytes(-32768)
│ 2-element Array{UInt8,1}:
│  0x00
│  0x80
│ 
│ julia> Pickle.int_to_bytes(-128)
│ 1-element Array{UInt8,1}:
│  0x80
│ 
│ julia> Pickle.int_to_bytes(127)
│ 1-element Array{UInt8,1}:
│  0x7f
│ ```
│ 
│ Subexpression:
│ 
│ Pickle.int_to_bytes(32767)
│ 
│ Evaluated output:
│ 
│ 2-element Vector{UInt8}:
│  0xff
│  0x7f
│ 
│ Expected output:
│ 
│ 2-element Array{UInt8,1}:
│  0xff
│  0x7f
│ 
│   diff =
│    Warning: Diff output requires color.
│    2-element Array{UInt8,1}:
│     Vector{UInt8}:
│     0xff
│     0x7f
└ @ Documenter.DocTests ~/.julia/packages/Documenter/3Y8Kg/src/DocTests.jl:369
┌ Error: doctest failure in ~/.julia/packages/Pickle/Njhfn/src/writearg.jl:59-90
│ 
│ ```jldoctest
│ julia> Pickle.int_to_bytes(0) |> isempty # 0-element Array{UInt8,1}
│ true
│ 
│ julia> Pickle.int_to_bytes(255)
│ 2-element Array{UInt8,1}:
│  0xff
│  0x00
│ 
│ julia> Pickle.int_to_bytes(32767)
│ 2-element Array{UInt8,1}:
│  0xff
│  0x7f
│ 
│ julia> Pickle.int_to_bytes(-256)
│ 2-element Array{UInt8,1}:
│  0x00
│  0xff
│ 
│ julia> Pickle.int_to_bytes(-32768)
│ 2-element Array{UInt8,1}:
│  0x00
│  0x80
│ 
│ julia> Pickle.int_to_bytes(-128)
│ 1-element Array{UInt8,1}:
│  0x80
│ 
│ julia> Pickle.int_to_bytes(127)
│ 1-element Array{UInt8,1}:
│  0x7f
│ ```
│ 
│ Subexpression:
│ 
│ Pickle.int_to_bytes(-256)
│ 
│ Evaluated output:
│ 
│ 2-element Vector{UInt8}:
│  0x00
│  0xff
│ 
│ Expected output:
│ 
│ 2-element Array{UInt8,1}:
│  0x00
│  0xff
│ 
│   diff =
│    Warning: Diff output requires color.
│    2-element Array{UInt8,1}:
│     Vector{UInt8}:
│     0x00
│     0xff
└ @ Documenter.DocTests ~/.julia/packages/Documenter/3Y8Kg/src/DocTests.jl:369
┌ Error: doctest failure in ~/.julia/packages/Pickle/Njhfn/src/writearg.jl:59-90
│ 
│ ```jldoctest
│ julia> Pickle.int_to_bytes(0) |> isempty # 0-element Array{UInt8,1}
│ true
│ 
│ julia> Pickle.int_to_bytes(255)
│ 2-element Array{UInt8,1}:
│  0xff
│  0x00
│ 
│ julia> Pickle.int_to_bytes(32767)
│ 2-element Array{UInt8,1}:
│  0xff
│  0x7f
│ 
│ julia> Pickle.int_to_bytes(-256)
│ 2-element Array{UInt8,1}:
│  0x00
│  0xff
│ 
│ julia> Pickle.int_to_bytes(-32768)
│ 2-element Array{UInt8,1}:
│  0x00
│  0x80
│ 
│ julia> Pickle.int_to_bytes(-128)
│ 1-element Array{UInt8,1}:
│  0x80
│ 
│ julia> Pickle.int_to_bytes(127)
│ 1-element Array{UInt8,1}:
│  0x7f
│ ```
│ 
│ Subexpression:
│ 
│ Pickle.int_to_bytes(-32768)
│ 
│ Evaluated output:
│ 
│ 2-element Vector{UInt8}:
│  0x00
│  0x80
│ 
│ Expected output:
│ 
│ 2-element Array{UInt8,1}:
│  0x00
│  0x80
│ 
│   diff =
│    Warning: Diff output requires color.
│    2-element Array{UInt8,1}:
│     Vector{UInt8}:
│     0x00
│     0x80
└ @ Documenter.DocTests ~/.julia/packages/Documenter/3Y8Kg/src/DocTests.jl:369
┌ Error: doctest failure in ~/.julia/packages/Pickle/Njhfn/src/writearg.jl:59-90
│ 
│ ```jldoctest
│ julia> Pickle.int_to_bytes(0) |> isempty # 0-element Array{UInt8,1}
│ true
│ 
│ julia> Pickle.int_to_bytes(255)
│ 2-element Array{UInt8,1}:
│  0xff
│  0x00
│ 
│ julia> Pickle.int_to_bytes(32767)
│ 2-element Array{UInt8,1}:
│  0xff
│  0x7f
│ 
│ julia> Pickle.int_to_bytes(-256)
│ 2-element Array{UInt8,1}:
│  0x00
│  0xff
│ 
│ julia> Pickle.int_to_bytes(-32768)
│ 2-element Array{UInt8,1}:
│  0x00
│  0x80
│ 
│ julia> Pickle.int_to_bytes(-128)
│ 1-element Array{UInt8,1}:
│  0x80
│ 
│ julia> Pickle.int_to_bytes(127)
│ 1-element Array{UInt8,1}:
│  0x7f
│ ```
│ 
│ Subexpression:
│ 
│ Pickle.int_to_bytes(-128)
│ 
│ Evaluated output:
│ 
│ 1-element Vector{UInt8}:
│  0x80
│ 
│ Expected output:
│ 
│ 1-element Array{UInt8,1}:
│  0x80
│ 
│   diff =
│    Warning: Diff output requires color.
│    1-element Array{UInt8,1}:
│     Vector{UInt8}:
│     0x80
└ @ Documenter.DocTests ~/.julia/packages/Documenter/3Y8Kg/src/DocTests.jl:369
┌ Error: doctest failure in ~/.julia/packages/Pickle/Njhfn/src/writearg.jl:59-90
│ 
│ ```jldoctest
│ julia> Pickle.int_to_bytes(0) |> isempty # 0-element Array{UInt8,1}
│ true
│ 
│ julia> Pickle.int_to_bytes(255)
│ 2-element Array{UInt8,1}:
│  0xff
│  0x00
│ 
│ julia> Pickle.int_to_bytes(32767)
│ 2-element Array{UInt8,1}:
│  0xff
│  0x7f
│ 
│ julia> Pickle.int_to_bytes(-256)
│ 2-element Array{UInt8,1}:
│  0x00
│  0xff
│ 
│ julia> Pickle.int_to_bytes(-32768)
│ 2-element Array{UInt8,1}:
│  0x00
│  0x80
│ 
│ julia> Pickle.int_to_bytes(-128)
│ 1-element Array{UInt8,1}:
│  0x80
│ 
│ julia> Pickle.int_to_bytes(127)
│ 1-element Array{UInt8,1}:
│  0x7f
│ ```
│ 
│ Subexpression:
│ 
│ Pickle.int_to_bytes(127)
│ 
│ Evaluated output:
│ 
│ 1-element Vector{UInt8}:
│  0x7f
│ 
│ Expected output:
│ 
│ 1-element Array{UInt8,1}:
│  0x7f
│ 
│   diff =
│    Warning: Diff output requires color.
│    1-element Array{UInt8,1}:
│     Vector{UInt8}:
│     0x7f
└ @ Documenter.DocTests ~/.julia/packages/Documenter/3Y8Kg/src/DocTests.jl:369
┌ Error: doctest failure in ~/.julia/packages/Pickle/Njhfn/src/readarg.jl:212-221
│ 
│ ```jldoctest
│ julia> Pickle.read_bytes8(IOBuffer(b"\x00\x00\x00\x00\x00\x00\x00\x00abc")) |> isempty # 0-element Array{UInt8,1}
│ true
│ 
│ julia> Pickle.read_bytes8(IOBuffer(b"\x03\x00\x00\x00\x00\x00\x00\x00abcdef"))
│ 3-element Array{UInt8,1}:
│  0x61
│  0x62
│  0x63
│ ```
│ 
│ Subexpression:
│ 
│ Pickle.read_bytes8(IOBuffer(b"\x03\x00\x00\x00\x00\x00\x00\x00abcdef"))
│ 
│ Evaluated output:
│ 
│ 3-element Vector{UInt8}:
│  0x61
│  0x62
│  0x63
│ 
│ Expected output:
│ 
│ 3-element Array{UInt8,1}:
│  0x61
│  0x62
│  0x63
│ 
│   diff =
│    Warning: Diff output requires color.
│    3-element Array{UInt8,1}:
│     Vector{UInt8}:
│     0x61
│     0x62
│     0x63
└ @ Documenter.DocTests ~/.julia/packages/Documenter/3Y8Kg/src/DocTests.jl:369
┌ Error: doctest failure in ~/.julia/packages/Pickle/Njhfn/src/readarg.jl:193-206
│ 
│ ```jldoctest
│ julia> Pickle.read_bytes4(IOBuffer(b"\x00\x00\x00\x00abc")) |> isempty # 0-element Array{UInt8,1}
│ true
│ 
│ julia> Pickle.read_bytes4(IOBuffer(b"\x03\x00\x00\x00abcdef"))
│ 3-element Array{UInt8,1}:
│  0x61
│  0x62
│  0x63
│ 
│ julia> Pickle.read_bytes4(IOBuffer(b"\x00\x00\x00\x03abcdef"))
│ ERROR: expected 50331648 bytes in bytes4, but only 6 remain
│ [...]
│ ```
│ 
│ Subexpression:
│ 
│ Pickle.read_bytes4(IOBuffer(b"\x03\x00\x00\x00abcdef"))
│ 
│ Evaluated output:
│ 
│ 3-element Vector{UInt8}:
│  0x61
│  0x62
│  0x63
│ 
│ Expected output:
│ 
│ 3-element Array{UInt8,1}:
│  0x61
│  0x62
│  0x63
│ 
│   diff =
│    Warning: Diff output requires color.
│    3-element Array{UInt8,1}:
│     Vector{UInt8}:
│     0x61
│     0x62
│     0x63
└ @ Documenter.DocTests ~/.julia/packages/Documenter/3Y8Kg/src/DocTests.jl:369
┌ Error: doctest failure in ~/.julia/packages/Pickle/Njhfn/src/readarg.jl:175-187
│ 
│ ```jldoctest
│ julia> Pickle.read_bytes1(IOBuffer(b"\x00")) |> isempty # 0-element Array{UInt8,1}
│ true
│ 
│ julia> Pickle.read_bytes1(IOBuffer(b"\x03abcdef"))
│ 3-element Array{UInt8,1}:
│  0x61
│  0x62
│  0x63
│ 
│ julia> Pickle.read_bytes1(IOBuffer(b"\x03abcdef")) |> String
│ "abc"
│ ```
│ 
│ Subexpression:
│ 
│ Pickle.read_bytes1(IOBuffer(b"\x03abcdef"))
│ 
│ Evaluated output:
│ 
│ 3-element Vector{UInt8}:
│  0x61
│  0x62
│  0x63
│ 
│ Expected output:
│ 
│ 3-element Array{UInt8,1}:
│  0x61
│  0x62
│  0x63
│ 
│   diff =
│    Warning: Diff output requires color.
│    3-element Array{UInt8,1}:
│     Vector{UInt8}:
│     0x61
│     0x62
│     0x63
└ @ Documenter.DocTests ~/.julia/packages/Documenter/3Y8Kg/src/DocTests.jl:369
┌ Error: Doctesting failed
│   exception =
│    `makedocs` encountered a doctest error. Terminating build
│    Stacktrace:
│      [1] error(s::String)
│        @ Base ./error.jl:33
│      [2] runner(#unused#::Type{Documenter.Builder.Doctest}, doc::Documenter.Documents.Document)
│        @ Documenter.Builder ~/.julia/packages/Documenter/3Y8Kg/src/Builder.jl:217
│      [3] dispatch(#unused#::Type{Documenter.Builder.DocumentPipeline}, x::Documenter.Documents.Document)
│        @ Documenter.Utilities.Selectors ~/.julia/packages/Documenter/3Y8Kg/src/Utilities/Selectors.jl:170
│      [4] #2
│        @ ~/.julia/packages/Documenter/3Y8Kg/src/Documenter.jl:245 [inlined]
│      [5] cd(f::Documenter.var"#2#3"{Documenter.Documents.Document}, dir::String)
│        @ Base.Filesystem ./file.jl:104
│      [6] makedocs(; debug::Bool, format::Documenter.Writers.HTMLWriter.HTML, kwargs::Base.Iterators.Pairs{Symbol, Any, NTuple{6, Symbol}, NamedTuple{(:root, :source, :sitename, :doctest, :modules, :doctestfilters), Tuple{String, String, String, Symbol, Vector{Module}, Vector{Regex}}}})
│        @ Documenter ~/.julia/packages/Documenter/3Y8Kg/src/Documenter.jl:244
│      [7] (::Documenter.var"#all_doctests#33"{Bool, Vector{Regex}, Vector{Module}})()
│        @ Documenter ~/.julia/packages/Documenter/3Y8Kg/src/Documenter.jl:809
│      [8] macro expansion
│        @ ~/.julia/packages/Documenter/3Y8Kg/src/Documenter.jl:826 [inlined]
│      [9] macro expansion
│        @ /workspace/srcdir/usr/share/julia/stdlib/v1.6/Test/src/Test.jl:1144 [inlined]
│     [10] doctest(source::String, modules::Vector{Module}; fix::Bool, testset::String, doctestfilters::Vector{Regex})
│        @ Documenter ~/.julia/packages/Documenter/3Y8Kg/src/Documenter.jl:826
│     [11] doctest(package::Module; manual::Bool, testset::Nothing, kwargs::Base.Iterators.Pairs{Union{}, Union{}, Tuple{}, NamedTuple{(), Tuple{}}})
│        @ Documenter ~/.julia/packages/Documenter/3Y8Kg/src/Documenter.jl:765
│     [12] doctest
│        @ ~/.julia/packages/Documenter/3Y8Kg/src/Documenter.jl:752 [inlined]
│     [13] macro expansion
│        @ ~/.julia/packages/Pickle/Njhfn/test/runtests.jl:33 [inlined]
│     [14] macro expansion
│        @ /workspace/srcdir/usr/share/julia/stdlib/v1.6/Test/src/Test.jl:1144 [inlined]
│     [15] top-level scope
│        @ ~/.julia/packages/Pickle/Njhfn/test/runtests.jl:31
│     [16] include(fname::String)
│        @ Base.MainInclude ./client.jl:444
│     [17] top-level scope
│        @ none:6
│     [18] eval(m::Module, e::Any)
│        @ Core ./boot.jl:360
│     [19] exec_options(opts::Base.JLOptions)
│        @ Base ./client.jl:261
│     [20] _start()
│        @ Base ./client.jl:485
└ @ Documenter ~/.julia/packages/Documenter/3Y8Kg/src/Documenter.jl:819
Doctests: Pickle: Test Failed at /home/pkgeval/.julia/packages/Documenter/3Y8Kg/src/Documenter.jl:826
  Expression: all_doctests()
Stacktrace:
 [1] macro expansion
   @ ~/.julia/packages/Documenter/3Y8Kg/src/Documenter.jl:826 [inlined]
 [2] macro expansion
   @ /workspace/srcdir/usr/share/julia/stdlib/v1.6/Test/src/Test.jl:1144 [inlined]
 [3] doctest(source::String, modules::Vector{Module}; fix::Bool, testset::String, doctestfilters::Vector{Regex})
   @ Documenter ~/.julia/packages/Documenter/3Y8Kg/src/Documenter.jl:826
[ Info: Test LOAD
[ Info: Test STORE
STORE: Error During Test at /home/pkgeval/.julia/packages/Pickle/Njhfn/test/test_store.jl:1
  Got exception outside of a @test
  AssertionError: python name for `typename(Set)` is not registered.
  Stacktrace:
    [1] save_global(p::Pickler{0}, io::IOStream, Tname::String)
      @ Pickle ~/.julia/packages/Pickle/Njhfn/src/serializer.jl:307
    [2] save(p::Pickler{0}, io::IOStream, x::Set{Int64})
      @ Pickle ~/.julia/packages/Pickle/Njhfn/src/serializer.jl:324
    [3] save_object(p::Pickler{0}, io::IOStream, x::Set{Int64})
      @ Pickle ~/.julia/packages/Pickle/Njhfn/src/serializer.jl:25
    [4] batch_setitems(p::Pickler{0}, io::IOStream, x::Dict{String, Any})
      @ Pickle ~/.julia/packages/Pickle/Njhfn/src/serializer.jl:266
    [5] save
      @ ~/.julia/packages/Pickle/Njhfn/src/serializer.jl:298 [inlined]
    [6] save_object(p::Pickler{0}, io::IOStream, x::Dict{String, Any})
      @ Pickle ~/.julia/packages/Pickle/Njhfn/src/serializer.jl:25
    [7] store(p::Pickler{0}, io::IOStream, x::Any)
      @ Pickle ~/.julia/packages/Pickle/Njhfn/src/serializer.jl:18
    [8] store(io::IOStream, x::Dict{String, Any}; proto::Int64)
      @ Pickle ~/.julia/packages/Pickle/Njhfn/src/serializer.jl:15
    [9] #29
      @ ~/.julia/packages/Pickle/Njhfn/src/serializer.jl:14 [inlined]
   [10] open(::Pickle.var"#29#30"{Int64, Dict{String, Any}}, ::String, ::Vararg{String, N} where N; kwargs::Base.Iterators.Pairs{Union{}, Union{}, Tuple{}, NamedTuple{(), Tuple{}}})
      @ Base ./io.jl:330
   [11] open(::Function, ::String, ::String)
      @ Base ./io.jl:328
   [12] #store#28
      @ ~/.julia/packages/Pickle/Njhfn/src/serializer.jl:14 [inlined]
   [13] (::var"#3#5")(path::String)
      @ Main ~/.julia/packages/Pickle/Njhfn/test/test_store.jl:7
   [14] mktempdir(fn::var"#3#5", parent::String; prefix::String)
      @ Base.Filesystem ./file.jl:711
   [15] mktempdir(fn::Function, parent::String)
      @ Base.Filesystem ./file.jl:709
   [16] macro expansion
      @ ~/.julia/packages/Pickle/Njhfn/test/test_store.jl:3 [inlined]
   [17] macro expansion
      @ /workspace/srcdir/usr/share/julia/stdlib/v1.6/Test/src/Test.jl:1144 [inlined]
   [18] top-level scope
      @ ~/.julia/packages/Pickle/Njhfn/test/test_store.jl:3
   [19] include(fname::String)
      @ Base.MainInclude ./client.jl:444
   [20] macro expansion
      @ ~/.julia/packages/Pickle/Njhfn/test/runtests.jl:38 [inlined]
   [21] macro expansion
      @ /workspace/srcdir/usr/share/julia/stdlib/v1.6/Test/src/Test.jl:1144 [inlined]
   [22] top-level scope
      @ ~/.julia/packages/Pickle/Njhfn/test/runtests.jl:31
   [23] include(fname::String)
      @ Base.MainInclude ./client.jl:444
   [24] top-level scope
      @ none:6
   [25] eval(m::Module, e::Any)
      @ Core ./boot.jl:360
   [26] exec_options(opts::Base.JLOptions)
      @ Base ./client.jl:261
   [27] _start()
      @ Base ./client.jl:485
[ Info: Test Pickle.Torch
[ Info: Test Torch LOAD
[ Info: Test Torch LOAD_ZIP
[ Info: Test Torch SAVE
[ Info: Test Torch PREBUILD
PREBUILD: Error During Test at /home/pkgeval/.julia/packages/Pickle/Njhfn/test/torch/torch_prebuild.jl:1
  Got exception outside of a @test
  AssertionError: !(isdefer(typeinfo))
  Stacktrace:
    [1] legacy_load(tp::Pickle.Torch.TorchPickler{2}, io::IOStream)
      @ Pickle.Torch ~/.julia/packages/Pickle/Njhfn/src/torch/torch_load.jl:95
    [2] THload(tp::Pickle.Torch.TorchPickler{2}, io::IOStream)
      @ Pickle.Torch ~/.julia/packages/Pickle/Njhfn/src/torch/torch_load.jl:62
    [3] (::Pickle.Torch.var"#7#8")(io::IOStream)
      @ Pickle.Torch ~/.julia/packages/Pickle/Njhfn/src/torch/torch_load.jl:57
    [4] open(f::Pickle.Torch.var"#7#8", args::String; kwargs::Base.Iterators.Pairs{Union{}, Union{}, Tuple{}, NamedTuple{(), Tuple{}}})
      @ Base ./io.jl:330
    [5] open
      @ ./io.jl:328 [inlined]
    [6] THload
      @ ~/.julia/packages/Pickle/Njhfn/src/torch/torch_load.jl:56 [inlined]
    [7] macro expansion
      @ ~/.julia/packages/Pickle/Njhfn/test/torch/torch_prebuild.jl:5 [inlined]
    [8] macro expansion
      @ /workspace/srcdir/usr/share/julia/stdlib/v1.6/Test/src/Test.jl:1144 [inlined]
    [9] top-level scope
      @ ~/.julia/packages/Pickle/Njhfn/test/torch/torch_prebuild.jl:3
   [10] include(fname::String)
      @ Base.MainInclude ./client.jl:444
   [11] macro expansion
      @ ~/.julia/packages/Pickle/Njhfn/test/torch/torch.jl:16 [inlined]
   [12] macro expansion
      @ /workspace/srcdir/usr/share/julia/stdlib/v1.6/Test/src/Test.jl:1144 [inlined]
   [13] top-level scope
      @ ~/.julia/packages/Pickle/Njhfn/test/torch/torch.jl:13
   [14] include(fname::String)
      @ Base.MainInclude ./client.jl:444
   [15] macro expansion
      @ ~/.julia/packages/Pickle/Njhfn/test/runtests.jl:42 [inlined]
   [16] macro expansion
      @ /workspace/srcdir/usr/share/julia/stdlib/v1.6/Test/src/Test.jl:1144 [inlined]
   [17] top-level scope
      @ ~/.julia/packages/Pickle/Njhfn/test/runtests.jl:31
   [18] include(fname::String)
      @ Base.MainInclude ./client.jl:444
   [19] top-level scope
      @ none:6
   [20] eval(m::Module, e::Any)
      @ Core ./boot.jl:360
   [21] exec_options(opts::Base.JLOptions)
      @ Base ./client.jl:261
   [22] _start()
      @ Base ./client.jl:485
Test Summary:      | Pass  Fail  Error  Total
Pickle             |   99     1      2    102
  Doctests: Pickle |          1             1
  LOAD             |   15                  15
  STORE            |                 1      1
  Torch            |   84            1     85
    LOAD           |   32                  32
    LOAD_ZIP       |   32                  32
    SAVE           |   18                  18
    PREBUILD       |    2            1      3
ERROR: LoadError: Some tests did not pass: 99 passed, 1 failed, 2 errored, 0 broken.
in expression starting at /home/pkgeval/.julia/packages/Pickle/Njhfn/test/runtests.jl:30

PkgEval failed: Package Pickle errored during testing
Stacktrace:
  [1] pkgerror(msg::String)
    @ Pkg.Types /workspace/srcdir/usr/share/julia/stdlib/v1.6/Pkg/src/Types.jl:52
  [2] test(ctx::Pkg.Types.Context, pkgs::Vector{Pkg.Types.PackageSpec}; coverage::Bool, julia_args::Cmd, test_args::Cmd, test_fn::Nothing)
    @ Pkg.Operations /workspace/srcdir/usr/share/julia/stdlib/v1.6/Pkg/src/Operations.jl:1651
  [3] test(ctx::Pkg.Types.Context, pkgs::Vector{Pkg.Types.PackageSpec}; coverage::Bool, test_fn::Nothing, julia_args::Cmd, test_args::Cmd, kwargs::Base.Iterators.Pairs{Union{}, Union{}, Tuple{}, NamedTuple{(), Tuple{}}})
    @ Pkg.API /workspace/srcdir/usr/share/julia/stdlib/v1.6/Pkg/src/API.jl:334
  [4] test(ctx::Pkg.Types.Context, pkgs::Vector{Pkg.Types.PackageSpec})
    @ Pkg.API /workspace/srcdir/usr/share/julia/stdlib/v1.6/Pkg/src/API.jl:321
  [5] #test#62
    @ /workspace/srcdir/usr/share/julia/stdlib/v1.6/Pkg/src/API.jl:71 [inlined]
  [6] test
    @ /workspace/srcdir/usr/share/julia/stdlib/v1.6/Pkg/src/API.jl:70 [inlined]
  [7] #test#61
    @ /workspace/srcdir/usr/share/julia/stdlib/v1.6/Pkg/src/API.jl:68 [inlined]
  [8] test
    @ /workspace/srcdir/usr/share/julia/stdlib/v1.6/Pkg/src/API.jl:68 [inlined]
  [9] test(pkg::String; kwargs::Base.Iterators.Pairs{Union{}, Union{}, Tuple{}, NamedTuple{(), Tuple{}}})
    @ Pkg.API /workspace/srcdir/usr/share/julia/stdlib/v1.6/Pkg/src/API.jl:67
 [10] test(pkg::String)
    @ Pkg.API /workspace/srcdir/usr/share/julia/stdlib/v1.6/Pkg/src/API.jl:67
 [11] top-level scope
    @ none:44
 [12] eval
    @ ./boot.jl:360 [inlined]
 [13] eval(x::Expr)
    @ Base.MainInclude ./client.jl:446
 [14] top-level scope
    @ none:1
 [15] eval(m::Module, e::Any)
    @ Core ./boot.jl:360
 [16] exec_options(opts::Base.JLOptions)
    @ Base ./client.jl:261
 [17] _start()
    @ Base ./client.jl:485


################################################################################
# PkgEval teardown: 2020-10-28T15:35:57.157
CPU usage: 177.52s (161.52s user, 16.26s kernel)

Network usage:
- eth0: 958.775 MiB received, 2.425 MiB sent

Raw statistics: {"blkio_stats":{"io_queue_recursive":[],"io_serviced_recursive":[{"major":259,"value":0,"op":"Read","minor":0},{"major":259,"value":15,"op":"Write","minor":0},{"major":259,"value":0,"op":"Sync","minor":0},{"major":259,"value":15,"op":"Async","minor":0},{"major":259,"value":15,"op":"Total","minor":0},{"major":253,"value":0,"op":"Read","minor":2},{"major":253,"value":15,"op":"Write","minor":2},{"major":253,"value":0,"op":"Sync","minor":2},{"major":253,"value":15,"op":"Async","minor":2},{"major":253,"value":15,"op":"Total","minor":2}],"io_time_recursive":[],"sectors_recursive":[],"io_service_bytes_recursive":[{"major":259,"value":0,"op":"Read","minor":0},{"major":259,"value":65536,"op":"Write","minor":0},{"major":259,"value":0,"op":"Sync","minor":0},{"major":259,"value":65536,"op":"Async","minor":0},{"major":259,"value":65536,"op":"Total","minor":0},{"major":253,"value":0,"op":"Read","minor":2},{"major":253,"value":65536,"op":"Write","minor":2},{"major":253,"value":0,"op":"Sync","minor":2},{"major":253,"value":65536,"op":"Async","minor":2},{"major":253,"value":65536,"op":"Total","minor":2}],"io_wait_time_recursive":[],"io_merged_recursive":[],"io_service_time_recursive":[]},"memory_stats":{"usage":4674891776,"max_usage":5587193856,"stats":{"hierarchical_memory_limit":9223372036854771712,"pgmajfault":0,"total_rss":212676608,"inactive_file":8192,"inactive_anon":3062566912,"total_pgfault":2525961,"total_cache":4417142784,"total_rss_huge":0,"total_active_anon":1567244288,"total_pgmajfault":0,"pgpgin":2876595,"rss_huge":0,"mapped_file":0,"total_inactive_file":8192,"dirty":0,"total_unevictable":0,"total_dirty":0,"writeback":0,"pgpgout":1746268,"hierarchical_memsw_limit":0,"cache":4417142784,"active_file":0,"pgfault":2525961,"total_mapped_file":0,"total_pgpgout":1746268,"total_writeback":0,"rss":212676608,"unevictable":0,"total_inactive_anon":3062566912,"total_pgpgin":2876595,"active_anon":1567244288,"total_active_file":0},"limit":540972998656},"name":"/Pickle-GwS4fMC3","networks":{"eth0":{"rx_bytes":1005348006,"rx_packets":76939,"tx_packets":45724,"tx_bytes":2542282,"tx_dropped":0,"rx_dropped":7,"tx_errors":0,"rx_errors":0}},"id":"29e46f967d0926944544228cc5c40ad25fb87a2ee6b42e759334f64d205bfb2d","preread":"0001-01-01T00:00:00Z","storage_stats":{},"precpu_stats":{"throttling_data":{"throttled_periods":0,"throttled_time":0,"periods":0},"cpu_usage":{"usage_in_usermode":0,"usage_in_kernelmode":0,"total_usage":0}},"pids_stats":{"current":38},"num_procs":0,"cpu_stats":{"throttling_data":{"throttled_periods":0,"throttled_time":0,"periods":0},"system_cpu_usage":95876718700000000,"online_cpus":128,"cpu_usage":{"usage_in_usermode":161520000000,"usage_in_kernelmode":16260000000,"total_usage":177524860943,"percpu_usage":[0,0,0,0,0,0,0,0,0,0,0,0,0,0,0,0,0,0,0,0,0,0,0,0,0,0,0,0,0,0,0,0,0,0,0,0,0,18336719,0,0,0,0,0,0,0,0,0,0,0,0,0,0,0,0,0,0,0,0,0,0,0,0,0,0,0,0,0,0,0,0,0,0,0,0,0,0,0,0,0,0,0,0,0,0,0,0,0,0,0,0,0,0,0,0,0,0,0,0,0,0,0,0,177506524224,0,0,0,0,0,0,0,0,0,0,0,0,0,0,0,0,0,0,0,0,0,0,0,0,0]}},"read":"2020-10-28T15:35:57.485294347Z"}