Julia Version 1.6.0-DEV.1310
Commit 1c8ab630d2 (2020-10-22 01:40 UTC)
Platform Info:
  OS: Linux (x86_64-linux-gnu)
  CPU: AMD EPYC 7502 32-Core Processor
  WORD_SIZE: 64
  LIBM: libopenlibm
  LLVM: libLLVM-11.0.0 (ORCJIT, znver2)
Environment:
  JULIA_DEPOT_PATH = ::/usr/local/share/julia
  JULIA_NUM_THREADS = 2
  JULIA_MAX_NUM_PRECOMPILE_FILES = 9223372036854775807

   Resolving package versions...
   Installed OpenSpecFun_jll â”€â”€â”€â”€â”€â”€â”€â”€â”€â”€â”€â”€â”€â”€ v0.5.3+4
   Installed DataAPI â”€â”€â”€â”€â”€â”€â”€â”€â”€â”€â”€â”€â”€â”€â”€â”€â”€â”€â”€â”€â”€â”€ v1.3.0
   Installed Rmath â”€â”€â”€â”€â”€â”€â”€â”€â”€â”€â”€â”€â”€â”€â”€â”€â”€â”€â”€â”€â”€â”€â”€â”€ v0.6.1
   Installed PDMats â”€â”€â”€â”€â”€â”€â”€â”€â”€â”€â”€â”€â”€â”€â”€â”€â”€â”€â”€â”€â”€â”€â”€ v0.10.1
   Installed Missings â”€â”€â”€â”€â”€â”€â”€â”€â”€â”€â”€â”€â”€â”€â”€â”€â”€â”€â”€â”€â”€ v0.4.4
   Installed Inflate â”€â”€â”€â”€â”€â”€â”€â”€â”€â”€â”€â”€â”€â”€â”€â”€â”€â”€â”€â”€â”€â”€ v0.1.2
   Installed POMDPs â”€â”€â”€â”€â”€â”€â”€â”€â”€â”€â”€â”€â”€â”€â”€â”€â”€â”€â”€â”€â”€â”€â”€ v0.9.1
   Installed Distributions â”€â”€â”€â”€â”€â”€â”€â”€â”€â”€â”€â”€â”€â”€â”€â”€ v0.23.12
   Installed Rmath_jll â”€â”€â”€â”€â”€â”€â”€â”€â”€â”€â”€â”€â”€â”€â”€â”€â”€â”€â”€â”€ v0.2.2+1
   Installed FillArrays â”€â”€â”€â”€â”€â”€â”€â”€â”€â”€â”€â”€â”€â”€â”€â”€â”€â”€â”€ v0.9.7
   Installed CompilerSupportLibraries_jll â”€ v0.3.4+0
   Installed Compat â”€â”€â”€â”€â”€â”€â”€â”€â”€â”€â”€â”€â”€â”€â”€â”€â”€â”€â”€â”€â”€â”€â”€ v3.21.0
   Installed SimpleTraits â”€â”€â”€â”€â”€â”€â”€â”€â”€â”€â”€â”€â”€â”€â”€â”€â”€ v0.9.3
   Installed OrderedCollections â”€â”€â”€â”€â”€â”€â”€â”€â”€â”€â”€ v1.3.1
   Installed StaticArrays â”€â”€â”€â”€â”€â”€â”€â”€â”€â”€â”€â”€â”€â”€â”€â”€â”€ v0.12.4
   Installed SortingAlgorithms â”€â”€â”€â”€â”€â”€â”€â”€â”€â”€â”€â”€ v0.3.1
   Installed MacroTools â”€â”€â”€â”€â”€â”€â”€â”€â”€â”€â”€â”€â”€â”€â”€â”€â”€â”€â”€ v0.5.6
   Installed JLLWrappers â”€â”€â”€â”€â”€â”€â”€â”€â”€â”€â”€â”€â”€â”€â”€â”€â”€â”€ v1.1.2
   Installed NamedTupleTools â”€â”€â”€â”€â”€â”€â”€â”€â”€â”€â”€â”€â”€â”€ v0.13.6
   Installed SpecialFunctions â”€â”€â”€â”€â”€â”€â”€â”€â”€â”€â”€â”€â”€ v0.10.3
   Installed ArnoldiMethod â”€â”€â”€â”€â”€â”€â”€â”€â”€â”€â”€â”€â”€â”€â”€â”€ v0.0.4
   Installed POMDPLinter â”€â”€â”€â”€â”€â”€â”€â”€â”€â”€â”€â”€â”€â”€â”€â”€â”€â”€ v0.1.1
   Installed DataStructures â”€â”€â”€â”€â”€â”€â”€â”€â”€â”€â”€â”€â”€â”€â”€ v0.18.7
   Installed QuadGK â”€â”€â”€â”€â”€â”€â”€â”€â”€â”€â”€â”€â”€â”€â”€â”€â”€â”€â”€â”€â”€â”€â”€ v2.4.1
   Installed LightGraphs â”€â”€â”€â”€â”€â”€â”€â”€â”€â”€â”€â”€â”€â”€â”€â”€â”€â”€ v1.3.0
   Installed StatsFuns â”€â”€â”€â”€â”€â”€â”€â”€â”€â”€â”€â”€â”€â”€â”€â”€â”€â”€â”€â”€ v0.9.5
   Installed StatsBase â”€â”€â”€â”€â”€â”€â”€â”€â”€â”€â”€â”€â”€â”€â”€â”€â”€â”€â”€â”€ v0.33.2
Updating `~/.julia/environments/v1.6/Project.toml`
  [a93abf59] + POMDPs v0.9.1
Updating `~/.julia/environments/v1.6/Manifest.toml`
  [ec485272] + ArnoldiMethod v0.0.4
  [34da2185] + Compat v3.21.0
  [9a962f9c] + DataAPI v1.3.0
  [864edb3b] + DataStructures v0.18.7
  [31c24e10] + Distributions v0.23.12
  [1a297f60] + FillArrays v0.9.7
  [d25df0c9] + Inflate v0.1.2
  [692b3bcd] + JLLWrappers v1.1.2
  [093fc24a] + LightGraphs v1.3.0
  [1914dd2f] + MacroTools v0.5.6
  [e1d29d7a] + Missings v0.4.4
  [d9ec5142] + NamedTupleTools v0.13.6
  [bac558e1] + OrderedCollections v1.3.1
  [90014a1f] + PDMats v0.10.1
  [f3bd98c0] + POMDPLinter v0.1.1
  [a93abf59] + POMDPs v0.9.1
  [1fd47b50] + QuadGK v2.4.1
  [79098fc4] + Rmath v0.6.1
  [699a6c99] + SimpleTraits v0.9.3
  [a2af1166] + SortingAlgorithms v0.3.1
  [276daf66] + SpecialFunctions v0.10.3
  [90137ffa] + StaticArrays v0.12.4
  [2913bbd2] + StatsBase v0.33.2
  [4c63d2b9] + StatsFuns v0.9.5
  [e66e0078] + CompilerSupportLibraries_jll v0.3.4+0
  [efe28fd5] + OpenSpecFun_jll v0.5.3+4
  [f50d1b31] + Rmath_jll v0.2.2+1
  [0dad84c5] + ArgTools
  [56f22d72] + Artifacts
  [2a0f44e3] + Base64
  [ade2ca70] + Dates
  [8bb1440f] + DelimitedFiles
  [8ba89e20] + Distributed
  [f43a241f] + Downloads
  [b77e0a4c] + InteractiveUtils
  [b27032c2] + LibCURL
  [76f85450] + LibGit2
  [8f399da3] + Libdl
  [37e2e46d] + LinearAlgebra
  [56ddb016] + Logging
  [d6f4376e] + Markdown
  [a63ad114] + Mmap
  [44cfe95a] + Pkg
  [de0858da] + Printf
  [3fa0cd96] + REPL
  [9a3f8284] + Random
  [ea8e919c] + SHA
  [9e88b42a] + Serialization
  [1a1011a3] + SharedArrays
  [6462fe0b] + Sockets
  [2f01184e] + SparseArrays
  [10745b16] + Statistics
  [4607b0f0] + SuiteSparse
  [fa267f1f] + TOML
  [8dfed614] + Test
  [cf7118a7] + UUIDs
  [4ec0a83e] + Unicode
  [deac9b47] + LibCURL_jll
  [14a3606d] + MozillaCACerts_jll
Precompiling project... (tip: to disable auto-precompilation set ENV["JULIA_PKG_PRECOMPILE_AUTO"]=0)
[32m  âœ“ [39m[90mDataAPI[39m
[32m  âœ“ [39m[90mNamedTupleTools[39m
[32m  âœ“ [39m[90mPOMDPLinter[39m
[32m  âœ“ [39m[90mJLLWrappers[39m
[32m  âœ“ [39m[90mInflate[39m
[32m  âœ“ [39m[90mOrderedCollections[39m
[32m  âœ“ [39m[90mPDMats[39m
[32m  âœ“ [39m[90mMissings[39m
[32m  âœ“ [39m[90mCompat[39m
[32m  âœ“ [39m[90mFillArrays[39m
[32m  âœ“ [39m[90mRmath_jll[39m
[32m  âœ“ [39m[90mCompilerSupportLibraries_jll[39m
[32m  âœ“ [39m[90mRmath[39m
[32m  âœ“ [39m[90mMacroTools[39m
[32m  âœ“ [39m[90mSimpleTraits[39m
[32m  âœ“ [39m[90mOpenSpecFun_jll[39m
[32m  âœ“ [39m[90mStaticArrays[39m
[32m  âœ“ [39m[90mDataStructures[39m
[32m  âœ“ [39m[90mArnoldiMethod[39m
[32m  âœ“ [39m[90mSpecialFunctions[39m
[32m  âœ“ [39m[90mSortingAlgorithms[39m
[32m  âœ“ [39m[90mQuadGK[39m
[32m  âœ“ [39m[90mStatsBase[39m
[32m  âœ“ [39m[90mStatsFuns[39m
[32m  âœ“ [39m[90mLightGraphs[39m
[32m  âœ“ [39m[90mDistributions[39m
[32m  âœ“ [39mPOMDPs
27 dependencies successfully precompiled
     Testing POMDPs
Status `/tmp/jl_mm4r3W/Project.toml`
  [31c24e10] Distributions v0.23.12
  [093fc24a] LightGraphs v1.3.0
  [d9ec5142] NamedTupleTools v0.13.6
  [f3bd98c0] POMDPLinter v0.1.1
  [a93abf59] POMDPs v0.9.1
  [44cfe95a] Pkg
  [9a3f8284] Random
  [10745b16] Statistics
  [8dfed614] Test
Status `/tmp/jl_mm4r3W/Manifest.toml`
  [ec485272] ArnoldiMethod v0.0.4
  [34da2185] Compat v3.21.0
  [9a962f9c] DataAPI v1.3.0
  [864edb3b] DataStructures v0.18.7
  [31c24e10] Distributions v0.23.12
  [1a297f60] FillArrays v0.9.7
  [d25df0c9] Inflate v0.1.2
  [692b3bcd] JLLWrappers v1.1.2
  [093fc24a] LightGraphs v1.3.0
  [1914dd2f] MacroTools v0.5.6
  [e1d29d7a] Missings v0.4.4
  [d9ec5142] NamedTupleTools v0.13.6
  [bac558e1] OrderedCollections v1.3.1
  [90014a1f] PDMats v0.10.1
  [f3bd98c0] POMDPLinter v0.1.1
  [a93abf59] POMDPs v0.9.1
  [1fd47b50] QuadGK v2.4.1
  [79098fc4] Rmath v0.6.1
  [699a6c99] SimpleTraits v0.9.3
  [a2af1166] SortingAlgorithms v0.3.1
  [276daf66] SpecialFunctions v0.10.3
  [90137ffa] StaticArrays v0.12.4
  [2913bbd2] StatsBase v0.33.2
  [4c63d2b9] StatsFuns v0.9.5
  [e66e0078] CompilerSupportLibraries_jll v0.3.4+0
  [efe28fd5] OpenSpecFun_jll v0.5.3+4
  [f50d1b31] Rmath_jll v0.2.2+1
  [0dad84c5] ArgTools
  [56f22d72] Artifacts
  [2a0f44e3] Base64
  [ade2ca70] Dates
  [8bb1440f] DelimitedFiles
  [8ba89e20] Distributed
  [f43a241f] Downloads
  [b77e0a4c] InteractiveUtils
  [b27032c2] LibCURL
  [76f85450] LibGit2
  [8f399da3] Libdl
  [37e2e46d] LinearAlgebra
  [56ddb016] Logging
  [d6f4376e] Markdown
  [a63ad114] Mmap
  [44cfe95a] Pkg
  [de0858da] Printf
  [3fa0cd96] REPL
  [9a3f8284] Random
  [ea8e919c] SHA
  [9e88b42a] Serialization
  [1a1011a3] SharedArrays
  [6462fe0b] Sockets
  [2f01184e] SparseArrays
  [10745b16] Statistics
  [4607b0f0] SuiteSparse
  [fa267f1f] TOML
  [8dfed614] Test
  [cf7118a7] UUIDs
  [4ec0a83e] Unicode
  [deac9b47] LibCURL_jll
  [14a3606d] MozillaCACerts_jll
     Testing Running tests...
â”Œ Warning: The call to compilecache failed to create a usable precompiled cache file for POMDPs [a93abf59-7444-517b-a68a-c42f96afdd7d]
â”‚   exception = Required dependency LightGraphs [093fc24a-ae57-5d10-9952-331d41423f4d] failed to load from a cache file.
â”” @ Base loading.jl:1045
Test Summary: | Pass  Total
infer         |    9      9
generative: Test Failed at /home/pkgeval/.julia/packages/POMDPs/2dEq8/test/test_generative.jl:16
  Expression: occursin("transition", str)
   Evaluated: occursin("transition", "MethodError: no method matching sorted_deppairs(::Type{W}, ::Symbol)\nThe applicable method may be too new: running in world age 29463, while current world is 29509.\nClosest candidates are:\n  sorted_deppairs(::Type{var\"#s11\"} where var\"#s11\"<:POMDP, ::Any) at /home/pkgeval/.julia/packages/POMDPs/2dEq8/src/gen_impl.jl:66 (method too new to be called from this world context.)\n  sorted_deppairs(!Matched::Type{var\"#s11\"} where var\"#s11\"<:MDP, ::Any) at /home/pkgeval/.julia/packages/POMDPs/2dEq8/src/gen_impl.jl:56 (method too new to be called from this world context.)\n  sorted_deppairs(!Matched::Dict{Symbol, Vector{Symbol}}, ::Symbol) at /home/pkgeval/.julia/packages/POMDPs/2dEq8/src/gen_impl.jl:93 (method too new to be called from this world context.)\n  ...")
Stacktrace:
 [1] top-level scope
   @ ~/.julia/packages/POMDPs/2dEq8/test/test_generative.jl:16
 [2] include(fname::String)
   @ Base.MainInclude ./client.jl:444
 [3] top-level scope
   @ ~/.julia/packages/POMDPs/2dEq8/test/runtests.jl:11
 [4] top-level scope
   @ /workspace/srcdir/usr/share/julia/stdlib/v1.6/Test/src/Test.jl:1144
 [5] top-level scope
   @ ~/.julia/packages/POMDPs/2dEq8/test/runtests.jl:11
generative: Test Failed at /home/pkgeval/.julia/packages/POMDPs/2dEq8/test/test_generative.jl:23
  Expression: (#= /home/pkgeval/.julia/packages/POMDPs/2dEq8/test/test_generative.jl:23 =# @gen(:sp))(W(), 1, true, Random.GLOBAL_RNG)
    Expected: AssertionError
      Thrown: MethodError
Stacktrace:
 [1] top-level scope
   @ ~/.julia/packages/POMDPs/2dEq8/src/generative.jl:65
 [2] include(fname::String)
   @ Base.MainInclude ./client.jl:444
 [3] top-level scope
   @ ~/.julia/packages/POMDPs/2dEq8/test/runtests.jl:11
 [4] top-level scope
   @ /workspace/srcdir/usr/share/julia/stdlib/v1.6/Test/src/Test.jl:1144
 [5] top-level scope
   @ ~/.julia/packages/POMDPs/2dEq8/test/runtests.jl:11
generative: Test Failed at /home/pkgeval/.julia/packages/POMDPs/2dEq8/test/test_generative.jl:24
  Expression: (#= /home/pkgeval/.julia/packages/POMDPs/2dEq8/test/test_generative.jl:24 =# @gen(:sp, :r))(W(), 1, true, Random.GLOBAL_RNG)
    Expected: AssertionError
      Thrown: MethodError
Stacktrace:
 [1] top-level scope
   @ ~/.julia/packages/POMDPs/2dEq8/src/generative.jl:65
 [2] include(fname::String)
   @ Base.MainInclude ./client.jl:444
 [3] top-level scope
   @ ~/.julia/packages/POMDPs/2dEq8/test/runtests.jl:11
 [4] top-level scope
   @ /workspace/srcdir/usr/share/julia/stdlib/v1.6/Test/src/Test.jl:1144
 [5] top-level scope
   @ ~/.julia/packages/POMDPs/2dEq8/test/runtests.jl:11
generative: Test Failed at /home/pkgeval/.julia/packages/POMDPs/2dEq8/test/test_generative.jl:34
  Expression: occursin("observation", str)
   Evaluated: occursin("observation", "MethodError: no method matching sorted_deppairs(::Type{W}, ::Symbol)\nThe applicable method may be too new: running in world age 29463, while current world is 29528.\nClosest candidates are:\n  sorted_deppairs(::Type{var\"#s11\"} where var\"#s11\"<:POMDP, ::Any) at /home/pkgeval/.julia/packages/POMDPs/2dEq8/src/gen_impl.jl:66 (method too new to be called from this world context.)\n  sorted_deppairs(!Matched::Type{var\"#s11\"} where var\"#s11\"<:MDP, ::Any) at /home/pkgeval/.julia/packages/POMDPs/2dEq8/src/gen_impl.jl:56 (method too new to be called from this world context.)\n  sorted_deppairs(!Matched::Dict{Symbol, Vector{Symbol}}, ::Symbol) at /home/pkgeval/.julia/packages/POMDPs/2dEq8/src/gen_impl.jl:93 (method too new to be called from this world context.)\n  ...")
Stacktrace:
 [1] top-level scope
   @ ~/.julia/packages/POMDPs/2dEq8/test/test_generative.jl:34
 [2] include(fname::String)
   @ Base.MainInclude ./client.jl:444
 [3] top-level scope
   @ ~/.julia/packages/POMDPs/2dEq8/test/runtests.jl:11
 [4] top-level scope
   @ /workspace/srcdir/usr/share/julia/stdlib/v1.6/Test/src/Test.jl:1144
 [5] top-level scope
   @ ~/.julia/packages/POMDPs/2dEq8/test/runtests.jl:11
generative: Error During Test at /home/pkgeval/.julia/packages/POMDPs/2dEq8/test/test_generative.jl:40
  Test threw exception
  Expression: #= /home/pkgeval/.julia/packages/POMDPs/2dEq8/test/test_generative.jl:40 =# @inferred((#= /home/pkgeval/.julia/packages/POMDPs/2dEq8/test/test_generative.jl:40 =# @gen(:sp))(B(), 1, false, Random.GLOBAL_RNG)) == 1
  MethodError: no method matching sorted_deppairs(::Type{B}, ::Symbol)
  The applicable method may be too new: running in world age 29463, while current world is 29534.
  Closest candidates are:
    sorted_deppairs(::Type{var"#s11"} where var"#s11"<:POMDP, ::Any) at /home/pkgeval/.julia/packages/POMDPs/2dEq8/src/gen_impl.jl:66 (method too new to be called from this world context.)
    sorted_deppairs(!Matched::Type{var"#s11"} where var"#s11"<:MDP, ::Any) at /home/pkgeval/.julia/packages/POMDPs/2dEq8/src/gen_impl.jl:56 (method too new to be called from this world context.)
    sorted_deppairs(!Matched::Dict{Symbol, Vector{Symbol}}, ::Symbol) at /home/pkgeval/.julia/packages/POMDPs/2dEq8/src/gen_impl.jl:93 (method too new to be called from this world context.)
    ...
  Stacktrace:
   [1] #s7#1
     @ ~/.julia/packages/POMDPs/2dEq8/src/gen_impl.jl:28 [inlined]
   [2] var"#s7#1"(symbols::Any, ::Any, v::Any, m::Any, s::Any, a::Any, rng::Any)
     @ POMDPs ./none:0
   [3] (::Core.GeneratedFunctionStub)(::Any, ::Vararg{Any, N} where N)
     @ Core ./boot.jl:571
   [4] (::var"#288#f#10")(m::B, s::Int64, a::Bool, rng::Random._GLOBAL_RNG)
     @ Main ~/.julia/packages/POMDPs/2dEq8/src/generative.jl:65
   [5] top-level scope
     @ ~/.julia/packages/POMDPs/2dEq8/src/generative.jl:65
   [6] include(fname::String)
     @ Base.MainInclude ./client.jl:444
   [7] top-level scope
     @ ~/.julia/packages/POMDPs/2dEq8/test/runtests.jl:11
   [8] top-level scope
     @ /workspace/srcdir/usr/share/julia/stdlib/v1.6/Test/src/Test.jl:1144
   [9] top-level scope
     @ ~/.julia/packages/POMDPs/2dEq8/test/runtests.jl:11
generative: Error During Test at /home/pkgeval/.julia/packages/POMDPs/2dEq8/test/test_generative.jl:46
  Test threw exception
  Expression: #= /home/pkgeval/.julia/packages/POMDPs/2dEq8/test/test_generative.jl:46 =# @inferred((#= /home/pkgeval/.julia/packages/POMDPs/2dEq8/test/test_generative.jl:46 =# @gen(:sp, :r))(B(), 1, false, Random.GLOBAL_RNG)) == (1, -1.0)
  MethodError: no method matching sorted_deppairs(::Type{B}, ::Tuple{Symbol, Symbol})
  The applicable method may be too new: running in world age 29463, while current world is 29542.
  Closest candidates are:
    sorted_deppairs(::Type{var"#s11"} where var"#s11"<:POMDP, ::Any) at /home/pkgeval/.julia/packages/POMDPs/2dEq8/src/gen_impl.jl:66 (method too new to be called from this world context.)
    sorted_deppairs(!Matched::Type{var"#s11"} where var"#s11"<:MDP, ::Any) at /home/pkgeval/.julia/packages/POMDPs/2dEq8/src/gen_impl.jl:56 (method too new to be called from this world context.)
    sorted_deppairs(!Matched::Dict{Symbol, Vector{Symbol}}, ::Any) at /home/pkgeval/.julia/packages/POMDPs/2dEq8/src/gen_impl.jl:77 (method too new to be called from this world context.)
  Stacktrace:
   [1] #s7#1
     @ ~/.julia/packages/POMDPs/2dEq8/src/gen_impl.jl:28 [inlined]
   [2] var"#s7#1"(symbols::Any, ::Any, v::Any, m::Any, s::Any, a::Any, rng::Any)
     @ POMDPs ./none:0
   [3] (::Core.GeneratedFunctionStub)(::Any, ::Vararg{Any, N} where N)
     @ Core ./boot.jl:571
   [4] (::var"#315#f#13")(m::B, s::Int64, a::Bool, rng::Random._GLOBAL_RNG)
     @ Main ~/.julia/packages/POMDPs/2dEq8/src/generative.jl:65
   [5] top-level scope
     @ ~/.julia/packages/POMDPs/2dEq8/src/generative.jl:65
   [6] include(fname::String)
     @ Base.MainInclude ./client.jl:444
   [7] top-level scope
     @ ~/.julia/packages/POMDPs/2dEq8/test/runtests.jl:11
   [8] top-level scope
     @ /workspace/srcdir/usr/share/julia/stdlib/v1.6/Test/src/Test.jl:1144
   [9] top-level scope
     @ ~/.julia/packages/POMDPs/2dEq8/test/runtests.jl:11
generative: Error During Test at /home/pkgeval/.julia/packages/POMDPs/2dEq8/test/test_generative.jl:48
  Test threw exception
  Expression: #= /home/pkgeval/.julia/packages/POMDPs/2dEq8/test/test_generative.jl:48 =# @inferred((#= /home/pkgeval/.julia/packages/POMDPs/2dEq8/test/test_generative.jl:48 =# @gen(:sp, :o, :r))(B(), 1, true, Random.GLOBAL_RNG)) == (2, 2, -1.0)
  MethodError: no method matching sorted_deppairs(::Type{B}, ::Tuple{Symbol, Symbol, Symbol})
  The applicable method may be too new: running in world age 29463, while current world is 29546.
  Closest candidates are:
    sorted_deppairs(::Type{var"#s11"} where var"#s11"<:POMDP, ::Any) at /home/pkgeval/.julia/packages/POMDPs/2dEq8/src/gen_impl.jl:66 (method too new to be called from this world context.)
    sorted_deppairs(!Matched::Type{var"#s11"} where var"#s11"<:MDP, ::Any) at /home/pkgeval/.julia/packages/POMDPs/2dEq8/src/gen_impl.jl:56 (method too new to be called from this world context.)
    sorted_deppairs(!Matched::Dict{Symbol, Vector{Symbol}}, ::Any) at /home/pkgeval/.julia/packages/POMDPs/2dEq8/src/gen_impl.jl:77 (method too new to be called from this world context.)
  Stacktrace:
   [1] #s7#1
     @ ~/.julia/packages/POMDPs/2dEq8/src/gen_impl.jl:28 [inlined]
   [2] var"#s7#1"(symbols::Any, ::Any, v::Any, m::Any, s::Any, a::Any, rng::Any)
     @ POMDPs ./none:0
   [3] (::Core.GeneratedFunctionStub)(::Any, ::Vararg{Any, N} where N)
     @ Core ./boot.jl:571
   [4] (::var"#336#f#15")(m::B, s::Int64, a::Bool, rng::Random._GLOBAL_RNG)
     @ Main ~/.julia/packages/POMDPs/2dEq8/src/generative.jl:65
   [5] top-level scope
     @ ~/.julia/packages/POMDPs/2dEq8/src/generative.jl:65
   [6] include(fname::String)
     @ Base.MainInclude ./client.jl:444
   [7] top-level scope
     @ ~/.julia/packages/POMDPs/2dEq8/test/runtests.jl:11
   [8] top-level scope
     @ /workspace/srcdir/usr/share/julia/stdlib/v1.6/Test/src/Test.jl:1144
   [9] top-level scope
     @ ~/.julia/packages/POMDPs/2dEq8/test/runtests.jl:11
generative: Error During Test at /home/pkgeval/.julia/packages/POMDPs/2dEq8/test/test_generative.jl:54
  Test threw exception
  Expression: #= /home/pkgeval/.julia/packages/POMDPs/2dEq8/test/test_generative.jl:54 =# @inferred((#= /home/pkgeval/.julia/packages/POMDPs/2dEq8/test/test_generative.jl:54 =# @gen(:sp, :o, :r))(C(), nothing, nothing, Random.GLOBAL_RNG)) == (nothing, nothing, 0.0)
  MethodError: no method matching sorted_deppairs(::Type{C}, ::Tuple{Symbol, Symbol, Symbol})
  The applicable method may be too new: running in world age 29463, while current world is 29554.
  Closest candidates are:
    sorted_deppairs(::Type{var"#s11"} where var"#s11"<:POMDP, ::Any) at /home/pkgeval/.julia/packages/POMDPs/2dEq8/src/gen_impl.jl:66 (method too new to be called from this world context.)
    sorted_deppairs(!Matched::Type{var"#s11"} where var"#s11"<:MDP, ::Any) at /home/pkgeval/.julia/packages/POMDPs/2dEq8/src/gen_impl.jl:56 (method too new to be called from this world context.)
    sorted_deppairs(!Matched::Dict{Symbol, Vector{Symbol}}, ::Any) at /home/pkgeval/.julia/packages/POMDPs/2dEq8/src/gen_impl.jl:77 (method too new to be called from this world context.)
  Stacktrace:
   [1] #s7#1
     @ ~/.julia/packages/POMDPs/2dEq8/src/gen_impl.jl:28 [inlined]
   [2] var"#s7#1"(symbols::Any, ::Any, v::Any, m::Any, s::Any, a::Any, rng::Any)
     @ POMDPs ./none:0
   [3] (::Core.GeneratedFunctionStub)(::Any, ::Vararg{Any, N} where N)
     @ Core ./boot.jl:571
   [4] (::var"#358#f#17")(m::C, s::Nothing, a::Nothing, rng::Random._GLOBAL_RNG)
     @ Main ~/.julia/packages/POMDPs/2dEq8/src/generative.jl:65
   [5] top-level scope
     @ ~/.julia/packages/POMDPs/2dEq8/src/generative.jl:65
   [6] include(fname::String)
     @ Base.MainInclude ./client.jl:444
   [7] top-level scope
     @ ~/.julia/packages/POMDPs/2dEq8/test/runtests.jl:11
   [8] top-level scope
     @ /workspace/srcdir/usr/share/julia/stdlib/v1.6/Test/src/Test.jl:1144
   [9] top-level scope
     @ ~/.julia/packages/POMDPs/2dEq8/test/runtests.jl:11
generative: Error During Test at /home/pkgeval/.julia/packages/POMDPs/2dEq8/test/test_generative.jl:58
  Test threw exception
  Expression: #= /home/pkgeval/.julia/packages/POMDPs/2dEq8/test/test_generative.jl:58 =# @inferred((#= /home/pkgeval/.julia/packages/POMDPs/2dEq8/test/test_generative.jl:58 =# @gen(:sp))(GD(), 1, 1, Random.GLOBAL_RNG)) == 2
  MethodError: no method matching sorted_deppairs(::Type{GD}, ::Symbol)
  The applicable method may be too new: running in world age 29463, while current world is 29560.
  Closest candidates are:
    sorted_deppairs(::Type{var"#s11"} where var"#s11"<:MDP, ::Any) at /home/pkgeval/.julia/packages/POMDPs/2dEq8/src/gen_impl.jl:56 (method too new to be called from this world context.)
    sorted_deppairs(!Matched::Type{var"#s11"} where var"#s11"<:POMDP, ::Any) at /home/pkgeval/.julia/packages/POMDPs/2dEq8/src/gen_impl.jl:66 (method too new to be called from this world context.)
    sorted_deppairs(!Matched::Dict{Symbol, Vector{Symbol}}, ::Symbol) at /home/pkgeval/.julia/packages/POMDPs/2dEq8/src/gen_impl.jl:93 (method too new to be called from this world context.)
    ...
  Stacktrace:
   [1] #s7#1
     @ ~/.julia/packages/POMDPs/2dEq8/src/gen_impl.jl:28 [inlined]
   [2] var"#s7#1"(symbols::Any, ::Any, v::Any, m::Any, s::Any, a::Any, rng::Any)
     @ POMDPs ./none:0
   [3] (::Core.GeneratedFunctionStub)(::Any, ::Vararg{Any, N} where N)
     @ Core ./boot.jl:571
   [4] (::var"#380#f#19")(m::GD, s::Int64, a::Int64, rng::Random._GLOBAL_RNG)
     @ Main ~/.julia/packages/POMDPs/2dEq8/src/generative.jl:65
   [5] top-level scope
     @ ~/.julia/packages/POMDPs/2dEq8/src/generative.jl:65
   [6] include(fname::String)
     @ Base.MainInclude ./client.jl:444
   [7] top-level scope
     @ ~/.julia/packages/POMDPs/2dEq8/test/runtests.jl:11
   [8] top-level scope
     @ /workspace/srcdir/usr/share/julia/stdlib/v1.6/Test/src/Test.jl:1144
   [9] top-level scope
     @ ~/.julia/packages/POMDPs/2dEq8/test/runtests.jl:11
generative: Error During Test at /home/pkgeval/.julia/packages/POMDPs/2dEq8/test/test_generative.jl:60
  Test threw exception
  Expression: #= /home/pkgeval/.julia/packages/POMDPs/2dEq8/test/test_generative.jl:60 =# @inferred((#= /home/pkgeval/.julia/packages/POMDPs/2dEq8/test/test_generative.jl:60 =# @gen(:r))(GD(), 1, 1, Random.GLOBAL_RNG)) == 2
  MethodError: no method matching sorted_deppairs(::Type{GD}, ::Symbol)
  The applicable method may be too new: running in world age 29463, while current world is 29565.
  Closest candidates are:
    sorted_deppairs(::Type{var"#s11"} where var"#s11"<:MDP, ::Any) at /home/pkgeval/.julia/packages/POMDPs/2dEq8/src/gen_impl.jl:56 (method too new to be called from this world context.)
    sorted_deppairs(!Matched::Type{var"#s11"} where var"#s11"<:POMDP, ::Any) at /home/pkgeval/.julia/packages/POMDPs/2dEq8/src/gen_impl.jl:66 (method too new to be called from this world context.)
    sorted_deppairs(!Matched::Dict{Symbol, Vector{Symbol}}, ::Symbol) at /home/pkgeval/.julia/packages/POMDPs/2dEq8/src/gen_impl.jl:93 (method too new to be called from this world context.)
    ...
  Stacktrace:
   [1] #s7#1
     @ ~/.julia/packages/POMDPs/2dEq8/src/gen_impl.jl:28 [inlined]
   [2] var"#s7#1"(symbols::Any, ::Any, v::Any, m::Any, s::Any, a::Any, rng::Any)
     @ POMDPs ./none:0
   [3] (::Core.GeneratedFunctionStub)(::Any, ::Vararg{Any, N} where N)
     @ Core ./boot.jl:571
   [4] (::var"#401#f#21")(m::GD, s::Int64, a::Int64, rng::Random._GLOBAL_RNG)
     @ Main ~/.julia/packages/POMDPs/2dEq8/src/generative.jl:65
   [5] top-level scope
     @ ~/.julia/packages/POMDPs/2dEq8/src/generative.jl:65
   [6] include(fname::String)
     @ Base.MainInclude ./client.jl:444
   [7] top-level scope
     @ ~/.julia/packages/POMDPs/2dEq8/test/runtests.jl:11
   [8] top-level scope
     @ /workspace/srcdir/usr/share/julia/stdlib/v1.6/Test/src/Test.jl:1144
   [9] top-level scope
     @ ~/.julia/packages/POMDPs/2dEq8/test/runtests.jl:11
generative: Error During Test at /home/pkgeval/.julia/packages/POMDPs/2dEq8/test/test_generative.jl:66
  Test threw exception
  Expression: #= /home/pkgeval/.julia/packages/POMDPs/2dEq8/test/test_generative.jl:66 =# @inferred((#= /home/pkgeval/.julia/packages/POMDPs/2dEq8/test/test_generative.jl:66 =# @gen(:sp))(GE(), 1, 1, Random.GLOBAL_RNG)) == 2
  MethodError: no method matching sorted_deppairs(::Type{GE}, ::Symbol)
  The applicable method may be too new: running in world age 29463, while current world is 29575.
  Closest candidates are:
    sorted_deppairs(::Type{var"#s11"} where var"#s11"<:MDP, ::Any) at /home/pkgeval/.julia/packages/POMDPs/2dEq8/src/gen_impl.jl:56 (method too new to be called from this world context.)
    sorted_deppairs(!Matched::Type{var"#s11"} where var"#s11"<:POMDP, ::Any) at /home/pkgeval/.julia/packages/POMDPs/2dEq8/src/gen_impl.jl:66 (method too new to be called from this world context.)
    sorted_deppairs(!Matched::Dict{Symbol, Vector{Symbol}}, ::Symbol) at /home/pkgeval/.julia/packages/POMDPs/2dEq8/src/gen_impl.jl:93 (method too new to be called from this world context.)
    ...
  Stacktrace:
   [1] #s7#1
     @ ~/.julia/packages/POMDPs/2dEq8/src/gen_impl.jl:28 [inlined]
   [2] var"#s7#1"(symbols::Any, ::Any, v::Any, m::Any, s::Any, a::Any, rng::Any)
     @ POMDPs ./none:0
   [3] (::Core.GeneratedFunctionStub)(::Any, ::Vararg{Any, N} where N)
     @ Core ./boot.jl:571
   [4] (::var"#435#f#25")(m::GE, s::Int64, a::Int64, rng::Random._GLOBAL_RNG)
     @ Main ~/.julia/packages/POMDPs/2dEq8/src/generative.jl:65
   [5] top-level scope
     @ ~/.julia/packages/POMDPs/2dEq8/src/generative.jl:65
   [6] include(fname::String)
     @ Base.MainInclude ./client.jl:444
   [7] top-level scope
     @ ~/.julia/packages/POMDPs/2dEq8/test/runtests.jl:11
   [8] top-level scope
     @ /workspace/srcdir/usr/share/julia/stdlib/v1.6/Test/src/Test.jl:1144
   [9] top-level scope
     @ ~/.julia/packages/POMDPs/2dEq8/test/runtests.jl:11
generative: Error During Test at /home/pkgeval/.julia/packages/POMDPs/2dEq8/test/test_generative.jl:67
  Test threw exception
  Expression: #= /home/pkgeval/.julia/packages/POMDPs/2dEq8/test/test_generative.jl:67 =# @inferred((#= /home/pkgeval/.julia/packages/POMDPs/2dEq8/test/test_generative.jl:67 =# @gen(:sp, :r))(GE(), 1, 1, Random.GLOBAL_RNG)) == (2, 1)
  MethodError: no method matching sorted_deppairs(::Type{GE}, ::Tuple{Symbol, Symbol})
  The applicable method may be too new: running in world age 29463, while current world is 29579.
  Closest candidates are:
    sorted_deppairs(::Type{var"#s11"} where var"#s11"<:MDP, ::Any) at /home/pkgeval/.julia/packages/POMDPs/2dEq8/src/gen_impl.jl:56 (method too new to be called from this world context.)
    sorted_deppairs(!Matched::Type{var"#s11"} where var"#s11"<:POMDP, ::Any) at /home/pkgeval/.julia/packages/POMDPs/2dEq8/src/gen_impl.jl:66 (method too new to be called from this world context.)
    sorted_deppairs(!Matched::Dict{Symbol, Vector{Symbol}}, ::Any) at /home/pkgeval/.julia/packages/POMDPs/2dEq8/src/gen_impl.jl:77 (method too new to be called from this world context.)
  Stacktrace:
   [1] #s7#1
     @ ~/.julia/packages/POMDPs/2dEq8/src/gen_impl.jl:28 [inlined]
   [2] var"#s7#1"(symbols::Any, ::Any, v::Any, m::Any, s::Any, a::Any, rng::Any)
     @ POMDPs ./none:0
   [3] (::Core.GeneratedFunctionStub)(::Any, ::Vararg{Any, N} where N)
     @ Core ./boot.jl:571
   [4] (::var"#456#f#27")(m::GE, s::Int64, a::Int64, rng::Random._GLOBAL_RNG)
     @ Main ~/.julia/packages/POMDPs/2dEq8/src/generative.jl:65
   [5] top-level scope
     @ ~/.julia/packages/POMDPs/2dEq8/src/generative.jl:65
   [6] include(fname::String)
     @ Base.MainInclude ./client.jl:444
   [7] top-level scope
     @ ~/.julia/packages/POMDPs/2dEq8/test/runtests.jl:11
   [8] top-level scope
     @ /workspace/srcdir/usr/share/julia/stdlib/v1.6/Test/src/Test.jl:1144
   [9] top-level scope
     @ ~/.julia/packages/POMDPs/2dEq8/test/runtests.jl:11
Test Summary: | Pass  Fail  Error  Total
generative    |   10     4      8     22
ERROR: LoadError: Some tests did not pass: 10 passed, 4 failed, 8 errored, 0 broken.
in expression starting at /home/pkgeval/.julia/packages/POMDPs/2dEq8/test/runtests.jl:10
ERROR: Package POMDPs errored during testing
Stacktrace:
  [1] pkgerror(msg::String)
    @ Pkg.Types /workspace/srcdir/usr/share/julia/stdlib/v1.6/Pkg/src/Types.jl:52
  [2] test(ctx::Pkg.Types.Context, pkgs::Vector{Pkg.Types.PackageSpec}; coverage::Bool, julia_args::Cmd, test_args::Cmd, test_fn::Nothing)
    @ Pkg.Operations /workspace/srcdir/usr/share/julia/stdlib/v1.6/Pkg/src/Operations.jl:1650
  [3] test(ctx::Pkg.Types.Context, pkgs::Vector{Pkg.Types.PackageSpec}; coverage::Bool, test_fn::Nothing, julia_args::Cmd, test_args::Cmd, kwargs::Base.Iterators.Pairs{Union{}, Union{}, Tuple{}, NamedTuple{(), Tuple{}}})
    @ Pkg.API /workspace/srcdir/usr/share/julia/stdlib/v1.6/Pkg/src/API.jl:334
  [4] test(ctx::Pkg.Types.Context, pkgs::Vector{Pkg.Types.PackageSpec})
    @ Pkg.API /workspace/srcdir/usr/share/julia/stdlib/v1.6/Pkg/src/API.jl:321
  [5] #test#62
    @ /workspace/srcdir/usr/share/julia/stdlib/v1.6/Pkg/src/API.jl:71 [inlined]
  [6] test
    @ /workspace/srcdir/usr/share/julia/stdlib/v1.6/Pkg/src/API.jl:70 [inlined]
  [7] #test#61
    @ /workspace/srcdir/usr/share/julia/stdlib/v1.6/Pkg/src/API.jl:68 [inlined]
  [8] test
    @ /workspace/srcdir/usr/share/julia/stdlib/v1.6/Pkg/src/API.jl:68 [inlined]
  [9] test(pkg::String; kwargs::Base.Iterators.Pairs{Union{}, Union{}, Tuple{}, NamedTuple{(), Tuple{}}})
    @ Pkg.API /workspace/srcdir/usr/share/julia/stdlib/v1.6/Pkg/src/API.jl:67
 [10] test(pkg::String)
    @ Pkg.API /workspace/srcdir/usr/share/julia/stdlib/v1.6/Pkg/src/API.jl:67
 [11] top-level scope
    @ none:31
