Current time is 2020-10-25T23:17:25.347
Julia Version 1.5.3-pre.13
Commit 3de1115e9c (2020-10-23 21:58 UTC)
Platform Info:
  OS: Linux (x86_64-linux-gnu)
  CPU: AMD EPYC 7502 32-Core Processor
  WORD_SIZE: 64
  LIBM: libopenlibm
  LLVM: libLLVM-9.0.1 (ORCJIT, znver2)
Environment:
  JULIA_DEPOT_PATH = ::/usr/local/share/julia
  JULIA_NUM_THREADS = 2
  JULIA_MAX_NUM_PRECOMPILE_FILES = 9223372036854775807
  JULIA_PKG_SERVER = 

Starting installation at 2020-10-25T23:17:28.952
  Resolving package versions...
  Installed CEnum ─── v0.3.0
  Installed CUDAapi ─ v4.0.0
  Installed CUDAdrv ─ v6.3.0
Updating `~/.julia/environments/v1.5/Project.toml`
  [c5f51814] + CUDAdrv v6.3.0
Updating `~/.julia/environments/v1.5/Manifest.toml`
  [fa961155] + CEnum v0.3.0
  [3895d2a7] + CUDAapi v4.0.0
  [c5f51814] + CUDAdrv v6.3.0
  [8f399da3] + Libdl
  [56ddb016] + Logging
  [de0858da] + Printf
  [4ec0a83e] + Unicode
Starting tests at 2020-10-25T23:17:32.475
    Testing CUDAdrv
Status `/tmp/jl_XT4t7Z/Project.toml`
  [fa961155] CEnum v0.3.0
  [3895d2a7] CUDAapi v4.0.0
  [c5f51814] CUDAdrv v6.3.0
  [de0858da] Printf
  [8dfed614] Test
Status `/tmp/jl_XT4t7Z/Manifest.toml`
  [fa961155] CEnum v0.3.0
  [3895d2a7] CUDAapi v4.0.0
  [c5f51814] CUDAdrv v6.3.0
  [2a0f44e3] Base64
  [8ba89e20] Distributed
  [b77e0a4c] InteractiveUtils
  [8f399da3] Libdl
  [56ddb016] Logging
  [d6f4376e] Markdown
  [de0858da] Printf
  [9a3f8284] Random
  [9e88b42a] Serialization
  [6462fe0b] Sockets
  [8dfed614] Test
  [4ec0a83e] Unicode
┌ Error: Could not initialize CUDA
│   exception =
│    could not load library "libcuda"
│    libcuda.so: cannot open shared object file: No such file or directory
│    Stacktrace:
│     [1] dlopen(::String, ::UInt32; throw_error::Bool) at /workspace/srcdir/usr/share/julia/stdlib/v1.5/Libdl/src/Libdl.jl:109
│     [2] dlopen at /workspace/srcdir/usr/share/julia/stdlib/v1.5/Libdl/src/Libdl.jl:109 [inlined]
│     [3] #dlopen#2 at /workspace/srcdir/usr/share/julia/stdlib/v1.5/Libdl/src/Libdl.jl:105 [inlined]
│     [4] dlopen at /workspace/srcdir/usr/share/julia/stdlib/v1.5/Libdl/src/Libdl.jl:105 [inlined] (repeats 2 times)
│     [5] (::CUDAdrv.var"#2705#cache_fptr!#583")() at /home/pkgeval/.julia/packages/CUDAapi/XuSHC/src/call.jl:31
│     [6] macro expansion at /home/pkgeval/.julia/packages/CUDAapi/XuSHC/src/call.jl:39 [inlined]
│     [7] __configure__(::Bool) at /home/pkgeval/.julia/packages/CUDAdrv/Uc14X/src/CUDAdrv.jl:101
│     [8] (::CUDAdrv.var"#581#582"{Bool})() at /home/pkgeval/.julia/packages/CUDAdrv/Uc14X/src/CUDAdrv.jl:66
│     [9] lock(::CUDAdrv.var"#581#582"{Bool}, ::ReentrantLock) at ./lock.jl:161
│     [10] _functional(::Bool) at /home/pkgeval/.julia/packages/CUDAdrv/Uc14X/src/CUDAdrv.jl:63
│     [11] functional(::Bool) at /home/pkgeval/.julia/packages/CUDAdrv/Uc14X/src/CUDAdrv.jl:56
│     [12] top-level scope at /home/pkgeval/.julia/packages/CUDAdrv/Uc14X/test/runtests.jl:12
│     [13] top-level scope at /workspace/srcdir/usr/share/julia/stdlib/v1.5/Test/src/Test.jl:1115
│     [14] top-level scope at /home/pkgeval/.julia/packages/CUDAdrv/Uc14X/test/runtests.jl:7
│     [15] include(::String) at ./client.jl:457
│     [16] top-level scope at none:6
│     [17] eval(::Module, ::Any) at ./boot.jl:331
│     [18] exec_options(::Base.JLOptions) at ./client.jl:272
│     [19] _start() at ./client.jl:506
└ @ CUDAdrv ~/.julia/packages/CUDAdrv/Uc14X/src/CUDAdrv.jl:108
CUDAdrv: Test Failed at /home/pkgeval/.julia/packages/CUDAdrv/Uc14X/test/runtests.jl:12
  Expression: CUDAdrv.functional(true)
Stacktrace:
 [1] top-level scope at /home/pkgeval/.julia/packages/CUDAdrv/Uc14X/test/runtests.jl:12
 [2] top-level scope at /workspace/srcdir/usr/share/julia/stdlib/v1.5/Test/src/Test.jl:1115
 [3] top-level scope at /home/pkgeval/.julia/packages/CUDAdrv/Uc14X/test/runtests.jl:7
CUDAdrv: Error During Test at /home/pkgeval/.julia/packages/CUDAdrv/Uc14X/test/runtests.jl:14
  Test threw exception
  Expression: length(devices()) > 0
  AssertionError: CUDAdrv.jl did not successfully initialize, and is not usable.
  Stacktrace:
   [1] libcuda at /home/pkgeval/.julia/packages/CUDAdrv/Uc14X/src/CUDAdrv.jl:82 [inlined]
   [2] (::CUDAdrv.var"#626#cache_fptr!#11")() at /home/pkgeval/.julia/packages/CUDAapi/XuSHC/src/call.jl:31
   [3] macro expansion at /home/pkgeval/.julia/packages/CUDAapi/XuSHC/src/call.jl:39 [inlined]
   [4] macro expansion at /home/pkgeval/.julia/packages/CUDAdrv/Uc14X/src/libcuda.jl:36 [inlined]
   [5] macro expansion at /home/pkgeval/.julia/packages/CUDAdrv/Uc14X/src/error.jl:110 [inlined]
   [6] cuDeviceGetCount at /home/pkgeval/.julia/packages/CUDAapi/XuSHC/src/call.jl:93 [inlined]
   [7] length(::CUDAdrv.DeviceSet) at /home/pkgeval/.julia/packages/CUDAdrv/Uc14X/src/devices.jl:105
   [8] top-level scope at /home/pkgeval/.julia/packages/CUDAdrv/Uc14X/test/runtests.jl:14
   [9] top-level scope at /workspace/srcdir/usr/share/julia/stdlib/v1.5/Test/src/Test.jl:1115
   [10] top-level scope at /home/pkgeval/.julia/packages/CUDAdrv/Uc14X/test/runtests.jl:7
  
CUDAdrv: Error During Test at /home/pkgeval/.julia/packages/CUDAdrv/Uc14X/test/runtests.jl:5
  Got exception outside of a @test
  AssertionError: CUDAdrv.jl did not successfully initialize, and is not usable.
  Stacktrace:
   [1] libcuda at /home/pkgeval/.julia/packages/CUDAdrv/Uc14X/src/CUDAdrv.jl:82 [inlined]
   [2] (::CUDAdrv.var"#626#cache_fptr!#11")() at /home/pkgeval/.julia/packages/CUDAapi/XuSHC/src/call.jl:31
   [3] macro expansion at /home/pkgeval/.julia/packages/CUDAapi/XuSHC/src/call.jl:39 [inlined]
   [4] macro expansion at /home/pkgeval/.julia/packages/CUDAdrv/Uc14X/src/libcuda.jl:36 [inlined]
   [5] macro expansion at /home/pkgeval/.julia/packages/CUDAdrv/Uc14X/src/error.jl:110 [inlined]
   [6] cuDeviceGetCount at /home/pkgeval/.julia/packages/CUDAapi/XuSHC/src/call.jl:93 [inlined]
   [7] length(::CUDAdrv.DeviceSet) at /home/pkgeval/.julia/packages/CUDAdrv/Uc14X/src/devices.jl:105
   [8] top-level scope at /home/pkgeval/.julia/packages/CUDAdrv/Uc14X/test/runtests.jl:15
   [9] top-level scope at /workspace/srcdir/usr/share/julia/stdlib/v1.5/Test/src/Test.jl:1115
   [10] top-level scope at /home/pkgeval/.julia/packages/CUDAdrv/Uc14X/test/runtests.jl:7
   [11] include(::String) at ./client.jl:457
   [12] top-level scope at none:6
   [13] eval(::Module, ::Any) at ./boot.jl:331
   [14] exec_options(::Base.JLOptions) at ./client.jl:272
   [15] _start() at ./client.jl:506
  
Test Summary: | Pass  Fail  Error  Total
CUDAdrv       |   10     1      2     13
  pointer     |    7                   7
ERROR: LoadError: Some tests did not pass: 10 passed, 1 failed, 2 errored, 0 broken.
in expression starting at /home/pkgeval/.julia/packages/CUDAdrv/Uc14X/test/runtests.jl:5
ERROR: Package CUDAdrv errored during testing
Stacktrace:
 [1] pkgerror(::String) at /workspace/srcdir/usr/share/julia/stdlib/v1.5/Pkg/src/Types.jl:52
 [2] test(::Pkg.Types.Context, ::Array{Pkg.Types.PackageSpec,1}; coverage::Bool, julia_args::Cmd, test_args::Cmd, test_fn::Nothing) at /workspace/srcdir/usr/share/julia/stdlib/v1.5/Pkg/src/Operations.jl:1578
 [3] test(::Pkg.Types.Context, ::Array{Pkg.Types.PackageSpec,1}; coverage::Bool, test_fn::Nothing, julia_args::Cmd, test_args::Cmd, kwargs::Base.Iterators.Pairs{Union{},Union{},Tuple{},NamedTuple{(),Tuple{}}}) at /workspace/srcdir/usr/share/julia/stdlib/v1.5/Pkg/src/API.jl:327
 [4] test(::Pkg.Types.Context, ::Array{Pkg.Types.PackageSpec,1}) at /workspace/srcdir/usr/share/julia/stdlib/v1.5/Pkg/src/API.jl:314
 [5] #test#61 at /workspace/srcdir/usr/share/julia/stdlib/v1.5/Pkg/src/API.jl:67 [inlined]
 [6] test at /workspace/srcdir/usr/share/julia/stdlib/v1.5/Pkg/src/API.jl:67 [inlined]
 [7] #test#60 at /workspace/srcdir/usr/share/julia/stdlib/v1.5/Pkg/src/API.jl:66 [inlined]
 [8] test at /workspace/srcdir/usr/share/julia/stdlib/v1.5/Pkg/src/API.jl:66 [inlined]
 [9] test(::String; kwargs::Base.Iterators.Pairs{Union{},Union{},Tuple{},NamedTuple{(),Tuple{}}}) at /workspace/srcdir/usr/share/julia/stdlib/v1.5/Pkg/src/API.jl:65
 [10] test(::String) at /workspace/srcdir/usr/share/julia/stdlib/v1.5/Pkg/src/API.jl:65
 [11] top-level scope at none:35
