Julia Version 1.3.1-pre.19
Commit 602e3006ec (2019-12-17 12:50 UTC)
Platform Info:
  OS: Linux (x86_64-linux-gnu)
  CPU: Intel(R) Xeon(R) Silver 4114 CPU @ 2.20GHz
  WORD_SIZE: 64
  LIBM: libopenlibm
  LLVM: libLLVM-6.0.1 (ORCJIT, skylake)
Environment:
  JULIA_DEPOT_PATH = ::/usr/local/share/julia

 Resolving package versions...
 Installed Requires â”€â”€â”€â”€â”€â”€â”€â”€â”€â”€â”€â”€â”€â”€â”€â”€â”€â”€â”€â”€ v0.5.2
 Installed IntervalSets â”€â”€â”€â”€â”€â”€â”€â”€â”€â”€â”€â”€â”€â”€â”€â”€ v0.3.2
 Installed Showoff â”€â”€â”€â”€â”€â”€â”€â”€â”€â”€â”€â”€â”€â”€â”€â”€â”€â”€â”€â”€â”€ v0.3.1
 Installed SortingAlgorithms â”€â”€â”€â”€â”€â”€â”€â”€â”€â”€â”€ v0.3.1
 Installed WoodburyMatrices â”€â”€â”€â”€â”€â”€â”€â”€â”€â”€â”€â”€ v0.4.1
 Installed OrderedCollections â”€â”€â”€â”€â”€â”€â”€â”€â”€â”€ v1.1.0
 Installed IRTools â”€â”€â”€â”€â”€â”€â”€â”€â”€â”€â”€â”€â”€â”€â”€â”€â”€â”€â”€â”€â”€ v0.2.3
 Installed Turing â”€â”€â”€â”€â”€â”€â”€â”€â”€â”€â”€â”€â”€â”€â”€â”€â”€â”€â”€â”€â”€â”€ v0.7.4
 Installed InvertedIndices â”€â”€â”€â”€â”€â”€â”€â”€â”€â”€â”€â”€â”€ v1.0.0
 Installed Combinatorics â”€â”€â”€â”€â”€â”€â”€â”€â”€â”€â”€â”€â”€â”€â”€ v1.0.0
 Installed Zygote â”€â”€â”€â”€â”€â”€â”€â”€â”€â”€â”€â”€â”€â”€â”€â”€â”€â”€â”€â”€â”€â”€ v0.3.4
 Installed OffsetArrays â”€â”€â”€â”€â”€â”€â”€â”€â”€â”€â”€â”€â”€â”€â”€â”€ v0.11.4
 Installed LogDensityProblems â”€â”€â”€â”€â”€â”€â”€â”€â”€â”€ v0.9.1
 Installed Roots â”€â”€â”€â”€â”€â”€â”€â”€â”€â”€â”€â”€â”€â”€â”€â”€â”€â”€â”€â”€â”€â”€â”€ v0.8.4
 Installed ArrayLayouts â”€â”€â”€â”€â”€â”€â”€â”€â”€â”€â”€â”€â”€â”€â”€â”€ v0.1.5
 Installed StatsBase â”€â”€â”€â”€â”€â”€â”€â”€â”€â”€â”€â”€â”€â”€â”€â”€â”€â”€â”€ v0.32.0
 Installed LineSearches â”€â”€â”€â”€â”€â”€â”€â”€â”€â”€â”€â”€â”€â”€â”€â”€ v7.0.1
 Installed NNlib â”€â”€â”€â”€â”€â”€â”€â”€â”€â”€â”€â”€â”€â”€â”€â”€â”€â”€â”€â”€â”€â”€â”€ v0.6.0
 Installed IterTools â”€â”€â”€â”€â”€â”€â”€â”€â”€â”€â”€â”€â”€â”€â”€â”€â”€â”€â”€ v1.3.0
 Installed AbstractFFTs â”€â”€â”€â”€â”€â”€â”€â”€â”€â”€â”€â”€â”€â”€â”€â”€ v0.5.0
 Installed StaticArrays â”€â”€â”€â”€â”€â”€â”€â”€â”€â”€â”€â”€â”€â”€â”€â”€ v0.12.1
 Installed DataStructures â”€â”€â”€â”€â”€â”€â”€â”€â”€â”€â”€â”€â”€â”€ v0.17.6
 Installed Tracker â”€â”€â”€â”€â”€â”€â”€â”€â”€â”€â”€â”€â”€â”€â”€â”€â”€â”€â”€â”€â”€ v0.2.3
 Installed DataFrames â”€â”€â”€â”€â”€â”€â”€â”€â”€â”€â”€â”€â”€â”€â”€â”€â”€â”€ v0.20.0
 Installed Calculus â”€â”€â”€â”€â”€â”€â”€â”€â”€â”€â”€â”€â”€â”€â”€â”€â”€â”€â”€â”€ v0.5.1
 Installed InplaceOps â”€â”€â”€â”€â”€â”€â”€â”€â”€â”€â”€â”€â”€â”€â”€â”€â”€â”€ v0.3.0
 Installed Missings â”€â”€â”€â”€â”€â”€â”€â”€â”€â”€â”€â”€â”€â”€â”€â”€â”€â”€â”€â”€ v0.4.3
 Installed AxisArrays â”€â”€â”€â”€â”€â”€â”€â”€â”€â”€â”€â”€â”€â”€â”€â”€â”€â”€ v0.3.3
 Installed CategoricalArrays â”€â”€â”€â”€â”€â”€â”€â”€â”€â”€â”€ v0.7.4
 Installed DiffEqDiffTools â”€â”€â”€â”€â”€â”€â”€â”€â”€â”€â”€â”€â”€ v1.6.0
 Installed NLSolversBase â”€â”€â”€â”€â”€â”€â”€â”€â”€â”€â”€â”€â”€â”€â”€ v7.5.0
 Installed ZygoteRules â”€â”€â”€â”€â”€â”€â”€â”€â”€â”€â”€â”€â”€â”€â”€â”€â”€ v0.1.0
 Installed Ratios â”€â”€â”€â”€â”€â”€â”€â”€â”€â”€â”€â”€â”€â”€â”€â”€â”€â”€â”€â”€â”€â”€ v0.3.1
 Installed BinDeps â”€â”€â”€â”€â”€â”€â”€â”€â”€â”€â”€â”€â”€â”€â”€â”€â”€â”€â”€â”€â”€ v1.0.0
 Installed DiffResults â”€â”€â”€â”€â”€â”€â”€â”€â”€â”€â”€â”€â”€â”€â”€â”€â”€ v1.0.1
 Installed Arpack_jll â”€â”€â”€â”€â”€â”€â”€â”€â”€â”€â”€â”€â”€â”€â”€â”€â”€â”€ v3.5.0+2
 Installed FFTW_jll â”€â”€â”€â”€â”€â”€â”€â”€â”€â”€â”€â”€â”€â”€â”€â”€â”€â”€â”€â”€ v3.3.9+3
 Installed PositiveFactorizations â”€â”€â”€â”€â”€â”€ v0.2.3
 Installed PooledArrays â”€â”€â”€â”€â”€â”€â”€â”€â”€â”€â”€â”€â”€â”€â”€â”€ v0.5.2
 Installed MCMCChains â”€â”€â”€â”€â”€â”€â”€â”€â”€â”€â”€â”€â”€â”€â”€â”€â”€â”€ v0.4.1
 Installed DataValueInterfaces â”€â”€â”€â”€â”€â”€â”€â”€â”€ v1.0.0
 Installed MKL_jll â”€â”€â”€â”€â”€â”€â”€â”€â”€â”€â”€â”€â”€â”€â”€â”€â”€â”€â”€â”€â”€ v2019.0.117+0
 Installed LazyArrays â”€â”€â”€â”€â”€â”€â”€â”€â”€â”€â”€â”€â”€â”€â”€â”€â”€â”€ v0.14.10
 Installed Adapt â”€â”€â”€â”€â”€â”€â”€â”€â”€â”€â”€â”€â”€â”€â”€â”€â”€â”€â”€â”€â”€â”€â”€ v1.0.0
 Installed BenchmarkTools â”€â”€â”€â”€â”€â”€â”€â”€â”€â”€â”€â”€â”€â”€ v0.4.3
 Installed Bijectors â”€â”€â”€â”€â”€â”€â”€â”€â”€â”€â”€â”€â”€â”€â”€â”€â”€â”€â”€ v0.4.0
 Installed QuadGK â”€â”€â”€â”€â”€â”€â”€â”€â”€â”€â”€â”€â”€â”€â”€â”€â”€â”€â”€â”€â”€â”€ v2.3.1
 Installed TableTraits â”€â”€â”€â”€â”€â”€â”€â”€â”€â”€â”€â”€â”€â”€â”€â”€â”€ v1.0.0
 Installed URIParser â”€â”€â”€â”€â”€â”€â”€â”€â”€â”€â”€â”€â”€â”€â”€â”€â”€â”€â”€ v0.4.0
 Installed ArrayInterface â”€â”€â”€â”€â”€â”€â”€â”€â”€â”€â”€â”€â”€â”€ v2.1.0
 Installed RangeArrays â”€â”€â”€â”€â”€â”€â”€â”€â”€â”€â”€â”€â”€â”€â”€â”€â”€ v0.3.1
 Installed IteratorInterfaceExtensions â”€ v1.0.0
 Installed RecipesBase â”€â”€â”€â”€â”€â”€â”€â”€â”€â”€â”€â”€â”€â”€â”€â”€â”€ v0.7.0
 Installed Reexport â”€â”€â”€â”€â”€â”€â”€â”€â”€â”€â”€â”€â”€â”€â”€â”€â”€â”€â”€â”€ v0.2.0
 Installed Rmath â”€â”€â”€â”€â”€â”€â”€â”€â”€â”€â”€â”€â”€â”€â”€â”€â”€â”€â”€â”€â”€â”€â”€ v0.6.0
 Installed DataAPI â”€â”€â”€â”€â”€â”€â”€â”€â”€â”€â”€â”€â”€â”€â”€â”€â”€â”€â”€â”€â”€ v1.1.0
 Installed BinaryProvider â”€â”€â”€â”€â”€â”€â”€â”€â”€â”€â”€â”€â”€â”€ v0.5.8
 Installed Interpolations â”€â”€â”€â”€â”€â”€â”€â”€â”€â”€â”€â”€â”€â”€ v0.12.5
 Installed OpenBLAS_jll â”€â”€â”€â”€â”€â”€â”€â”€â”€â”€â”€â”€â”€â”€â”€â”€ v0.3.7+1
 Installed ProgressMeter â”€â”€â”€â”€â”€â”€â”€â”€â”€â”€â”€â”€â”€â”€â”€ v1.2.0
 Installed FFTW â”€â”€â”€â”€â”€â”€â”€â”€â”€â”€â”€â”€â”€â”€â”€â”€â”€â”€â”€â”€â”€â”€â”€â”€ v1.2.0
 Installed Optim â”€â”€â”€â”€â”€â”€â”€â”€â”€â”€â”€â”€â”€â”€â”€â”€â”€â”€â”€â”€â”€â”€â”€ v0.19.7
 Installed ForwardDiff â”€â”€â”€â”€â”€â”€â”€â”€â”€â”€â”€â”€â”€â”€â”€â”€â”€ v0.10.8
 Installed StatsFuns â”€â”€â”€â”€â”€â”€â”€â”€â”€â”€â”€â”€â”€â”€â”€â”€â”€â”€â”€ v0.9.3
 Installed IntelOpenMP_jll â”€â”€â”€â”€â”€â”€â”€â”€â”€â”€â”€â”€â”€ v2018.0.3+0
 Installed TimerOutputs â”€â”€â”€â”€â”€â”€â”€â”€â”€â”€â”€â”€â”€â”€â”€â”€ v0.5.3
 Installed SpecialFunctions â”€â”€â”€â”€â”€â”€â”€â”€â”€â”€â”€â”€ v0.8.0
 Installed Parameters â”€â”€â”€â”€â”€â”€â”€â”€â”€â”€â”€â”€â”€â”€â”€â”€â”€â”€ v0.12.0
 Installed FillArrays â”€â”€â”€â”€â”€â”€â”€â”€â”€â”€â”€â”€â”€â”€â”€â”€â”€â”€ v0.8.2
 Installed MappedArrays â”€â”€â”€â”€â”€â”€â”€â”€â”€â”€â”€â”€â”€â”€â”€â”€ v0.2.2
 Installed ArgCheck â”€â”€â”€â”€â”€â”€â”€â”€â”€â”€â”€â”€â”€â”€â”€â”€â”€â”€â”€â”€ v1.0.1
 Installed Parsers â”€â”€â”€â”€â”€â”€â”€â”€â”€â”€â”€â”€â”€â”€â”€â”€â”€â”€â”€â”€â”€ v0.3.10
 Installed JSON â”€â”€â”€â”€â”€â”€â”€â”€â”€â”€â”€â”€â”€â”€â”€â”€â”€â”€â”€â”€â”€â”€â”€â”€ v0.21.0
 Installed KernelDensity â”€â”€â”€â”€â”€â”€â”€â”€â”€â”€â”€â”€â”€â”€â”€ v0.5.1
 Installed Libtask â”€â”€â”€â”€â”€â”€â”€â”€â”€â”€â”€â”€â”€â”€â”€â”€â”€â”€â”€â”€â”€ v0.3.1
 Installed DistributionsAD â”€â”€â”€â”€â”€â”€â”€â”€â”€â”€â”€â”€â”€ v0.1.1
 Installed Arpack â”€â”€â”€â”€â”€â”€â”€â”€â”€â”€â”€â”€â”€â”€â”€â”€â”€â”€â”€â”€â”€â”€ v0.4.0
 Installed TransformVariables â”€â”€â”€â”€â”€â”€â”€â”€â”€â”€ v0.3.8
 Installed DocStringExtensions â”€â”€â”€â”€â”€â”€â”€â”€â”€ v0.8.1
 Installed NaNMath â”€â”€â”€â”€â”€â”€â”€â”€â”€â”€â”€â”€â”€â”€â”€â”€â”€â”€â”€â”€â”€ v0.3.3
 Installed MacroTools â”€â”€â”€â”€â”€â”€â”€â”€â”€â”€â”€â”€â”€â”€â”€â”€â”€â”€ v0.5.3
 Installed AxisAlgorithms â”€â”€â”€â”€â”€â”€â”€â”€â”€â”€â”€â”€â”€â”€ v1.0.0
 Installed PDMats â”€â”€â”€â”€â”€â”€â”€â”€â”€â”€â”€â”€â”€â”€â”€â”€â”€â”€â”€â”€â”€â”€ v0.9.10
 Installed Tables â”€â”€â”€â”€â”€â”€â”€â”€â”€â”€â”€â”€â”€â”€â”€â”€â”€â”€â”€â”€â”€â”€ v0.2.11
 Installed AdvancedHMC â”€â”€â”€â”€â”€â”€â”€â”€â”€â”€â”€â”€â”€â”€â”€â”€â”€ v0.2.14
 Installed Compat â”€â”€â”€â”€â”€â”€â”€â”€â”€â”€â”€â”€â”€â”€â”€â”€â”€â”€â”€â”€â”€â”€ v2.2.0
 Installed Polynomials â”€â”€â”€â”€â”€â”€â”€â”€â”€â”€â”€â”€â”€â”€â”€â”€â”€ v0.6.0
 Installed Distributions â”€â”€â”€â”€â”€â”€â”€â”€â”€â”€â”€â”€â”€â”€â”€ v0.21.11
 Installed DiffRules â”€â”€â”€â”€â”€â”€â”€â”€â”€â”€â”€â”€â”€â”€â”€â”€â”€â”€â”€ v1.0.0
 Installed FiniteDifferences â”€â”€â”€â”€â”€â”€â”€â”€â”€â”€â”€ v0.9.0
 Installed AbstractMCMC â”€â”€â”€â”€â”€â”€â”€â”€â”€â”€â”€â”€â”€â”€â”€â”€ v0.1.0
 Installed CommonSubexpressions â”€â”€â”€â”€â”€â”€â”€â”€ v0.2.0
  Updating `~/.julia/environments/v1.3/Project.toml`
  [fce5fe82] + Turing v0.7.4
  Updating `~/.julia/environments/v1.3/Manifest.toml`
  [621f4979] + AbstractFFTs v0.5.0
  [80f14c24] + AbstractMCMC v0.1.0
  [79e6a3ab] + Adapt v1.0.0
  [0bf59076] + AdvancedHMC v0.2.14
  [dce04be8] + ArgCheck v1.0.1
  [7d9fca2a] + Arpack v0.4.0
  [68821587] + Arpack_jll v3.5.0+2
  [4fba245c] + ArrayInterface v2.1.0
  [4c555306] + ArrayLayouts v0.1.5
  [13072b0f] + AxisAlgorithms v1.0.0
  [39de3d68] + AxisArrays v0.3.3
  [6e4b80f9] + BenchmarkTools v0.4.3
  [76274a88] + Bijectors v0.4.0
  [9e28174c] + BinDeps v1.0.0
  [b99e7846] + BinaryProvider v0.5.8
  [49dc2e85] + Calculus v0.5.1
  [324d7699] + CategoricalArrays v0.7.4
  [861a8166] + Combinatorics v1.0.0
  [bbf7d656] + CommonSubexpressions v0.2.0
  [34da2185] + Compat v2.2.0
  [9a962f9c] + DataAPI v1.1.0
  [a93c6f00] + DataFrames v0.20.0
  [864edb3b] + DataStructures v0.17.6
  [e2d170a0] + DataValueInterfaces v1.0.0
  [01453d9d] + DiffEqDiffTools v1.6.0
  [163ba53b] + DiffResults v1.0.1
  [b552c78f] + DiffRules v1.0.0
  [31c24e10] + Distributions v0.21.11
  [ced4e74d] + DistributionsAD v0.1.1
  [ffbed154] + DocStringExtensions v0.8.1
  [7a1cc6ca] + FFTW v1.2.0
  [f5851436] + FFTW_jll v3.3.9+3
  [1a297f60] + FillArrays v0.8.2
  [26cc04aa] + FiniteDifferences v0.9.0
  [f6369f11] + ForwardDiff v0.10.8
  [7869d1d1] + IRTools v0.2.3
  [505f98c9] + InplaceOps v0.3.0
  [1d5cc7b8] + IntelOpenMP_jll v2018.0.3+0
  [a98d9a8b] + Interpolations v0.12.5
  [8197267c] + IntervalSets v0.3.2
  [41ab1584] + InvertedIndices v1.0.0
  [c8e1da08] + IterTools v1.3.0
  [82899510] + IteratorInterfaceExtensions v1.0.0
  [682c06a0] + JSON v0.21.0
  [5ab0869b] + KernelDensity v0.5.1
  [5078a376] + LazyArrays v0.14.10
  [6f1fad26] + Libtask v0.3.1
  [d3d80556] + LineSearches v7.0.1
  [6fdf6af0] + LogDensityProblems v0.9.1
  [c7f686f2] + MCMCChains v0.4.1
  [856f044c] + MKL_jll v2019.0.117+0
  [1914dd2f] + MacroTools v0.5.3
  [dbb5928d] + MappedArrays v0.2.2
  [e1d29d7a] + Missings v0.4.3
  [d41bc354] + NLSolversBase v7.5.0
  [872c559c] + NNlib v0.6.0
  [77ba4419] + NaNMath v0.3.3
  [6fe1bfb0] + OffsetArrays v0.11.4
  [4536629a] + OpenBLAS_jll v0.3.7+1
  [429524aa] + Optim v0.19.7
  [bac558e1] + OrderedCollections v1.1.0
  [90014a1f] + PDMats v0.9.10
  [d96e819e] + Parameters v0.12.0
  [69de0a69] + Parsers v0.3.10
  [f27b6e38] + Polynomials v0.6.0
  [2dfb63ee] + PooledArrays v0.5.2
  [85a6dd25] + PositiveFactorizations v0.2.3
  [92933f4c] + ProgressMeter v1.2.0
  [1fd47b50] + QuadGK v2.3.1
  [b3c3ace0] + RangeArrays v0.3.1
  [c84ed2f1] + Ratios v0.3.1
  [3cdcf5f2] + RecipesBase v0.7.0
  [189a3867] + Reexport v0.2.0
  [ae029012] + Requires v0.5.2
  [79098fc4] + Rmath v0.6.0
  [f2b01f46] + Roots v0.8.4
  [992d4aef] + Showoff v0.3.1
  [a2af1166] + SortingAlgorithms v0.3.1
  [276daf66] + SpecialFunctions v0.8.0
  [90137ffa] + StaticArrays v0.12.1
  [2913bbd2] + StatsBase v0.32.0
  [4c63d2b9] + StatsFuns v0.9.3
  [3783bdb8] + TableTraits v1.0.0
  [bd369af6] + Tables v0.2.11
  [a759f4b9] + TimerOutputs v0.5.3
  [9f7883ad] + Tracker v0.2.3
  [84d833dd] + TransformVariables v0.3.8
  [fce5fe82] + Turing v0.7.4
  [30578b45] + URIParser v0.4.0
  [efce3f68] + WoodburyMatrices v0.4.1
  [e88e6eb3] + Zygote v0.3.4
  [700de1a5] + ZygoteRules v0.1.0
  [2a0f44e3] + Base64 
  [ade2ca70] + Dates 
  [8bb1440f] + DelimitedFiles 
  [8ba89e20] + Distributed 
  [9fa8497b] + Future 
  [b77e0a4c] + InteractiveUtils 
  [76f85450] + LibGit2 
  [8f399da3] + Libdl 
  [37e2e46d] + LinearAlgebra 
  [56ddb016] + Logging 
  [d6f4376e] + Markdown 
  [a63ad114] + Mmap 
  [44cfe95a] + Pkg 
  [de0858da] + Printf 
  [3fa0cd96] + REPL 
  [9a3f8284] + Random 
  [ea8e919c] + SHA 
  [9e88b42a] + Serialization 
  [1a1011a3] + SharedArrays 
  [6462fe0b] + Sockets 
  [2f01184e] + SparseArrays 
  [10745b16] + Statistics 
  [4607b0f0] + SuiteSparse 
  [8dfed614] + Test 
  [cf7118a7] + UUIDs 
  [4ec0a83e] + Unicode 
  Building Rmath â”€â”€â”€â”€â”€â”€â”€â”€â”€â”€â”€â†’ `~/.julia/packages/Rmath/BoBag/deps/build.log`
  Building FFTW â”€â”€â”€â”€â”€â”€â”€â”€â”€â”€â”€â”€â†’ `~/.julia/packages/FFTW/qqcBj/deps/build.log`
  Building SpecialFunctions â†’ `~/.julia/packages/SpecialFunctions/ne2iw/deps/build.log`
  Building Libtask â”€â”€â”€â”€â”€â”€â”€â”€â”€â†’ `~/.julia/packages/Libtask/RjRkK/deps/build.log`
   Testing Turing
 Resolving package versions...
 Installed Observables â”€â”€â”€â”€â”€â”€â”€ v0.2.3
 Installed DynamicHMC â”€â”€â”€â”€â”€â”€â”€â”€ v2.1.1
 Installed StatsPlots â”€â”€â”€â”€â”€â”€â”€â”€ v0.13.0
 Installed UnicodePlots â”€â”€â”€â”€â”€â”€ v1.1.0
 Installed DataValues â”€â”€â”€â”€â”€â”€â”€â”€ v0.4.12
 Installed NearestNeighbors â”€â”€ v0.4.4
 Installed FFMPEG â”€â”€â”€â”€â”€â”€â”€â”€â”€â”€â”€â”€ v0.2.4
 Installed Plots â”€â”€â”€â”€â”€â”€â”€â”€â”€â”€â”€â”€â”€ v0.28.4
 Installed Measures â”€â”€â”€â”€â”€â”€â”€â”€â”€â”€ v0.3.1
 Installed ColorTypes â”€â”€â”€â”€â”€â”€â”€â”€ v0.8.1
 Installed CmdStan â”€â”€â”€â”€â”€â”€â”€â”€â”€â”€â”€ v5.4.0
 Installed MultivariateStats â”€ v0.7.0
 Installed WeakRefStrings â”€â”€â”€â”€ v0.6.1
 Installed FilePathsBase â”€â”€â”€â”€â”€ v0.7.0
 Installed FixedPointNumbers â”€ v0.6.1
 Installed Contour â”€â”€â”€â”€â”€â”€â”€â”€â”€â”€â”€ v0.5.1
 Installed PlotThemes â”€â”€â”€â”€â”€â”€â”€â”€ v1.0.1
 Installed PlotUtils â”€â”€â”€â”€â”€â”€â”€â”€â”€ v0.6.1
 Installed GeometryTypes â”€â”€â”€â”€â”€ v0.7.6
 Installed NamedArrays â”€â”€â”€â”€â”€â”€â”€ v0.9.3
 Installed Colors â”€â”€â”€â”€â”€â”€â”€â”€â”€â”€â”€â”€ v0.10.0
 Installed GR â”€â”€â”€â”€â”€â”€â”€â”€â”€â”€â”€â”€â”€â”€â”€â”€ v0.44.0
 Installed Widgets â”€â”€â”€â”€â”€â”€â”€â”€â”€â”€â”€ v0.6.2
 Installed Documenter â”€â”€â”€â”€â”€â”€â”€â”€ v0.24.3
 Installed Distances â”€â”€â”€â”€â”€â”€â”€â”€â”€ v0.8.2
 Installed Clustering â”€â”€â”€â”€â”€â”€â”€â”€ v0.13.3
 Installed CSV â”€â”€â”€â”€â”€â”€â”€â”€â”€â”€â”€â”€â”€â”€â”€ v0.5.20
  Building FFMPEG â†’ `~/.julia/packages/FFMPEG/guN1x/deps/build.log`
  Building GR â”€â”€â”€â”€â†’ `~/.julia/packages/GR/oiZD3/deps/build.log`
  Building Plots â”€â†’ `~/.julia/packages/Plots/qZHsp/deps/build.log`
    Status `/tmp/jl_Hczuic/Manifest.toml`
  [621f4979] AbstractFFTs v0.5.0
  [80f14c24] AbstractMCMC v0.1.0
  [79e6a3ab] Adapt v1.0.0
  [0bf59076] AdvancedHMC v0.2.14
  [dce04be8] ArgCheck v1.0.1
  [7d9fca2a] Arpack v0.4.0
  [68821587] Arpack_jll v3.5.0+2
  [4fba245c] ArrayInterface v2.1.0
  [4c555306] ArrayLayouts v0.1.5
  [13072b0f] AxisAlgorithms v1.0.0
  [39de3d68] AxisArrays v0.3.3
  [6e4b80f9] BenchmarkTools v0.4.3
  [76274a88] Bijectors v0.4.0
  [9e28174c] BinDeps v1.0.0
  [b99e7846] BinaryProvider v0.5.8
  [336ed68f] CSV v0.5.20
  [49dc2e85] Calculus v0.5.1
  [324d7699] CategoricalArrays v0.7.4
  [aaaa29a8] Clustering v0.13.3
  [593b3428] CmdStan v5.4.0
  [3da002f7] ColorTypes v0.8.1
  [5ae59095] Colors v0.10.0
  [861a8166] Combinatorics v1.0.0
  [bbf7d656] CommonSubexpressions v0.2.0
  [34da2185] Compat v2.2.0
  [d38c429a] Contour v0.5.1
  [9a962f9c] DataAPI v1.1.0
  [a93c6f00] DataFrames v0.20.0
  [864edb3b] DataStructures v0.17.6
  [e2d170a0] DataValueInterfaces v1.0.0
  [e7dc6d0d] DataValues v0.4.12
  [01453d9d] DiffEqDiffTools v1.6.0
  [163ba53b] DiffResults v1.0.1
  [b552c78f] DiffRules v1.0.0
  [b4f34e82] Distances v0.8.2
  [31c24e10] Distributions v0.21.11
  [ced4e74d] DistributionsAD v0.1.1
  [ffbed154] DocStringExtensions v0.8.1
  [e30172f5] Documenter v0.24.3
  [bbc10e6e] DynamicHMC v2.1.1
  [c87230d0] FFMPEG v0.2.4
  [7a1cc6ca] FFTW v1.2.0
  [f5851436] FFTW_jll v3.3.9+3
  [48062228] FilePathsBase v0.7.0
  [1a297f60] FillArrays v0.8.2
  [26cc04aa] FiniteDifferences v0.9.0
  [53c48c17] FixedPointNumbers v0.6.1
  [f6369f11] ForwardDiff v0.10.8
  [28b8d3ca] GR v0.44.0
  [4d00f742] GeometryTypes v0.7.6
  [7869d1d1] IRTools v0.2.3
  [505f98c9] InplaceOps v0.3.0
  [1d5cc7b8] IntelOpenMP_jll v2018.0.3+0
  [a98d9a8b] Interpolations v0.12.5
  [8197267c] IntervalSets v0.3.2
  [41ab1584] InvertedIndices v1.0.0
  [c8e1da08] IterTools v1.3.0
  [82899510] IteratorInterfaceExtensions v1.0.0
  [682c06a0] JSON v0.21.0
  [5ab0869b] KernelDensity v0.5.1
  [5078a376] LazyArrays v0.14.10
  [6f1fad26] Libtask v0.3.1
  [d3d80556] LineSearches v7.0.1
  [6fdf6af0] LogDensityProblems v0.9.1
  [c7f686f2] MCMCChains v0.4.1
  [856f044c] MKL_jll v2019.0.117+0
  [1914dd2f] MacroTools v0.5.3
  [dbb5928d] MappedArrays v0.2.2
  [442fdcdd] Measures v0.3.1
  [e1d29d7a] Missings v0.4.3
  [6f286f6a] MultivariateStats v0.7.0
  [d41bc354] NLSolversBase v7.5.0
  [872c559c] NNlib v0.6.0
  [77ba4419] NaNMath v0.3.3
  [86f7a689] NamedArrays v0.9.3
  [b8a86587] NearestNeighbors v0.4.4
  [510215fc] Observables v0.2.3
  [6fe1bfb0] OffsetArrays v0.11.4
  [4536629a] OpenBLAS_jll v0.3.7+1
  [429524aa] Optim v0.19.7
  [bac558e1] OrderedCollections v1.1.0
  [90014a1f] PDMats v0.9.10
  [d96e819e] Parameters v0.12.0
  [69de0a69] Parsers v0.3.10
  [ccf2f8ad] PlotThemes v1.0.1
  [995b91a9] PlotUtils v0.6.1
  [91a5bcdd] Plots v0.28.4
  [f27b6e38] Polynomials v0.6.0
  [2dfb63ee] PooledArrays v0.5.2
  [85a6dd25] PositiveFactorizations v0.2.3
  [92933f4c] ProgressMeter v1.2.0
  [1fd47b50] QuadGK v2.3.1
  [b3c3ace0] RangeArrays v0.3.1
  [c84ed2f1] Ratios v0.3.1
  [3cdcf5f2] RecipesBase v0.7.0
  [189a3867] Reexport v0.2.0
  [ae029012] Requires v0.5.2
  [79098fc4] Rmath v0.6.0
  [f2b01f46] Roots v0.8.4
  [992d4aef] Showoff v0.3.1
  [a2af1166] SortingAlgorithms v0.3.1
  [276daf66] SpecialFunctions v0.8.0
  [90137ffa] StaticArrays v0.12.1
  [2913bbd2] StatsBase v0.32.0
  [4c63d2b9] StatsFuns v0.9.3
  [f3b207a7] StatsPlots v0.13.0
  [3783bdb8] TableTraits v1.0.0
  [bd369af6] Tables v0.2.11
  [a759f4b9] TimerOutputs v0.5.3
  [9f7883ad] Tracker v0.2.3
  [84d833dd] TransformVariables v0.3.8
  [fce5fe82] Turing v0.7.4
  [30578b45] URIParser v0.4.0
  [b8865327] UnicodePlots v1.1.0
  [ea10d353] WeakRefStrings v0.6.1
  [cc8bc4a8] Widgets v0.6.2
  [efce3f68] WoodburyMatrices v0.4.1
  [e88e6eb3] Zygote v0.3.4
  [700de1a5] ZygoteRules v0.1.0
  [2a0f44e3] Base64  [`@stdlib/Base64`]
  [ade2ca70] Dates  [`@stdlib/Dates`]
  [8bb1440f] DelimitedFiles  [`@stdlib/DelimitedFiles`]
  [8ba89e20] Distributed  [`@stdlib/Distributed`]
  [9fa8497b] Future  [`@stdlib/Future`]
  [b77e0a4c] InteractiveUtils  [`@stdlib/InteractiveUtils`]
  [76f85450] LibGit2  [`@stdlib/LibGit2`]
  [8f399da3] Libdl  [`@stdlib/Libdl`]
  [37e2e46d] LinearAlgebra  [`@stdlib/LinearAlgebra`]
  [56ddb016] Logging  [`@stdlib/Logging`]
  [d6f4376e] Markdown  [`@stdlib/Markdown`]
  [a63ad114] Mmap  [`@stdlib/Mmap`]
  [44cfe95a] Pkg  [`@stdlib/Pkg`]
  [de0858da] Printf  [`@stdlib/Printf`]
  [3fa0cd96] REPL  [`@stdlib/REPL`]
  [9a3f8284] Random  [`@stdlib/Random`]
  [ea8e919c] SHA  [`@stdlib/SHA`]
  [9e88b42a] Serialization  [`@stdlib/Serialization`]
  [1a1011a3] SharedArrays  [`@stdlib/SharedArrays`]
  [6462fe0b] Sockets  [`@stdlib/Sockets`]
  [2f01184e] SparseArrays  [`@stdlib/SparseArrays`]
  [10745b16] Statistics  [`@stdlib/Statistics`]
  [4607b0f0] SuiteSparse  [`@stdlib/SuiteSparse`]
  [8dfed614] Test  [`@stdlib/Test`]
  [cf7118a7] UUIDs  [`@stdlib/UUIDs`]
  [4ec0a83e] Unicode  [`@stdlib/Unicode`]
  Building Libtask â†’ `~/.julia/packages/Libtask/RjRkK/deps/build.log`
 Resolving package versions...
[ Info: [Turing]: global PROGRESS is set as false
Tracker + logdet: Test Failed at /home/pkgeval/.julia/packages/Turing/xGrY5/test/test_utils/ad_utils.jl:41
  Expression: all(zip(xÌ„s_tracker, xÌ„s_fdm)) do (xÌ„_tracker, xÌ„_fdm)
    isapprox(Tracker.data(xÌ„_tracker), xÌ„_fdm; atol=atol, rtol=rtol)
end
Stacktrace:
 [1] #test_reverse_mode_ad#93(::Float64, ::Float64, ::typeof(test_reverse_mode_ad), ::Function, ::Function, ::Float64, ::Array{Float64,2}) at /home/pkgeval/.julia/packages/Turing/xGrY5/test/test_utils/ad_utils.jl:41
 [2] #test_reverse_mode_ad at ./none:0 [inlined]
 [3] #test_tracker_ad#96 at /home/pkgeval/.julia/packages/Turing/xGrY5/test/test_utils/ad_utils.jl:48 [inlined]
 [4] (::var"#kw##test_tracker_ad")(::NamedTuple{(:rtol, :atol),Tuple{Float64,Float64}}, ::typeof(test_tracker_ad), ::Function, ::Float64, ::Array{Float64,2}) at ./none:0
 [5] top-level scope at /home/pkgeval/.julia/packages/Turing/xGrY5/test/core/ad.jl:97
 [6] top-level scope at /workspace/srcdir/usr/share/julia/stdlib/v1.3/Test/src/Test.jl:1107
 [7] top-level scope at /home/pkgeval/.julia/packages/Turing/xGrY5/test/core/ad.jl:95
 [8] top-level scope at /workspace/srcdir/usr/share/julia/stdlib/v1.3/Test/src/Test.jl:1107
 [9] top-level scope at /home/pkgeval/.julia/packages/Turing/xGrY5/test/core/ad.jl:15
[ Info: (symbol = :y, exact = 0.5, evaluated = 0.5)
[ Info: (symbol = :y, exact = 0.5, evaluated = 0.47)
[ Info: (symbol = :p, exact = 0.7142857142857143, evaluated = 0.6926995475093408)
[ Info: (symbol = :x, exact = 0.7142857142857143, evaluated = 0.7585)
[ Info: (symbol = :x, exact = 0.7142857142857143, evaluated = 0.7366666666666667)
[ Info: Testing the compiler's ability to catch bad models...
â”Œ Error: Right-hand side of a ~ must be subtype of Distribution or a vector of Distributions on line 51.
â”” @ Main ~/.julia/packages/Turing/xGrY5/src/core/compiler.jl:51
model macro: Test Failed at /home/pkgeval/.julia/packages/Turing/xGrY5/test/core/compiler.jl:150
  Expression: btest()
    Expected: ArgumentError
      Thrown: AssertionError
Stacktrace:
 [1] top-level scope at /home/pkgeval/.julia/packages/Turing/xGrY5/test/core/compiler.jl:150
 [2] top-level scope at /workspace/srcdir/usr/share/julia/stdlib/v1.3/Test/src/Test.jl:1107
 [3] top-level scope at /home/pkgeval/.julia/packages/Turing/xGrY5/test/core/compiler.jl:80
 [4] top-level scope at /workspace/srcdir/usr/share/julia/stdlib/v1.3/Test/src/Test.jl:1107
 [5] top-level scope at /home/pkgeval/.julia/packages/Turing/xGrY5/test/core/compiler.jl:12
â”Œ Error: Right-hand side of a ~ must be subtype of Distribution or a vector of Distributions on line 51.
â”” @ Main ~/.julia/packages/Turing/xGrY5/src/core/compiler.jl:51
model macro: Test Failed at /home/pkgeval/.julia/packages/Turing/xGrY5/test/core/compiler.jl:163
  Expression: btest()
    Expected: ArgumentError
      Thrown: AssertionError
Stacktrace:
 [1] top-level scope at /home/pkgeval/.julia/packages/Turing/xGrY5/test/core/compiler.jl:163
 [2] top-level scope at /workspace/srcdir/usr/share/julia/stdlib/v1.3/Test/src/Test.jl:1107
 [3] top-level scope at /home/pkgeval/.julia/packages/Turing/xGrY5/test/core/compiler.jl:80
 [4] top-level scope at /workspace/srcdir/usr/share/julia/stdlib/v1.3/Test/src/Test.jl:1107
 [5] top-level scope at /home/pkgeval/.julia/packages/Turing/xGrY5/test/core/compiler.jl:12
â”Œ Error: Right-hand side of a ~ must be subtype of Distribution or a vector of Distributions on line 96.
â”” @ Main ~/.julia/packages/Turing/xGrY5/src/core/compiler.jl:96
model macro: Test Failed at /home/pkgeval/.julia/packages/Turing/xGrY5/test/core/compiler.jl:177
  Expression: btest()
    Expected: ArgumentError
      Thrown: AssertionError
Stacktrace:
 [1] top-level scope at /home/pkgeval/.julia/packages/Turing/xGrY5/test/core/compiler.jl:177
 [2] top-level scope at /workspace/srcdir/usr/share/julia/stdlib/v1.3/Test/src/Test.jl:1107
 [3] top-level scope at /home/pkgeval/.julia/packages/Turing/xGrY5/test/core/compiler.jl:80
 [4] top-level scope at /workspace/srcdir/usr/share/julia/stdlib/v1.3/Test/src/Test.jl:1107
 [5] top-level scope at /home/pkgeval/.julia/packages/Turing/xGrY5/test/core/compiler.jl:12
â”Œ Error: Right-hand side of a ~ must be subtype of Distribution or a vector of Distributions on line 96.
â”” @ Main ~/.julia/packages/Turing/xGrY5/src/core/compiler.jl:96
model macro: Test Failed at /home/pkgeval/.julia/packages/Turing/xGrY5/test/core/compiler.jl:190
  Expression: btest()
    Expected: ArgumentError
      Thrown: AssertionError
Stacktrace:
 [1] top-level scope at /home/pkgeval/.julia/packages/Turing/xGrY5/test/core/compiler.jl:190
 [2] top-level scope at /workspace/srcdir/usr/share/julia/stdlib/v1.3/Test/src/Test.jl:1107
 [3] top-level scope at /home/pkgeval/.julia/packages/Turing/xGrY5/test/core/compiler.jl:80
 [4] top-level scope at /workspace/srcdir/usr/share/julia/stdlib/v1.3/Test/src/Test.jl:1107
 [5] top-level scope at /home/pkgeval/.julia/packages/Turing/xGrY5/test/core/compiler.jl:12
[ Info: (symbol = :s, exact = 2.0416666666666665, evaluated = 1.9246074054962299)
[ Info: (symbol = :m, exact = 1.1666666666666667, evaluated = 1.1906495349290454)
[ Info: [Turing]: AD chunk size is set as 10
Time for
  Loop : 7.179703454
  Vec  : 6.60257607
  Mv   : 5.675142996
â”Œ Warning: `TruncatedNormal(mu::Real, sigma::Real, a::Real, b::Real)` is deprecated, use `truncated(Normal(mu, sigma), a, b)` instead.
â”‚   caller = macro expansion at compiler.jl:89 [inlined]
â”” @ Core ~/.julia/packages/Turing/xGrY5/src/core/compiler.jl:89
â”Œ Warning: `TruncatedNormal(mu::Real, sigma::Real, a::Real, b::Real)` is deprecated, use `truncated(Normal(mu, sigma), a, b)` instead.
â”‚   caller = macro expansion at compiler.jl:94 [inlined]
â”” @ Core ~/.julia/packages/Turing/xGrY5/src/core/compiler.jl:94
â”Œ Warning: `TruncatedNormal(mu::Real, sigma::Real, a::Real, b::Real)` is deprecated, use `truncated(Normal(mu, sigma), a, b)` instead.
â”‚   caller = macro expansion at compiler.jl:98 [inlined]
â”” @ Core ~/.julia/packages/Turing/xGrY5/src/core/compiler.jl:98
â”Œ Warning: `TruncatedNormal(mu::Real, sigma::Real, a::Real, b::Real)` is deprecated, use `truncated(Normal(mu, sigma), a, b)` instead.
â”‚   caller = macro expansion at compiler.jl:101 [inlined]
â”” @ Core ~/.julia/packages/Turing/xGrY5/src/core/compiler.jl:101
[ Info: (symbol = "p[1, 1]", exact = 0, evaluated = 0.025109568170848594)
[ Info: (symbol = "p[1][1]", exact = 0, evaluated = 0.05559288476732939)
â”Œ Warning: Error requiring DynamicHMC from Turing:
â”‚ LoadError: UndefVarError: Interface not defined
â”‚ Stacktrace:
â”‚  [1] getproperty(::Module, ::Symbol) at ./Base.jl:13
â”‚  [2] top-level scope at /home/pkgeval/.julia/packages/Turing/xGrY5/src/contrib/inference/dynamichmc.jl:113
â”‚  [3] include at ./boot.jl:328 [inlined]
â”‚  [4] include_relative(::Module, ::String) at ./loading.jl:1105
â”‚  [5] include at ./Base.jl:31 [inlined]
â”‚  [6] include(::String) at /home/pkgeval/.julia/packages/Turing/xGrY5/src/inference/Inference.jl:1
â”‚  [7] top-level scope at /home/pkgeval/.julia/packages/Turing/xGrY5/src/Turing.jl:140
â”‚  [8] eval(::Module, ::Any) at ./boot.jl:330
â”‚  [9] top-level scope at /home/pkgeval/.julia/packages/Turing/xGrY5/test/contrib/inference/dynamichmc.jl:6
â”‚  [10] eval at ./boot.jl:330 [inlined]
â”‚  [11] eval at /home/pkgeval/.julia/packages/Turing/xGrY5/src/Turing.jl:1 [inlined]
â”‚  [12] (::Turing.var"#7#11")() at /home/pkgeval/.julia/packages/Requires/9Jse8/src/require.jl:67
â”‚  [13] err(::Turing.var"#7#11", ::Module, ::String) at /home/pkgeval/.julia/packages/Requires/9Jse8/src/require.jl:38
â”‚  [14] #6 at /home/pkgeval/.julia/packages/Requires/9Jse8/src/require.jl:66 [inlined]
â”‚  [15] withpath(::Turing.var"#6#10", ::String) at /home/pkgeval/.julia/packages/Requires/9Jse8/src/require.jl:28
â”‚  [16] (::Turing.var"#5#9")() at /home/pkgeval/.julia/packages/Requires/9Jse8/src/require.jl:65
â”‚  [17] #invokelatest#1 at ./essentials.jl:709 [inlined]
â”‚  [18] invokelatest at ./essentials.jl:708 [inlined]
â”‚  [19] #3 at /home/pkgeval/.julia/packages/Requires/9Jse8/src/require.jl:19 [inlined]
â”‚  [20] iterate at ./generator.jl:47 [inlined]
â”‚  [21] _collect(::Array{Function,1}, ::Base.Generator{Array{Function,1},Requires.var"#3#4"}, ::Base.EltypeUnknown, ::Base.HasShape{1}) at ./array.jl:635
â”‚  [22] map at ./array.jl:564 [inlined]
â”‚  [23] loadpkg(::Base.PkgId) at /home/pkgeval/.julia/packages/Requires/9Jse8/src/require.jl:19
â”‚  [24] #invokelatest#1 at ./essentials.jl:709 [inlined]
â”‚  [25] invokelatest at ./essentials.jl:708 [inlined]
â”‚  [26] require(::Base.PkgId) at ./loading.jl:925
â”‚  [27] require(::Module, ::Symbol) at ./loading.jl:917
â”‚  [28] top-level scope at /home/pkgeval/.julia/packages/Turing/xGrY5/test/contrib/inference/dynamichmc.jl:7
â”‚  [29] top-level scope at /workspace/srcdir/usr/share/julia/stdlib/v1.3/Test/src/Test.jl:1107
â”‚  [30] top-level scope at /home/pkgeval/.julia/packages/Turing/xGrY5/test/contrib/inference/dynamichmc.jl:7
â”‚  [31] include at ./boot.jl:328 [inlined]
â”‚  [32] include_relative(::Module, ::String) at ./loading.jl:1105
â”‚  [33] include(::Module, ::String) at ./Base.jl:31
â”‚  [34] include(::String) at ./client.jl:424
â”‚  [35] top-level scope at /home/pkgeval/.julia/packages/Turing/xGrY5/test/runtests.jl:25
â”‚  [36] top-level scope at /workspace/srcdir/usr/share/julia/stdlib/v1.3/Test/src/Test.jl:1107
â”‚  [37] top-level scope at /home/pkgeval/.julia/packages/Turing/xGrY5/test/runtests.jl:24
â”‚  [38] top-level scope at /workspace/srcdir/usr/share/julia/stdlib/v1.3/Test/src/Test.jl:1107
â”‚  [39] top-level scope at /home/pkgeval/.julia/packages/Turing/xGrY5/test/runtests.jl:21
â”‚  [40] top-level scope at /workspace/srcdir/usr/share/julia/stdlib/v1.3/Test/src/Test.jl:1107
â”‚  [41] top-level scope at /home/pkgeval/.julia/packages/Turing/xGrY5/test/runtests.jl:13
â”‚  [42] include at ./boot.jl:328 [inlined]
â”‚  [43] include_relative(::Module, ::String) at ./loading.jl:1105
â”‚  [44] include(::Module, ::String) at ./Base.jl:31
â”‚  [45] include(::String) at ./client.jl:424
â”‚  [46] top-level scope at none:6
â”‚  [47] eval(::Module, ::Any) at ./boot.jl:330
â”‚  [48] exec_options(::Base.JLOptions) at ./client.jl:263
â”‚  [49] _start() at ./client.jl:460
â”‚ in expression starting at /home/pkgeval/.julia/packages/Turing/xGrY5/src/contrib/inference/dynamichmc.jl:113
â”” @ Requires ~/.julia/packages/Requires/9Jse8/src/require.jl:40
[ Info: (symbol = :s, exact = 2.0416666666666665, evaluated = 1.956302367143817)
[ Info: (symbol = :m, exact = 1.1666666666666667, evaluated = 1.1629479583652305)
[ Info: (symbol = :s, exact = 2.0416666666666665, evaluated = 2.0546449352123344)
[ Info: (symbol = :m, exact = 1.1666666666666667, evaluated = 1.1315172112104797)
[ Info: (symbol = :s, exact = 2.0416666666666665, evaluated = 1.9896657140836804)
[ Info: (symbol = :m, exact = 1.1666666666666667, evaluated = 1.196966708054621)
[ Info: [Turing]: global ADSAFE is set as true
[ Info: (symbol = :z1, exact = 1.0, evaluated = 1.0433333333333332)
[ Info: (symbol = :z2, exact = 1.0, evaluated = 1.0413333333333334)
[ Info: (symbol = :z3, exact = 2.0, evaluated = 1.97)
[ Info: (symbol = :z4, exact = 2.0, evaluated = 1.9686666666666666)
[ Info: (symbol = :mu1, exact = 1.0, evaluated = 1.040294635579782)
[ Info: (symbol = :mu2, exact = 4.0, evaluated = 3.95752835481411)
[ Info: [Turing]: global ADSAFE is set as false
[ Info: (symbol = :p, exact = 0.7142857142857143, evaluated = 0.7269096700845677)
[ Info: (symbol = "ps[1]", exact = 0.3125, evaluated = 0.314654986708813)
[ Info: (symbol = "ps[2]", exact = 0.6875, evaluated = 0.6853450132911882)
[ Info: (symbol = :s, exact = 2.0416666666666665, evaluated = 2.0131945619564457)
[ Info: (symbol = :m, exact = 1.1666666666666667, evaluated = 1.1506212350141787)
â”Œ Info: Found initial step size
â””   Ïµ = 3.2
[ Info: (symbol = :s, exact = 2.0416666666666665, evaluated = 2.066511932982474)
[ Info: (symbol = :m, exact = 1.1666666666666667, evaluated = 1.2412265713124535)
â”Œ Info: Found initial step size
â””   Ïµ = 3.2
[ Info: (symbol = :s, exact = 2.0416666666666665, evaluated = 2.0428949514303048)
[ Info: (symbol = :m, exact = 1.1666666666666667, evaluated = 1.1911171397123754)
HMCDA{Turing.Core.TrackerAD,(),AdvancedHMC.Adaptation.UnitEuclideanMetric}(0, 0.8, 0.75, 0.0)
â”Œ Info: Found initial step size
â””   Ïµ = 3.2
HMCDA{Turing.Core.TrackerAD,(),AdvancedHMC.Adaptation.UnitEuclideanMetric}(200, 0.8, 0.75, 0.0)
â”Œ Info: Found initial step size
â””   Ïµ = 1.6
HMCDA{Turing.Core.TrackerAD,(:s,),AdvancedHMC.Adaptation.UnitEuclideanMetric}(200, 0.8, 0.75, 0.0)
â”Œ Info: Found initial step size
â””   Ïµ = 1.6
â”Œ Info: Found initial step size
â””   Ïµ = 3.2
[ Info: (symbol = :s, exact = 2.0416666666666665, evaluated = 2.0496381247253312)
[ Info: (symbol = :m, exact = 1.1666666666666667, evaluated = 1.1873641104429984)
â”Œ Info: Found initial step size
â””   Ïµ = 3.2
â”Œ Info: Found initial step size
â””   Ïµ = 1.6
â”Œ Info: Found initial step size
â””   Ïµ = 3.3000000000000003
â”Œ Info: Found initial step size
â””   Ïµ = 3.2
â”Œ Info: Found initial step size
â””   Ïµ = 1.6
â”Œ Info: Found initial step size
â””   Ïµ = 1.6
â”Œ Info: Found initial step size
â””   Ïµ = 1.6
â”Œ Warning: `TruncatedNormal(mu::Real, sigma::Real, a::Real, b::Real)` is deprecated, use `truncated(Normal(mu, sigma), a, b)` instead.
â”‚   caller = assume(::Sampler{MH{(:s, :m)},Turing.Inference.MHState{VarInfo{NamedTuple{(:s, :m),Tuple{Turing.Core.RandomVariables.Metadata{Dict{VarName{:s},Int64},Array{InverseGamma{Float64},1},Array{VarName{:s},1},Array{Float64,1},Array{Set{Selector},1}},Turing.Core.RandomVariables.Metadata{Dict{VarName{:m},Int64},Array{Normal{Float64},1},Array{VarName{:m},1},Array{Float64,1},Array{Set{Selector},1}}}},Float64}}}, ::InverseGamma{Float64}, ::VarName{:s}, ::VarInfo{NamedTuple{(:s, :m),Tuple{Turing.Core.RandomVariables.Metadata{Dict{VarName{:s},Int64},Array{InverseGamma{Float64},1},Array{VarName{:s},1},Array{Float64,1},Array{Set{Selector},1}},Turing.Core.RandomVariables.Metadata{Dict{VarName{:m},Int64},Array{Normal{Float64},1},Array{VarName{:m},1},Array{Float64,1},Array{Set{Selector},1}}}},Float64}) at mh.jl:138
â”” @ Turing.Inference ~/.julia/packages/Turing/xGrY5/src/inference/mh.jl:138
â”Œ Warning: `TruncatedNormal(mu::Real, sigma::Real, a::Real, b::Real)` is deprecated, use `truncated(Normal(mu, sigma), a, b)` instead.
â”‚   caller = assume(::Sampler{MH{(:s, :m)},Turing.Inference.MHState{VarInfo{NamedTuple{(:s, :m),Tuple{Turing.Core.RandomVariables.Metadata{Dict{VarName{:s},Int64},Array{InverseGamma{Float64},1},Array{VarName{:s},1},Array{Float64,1},Array{Set{Selector},1}},Turing.Core.RandomVariables.Metadata{Dict{VarName{:m},Int64},Array{Normal{Float64},1},Array{VarName{:m},1},Array{Float64,1},Array{Set{Selector},1}}}},Float64}}}, ::Normal{Float64}, ::VarName{:m}, ::VarInfo{NamedTuple{(:s, :m),Tuple{Turing.Core.RandomVariables.Metadata{Dict{VarName{:s},Int64},Array{InverseGamma{Float64},1},Array{VarName{:s},1},Array{Float64,1},Array{Set{Selector},1}},Turing.Core.RandomVariables.Metadata{Dict{VarName{:m},Int64},Array{Normal{Float64},1},Array{VarName{:m},1},Array{Float64,1},Array{Set{Selector},1}}}},Float64}) at mh.jl:138
â”” @ Turing.Inference ~/.julia/packages/Turing/xGrY5/src/inference/mh.jl:138
[ Info: (symbol = :s, exact = 2.0416666666666665, evaluated = 2.0365116331372874)
[ Info: (symbol = :m, exact = 1.1666666666666667, evaluated = 1.0927782798236758)
[ Info: (symbol = :s, exact = 2.0416666666666665, evaluated = 1.9065221572431408)
[ Info: (symbol = :m, exact = 1.1666666666666667, evaluated = 1.128389506783124)
[ Info: (symbol = :s, exact = 2.0416666666666665, evaluated = 1.9624393743751325)
[ Info: (symbol = :m, exact = 1.1666666666666667, evaluated = 1.100073238119882)
â”Œ Warning: `TruncatedNormal(mu::Real, sigma::Real, a::Real, b::Real)` is deprecated, use `truncated(Normal(mu, sigma), a, b)` instead.
â”‚   caller = assume(::Sampler{MH{(:mu1, :mu2)},Turing.Inference.MHState{VarInfo{NamedTuple{(:mu1, :mu2, :z1, :z2, :z3, :z4),Tuple{Turing.Core.RandomVariables.Metadata{Dict{VarName{:mu1},Int64},Array{Normal{Float64},1},Array{VarName{:mu1},1},Array{Float64,1},Array{Set{Selector},1}},Turing.Core.RandomVariables.Metadata{Dict{VarName{:mu2},Int64},Array{Normal{Float64},1},Array{VarName{:mu2},1},Array{Float64,1},Array{Set{Selector},1}},Turing.Core.RandomVariables.Metadata{Dict{VarName{:z1},Int64},Array{DiscreteNonParametric{Int64,Float64,Base.OneTo{Int64},Array{Float64,1}},1},Array{VarName{:z1},1},Array{Int64,1},Array{Set{Selector},1}},Turing.Core.RandomVariables.Metadata{Dict{VarName{:z2},Int64},Array{DiscreteNonParametric{Int64,Float64,Base.OneTo{Int64},Array{Float64,1}},1},Array{VarName{:z2},1},Array{Int64,1},Array{Set{Selector},1}},Turing.Core.RandomVariables.Metadata{Dict{VarName{:z3},Int64},Array{DiscreteNonParametric{Int64,Float64,Base.OneTo{Int64},Array{Float64,1}},1},Array{VarName{:z3},1},Array{Int64,1},Array{Set{Selector},1}},Turing.Core.RandomVariables.Metadata{Dict{VarName{:z4},Int64},Array{DiscreteNonParametric{Int64,Float64,Base.OneTo{Int64},Array{Float64,1}},1},Array{VarName{:z4},1},Array{Int64,1},Array{Set{Selector},1}}}},Float64}}}, ::Normal{Float64}, ::VarName{:mu1}, ::VarInfo{NamedTuple{(:mu1, :mu2, :z1, :z2, :z3, :z4),Tuple{Turing.Core.RandomVariables.Metadata{Dict{VarName{:mu1},Int64},Array{Normal{Float64},1},Array{VarName{:mu1},1},Array{Float64,1},Array{Set{Selector},1}},Turing.Core.RandomVariables.Metadata{Dict{VarName{:mu2},Int64},Array{Normal{Float64},1},Array{VarName{:mu2},1},Array{Float64,1},Array{Set{Selector},1}},Turing.Core.RandomVariables.Metadata{Dict{VarName{:z1},Int64},Array{DiscreteNonParametric{Int64,Float64,Base.OneTo{Int64},Array{Float64,1}},1},Array{VarName{:z1},1},Array{Int64,1},Array{Set{Selector},1}},Turing.Core.RandomVariables.Metadata{Dict{VarName{:z2},Int64},Array{DiscreteNonParametric{Int64,Float64,Base.OneTo{Int64},Array{Float64,1}},1},Array{VarName{:z2},1},Array{Int64,1},Array{Set{Selector},1}},Turing.Core.RandomVariables.Metadata{Dict{VarName{:z3},Int64},Array{DiscreteNonParametric{Int64,Float64,Base.OneTo{Int64},Array{Float64,1}},1},Array{VarName{:z3},1},Array{Int64,1},Array{Set{Selector},1}},Turing.Core.RandomVariables.Metadata{Dict{VarName{:z4},Int64},Array{DiscreteNonParametric{Int64,Float64,Base.OneTo{Int64},Array{Float64,1}},1},Array{VarName{:z4},1},Array{Int64,1},Array{Set{Selector},1}}}},Float64}) at mh.jl:138
â”” @ Turing.Inference ~/.julia/packages/Turing/xGrY5/src/inference/mh.jl:138
â”Œ Warning: `TruncatedNormal(mu::Real, sigma::Real, a::Real, b::Real)` is deprecated, use `truncated(Normal(mu, sigma), a, b)` instead.
â”‚   caller = assume(::Sampler{MH{(:mu1, :mu2)},Turing.Inference.MHState{VarInfo{NamedTuple{(:mu1, :mu2, :z1, :z2, :z3, :z4),Tuple{Turing.Core.RandomVariables.Metadata{Dict{VarName{:mu1},Int64},Array{Normal{Float64},1},Array{VarName{:mu1},1},Array{Float64,1},Array{Set{Selector},1}},Turing.Core.RandomVariables.Metadata{Dict{VarName{:mu2},Int64},Array{Normal{Float64},1},Array{VarName{:mu2},1},Array{Float64,1},Array{Set{Selector},1}},Turing.Core.RandomVariables.Metadata{Dict{VarName{:z1},Int64},Array{DiscreteNonParametric{Int64,Float64,Base.OneTo{Int64},Array{Float64,1}},1},Array{VarName{:z1},1},Array{Int64,1},Array{Set{Selector},1}},Turing.Core.RandomVariables.Metadata{Dict{VarName{:z2},Int64},Array{DiscreteNonParametric{Int64,Float64,Base.OneTo{Int64},Array{Float64,1}},1},Array{VarName{:z2},1},Array{Int64,1},Array{Set{Selector},1}},Turing.Core.RandomVariables.Metadata{Dict{VarName{:z3},Int64},Array{DiscreteNonParametric{Int64,Float64,Base.OneTo{Int64},Array{Float64,1}},1},Array{VarName{:z3},1},Array{Int64,1},Array{Set{Selector},1}},Turing.Core.RandomVariables.Metadata{Dict{VarName{:z4},Int64},Array{DiscreteNonParametric{Int64,Float64,Base.OneTo{Int64},Array{Float64,1}},1},Array{VarName{:z4},1},Array{Int64,1},Array{Set{Selector},1}}}},Float64}}}, ::Normal{Float64}, ::VarName{:mu2}, ::VarInfo{NamedTuple{(:mu1, :mu2, :z1, :z2, :z3, :z4),Tuple{Turing.Core.RandomVariables.Metadata{Dict{VarName{:mu1},Int64},Array{Normal{Float64},1},Array{VarName{:mu1},1},Array{Float64,1},Array{Set{Selector},1}},Turing.Core.RandomVariables.Metadata{Dict{VarName{:mu2},Int64},Array{Normal{Float64},1},Array{VarName{:mu2},1},Array{Float64,1},Array{Set{Selector},1}},Turing.Core.RandomVariables.Metadata{Dict{VarName{:z1},Int64},Array{DiscreteNonParametric{Int64,Float64,Base.OneTo{Int64},Array{Float64,1}},1},Array{VarName{:z1},1},Array{Int64,1},Array{Set{Selector},1}},Turing.Core.RandomVariables.Metadata{Dict{VarName{:z2},Int64},Array{DiscreteNonParametric{Int64,Float64,Base.OneTo{Int64},Array{Float64,1}},1},Array{VarName{:z2},1},Array{Int64,1},Array{Set{Selector},1}},Turing.Core.RandomVariables.Metadata{Dict{VarName{:z3},Int64},Array{DiscreteNonParametric{Int64,Float64,Base.OneTo{Int64},Array{Float64,1}},1},Array{VarName{:z3},1},Array{Int64,1},Array{Set{Selector},1}},Turing.Core.RandomVariables.Metadata{Dict{VarName{:z4},Int64},Array{DiscreteNonParametric{Int64,Float64,Base.OneTo{Int64},Array{Float64,1}},1},Array{VarName{:z4},1},Array{Int64,1},Array{Set{Selector},1}}}},Float64}) at mh.jl:138
â”” @ Turing.Inference ~/.julia/packages/Turing/xGrY5/src/inference/mh.jl:138
[ Info: (symbol = :z1, exact = 1.0, evaluated = 1.0481666666666667)
[ Info: (symbol = :z2, exact = 1.0, evaluated = 1.0491666666666666)
[ Info: (symbol = :z3, exact = 2.0, evaluated = 1.9476666666666667)
[ Info: (symbol = :z4, exact = 2.0, evaluated = 1.9495)
[ Info: (symbol = :mu1, exact = 1.0, evaluated = 1.0482833640837037)
[ Info: (symbol = :mu2, exact = 4.0, evaluated = 3.9097233770324915)
[ Info: (symbol = :s, exact = 2.0416666666666665, evaluated = 2.018407254299998)
[ Info: (symbol = :m, exact = 1.1666666666666667, evaluated = 1.1564484549232452)
[ Info: (symbol = :s, exact = 2.0416666666666665, evaluated = 1.984507471687471)
[ Info: (symbol = :m, exact = 1.1666666666666667, evaluated = 1.1808422723178478)
â”Œ Info: Found initial step size
â””   Ïµ = 1.6
[ Info: (symbol = :s, exact = 2.0416666666666665, evaluated = 2.1880739364348907)
[ Info: (symbol = :m, exact = 1.1666666666666667, evaluated = 1.1623415298482676)
Sampling  41%|â–ˆâ–ˆâ–ˆâ–ˆâ–ˆâ–ˆâ–ˆâ–ˆâ–ˆâ–ˆâ–ˆâ–ˆâ–‹                  |  ETA: 0:00:00[KSampling 100%|â–ˆâ–ˆâ–ˆâ–ˆâ–ˆâ–ˆâ–ˆâ–ˆâ–ˆâ–ˆâ–ˆâ–ˆâ–ˆâ–ˆâ–ˆâ–ˆâ–ˆâ–ˆâ–ˆâ–ˆâ–ˆâ–ˆâ–ˆâ–ˆâ–ˆâ–ˆâ–ˆâ–ˆâ–ˆâ–ˆâ–ˆ| Time: 0:00:00[K
[ Info: (symbol = :s, exact = 2.0416666666666665, evaluated = 2.0857367158085744)
[ Info: (symbol = :m, exact = 1.1666666666666667, evaluated = 1.196540747294272)
Sampling  80%|â–ˆâ–ˆâ–ˆâ–ˆâ–ˆâ–ˆâ–ˆâ–ˆâ–ˆâ–ˆâ–ˆâ–ˆâ–ˆâ–ˆâ–ˆâ–ˆâ–ˆâ–ˆâ–ˆâ–ˆâ–ˆâ–ˆâ–ˆâ–ˆâ–Š      |  ETA: 0:00:00[KSampling 100%|â–ˆâ–ˆâ–ˆâ–ˆâ–ˆâ–ˆâ–ˆâ–ˆâ–ˆâ–ˆâ–ˆâ–ˆâ–ˆâ–ˆâ–ˆâ–ˆâ–ˆâ–ˆâ–ˆâ–ˆâ–ˆâ–ˆâ–ˆâ–ˆâ–ˆâ–ˆâ–ˆâ–ˆâ–ˆâ–ˆâ–ˆ| Time: 0:00:00[K
[ Info: (symbol = :s, exact = 2.0416666666666665, evaluated = 2.18546088564367)
[ Info: (symbol = :m, exact = 1.1666666666666667, evaluated = 1.1642901428718055)
Sampling  68%|â–ˆâ–ˆâ–ˆâ–ˆâ–ˆâ–ˆâ–ˆâ–ˆâ–ˆâ–ˆâ–ˆâ–ˆâ–ˆâ–ˆâ–ˆâ–ˆâ–ˆâ–ˆâ–ˆâ–ˆâ–ˆ          |  ETA: 0:00:00[KSampling 100%|â–ˆâ–ˆâ–ˆâ–ˆâ–ˆâ–ˆâ–ˆâ–ˆâ–ˆâ–ˆâ–ˆâ–ˆâ–ˆâ–ˆâ–ˆâ–ˆâ–ˆâ–ˆâ–ˆâ–ˆâ–ˆâ–ˆâ–ˆâ–ˆâ–ˆâ–ˆâ–ˆâ–ˆâ–ˆâ–ˆâ–ˆ| Time: 0:00:00[K
[ Info: (symbol = :s, exact = 2.0416666666666665, evaluated = 2.160817496653615)
[ Info: (symbol = :m, exact = 1.1666666666666667, evaluated = 1.1791856929554003)
[ Info: (symbol = :s, exact = 2.0416666666666665, evaluated = 2.0036937546918665)
[ Info: (symbol = :m, exact = 1.1666666666666667, evaluated = 1.1857903930350902)
Progress:  45%|â–ˆâ–ˆâ–ˆâ–ˆâ–ˆâ–ˆâ–ˆâ–ˆâ–ˆâ–ˆâ–ˆâ–ˆâ–ˆâ–ˆâ–ˆâ–ˆâ–ˆâ–ˆâ–‹                      |  ETA: 0:00:01[KProgress:  91%|â–ˆâ–ˆâ–ˆâ–ˆâ–ˆâ–ˆâ–ˆâ–ˆâ–ˆâ–ˆâ–ˆâ–ˆâ–ˆâ–ˆâ–ˆâ–ˆâ–ˆâ–ˆâ–ˆâ–ˆâ–ˆâ–ˆâ–ˆâ–ˆâ–ˆâ–ˆâ–ˆâ–ˆâ–ˆâ–ˆâ–ˆâ–ˆâ–ˆâ–ˆâ–ˆâ–ˆâ–ˆâ–Œ   |  ETA: 0:00:00[KProgress: 100%|â–ˆâ–ˆâ–ˆâ–ˆâ–ˆâ–ˆâ–ˆâ–ˆâ–ˆâ–ˆâ–ˆâ–ˆâ–ˆâ–ˆâ–ˆâ–ˆâ–ˆâ–ˆâ–ˆâ–ˆâ–ˆâ–ˆâ–ˆâ–ˆâ–ˆâ–ˆâ–ˆâ–ˆâ–ˆâ–ˆâ–ˆâ–ˆâ–ˆâ–ˆâ–ˆâ–ˆâ–ˆâ–ˆâ–ˆâ–ˆâ–ˆ| Time: 0:00:02[K
[ Info: (symbol = :s, exact = 2.0416666666666665, evaluated = 1.9922486989172996)
[ Info: (symbol = :m, exact = 1.1666666666666667, evaluated = 1.1420990750687094)
â”Œ Info: Found initial step size
â””   Ïµ = 3.2
[ Info: (symbol = :s, exact = 2.0416666666666665, evaluated = 2.037835347000474)
[ Info: (symbol = :m, exact = 1.1666666666666667, evaluated = 1.1743605061010847)
Progress:  27%|â–ˆâ–ˆâ–ˆâ–ˆâ–ˆâ–ˆâ–ˆâ–ˆâ–ˆâ–ˆâ–ˆâ–                             |  ETA: 0:00:03[KProgress:  57%|â–ˆâ–ˆâ–ˆâ–ˆâ–ˆâ–ˆâ–ˆâ–ˆâ–ˆâ–ˆâ–ˆâ–ˆâ–ˆâ–ˆâ–ˆâ–ˆâ–ˆâ–ˆâ–ˆâ–ˆâ–ˆâ–ˆâ–ˆâ–                 |  ETA: 0:00:02[KProgress:  83%|â–ˆâ–ˆâ–ˆâ–ˆâ–ˆâ–ˆâ–ˆâ–ˆâ–ˆâ–ˆâ–ˆâ–ˆâ–ˆâ–ˆâ–ˆâ–ˆâ–ˆâ–ˆâ–ˆâ–ˆâ–ˆâ–ˆâ–ˆâ–ˆâ–ˆâ–ˆâ–ˆâ–ˆâ–ˆâ–ˆâ–ˆâ–ˆâ–ˆâ–‰       |  ETA: 0:00:01[KProgress: 100%|â–ˆâ–ˆâ–ˆâ–ˆâ–ˆâ–ˆâ–ˆâ–ˆâ–ˆâ–ˆâ–ˆâ–ˆâ–ˆâ–ˆâ–ˆâ–ˆâ–ˆâ–ˆâ–ˆâ–ˆâ–ˆâ–ˆâ–ˆâ–ˆâ–ˆâ–ˆâ–ˆâ–ˆâ–ˆâ–ˆâ–ˆâ–ˆâ–ˆâ–ˆâ–ˆâ–ˆâ–ˆâ–ˆâ–ˆâ–ˆâ–ˆ| Time: 0:00:03[K
[ Info: (symbol = :s, exact = 2.0416666666666665, evaluated = 2.0836608695689294)
[ Info: (symbol = :m, exact = 1.1666666666666667, evaluated = 1.1788141162220658)
â”Œ Info: [ADVI] Should only be seen once: optimizer created for Î¸
â””   objectid(Î¸) = 0x12d75153a987802b
â”Œ Info: [ADVI] Should only be seen once: optimizer created for Î¸
â””   objectid(Î¸) = 0x56c6294e2f2300ff
[ Info: (symbol = :s, exact = 2.0416666666666665, evaluated = 1.762735231917528)
[ Info: (symbol = :m, exact = 1.1666666666666667, evaluated = 1.1784462176660468)
â”Œ Info: Distribution(params)
â””   dist = Arcsine{Float64}(a=1.0, b=3.0)
â”Œ Info: Distribution(params)
â””   dist = Beta{Float64}(Î±=2.0, Î²=1.0)
â”Œ Info: Distribution(params)
â””   dist = BetaPrime{Float64}(Î±=1.0, Î²=1.0)
â”Œ Info: Distribution(params)
â””   dist = Biweight{Float64}(Î¼=0.0, Ïƒ=1.0)
â”Œ Info: Distribution(params)
â””   dist = Chi{Float64}(Î½=7.0)
â”Œ Info: Distribution(params)
â””   dist = Chisq{Float64}(Î½=7.0)
â”Œ Info: Distribution(params)
â””   dist = Cosine{Float64}(Î¼=0.0, Ïƒ=1.0)
â”Œ Info: Distribution(params)
â””   dist = Epanechnikov{Float64}(Î¼=0.0, Ïƒ=1.0)
â”Œ Info: Distribution(params)
â””   dist = Erlang{Float64}(Î±=2, Î¸=3.0)
â”Œ Info: Distribution(params)
â””   dist = Exponential{Float64}(Î¸=0.1)
â”Œ Info: Distribution(params)
â””   dist = FDist{Float64}(Î½1=7.0, Î½2=7.0)
â”Œ Info: Distribution(params)
â””   dist = Frechet{Float64}(Î±=2.0, Î¸=0.5)
â”Œ Info: Distribution(params)
â””   dist = Normal{Float64}(Î¼=0.0, Ïƒ=1.0)
â”Œ Info: Distribution(params)
â””   dist = GeneralizedExtremeValue{Float64}(Î¼=0.0, Ïƒ=1.0, Î¾=0.5)
â”Œ Info: Distribution(params)
â””   dist = GeneralizedPareto{Float64}(Î¼=0.0, Ïƒ=1.0, Î¾=0.5)
â”Œ Info: Distribution(params)
â””   dist = Gumbel{Float64}(Î¼=0.0, Î¸=0.5)
â”Œ Info: Distribution(params)
â””   dist = InverseGaussian{Float64}(Î¼=1.0, Î»=1.0)
â”Œ Info: Distribution(params)
â””   dist = Kolmogorov()
â”Œ Info: Distribution(params)
â””   dist = Laplace{Float64}(Î¼=0.0, Î¸=0.5)
â”Œ Info: Distribution(params)
â””   dist = Levy{Float64}(Î¼=0.0, Ïƒ=1.0)
â”Œ Info: Distribution(params)
â””   dist = Logistic{Float64}(Î¼=0.0, Î¸=1.0)
â”Œ Info: Distribution(params)
â””   dist = LogNormal{Float64}(Î¼=0.0, Ïƒ=1.0)
â”Œ Info: Distribution(params)
â””   dist = Gamma{Float64}(Î±=2.0, Î¸=3.0)
â”Œ Info: Distribution(params)
â”‚   dist =
â”‚    InverseGamma{Float64}(
â”‚    invd: Gamma{Float64}(Î±=3.0, Î¸=1.0)
â”‚    Î¸: 1.0
â”‚    )
â””    
â”Œ Info: Distribution(params)
â””   dist = NormalCanon{Float64}(Î·=0.0, Î»=1.0, Î¼=0.0)
â”Œ Info: Distribution(params)
â””   dist = NormalInverseGaussian{Float64}(Î¼=0.0, Î±=2.0, Î²=1.0, Î´=1.0, Î³=1.7320508075688772)
â”Œ Info: Distribution(params)
â””   dist = Pareto{Float64}(Î±=1.0, Î¸=1.0)
â”Œ Info: Distribution(params)
â””   dist = Rayleigh{Float64}(Ïƒ=1.0)
â”Œ Info: Distribution(params)
â””   dist = SymTriangularDist{Float64}(Î¼=0.0, Ïƒ=1.0)
â”Œ Info: Distribution(params)
â””   dist = TDist{Float64}(Î½=2.5)
â”Œ Info: Distribution(params)
â””   dist = TriangularDist{Float64}(a=1.0, b=3.0, c=2.0)
â”Œ Info: Distribution(params)
â””   dist = Triweight{Float64}(Î¼=0.0, Ïƒ=1.0)
â”Œ Info: Distribution(params)
â””   dist = Uniform{Float64}(a=0.0, b=1.0)
â”Œ Info: Distribution(params)
â””   dist = Weibull{Float64}(Î±=2.0, Î¸=1.0)
â”Œ Info: Distribution(params)
â”‚   dist =
â”‚    DiagNormal(
â”‚    dim: 4
â”‚    Î¼: [0.0, 0.0, 0.0, 0.0]
â”‚    Î£: [1.0 0.0 0.0 0.0; 0.0 1.0 0.0 0.0; 0.0 0.0 1.0 0.0; 0.0 0.0 0.0 1.0]
â”‚    )
â””    
â”Œ Info: Distribution(params)
â”‚   dist =
â”‚    FullNormal(
â”‚    dim: 2
â”‚    Î¼: [0.0, 0.0]
â”‚    Î£: [2.0 1.0; 1.0 4.0]
â”‚    )
â””    
â”Œ Info: Distribution(params)
â””   dist = Dirichlet{Float64}(alpha=[2.0, 2.0, 2.0, 2.0])
â”Œ Info: Distribution(params)
â”‚   dist =
â”‚    Wishart{Float64,PDMat{Float64,Array{Float64,2}}}(
â”‚    df: 7.0
â”‚    S: [1.0 0.5; 0.5 1.0]
â”‚    )
â””    
â”Œ Info: Distribution(params)
â”‚   dist =
â”‚    InverseWishart{Float64,PDMat{Float64,Array{Float64,2}}}(
â”‚    df: 7.0
â”‚    Î¨: [1.0 0.5; 0.5 1.0]
â”‚    )
â””    
Test Summary:                        | Pass  Fail  Total
Turing                               | 3451     5   3456
  core                               |  284     5    289
    ad.jl                            |   94     1     95
      adr                            |    1            1
      passing duals to distributions |    6            6
      general AD tests               |    2            2
      Tracker + logdet               |    1     1      2
      Tracker + fill                 |    6            6
      Tracker + MvNormal             |    3            3
      Tracker + Diagonal Normal      |    3            3
      Tracker + MvNormal Interface   |   72           72
      Simplex Tracker AD             |             No tests
      PDMatDistribution Tracker AD   |             No tests
    compiler.jl                      |   21     4     25
      assume                         |    4            4
      beta binomial                  |    3            3
      forbid global                  |             No tests
      model macro                    |    7     4     11
      new grammar                    |             No tests
      new interface                  |             No tests
      no return                      |    2            2
      observe                        |    5            5
      sample                         |             No tests
      vectorization                  |             No tests
      Type parameters                |             No tests
      tilde                          |             No tests
    container.jl                     |   16           16
    RandomVariables.jl               |  153          153
  inference                          | 3086         3086
  variational                        |    2            2
  stdlib                             |   70           70
  utilities                          |    9            9
ERROR: LoadError: Some tests did not pass: 3451 passed, 5 failed, 0 errored, 0 broken.
in expression starting at /home/pkgeval/.julia/packages/Turing/xGrY5/test/runtests.jl:12
ERROR: Package Turing errored during testing
Stacktrace:
 [1] pkgerror(::String, ::Vararg{String,N} where N) at /workspace/srcdir/usr/share/julia/stdlib/v1.3/Pkg/src/Types.jl:113
 [2] #test#131(::Bool, ::Nothing, ::Cmd, ::Cmd, ::typeof(Pkg.Operations.test), ::Pkg.Types.Context, ::Array{Pkg.Types.PackageSpec,1}) at /workspace/srcdir/usr/share/julia/stdlib/v1.3/Pkg/src/Operations.jl:1372
 [3] #test at ./none:0 [inlined]
 [4] #test#62(::Bool, ::Nothing, ::Cmd, ::Cmd, ::Base.Iterators.Pairs{Union{},Union{},Tuple{},NamedTuple{(),Tuple{}}}, ::typeof(Pkg.API.test), ::Pkg.Types.Context, ::Array{Pkg.Types.PackageSpec,1}) at /workspace/srcdir/usr/share/julia/stdlib/v1.3/Pkg/src/API.jl:253
 [5] test(::Pkg.Types.Context, ::Array{Pkg.Types.PackageSpec,1}) at /workspace/srcdir/usr/share/julia/stdlib/v1.3/Pkg/src/API.jl:239
 [6] #test#61 at /workspace/srcdir/usr/share/julia/stdlib/v1.3/Pkg/src/API.jl:233 [inlined]
 [7] test at /workspace/srcdir/usr/share/julia/stdlib/v1.3/Pkg/src/API.jl:233 [inlined]
 [8] #test#60 at /workspace/srcdir/usr/share/julia/stdlib/v1.3/Pkg/src/API.jl:232 [inlined]
 [9] test at /workspace/srcdir/usr/share/julia/stdlib/v1.3/Pkg/src/API.jl:232 [inlined]
 [10] #test#59(::Base.Iterators.Pairs{Union{},Union{},Tuple{},NamedTuple{(),Tuple{}}}, ::typeof(Pkg.API.test), ::String) at /workspace/srcdir/usr/share/julia/stdlib/v1.3/Pkg/src/API.jl:231
 [11] test(::String) at /workspace/srcdir/usr/share/julia/stdlib/v1.3/Pkg/src/API.jl:231
 [12] top-level scope at none:12
