Current time is 2020-10-25T20:45:35.828
Julia Version 1.5.3-pre.0
Commit 5905edebb1 (2020-09-24 05:09 UTC)
Platform Info:
  OS: Linux (x86_64-pc-linux-gnu)
  CPU: AMD EPYC 7502 32-Core Processor
  WORD_SIZE: 64
  LIBM: libopenlibm
  LLVM: libLLVM-9.0.1 (ORCJIT, znver2)
Environment:
  JULIA_DEPOT_PATH = ::/usr/local/share/julia
  JULIA_NUM_THREADS = 2
  JULIA_MAX_NUM_PRECOMPILE_FILES = 9223372036854775807
  JULIA_PKG_SERVER = 

Starting installation at 2020-10-25T20:45:38.91
  Resolving package versions...
  Installed Suppressor â”€â”€â”€â”€ v0.2.0
  Installed SyntaxTree â”€â”€â”€â”€ v1.0.1
  Installed PDFHighlights â”€ v0.1.0
Updating `~/.julia/environments/v1.5/Project.toml`
  [e9eb520e] + PDFHighlights v0.1.0
Updating `~/.julia/environments/v1.5/Manifest.toml`
  [e9eb520e] + PDFHighlights v0.1.0
  [fd094767] + Suppressor v0.2.0
  [a4af3ec5] + SyntaxTree v1.0.1
  [2a0f44e3] + Base64
  [8ba89e20] + Distributed
  [b77e0a4c] + InteractiveUtils
  [56ddb016] + Logging
  [d6f4376e] + Markdown
  [9a3f8284] + Random
  [ea8e919c] + SHA
  [9e88b42a] + Serialization
  [6462fe0b] + Sockets
  [8dfed614] + Test
   Building PDFHighlights â†’ `~/.julia/packages/PDFHighlights/4y7El/deps/build.log`
â”Œ Error: Error building `PDFHighlights`: 
â”‚ Package poppler-glib was not found in the pkg-config search path.
â”‚ Perhaps you should add the directory containing `poppler-glib.pc'
â”‚ to the PKG_CONFIG_PATH environment variable
â”‚ No package 'poppler-glib' found
â”‚ ERROR: LoadError: failed process: Process(`pkg-config --cflags poppler-glib`, ProcessExited(1)) [1]
â”‚ 
â”‚ Stacktrace:
â”‚  [1] pipeline_error at ./process.jl:525 [inlined]
â”‚  [2] read(::Cmd) at ./process.jl:412
â”‚  [3] read(::Cmd, ::Type{String}) at ./process.jl:421
â”‚  [4] top-level scope at /home/pkgeval/.julia/packages/PDFHighlights/4y7El/deps/build.jl:26
â”‚  [5] include(::String) at ./client.jl:457
â”‚  [6] top-level scope at none:5
â”‚ in expression starting at /home/pkgeval/.julia/packages/PDFHighlights/4y7El/deps/build.jl:26
â”” @ Pkg.Operations /buildworker/worker/package_linux64/build/usr/share/julia/stdlib/v1.5/Pkg/src/Operations.jl:949
Starting tests at 2020-10-25T20:45:44.052
    Testing PDFHighlights
Status `/tmp/jl_TU15OW/Project.toml`
  [e9eb520e] PDFHighlights v0.1.0
  [fd094767] Suppressor v0.2.0
  [a4af3ec5] SyntaxTree v1.0.1
  [ea8e919c] SHA
  [8dfed614] Test
Status `/tmp/jl_TU15OW/Manifest.toml`
  [e9eb520e] PDFHighlights v0.1.0
  [fd094767] Suppressor v0.2.0
  [a4af3ec5] SyntaxTree v1.0.1
  [2a0f44e3] Base64
  [8ba89e20] Distributed
  [b77e0a4c] InteractiveUtils
  [56ddb016] Logging
  [d6f4376e] Markdown
  [9a3f8284] Random
  [ea8e919c] SHA
  [9e88b42a] Serialization
  [6462fe0b] Sockets
  [8dfed614] Test
[1;32mRUNNING TESTS[0m for `PDFHighlights.jl`
[1;32mRUNNING[0m: TestExceptions.jl
Test Summary: | Pass  Total
@exception    |    2      2
Test Summary:        | Pass  Total
@exception_with_file |    1      1
Test Summary:        | Pass  Total
@exception_with_line |    1      1
Test Summary:          | Pass  Total
@exception_with_symbol |    1      1
[1;32mPASSED[0m: TestExceptions.jl
[1;32mRUNNING[0m: TestPDF.jl
Test Summary: | Pass  Total
_concatenate  |    2      2
_get_authors_from_PDF: Error During Test at /home/pkgeval/.julia/packages/PDFHighlights/4y7El/test/tests/TestPDF.jl:45
  Test threw exception
  Expression: PDFHighlights.Internal.PDF._get_authors_from_PDF(dir) == String["Pavel Sobolev"]
  could not load library "/home/pkgeval/.julia/packages/PDFHighlights/4y7El/deps/C/get_author_title/get_author_title"
  /home/pkgeval/.julia/packages/PDFHighlights/4y7El/deps/C/get_author_title/get_author_title.so: cannot open shared object file: No such file or directory
  Stacktrace:
   [1] #2 at /home/pkgeval/.julia/packages/PDFHighlights/4y7El/src/PDF/Functions/get_author_title.jl:50 [inlined]
   [2] get!(::PDFHighlights.Internal.PDF.var"#2#4"{String}, ::Dict{String,Tuple{String,String}}, ::String) at ./dict.jl:450
   [3] get_author_title(::String) at /home/pkgeval/.julia/packages/PDFHighlights/4y7El/src/PDF/Functions/get_author_title.jl:45
   [4] get_authors_titles(::String) at /home/pkgeval/.julia/packages/PDFHighlights/4y7El/src/PDF/Functions/get_authors_titles.jl:37
   [5] _get_authors_from_PDF(::String) at /home/pkgeval/.julia/packages/PDFHighlights/4y7El/src/PDF/Functions/_get_authors_from_PDF.jl:29
   [6] top-level scope at /home/pkgeval/.julia/packages/PDFHighlights/4y7El/test/tests/TestPDF.jl:45
   [7] top-level scope at /buildworker/worker/package_linux64/build/usr/share/julia/stdlib/v1.5/Test/src/Test.jl:1115
   [8] top-level scope at /home/pkgeval/.julia/packages/PDFHighlights/4y7El/test/tests/TestPDF.jl:43
  
Test Summary:         | Error  Total
_get_authors_from_PDF |     1      1
[1;31mFAILED[0m: TestPDF.jl
LoadError: Some tests did not pass: 0 passed, 0 failed, 1 errored, 0 broken.
in expression starting at /home/pkgeval/.julia/packages/PDFHighlights/4y7El/test/tests/TestPDF.jl:41
[1;32mRUNNING[0m: TestCSV.jl
Test Summary: | Pass  Total
initialize    |    5      5
Test Summary: | Pass  Total
_check        |    5      5
import_highlights: Error During Test at /home/pkgeval/.julia/packages/PDFHighlights/4y7El/test/tests/TestCSV.jl:92
  Got exception outside of a @test
  could not load library "/home/pkgeval/.julia/packages/PDFHighlights/4y7El/deps/C/get_author_title/get_author_title"
  /home/pkgeval/.julia/packages/PDFHighlights/4y7El/deps/C/get_author_title/get_author_title.so: cannot open shared object file: No such file or directory
  Stacktrace:
   [1] #2 at /home/pkgeval/.julia/packages/PDFHighlights/4y7El/src/PDF/Functions/get_author_title.jl:50 [inlined]
   [2] get!(::PDFHighlights.Internal.PDF.var"#2#4"{String}, ::Dict{String,Tuple{String,String}}, ::String) at ./dict.jl:450
   [3] get_author_title(::String) at /home/pkgeval/.julia/packages/PDFHighlights/4y7El/src/PDF/Functions/get_author_title.jl:45
   [4] import_highlights(::String, ::String; quiet::Bool) at /home/pkgeval/.julia/packages/PDFHighlights/4y7El/src/CSV/Functions/import_highlights.jl:113
   [5] import_highlights at /home/pkgeval/.julia/packages/PDFHighlights/4y7El/src/CSV/Functions/import_highlights.jl:59 [inlined]
   [6] (::Main.TestCSV.var"#34#58")() at /buildworker/worker/package_linux64/build/usr/share/julia/stdlib/v1.5/Test/src/Test.jl:633
   [7] redirect_stderr(::Main.TestCSV.var"#34#58", ::IOStream) at ./stream.jl:1150
   [8] #33 at /buildworker/worker/package_linux64/build/usr/share/julia/stdlib/v1.5/Test/src/Test.jl:632 [inlined]
   [9] open(::Main.TestCSV.var"#33#57", ::String, ::Vararg{String,N} where N; kwargs::Base.Iterators.Pairs{Union{},Union{},Tuple{},NamedTuple{(),Tuple{}}}) at ./io.jl:325
   [10] open(::Function, ::String, ::String) at ./io.jl:323
   [11] macro expansion at /buildworker/worker/package_linux64/build/usr/share/julia/stdlib/v1.5/Test/src/Test.jl:631 [inlined]
   [12] macro expansion at /home/pkgeval/.julia/packages/Suppressor/nTjgZ/src/Suppressor.jl:66 [inlined]
   [13] macro expansion at /home/pkgeval/.julia/packages/PDFHighlights/4y7El/test/tests/TestCSV.jl:96 [inlined]
   [14] macro expansion at /buildworker/worker/package_linux64/build/usr/share/julia/stdlib/v1.5/Test/src/Test.jl:1115 [inlined]
   [15] top-level scope at /home/pkgeval/.julia/packages/PDFHighlights/4y7El/test/tests/TestCSV.jl:94
   [16] include(::String) at ./client.jl:457
   [17] top-level scope at /home/pkgeval/.julia/packages/PDFHighlights/4y7El/test/runtests.jl:25
   [18] include(::String) at ./client.jl:457
   [19] top-level scope at none:6
   [20] eval(::Module, ::Any) at ./boot.jl:331
   [21] exec_options(::Base.JLOptions) at ./client.jl:272
   [22] _start() at ./client.jl:506
  
Test Summary:     | Error  Total
import_highlights |     1      1
[1;31mFAILED[0m: TestCSV.jl
LoadError: Some tests did not pass: 0 passed, 0 failed, 1 errored, 0 broken.
in expression starting at /home/pkgeval/.julia/packages/PDFHighlights/4y7El/test/tests/TestCSV.jl:92
[1;32mRUNNING[0m: TestBoth.jl
get_authors: Error During Test at /home/pkgeval/.julia/packages/PDFHighlights/4y7El/test/tests/TestBoth.jl:17
  Test threw exception
  Expression: get_authors(dir) == String["Pavel Sobolev"]
  could not load library "/home/pkgeval/.julia/packages/PDFHighlights/4y7El/deps/C/get_author_title/get_author_title"
  /home/pkgeval/.julia/packages/PDFHighlights/4y7El/deps/C/get_author_title/get_author_title.so: cannot open shared object file: No such file or directory
  Stacktrace:
   [1] #2 at /home/pkgeval/.julia/packages/PDFHighlights/4y7El/src/PDF/Functions/get_author_title.jl:50 [inlined]
   [2] get!(::PDFHighlights.Internal.PDF.var"#2#4"{String}, ::Dict{String,Tuple{String,String}}, ::String) at ./dict.jl:450
   [3] get_author_title(::String) at /home/pkgeval/.julia/packages/PDFHighlights/4y7El/src/PDF/Functions/get_author_title.jl:45
   [4] get_authors_titles(::String) at /home/pkgeval/.julia/packages/PDFHighlights/4y7El/src/PDF/Functions/get_authors_titles.jl:37
   [5] _get_authors_from_PDF at /home/pkgeval/.julia/packages/PDFHighlights/4y7El/src/PDF/Functions/_get_authors_from_PDF.jl:29 [inlined]
   [6] get_authors(::String) at /home/pkgeval/.julia/packages/PDFHighlights/4y7El/src/Both/Functions/get_authors.jl:43
   [7] top-level scope at /home/pkgeval/.julia/packages/PDFHighlights/4y7El/test/tests/TestBoth.jl:17
   [8] top-level scope at /buildworker/worker/package_linux64/build/usr/share/julia/stdlib/v1.5/Test/src/Test.jl:1115
   [9] top-level scope at /home/pkgeval/.julia/packages/PDFHighlights/4y7El/test/tests/TestBoth.jl:15
  
get_authors: Error During Test at /home/pkgeval/.julia/packages/PDFHighlights/4y7El/test/tests/TestBoth.jl:13
  Got exception outside of a @test
  could not load library "/home/pkgeval/.julia/packages/PDFHighlights/4y7El/deps/C/get_author_title/get_author_title"
  /home/pkgeval/.julia/packages/PDFHighlights/4y7El/deps/C/get_author_title/get_author_title.so: cannot open shared object file: No such file or directory
  Stacktrace:
   [1] #2 at /home/pkgeval/.julia/packages/PDFHighlights/4y7El/src/PDF/Functions/get_author_title.jl:50 [inlined]
   [2] get!(::PDFHighlights.Internal.PDF.var"#2#4"{String}, ::Dict{String,Tuple{String,String}}, ::String) at ./dict.jl:450
   [3] get_author_title(::String) at /home/pkgeval/.julia/packages/PDFHighlights/4y7El/src/PDF/Functions/get_author_title.jl:45
   [4] import_highlights(::String, ::String; quiet::Bool) at /home/pkgeval/.julia/packages/PDFHighlights/4y7El/src/CSV/Functions/import_highlights.jl:113
   [5] top-level scope at /home/pkgeval/.julia/packages/PDFHighlights/4y7El/test/tests/TestBoth.jl:20
   [6] top-level scope at /buildworker/worker/package_linux64/build/usr/share/julia/stdlib/v1.5/Test/src/Test.jl:1115
   [7] top-level scope at /home/pkgeval/.julia/packages/PDFHighlights/4y7El/test/tests/TestBoth.jl:15
   [8] include(::String) at ./client.jl:457
   [9] top-level scope at /home/pkgeval/.julia/packages/PDFHighlights/4y7El/test/runtests.jl:25
   [10] include(::String) at ./client.jl:457
   [11] top-level scope at none:6
   [12] eval(::Module, ::Any) at ./boot.jl:331
   [13] exec_options(::Base.JLOptions) at ./client.jl:272
   [14] _start() at ./client.jl:506
  
Test Summary: | Error  Total
get_authors   |     2      2
[1;31mFAILED[0m: TestBoth.jl
LoadError: Some tests did not pass: 0 passed, 0 failed, 2 errored, 0 broken.
in expression starting at /home/pkgeval/.julia/packages/PDFHighlights/4y7El/test/tests/TestBoth.jl:13
ERROR: LoadError: "Some tests have failed."
Stacktrace:
 [1] top-level scope at /home/pkgeval/.julia/packages/PDFHighlights/4y7El/test/runtests.jl:52
 [2] include(::String) at ./client.jl:457
 [3] top-level scope at none:6
in expression starting at /home/pkgeval/.julia/packages/PDFHighlights/4y7El/test/runtests.jl:52
ERROR: Package PDFHighlights errored during testing
Stacktrace:
 [1] pkgerror(::String) at /buildworker/worker/package_linux64/build/usr/share/julia/stdlib/v1.5/Pkg/src/Types.jl:52
 [2] test(::Pkg.Types.Context, ::Array{Pkg.Types.PackageSpec,1}; coverage::Bool, julia_args::Cmd, test_args::Cmd, test_fn::Nothing) at /buildworker/worker/package_linux64/build/usr/share/julia/stdlib/v1.5/Pkg/src/Operations.jl:1578
 [3] test(::Pkg.Types.Context, ::Array{Pkg.Types.PackageSpec,1}; coverage::Bool, test_fn::Nothing, julia_args::Cmd, test_args::Cmd, kwargs::Base.Iterators.Pairs{Union{},Union{},Tuple{},NamedTuple{(),Tuple{}}}) at /buildworker/worker/package_linux64/build/usr/share/julia/stdlib/v1.5/Pkg/src/API.jl:327
 [4] test(::Pkg.Types.Context, ::Array{Pkg.Types.PackageSpec,1}) at /buildworker/worker/package_linux64/build/usr/share/julia/stdlib/v1.5/Pkg/src/API.jl:314
 [5] #test#61 at /buildworker/worker/package_linux64/build/usr/share/julia/stdlib/v1.5/Pkg/src/API.jl:67 [inlined]
 [6] test at /buildworker/worker/package_linux64/build/usr/share/julia/stdlib/v1.5/Pkg/src/API.jl:67 [inlined]
 [7] #test#60 at /buildworker/worker/package_linux64/build/usr/share/julia/stdlib/v1.5/Pkg/src/API.jl:66 [inlined]
 [8] test at /buildworker/worker/package_linux64/build/usr/share/julia/stdlib/v1.5/Pkg/src/API.jl:66 [inlined]
 [9] test(::String; kwargs::Base.Iterators.Pairs{Union{},Union{},Tuple{},NamedTuple{(),Tuple{}}}) at /buildworker/worker/package_linux64/build/usr/share/julia/stdlib/v1.5/Pkg/src/API.jl:65
 [10] test(::String) at /buildworker/worker/package_linux64/build/usr/share/julia/stdlib/v1.5/Pkg/src/API.jl:65
 [11] top-level scope at none:35
