Julia Version 1.5.0-DEV.555
Commit c54f80c785 (2020-04-01 14:44 UTC)
Platform Info:
  OS: Linux (x86_64-pc-linux-gnu)
  CPU: Intel(R) Xeon(R) Silver 4114 CPU @ 2.20GHz
  WORD_SIZE: 64
  LIBM: libopenlibm
  LLVM: libLLVM-9.0.1 (ORCJIT, skylake)
Environment:
  JULIA_DEPOT_PATH = ::/usr/local/share/julia
  JULIA_NUM_THREADS = 2

  Resolving package versions...
  Installed HELICS_jll ────────── v2.4.2+0
  Installed ZeroMQ_jll ────────── v4.3.2+1
  Installed CEnum ─────────────── v0.2.0
  Installed DocStringExtensions ─ v0.8.1
  Installed HELICS ────────────── v0.7.0
   Updating `~/.julia/environments/v1.5/Project.toml`
   81524022 + HELICS v0.7.0
   Updating `~/.julia/environments/v1.5/Manifest.toml`
   fa961155 + CEnum v0.2.0
   ffbed154 + DocStringExtensions v0.8.1
   81524022 + HELICS v0.7.0
   ef3b0bb0 + HELICS_jll v2.4.2+0
   8f1865be + ZeroMQ_jll v4.3.2+1
   2a0f44e3 + Base64
   ade2ca70 + Dates
   8ba89e20 + Distributed
   b77e0a4c + InteractiveUtils
   76f85450 + LibGit2
   8f399da3 + Libdl
   56ddb016 + Logging
   d6f4376e + Markdown
   44cfe95a + Pkg
   de0858da + Printf
   3fa0cd96 + REPL
   9a3f8284 + Random
   ea8e919c + SHA
   9e88b42a + Serialization
   6462fe0b + Sockets
   8dfed614 + Test
   cf7118a7 + UUIDs
   4ec0a83e + Unicode
    Testing HELICS
     Status `/tmp/jl_DlnxeT/Project.toml`
   fa961155 CEnum v0.2.0
   ffbed154 DocStringExtensions v0.8.1
   81524022 HELICS v0.7.0
   ef3b0bb0 HELICS_jll v2.4.2+0
   8f399da3 Libdl
   8dfed614 Test
     Status `/tmp/jl_DlnxeT/Manifest.toml`
   fa961155 CEnum v0.2.0
   ffbed154 DocStringExtensions v0.8.1
   81524022 HELICS v0.7.0
   ef3b0bb0 HELICS_jll v2.4.2+0
   8f1865be ZeroMQ_jll v4.3.2+1
   2a0f44e3 Base64
   ade2ca70 Dates
   8ba89e20 Distributed
   b77e0a4c InteractiveUtils
   76f85450 LibGit2
   8f399da3 Libdl
   56ddb016 Logging
   d6f4376e Markdown
   44cfe95a Pkg
   de0858da Printf
   3fa0cd96 REPL
   9a3f8284 Random
   ea8e919c SHA
   9e88b42a Serialization
   6462fe0b Sockets
   8dfed614 Test
   cf7118a7 UUIDs
   4ec0a83e Unicode
Test Summary: | Pass  Total
Versions      |    2      2
2, test1 (131072), test MEXAGE, UserData(6)
2, test1 (131072), test MEXAGE, UserData(7)
2, test1 (131072), test MEXAGE, UserData(8)
2, test1 (131072), test MEXAGE, UserData(9)
broker3 (0)::Unable to connect to publication target Ep2
broker3 (0)::Unable to connect to endpoint target ep2
broker3 (0)::Unable to connect to filter target fed1/pub3
Test Summary: | Pass  Total
API           |   52     52
fed1 (131072) (0)::Unable to connect to publication target Ep2
fed1 (131072) (0)::Unable to connect to filter target fed1/pub3
Test Summary: | Pass  Total
ValueFederate |  176    176
Test Summary:   | Pass  Broken  Total
MessageFederate |   81       4     85
Test Summary:       | Pass  Total
CombinationFederate |   12     12
Test Summary: | Pass  Total
MessageFilter |   42     42
Test Summary: | Pass  Total
Query         |   17     17
Test Summary: | Pass  Broken  Total
Filters       |  220       1    221
Test Summary: | Pass  Broken  Total
Bad Inputs    |  129       3    132
--loglevel: Check what_logs? value in {connections->3,data->6,error->0,interfaces->4,no_print->-1,none->-1,summary->2,timing->5,trace->7,warning->1} OR {3,6,0,4,-1,-1,2,5,7,1} FAILED
Run with --help for more information.
--loglevel: Check what_logs? value in {connections->3,data->6,error->0,interfaces->4,no_print->-1,none->-1,summary->2,timing->5,trace->7,warning->1} OR {3,6,0,4,-1,-1,2,5,7,1} FAILED
Run with --help for more information.
Could not convert: --period = frogs
Run with --help for more information.
Test Summary: | Pass  Broken  Total
System Test   |   18       1     19
f1 (131072) (0)::hello
f1 (131072) (0)::hello
Test Summary:  | Pass  Total
Iteration Test |   60     60
    Testing HELICS tests passed 
