Current time is 2020-10-24T14:06:26.988
Julia Version 1.6.0-DEV.1316
Commit 3e7c8f3e36 (2020-10-22 18:54 UTC)
Platform Info:
  OS: Linux (x86_64-pc-linux-gnu)
  CPU: AMD EPYC 7502 32-Core Processor
  WORD_SIZE: 64
  LIBM: libopenlibm
  LLVM: libLLVM-11.0.0 (ORCJIT, znver2)
Environment:
  JULIA_DEPOT_PATH = ::/usr/local/share/julia
  JULIA_NUM_THREADS = 2
  JULIA_MAX_NUM_PRECOMPILE_FILES = 9223372036854775807
  JULIA_PKG_SERVER = 

Starting installation at 2020-10-24T14:06:29.065
   Resolving package versions...
   Installed Zlib_jll â”€â”€â”€â”€â”€â”€â”€â”€â”€â”€â”€ v1.2.11+18
   Installed TupleTools â”€â”€â”€â”€â”€â”€â”€â”€â”€ v1.2.0
   Installed ZipFile â”€â”€â”€â”€â”€â”€â”€â”€â”€â”€â”€â”€ v0.9.3
   Installed Strided â”€â”€â”€â”€â”€â”€â”€â”€â”€â”€â”€â”€ v1.1.1
   Installed JLLWrappers â”€â”€â”€â”€â”€â”€â”€â”€ v1.1.3
   Installed DataStructures â”€â”€â”€â”€â”€ v0.17.20
   Installed Pickle â”€â”€â”€â”€â”€â”€â”€â”€â”€â”€â”€â”€â”€ v0.2.0
   Installed InternedStrings â”€â”€â”€â”€ v0.7.0
   Installed OrderedCollections â”€ v1.3.1
Updating `~/.julia/environments/v1.6/Project.toml`
  [fbb45041] + Pickle v0.2.0
Updating `~/.julia/environments/v1.6/Manifest.toml`
  [864edb3b] + DataStructures v0.17.20
  [7d512f48] + InternedStrings v0.7.0
  [692b3bcd] + JLLWrappers v1.1.3
  [bac558e1] + OrderedCollections v1.3.1
  [fbb45041] + Pickle v0.2.0
  [5e0ebb24] + Strided v1.1.1
  [9d95972d] + TupleTools v1.2.0
  [a5390f91] + ZipFile v0.9.3
  [83775a58] + Zlib_jll v1.2.11+18
  [0dad84c5] + ArgTools
  [56f22d72] + Artifacts
  [2a0f44e3] + Base64
  [ade2ca70] + Dates
  [f43a241f] + Downloads
  [b77e0a4c] + InteractiveUtils
  [b27032c2] + LibCURL
  [76f85450] + LibGit2
  [8f399da3] + Libdl
  [37e2e46d] + LinearAlgebra
  [56ddb016] + Logging
  [d6f4376e] + Markdown
  [44cfe95a] + Pkg
  [de0858da] + Printf
  [3fa0cd96] + REPL
  [9a3f8284] + Random
  [ea8e919c] + SHA
  [9e88b42a] + Serialization
  [6462fe0b] + Sockets
  [fa267f1f] + TOML
  [8dfed614] + Test
  [cf7118a7] + UUIDs
  [4ec0a83e] + Unicode
  [deac9b47] + LibCURL_jll
  [14a3606d] + MozillaCACerts_jll
Precompiling project... (tip: to disable auto-precompilation set ENV["JULIA_PKG_PRECOMPILE_AUTO"]=0)
[32m  âœ“ [39m[90mTupleTools[39m
[32m  âœ“ [39m[90mInternedStrings[39m
[32m  âœ“ [39m[90mJLLWrappers[39m
[32m  âœ“ [39m[90mOrderedCollections[39m
[32m  âœ“ [39m[90mStrided[39m
[32m  âœ“ [39m[90mZlib_jll[39m
[32m  âœ“ [39m[90mDataStructures[39m
[32m  âœ“ [39m[90mZipFile[39m
[32m  âœ“ [39mPickle
9 dependencies successfully precompiled
Starting tests at 2020-10-24T14:07:12.125
     Testing Pickle
Status `/tmp/jl_keMj7Z/Project.toml`
  [864edb3b] DataStructures v0.17.20
  [e30172f5] Documenter v0.25.2
  [7d512f48] InternedStrings v0.7.0
  [fbb45041] Pickle v0.2.0
  [438e738f] PyCall v1.92.1
  [5e0ebb24] Strided v1.1.1
  [a5390f91] ZipFile v0.9.3
  [9e88b42a] Serialization
  [8dfed614] Test
Status `/tmp/jl_keMj7Z/Manifest.toml`
  [8f4d0f93] Conda v1.4.1
  [864edb3b] DataStructures v0.17.20
  [ffbed154] DocStringExtensions v0.8.3
  [e30172f5] Documenter v0.25.2
  [7d512f48] InternedStrings v0.7.0
  [692b3bcd] JLLWrappers v1.1.3
  [682c06a0] JSON v0.21.1
  [1914dd2f] MacroTools v0.5.6
  [bac558e1] OrderedCollections v1.3.1
  [69de0a69] Parsers v1.0.11
  [fbb45041] Pickle v0.2.0
  [438e738f] PyCall v1.92.1
  [5e0ebb24] Strided v1.1.1
  [9d95972d] TupleTools v1.2.0
  [81def892] VersionParsing v1.2.0
  [a5390f91] ZipFile v0.9.3
  [83775a58] Zlib_jll v1.2.11+18
  [0dad84c5] ArgTools
  [56f22d72] Artifacts
  [2a0f44e3] Base64
  [ade2ca70] Dates
  [f43a241f] Downloads
  [b77e0a4c] InteractiveUtils
  [b27032c2] LibCURL
  [76f85450] LibGit2
  [8f399da3] Libdl
  [37e2e46d] LinearAlgebra
  [56ddb016] Logging
  [d6f4376e] Markdown
  [a63ad114] Mmap
  [44cfe95a] Pkg
  [de0858da] Printf
  [3fa0cd96] REPL
  [9a3f8284] Random
  [ea8e919c] SHA
  [9e88b42a] Serialization
  [6462fe0b] Sockets
  [fa267f1f] TOML
  [8dfed614] Test
  [cf7118a7] UUIDs
  [4ec0a83e] Unicode
  [deac9b47] LibCURL_jll
  [14a3606d] MozillaCACerts_jll
     Testing Running tests...
[ Info: Installing torch via the Conda pytorch package...
[ Info: Running `conda install -q -y pytorch` in root environment
Collecting package metadata (current_repodata.json): ...working... done
Solving environment: ...working... failed with initial frozen solve. Retrying with flexible solve.
Solving environment: ...working... failed with repodata from current_repodata.json, will retry with next repodata source.
Collecting package metadata (repodata.json): ...working... done
Solving environment: ...working... done

## Package Plan ##

  environment location: /home/pkgeval/.julia/conda/3

  added / updated specs:
    - pytorch


The following packages will be downloaded:

    package                    |            build
    ---------------------------|-----------------
    _pytorch_select-0.2        |            gpu_0           2 KB
    cudatoolkit-10.1.243       |       h6bb024c_0       347.4 MB
    cudnn-7.6.5                |       cuda10.1_0       179.9 MB
    ninja-1.10.1               |   py38hfd86e86_0         1.4 MB
    pytorch-1.4.0              |cuda101py38h02f0884_0       167.4 MB
    ------------------------------------------------------------
                                           Total:       696.3 MB

The following NEW packages will be INSTALLED:

  _pytorch_select    pkgs/main/linux-64::_pytorch_select-0.2-gpu_0
  cudatoolkit        pkgs/main/linux-64::cudatoolkit-10.1.243-h6bb024c_0
  cudnn              pkgs/main/linux-64::cudnn-7.6.5-cuda10.1_0
  ninja              pkgs/main/linux-64::ninja-1.10.1-py38hfd86e86_0
  pytorch            pkgs/main/linux-64::pytorch-1.4.0-cuda101py38h02f0884_0


Preparing transaction: ...working... done
Verifying transaction: ...working... done
Executing transaction: ...working... done
[ Info: BATCHSIZE is set to: 3
[ Info: Test doctest
[ Info: SetupBuildDirectory: setting up build directory.
[ Info: Doctest: running doctests.
â”Œ Error: doctest failure in ~/.julia/packages/Pickle/Njhfn/src/readarg.jl:193-206
â”‚ 
â”‚ ```jldoctest
â”‚ julia> Pickle.read_bytes4(IOBuffer(b"\x00\x00\x00\x00abc")) |> isempty # 0-element Array{UInt8,1}
â”‚ true
â”‚ 
â”‚ julia> Pickle.read_bytes4(IOBuffer(b"\x03\x00\x00\x00abcdef"))
â”‚ 3-element Array{UInt8,1}:
â”‚  0x61
â”‚  0x62
â”‚  0x63
â”‚ 
â”‚ julia> Pickle.read_bytes4(IOBuffer(b"\x00\x00\x00\x03abcdef"))
â”‚ ERROR: expected 50331648 bytes in bytes4, but only 6 remain
â”‚ [...]
â”‚ ```
â”‚ 
â”‚ Subexpression:
â”‚ 
â”‚ Pickle.read_bytes4(IOBuffer(b"\x03\x00\x00\x00abcdef"))
â”‚ 
â”‚ Evaluated output:
â”‚ 
â”‚ 3-element Vector{UInt8}:
â”‚  0x61
â”‚  0x62
â”‚  0x63
â”‚ 
â”‚ Expected output:
â”‚ 
â”‚ 3-element Array{UInt8,1}:
â”‚  0x61
â”‚  0x62
â”‚  0x63
â”‚ 
â”‚   diff =
â”‚    Warning: Diff output requires color.
â”‚    3-element Array{UInt8,1}:
â”‚     Vector{UInt8}:
â”‚     0x61
â”‚     0x62
â”‚     0x63
â”” @ Documenter.DocTests ~/.julia/packages/Documenter/pjwqp/src/DocTests.jl:369
â”Œ Error: doctest failure in ~/.julia/packages/Pickle/Njhfn/src/readarg.jl:175-187
â”‚ 
â”‚ ```jldoctest
â”‚ julia> Pickle.read_bytes1(IOBuffer(b"\x00")) |> isempty # 0-element Array{UInt8,1}
â”‚ true
â”‚ 
â”‚ julia> Pickle.read_bytes1(IOBuffer(b"\x03abcdef"))
â”‚ 3-element Array{UInt8,1}:
â”‚  0x61
â”‚  0x62
â”‚  0x63
â”‚ 
â”‚ julia> Pickle.read_bytes1(IOBuffer(b"\x03abcdef")) |> String
â”‚ "abc"
â”‚ ```
â”‚ 
â”‚ Subexpression:
â”‚ 
â”‚ Pickle.read_bytes1(IOBuffer(b"\x03abcdef"))
â”‚ 
â”‚ Evaluated output:
â”‚ 
â”‚ 3-element Vector{UInt8}:
â”‚  0x61
â”‚  0x62
â”‚  0x63
â”‚ 
â”‚ Expected output:
â”‚ 
â”‚ 3-element Array{UInt8,1}:
â”‚  0x61
â”‚  0x62
â”‚  0x63
â”‚ 
â”‚   diff =
â”‚    Warning: Diff output requires color.
â”‚    3-element Array{UInt8,1}:
â”‚     Vector{UInt8}:
â”‚     0x61
â”‚     0x62
â”‚     0x63
â”” @ Documenter.DocTests ~/.julia/packages/Documenter/pjwqp/src/DocTests.jl:369
â”Œ Error: doctest failure in ~/.julia/packages/Pickle/Njhfn/src/readarg.jl:232-241
â”‚ 
â”‚ ```jldoctest
â”‚ julia> Pickle.read_bytearray8(IOBuffer(b"\x00\x00\x00\x00\x00\x00\x00\x00abc")) |> isempty # 0-element Array{UInt8,1}
â”‚ true
â”‚ 
â”‚ julia> Pickle.read_bytearray8(IOBuffer(b"\x03\x00\x00\x00\x00\x00\x00\x00abcdef"))
â”‚ 3-element Array{UInt8,1}:
â”‚  0x61
â”‚  0x62
â”‚  0x63
â”‚ ```
â”‚ 
â”‚ Subexpression:
â”‚ 
â”‚ Pickle.read_bytearray8(IOBuffer(b"\x03\x00\x00\x00\x00\x00\x00\x00abcdef"))
â”‚ 
â”‚ Evaluated output:
â”‚ 
â”‚ 3-element Vector{UInt8}:
â”‚  0x61
â”‚  0x62
â”‚  0x63
â”‚ 
â”‚ Expected output:
â”‚ 
â”‚ 3-element Array{UInt8,1}:
â”‚  0x61
â”‚  0x62
â”‚  0x63
â”‚ 
â”‚   diff =
â”‚    Warning: Diff output requires color.
â”‚    3-element Array{UInt8,1}:
â”‚     Vector{UInt8}:
â”‚     0x61
â”‚     0x62
â”‚     0x63
â”” @ Documenter.DocTests ~/.julia/packages/Documenter/pjwqp/src/DocTests.jl:369
â”Œ Error: doctest failure in ~/.julia/packages/Pickle/Njhfn/src/readarg.jl:212-221
â”‚ 
â”‚ ```jldoctest
â”‚ julia> Pickle.read_bytes8(IOBuffer(b"\x00\x00\x00\x00\x00\x00\x00\x00abc")) |> isempty # 0-element Array{UInt8,1}
â”‚ true
â”‚ 
â”‚ julia> Pickle.read_bytes8(IOBuffer(b"\x03\x00\x00\x00\x00\x00\x00\x00abcdef"))
â”‚ 3-element Array{UInt8,1}:
â”‚  0x61
â”‚  0x62
â”‚  0x63
â”‚ ```
â”‚ 
â”‚ Subexpression:
â”‚ 
â”‚ Pickle.read_bytes8(IOBuffer(b"\x03\x00\x00\x00\x00\x00\x00\x00abcdef"))
â”‚ 
â”‚ Evaluated output:
â”‚ 
â”‚ 3-element Vector{UInt8}:
â”‚  0x61
â”‚  0x62
â”‚  0x63
â”‚ 
â”‚ Expected output:
â”‚ 
â”‚ 3-element Array{UInt8,1}:
â”‚  0x61
â”‚  0x62
â”‚  0x63
â”‚ 
â”‚   diff =
â”‚    Warning: Diff output requires color.
â”‚    3-element Array{UInt8,1}:
â”‚     Vector{UInt8}:
â”‚     0x61
â”‚     0x62
â”‚     0x63
â”” @ Documenter.DocTests ~/.julia/packages/Documenter/pjwqp/src/DocTests.jl:369
â”Œ Error: doctest failure in ~/.julia/packages/Pickle/Njhfn/src/writearg.jl:59-90
â”‚ 
â”‚ ```jldoctest
â”‚ julia> Pickle.int_to_bytes(0) |> isempty # 0-element Array{UInt8,1}
â”‚ true
â”‚ 
â”‚ julia> Pickle.int_to_bytes(255)
â”‚ 2-element Array{UInt8,1}:
â”‚  0xff
â”‚  0x00
â”‚ 
â”‚ julia> Pickle.int_to_bytes(32767)
â”‚ 2-element Array{UInt8,1}:
â”‚  0xff
â”‚  0x7f
â”‚ 
â”‚ julia> Pickle.int_to_bytes(-256)
â”‚ 2-element Array{UInt8,1}:
â”‚  0x00
â”‚  0xff
â”‚ 
â”‚ julia> Pickle.int_to_bytes(-32768)
â”‚ 2-element Array{UInt8,1}:
â”‚  0x00
â”‚  0x80
â”‚ 
â”‚ julia> Pickle.int_to_bytes(-128)
â”‚ 1-element Array{UInt8,1}:
â”‚  0x80
â”‚ 
â”‚ julia> Pickle.int_to_bytes(127)
â”‚ 1-element Array{UInt8,1}:
â”‚  0x7f
â”‚ ```
â”‚ 
â”‚ Subexpression:
â”‚ 
â”‚ Pickle.int_to_bytes(255)
â”‚ 
â”‚ Evaluated output:
â”‚ 
â”‚ 2-element Vector{UInt8}:
â”‚  0xff
â”‚  0x00
â”‚ 
â”‚ Expected output:
â”‚ 
â”‚ 2-element Array{UInt8,1}:
â”‚  0xff
â”‚  0x00
â”‚ 
â”‚   diff =
â”‚    Warning: Diff output requires color.
â”‚    2-element Array{UInt8,1}:
â”‚     Vector{UInt8}:
â”‚     0xff
â”‚     0x00
â”” @ Documenter.DocTests ~/.julia/packages/Documenter/pjwqp/src/DocTests.jl:369
â”Œ Error: doctest failure in ~/.julia/packages/Pickle/Njhfn/src/writearg.jl:59-90
â”‚ 
â”‚ ```jldoctest
â”‚ julia> Pickle.int_to_bytes(0) |> isempty # 0-element Array{UInt8,1}
â”‚ true
â”‚ 
â”‚ julia> Pickle.int_to_bytes(255)
â”‚ 2-element Array{UInt8,1}:
â”‚  0xff
â”‚  0x00
â”‚ 
â”‚ julia> Pickle.int_to_bytes(32767)
â”‚ 2-element Array{UInt8,1}:
â”‚  0xff
â”‚  0x7f
â”‚ 
â”‚ julia> Pickle.int_to_bytes(-256)
â”‚ 2-element Array{UInt8,1}:
â”‚  0x00
â”‚  0xff
â”‚ 
â”‚ julia> Pickle.int_to_bytes(-32768)
â”‚ 2-element Array{UInt8,1}:
â”‚  0x00
â”‚  0x80
â”‚ 
â”‚ julia> Pickle.int_to_bytes(-128)
â”‚ 1-element Array{UInt8,1}:
â”‚  0x80
â”‚ 
â”‚ julia> Pickle.int_to_bytes(127)
â”‚ 1-element Array{UInt8,1}:
â”‚  0x7f
â”‚ ```
â”‚ 
â”‚ Subexpression:
â”‚ 
â”‚ Pickle.int_to_bytes(32767)
â”‚ 
â”‚ Evaluated output:
â”‚ 
â”‚ 2-element Vector{UInt8}:
â”‚  0xff
â”‚  0x7f
â”‚ 
â”‚ Expected output:
â”‚ 
â”‚ 2-element Array{UInt8,1}:
â”‚  0xff
â”‚  0x7f
â”‚ 
â”‚   diff =
â”‚    Warning: Diff output requires color.
â”‚    2-element Array{UInt8,1}:
â”‚     Vector{UInt8}:
â”‚     0xff
â”‚     0x7f
â”” @ Documenter.DocTests ~/.julia/packages/Documenter/pjwqp/src/DocTests.jl:369
â”Œ Error: doctest failure in ~/.julia/packages/Pickle/Njhfn/src/writearg.jl:59-90
â”‚ 
â”‚ ```jldoctest
â”‚ julia> Pickle.int_to_bytes(0) |> isempty # 0-element Array{UInt8,1}
â”‚ true
â”‚ 
â”‚ julia> Pickle.int_to_bytes(255)
â”‚ 2-element Array{UInt8,1}:
â”‚  0xff
â”‚  0x00
â”‚ 
â”‚ julia> Pickle.int_to_bytes(32767)
â”‚ 2-element Array{UInt8,1}:
â”‚  0xff
â”‚  0x7f
â”‚ 
â”‚ julia> Pickle.int_to_bytes(-256)
â”‚ 2-element Array{UInt8,1}:
â”‚  0x00
â”‚  0xff
â”‚ 
â”‚ julia> Pickle.int_to_bytes(-32768)
â”‚ 2-element Array{UInt8,1}:
â”‚  0x00
â”‚  0x80
â”‚ 
â”‚ julia> Pickle.int_to_bytes(-128)
â”‚ 1-element Array{UInt8,1}:
â”‚  0x80
â”‚ 
â”‚ julia> Pickle.int_to_bytes(127)
â”‚ 1-element Array{UInt8,1}:
â”‚  0x7f
â”‚ ```
â”‚ 
â”‚ Subexpression:
â”‚ 
â”‚ Pickle.int_to_bytes(-256)
â”‚ 
â”‚ Evaluated output:
â”‚ 
â”‚ 2-element Vector{UInt8}:
â”‚  0x00
â”‚  0xff
â”‚ 
â”‚ Expected output:
â”‚ 
â”‚ 2-element Array{UInt8,1}:
â”‚  0x00
â”‚  0xff
â”‚ 
â”‚   diff =
â”‚    Warning: Diff output requires color.
â”‚    2-element Array{UInt8,1}:
â”‚     Vector{UInt8}:
â”‚     0x00
â”‚     0xff
â”” @ Documenter.DocTests ~/.julia/packages/Documenter/pjwqp/src/DocTests.jl:369
â”Œ Error: doctest failure in ~/.julia/packages/Pickle/Njhfn/src/writearg.jl:59-90
â”‚ 
â”‚ ```jldoctest
â”‚ julia> Pickle.int_to_bytes(0) |> isempty # 0-element Array{UInt8,1}
â”‚ true
â”‚ 
â”‚ julia> Pickle.int_to_bytes(255)
â”‚ 2-element Array{UInt8,1}:
â”‚  0xff
â”‚  0x00
â”‚ 
â”‚ julia> Pickle.int_to_bytes(32767)
â”‚ 2-element Array{UInt8,1}:
â”‚  0xff
â”‚  0x7f
â”‚ 
â”‚ julia> Pickle.int_to_bytes(-256)
â”‚ 2-element Array{UInt8,1}:
â”‚  0x00
â”‚  0xff
â”‚ 
â”‚ julia> Pickle.int_to_bytes(-32768)
â”‚ 2-element Array{UInt8,1}:
â”‚  0x00
â”‚  0x80
â”‚ 
â”‚ julia> Pickle.int_to_bytes(-128)
â”‚ 1-element Array{UInt8,1}:
â”‚  0x80
â”‚ 
â”‚ julia> Pickle.int_to_bytes(127)
â”‚ 1-element Array{UInt8,1}:
â”‚  0x7f
â”‚ ```
â”‚ 
â”‚ Subexpression:
â”‚ 
â”‚ Pickle.int_to_bytes(-32768)
â”‚ 
â”‚ Evaluated output:
â”‚ 
â”‚ 2-element Vector{UInt8}:
â”‚  0x00
â”‚  0x80
â”‚ 
â”‚ Expected output:
â”‚ 
â”‚ 2-element Array{UInt8,1}:
â”‚  0x00
â”‚  0x80
â”‚ 
â”‚   diff =
â”‚    Warning: Diff output requires color.
â”‚    2-element Array{UInt8,1}:
â”‚     Vector{UInt8}:
â”‚     0x00
â”‚     0x80
â”” @ Documenter.DocTests ~/.julia/packages/Documenter/pjwqp/src/DocTests.jl:369
â”Œ Error: doctest failure in ~/.julia/packages/Pickle/Njhfn/src/writearg.jl:59-90
â”‚ 
â”‚ ```jldoctest
â”‚ julia> Pickle.int_to_bytes(0) |> isempty # 0-element Array{UInt8,1}
â”‚ true
â”‚ 
â”‚ julia> Pickle.int_to_bytes(255)
â”‚ 2-element Array{UInt8,1}:
â”‚  0xff
â”‚  0x00
â”‚ 
â”‚ julia> Pickle.int_to_bytes(32767)
â”‚ 2-element Array{UInt8,1}:
â”‚  0xff
â”‚  0x7f
â”‚ 
â”‚ julia> Pickle.int_to_bytes(-256)
â”‚ 2-element Array{UInt8,1}:
â”‚  0x00
â”‚  0xff
â”‚ 
â”‚ julia> Pickle.int_to_bytes(-32768)
â”‚ 2-element Array{UInt8,1}:
â”‚  0x00
â”‚  0x80
â”‚ 
â”‚ julia> Pickle.int_to_bytes(-128)
â”‚ 1-element Array{UInt8,1}:
â”‚  0x80
â”‚ 
â”‚ julia> Pickle.int_to_bytes(127)
â”‚ 1-element Array{UInt8,1}:
â”‚  0x7f
â”‚ ```
â”‚ 
â”‚ Subexpression:
â”‚ 
â”‚ Pickle.int_to_bytes(-128)
â”‚ 
â”‚ Evaluated output:
â”‚ 
â”‚ 1-element Vector{UInt8}:
â”‚  0x80
â”‚ 
â”‚ Expected output:
â”‚ 
â”‚ 1-element Array{UInt8,1}:
â”‚  0x80
â”‚ 
â”‚   diff =
â”‚    Warning: Diff output requires color.
â”‚    1-element Array{UInt8,1}:
â”‚     Vector{UInt8}:
â”‚     0x80
â”” @ Documenter.DocTests ~/.julia/packages/Documenter/pjwqp/src/DocTests.jl:369
â”Œ Error: doctest failure in ~/.julia/packages/Pickle/Njhfn/src/writearg.jl:59-90
â”‚ 
â”‚ ```jldoctest
â”‚ julia> Pickle.int_to_bytes(0) |> isempty # 0-element Array{UInt8,1}
â”‚ true
â”‚ 
â”‚ julia> Pickle.int_to_bytes(255)
â”‚ 2-element Array{UInt8,1}:
â”‚  0xff
â”‚  0x00
â”‚ 
â”‚ julia> Pickle.int_to_bytes(32767)
â”‚ 2-element Array{UInt8,1}:
â”‚  0xff
â”‚  0x7f
â”‚ 
â”‚ julia> Pickle.int_to_bytes(-256)
â”‚ 2-element Array{UInt8,1}:
â”‚  0x00
â”‚  0xff
â”‚ 
â”‚ julia> Pickle.int_to_bytes(-32768)
â”‚ 2-element Array{UInt8,1}:
â”‚  0x00
â”‚  0x80
â”‚ 
â”‚ julia> Pickle.int_to_bytes(-128)
â”‚ 1-element Array{UInt8,1}:
â”‚  0x80
â”‚ 
â”‚ julia> Pickle.int_to_bytes(127)
â”‚ 1-element Array{UInt8,1}:
â”‚  0x7f
â”‚ ```
â”‚ 
â”‚ Subexpression:
â”‚ 
â”‚ Pickle.int_to_bytes(127)
â”‚ 
â”‚ Evaluated output:
â”‚ 
â”‚ 1-element Vector{UInt8}:
â”‚  0x7f
â”‚ 
â”‚ Expected output:
â”‚ 
â”‚ 1-element Array{UInt8,1}:
â”‚  0x7f
â”‚ 
â”‚   diff =
â”‚    Warning: Diff output requires color.
â”‚    1-element Array{UInt8,1}:
â”‚     Vector{UInt8}:
â”‚     0x7f
â”” @ Documenter.DocTests ~/.julia/packages/Documenter/pjwqp/src/DocTests.jl:369
â”Œ Error: Doctesting failed
â”‚   exception =
â”‚    `makedocs` encountered a doctest error. Terminating build
â”‚    Stacktrace:
â”‚      [1] error(s::String)
â”‚        @ Base ./error.jl:33
â”‚      [2] runner(#unused#::Type{Documenter.Builder.Doctest}, doc::Documenter.Documents.Document)
â”‚        @ Documenter.Builder ~/.julia/packages/Documenter/pjwqp/src/Builder.jl:217
â”‚      [3] dispatch(#unused#::Type{Documenter.Builder.DocumentPipeline}, x::Documenter.Documents.Document)
â”‚        @ Documenter.Utilities.Selectors ~/.julia/packages/Documenter/pjwqp/src/Utilities/Selectors.jl:167
â”‚      [4] #2
â”‚        @ ~/.julia/packages/Documenter/pjwqp/src/Documenter.jl:241 [inlined]
â”‚      [5] cd(f::Documenter.var"#2#3"{Documenter.Documents.Document}, dir::String)
â”‚        @ Base.Filesystem ./file.jl:104
â”‚      [6] makedocs(; debug::Bool, format::Documenter.Writers.HTMLWriter.HTML, kwargs::Base.Iterators.Pairs{Symbol, Any, NTuple{5, Symbol}, NamedTuple{(:root, :source, :sitename, :doctest, :modules), Tuple{String, String, String, Symbol, Vector{Module}}}})
â”‚        @ Documenter ~/.julia/packages/Documenter/pjwqp/src/Documenter.jl:240
â”‚      [7] (::Documenter.var"#all_doctests#31"{Bool, Vector{Module}})()
â”‚        @ Documenter ~/.julia/packages/Documenter/pjwqp/src/Documenter.jl:802
â”‚      [8] macro expansion
â”‚        @ ~/.julia/packages/Documenter/pjwqp/src/Documenter.jl:818 [inlined]
â”‚      [9] macro expansion
â”‚        @ /buildworker/worker/package_linux64/build/usr/share/julia/stdlib/v1.6/Test/src/Test.jl:1144 [inlined]
â”‚     [10] doctest(source::String, modules::Vector{Module}; fix::Bool, testset::String)
â”‚        @ Documenter ~/.julia/packages/Documenter/pjwqp/src/Documenter.jl:818
â”‚     [11] doctest(package::Module; manual::Bool, testset::Nothing, kwargs::Base.Iterators.Pairs{Union{}, Union{}, Tuple{}, NamedTuple{(), Tuple{}}})
â”‚        @ Documenter ~/.julia/packages/Documenter/pjwqp/src/Documenter.jl:761
â”‚     [12] doctest
â”‚        @ ~/.julia/packages/Documenter/pjwqp/src/Documenter.jl:748 [inlined]
â”‚     [13] macro expansion
â”‚        @ ~/.julia/packages/Pickle/Njhfn/test/runtests.jl:33 [inlined]
â”‚     [14] macro expansion
â”‚        @ /buildworker/worker/package_linux64/build/usr/share/julia/stdlib/v1.6/Test/src/Test.jl:1144 [inlined]
â”‚     [15] top-level scope
â”‚        @ ~/.julia/packages/Pickle/Njhfn/test/runtests.jl:31
â”‚     [16] include(fname::String)
â”‚        @ Base.MainInclude ./client.jl:444
â”‚     [17] top-level scope
â”‚        @ none:6
â”‚     [18] eval(m::Module, e::Any)
â”‚        @ Core ./boot.jl:360
â”‚     [19] exec_options(opts::Base.JLOptions)
â”‚        @ Base ./client.jl:261
â”‚     [20] _start()
â”‚        @ Base ./client.jl:485
â”” @ Documenter ~/.julia/packages/Documenter/pjwqp/src/Documenter.jl:811
Doctests: Pickle: Test Failed at /home/pkgeval/.julia/packages/Documenter/pjwqp/src/Documenter.jl:818
  Expression: all_doctests()
Stacktrace:
 [1] macro expansion
   @ ~/.julia/packages/Documenter/pjwqp/src/Documenter.jl:818 [inlined]
 [2] macro expansion
   @ /buildworker/worker/package_linux64/build/usr/share/julia/stdlib/v1.6/Test/src/Test.jl:1144 [inlined]
 [3] doctest(source::String, modules::Vector{Module}; fix::Bool, testset::String)
   @ Documenter ~/.julia/packages/Documenter/pjwqp/src/Documenter.jl:818
[ Info: Test LOAD
[ Info: Test STORE
STORE: Error During Test at /home/pkgeval/.julia/packages/Pickle/Njhfn/test/test_store.jl:1
  Got exception outside of a @test
  AssertionError: python name for `typename(Set)` is not registered.
  Stacktrace:
    [1] save_global(p::Pickler{0}, io::IOStream, Tname::String)
      @ Pickle ~/.julia/packages/Pickle/Njhfn/src/serializer.jl:307
    [2] save(p::Pickler{0}, io::IOStream, x::Set{Int64})
      @ Pickle ~/.julia/packages/Pickle/Njhfn/src/serializer.jl:324
    [3] save_object(p::Pickler{0}, io::IOStream, x::Set{Int64})
      @ Pickle ~/.julia/packages/Pickle/Njhfn/src/serializer.jl:25
    [4] batch_setitems(p::Pickler{0}, io::IOStream, x::Dict{String, Any})
      @ Pickle ~/.julia/packages/Pickle/Njhfn/src/serializer.jl:266
    [5] save
      @ ~/.julia/packages/Pickle/Njhfn/src/serializer.jl:298 [inlined]
    [6] save_object(p::Pickler{0}, io::IOStream, x::Dict{String, Any})
      @ Pickle ~/.julia/packages/Pickle/Njhfn/src/serializer.jl:25
    [7] store(p::Pickler{0}, io::IOStream, x::Any)
      @ Pickle ~/.julia/packages/Pickle/Njhfn/src/serializer.jl:18
    [8] store(io::IOStream, x::Dict{String, Any}; proto::Int64)
      @ Pickle ~/.julia/packages/Pickle/Njhfn/src/serializer.jl:15
    [9] #29
      @ ~/.julia/packages/Pickle/Njhfn/src/serializer.jl:14 [inlined]
   [10] open(::Pickle.var"#29#30"{Int64, Dict{String, Any}}, ::String, ::Vararg{String, N} where N; kwargs::Base.Iterators.Pairs{Union{}, Union{}, Tuple{}, NamedTuple{(), Tuple{}}})
      @ Base ./io.jl:330
   [11] open(::Function, ::String, ::String)
      @ Base ./io.jl:328
   [12] #store#28
      @ ~/.julia/packages/Pickle/Njhfn/src/serializer.jl:14 [inlined]
   [13] (::var"#3#5")(path::String)
      @ Main ~/.julia/packages/Pickle/Njhfn/test/test_store.jl:7
   [14] mktempdir(fn::var"#3#5", parent::String; prefix::String)
      @ Base.Filesystem ./file.jl:711
   [15] mktempdir(fn::Function, parent::String)
      @ Base.Filesystem ./file.jl:709
   [16] macro expansion
      @ ~/.julia/packages/Pickle/Njhfn/test/test_store.jl:3 [inlined]
   [17] macro expansion
      @ /buildworker/worker/package_linux64/build/usr/share/julia/stdlib/v1.6/Test/src/Test.jl:1144 [inlined]
   [18] top-level scope
      @ ~/.julia/packages/Pickle/Njhfn/test/test_store.jl:3
   [19] include(fname::String)
      @ Base.MainInclude ./client.jl:444
   [20] macro expansion
      @ ~/.julia/packages/Pickle/Njhfn/test/runtests.jl:38 [inlined]
   [21] macro expansion
      @ /buildworker/worker/package_linux64/build/usr/share/julia/stdlib/v1.6/Test/src/Test.jl:1144 [inlined]
   [22] top-level scope
      @ ~/.julia/packages/Pickle/Njhfn/test/runtests.jl:31
   [23] include(fname::String)
      @ Base.MainInclude ./client.jl:444
   [24] top-level scope
      @ none:6
   [25] eval(m::Module, e::Any)
      @ Core ./boot.jl:360
   [26] exec_options(opts::Base.JLOptions)
      @ Base ./client.jl:261
   [27] _start()
      @ Base ./client.jl:485
[ Info: Test Pickle.Torch
[ Info: Test Torch LOAD
[ Info: Test Torch LOAD_ZIP
[ Info: Test Torch SAVE
[ Info: Test Torch PREBUILD
PREBUILD: Error During Test at /home/pkgeval/.julia/packages/Pickle/Njhfn/test/torch/torch_prebuild.jl:1
  Got exception outside of a @test
  AssertionError: !(isdefer(typeinfo))
  Stacktrace:
    [1] legacy_load(tp::Pickle.Torch.TorchPickler{2}, io::IOStream)
      @ Pickle.Torch ~/.julia/packages/Pickle/Njhfn/src/torch/torch_load.jl:95
    [2] THload(tp::Pickle.Torch.TorchPickler{2}, io::IOStream)
      @ Pickle.Torch ~/.julia/packages/Pickle/Njhfn/src/torch/torch_load.jl:62
    [3] (::Pickle.Torch.var"#7#8")(io::IOStream)
      @ Pickle.Torch ~/.julia/packages/Pickle/Njhfn/src/torch/torch_load.jl:57
    [4] open(f::Pickle.Torch.var"#7#8", args::String; kwargs::Base.Iterators.Pairs{Union{}, Union{}, Tuple{}, NamedTuple{(), Tuple{}}})
      @ Base ./io.jl:330
    [5] open
      @ ./io.jl:328 [inlined]
    [6] THload
      @ ~/.julia/packages/Pickle/Njhfn/src/torch/torch_load.jl:56 [inlined]
    [7] macro expansion
      @ ~/.julia/packages/Pickle/Njhfn/test/torch/torch_prebuild.jl:5 [inlined]
    [8] macro expansion
      @ /buildworker/worker/package_linux64/build/usr/share/julia/stdlib/v1.6/Test/src/Test.jl:1144 [inlined]
    [9] top-level scope
      @ ~/.julia/packages/Pickle/Njhfn/test/torch/torch_prebuild.jl:3
   [10] include(fname::String)
      @ Base.MainInclude ./client.jl:444
   [11] macro expansion
      @ ~/.julia/packages/Pickle/Njhfn/test/torch/torch.jl:16 [inlined]
   [12] macro expansion
      @ /buildworker/worker/package_linux64/build/usr/share/julia/stdlib/v1.6/Test/src/Test.jl:1144 [inlined]
   [13] top-level scope
      @ ~/.julia/packages/Pickle/Njhfn/test/torch/torch.jl:13
   [14] include(fname::String)
      @ Base.MainInclude ./client.jl:444
   [15] macro expansion
      @ ~/.julia/packages/Pickle/Njhfn/test/runtests.jl:42 [inlined]
   [16] macro expansion
      @ /buildworker/worker/package_linux64/build/usr/share/julia/stdlib/v1.6/Test/src/Test.jl:1144 [inlined]
   [17] top-level scope
      @ ~/.julia/packages/Pickle/Njhfn/test/runtests.jl:31
   [18] include(fname::String)
      @ Base.MainInclude ./client.jl:444
   [19] top-level scope
      @ none:6
   [20] eval(m::Module, e::Any)
      @ Core ./boot.jl:360
   [21] exec_options(opts::Base.JLOptions)
      @ Base ./client.jl:261
   [22] _start()
      @ Base ./client.jl:485
Test Summary:      | Pass  Fail  Error  Total
Pickle             |   99     1      2    102
  Doctests: Pickle |          1             1
  LOAD             |   15                  15
  STORE            |                 1      1
  Torch            |   84            1     85
    LOAD           |   32                  32
    LOAD_ZIP       |   32                  32
    SAVE           |   18                  18
    PREBUILD       |    2            1      3
ERROR: LoadError: Some tests did not pass: 99 passed, 1 failed, 2 errored, 0 broken.
in expression starting at /home/pkgeval/.julia/packages/Pickle/Njhfn/test/runtests.jl:30
ERROR: Package Pickle errored during testing
Stacktrace:
  [1] pkgerror(msg::String)
    @ Pkg.Types /buildworker/worker/package_linux64/build/usr/share/julia/stdlib/v1.6/Pkg/src/Types.jl:52
  [2] test(ctx::Pkg.Types.Context, pkgs::Vector{Pkg.Types.PackageSpec}; coverage::Bool, julia_args::Cmd, test_args::Cmd, test_fn::Nothing)
    @ Pkg.Operations /buildworker/worker/package_linux64/build/usr/share/julia/stdlib/v1.6/Pkg/src/Operations.jl:1650
  [3] test(ctx::Pkg.Types.Context, pkgs::Vector{Pkg.Types.PackageSpec}; coverage::Bool, test_fn::Nothing, julia_args::Cmd, test_args::Cmd, kwargs::Base.Iterators.Pairs{Union{}, Union{}, Tuple{}, NamedTuple{(), Tuple{}}})
    @ Pkg.API /buildworker/worker/package_linux64/build/usr/share/julia/stdlib/v1.6/Pkg/src/API.jl:334
  [4] test(ctx::Pkg.Types.Context, pkgs::Vector{Pkg.Types.PackageSpec})
    @ Pkg.API /buildworker/worker/package_linux64/build/usr/share/julia/stdlib/v1.6/Pkg/src/API.jl:321
  [5] #test#62
    @ /buildworker/worker/package_linux64/build/usr/share/julia/stdlib/v1.6/Pkg/src/API.jl:71 [inlined]
  [6] test
    @ /buildworker/worker/package_linux64/build/usr/share/julia/stdlib/v1.6/Pkg/src/API.jl:70 [inlined]
  [7] #test#61
    @ /buildworker/worker/package_linux64/build/usr/share/julia/stdlib/v1.6/Pkg/src/API.jl:68 [inlined]
  [8] test
    @ /buildworker/worker/package_linux64/build/usr/share/julia/stdlib/v1.6/Pkg/src/API.jl:68 [inlined]
  [9] test(pkg::String; kwargs::Base.Iterators.Pairs{Union{}, Union{}, Tuple{}, NamedTuple{(), Tuple{}}})
    @ Pkg.API /buildworker/worker/package_linux64/build/usr/share/julia/stdlib/v1.6/Pkg/src/API.jl:67
 [10] test(pkg::String)
    @ Pkg.API /buildworker/worker/package_linux64/build/usr/share/julia/stdlib/v1.6/Pkg/src/API.jl:67
 [11] top-level scope
    @ none:35
