Julia Version 1.5.0-DEV.150
Commit 0234e009ab (2020-01-25 18:06 UTC)
Platform Info:
  OS: Linux (x86_64-pc-linux-gnu)
  CPU: Intel(R) Xeon(R) Silver 4114 CPU @ 2.20GHz
  WORD_SIZE: 64
  LIBM: libopenlibm
  LLVM: libLLVM-8.0.1 (ORCJIT, skylake)
Environment:
  JULIA_DEPOT_PATH = ::/usr/local/share/julia
  JULIA_NUM_THREADS = 2

 Resolving package versions...
 Installed LightXML ───────────── v0.8.1
 Installed CommonSubexpressions ─ v0.2.0
 Installed DiffResults ────────── v1.0.2
 Installed BSON ───────────────── v0.2.5
 Installed BytePairEncoding ───── v0.1.1
 Installed StaticArrays ───────── v0.12.1
 Installed Zygote ─────────────── v0.4.6
 Installed DataDeps ───────────── v0.7.1
 Installed Adapt ──────────────── v1.0.0
 Installed Transformers ───────── v0.1.2
 Installed FFTW_jll ───────────── v3.3.9+3
 Installed ColorTypes ─────────── v0.8.1
 Installed CEnum ──────────────── v0.2.0
 Installed StrTables ──────────── v1.0.1
 Installed CUDAapi ────────────── v2.1.0
 Installed CodecZlib ──────────── v0.6.0
 Installed WordTokenizers ─────── v0.5.3
 Installed AbstractFFTs ───────── v0.5.0
 Installed MbedTLS ────────────── v0.7.0
 Installed MKL_jll ────────────── v2019.0.117+2
 Installed NNlib ──────────────── v0.6.4
 Installed OpenSpecFun_jll ────── v0.5.3+1
 Installed FFTW ───────────────── v1.2.0
 Installed Requires ───────────── v0.5.2
 Installed TranscodingStreams ─── v0.9.5
 Installed DataStructures ─────── v0.17.9
 Installed Flux ───────────────── v0.10.1
 Installed ForwardDiff ────────── v0.10.9
 Installed CUDAdrv ────────────── v5.0.1
 Installed Media ──────────────── v0.5.0
 Installed ZygoteRules ────────── v0.2.0
 Installed JSON ───────────────── v0.21.0
 Installed IRTools ────────────── v0.3.0
 Installed MacroTools ─────────── v0.5.3
 Installed InternedStrings ────── v0.7.0
 Installed Missings ───────────── v0.4.3
 Installed GPUArrays ──────────── v2.0.1
 Installed NaNMath ────────────── v0.3.3
 Installed IniFile ────────────── v0.5.0
 Installed OrderedCollections ─── v1.1.0
 Installed FixedPointNumbers ──── v0.6.1
 Installed HTML_Entities ──────── v1.0.0
 Installed Colors ─────────────── v0.9.6
 Installed SpecialFunctions ───── v0.9.0
 Installed Reexport ───────────── v0.2.0
 Installed FillArrays ─────────── v0.8.4
 Installed CUDAnative ─────────── v2.8.1
 Installed Juno ───────────────── v0.7.2
 Installed LLVM ───────────────── v1.3.3
 Installed DataAPI ────────────── v1.1.0
 Installed HTTP ───────────────── v0.8.8
 Installed StatsBase ──────────── v0.32.0
 Installed AbstractTrees ──────── v0.3.1
 Installed IntelOpenMP_jll ────── v2018.0.3+0
 Installed TimerOutputs ───────── v0.5.3
 Installed DiffRules ──────────── v1.0.0
 Installed BinaryProvider ─────── v0.5.8
 Installed Parsers ────────────── v0.3.10
 Installed CuArrays ───────────── v1.7.0
 Installed ZipFile ────────────── v0.8.4
 Installed SortingAlgorithms ──── v0.3.1
  Updating `~/.julia/environments/v1.5/Project.toml`
  [21ca0261] + Transformers v0.1.2
  Updating `~/.julia/environments/v1.5/Manifest.toml`
  [621f4979] + AbstractFFTs v0.5.0
  [1520ce14] + AbstractTrees v0.3.1
  [79e6a3ab] + Adapt v1.0.0
  [fbb218c0] + BSON v0.2.5
  [b99e7846] + BinaryProvider v0.5.8
  [a4280ba5] + BytePairEncoding v0.1.1
  [fa961155] + CEnum v0.2.0
  [3895d2a7] + CUDAapi v2.1.0
  [c5f51814] + CUDAdrv v5.0.1
  [be33ccc6] + CUDAnative v2.8.1
  [944b1d66] + CodecZlib v0.6.0
  [3da002f7] + ColorTypes v0.8.1
  [5ae59095] + Colors v0.9.6
  [bbf7d656] + CommonSubexpressions v0.2.0
  [3a865a2d] + CuArrays v1.7.0
  [9a962f9c] + DataAPI v1.1.0
  [124859b0] + DataDeps v0.7.1
  [864edb3b] + DataStructures v0.17.9
  [163ba53b] + DiffResults v1.0.2
  [b552c78f] + DiffRules v1.0.0
  [7a1cc6ca] + FFTW v1.2.0
  [f5851436] + FFTW_jll v3.3.9+3
  [1a297f60] + FillArrays v0.8.4
  [53c48c17] + FixedPointNumbers v0.6.1
  [587475ba] + Flux v0.10.1
  [f6369f11] + ForwardDiff v0.10.9
  [0c68f7d7] + GPUArrays v2.0.1
  [7693890a] + HTML_Entities v1.0.0
  [cd3eb016] + HTTP v0.8.8
  [7869d1d1] + IRTools v0.3.0
  [83e8ac13] + IniFile v0.5.0
  [1d5cc7b8] + IntelOpenMP_jll v2018.0.3+0
  [7d512f48] + InternedStrings v0.7.0
  [682c06a0] + JSON v0.21.0
  [e5e0dc1b] + Juno v0.7.2
  [929cbde3] + LLVM v1.3.3
  [9c8b4983] + LightXML v0.8.1
  [856f044c] + MKL_jll v2019.0.117+2
  [1914dd2f] + MacroTools v0.5.3
  [739be429] + MbedTLS v0.7.0
  [e89f7d12] + Media v0.5.0
  [e1d29d7a] + Missings v0.4.3
  [872c559c] + NNlib v0.6.4
  [77ba4419] + NaNMath v0.3.3
  [efe28fd5] + OpenSpecFun_jll v0.5.3+1
  [bac558e1] + OrderedCollections v1.1.0
  [69de0a69] + Parsers v0.3.10
  [189a3867] + Reexport v0.2.0
  [ae029012] + Requires v0.5.2
  [a2af1166] + SortingAlgorithms v0.3.1
  [276daf66] + SpecialFunctions v0.9.0
  [90137ffa] + StaticArrays v0.12.1
  [2913bbd2] + StatsBase v0.32.0
  [9700d1a9] + StrTables v1.0.1
  [a759f4b9] + TimerOutputs v0.5.3
  [3bb67fe8] + TranscodingStreams v0.9.5
  [21ca0261] + Transformers v0.1.2
  [796a5d58] + WordTokenizers v0.5.3
  [a5390f91] + ZipFile v0.8.4
  [e88e6eb3] + Zygote v0.4.6
  [700de1a5] + ZygoteRules v0.2.0
  [2a0f44e3] + Base64 
  [ade2ca70] + Dates 
  [8bb1440f] + DelimitedFiles 
  [8ba89e20] + Distributed 
  [b77e0a4c] + InteractiveUtils 
  [76f85450] + LibGit2 
  [8f399da3] + Libdl 
  [37e2e46d] + LinearAlgebra 
  [56ddb016] + Logging 
  [d6f4376e] + Markdown 
  [a63ad114] + Mmap 
  [44cfe95a] + Pkg 
  [de0858da] + Printf 
  [9abbd945] + Profile 
  [3fa0cd96] + REPL 
  [9a3f8284] + Random 
  [ea8e919c] + SHA 
  [9e88b42a] + Serialization 
  [6462fe0b] + Sockets 
  [2f01184e] + SparseArrays 
  [10745b16] + Statistics 
  [8dfed614] + Test 
  [cf7118a7] + UUIDs 
  [4ec0a83e] + Unicode 
  Building LightXML ─────→ `~/.julia/packages/LightXML/W8FVT/deps/build.log`
  Updating `/tmp/jl_UvsdZy/Project.toml`
 [no changes]
  Updating `/tmp/jl_UvsdZy/Manifest.toml`
 [no changes]
  Building MbedTLS ──────→ `~/.julia/packages/MbedTLS/a1JFn/deps/build.log`
  Updating `/tmp/jl_J2Qz5A/Project.toml`
 [no changes]
  Updating `/tmp/jl_J2Qz5A/Manifest.toml`
 [no changes]
  Building CodecZlib ────→ `~/.julia/packages/CodecZlib/5t9zO/deps/build.log`
  Updating `/tmp/jl_qV4aXV/Project.toml`
 [no changes]
  Updating `/tmp/jl_qV4aXV/Manifest.toml`
 [no changes]
  Building NNlib ────────→ `~/.julia/packages/NNlib/3krvM/deps/build.log`
  Updating `/tmp/jl_72zBlz/Project.toml`
 [no changes]
  Updating `/tmp/jl_72zBlz/Manifest.toml`
 [no changes]
  Building FFTW ─────────→ `~/.julia/packages/FFTW/qqcBj/deps/build.log`
  Updating `/tmp/jl_QGXqdo/Project.toml`
 [no changes]
  Updating `/tmp/jl_QGXqdo/Manifest.toml`
 [no changes]
  Building HTML_Entities → `~/.julia/packages/HTML_Entities/g4t7p/deps/build.log`
  Updating `/tmp/jl_XYDImf/Project.toml`
 [no changes]
  Updating `/tmp/jl_XYDImf/Manifest.toml`
 [no changes]
  Building ZipFile ──────→ `~/.julia/packages/ZipFile/DW0Qr/deps/build.log`
  Updating `/tmp/jl_4wEXId/Project.toml`
 [no changes]
  Updating `/tmp/jl_4wEXId/Manifest.toml`
 [no changes]
   Testing Transformers
  Updating `/tmp/jl_zkVPew/Project.toml`
 [no changes]
  Updating `/tmp/jl_zkVPew/Manifest.toml`
 [no changes]
Running sandbox
Status `/tmp/jl_zkVPew/Project.toml`
  [79e6a3ab] Adapt v1.0.0
  [fbb218c0] BSON v0.2.5
  [a4280ba5] BytePairEncoding v0.1.1
  [be33ccc6] CUDAnative v2.8.1
  [3a865a2d] CuArrays v1.7.0
  [124859b0] DataDeps v0.7.1
  [587475ba] Flux v0.10.1
  [cd3eb016] HTTP v0.8.8
  [7d512f48] InternedStrings v0.7.0
  [682c06a0] JSON v0.21.0
  [9c8b4983] LightXML v0.8.1
  [1914dd2f] MacroTools v0.5.3
  [ae029012] Requires v0.5.2
  [21ca0261] Transformers v0.1.2
  [796a5d58] WordTokenizers v0.5.3
  [a5390f91] ZipFile v0.8.4
  [700de1a5] ZygoteRules v0.2.0
  [ade2ca70] Dates 
  [8bb1440f] DelimitedFiles 
  [37e2e46d] LinearAlgebra 
  [d6f4376e] Markdown 
  [44cfe95a] Pkg 
  [9a3f8284] Random 
  [10745b16] Statistics 
  [8dfed614] Test 
  [4ec0a83e] Unicode 
WARNING: could not import Compiler.just_construct_ssa into Wrap
┌ Warning: Deprecated syntax `(;)` at /home/pkgeval/.julia/packages/IRTools/Fl3dY/src/passes/relooper.jl:148.
│ Use `begin end` instead.
└ @ ~/.julia/packages/IRTools/Fl3dY/src/passes/relooper.jl:148
┌ Warning: Deprecated syntax `(;)` at /home/pkgeval/.julia/packages/IRTools/Fl3dY/src/passes/relooper.jl:157.
│ Use `begin end` instead.
└ @ ~/.julia/packages/IRTools/Fl3dY/src/passes/relooper.jl:157
┌ Warning: Deprecated syntax `(;)` at /home/pkgeval/.julia/packages/IRTools/Fl3dY/src/passes/relooper.jl:167.
│ Use `begin end` instead.
└ @ ~/.julia/packages/IRTools/Fl3dY/src/passes/relooper.jl:167
[ Info: CUDAdrv.jl failed to initialize, GPU functionality unavailable (set JULIA_CUDA_SILENT or JULIA_CUDA_VERBOSE to silence or expand this message)
[ Info: Test TRANSFORMER
[ Info: Test NNTOPO
[ Info: Test EMBED
[ Info: Test BASIC
[ Info: Test GPT
[ Info: Test BERT
[ Info: Test PRETRAIN
[ Info: sending all datadeps to /tmp/jl_bkBBaJ
┌ Info: Downloading
│   source = "https://drive.google.com/uc?export=download&id=1jZ4wSrR7rGXprKz1a3O8PpEQ2o-nnMEA"
│   dest = "/tmp/jl_bkBBaJ/GPT-OpenAIftlm/OpenAIftlm.npbson"
│   progress = 1.0
│   time_taken = "46.18 s"
│   time_remaining = "0.0 s"
│   average_speed = "9.958 MiB/s"
│   downloaded = "459.837 MiB"
│   remaining = "0 bytes"
└   total = "459.837 MiB"
[ Info: loading pretrain gpt model: OpenAIftlm.npbson 
[ Info: removing /tmp/jl_bkBBaJ
[ Info: sending all datadeps to /tmp/jl_JTx6sX
┌ Info: Downloading
│   source = "https://drive.google.com/uc?export=download&id=1p4mej6xhfpqzLfRuMNkKHJb9ScjXU193"
│   dest = "/tmp/jl_JTx6sX/BERT-cased_L-12_H-768_A-12/cased_L-12_H-768_A-12.tfbson"
│   progress = 1.0
│   time_taken = "39.65 s"
│   time_remaining = "0.0 s"
│   average_speed = "10.495 MiB/s"
│   downloaded = "416.086 MiB"
│   remaining = "0 bytes"
└   total = "416.086 MiB"
[ Info: removing /tmp/jl_JTx6sX
[ Info: sending all datadeps to /tmp/jl_31syEX
Bert-wwm_cased_L-24_H-1024_A-16: Error During Test at /home/pkgeval/.julia/packages/Transformers/SJBys/test/test_pretrain.jl:31
  Got exception outside of a @test
  AssertionError: gcode !== nothing
  Stacktrace:
   [1] download_gdrive(::String, ::String) at /home/pkgeval/.julia/packages/Transformers/SJBys/src/datasets/download_utils.jl:59
   [2] run_fetch at /home/pkgeval/.julia/packages/DataDeps/ai3FE/src/resolution_automatic.jl:99 [inlined]
   [3] download(::DataDep{String,String,typeof(Transformers.Datasets.download_gdrive),typeof(identity)}, ::String; remotepath::String, i_accept_the_terms_of_use::Nothing, skip_checksum::Bool) at /home/pkgeval/.julia/packages/DataDeps/ai3FE/src/resolution_automatic.jl:78
   [4] download at /home/pkgeval/.julia/packages/DataDeps/ai3FE/src/resolution_automatic.jl:70 [inlined]
   [5] handle_missing at /home/pkgeval/.julia/packages/DataDeps/ai3FE/src/resolution_automatic.jl:10 [inlined]
   [6] _resolve(::DataDep{String,String,typeof(Transformers.Datasets.download_gdrive),typeof(identity)}, ::String) at /home/pkgeval/.julia/packages/DataDeps/ai3FE/src/resolution.jl:83
   [7] resolve(::DataDep{String,String,typeof(Transformers.Datasets.download_gdrive),typeof(identity)}, ::String, ::String) at /home/pkgeval/.julia/packages/DataDeps/ai3FE/src/resolution.jl:29
   [8] resolve(::String, ::String, ::String) at /home/pkgeval/.julia/packages/DataDeps/ai3FE/src/resolution.jl:54
   [9] resolve at /home/pkgeval/.julia/packages/DataDeps/ai3FE/src/resolution.jl:73 [inlined]
   [10] #29 at /buildworker/worker/package_linux64/build/usr/share/julia/stdlib/v1.5/Test/src/Test.jl:633 [inlined]
   [11] redirect_stderr(::var"#29#37"{String}, ::IOStream) at ./stream.jl:1152
   [12] #28 at /buildworker/worker/package_linux64/build/usr/share/julia/stdlib/v1.5/Test/src/Test.jl:632 [inlined]
   [13] open(::var"#28#36"{String}, ::String, ::Vararg{String,N} where N; kwargs::Base.Iterators.Pairs{Union{},Union{},Tuple{},NamedTuple{(),Tuple{}}}) at ./io.jl:298
   [14] open at ./io.jl:296 [inlined]
   [15] macro expansion at /buildworker/worker/package_linux64/build/usr/share/julia/stdlib/v1.5/Test/src/Test.jl:631 [inlined]
   [16] macro expansion at /home/pkgeval/.julia/packages/Transformers/SJBys/test/test_pretrain.jl:53 [inlined]
   [17] macro expansion at /buildworker/worker/package_linux64/build/usr/share/julia/stdlib/v1.5/Test/src/Test.jl:1113 [inlined]
   [18] (::var"#27#35"{String})() at /home/pkgeval/.julia/packages/Transformers/SJBys/test/test_pretrain.jl:50
   [19] #22 at /home/pkgeval/.julia/packages/Transformers/SJBys/test/test_pretrain.jl:11 [inlined]
   [20] withenv(::var"#22#23"{var"#27#35"{String}}, ::Pair{String,String}) at ./env.jl:161
   [21] tempdatadeps(::var"#27#35"{String}) at /home/pkgeval/.julia/packages/Transformers/SJBys/test/test_pretrain.jl:10
   [22] top-level scope at /home/pkgeval/.julia/packages/Transformers/SJBys/test/test_pretrain.jl:30
   [23] top-level scope at /buildworker/worker/package_linux64/build/usr/share/julia/stdlib/v1.5/Test/src/Test.jl:1113
   [24] top-level scope at /home/pkgeval/.julia/packages/Transformers/SJBys/test/test_pretrain.jl:37
   [25] include(::String) at ./client.jl:439
   [26] macro expansion at /home/pkgeval/.julia/packages/Transformers/SJBys/test/runtests.jl:31 [inlined]
   [27] macro expansion at /buildworker/worker/package_linux64/build/usr/share/julia/stdlib/v1.5/Test/src/Test.jl:1113 [inlined]
   [28] top-level scope at /home/pkgeval/.julia/packages/Transformers/SJBys/test/runtests.jl:23
   [29] include(::String) at ./client.jl:439
   [30] top-level scope at none:6
   [31] eval(::Module, ::Any) at ./boot.jl:331
   [32] exec_options(::Base.JLOptions) at ./client.jl:264
   [33] _start() at ./client.jl:484
  
[ Info: removing /tmp/jl_31syEX
[ Info: sending all datadeps to /tmp/jl_H8XHhV
┌ Info: Downloading
│   source = "https://drive.google.com/uc?export=download&id=1X-p84u7LDEJlhAnDXnyrXbbFo9Y0UBzu"
│   dest = "/tmp/jl_H8XHhV/BERT-uncased_L-12_H-768_A-12/gdrive_downloaded-yRcWZLvH"
│   progress = NaN
│   time_taken = "0.01 s"
│   time_remaining = "NaN s"
│   average_speed = "4.269 MiB/s"
│   downloaded = "39.348 KiB"
│   remaining = "∞ B"
└   total = "∞ B"
┌ Warning: Checksum did not match
│   expected_hash = "631de5b205c8cb535818ab3a0a2c25c8ac66d841197225496bc26d0ae9fa5702"
│   actual_hash = "67236f6d7b39d87dded2b917e09d1ffddd5dc81ff77d18abca1689a5646dbb9d"
│   path = "/tmp/jl_H8XHhV/BERT-uncased_L-12_H-768_A-12/gdrive_downloaded-yRcWZLvH"
└ @ DataDeps ~/.julia/packages/DataDeps/ai3FE/src/verification.jl:24
Do you wish to Abort, Retry download or Ignore
[a/r/i]
Do you wish to Abort, Retry download or Ignore
[a/r/i]
Bert-uncased_L-12_H-768_A-12: Error During Test at /home/pkgeval/.julia/packages/Transformers/SJBys/test/test_pretrain.jl:31
  Got exception outside of a @test
  IOError: Could not open stream.
  Stacktrace:
   [1] better_readline(::Base.PipeEndpoint) at /home/pkgeval/.julia/packages/DataDeps/ai3FE/src/util.jl:57
   [2] better_readline() at /home/pkgeval/.julia/packages/DataDeps/ai3FE/src/util.jl:55
   [3] input_choice(::String, ::Char, ::Vararg{Char,N} where N) at /home/pkgeval/.julia/packages/DataDeps/ai3FE/src/util.jl:82
   [4] checksum_pass(::String, ::String) at /home/pkgeval/.julia/packages/DataDeps/ai3FE/src/resolution_automatic.jl:143
   [5] download(::DataDep{String,String,typeof(Transformers.Datasets.download_gdrive),typeof(identity)}, ::String; remotepath::String, i_accept_the_terms_of_use::Nothing, skip_checksum::Bool) at /home/pkgeval/.julia/packages/DataDeps/ai3FE/src/resolution_automatic.jl:79
   [6] download at /home/pkgeval/.julia/packages/DataDeps/ai3FE/src/resolution_automatic.jl:70 [inlined]
   [7] handle_missing at /home/pkgeval/.julia/packages/DataDeps/ai3FE/src/resolution_automatic.jl:10 [inlined]
   [8] _resolve(::DataDep{String,String,typeof(Transformers.Datasets.download_gdrive),typeof(identity)}, ::String) at /home/pkgeval/.julia/packages/DataDeps/ai3FE/src/resolution.jl:83
   [9] resolve(::DataDep{String,String,typeof(Transformers.Datasets.download_gdrive),typeof(identity)}, ::String, ::String) at /home/pkgeval/.julia/packages/DataDeps/ai3FE/src/resolution.jl:29
   [10] resolve(::String, ::String, ::String) at /home/pkgeval/.julia/packages/DataDeps/ai3FE/src/resolution.jl:54
   [11] resolve at /home/pkgeval/.julia/packages/DataDeps/ai3FE/src/resolution.jl:73 [inlined]
   [12] load_pretrain(::String; kw::Base.Iterators.Pairs{Union{},Union{},Tuple{},NamedTuple{(),Tuple{}}}) at /home/pkgeval/.julia/packages/Transformers/SJBys/src/pretrain/Pretrain.jl:64
   [13] load_pretrain at /home/pkgeval/.julia/packages/Transformers/SJBys/src/pretrain/Pretrain.jl:53 [inlined]
   [14] #31 at /buildworker/worker/package_linux64/build/usr/share/julia/stdlib/v1.5/Test/src/Test.jl:633 [inlined]
   [15] redirect_stderr(::var"#31#39"{String}, ::IOStream) at ./stream.jl:1152
   [16] #30 at /buildworker/worker/package_linux64/build/usr/share/julia/stdlib/v1.5/Test/src/Test.jl:632 [inlined]
   [17] open(::var"#30#38"{String}, ::String, ::Vararg{String,N} where N; kwargs::Base.Iterators.Pairs{Union{},Union{},Tuple{},NamedTuple{(),Tuple{}}}) at ./io.jl:298
   [18] open at ./io.jl:296 [inlined]
   [19] macro expansion at /buildworker/worker/package_linux64/build/usr/share/julia/stdlib/v1.5/Test/src/Test.jl:631 [inlined]
   [20] macro expansion at /home/pkgeval/.julia/packages/Transformers/SJBys/test/test_pretrain.jl:55 [inlined]
   [21] macro expansion at /buildworker/worker/package_linux64/build/usr/share/julia/stdlib/v1.5/Test/src/Test.jl:1113 [inlined]
   [22] (::var"#27#35"{String})() at /home/pkgeval/.julia/packages/Transformers/SJBys/test/test_pretrain.jl:50
   [23] #22 at /home/pkgeval/.julia/packages/Transformers/SJBys/test/test_pretrain.jl:11 [inlined]
   [24] withenv(::var"#22#23"{var"#27#35"{String}}, ::Pair{String,String}) at ./env.jl:161
   [25] tempdatadeps(::var"#27#35"{String}) at /home/pkgeval/.julia/packages/Transformers/SJBys/test/test_pretrain.jl:10
   [26] top-level scope at /home/pkgeval/.julia/packages/Transformers/SJBys/test/test_pretrain.jl:30
   [27] top-level scope at /buildworker/worker/package_linux64/build/usr/share/julia/stdlib/v1.5/Test/src/Test.jl:1113
   [28] top-level scope at /home/pkgeval/.julia/packages/Transformers/SJBys/test/test_pretrain.jl:37
   [29] include(::String) at ./client.jl:439
   [30] macro expansion at /home/pkgeval/.julia/packages/Transformers/SJBys/test/runtests.jl:31 [inlined]
   [31] macro expansion at /buildworker/worker/package_linux64/build/usr/share/julia/stdlib/v1.5/Test/src/Test.jl:1113 [inlined]
   [32] top-level scope at /home/pkgeval/.julia/packages/Transformers/SJBys/test/runtests.jl:23
   [33] include(::String) at ./client.jl:439
   [34] top-level scope at none:6
   [35] eval(::Module, ::Any) at ./boot.jl:331
   [36] exec_options(::Base.JLOptions) at ./client.jl:264
   [37] _start() at ./client.jl:484
  
[ Info: removing /tmp/jl_H8XHhV
[ Info: sending all datadeps to /tmp/jl_5W8q91
Bert-multi_cased_L-12_H-768_A-12: Error During Test at /home/pkgeval/.julia/packages/Transformers/SJBys/test/test_pretrain.jl:31
  Got exception outside of a @test
  AssertionError: gcode !== nothing
  Stacktrace:
   [1] download_gdrive(::String, ::String) at /home/pkgeval/.julia/packages/Transformers/SJBys/src/datasets/download_utils.jl:59
   [2] run_fetch at /home/pkgeval/.julia/packages/DataDeps/ai3FE/src/resolution_automatic.jl:99 [inlined]
   [3] download(::DataDep{String,String,typeof(Transformers.Datasets.download_gdrive),typeof(identity)}, ::String; remotepath::String, i_accept_the_terms_of_use::Nothing, skip_checksum::Bool) at /home/pkgeval/.julia/packages/DataDeps/ai3FE/src/resolution_automatic.jl:78
   [4] download at /home/pkgeval/.julia/packages/DataDeps/ai3FE/src/resolution_automatic.jl:70 [inlined]
   [5] handle_missing at /home/pkgeval/.julia/packages/DataDeps/ai3FE/src/resolution_automatic.jl:10 [inlined]
   [6] _resolve(::DataDep{String,String,typeof(Transformers.Datasets.download_gdrive),typeof(identity)}, ::String) at /home/pkgeval/.julia/packages/DataDeps/ai3FE/src/resolution.jl:83
   [7] resolve(::DataDep{String,String,typeof(Transformers.Datasets.download_gdrive),typeof(identity)}, ::String, ::String) at /home/pkgeval/.julia/packages/DataDeps/ai3FE/src/resolution.jl:29
   [8] resolve(::String, ::String, ::String) at /home/pkgeval/.julia/packages/DataDeps/ai3FE/src/resolution.jl:54
   [9] resolve at /home/pkgeval/.julia/packages/DataDeps/ai3FE/src/resolution.jl:73 [inlined]
   [10] #29 at /buildworker/worker/package_linux64/build/usr/share/julia/stdlib/v1.5/Test/src/Test.jl:633 [inlined]
   [11] redirect_stderr(::var"#29#37"{String}, ::IOStream) at ./stream.jl:1152
   [12] #28 at /buildworker/worker/package_linux64/build/usr/share/julia/stdlib/v1.5/Test/src/Test.jl:632 [inlined]
   [13] open(::var"#28#36"{String}, ::String, ::Vararg{String,N} where N; kwargs::Base.Iterators.Pairs{Union{},Union{},Tuple{},NamedTuple{(),Tuple{}}}) at ./io.jl:298
   [14] open at ./io.jl:296 [inlined]
   [15] macro expansion at /buildworker/worker/package_linux64/build/usr/share/julia/stdlib/v1.5/Test/src/Test.jl:631 [inlined]
   [16] macro expansion at /home/pkgeval/.julia/packages/Transformers/SJBys/test/test_pretrain.jl:53 [inlined]
   [17] macro expansion at /buildworker/worker/package_linux64/build/usr/share/julia/stdlib/v1.5/Test/src/Test.jl:1113 [inlined]
   [18] (::var"#27#35"{String})() at /home/pkgeval/.julia/packages/Transformers/SJBys/test/test_pretrain.jl:50
   [19] #22 at /home/pkgeval/.julia/packages/Transformers/SJBys/test/test_pretrain.jl:11 [inlined]
   [20] withenv(::var"#22#23"{var"#27#35"{String}}, ::Pair{String,String}) at ./env.jl:161
   [21] tempdatadeps(::var"#27#35"{String}) at /home/pkgeval/.julia/packages/Transformers/SJBys/test/test_pretrain.jl:10
   [22] top-level scope at /home/pkgeval/.julia/packages/Transformers/SJBys/test/test_pretrain.jl:30
   [23] top-level scope at /buildworker/worker/package_linux64/build/usr/share/julia/stdlib/v1.5/Test/src/Test.jl:1113
   [24] top-level scope at /home/pkgeval/.julia/packages/Transformers/SJBys/test/test_pretrain.jl:37
   [25] include(::String) at ./client.jl:439
   [26] macro expansion at /home/pkgeval/.julia/packages/Transformers/SJBys/test/runtests.jl:31 [inlined]
   [27] macro expansion at /buildworker/worker/package_linux64/build/usr/share/julia/stdlib/v1.5/Test/src/Test.jl:1113 [inlined]
   [28] top-level scope at /home/pkgeval/.julia/packages/Transformers/SJBys/test/runtests.jl:23
   [29] include(::String) at ./client.jl:439
   [30] top-level scope at none:6
   [31] eval(::Module, ::Any) at ./boot.jl:331
   [32] exec_options(::Base.JLOptions) at ./client.jl:264
   [33] _start() at ./client.jl:484
  
[ Info: removing /tmp/jl_5W8q91
[ Info: sending all datadeps to /tmp/jl_zPJMbd
Bert-wwm_uncased_L-24_H-1024_A-16: Error During Test at /home/pkgeval/.julia/packages/Transformers/SJBys/test/test_pretrain.jl:31
  Got exception outside of a @test
  AssertionError: gcode !== nothing
  Stacktrace:
   [1] download_gdrive(::String, ::String) at /home/pkgeval/.julia/packages/Transformers/SJBys/src/datasets/download_utils.jl:59
   [2] run_fetch at /home/pkgeval/.julia/packages/DataDeps/ai3FE/src/resolution_automatic.jl:99 [inlined]
   [3] download(::DataDep{String,String,typeof(Transformers.Datasets.download_gdrive),typeof(identity)}, ::String; remotepath::String, i_accept_the_terms_of_use::Nothing, skip_checksum::Bool) at /home/pkgeval/.julia/packages/DataDeps/ai3FE/src/resolution_automatic.jl:78
   [4] download at /home/pkgeval/.julia/packages/DataDeps/ai3FE/src/resolution_automatic.jl:70 [inlined]
   [5] handle_missing at /home/pkgeval/.julia/packages/DataDeps/ai3FE/src/resolution_automatic.jl:10 [inlined]
   [6] _resolve(::DataDep{String,String,typeof(Transformers.Datasets.download_gdrive),typeof(identity)}, ::String) at /home/pkgeval/.julia/packages/DataDeps/ai3FE/src/resolution.jl:83
   [7] resolve(::DataDep{String,String,typeof(Transformers.Datasets.download_gdrive),typeof(identity)}, ::String, ::String) at /home/pkgeval/.julia/packages/DataDeps/ai3FE/src/resolution.jl:29
   [8] resolve(::String, ::String, ::String) at /home/pkgeval/.julia/packages/DataDeps/ai3FE/src/resolution.jl:54
   [9] resolve at /home/pkgeval/.julia/packages/DataDeps/ai3FE/src/resolution.jl:73 [inlined]
   [10] #29 at /buildworker/worker/package_linux64/build/usr/share/julia/stdlib/v1.5/Test/src/Test.jl:633 [inlined]
   [11] redirect_stderr(::var"#29#37"{String}, ::IOStream) at ./stream.jl:1152
   [12] #28 at /buildworker/worker/package_linux64/build/usr/share/julia/stdlib/v1.5/Test/src/Test.jl:632 [inlined]
   [13] open(::var"#28#36"{String}, ::String, ::Vararg{String,N} where N; kwargs::Base.Iterators.Pairs{Union{},Union{},Tuple{},NamedTuple{(),Tuple{}}}) at ./io.jl:298
   [14] open at ./io.jl:296 [inlined]
   [15] macro expansion at /buildworker/worker/package_linux64/build/usr/share/julia/stdlib/v1.5/Test/src/Test.jl:631 [inlined]
   [16] macro expansion at /home/pkgeval/.julia/packages/Transformers/SJBys/test/test_pretrain.jl:53 [inlined]
   [17] macro expansion at /buildworker/worker/package_linux64/build/usr/share/julia/stdlib/v1.5/Test/src/Test.jl:1113 [inlined]
   [18] (::var"#27#35"{String})() at /home/pkgeval/.julia/packages/Transformers/SJBys/test/test_pretrain.jl:50
   [19] #22 at /home/pkgeval/.julia/packages/Transformers/SJBys/test/test_pretrain.jl:11 [inlined]
   [20] withenv(::var"#22#23"{var"#27#35"{String}}, ::Pair{String,String}) at ./env.jl:161
   [21] tempdatadeps(::var"#27#35"{String}) at /home/pkgeval/.julia/packages/Transformers/SJBys/test/test_pretrain.jl:10
   [22] top-level scope at /home/pkgeval/.julia/packages/Transformers/SJBys/test/test_pretrain.jl:30
   [23] top-level scope at /buildworker/worker/package_linux64/build/usr/share/julia/stdlib/v1.5/Test/src/Test.jl:1113
   [24] top-level scope at /home/pkgeval/.julia/packages/Transformers/SJBys/test/test_pretrain.jl:37
   [25] include(::String) at ./client.jl:439
   [26] macro expansion at /home/pkgeval/.julia/packages/Transformers/SJBys/test/runtests.jl:31 [inlined]
   [27] macro expansion at /buildworker/worker/package_linux64/build/usr/share/julia/stdlib/v1.5/Test/src/Test.jl:1113 [inlined]
   [28] top-level scope at /home/pkgeval/.julia/packages/Transformers/SJBys/test/runtests.jl:23
   [29] include(::String) at ./client.jl:439
   [30] top-level scope at none:6
   [31] eval(::Module, ::Any) at ./boot.jl:331
   [32] exec_options(::Base.JLOptions) at ./client.jl:264
   [33] _start() at ./client.jl:484
  
[ Info: removing /tmp/jl_zPJMbd
[ Info: sending all datadeps to /tmp/jl_7ed2br
┌ Info: Downloading
│   source = "https://drive.google.com/uc?export=download&id=1BJUHaVkpnDL71VlVJS2yRjNF72l1LmWD"
│   dest = "/tmp/jl_7ed2br/BERT-multilingual_L-12_H-768_A-12/gdrive_downloaded-yRcWZLvH"
│   progress = NaN
│   time_taken = "0.01 s"
│   time_remaining = "NaN s"
│   average_speed = "4.803 MiB/s"
│   downloaded = "39.348 KiB"
│   remaining = "∞ B"
└   total = "∞ B"
┌ Warning: Checksum did not match
│   expected_hash = "cb2a1b24b4b99434932c647c21baab4ae7867b45053b2a804d8213e9bdc2e04e"
│   actual_hash = "71b96342377e2a7256a347b4625571aa1f1c54def4934360c5de97263dff9b30"
│   path = "/tmp/jl_7ed2br/BERT-multilingual_L-12_H-768_A-12/gdrive_downloaded-yRcWZLvH"
└ @ DataDeps ~/.julia/packages/DataDeps/ai3FE/src/verification.jl:24
Do you wish to Abort, Retry download or Ignore
[a/r/i]
Bert-multilingual_L-12_H-768_A-12: Error During Test at /home/pkgeval/.julia/packages/Transformers/SJBys/test/test_pretrain.jl:31
  Got exception outside of a @test
  IOError: Could not open stream.
  Stacktrace:
   [1] better_readline(::Base.PipeEndpoint) at /home/pkgeval/.julia/packages/DataDeps/ai3FE/src/util.jl:57
   [2] better_readline() at /home/pkgeval/.julia/packages/DataDeps/ai3FE/src/util.jl:55
   [3] input_choice(::String, ::Char, ::Vararg{Char,N} where N) at /home/pkgeval/.julia/packages/DataDeps/ai3FE/src/util.jl:82
   [4] checksum_pass(::String, ::String) at /home/pkgeval/.julia/packages/DataDeps/ai3FE/src/resolution_automatic.jl:143
   [5] download(::DataDep{String,String,typeof(Transformers.Datasets.download_gdrive),typeof(identity)}, ::String; remotepath::String, i_accept_the_terms_of_use::Nothing, skip_checksum::Bool) at /home/pkgeval/.julia/packages/DataDeps/ai3FE/src/resolution_automatic.jl:79
   [6] download at /home/pkgeval/.julia/packages/DataDeps/ai3FE/src/resolution_automatic.jl:70 [inlined]
   [7] handle_missing at /home/pkgeval/.julia/packages/DataDeps/ai3FE/src/resolution_automatic.jl:10 [inlined]
   [8] _resolve(::DataDep{String,String,typeof(Transformers.Datasets.download_gdrive),typeof(identity)}, ::String) at /home/pkgeval/.julia/packages/DataDeps/ai3FE/src/resolution.jl:83
   [9] resolve(::DataDep{String,String,typeof(Transformers.Datasets.download_gdrive),typeof(identity)}, ::String, ::String) at /home/pkgeval/.julia/packages/DataDeps/ai3FE/src/resolution.jl:29
   [10] resolve(::String, ::String, ::String) at /home/pkgeval/.julia/packages/DataDeps/ai3FE/src/resolution.jl:54
   [11] resolve at /home/pkgeval/.julia/packages/DataDeps/ai3FE/src/resolution.jl:73 [inlined]
   [12] #29 at /buildworker/worker/package_linux64/build/usr/share/julia/stdlib/v1.5/Test/src/Test.jl:633 [inlined]
   [13] redirect_stderr(::var"#29#37"{String}, ::IOStream) at ./stream.jl:1152
   [14] #28 at /buildworker/worker/package_linux64/build/usr/share/julia/stdlib/v1.5/Test/src/Test.jl:632 [inlined]
   [15] open(::var"#28#36"{String}, ::String, ::Vararg{String,N} where N; kwargs::Base.Iterators.Pairs{Union{},Union{},Tuple{},NamedTuple{(),Tuple{}}}) at ./io.jl:298
   [16] open at ./io.jl:296 [inlined]
   [17] macro expansion at /buildworker/worker/package_linux64/build/usr/share/julia/stdlib/v1.5/Test/src/Test.jl:631 [inlined]
   [18] macro expansion at /home/pkgeval/.julia/packages/Transformers/SJBys/test/test_pretrain.jl:53 [inlined]
   [19] macro expansion at /buildworker/worker/package_linux64/build/usr/share/julia/stdlib/v1.5/Test/src/Test.jl:1113 [inlined]
   [20] (::var"#27#35"{String})() at /home/pkgeval/.julia/packages/Transformers/SJBys/test/test_pretrain.jl:50
   [21] #22 at /home/pkgeval/.julia/packages/Transformers/SJBys/test/test_pretrain.jl:11 [inlined]
   [22] withenv(::var"#22#23"{var"#27#35"{String}}, ::Pair{String,String}) at ./env.jl:161
   [23] tempdatadeps(::var"#27#35"{String}) at /home/pkgeval/.julia/packages/Transformers/SJBys/test/test_pretrain.jl:10
   [24] top-level scope at /home/pkgeval/.julia/packages/Transformers/SJBys/test/test_pretrain.jl:30
   [25] top-level scope at /buildworker/worker/package_linux64/build/usr/share/julia/stdlib/v1.5/Test/src/Test.jl:1113
   [26] top-level scope at /home/pkgeval/.julia/packages/Transformers/SJBys/test/test_pretrain.jl:37
   [27] include(::String) at ./client.jl:439
   [28] macro expansion at /home/pkgeval/.julia/packages/Transformers/SJBys/test/runtests.jl:31 [inlined]
   [29] macro expansion at /buildworker/worker/package_linux64/build/usr/share/julia/stdlib/v1.5/Test/src/Test.jl:1113 [inlined]
   [30] top-level scope at /home/pkgeval/.julia/packages/Transformers/SJBys/test/runtests.jl:23
   [31] include(::String) at ./client.jl:439
   [32] top-level scope at none:6
   [33] eval(::Module, ::Any) at ./boot.jl:331
   [34] exec_options(::Base.JLOptions) at ./client.jl:264
   [35] _start() at ./client.jl:484
  
[ Info: removing /tmp/jl_7ed2br
[ Info: sending all datadeps to /tmp/jl_T3LHWI
┌ Info: Downloading
│   source = "https://drive.google.com/uc?export=download&id=14OaijyaNjpK69-Oh7NddIXFlLrgfkf35"
│   dest = "/tmp/jl_T3LHWI/BERT-chinese_L-12_H-768_A-12/gdrive_downloaded-yRcWZLvH"
│   progress = NaN
│   time_taken = "0.0 s"
│   time_remaining = "NaN s"
│   average_speed = "7.684 MiB/s"
│   downloaded = "39.340 KiB"
│   remaining = "∞ B"
└   total = "∞ B"
┌ Warning: Checksum did not match
│   expected_hash = "94cf78daa24cc3652deec24c786cbe8067fe8dec824d34d7280a0ca9069dc8a1"
│   actual_hash = "198666af305fca72905dd89da389868b1e8106a8f8af28df75784dfdd9d197c5"
│   path = "/tmp/jl_T3LHWI/BERT-chinese_L-12_H-768_A-12/gdrive_downloaded-yRcWZLvH"
└ @ DataDeps ~/.julia/packages/DataDeps/ai3FE/src/verification.jl:24
Do you wish to Abort, Retry download or Ignore
[a/r/i]
Bert-chinese_L-12_H-768_A-12: Error During Test at /home/pkgeval/.julia/packages/Transformers/SJBys/test/test_pretrain.jl:31
  Got exception outside of a @test
  IOError: Could not open stream.
  Stacktrace:
   [1] better_readline(::Base.PipeEndpoint) at /home/pkgeval/.julia/packages/DataDeps/ai3FE/src/util.jl:57
   [2] better_readline() at /home/pkgeval/.julia/packages/DataDeps/ai3FE/src/util.jl:55
   [3] input_choice(::String, ::Char, ::Vararg{Char,N} where N) at /home/pkgeval/.julia/packages/DataDeps/ai3FE/src/util.jl:82
   [4] checksum_pass(::String, ::String) at /home/pkgeval/.julia/packages/DataDeps/ai3FE/src/resolution_automatic.jl:143
   [5] download(::DataDep{String,String,typeof(Transformers.Datasets.download_gdrive),typeof(identity)}, ::String; remotepath::String, i_accept_the_terms_of_use::Nothing, skip_checksum::Bool) at /home/pkgeval/.julia/packages/DataDeps/ai3FE/src/resolution_automatic.jl:79
   [6] download at /home/pkgeval/.julia/packages/DataDeps/ai3FE/src/resolution_automatic.jl:70 [inlined]
   [7] handle_missing at /home/pkgeval/.julia/packages/DataDeps/ai3FE/src/resolution_automatic.jl:10 [inlined]
   [8] _resolve(::DataDep{String,String,typeof(Transformers.Datasets.download_gdrive),typeof(identity)}, ::String) at /home/pkgeval/.julia/packages/DataDeps/ai3FE/src/resolution.jl:83
   [9] resolve(::DataDep{String,String,typeof(Transformers.Datasets.download_gdrive),typeof(identity)}, ::String, ::String) at /home/pkgeval/.julia/packages/DataDeps/ai3FE/src/resolution.jl:29
   [10] resolve(::String, ::String, ::String) at /home/pkgeval/.julia/packages/DataDeps/ai3FE/src/resolution.jl:54
   [11] resolve at /home/pkgeval/.julia/packages/DataDeps/ai3FE/src/resolution.jl:73 [inlined]
   [12] #29 at /buildworker/worker/package_linux64/build/usr/share/julia/stdlib/v1.5/Test/src/Test.jl:633 [inlined]
   [13] redirect_stderr(::var"#29#37"{String}, ::IOStream) at ./stream.jl:1152
   [14] #28 at /buildworker/worker/package_linux64/build/usr/share/julia/stdlib/v1.5/Test/src/Test.jl:632 [inlined]
   [15] open(::var"#28#36"{String}, ::String, ::Vararg{String,N} where N; kwargs::Base.Iterators.Pairs{Union{},Union{},Tuple{},NamedTuple{(),Tuple{}}}) at ./io.jl:298
   [16] open at ./io.jl:296 [inlined]
   [17] macro expansion at /buildworker/worker/package_linux64/build/usr/share/julia/stdlib/v1.5/Test/src/Test.jl:631 [inlined]
   [18] macro expansion at /home/pkgeval/.julia/packages/Transformers/SJBys/test/test_pretrain.jl:53 [inlined]
   [19] macro expansion at /buildworker/worker/package_linux64/build/usr/share/julia/stdlib/v1.5/Test/src/Test.jl:1113 [inlined]
   [20] (::var"#27#35"{String})() at /home/pkgeval/.julia/packages/Transformers/SJBys/test/test_pretrain.jl:50
   [21] #22 at /home/pkgeval/.julia/packages/Transformers/SJBys/test/test_pretrain.jl:11 [inlined]
   [22] withenv(::var"#22#23"{var"#27#35"{String}}, ::Pair{String,String}) at ./env.jl:161
   [23] tempdatadeps(::var"#27#35"{String}) at /home/pkgeval/.julia/packages/Transformers/SJBys/test/test_pretrain.jl:10
   [24] top-level scope at /home/pkgeval/.julia/packages/Transformers/SJBys/test/test_pretrain.jl:30
   [25] top-level scope at /buildworker/worker/package_linux64/build/usr/share/julia/stdlib/v1.5/Test/src/Test.jl:1113
   [26] top-level scope at /home/pkgeval/.julia/packages/Transformers/SJBys/test/test_pretrain.jl:37
   [27] include(::String) at ./client.jl:439
   [28] macro expansion at /home/pkgeval/.julia/packages/Transformers/SJBys/test/runtests.jl:31 [inlined]
   [29] macro expansion at /buildworker/worker/package_linux64/build/usr/share/julia/stdlib/v1.5/Test/src/Test.jl:1113 [inlined]
   [30] top-level scope at /home/pkgeval/.julia/packages/Transformers/SJBys/test/runtests.jl:23
   [31] include(::String) at ./client.jl:439
   [32] top-level scope at none:6
   [33] eval(::Module, ::Any) at ./boot.jl:331
   [34] exec_options(::Base.JLOptions) at ./client.jl:264
   [35] _start() at ./client.jl:484
  
[ Info: removing /tmp/jl_T3LHWI
[ Info: sending all datadeps to /tmp/jl_1owkH4
Bert-cased_L-24_H-1024_A-16: Error During Test at /home/pkgeval/.julia/packages/Transformers/SJBys/test/test_pretrain.jl:31
  Got exception outside of a @test
  AssertionError: gcode !== nothing
  Stacktrace:
   [1] download_gdrive(::String, ::String) at /home/pkgeval/.julia/packages/Transformers/SJBys/src/datasets/download_utils.jl:59
   [2] run_fetch at /home/pkgeval/.julia/packages/DataDeps/ai3FE/src/resolution_automatic.jl:99 [inlined]
   [3] download(::DataDep{String,String,typeof(Transformers.Datasets.download_gdrive),typeof(identity)}, ::String; remotepath::String, i_accept_the_terms_of_use::Nothing, skip_checksum::Bool) at /home/pkgeval/.julia/packages/DataDeps/ai3FE/src/resolution_automatic.jl:78
   [4] download at /home/pkgeval/.julia/packages/DataDeps/ai3FE/src/resolution_automatic.jl:70 [inlined]
   [5] handle_missing at /home/pkgeval/.julia/packages/DataDeps/ai3FE/src/resolution_automatic.jl:10 [inlined]
   [6] _resolve(::DataDep{String,String,typeof(Transformers.Datasets.download_gdrive),typeof(identity)}, ::String) at /home/pkgeval/.julia/packages/DataDeps/ai3FE/src/resolution.jl:83
   [7] resolve(::DataDep{String,String,typeof(Transformers.Datasets.download_gdrive),typeof(identity)}, ::String, ::String) at /home/pkgeval/.julia/packages/DataDeps/ai3FE/src/resolution.jl:29
   [8] resolve(::String, ::String, ::String) at /home/pkgeval/.julia/packages/DataDeps/ai3FE/src/resolution.jl:54
   [9] resolve at /home/pkgeval/.julia/packages/DataDeps/ai3FE/src/resolution.jl:73 [inlined]
   [10] #29 at /buildworker/worker/package_linux64/build/usr/share/julia/stdlib/v1.5/Test/src/Test.jl:633 [inlined]
   [11] redirect_stderr(::var"#29#37"{String}, ::IOStream) at ./stream.jl:1152
   [12] #28 at /buildworker/worker/package_linux64/build/usr/share/julia/stdlib/v1.5/Test/src/Test.jl:632 [inlined]
   [13] open(::var"#28#36"{String}, ::String, ::Vararg{String,N} where N; kwargs::Base.Iterators.Pairs{Union{},Union{},Tuple{},NamedTuple{(),Tuple{}}}) at ./io.jl:298
   [14] open at ./io.jl:296 [inlined]
   [15] macro expansion at /buildworker/worker/package_linux64/build/usr/share/julia/stdlib/v1.5/Test/src/Test.jl:631 [inlined]
   [16] macro expansion at /home/pkgeval/.julia/packages/Transformers/SJBys/test/test_pretrain.jl:53 [inlined]
   [17] macro expansion at /buildworker/worker/package_linux64/build/usr/share/julia/stdlib/v1.5/Test/src/Test.jl:1113 [inlined]
   [18] (::var"#27#35"{String})() at /home/pkgeval/.julia/packages/Transformers/SJBys/test/test_pretrain.jl:50
   [19] #22 at /home/pkgeval/.julia/packages/Transformers/SJBys/test/test_pretrain.jl:11 [inlined]
   [20] withenv(::var"#22#23"{var"#27#35"{String}}, ::Pair{String,String}) at ./env.jl:161
   [21] tempdatadeps(::var"#27#35"{String}) at /home/pkgeval/.julia/packages/Transformers/SJBys/test/test_pretrain.jl:10
   [22] top-level scope at /home/pkgeval/.julia/packages/Transformers/SJBys/test/test_pretrain.jl:30
   [23] top-level scope at /buildworker/worker/package_linux64/build/usr/share/julia/stdlib/v1.5/Test/src/Test.jl:1113
   [24] top-level scope at /home/pkgeval/.julia/packages/Transformers/SJBys/test/test_pretrain.jl:37
   [25] include(::String) at ./client.jl:439
   [26] macro expansion at /home/pkgeval/.julia/packages/Transformers/SJBys/test/runtests.jl:31 [inlined]
   [27] macro expansion at /buildworker/worker/package_linux64/build/usr/share/julia/stdlib/v1.5/Test/src/Test.jl:1113 [inlined]
   [28] top-level scope at /home/pkgeval/.julia/packages/Transformers/SJBys/test/runtests.jl:23
   [29] include(::String) at ./client.jl:439
   [30] top-level scope at none:6
   [31] eval(::Module, ::Any) at ./boot.jl:331
   [32] exec_options(::Base.JLOptions) at ./client.jl:264
   [33] _start() at ./client.jl:484
  
[ Info: removing /tmp/jl_1owkH4
[ Info: sending all datadeps to /tmp/jl_JpGAPt
Bert-uncased_L-24_H-1024_A-16: Error During Test at /home/pkgeval/.julia/packages/Transformers/SJBys/test/test_pretrain.jl:31
  Got exception outside of a @test
  AssertionError: gcode !== nothing
  Stacktrace:
   [1] download_gdrive(::String, ::String) at /home/pkgeval/.julia/packages/Transformers/SJBys/src/datasets/download_utils.jl:59
   [2] run_fetch at /home/pkgeval/.julia/packages/DataDeps/ai3FE/src/resolution_automatic.jl:99 [inlined]
   [3] download(::DataDep{String,String,typeof(Transformers.Datasets.download_gdrive),typeof(identity)}, ::String; remotepath::String, i_accept_the_terms_of_use::Nothing, skip_checksum::Bool) at /home/pkgeval/.julia/packages/DataDeps/ai3FE/src/resolution_automatic.jl:78
   [4] download at /home/pkgeval/.julia/packages/DataDeps/ai3FE/src/resolution_automatic.jl:70 [inlined]
   [5] handle_missing at /home/pkgeval/.julia/packages/DataDeps/ai3FE/src/resolution_automatic.jl:10 [inlined]
   [6] _resolve(::DataDep{String,String,typeof(Transformers.Datasets.download_gdrive),typeof(identity)}, ::String) at /home/pkgeval/.julia/packages/DataDeps/ai3FE/src/resolution.jl:83
   [7] resolve(::DataDep{String,String,typeof(Transformers.Datasets.download_gdrive),typeof(identity)}, ::String, ::String) at /home/pkgeval/.julia/packages/DataDeps/ai3FE/src/resolution.jl:29
   [8] resolve(::String, ::String, ::String) at /home/pkgeval/.julia/packages/DataDeps/ai3FE/src/resolution.jl:54
   [9] resolve at /home/pkgeval/.julia/packages/DataDeps/ai3FE/src/resolution.jl:73 [inlined]
   [10] #29 at /buildworker/worker/package_linux64/build/usr/share/julia/stdlib/v1.5/Test/src/Test.jl:633 [inlined]
   [11] redirect_stderr(::var"#29#37"{String}, ::IOStream) at ./stream.jl:1152
   [12] #28 at /buildworker/worker/package_linux64/build/usr/share/julia/stdlib/v1.5/Test/src/Test.jl:632 [inlined]
   [13] open(::var"#28#36"{String}, ::String, ::Vararg{String,N} where N; kwargs::Base.Iterators.Pairs{Union{},Union{},Tuple{},NamedTuple{(),Tuple{}}}) at ./io.jl:298
   [14] open at ./io.jl:296 [inlined]
   [15] macro expansion at /buildworker/worker/package_linux64/build/usr/share/julia/stdlib/v1.5/Test/src/Test.jl:631 [inlined]
   [16] macro expansion at /home/pkgeval/.julia/packages/Transformers/SJBys/test/test_pretrain.jl:53 [inlined]
   [17] macro expansion at /buildworker/worker/package_linux64/build/usr/share/julia/stdlib/v1.5/Test/src/Test.jl:1113 [inlined]
   [18] (::var"#27#35"{String})() at /home/pkgeval/.julia/packages/Transformers/SJBys/test/test_pretrain.jl:50
   [19] #22 at /home/pkgeval/.julia/packages/Transformers/SJBys/test/test_pretrain.jl:11 [inlined]
   [20] withenv(::var"#22#23"{var"#27#35"{String}}, ::Pair{String,String}) at ./env.jl:161
   [21] tempdatadeps(::var"#27#35"{String}) at /home/pkgeval/.julia/packages/Transformers/SJBys/test/test_pretrain.jl:10
   [22] top-level scope at /home/pkgeval/.julia/packages/Transformers/SJBys/test/test_pretrain.jl:30
   [23] top-level scope at /buildworker/worker/package_linux64/build/usr/share/julia/stdlib/v1.5/Test/src/Test.jl:1113
   [24] top-level scope at /home/pkgeval/.julia/packages/Transformers/SJBys/test/test_pretrain.jl:37
   [25] include(::String) at ./client.jl:439
   [26] macro expansion at /home/pkgeval/.julia/packages/Transformers/SJBys/test/runtests.jl:31 [inlined]
   [27] macro expansion at /buildworker/worker/package_linux64/build/usr/share/julia/stdlib/v1.5/Test/src/Test.jl:1113 [inlined]
   [28] top-level scope at /home/pkgeval/.julia/packages/Transformers/SJBys/test/runtests.jl:23
   [29] include(::String) at ./client.jl:439
   [30] top-level scope at none:6
   [31] eval(::Module, ::Any) at ./boot.jl:331
   [32] exec_options(::Base.JLOptions) at ./client.jl:264
   [33] _start() at ./client.jl:484
  
[ Info: removing /tmp/jl_JpGAPt
Test Summary:                         | Pass  Error  Total
Transformers                          |  112      8    120
  Transformer                         |   11            11
  NNTopo                              |    9             9
  Embed                               |   35            35
  Basic                               |    2             2
  Gpt                                 |   10            10
  Bert                                |   42            42
  Pretrain                            |    3      8     11
    GPT-OpenAIftlm                    |    1             1
    Bert-cased_L-12_H-768_A-12        |    1             1
    Bert-wwm_cased_L-24_H-1024_A-16   |           1      1
    Bert-uncased_L-12_H-768_A-12      |           1      1
    Bert-multi_cased_L-12_H-768_A-12  |           1      1
    Bert-wwm_uncased_L-24_H-1024_A-16 |           1      1
    Bert-multilingual_L-12_H-768_A-12 |           1      1
    Bert-chinese_L-12_H-768_A-12      |           1      1
    Bert-cased_L-24_H-1024_A-16       |           1      1
    Bert-uncased_L-24_H-1024_A-16     |           1      1
ERROR: LoadError: Some tests did not pass: 112 passed, 0 failed, 8 errored, 0 broken.
in expression starting at /home/pkgeval/.julia/packages/Transformers/SJBys/test/runtests.jl:22
err = ProcessFailedException(Base.Process[Process(`/opt/julia/bin/julia -Cnative -J/opt/julia/lib/julia/sys.so -g1 --code-coverage=none --color=no --compiled-modules=yes --check-bounds=yes --inline=yes --startup-file=no --track-allocation=none --eval 'append!(empty!(Base.DEPOT_PATH), ["/home/pkgeval/.julia", "/opt/julia/local/share/julia", "/opt/julia/share/julia", "/usr/local/share/julia"])
append!(empty!(Base.DL_LOAD_PATH), String[])

cd("/home/pkgeval/.julia/packages/Transformers/SJBys/test")
append!(empty!(ARGS), String[])
include("/home/pkgeval/.julia/packages/Transformers/SJBys/test/runtests.jl")
'`, ProcessExited(1))])
ERROR: Package Transformers errored during testing
Stacktrace:
 [1] pkgerror(::String, ::Vararg{String,N} where N) at /buildworker/worker/package_linux64/build/usr/share/julia/stdlib/v1.5/Pkg/src/Types.jl:54
 [2] test(::Pkg.Types.Context, ::Array{Pkg.Types.PackageSpec,1}; coverage::Bool, julia_args::Cmd, test_args::Cmd, test_fn::Nothing) at /buildworker/worker/package_linux64/build/usr/share/julia/stdlib/v1.5/Pkg/src/Operations.jl:1471
 [3] test(::Pkg.Types.Context, ::Array{Pkg.Types.PackageSpec,1}; coverage::Bool, test_fn::Nothing, julia_args::Cmd, test_args::Cmd, kwargs::Base.Iterators.Pairs{Union{},Union{},Tuple{},NamedTuple{(),Tuple{}}}) at /buildworker/worker/package_linux64/build/usr/share/julia/stdlib/v1.5/Pkg/src/API.jl:313
 [4] test(::Pkg.Types.Context, ::Array{Pkg.Types.PackageSpec,1}) at /buildworker/worker/package_linux64/build/usr/share/julia/stdlib/v1.5/Pkg/src/API.jl:300
 [5] #test#66 at /buildworker/worker/package_linux64/build/usr/share/julia/stdlib/v1.5/Pkg/src/API.jl:294 [inlined]
 [6] test at /buildworker/worker/package_linux64/build/usr/share/julia/stdlib/v1.5/Pkg/src/API.jl:294 [inlined]
 [7] #test#65 at /buildworker/worker/package_linux64/build/usr/share/julia/stdlib/v1.5/Pkg/src/API.jl:293 [inlined]
 [8] test at /buildworker/worker/package_linux64/build/usr/share/julia/stdlib/v1.5/Pkg/src/API.jl:293 [inlined]
 [9] test(::String; kwargs::Base.Iterators.Pairs{Union{},Union{},Tuple{},NamedTuple{(),Tuple{}}}) at /buildworker/worker/package_linux64/build/usr/share/julia/stdlib/v1.5/Pkg/src/API.jl:292
 [10] test(::String) at /buildworker/worker/package_linux64/build/usr/share/julia/stdlib/v1.5/Pkg/src/API.jl:292
 [11] top-level scope at none:13
