Julia Version 1.5.0-DEV.491
Commit a66db76b65 (2020-03-21 17:57 UTC)
Platform Info:
  OS: Linux (x86_64-pc-linux-gnu)
  CPU: Intel(R) Xeon(R) Silver 4114 CPU @ 2.20GHz
  WORD_SIZE: 64
  LIBM: libopenlibm
  LLVM: libLLVM-9.0.1 (ORCJIT, skylake)
Environment:
  JULIA_DEPOT_PATH = ::/usr/local/share/julia
  JULIA_NUM_THREADS = 2

  Resolving package versions...
  Installed Reexport ───────────────────── v0.2.0
  Installed PATHSolver ─────────────────── v0.5.2
  Installed Complementarity ────────────── v0.6.0
  Installed TranscodingStreams ─────────── v0.9.5
  Installed Parameters ─────────────────── v0.12.0
  Installed DiffRules ──────────────────── v1.0.1
  Installed BinaryProvider ─────────────── v0.5.8
  Installed ForwardDiff ────────────────── v0.10.9
  Installed Requires ───────────────────── v1.0.1
  Installed URIParser ──────────────────── v0.4.0
  Installed NLsolve ────────────────────── v4.3.0
  Installed IniFile ────────────────────── v0.5.0
  Installed CodecBzip2 ─────────────────── v0.6.0
  Installed MbedTLS ────────────────────── v1.0.1
  Installed CommonSubexpressions ───────── v0.2.0
  Installed OrderedCollections ─────────── v1.1.0
  Installed BinDeps ────────────────────── v0.8.10
  Installed StaticArrays ───────────────── v0.12.1
  Installed HTTP ───────────────────────── v0.8.13
  Installed JuMP ───────────────────────── v0.21.1
  Installed OpenSpecFun_jll ────────────── v0.5.3+3
  Installed Calculus ───────────────────── v0.5.1
  Installed CompilerSupportLibraries_jll ─ v0.3.0+0
  Installed JSONSchema ─────────────────── v0.2.0
  Installed CodecZlib ──────────────────── v0.6.0
  Installed ArrayInterface ─────────────── v2.6.1
  Installed BenchmarkTools ─────────────── v0.5.0
  Installed JSON ───────────────────────── v0.21.0
  Installed DiffResults ────────────────── v1.0.2
  Installed MbedTLS_jll ────────────────── v2.16.0+1
  Installed Distances ──────────────────── v0.8.2
  Installed Parsers ────────────────────── v0.3.12
  Installed Compat ─────────────────────── v2.2.0
  Installed FiniteDiff ─────────────────── v2.3.0
  Installed MutableArithmetics ─────────── v0.2.7
  Installed NaNMath ────────────────────── v0.3.3
  Installed MathOptInterface ───────────── v0.9.12
  Installed NLSolversBase ──────────────── v7.6.1
  Installed LineSearches ───────────────── v7.0.1
  Installed DataStructures ─────────────── v0.17.10
  Installed SpecialFunctions ───────────── v0.10.0
#####                                                                      7.0%######################################################################## 100.0%
#=#=#                                                                                                                                                    0.1%###                                                                        5.3%##########                                                                14.2%###################                                                       27.2%###############################                                           44.2%################################################                          67.5%######################################################################## 100.0%
#                                                                          1.6%######################################################################## 100.0%
   Updating `~/.julia/environments/v1.5/Project.toml`
   a9b2a840 + Complementarity v0.6.0
   Updating `~/.julia/environments/v1.5/Manifest.toml`
   4fba245c + ArrayInterface v2.6.1
   6e4b80f9 + BenchmarkTools v0.5.0
   9e28174c + BinDeps v0.8.10
   b99e7846 + BinaryProvider v0.5.8
   49dc2e85 + Calculus v0.5.1
   523fee87 + CodecBzip2 v0.6.0
   944b1d66 + CodecZlib v0.6.0
   bbf7d656 + CommonSubexpressions v0.2.0
   34da2185 + Compat v2.2.0
   e66e0078 + CompilerSupportLibraries_jll v0.3.0+0
   a9b2a840 + Complementarity v0.6.0
   864edb3b + DataStructures v0.17.10
   163ba53b + DiffResults v1.0.2
   b552c78f + DiffRules v1.0.1
   b4f34e82 + Distances v0.8.2
   6a86dc24 + FiniteDiff v2.3.0
   f6369f11 + ForwardDiff v0.10.9
   cd3eb016 + HTTP v0.8.13
   83e8ac13 + IniFile v0.5.0
   682c06a0 + JSON v0.21.0
   7d188eb4 + JSONSchema v0.2.0
   4076af6c + JuMP v0.21.1
   d3d80556 + LineSearches v7.0.1
   b8f27783 + MathOptInterface v0.9.12
   739be429 + MbedTLS v1.0.1
   c8ffd9c3 + MbedTLS_jll v2.16.0+1
   d8a4904e + MutableArithmetics v0.2.7
   d41bc354 + NLSolversBase v7.6.1
   2774e3e8 + NLsolve v4.3.0
   77ba4419 + NaNMath v0.3.3
   efe28fd5 + OpenSpecFun_jll v0.5.3+3
   bac558e1 + OrderedCollections v1.1.0
   f5f7c340 + PATHSolver v0.5.2
   d96e819e + Parameters v0.12.0
   69de0a69 + Parsers v0.3.12
   189a3867 + Reexport v0.2.0
   ae029012 + Requires v1.0.1
   276daf66 + SpecialFunctions v0.10.0
   90137ffa + StaticArrays v0.12.1
   3bb67fe8 + TranscodingStreams v0.9.5
   30578b45 + URIParser v0.4.0
   2a0f44e3 + Base64
   ade2ca70 + Dates
   8bb1440f + DelimitedFiles
   8ba89e20 + Distributed
   b77e0a4c + InteractiveUtils
   76f85450 + LibGit2
   8f399da3 + Libdl
   37e2e46d + LinearAlgebra
   56ddb016 + Logging
   d6f4376e + Markdown
   a63ad114 + Mmap
   44cfe95a + Pkg
   de0858da + Printf
   3fa0cd96 + REPL
   9a3f8284 + Random
   ea8e919c + SHA
   9e88b42a + Serialization
   1a1011a3 + SharedArrays
   6462fe0b + Sockets
   2f01184e + SparseArrays
   10745b16 + Statistics
   8dfed614 + Test
   cf7118a7 + UUIDs
   4ec0a83e + Unicode
   Building PATHSolver → `~/.julia/packages/PATHSolver/lRj12/deps/build.log`
┌ Error: Error building `PATHSolver`: 
│   % Total    % Received % Xferd  Average Speed   Time    Time     Time  Current
│                                  Dload  Upload   Total   Spent    Left  Speed
│   0     0    0     0    0     0      0      0 --:--:-- --:--:-- --:--:--     0100   123  100   123    0     0    715      0 --:--:-- --:--:-- --:--:--   715
│ 100  493k    0  493k    0     0  1012k      0 --:--:-- --:--:-- --:--:-- 1012k
│ if [ ! -d pathlib-4.7.03 ]; \
│ then \
│ 	wget https://github.com/ampl/pathlib/archive/4.7.03.tar.gz; \
│ 	tar -zxvf 4.7.03.tar.gz; \
│ 	rm -rf 4.7.03.tar.gz*; \
│ fi;
│ /bin/sh: 3: wget: not found
│ tar (child): 4.7.03.tar.gz: Cannot open: No such file or directory
│ tar (child): Error is not recoverable: exiting now
│ tar: Child returned status 2
│ tar: Error is not recoverable: exiting now
│ gcc -I./pathlib-4.7.03/include -m64 -shared -fPIC -Wl,-soname,libpath47julia.so -o libpath47julia.so pathjulia.c ./pathlib-4.7.03/lib/linux64/libpath47.a -lm
│ gcc: error: ./pathlib-4.7.03/lib/linux64/libpath47.a: No such file or directory
│ Makefile:36: recipe for target 'linux64' failed
│ make: *** [linux64] Error 1
│ [ Info: Attempting to create directory /home/pkgeval/.julia/packages/PATHSolver/lRj12/deps/downloads
│ [ Info: Downloading file https://github.com/chkwon/PathJulia/archive/0.1.2.tar.gz
│ [ Info: Done downloading file https://github.com/chkwon/PathJulia/archive/0.1.2.tar.gz
│ [ Info: Attempting to create directory /home/pkgeval/.julia/packages/PATHSolver/lRj12/deps/src
│ [ Info: Attempting to create directory /home/pkgeval/.julia/packages/PATHSolver/lRj12/deps
│ [ Info: Directory /home/pkgeval/.julia/packages/PATHSolver/lRj12/deps already exists
│ [ Info: Attempting to create directory /home/pkgeval/.julia/packages/PATHSolver/lRj12/deps/usr/lib
│ [ Info: Changing directory to /home/pkgeval/.julia/packages/PATHSolver/lRj12/deps/src/PathJulia-0.1.2/src
│ ERROR: LoadError: failed process: Process(`make linux64`, ProcessExited(2)) [2]
│ 
│ Stacktrace:
│  [1] pipeline_error at ./process.jl:525 [inlined]
│  [2] run(::Cmd; wait::Bool) at ./process.jl:440
│  [3] run(::Cmd) at ./process.jl:438
│  [4] run(::BinDeps.SynchronousStepCollection) at /home/pkgeval/.julia/packages/BinDeps/ZEval/src/BinDeps.jl:521 (repeats 2 times)
│  [5] satisfy!(::BinDeps.LibraryDependency, ::Array{DataType,1}) at /home/pkgeval/.julia/packages/BinDeps/ZEval/src/dependencies.jl:944
│  [6] satisfy!(::BinDeps.LibraryDependency) at /home/pkgeval/.julia/packages/BinDeps/ZEval/src/dependencies.jl:922
│  [7] top-level scope at /home/pkgeval/.julia/packages/BinDeps/ZEval/src/dependencies.jl:977
│  [8] include(::String) at ./client.jl:441
│  [9] top-level scope at none:5
│ in expression starting at /home/pkgeval/.julia/packages/PATHSolver/lRj12/deps/build.jl:96
└ @ Pkg.Operations /buildworker/worker/package_linux64/build/usr/share/julia/stdlib/v1.5/Pkg/src/Operations.jl:912
   Building CodecBzip2 → `~/.julia/packages/CodecBzip2/T5yr7/deps/build.log`
   Building CodecZlib ─→ `~/.julia/packages/CodecZlib/5t9zO/deps/build.log`
┌ Warning: using test/REQUIRE files is deprecated and current support is lacking in some areas
└ @ Pkg.Operations /buildworker/worker/package_linux64/build/usr/share/julia/stdlib/v1.5/Pkg/src/Operations.jl:1433
    Testing Complementarity
     Status `/tmp/jl_lxnx9z/Project.toml`
   a9b2a840 Complementarity v0.6.0
   b6b21f68 Ipopt v0.6.1
   4076af6c JuMP v0.21.1
   b8f27783 MathOptInterface v0.9.12
   2774e3e8 NLsolve v4.3.0
   f5f7c340 PATHSolver v0.5.2
   37e2e46d LinearAlgebra
   de0858da Printf
   2f01184e SparseArrays
   8dfed614 Test
     Status `/tmp/jl_lxnx9z/Manifest.toml`
   4fba245c ArrayInterface v2.6.1
   6e4b80f9 BenchmarkTools v0.5.0
   9e28174c BinDeps v0.8.10
   b99e7846 BinaryProvider v0.5.8
   49dc2e85 Calculus v0.5.1
   523fee87 CodecBzip2 v0.6.0
   944b1d66 CodecZlib v0.6.0
   bbf7d656 CommonSubexpressions v0.2.0
   34da2185 Compat v2.2.0
   e66e0078 CompilerSupportLibraries_jll v0.3.0+0
   a9b2a840 Complementarity v0.6.0
   864edb3b DataStructures v0.17.10
   163ba53b DiffResults v1.0.2
   b552c78f DiffRules v1.0.1
   b4f34e82 Distances v0.8.2
   6a86dc24 FiniteDiff v2.3.0
   f6369f11 ForwardDiff v0.10.9
   cd3eb016 HTTP v0.8.13
   83e8ac13 IniFile v0.5.0
   b6b21f68 Ipopt v0.6.1
   682c06a0 JSON v0.21.0
   7d188eb4 JSONSchema v0.2.0
   4076af6c JuMP v0.21.1
   d3d80556 LineSearches v7.0.1
   b8f27783 MathOptInterface v0.9.12
   fdba3010 MathProgBase v0.7.8
   739be429 MbedTLS v1.0.1
   c8ffd9c3 MbedTLS_jll v2.16.0+1
   d8a4904e MutableArithmetics v0.2.7
   d41bc354 NLSolversBase v7.6.1
   2774e3e8 NLsolve v4.3.0
   77ba4419 NaNMath v0.3.3
   efe28fd5 OpenSpecFun_jll v0.5.3+3
   bac558e1 OrderedCollections v1.1.0
   f5f7c340 PATHSolver v0.5.2
   d96e819e Parameters v0.12.0
   69de0a69 Parsers v0.3.12
   189a3867 Reexport v0.2.0
   ae029012 Requires v1.0.1
   276daf66 SpecialFunctions v0.10.0
   90137ffa StaticArrays v0.12.1
   3bb67fe8 TranscodingStreams v0.9.5
   30578b45 URIParser v0.4.0
   2a0f44e3 Base64
   ade2ca70 Dates
   8bb1440f DelimitedFiles
   8ba89e20 Distributed
   b77e0a4c InteractiveUtils
   76f85450 LibGit2
   8f399da3 Libdl
   37e2e46d LinearAlgebra
   56ddb016 Logging
   d6f4376e Markdown
   a63ad114 Mmap
   44cfe95a Pkg
   de0858da Printf
   3fa0cd96 REPL
   9a3f8284 Random
   ea8e919c SHA
   9e88b42a Serialization
   1a1011a3 SharedArrays
   6462fe0b Sockets
   2f01184e SparseArrays
   10745b16 Statistics
   8dfed614 Test
   cf7118a7 UUIDs
   4ec0a83e Unicode
ERROR: LoadError: PATHSolver not properly installed. Please re-build PATHSolver.
Stacktrace:
 [1] error(::String) at ./error.jl:33
 [2] top-level scope at /home/pkgeval/.julia/packages/PATHSolver/lRj12/src/PATHSolver.jl:15
 [3] include(::Function, ::Module, ::String) at ./Base.jl:380
 [4] include(::Module, ::String) at ./Base.jl:368
 [5] top-level scope at none:2
 [6] eval at ./boot.jl:331 [inlined]
 [7] eval(::Expr) at ./client.jl:451
 [8] top-level scope at ./none:3
in expression starting at /home/pkgeval/.julia/packages/PATHSolver/lRj12/src/PATHSolver.jl:12
ERROR: LoadError: Failed to precompile PATHSolver [f5f7c340-0bb3-5c69-969a-41884d311d1b] to /home/pkgeval/.julia/compiled/v1.5/PATHSolver/xyGrF_p5QJr.ji.
Stacktrace:
 [1] error(::String) at ./error.jl:33
 [2] compilecache(::Base.PkgId, ::String) at ./loading.jl:1288
 [3] _require(::Base.PkgId) at ./loading.jl:1029
 [4] require(::Base.PkgId) at ./loading.jl:927
 [5] require(::Module, ::Symbol) at ./loading.jl:922
 [6] include(::Function, ::Module, ::String) at ./Base.jl:380
 [7] include(::Module, ::String) at ./Base.jl:368
 [8] top-level scope at none:2
 [9] eval at ./boot.jl:331 [inlined]
 [10] eval(::Expr) at ./client.jl:451
 [11] top-level scope at ./none:3
in expression starting at /home/pkgeval/.julia/packages/Complementarity/Gag1Y/src/Complementarity.jl:18
ERROR: LoadError: Failed to precompile Complementarity [a9b2a840-c9d5-5181-a245-8df664c2d6e7] to /home/pkgeval/.julia/compiled/v1.5/Complementarity/ORstz_p5QJr.ji.
Stacktrace:
 [1] error(::String) at ./error.jl:33
 [2] compilecache(::Base.PkgId, ::String) at ./loading.jl:1288
 [3] _require(::Base.PkgId) at ./loading.jl:1029
 [4] require(::Base.PkgId) at ./loading.jl:927
 [5] require(::Module, ::Symbol) at ./loading.jl:922
 [6] include(::String) at ./client.jl:441
 [7] top-level scope at none:6
in expression starting at /home/pkgeval/.julia/packages/Complementarity/Gag1Y/test/runtests.jl:2
ERROR: Package Complementarity errored during testing
Stacktrace:
 [1] pkgerror(::String, ::Vararg{String,N} where N) at /buildworker/worker/package_linux64/build/usr/share/julia/stdlib/v1.5/Pkg/src/Types.jl:53
 [2] test(::Pkg.Types.Context, ::Array{Pkg.Types.PackageSpec,1}; coverage::Bool, julia_args::Cmd, test_args::Cmd, test_fn::Nothing) at /buildworker/worker/package_linux64/build/usr/share/julia/stdlib/v1.5/Pkg/src/Operations.jl:1523
 [3] test(::Pkg.Types.Context, ::Array{Pkg.Types.PackageSpec,1}; coverage::Bool, test_fn::Nothing, julia_args::Cmd, test_args::Cmd, kwargs::Base.Iterators.Pairs{Union{},Union{},Tuple{},NamedTuple{(),Tuple{}}}) at /buildworker/worker/package_linux64/build/usr/share/julia/stdlib/v1.5/Pkg/src/API.jl:316
 [4] test(::Pkg.Types.Context, ::Array{Pkg.Types.PackageSpec,1}) at /buildworker/worker/package_linux64/build/usr/share/julia/stdlib/v1.5/Pkg/src/API.jl:303
 [5] #test#68 at /buildworker/worker/package_linux64/build/usr/share/julia/stdlib/v1.5/Pkg/src/API.jl:297 [inlined]
 [6] test at /buildworker/worker/package_linux64/build/usr/share/julia/stdlib/v1.5/Pkg/src/API.jl:297 [inlined]
 [7] #test#67 at /buildworker/worker/package_linux64/build/usr/share/julia/stdlib/v1.5/Pkg/src/API.jl:296 [inlined]
 [8] test at /buildworker/worker/package_linux64/build/usr/share/julia/stdlib/v1.5/Pkg/src/API.jl:296 [inlined]
 [9] test(::String; kwargs::Base.Iterators.Pairs{Union{},Union{},Tuple{},NamedTuple{(),Tuple{}}}) at /buildworker/worker/package_linux64/build/usr/share/julia/stdlib/v1.5/Pkg/src/API.jl:295
 [10] test(::String) at /buildworker/worker/package_linux64/build/usr/share/julia/stdlib/v1.5/Pkg/src/API.jl:295
 [11] top-level scope at none:13
