 Resolving package versions...
 Installed StatsKit ──────────────────── v0.3.0
 Installed DataValueInterfaces ───────── v1.0.0
 Installed ArrayLayouts ──────────────── v0.1.5
 Installed RecipesBase ───────────────── v0.7.0
 Installed Distances ─────────────────── v0.8.2
 Installed Parameters ────────────────── v0.12.0
 Installed DataFrames ────────────────── v0.19.4
 Installed Interpolations ────────────── v0.12.5
 Installed NaNMath ───────────────────── v0.3.3
 Installed AbstractFFTs ──────────────── v0.5.0
 Installed PDMats ────────────────────── v0.9.10
 Installed OffsetArrays ──────────────── v0.11.2
 Installed FilePathsBase ─────────────── v0.7.0
 Installed GLM ───────────────────────── v1.3.5
 Installed WoodburyMatrices ──────────── v0.4.1
 Installed ShiftedArrays ─────────────── v1.0.0
 Installed LazyArrays ────────────────── v0.14.10
 Installed Requires ──────────────────── v0.5.2
 Installed CommonSubexpressions ──────── v0.2.0
 Installed URIParser ─────────────────── v0.4.0
 Installed Reexport ──────────────────── v0.2.0
 Installed FFTW ──────────────────────── v1.1.0
 Installed BinaryProvider ────────────── v0.5.8
 Installed NearestNeighbors ──────────── v0.4.4
 Installed Loess ─────────────────────── v0.5.0
 Installed Arpack_jll ────────────────── v3.5.0+2
 Installed PooledArrays ──────────────── v0.5.2
 Installed Compat ────────────────────── v2.2.0
 Installed QuadGK ────────────────────── v2.1.1
 Installed Combinatorics ─────────────── v0.7.0
 Installed CSV ───────────────────────── v0.5.18
 Installed SortingAlgorithms ─────────── v0.3.1
 Installed HypothesisTests ───────────── v0.8.0
 Installed IteratorInterfaceExtensions ─ v1.0.0
 Installed KernelDensity ─────────────── v0.5.1
 Installed Clustering ────────────────── v0.13.3
 Installed OrderedCollections ────────── v1.1.0
 Installed DiffEqDiffTools ───────────── v1.5.0
 Installed BinDeps ───────────────────── v0.8.10
 Installed StatsModels ───────────────── v0.6.7
 Installed StatsBase ─────────────────── v0.32.0
 Installed Conda ─────────────────────── v1.3.0
 Installed ForwardDiff ───────────────── v0.10.7
 Installed ArrayInterface ────────────── v2.0.0
 Installed DiffRules ─────────────────── v0.1.0
 Installed VersionParsing ────────────── v1.1.3
 Installed MultivariateStats ─────────── v0.7.0
 Installed WeakRefStrings ────────────── v0.6.1
 Installed AxisAlgorithms ────────────── v1.0.0
 Installed JSON ──────────────────────── v0.21.0
 Installed Arpack ────────────────────── v0.4.0
 Installed Calculus ──────────────────── v0.5.1
 Installed Ratios ────────────────────── v0.3.1
 Installed Polynomials ───────────────── v0.6.0
 Installed DataStructures ────────────── v0.17.6
 Installed StatsFuns ─────────────────── v0.9.1
 Installed FillArrays ────────────────── v0.8.2
 Installed PositiveFactorizations ────── v0.2.3
 Installed Tables ────────────────────── v0.2.11
 Installed DataAPI ───────────────────── v1.1.0
 Installed Missings ──────────────────── v0.4.3
 Installed Bootstrap ─────────────────── v2.2.0
 Installed NLSolversBase ─────────────── v7.5.0
 Installed MacroTools ────────────────── v0.5.3
 Installed SpecialFunctions ──────────── v0.8.0
 Installed StaticArrays ──────────────── v0.12.1
 Installed Rmath ─────────────────────── v0.5.1
 Installed LineSearches ──────────────── v7.0.1
 Installed TableTraits ───────────────── v1.0.0
 Installed DiffResults ───────────────── v0.0.4
 Installed Roots ─────────────────────── v0.8.3
 Installed Distributions ─────────────── v0.21.10
 Installed Parsers ───────────────────── v0.3.10
 Installed InvertedIndices ───────────── v1.0.0
 Installed TimeSeries ────────────────── v0.16.1
 Installed CategoricalArrays ─────────── v0.7.3
 Installed OpenBLAS_jll ──────────────── v0.3.7+1
 Installed Optim ─────────────────────── v0.19.5
  Updating `~/.julia/environments/v1.3/Project.toml`
  [2cb19f9e] + StatsKit v0.3.0
  Updating `~/.julia/environments/v1.3/Manifest.toml`
  [621f4979] + AbstractFFTs v0.5.0
  [7d9fca2a] + Arpack v0.4.0
  [68821587] + Arpack_jll v3.5.0+2
  [4fba245c] + ArrayInterface v2.0.0
  [4c555306] + ArrayLayouts v0.1.5
  [13072b0f] + AxisAlgorithms v1.0.0
  [9e28174c] + BinDeps v0.8.10
  [b99e7846] + BinaryProvider v0.5.8
  [e28b5b4c] + Bootstrap v2.2.0
  [336ed68f] + CSV v0.5.18
  [49dc2e85] + Calculus v0.5.1
  [324d7699] + CategoricalArrays v0.7.3
  [aaaa29a8] + Clustering v0.13.3
  [861a8166] + Combinatorics v0.7.0
  [bbf7d656] + CommonSubexpressions v0.2.0
  [34da2185] + Compat v2.2.0
  [8f4d0f93] + Conda v1.3.0
  [9a962f9c] + DataAPI v1.1.0
  [a93c6f00] + DataFrames v0.19.4
  [864edb3b] + DataStructures v0.17.6
  [e2d170a0] + DataValueInterfaces v1.0.0
  [01453d9d] + DiffEqDiffTools v1.5.0
  [163ba53b] + DiffResults v0.0.4
  [b552c78f] + DiffRules v0.1.0
  [b4f34e82] + Distances v0.8.2
  [31c24e10] + Distributions v0.21.10
  [7a1cc6ca] + FFTW v1.1.0
  [48062228] + FilePathsBase v0.7.0
  [1a297f60] + FillArrays v0.8.2
  [f6369f11] + ForwardDiff v0.10.7
  [38e38edf] + GLM v1.3.5
  [09f84164] + HypothesisTests v0.8.0
  [a98d9a8b] + Interpolations v0.12.5
  [41ab1584] + InvertedIndices v1.0.0
  [82899510] + IteratorInterfaceExtensions v1.0.0
  [682c06a0] + JSON v0.21.0
  [5ab0869b] + KernelDensity v0.5.1
  [5078a376] + LazyArrays v0.14.10
  [d3d80556] + LineSearches v7.0.1
  [4345ca2d] + Loess v0.5.0
  [1914dd2f] + MacroTools v0.5.3
  [e1d29d7a] + Missings v0.4.3
  [6f286f6a] + MultivariateStats v0.7.0
  [d41bc354] + NLSolversBase v7.5.0
  [77ba4419] + NaNMath v0.3.3
  [b8a86587] + NearestNeighbors v0.4.4
  [6fe1bfb0] + OffsetArrays v0.11.2
  [4536629a] + OpenBLAS_jll v0.3.7+1
  [429524aa] + Optim v0.19.5
  [bac558e1] + OrderedCollections v1.1.0
  [90014a1f] + PDMats v0.9.10
  [d96e819e] + Parameters v0.12.0
  [69de0a69] + Parsers v0.3.10
  [f27b6e38] + Polynomials v0.6.0
  [2dfb63ee] + PooledArrays v0.5.2
  [85a6dd25] + PositiveFactorizations v0.2.3
  [1fd47b50] + QuadGK v2.1.1
  [c84ed2f1] + Ratios v0.3.1
  [3cdcf5f2] + RecipesBase v0.7.0
  [189a3867] + Reexport v0.2.0
  [ae029012] + Requires v0.5.2
  [79098fc4] + Rmath v0.5.1
  [f2b01f46] + Roots v0.8.3
  [1277b4bf] + ShiftedArrays v1.0.0
  [a2af1166] + SortingAlgorithms v0.3.1
  [276daf66] + SpecialFunctions v0.8.0
  [90137ffa] + StaticArrays v0.12.1
  [2913bbd2] + StatsBase v0.32.0
  [4c63d2b9] + StatsFuns v0.9.1
  [2cb19f9e] + StatsKit v0.3.0
  [3eaba693] + StatsModels v0.6.7
  [3783bdb8] + TableTraits v1.0.0
  [bd369af6] + Tables v0.2.11
  [9e3dc215] + TimeSeries v0.16.1
  [30578b45] + URIParser v0.4.0
  [81def892] + VersionParsing v1.1.3
  [ea10d353] + WeakRefStrings v0.6.1
  [efce3f68] + WoodburyMatrices v0.4.1
  [2a0f44e3] + Base64 
  [ade2ca70] + Dates 
  [8bb1440f] + DelimitedFiles 
  [8ba89e20] + Distributed 
  [9fa8497b] + Future 
  [b77e0a4c] + InteractiveUtils 
  [76f85450] + LibGit2 
  [8f399da3] + Libdl 
  [37e2e46d] + LinearAlgebra 
  [56ddb016] + Logging 
  [d6f4376e] + Markdown 
  [a63ad114] + Mmap 
  [44cfe95a] + Pkg 
  [de0858da] + Printf 
  [3fa0cd96] + REPL 
  [9a3f8284] + Random 
  [ea8e919c] + SHA 
  [9e88b42a] + Serialization 
  [1a1011a3] + SharedArrays 
  [6462fe0b] + Sockets 
  [2f01184e] + SparseArrays 
  [10745b16] + Statistics 
  [4607b0f0] + SuiteSparse 
  [8dfed614] + Test 
  [cf7118a7] + UUIDs 
  [4ec0a83e] + Unicode 
  Building Conda ───────────→ `~/.julia/packages/Conda/kLXeC/deps/build.log`
  Building FFTW ────────────→ `~/.julia/packages/FFTW/loJ3F/deps/build.log`
  Building SpecialFunctions → `~/.julia/packages/SpecialFunctions/ne2iw/deps/build.log`
  Building Rmath ───────────→ `~/.julia/packages/Rmath/4wt82/deps/build.log`
   Testing StatsKit
    Status `/tmp/jl_v0sCTf/Manifest.toml`
  [621f4979] AbstractFFTs v0.5.0
  [7d9fca2a] Arpack v0.4.0
  [68821587] Arpack_jll v3.5.0+2
  [4fba245c] ArrayInterface v2.0.0
  [4c555306] ArrayLayouts v0.1.5
  [13072b0f] AxisAlgorithms v1.0.0
  [9e28174c] BinDeps v0.8.10
  [b99e7846] BinaryProvider v0.5.8
  [e28b5b4c] Bootstrap v2.2.0
  [336ed68f] CSV v0.5.18
  [49dc2e85] Calculus v0.5.1
  [324d7699] CategoricalArrays v0.7.3
  [aaaa29a8] Clustering v0.13.3
  [861a8166] Combinatorics v0.7.0
  [bbf7d656] CommonSubexpressions v0.2.0
  [34da2185] Compat v2.2.0
  [8f4d0f93] Conda v1.3.0
  [9a962f9c] DataAPI v1.1.0
  [a93c6f00] DataFrames v0.19.4
  [864edb3b] DataStructures v0.17.6
  [e2d170a0] DataValueInterfaces v1.0.0
  [01453d9d] DiffEqDiffTools v1.5.0
  [163ba53b] DiffResults v0.0.4
  [b552c78f] DiffRules v0.1.0
  [b4f34e82] Distances v0.8.2
  [31c24e10] Distributions v0.21.10
  [7a1cc6ca] FFTW v1.1.0
  [48062228] FilePathsBase v0.7.0
  [1a297f60] FillArrays v0.8.2
  [f6369f11] ForwardDiff v0.10.7
  [38e38edf] GLM v1.3.5
  [09f84164] HypothesisTests v0.8.0
  [a98d9a8b] Interpolations v0.12.5
  [41ab1584] InvertedIndices v1.0.0
  [82899510] IteratorInterfaceExtensions v1.0.0
  [682c06a0] JSON v0.21.0
  [5ab0869b] KernelDensity v0.5.1
  [5078a376] LazyArrays v0.14.10
  [d3d80556] LineSearches v7.0.1
  [4345ca2d] Loess v0.5.0
  [1914dd2f] MacroTools v0.5.3
  [e1d29d7a] Missings v0.4.3
  [6f286f6a] MultivariateStats v0.7.0
  [d41bc354] NLSolversBase v7.5.0
  [77ba4419] NaNMath v0.3.3
  [b8a86587] NearestNeighbors v0.4.4
  [6fe1bfb0] OffsetArrays v0.11.2
  [4536629a] OpenBLAS_jll v0.3.7+1
  [429524aa] Optim v0.19.5
  [bac558e1] OrderedCollections v1.1.0
  [90014a1f] PDMats v0.9.10
  [d96e819e] Parameters v0.12.0
  [69de0a69] Parsers v0.3.10
  [f27b6e38] Polynomials v0.6.0
  [2dfb63ee] PooledArrays v0.5.2
  [85a6dd25] PositiveFactorizations v0.2.3
  [1fd47b50] QuadGK v2.1.1
  [c84ed2f1] Ratios v0.3.1
  [3cdcf5f2] RecipesBase v0.7.0
  [189a3867] Reexport v0.2.0
  [ae029012] Requires v0.5.2
  [79098fc4] Rmath v0.5.1
  [f2b01f46] Roots v0.8.3
  [1277b4bf] ShiftedArrays v1.0.0
  [a2af1166] SortingAlgorithms v0.3.1
  [276daf66] SpecialFunctions v0.8.0
  [90137ffa] StaticArrays v0.12.1
  [2913bbd2] StatsBase v0.32.0
  [4c63d2b9] StatsFuns v0.9.1
  [2cb19f9e] StatsKit v0.3.0
  [3eaba693] StatsModels v0.6.7
  [3783bdb8] TableTraits v1.0.0
  [bd369af6] Tables v0.2.11
  [9e3dc215] TimeSeries v0.16.1
  [30578b45] URIParser v0.4.0
  [81def892] VersionParsing v1.1.3
  [ea10d353] WeakRefStrings v0.6.1
  [efce3f68] WoodburyMatrices v0.4.1
  [2a0f44e3] Base64  [`@stdlib/Base64`]
  [ade2ca70] Dates  [`@stdlib/Dates`]
  [8bb1440f] DelimitedFiles  [`@stdlib/DelimitedFiles`]
  [8ba89e20] Distributed  [`@stdlib/Distributed`]
  [9fa8497b] Future  [`@stdlib/Future`]
  [b77e0a4c] InteractiveUtils  [`@stdlib/InteractiveUtils`]
  [76f85450] LibGit2  [`@stdlib/LibGit2`]
  [8f399da3] Libdl  [`@stdlib/Libdl`]
  [37e2e46d] LinearAlgebra  [`@stdlib/LinearAlgebra`]
  [56ddb016] Logging  [`@stdlib/Logging`]
  [d6f4376e] Markdown  [`@stdlib/Markdown`]
  [a63ad114] Mmap  [`@stdlib/Mmap`]
  [44cfe95a] Pkg  [`@stdlib/Pkg`]
  [de0858da] Printf  [`@stdlib/Printf`]
  [3fa0cd96] REPL  [`@stdlib/REPL`]
  [9a3f8284] Random  [`@stdlib/Random`]
  [ea8e919c] SHA  [`@stdlib/SHA`]
  [9e88b42a] Serialization  [`@stdlib/Serialization`]
  [1a1011a3] SharedArrays  [`@stdlib/SharedArrays`]
  [6462fe0b] Sockets  [`@stdlib/Sockets`]
  [2f01184e] SparseArrays  [`@stdlib/SparseArrays`]
  [10745b16] Statistics  [`@stdlib/Statistics`]
  [4607b0f0] SuiteSparse  [`@stdlib/SuiteSparse`]
  [8dfed614] Test  [`@stdlib/Test`]
  [cf7118a7] UUIDs  [`@stdlib/UUIDs`]
  [4ec0a83e] Unicode  [`@stdlib/Unicode`]
   Testing Bootstrap
 Resolving package versions...
 Installed Mocking ──────────── v0.7.0
 Installed CodecZlib ────────── v0.6.0
 Installed FileIO ───────────── v1.1.0
 Installed TranscodingStreams ─ v0.9.5
 Installed EzXML ────────────── v0.9.5
 Installed RData ────────────── v0.6.3
 Installed TimeZones ────────── v0.10.3
 Installed RDatasets ────────── v0.6.5
  Building EzXML ────→ `~/.julia/packages/EzXML/QtGgF/deps/build.log`
  Building TimeZones → `~/.julia/packages/TimeZones/pjvlM/deps/build.log`
  Building CodecZlib → `~/.julia/packages/CodecZlib/5t9zO/deps/build.log`
    Status `/tmp/jl_sQYjmf/Manifest.toml`
  [7d9fca2a] Arpack v0.4.0
  [68821587] Arpack_jll v3.5.0+2
  [4c555306] ArrayLayouts v0.1.5
  [9e28174c] BinDeps v0.8.10
  [b99e7846] BinaryProvider v0.5.8
  [e28b5b4c] Bootstrap v2.2.0
  [336ed68f] CSV v0.5.18
  [324d7699] CategoricalArrays v0.7.3
  [944b1d66] CodecZlib v0.6.0
  [34da2185] Compat v2.2.0
  [9a962f9c] DataAPI v1.1.0
  [a93c6f00] DataFrames v0.19.4
  [864edb3b] DataStructures v0.17.6
  [e2d170a0] DataValueInterfaces v1.0.0
  [31c24e10] Distributions v0.21.10
  [8f5d6c58] EzXML v0.9.5
  [5789e2e9] FileIO v1.1.0
  [48062228] FilePathsBase v0.7.0
  [1a297f60] FillArrays v0.8.2
  [38e38edf] GLM v1.3.5
  [41ab1584] InvertedIndices v1.0.0
  [82899510] IteratorInterfaceExtensions v1.0.0
  [682c06a0] JSON v0.21.0
  [5078a376] LazyArrays v0.14.10
  [1914dd2f] MacroTools v0.5.3
  [e1d29d7a] Missings v0.4.3
  [78c3b35d] Mocking v0.7.0
  [4536629a] OpenBLAS_jll v0.3.7+1
  [bac558e1] OrderedCollections v1.1.0
  [90014a1f] PDMats v0.9.10
  [69de0a69] Parsers v0.3.10
  [2dfb63ee] PooledArrays v0.5.2
  [1fd47b50] QuadGK v2.1.1
  [df47a6cb] RData v0.6.3
  [ce6b1742] RDatasets v0.6.5
  [189a3867] Reexport v0.2.0
  [ae029012] Requires v0.5.2
  [79098fc4] Rmath v0.5.1
  [1277b4bf] ShiftedArrays v1.0.0
  [a2af1166] SortingAlgorithms v0.3.1
  [276daf66] SpecialFunctions v0.8.0
  [90137ffa] StaticArrays v0.12.1
  [2913bbd2] StatsBase v0.32.0
  [4c63d2b9] StatsFuns v0.9.1
  [3eaba693] StatsModels v0.6.7
  [3783bdb8] TableTraits v1.0.0
  [bd369af6] Tables v0.2.11
  [f269a46b] TimeZones v0.10.3
  [3bb67fe8] TranscodingStreams v0.9.5
  [30578b45] URIParser v0.4.0
  [ea10d353] WeakRefStrings v0.6.1
  [2a0f44e3] Base64  [`@stdlib/Base64`]
  [ade2ca70] Dates  [`@stdlib/Dates`]
  [8bb1440f] DelimitedFiles  [`@stdlib/DelimitedFiles`]
  [8ba89e20] Distributed  [`@stdlib/Distributed`]
  [9fa8497b] Future  [`@stdlib/Future`]
  [b77e0a4c] InteractiveUtils  [`@stdlib/InteractiveUtils`]
  [76f85450] LibGit2  [`@stdlib/LibGit2`]
  [8f399da3] Libdl  [`@stdlib/Libdl`]
  [37e2e46d] LinearAlgebra  [`@stdlib/LinearAlgebra`]
  [56ddb016] Logging  [`@stdlib/Logging`]
  [d6f4376e] Markdown  [`@stdlib/Markdown`]
  [a63ad114] Mmap  [`@stdlib/Mmap`]
  [44cfe95a] Pkg  [`@stdlib/Pkg`]
  [de0858da] Printf  [`@stdlib/Printf`]
  [3fa0cd96] REPL  [`@stdlib/REPL`]
  [9a3f8284] Random  [`@stdlib/Random`]
  [ea8e919c] SHA  [`@stdlib/SHA`]
  [9e88b42a] Serialization  [`@stdlib/Serialization`]
  [1a1011a3] SharedArrays  [`@stdlib/SharedArrays`]
  [6462fe0b] Sockets  [`@stdlib/Sockets`]
  [2f01184e] SparseArrays  [`@stdlib/SparseArrays`]
  [10745b16] Statistics  [`@stdlib/Statistics`]
  [4607b0f0] SuiteSparse  [`@stdlib/SuiteSparse`]
  [8dfed614] Test  [`@stdlib/Test`]
  [cf7118a7] UUIDs  [`@stdlib/UUIDs`]
  [4ec0a83e] Unicode  [`@stdlib/Unicode`]
Test Summary:             | Pass  Total
Non-parametric bootstraps |  448    448
Test Summary:         | Pass  Total
Parametric bootstraps |  315    315
Test Summary:       | Pass  Total
Statistic functions | 1008   1008
Test Summary:     | Pass  Total
Utility functions |   10     10
Test Summary: | Pass  Total
Distributions |    5      5
   Testing Bootstrap tests passed 
   Testing CategoricalArrays
 Resolving package versions...
    Status `/tmp/jl_e1UTg3/Manifest.toml`
  [324d7699] CategoricalArrays v0.7.3
  [34da2185] Compat v2.2.0
  [9a962f9c] DataAPI v1.1.0
  [682c06a0] JSON v0.21.0
  [e1d29d7a] Missings v0.4.3
  [69de0a69] Parsers v0.3.10
  [189a3867] Reexport v0.2.0
  [2a0f44e3] Base64  [`@stdlib/Base64`]
  [ade2ca70] Dates  [`@stdlib/Dates`]
  [8bb1440f] DelimitedFiles  [`@stdlib/DelimitedFiles`]
  [8ba89e20] Distributed  [`@stdlib/Distributed`]
  [9fa8497b] Future  [`@stdlib/Future`]
  [b77e0a4c] InteractiveUtils  [`@stdlib/InteractiveUtils`]
  [76f85450] LibGit2  [`@stdlib/LibGit2`]
  [8f399da3] Libdl  [`@stdlib/Libdl`]
  [37e2e46d] LinearAlgebra  [`@stdlib/LinearAlgebra`]
  [56ddb016] Logging  [`@stdlib/Logging`]
  [d6f4376e] Markdown  [`@stdlib/Markdown`]
  [a63ad114] Mmap  [`@stdlib/Mmap`]
  [44cfe95a] Pkg  [`@stdlib/Pkg`]
  [de0858da] Printf  [`@stdlib/Printf`]
  [3fa0cd96] REPL  [`@stdlib/REPL`]
  [9a3f8284] Random  [`@stdlib/Random`]
  [ea8e919c] SHA  [`@stdlib/SHA`]
  [9e88b42a] Serialization  [`@stdlib/Serialization`]
  [1a1011a3] SharedArrays  [`@stdlib/SharedArrays`]
  [6462fe0b] Sockets  [`@stdlib/Sockets`]
  [2f01184e] SparseArrays  [`@stdlib/SparseArrays`]
  [10745b16] Statistics  [`@stdlib/Statistics`]
  [8dfed614] Test  [`@stdlib/Test`]
  [cf7118a7] UUIDs  [`@stdlib/UUIDs`]
  [4ec0a83e] Unicode  [`@stdlib/Unicode`]
┌ Warning: `eltype(x::CategoricalString)` is deprecated, use `eltype(String(x))` instead.
│   caller = top-level scope at 01_typedef.jl:56
└ @ Core ~/.julia/packages/CategoricalArrays/U3LvJ/test/01_typedef.jl:56
Test Summary: | Pass  Total
01_typedef.jl |   99     99
Test Summary:    | Pass  Total
02_buildorder.jl |    6      6
Test Summary:     | Pass  Total
03_buildfields.jl |    6      6
Test Summary:      | Pass  Total
04_constructors.jl |  121    121
┌ Warning: `eltype(x::CategoricalString)` is deprecated, use `eltype(String(x))` instead.
│   caller = top-level scope at 05_convert.jl:76
└ @ Core ~/.julia/packages/CategoricalArrays/U3LvJ/test/05_convert.jl:76
Test Summary: | Pass  Total
05_convert.jl |  124    124
Test Summary: | Pass  Total
05_copy.jl    |   14     14
Test Summary: | Pass  Total
06_show.jl    |   52     52
Test Summary: | Pass  Total
06_length.jl  |    2      2
Test Summary: | Pass  Total
07_levels.jl  |  362    362
Test Summary:  | Pass  Total
08_equality.jl |  110    110
┌ Warning: `isempty(x::CategoricalString)` is deprecated, use `isempty(String(x))` instead.
│   caller = eval_test(::Expr, ::Expr, ::LineNumberNode, ::Bool) at Test.jl:257
└ @ Test /workspace/srcdir/julia/usr/share/julia/stdlib/v1.3/Test/src/Test.jl:257
┌ Warning: `eltype(x::CategoricalString)` is deprecated, use `eltype(String(x))` instead.
│   caller = top-level scope at 08_string.jl:35
└ @ Core ~/.julia/packages/CategoricalArrays/U3LvJ/test/08_string.jl:35
┌ Warning: `eltype(x::CategoricalString)` is deprecated, use `eltype(String(x))` instead.
│   caller = top-level scope at 08_string.jl:36
└ @ Core ~/.julia/packages/CategoricalArrays/U3LvJ/test/08_string.jl:36
┌ Warning: `length(x::CategoricalString)` is deprecated, use `length(String(x))` instead.
│   caller = top-level scope at 08_string.jl:38
└ @ Core ~/.julia/packages/CategoricalArrays/U3LvJ/test/08_string.jl:38
┌ Warning: `length(x::CategoricalString)` is deprecated, use `length(String(x))` instead.
│   caller = top-level scope at 08_string.jl:39
└ @ Core ~/.julia/packages/CategoricalArrays/U3LvJ/test/08_string.jl:39
┌ Warning: `sizeof(x::CategoricalString)` is deprecated, use `sizeof(String(x))` instead.
│   caller = top-level scope at 08_string.jl:41
└ @ Core ~/.julia/packages/CategoricalArrays/U3LvJ/test/08_string.jl:41
┌ Warning: `sizeof(x::CategoricalString)` is deprecated, use `sizeof(String(x))` instead.
│   caller = top-level scope at 08_string.jl:42
└ @ Core ~/.julia/packages/CategoricalArrays/U3LvJ/test/08_string.jl:42
┌ Warning: `nextind(x::CategoricalString, i::Int)` is deprecated, use `nextind(String(x), i)` instead.
│   caller = top-level scope at 08_string.jl:44
└ @ Core ~/.julia/packages/CategoricalArrays/U3LvJ/test/08_string.jl:44
┌ Warning: `nextind(x::CategoricalString, i::Int)` is deprecated, use `nextind(String(x), i)` instead.
│   caller = top-level scope at 08_string.jl:45
└ @ Core ~/.julia/packages/CategoricalArrays/U3LvJ/test/08_string.jl:45
┌ Warning: `prevind(x::CategoricalString, i::Int)` is deprecated, use `prevind(String(x), i)` instead.
│   caller = top-level scope at 08_string.jl:47
└ @ Core ~/.julia/packages/CategoricalArrays/U3LvJ/test/08_string.jl:47
┌ Warning: `prevind(x::CategoricalString, i::Int)` is deprecated, use `prevind(String(x), i)` instead.
│   caller = top-level scope at 08_string.jl:48
└ @ Core ~/.julia/packages/CategoricalArrays/U3LvJ/test/08_string.jl:48
┌ Warning: `firstindex(x::CategoricalString)` is deprecated, use `firstindex(String(x))` instead.
│   caller = top-level scope at 08_string.jl:50
└ @ Core ~/.julia/packages/CategoricalArrays/U3LvJ/test/08_string.jl:50
┌ Warning: `firstindex(x::CategoricalString)` is deprecated, use `firstindex(String(x))` instead.
│   caller = top-level scope at 08_string.jl:51
└ @ Core ~/.julia/packages/CategoricalArrays/U3LvJ/test/08_string.jl:51
┌ Warning: `lastindex(x::CategoricalString)` is deprecated, use `lastindex(String(x))` instead.
│   caller = top-level scope at 08_string.jl:53
└ @ Core ~/.julia/packages/CategoricalArrays/U3LvJ/test/08_string.jl:53
┌ Warning: `lastindex(x::CategoricalString)` is deprecated, use `lastindex(String(x))` instead.
│   caller = top-level scope at 08_string.jl:54
└ @ Core ~/.julia/packages/CategoricalArrays/U3LvJ/test/08_string.jl:54
┌ Warning: `collect(x::CategoricalString)` is deprecated, use `collect(String(x))` instead.
│   caller = top-level scope at 08_string.jl:56
└ @ Core ~/.julia/packages/CategoricalArrays/U3LvJ/test/08_string.jl:56
┌ Warning: `collect(x::CategoricalString)` is deprecated, use `collect(String(x))` instead.
│   caller = top-level scope at 08_string.jl:57
└ @ Core ~/.julia/packages/CategoricalArrays/U3LvJ/test/08_string.jl:57
┌ Warning: `getindex(x::CategoricalString, i::Int)` is deprecated, use `getindex(String(x), i)` instead.
│   caller = top-level scope at 08_string.jl:59
└ @ Core ~/.julia/packages/CategoricalArrays/U3LvJ/test/08_string.jl:59
┌ Warning: `getindex(x::CategoricalString, i::Int)` is deprecated, use `getindex(String(x), i)` instead.
│   caller = top-level scope at 08_string.jl:60
└ @ Core ~/.julia/packages/CategoricalArrays/U3LvJ/test/08_string.jl:60
┌ Warning: `getindex(x::CategoricalString, i::Int)` is deprecated, use `getindex(String(x), i)` instead.
│   caller = top-level scope at 08_string.jl:61
└ @ Core ~/.julia/packages/CategoricalArrays/U3LvJ/test/08_string.jl:61
┌ Warning: `getindex(x::CategoricalString, i::Int)` is deprecated, use `getindex(String(x), i)` instead.
│   caller = top-level scope at 08_string.jl:62
└ @ Core ~/.julia/packages/CategoricalArrays/U3LvJ/test/08_string.jl:62
┌ Warning: `codeunit(x::CategoricalString, i::Integer)` is deprecated, use `codeunit(String(x), i)` instead.
│   caller = top-level scope at 08_string.jl:64
└ @ Core ~/.julia/packages/CategoricalArrays/U3LvJ/test/08_string.jl:64
┌ Warning: `codeunit(x::CategoricalString, i::Integer)` is deprecated, use `codeunit(String(x), i)` instead.
│   caller = top-level scope at 08_string.jl:65
└ @ Core ~/.julia/packages/CategoricalArrays/U3LvJ/test/08_string.jl:65
┌ Warning: `codeunit(x::CategoricalString, i::Integer)` is deprecated, use `codeunit(String(x), i)` instead.
│   caller = top-level scope at 08_string.jl:66
└ @ Core ~/.julia/packages/CategoricalArrays/U3LvJ/test/08_string.jl:66
┌ Warning: `codeunit(x::CategoricalString, i::Integer)` is deprecated, use `codeunit(String(x), i)` instead.
│   caller = top-level scope at 08_string.jl:67
└ @ Core ~/.julia/packages/CategoricalArrays/U3LvJ/test/08_string.jl:67
┌ Warning: `ascii(x::CategoricalString)` is deprecated, use `ascii(String(x))` instead.
│   caller = top-level scope at 08_string.jl:69
└ @ Core ~/.julia/packages/CategoricalArrays/U3LvJ/test/08_string.jl:69
┌ Warning: `ascii(x::CategoricalString)` is deprecated, use `ascii(String(x))` instead.
│   caller = top-level scope at 08_string.jl:70
└ @ Core ~/.julia/packages/CategoricalArrays/U3LvJ/test/08_string.jl:70
┌ Warning: `normalize(x::CategoricalString, s::Symbol)` is deprecated, use `normalize(String(x), s)` instead.
│   caller = top-level scope at 08_string.jl:74
└ @ Core ~/.julia/packages/CategoricalArrays/U3LvJ/test/08_string.jl:74
┌ Warning: `graphemes(x::CategoricalString)` is deprecated, use `graphemes(String(x))` instead.
│   caller = top-level scope at 08_string.jl:76
└ @ Core ~/.julia/packages/CategoricalArrays/U3LvJ/test/08_string.jl:76
┌ Warning: `graphemes(x::CategoricalString)` is deprecated, use `graphemes(String(x))` instead.
│   caller = top-level scope at 08_string.jl:77
└ @ Core ~/.julia/packages/CategoricalArrays/U3LvJ/test/08_string.jl:77
┌ Warning: `isvalid(x::CategoricalString)` is deprecated, use `isvalid(String(x))` instead.
│   caller = top-level scope at 08_string.jl:79
└ @ Core ~/.julia/packages/CategoricalArrays/U3LvJ/test/08_string.jl:79
┌ Warning: `isvalid(x::CategoricalString)` is deprecated, use `isvalid(String(x))` instead.
│   caller = top-level scope at 08_string.jl:80
└ @ Core ~/.julia/packages/CategoricalArrays/U3LvJ/test/08_string.jl:80
┌ Warning: `isvalid(x::CategoricalString, i::Integer)` is deprecated, use `isvalid(String(x), i)` instead.
│   caller = top-level scope at 08_string.jl:81
└ @ Core ~/.julia/packages/CategoricalArrays/U3LvJ/test/08_string.jl:81
┌ Warning: `isvalid(x::CategoricalString, i::Integer)` is deprecated, use `isvalid(String(x), i)` instead.
│   caller = top-level scope at 08_string.jl:82
└ @ Core ~/.julia/packages/CategoricalArrays/U3LvJ/test/08_string.jl:82
┌ Warning: `isvalid(x::CategoricalString, i::Integer)` is deprecated, use `isvalid(String(x), i)` instead.
│   caller = top-level scope at 08_string.jl:83
└ @ Core ~/.julia/packages/CategoricalArrays/U3LvJ/test/08_string.jl:83
┌ Warning: `length(x::CategoricalString, i::Int, j::Int)` is deprecated, use `length(String(x), i, j)` instead.
│   caller = top-level scope at 08_string.jl:85
└ @ Core ~/.julia/packages/CategoricalArrays/U3LvJ/test/08_string.jl:85
┌ Warning: `length(x::CategoricalString, i::Int, j::Int)` is deprecated, use `length(String(x), i, j)` instead.
│   caller = top-level scope at 08_string.jl:86
└ @ Core ~/.julia/packages/CategoricalArrays/U3LvJ/test/08_string.jl:86
┌ Warning: `ncodeunits(x::CategoricalString)` is deprecated, use `ncodeunits(String(x))` instead.
│   caller = nextind(::CategoricalArrays.CategoricalString{UInt32}, ::Int64, ::Int64) at basic.jl:520
└ @ Base ./strings/basic.jl:520
┌ Warning: `isvalid(x::CategoricalString, i::Integer)` is deprecated, use `isvalid(String(x), i)` instead.
│   caller = nextind(::CategoricalArrays.CategoricalString{UInt32}, ::Int64, ::Int64) at basic.jl:524
└ @ Base ./strings/basic.jl:524
┌ Warning: `repeat(x::CategoricalString, i::Integer)` is deprecated, use `repeat(String(x), i)` instead.
│   caller = ^ at basic.jl:674 [inlined]
└ @ Core ./strings/basic.jl:674
┌ Warning: `repeat(x::CategoricalString, i::Integer)` is deprecated, use `repeat(String(x), i)` instead.
│   caller = ^ at basic.jl:674 [inlined]
└ @ Core ./strings/basic.jl:674
┌ Warning: `repeat(x::CategoricalString, i::Integer)` is deprecated, use `repeat(String(x), i)` instead.
│   caller = top-level scope at 08_string.jl:112
└ @ Core ~/.julia/packages/CategoricalArrays/U3LvJ/test/08_string.jl:112
┌ Warning: `repeat(x::CategoricalString, i::Integer)` is deprecated, use `repeat(String(x), i)` instead.
│   caller = top-level scope at 08_string.jl:113
└ @ Core ~/.julia/packages/CategoricalArrays/U3LvJ/test/08_string.jl:113
┌ Warning: `eachmatch(r::Regex, x::CategoricalString; overlap=false)` is deprecated, use `eachmatch(r, String(x), overlap=overlap)` instead.
│   caller = top-level scope at 08_string.jl:115
└ @ Core ~/.julia/packages/CategoricalArrays/U3LvJ/test/08_string.jl:115
┌ Warning: `eachmatch(r::Regex, x::CategoricalString; overlap=false)` is deprecated, use `eachmatch(r, String(x), overlap=overlap)` instead.
│   caller = top-level scope at 08_string.jl:116
└ @ Core ~/.julia/packages/CategoricalArrays/U3LvJ/test/08_string.jl:116
┌ Warning: `firstindex(x::CategoricalString)` is deprecated, use `firstindex(String(x))` instead.
│   caller = match(::Regex, ::CategoricalArrays.CategoricalString{UInt32}) at deprecated.jl:66
└ @ CategoricalArrays ./deprecated.jl:66
┌ Warning: `match(r::Regex, s::CategoricalString, idx::Integer=firstindex(s), add_opts::UInt32=UInt32(0); kwargs...)` is deprecated, use `match(r, String(s), idx, add_opts; kwargs...)` instead.
│   caller = match(::Regex, ::CategoricalArrays.CategoricalString{UInt32}, ::Int64) at deprecated.jl:66
└ @ CategoricalArrays ./deprecated.jl:66
┌ Warning: `match(r::Regex, s::CategoricalString, idx::Integer=firstindex(s), add_opts::UInt32=UInt32(0); kwargs...)` is deprecated, use `match(r, String(s), idx, add_opts; kwargs...)` instead.
│   caller = top-level scope at 08_string.jl:121
└ @ Core ~/.julia/packages/CategoricalArrays/U3LvJ/test/08_string.jl:121
┌ Warning: `eachmatch(r::Regex, x::CategoricalString; overlap=false)` is deprecated, use `eachmatch(r, String(x), overlap=overlap)` instead.
│   caller = top-level scope at 08_string.jl:123
└ @ Core ~/.julia/packages/CategoricalArrays/U3LvJ/test/08_string.jl:123
┌ Warning: `eachmatch(r::Regex, x::CategoricalString; overlap=false)` is deprecated, use `eachmatch(r, String(x), overlap=overlap)` instead.
│   caller = top-level scope at 08_string.jl:124
└ @ Core ~/.julia/packages/CategoricalArrays/U3LvJ/test/08_string.jl:124
┌ Warning: `eachmatch(r::Regex, x::CategoricalString; overlap=false)` is deprecated, use `eachmatch(r, String(x), overlap=overlap)` instead.
│   caller = ip:0x0
└ @ Core :-1
┌ Warning: `lpad(x::CategoricalString, n::Integer, c::Union{AbstractChar, AbstractString}=' ')` is deprecated, use `lpad(String(x), n)` instead.
│   caller = lpad(::CategoricalArrays.CategoricalString{UInt32}, ::Int64) at deprecated.jl:66
└ @ CategoricalArrays ./deprecated.jl:66
┌ Warning: `rpad(x::CategoricalString, n::Integer, c::Union{AbstractChar, AbstractString}=' ')` is deprecated, use `rpad(String(x), n)` instead.
│   caller = rpad(::CategoricalArrays.CategoricalString{UInt32}, ::Int64) at deprecated.jl:66
└ @ CategoricalArrays ./deprecated.jl:66
┌ Warning: `firstindex(x::CategoricalString)` is deprecated, use `firstindex(String(x))` instead.
│   caller = findfirst(::String, ::CategoricalArrays.CategoricalString{UInt32}) at search.jl:104
└ @ Base ./strings/search.jl:104
┌ Warning: `lastindex(x::CategoricalString)` is deprecated, use `lastindex(String(x))` instead.
│   caller = _searchindex(::CategoricalArrays.CategoricalString{UInt32}, ::String, ::Int64) at search.jl:145
└ @ Base ./strings/search.jl:145
┌ Warning: `nextind(x::CategoricalString, i::Int)` is deprecated, use `nextind(String(x), i)` instead.
│   caller = _searchindex(::CategoricalArrays.CategoricalString{UInt32}, ::String, ::Int64) at search.jl:145
└ @ Base ./strings/search.jl:145
┌ Warning: `ncodeunits(x::CategoricalString)` is deprecated, use `ncodeunits(String(x))` instead.
│   caller = findnext(::Base.Fix2{typeof(isequal),Char}, ::CategoricalArrays.CategoricalString{UInt32}, ::Int64) at search.jl:128
└ @ Base ./strings/search.jl:128
┌ Warning: `isvalid(x::CategoricalString, i::Integer)` is deprecated, use `isvalid(String(x), i)` instead.
│   caller = findnext(::Base.Fix2{typeof(isequal),Char}, ::CategoricalArrays.CategoricalString{UInt32}, ::Int64) at search.jl:130
└ @ Base ./strings/search.jl:130
┌ Warning: `lastindex(x::CategoricalString)` is deprecated, use `lastindex(String(x))` instead.
│   caller = SubString at substring.jl:39 [inlined]
└ @ Core ./strings/substring.jl:39
┌ Warning: `ncodeunits(x::CategoricalString)` is deprecated, use `ncodeunits(String(x))` instead.
│   caller = checkbounds at basic.jl:187 [inlined]
└ @ Core ./strings/basic.jl:187
┌ Warning: `isvalid(x::CategoricalString, i::Integer)` is deprecated, use `isvalid(String(x), i)` instead.
│   caller = SubString{CategoricalArrays.CategoricalString{UInt32}}(::CategoricalArrays.CategoricalString{UInt32}, ::Int64, ::Int64) at substring.jl:31
└ @ Base ./strings/substring.jl:31
┌ Warning: `isvalid(x::CategoricalString, i::Integer)` is deprecated, use `isvalid(String(x), i)` instead.
│   caller = SubString{CategoricalArrays.CategoricalString{UInt32}}(::CategoricalArrays.CategoricalString{UInt32}, ::Int64, ::Int64) at substring.jl:32
└ @ Base ./strings/substring.jl:32
┌ Warning: `nextind(x::CategoricalString, i::Int)` is deprecated, use `nextind(String(x), i)` instead.
│   caller = SubString{CategoricalArrays.CategoricalString{UInt32}}(::CategoricalArrays.CategoricalString{UInt32}, ::Int64, ::Int64) at substring.jl:34
└ @ Base ./strings/substring.jl:34
┌ Warning: `isvalid(x::CategoricalString, i::Integer)` is deprecated, use `isvalid(String(x), i)` instead.
│   caller = nextind(::SubString{CategoricalArrays.CategoricalString{UInt32}}, ::Int64, ::Int64) at substring.jl:86
└ @ Base ./strings/substring.jl:86
┌ Warning: `iterate(x::CategoricalString, i::Int)` is deprecated, use `iterate(String(x), i)` instead.
│   caller = iterate at substring.jl:72 [inlined]
└ @ Core ./strings/substring.jl:72
┌ Warning: `iterate(x::CategoricalString, i::Int)` is deprecated, use `iterate(String(x), i)` instead.
│   caller = iterate at substring.jl:72 [inlined]
└ @ Core ./strings/substring.jl:72
┌ Warning: `nextind(x::CategoricalString, i::Int)` is deprecated, use `nextind(String(x), i)` instead.
│   caller = _searchindex(::CategoricalArrays.CategoricalString{UInt32}, ::String, ::Int64) at search.jl:152
└ @ Base ./strings/search.jl:152
┌ Warning: `lastindex(x::CategoricalString)` is deprecated, use `lastindex(String(x))` instead.
│   caller = SubString at substring.jl:39 [inlined]
└ @ Core ./strings/substring.jl:39
┌ Warning: `ncodeunits(x::CategoricalString)` is deprecated, use `ncodeunits(String(x))` instead.
│   caller = findnext(::Base.Fix2{typeof(==),Char}, ::CategoricalArrays.CategoricalString{UInt32}, ::Int64) at search.jl:128
└ @ Base ./strings/search.jl:128
┌ Warning: `isvalid(x::CategoricalString, i::Integer)` is deprecated, use `isvalid(String(x), i)` instead.
│   caller = findnext(::Base.Fix2{typeof(==),Char}, ::CategoricalArrays.CategoricalString{UInt32}, ::Int64) at search.jl:130
└ @ Base ./strings/search.jl:130
┌ Warning: `lastindex(x::CategoricalString)` is deprecated, use `lastindex(String(x))` instead.
│   caller = SubString at substring.jl:39 [inlined]
└ @ Core ./strings/substring.jl:39
┌ Warning: `iterate(x::CategoricalString, i::Int)` is deprecated, use `iterate(String(x), i)` instead.
│   caller = findnext(::Base.Fix2{typeof(==),Char}, ::CategoricalArrays.CategoricalString{UInt32}, ::Int64) at substring.jl:72
└ @ Base ./strings/substring.jl:72
┌ Warning: `iterate(x::CategoricalString, i::Int)` is deprecated, use `iterate(String(x), i)` instead.
│   caller = findnext(::Base.Fix2{typeof(==),Char}, ::CategoricalArrays.CategoricalString{UInt32}, ::Int64) at substring.jl:72
└ @ Base ./strings/substring.jl:72
┌ Warning: `lastindex(x::CategoricalString)` is deprecated, use `lastindex(String(x))` instead.
│   caller = findlast(::String, ::CategoricalArrays.CategoricalString{UInt32}) at search.jl:312
└ @ Base ./strings/search.jl:312
┌ Warning: `ncodeunits(x::CategoricalString)` is deprecated, use `ncodeunits(String(x))` instead.
│   caller = findprev(::Function, ::CategoricalArrays.CategoricalString{UInt32}, ::Int64) at search.jl:339
└ @ Base ./strings/search.jl:339
┌ Warning: `reverse(x::CategoricalString)` is deprecated, use `reverse(String(x))` instead.
│   caller = findprev(::Function, ::CategoricalArrays.CategoricalString{UInt32}, ::Int64) at search.jl:345
└ @ Base ./strings/search.jl:345
┌ Warning: `ncodeunits(x::CategoricalString)` is deprecated, use `ncodeunits(String(x))` instead.
│   caller = reverseind at basic.jl:644 [inlined]
└ @ Core ./strings/basic.jl:644
┌ Warning: `ncodeunits(x::CategoricalString)` is deprecated, use `ncodeunits(String(x))` instead.
│   caller = thisind(::CategoricalArrays.CategoricalString{UInt32}, ::Int64) at basic.jl:400
└ @ Base ./strings/basic.jl:400
┌ Warning: `isvalid(x::CategoricalString, i::Integer)` is deprecated, use `isvalid(String(x), i)` instead.
│   caller = thisind(::CategoricalArrays.CategoricalString{UInt32}, ::Int64) at basic.jl:403
└ @ Base ./strings/basic.jl:403
┌ Warning: `prevind(x::CategoricalString, i::Int)` is deprecated, use `prevind(String(x), i)` instead.
│   caller = _rsearchindex(::CategoricalArrays.CategoricalString{UInt32}, ::String, ::Int64) at search.jl:361
└ @ Base ./strings/search.jl:361
┌ Warning: `getindex(x::CategoricalString, i::Int)` is deprecated, use `getindex(String(x), i)` instead.
│   caller = getindex at substring.jl:80 [inlined]
└ @ Core ./strings/substring.jl:80
┌ Warning: `nextind(x::CategoricalString, i::Int)` is deprecated, use `nextind(String(x), i)` instead.
│   caller = _rsearchindex(::CategoricalArrays.CategoricalString{UInt32}, ::String, ::Int64) at search.jl:368
└ @ Base ./strings/search.jl:368
┌ Warning: `lastindex(x::CategoricalString)` is deprecated, use `lastindex(String(x))` instead.
│   caller = last at basic.jl:538 [inlined]
└ @ Core ./strings/basic.jl:538
┌ Warning: `occursin(x::AbstractString, y::CategoricalString)` is deprecated, use `occursin(x, String(y))` instead.
│   caller = eval_test(::Expr, ::Expr, ::LineNumberNode, ::Bool) at Test.jl:257
└ @ Test /workspace/srcdir/julia/usr/share/julia/stdlib/v1.3/Test/src/Test.jl:257
┌ Warning: `startswith(x::CategoricalString, y::AbstractString)` is deprecated, use `startswith(String(x), y)` instead.
│   caller = eval_test(::Expr, ::Expr, ::LineNumberNode, ::Bool) at Test.jl:257
└ @ Test /workspace/srcdir/julia/usr/share/julia/stdlib/v1.3/Test/src/Test.jl:257
┌ Warning: `endswith(x::CategoricalString, y::AbstractString)` is deprecated, use `endswith(String(x), y)` instead.
│   caller = eval_test(::Expr, ::Expr, ::LineNumberNode, ::Bool) at Test.jl:257
└ @ Test /workspace/srcdir/julia/usr/share/julia/stdlib/v1.3/Test/src/Test.jl:257
┌ Warning: `reverse(x::CategoricalString)` is deprecated, use `reverse(String(x))` instead.
│   caller = top-level scope at 08_string.jl:160
└ @ Core ~/.julia/packages/CategoricalArrays/U3LvJ/test/08_string.jl:160
┌ Warning: `reverse(x::CategoricalString)` is deprecated, use `reverse(String(x))` instead.
│   caller = top-level scope at 08_string.jl:161
└ @ Core ~/.julia/packages/CategoricalArrays/U3LvJ/test/08_string.jl:161
┌ Warning: `split(x::CategoricalString; kwargs...)` is deprecated, use `split(String(x); kwargs...)` instead.
│   caller = top-level scope at 08_string.jl:167
└ @ Core ~/.julia/packages/CategoricalArrays/U3LvJ/test/08_string.jl:167
┌ Warning: `lastindex(x::CategoricalString)` is deprecated, use `lastindex(String(x))` instead.
│   caller = _split(::CategoricalArrays.CategoricalString{UInt32}, ::String, ::Int64, ::Bool, ::Array{SubString{CategoricalArrays.CategoricalString{UInt32}},1}) at util.jl:326
└ @ Base ./strings/util.jl:326
┌ Warning: `firstindex(x::CategoricalString)` is deprecated, use `firstindex(String(x))` instead.
│   caller = findfirst at search.jl:104 [inlined]
└ @ Core ./strings/search.jl:104
┌ Warning: `nextind(x::CategoricalString, i::Int)` is deprecated, use `nextind(String(x), i)` instead.
│   caller = _split(::CategoricalArrays.CategoricalString{UInt32}, ::String, ::Int64, ::Bool, ::Array{SubString{CategoricalArrays.CategoricalString{UInt32}},1}) at util.jl:329
└ @ Base ./strings/util.jl:329
┌ Warning: `lastindex(x::CategoricalString)` is deprecated, use `lastindex(String(x))` instead.
│   caller = SubString at substring.jl:39 [inlined]
└ @ Core ./strings/substring.jl:39
┌ Warning: `split(x::CategoricalString; kwargs...)` is deprecated, use `split(String(x); kwargs...)` instead.
│   caller = top-level scope at 08_string.jl:169
└ @ Core ~/.julia/packages/CategoricalArrays/U3LvJ/test/08_string.jl:169
┌ Warning: `prevind(x::CategoricalString, i::Int)` is deprecated, use `prevind(String(x), i)` instead.
│   caller = _split(::CategoricalArrays.CategoricalString{UInt32}, ::String, ::Int64, ::Bool, ::Array{SubString{CategoricalArrays.CategoricalString{UInt32}},1}) at util.jl:333
└ @ Base ./strings/util.jl:333
┌ Warning: `nextind(x::CategoricalString, i::Int)` is deprecated, use `nextind(String(x), i)` instead.
│   caller = _split(::CategoricalArrays.CategoricalString{UInt32}, ::String, ::Int64, ::Bool, ::Array{SubString{CategoricalArrays.CategoricalString{UInt32}},1}) at util.jl:340
└ @ Base ./strings/util.jl:340
┌ Warning: `iterate(x::CategoricalString, i::Int)` is deprecated, use `iterate(String(x), i)` instead.
│   caller = iterate at substring.jl:72 [inlined]
└ @ Core ./strings/substring.jl:72
┌ Warning: `iterate(x::CategoricalString, i::Int)` is deprecated, use `iterate(String(x), i)` instead.
│   caller = iterate at substring.jl:72 [inlined]
└ @ Core ./strings/substring.jl:72
┌ Warning: `lastindex(x::CategoricalString)` is deprecated, use `lastindex(String(x))` instead.
│   caller = _rsplit(::CategoricalArrays.CategoricalString{UInt32}, ::String, ::Int64, ::Bool, ::Array{SubString{CategoricalArrays.CategoricalString{UInt32}},1}) at util.jl:399
└ @ Base ./strings/util.jl:399
┌ Warning: `lastindex(x::CategoricalString)` is deprecated, use `lastindex(String(x))` instead.
│   caller = findlast at search.jl:312 [inlined]
└ @ Core ./strings/search.jl:312
┌ Warning: `isvalid(x::CategoricalString, i::Integer)` is deprecated, use `isvalid(String(x), i)` instead.
│   caller = isvalid at substring.jl:86 [inlined]
└ @ Core ./strings/substring.jl:86
┌ Warning: `isvalid(x::CategoricalString, i::Integer)` is deprecated, use `isvalid(String(x), i)` instead.
│   caller = isvalid at substring.jl:86 [inlined]
└ @ Core ./strings/substring.jl:86
┌ Warning: `isvalid(x::CategoricalString, i::Integer)` is deprecated, use `isvalid(String(x), i)` instead.
│   caller = isvalid at substring.jl:86 [inlined]
└ @ Core ./strings/substring.jl:86
┌ Warning: `getindex(x::CategoricalString, i::Int)` is deprecated, use `getindex(String(x), i)` instead.
│   caller = _rsearchindex(::CategoricalArrays.CategoricalString{UInt32}, ::String, ::Int64) at substring.jl:80
└ @ Base ./strings/substring.jl:80
┌ Warning: `nextind(x::CategoricalString, i::Int)` is deprecated, use `nextind(String(x), i)` instead.
│   caller = _rsplit(::CategoricalArrays.CategoricalString{UInt32}, ::String, ::Int64, ::Bool, ::Array{SubString{CategoricalArrays.CategoricalString{UInt32}},1}) at util.jl:403
└ @ Base ./strings/util.jl:403
┌ Warning: `prevind(x::CategoricalString, i::Int)` is deprecated, use `prevind(String(x), i)` instead.
│   caller = _rsplit(::CategoricalArrays.CategoricalString{UInt32}, ::String, ::Int64, ::Bool, ::Array{SubString{CategoricalArrays.CategoricalString{UInt32}},1}) at util.jl:404
└ @ Base ./strings/util.jl:404
┌ Warning: `strip(x::CategoricalString)` is deprecated, use `strip(String(x))` instead.
│   caller = top-level scope at 08_string.jl:175
└ @ Core ~/.julia/packages/CategoricalArrays/U3LvJ/test/08_string.jl:175
┌ Warning: `strip(x::CategoricalString)` is deprecated, use `strip(String(x))` instead.
│   caller = top-level scope at 08_string.jl:176
└ @ Core ~/.julia/packages/CategoricalArrays/U3LvJ/test/08_string.jl:176
┌ Warning: `lastindex(x::CategoricalString)` is deprecated, use `lastindex(String(x))` instead.
│   caller = iterate at basic.jl:678 [inlined]
└ @ Core ./strings/basic.jl:678
┌ Warning: `firstindex(x::CategoricalString)` is deprecated, use `firstindex(String(x))` instead.
│   caller = iterate at basic.jl:678 [inlined]
└ @ Core ./strings/basic.jl:678
┌ Warning: `prevind(x::CategoricalString, i::Int)` is deprecated, use `prevind(String(x), i)` instead.
│   caller = iterate at basic.jl:678 [inlined]
└ @ Core ./strings/basic.jl:678
┌ Warning: `lastindex(x::CategoricalString)` is deprecated, use `lastindex(String(x))` instead.
│   caller = _zip_iterate_some at basic.jl:677 [inlined]
└ @ Core ./strings/basic.jl:677
┌ Warning: `firstindex(x::CategoricalString)` is deprecated, use `firstindex(String(x))` instead.
│   caller = iterate at basic.jl:677 [inlined]
└ @ Core ./strings/basic.jl:677
┌ Warning: `getindex(x::CategoricalString, i::Int)` is deprecated, use `getindex(String(x), i)` instead.
│   caller = iterate at basic.jl:677 [inlined]
└ @ Core ./strings/basic.jl:677
┌ Warning: `prevind(x::CategoricalString, i::Int)` is deprecated, use `prevind(String(x), i)` instead.
│   caller = iterate at basic.jl:677 [inlined]
└ @ Core ./strings/basic.jl:677
┌ Warning: `firstindex(x::CategoricalString)` is deprecated, use `firstindex(String(x))` instead.
│   caller = iterate at basic.jl:678 [inlined]
└ @ Core ./strings/basic.jl:678
┌ Warning: `prevind(x::CategoricalString, i::Int)` is deprecated, use `prevind(String(x), i)` instead.
│   caller = iterate at basic.jl:678 [inlined]
└ @ Core ./strings/basic.jl:678
┌ Warning: `firstindex(x::CategoricalString)` is deprecated, use `firstindex(String(x))` instead.
│   caller = iterate at basic.jl:677 [inlined]
└ @ Core ./strings/basic.jl:677
┌ Warning: `getindex(x::CategoricalString, i::Int)` is deprecated, use `getindex(String(x), i)` instead.
│   caller = iterate at basic.jl:677 [inlined]
└ @ Core ./strings/basic.jl:677
┌ Warning: `prevind(x::CategoricalString, i::Int)` is deprecated, use `prevind(String(x), i)` instead.
│   caller = iterate at basic.jl:677 [inlined]
└ @ Core ./strings/basic.jl:677
┌ Warning: `isvalid(x::CategoricalString, i::Integer)` is deprecated, use `isvalid(String(x), i)` instead.
│   caller = isvalid at substring.jl:86 [inlined]
└ @ Core ./strings/substring.jl:86
┌ Warning: `iterate(x::CategoricalString, i::Int)` is deprecated, use `iterate(String(x), i)` instead.
│   caller = iterate at substring.jl:72 [inlined]
└ @ Core ./strings/substring.jl:72
┌ Warning: `iterate(x::CategoricalString, i::Int)` is deprecated, use `iterate(String(x), i)` instead.
│   caller = cmp(::SubString{CategoricalArrays.CategoricalString{UInt32}}, ::String) at substring.jl:72
└ @ Base ./strings/substring.jl:72
┌ Warning: `lstrip(x::CategoricalString)` is deprecated, use `lstrip(String(x))` instead.
│   caller = top-level scope at 08_string.jl:179
└ @ Core ~/.julia/packages/CategoricalArrays/U3LvJ/test/08_string.jl:179
┌ Warning: `lstrip(x::CategoricalString)` is deprecated, use `lstrip(String(x))` instead.
│   caller = top-level scope at 08_string.jl:180
└ @ Core ~/.julia/packages/CategoricalArrays/U3LvJ/test/08_string.jl:180
┌ Warning: `lastindex(x::CategoricalString)` is deprecated, use `lastindex(String(x))` instead.
│   caller = lstrip(::Base.Fix2{typeof(in),Char}, ::CategoricalArrays.CategoricalString{UInt32}) at util.jl:158
└ @ Base ./strings/util.jl:158
┌ Warning: `firstindex(x::CategoricalString)` is deprecated, use `firstindex(String(x))` instead.
│   caller = iterate at basic.jl:539 [inlined]
└ @ Core ./strings/basic.jl:539
┌ Warning: `ncodeunits(x::CategoricalString)` is deprecated, use `ncodeunits(String(x))` instead.
│   caller = iterate at basic.jl:539 [inlined]
└ @ Core ./strings/basic.jl:539
┌ Warning: `nextind(x::CategoricalString, i::Int)` is deprecated, use `nextind(String(x), i)` instead.
│   caller = iterate at basic.jl:539 [inlined]
└ @ Core ./strings/basic.jl:539
┌ Warning: `iterate(x::CategoricalString)` is deprecated, use `iterate(String(x))` instead.
│   caller = _zip_iterate_some at iterators.jl:350 [inlined]
└ @ Core ./iterators.jl:350
┌ Warning: `rstrip(x::CategoricalString)` is deprecated, use `rstrip(String(x))` instead.
│   caller = top-level scope at 08_string.jl:183
└ @ Core ~/.julia/packages/CategoricalArrays/U3LvJ/test/08_string.jl:183
┌ Warning: `rstrip(x::CategoricalString)` is deprecated, use `rstrip(String(x))` instead.
│   caller = top-level scope at 08_string.jl:184
└ @ Core ~/.julia/packages/CategoricalArrays/U3LvJ/test/08_string.jl:184
┌ Warning: `uppercase(x::CategoricalString)` is deprecated, use `uppercase(String(x))` instead.
│   caller = top-level scope at 08_string.jl:187
└ @ Core ~/.julia/packages/CategoricalArrays/U3LvJ/test/08_string.jl:187
┌ Warning: `uppercase(x::CategoricalString)` is deprecated, use `uppercase(String(x))` instead.
│   caller = top-level scope at 08_string.jl:188
└ @ Core ~/.julia/packages/CategoricalArrays/U3LvJ/test/08_string.jl:188
┌ Warning: `lowercase(x::CategoricalString)` is deprecated, use `lowercase(String(x))` instead.
│   caller = top-level scope at 08_string.jl:190
└ @ Core ~/.julia/packages/CategoricalArrays/U3LvJ/test/08_string.jl:190
┌ Warning: `lowercase(x::CategoricalString)` is deprecated, use `lowercase(String(x))` instead.
│   caller = top-level scope at 08_string.jl:191
└ @ Core ~/.julia/packages/CategoricalArrays/U3LvJ/test/08_string.jl:191
┌ Warning: `titlecase(x::CategoricalString)` is deprecated, use `titlecase(String(x))` instead.
│   caller = top-level scope at 08_string.jl:193
└ @ Core ~/.julia/packages/CategoricalArrays/U3LvJ/test/08_string.jl:193
┌ Warning: `titlecase(x::CategoricalString)` is deprecated, use `titlecase(String(x))` instead.
│   caller = top-level scope at 08_string.jl:194
└ @ Core ~/.julia/packages/CategoricalArrays/U3LvJ/test/08_string.jl:194
┌ Warning: `uppercasefirst(x::CategoricalString)` is deprecated, use `uppercasefirst(String(x))` instead.
│   caller = top-level scope at 08_string.jl:196
└ @ Core ~/.julia/packages/CategoricalArrays/U3LvJ/test/08_string.jl:196
┌ Warning: `uppercasefirst(x::CategoricalString)` is deprecated, use `uppercasefirst(String(x))` instead.
│   caller = top-level scope at 08_string.jl:197
└ @ Core ~/.julia/packages/CategoricalArrays/U3LvJ/test/08_string.jl:197
┌ Warning: `lowercasefirst(x::CategoricalString)` is deprecated, use `lowercasefirst(String(x))` instead.
│   caller = top-level scope at 08_string.jl:199
└ @ Core ~/.julia/packages/CategoricalArrays/U3LvJ/test/08_string.jl:199
┌ Warning: `lowercasefirst(x::CategoricalString)` is deprecated, use `lowercasefirst(String(x))` instead.
│   caller = top-level scope at 08_string.jl:200
└ @ Core ~/.julia/packages/CategoricalArrays/U3LvJ/test/08_string.jl:200
┌ Warning: `chop(x::CategoricalString; kwargs...)` is deprecated, use `chop(String(x); kwargs...)` instead.
│   caller = top-level scope at 08_string.jl:206
└ @ Core ~/.julia/packages/CategoricalArrays/U3LvJ/test/08_string.jl:206
┌ Warning: `chop(x::CategoricalString; kwargs...)` is deprecated, use `chop(String(x); kwargs...)` instead.
│   caller = top-level scope at 08_string.jl:208
└ @ Core ~/.julia/packages/CategoricalArrays/U3LvJ/test/08_string.jl:208
┌ Warning: `chomp(x::CategoricalString)` is deprecated, use `chomp(String(x))` instead.
│   caller = top-level scope at 08_string.jl:210
└ @ Core ~/.julia/packages/CategoricalArrays/U3LvJ/test/08_string.jl:210
┌ Warning: `chomp(x::CategoricalString)` is deprecated, use `chomp(String(x))` instead.
│   caller = top-level scope at 08_string.jl:211
└ @ Core ~/.julia/packages/CategoricalArrays/U3LvJ/test/08_string.jl:211
┌ Warning: `textwidth(x::CategoricalString)` is deprecated, use `textwidth(String(x))` instead.
│   caller = top-level scope at 08_string.jl:213
└ @ Core ~/.julia/packages/CategoricalArrays/U3LvJ/test/08_string.jl:213
┌ Warning: `textwidth(x::CategoricalString)` is deprecated, use `textwidth(String(x))` instead.
│   caller = top-level scope at 08_string.jl:214
└ @ Core ~/.julia/packages/CategoricalArrays/U3LvJ/test/08_string.jl:214
┌ Warning: `isascii(x::CategoricalString)` is deprecated, use `isascii(String(x))` instead.
│   caller = top-level scope at 08_string.jl:216
└ @ Core ~/.julia/packages/CategoricalArrays/U3LvJ/test/08_string.jl:216
┌ Warning: `isascii(x::CategoricalString)` is deprecated, use `isascii(String(x))` instead.
│   caller = top-level scope at 08_string.jl:217
└ @ Core ~/.julia/packages/CategoricalArrays/U3LvJ/test/08_string.jl:217
┌ Warning: `escape_string(x::CategoricalString)` is deprecated, use `escape_string(String(x))` instead.
│   caller = top-level scope at 08_string.jl:219
└ @ Core ~/.julia/packages/CategoricalArrays/U3LvJ/test/08_string.jl:219
┌ Warning: `escape_string(x::CategoricalString)` is deprecated, use `escape_string(String(x))` instead.
│   caller = top-level scope at 08_string.jl:220
└ @ Core ~/.julia/packages/CategoricalArrays/U3LvJ/test/08_string.jl:220
┌ Warning: `collect(x::CategoricalString)` is deprecated, use `collect(String(x))` instead.
│   caller = top-level scope at 08_string.jl:222
└ @ Core ~/.julia/packages/CategoricalArrays/U3LvJ/test/08_string.jl:222
┌ Warning: `collect(x::CategoricalString)` is deprecated, use `collect(String(x))` instead.
│   caller = top-level scope at 08_string.jl:223
└ @ Core ~/.julia/packages/CategoricalArrays/U3LvJ/test/08_string.jl:223
Test Summary: | Pass  Total
08_string.jl  |  151    151
Test Summary: | Pass  Total
09_hash.jl    |   54     54
Test Summary: | Pass  Total
10_isless.jl  |  429    429
Test Summary: | Pass  Total
11_array.jl   | 9054   9054
Test Summary:      |  Pass  Total
12_missingarray.jl | 12672  12672
┌ Warning: adding new levels to ordered CategoricalArray destination will throw an error in the future
│   caller = copy! at array.jl:426 [inlined]
└ @ Core ~/.julia/packages/CategoricalArrays/U3LvJ/src/array.jl:426
┌ Warning: adding new levels to ordered CategoricalArray destination will throw an error in the future
│   caller = copyto!(::CategoricalArrays.CategoricalArray{String,1,UInt32,String,CategoricalArrays.CategoricalString{UInt32},Union{}}, ::CategoricalArrays.CategoricalArray{String,1,UInt32,String,CategoricalArrays.CategoricalString{UInt32},Union{}}) at array.jl:415
└ @ CategoricalArrays ~/.julia/packages/CategoricalArrays/U3LvJ/src/array.jl:415
┌ Warning: adding new levels to ordered CategoricalArray destination will throw an error in the future
│   caller = copyto!(::CategoricalArrays.CategoricalArray{String,1,UInt32,String,CategoricalArrays.CategoricalString{UInt32},Union{}}, ::Int64, ::CategoricalArrays.CategoricalArray{String,1,UInt32,String,CategoricalArrays.CategoricalString{UInt32},Union{}}, ::Int64) at abstractarray.jl:830
└ @ Base ./abstractarray.jl:830
┌ Warning: adding new levels to ordered CategoricalArray destination will throw an error in the future
│   caller = copy! at array.jl:426 [inlined]
└ @ Core ~/.julia/packages/CategoricalArrays/U3LvJ/src/array.jl:426
┌ Warning: adding new levels to ordered CategoricalArray destination will throw an error in the future
│   caller = copyto!(::SubArray{CategoricalArrays.CategoricalString{UInt32},1,CategoricalArrays.CategoricalArray{String,1,UInt32,String,CategoricalArrays.CategoricalString{UInt32},Union{}},Tuple{UnitRange{Int64}},true}, ::CategoricalArrays.CategoricalArray{String,1,UInt32,String,CategoricalArrays.CategoricalString{UInt32},Union{}}) at array.jl:415
└ @ CategoricalArrays ~/.julia/packages/CategoricalArrays/U3LvJ/src/array.jl:415
┌ Warning: adding new levels to ordered CategoricalArray destination will throw an error in the future
│   caller = copy! at array.jl:426 [inlined]
└ @ Core ~/.julia/packages/CategoricalArrays/U3LvJ/src/array.jl:426
┌ Warning: adding new levels to ordered CategoricalArray destination will throw an error in the future
│   caller = copyto!(::CategoricalArrays.CategoricalArray{Union{Missing, String},1,UInt32,String,CategoricalArrays.CategoricalString{UInt32},Missing}, ::CategoricalArrays.CategoricalArray{Union{Missing, String},1,UInt32,String,CategoricalArrays.CategoricalString{UInt32},Missing}) at array.jl:415
└ @ CategoricalArrays ~/.julia/packages/CategoricalArrays/U3LvJ/src/array.jl:415
┌ Warning: adding new levels to ordered CategoricalArray destination will throw an error in the future
│   caller = copyto!(::CategoricalArrays.CategoricalArray{Union{Missing, String},1,UInt32,String,CategoricalArrays.CategoricalString{UInt32},Missing}, ::Int64, ::CategoricalArrays.CategoricalArray{Union{Missing, String},1,UInt32,String,CategoricalArrays.CategoricalString{UInt32},Missing}, ::Int64) at abstractarray.jl:830
└ @ Base ./abstractarray.jl:830
Test Summary:     |  Pass  Total
13_arraycommon.jl | 22817  22817
Test Summary: | Pass  Total
14_view.jl    |  158    158
Test Summary: | Pass  Total
15_extras.jl  |   99     99
Test Summary: | Pass  Total
16_recode.jl  |  808    808
   Testing CategoricalArrays tests passed 
   Testing Clustering
 Resolving package versions...
    Status `/tmp/jl_YwGKJK/Manifest.toml`
  [b99e7846] BinaryProvider v0.5.8
  [aaaa29a8] Clustering v0.13.3
  [944b1d66] CodecZlib v0.6.0
  [9a962f9c] DataAPI v1.1.0
  [864edb3b] DataStructures v0.17.6
  [b4f34e82] Distances v0.8.2
  [e1d29d7a] Missings v0.4.3
  [b8a86587] NearestNeighbors v0.4.4
  [bac558e1] OrderedCollections v1.1.0
  [a2af1166] SortingAlgorithms v0.3.1
  [90137ffa] StaticArrays v0.12.1
  [2913bbd2] StatsBase v0.32.0
  [3bb67fe8] TranscodingStreams v0.9.5
  [2a0f44e3] Base64  [`@stdlib/Base64`]
  [8ba89e20] Distributed  [`@stdlib/Distributed`]
  [b77e0a4c] InteractiveUtils  [`@stdlib/InteractiveUtils`]
  [8f399da3] Libdl  [`@stdlib/Libdl`]
  [37e2e46d] LinearAlgebra  [`@stdlib/LinearAlgebra`]
  [56ddb016] Logging  [`@stdlib/Logging`]
  [d6f4376e] Markdown  [`@stdlib/Markdown`]
  [de0858da] Printf  [`@stdlib/Printf`]
  [9a3f8284] Random  [`@stdlib/Random`]
  [ea8e919c] SHA  [`@stdlib/SHA`]
  [9e88b42a] Serialization  [`@stdlib/Serialization`]
  [6462fe0b] Sockets  [`@stdlib/Sockets`]
  [2f01184e] SparseArrays  [`@stdlib/SparseArrays`]
  [10745b16] Statistics  [`@stdlib/Statistics`]
  [8dfed614] Test  [`@stdlib/Test`]
  [4ec0a83e] Unicode  [`@stdlib/Unicode`]
Runing tests:
* seeding.jl ...
Test Summary: | Pass  Total
seeding       |   64     64
* kmeans.jl ...
  Iters               objv        objv-change | affected 
-------------------------------------------------------------
      0       1.470563e+00
      1       7.352817e-01      -7.352817e-01 |        0
      2       7.352817e-01       0.000000e+00 |        0
K-means converged with 2 iterations (objv = 0.7352816593329847)
K-means converged with 2 iterations (objv = 0.09164881001248792)
┌ Warning: The clustering cost increased at iteration #1
└ @ Clustering ~/.julia/packages/Clustering/Dlx92/src/kmeans.jl:179
Test Summary:      | Pass  Total
kmeans() (k-means) |   87     87
* kmedoids.jl ...
  Iters               objv        objv-change
-----------------------------------------------------
      0       1.589132e+00
      1       1.623600e+00       3.446832e-02
      2       1.623600e+00       0.000000e+00
K-medoids converged with 2 iterations (objv = 1.6236002870003423)
K-medoids converged with 2 iterations (objv = 1.6236002870003423)
Test Summary:          | Pass  Total
kmedoids() (k-medoids) |   26     26
* affprop.jl ...
  Iters  objv-change | exemplars 
-----------------------------------------------------
      1   1.7243e+00 |        1
      2   1.1599e+00 |        1
      3   1.0111e+00 |        1
      4   8.2884e-01 |        1
      5   6.2996e-01 |        1
      6   4.4970e-01 |        1
      7   3.0568e-01 |        1
      8   1.9999e-01 |        1
      9   1.2694e-01 |        1
     10   7.8624e-02 |        1
Affinity propagation converged with 10 iterations: 1 exemplars.
Affinity propagation converged with 9 iterations: 1 exemplars.
Test Summary:                         | Pass  Total
affinityprop() (affinity propagation) |   78     78
* dbscan.jl ...
Test Summary:                | Pass  Total
dbscan() (DBSCAN clustering) |   19     19
* fuzzycmeans.jl ...
  Iters      center-change
----------------------------
      1       5.244585e-01
      2       1.013155e-01
      3       2.621402e-01
      4       2.313798e-01
      5       3.691017e-02
Fuzzy C-means converged with 5 iterations (δ = 0.036910170483319474)
Fuzzy C-means converged with 6 iterations (δ = 0.052544440650040276)
Test Summary:  | Pass  Total
fuzzy_cmeans() |   36     36
* counts.jl ...
Test Summary:                 | Pass  Total
counts() (contingency matrix) |   22     22
* silhouette.jl ...
Test Summary: | Pass  Broken  Total
silhouettes() |   11       1     12
* varinfo.jl ...
Test Summary:                       | Pass  Total
varinfo() (variational information) |    7      7
* randindex.jl ...
Test Summary:            | Pass  Total
randindex() (Rand index) |   13     13
* hclust.jl ...
Test Summary:                      | Pass  Total
hclust() (hierarchical clustering) | 6665   6665
* mcl.jl ...
[ Info: Starting MCL iterations...
┌ Info: MCL iter. #0: rel.Δ=
└   rel_delta = 0.0
[ Info: MCL converged after 0 iteration(s)
[ Info: Generating MCL clusters...
[ Info: Starting MCL iterations...
[ Info: MCL converged after 0 iteration(s)
[ Info: Generating MCL clusters...
Test Summary: | Pass  Broken  Total
MCL           |   33       1     34
* vmeasure.jl ...
Test Summary: | Pass  Broken  Total
V-measure     |    8       1      9
* mutualinfo.jl ...
Test Summary:                     | Pass  Total
mutualinfo() (mutual information) |    4      4
   Testing Clustering tests passed 
   Testing CSV
 Resolving package versions...
    Status `/tmp/jl_mejN4K/Manifest.toml`
  [4c555306] ArrayLayouts v0.1.5
  [b99e7846] BinaryProvider v0.5.8
  [336ed68f] CSV v0.5.18
  [324d7699] CategoricalArrays v0.7.3
  [944b1d66] CodecZlib v0.6.0
  [34da2185] Compat v2.2.0
  [9a962f9c] DataAPI v1.1.0
  [a93c6f00] DataFrames v0.19.4
  [864edb3b] DataStructures v0.17.6
  [e2d170a0] DataValueInterfaces v1.0.0
  [48062228] FilePathsBase v0.7.0
  [1a297f60] FillArrays v0.8.2
  [41ab1584] InvertedIndices v1.0.0
  [82899510] IteratorInterfaceExtensions v1.0.0
  [682c06a0] JSON v0.21.0
  [5078a376] LazyArrays v0.14.10
  [1914dd2f] MacroTools v0.5.3
  [e1d29d7a] Missings v0.4.3
  [bac558e1] OrderedCollections v1.1.0
  [69de0a69] Parsers v0.3.10
  [2dfb63ee] PooledArrays v0.5.2
  [189a3867] Reexport v0.2.0
  [a2af1166] SortingAlgorithms v0.3.1
  [90137ffa] StaticArrays v0.12.1
  [3783bdb8] TableTraits v1.0.0
  [bd369af6] Tables v0.2.11
  [3bb67fe8] TranscodingStreams v0.9.5
  [ea10d353] WeakRefStrings v0.6.1
  [2a0f44e3] Base64  [`@stdlib/Base64`]
  [ade2ca70] Dates  [`@stdlib/Dates`]
  [8bb1440f] DelimitedFiles  [`@stdlib/DelimitedFiles`]
  [8ba89e20] Distributed  [`@stdlib/Distributed`]
  [9fa8497b] Future  [`@stdlib/Future`]
  [b77e0a4c] InteractiveUtils  [`@stdlib/InteractiveUtils`]
  [76f85450] LibGit2  [`@stdlib/LibGit2`]
  [8f399da3] Libdl  [`@stdlib/Libdl`]
  [37e2e46d] LinearAlgebra  [`@stdlib/LinearAlgebra`]
  [56ddb016] Logging  [`@stdlib/Logging`]
  [d6f4376e] Markdown  [`@stdlib/Markdown`]
  [a63ad114] Mmap  [`@stdlib/Mmap`]
  [44cfe95a] Pkg  [`@stdlib/Pkg`]
  [de0858da] Printf  [`@stdlib/Printf`]
  [3fa0cd96] REPL  [`@stdlib/REPL`]
  [9a3f8284] Random  [`@stdlib/Random`]
  [ea8e919c] SHA  [`@stdlib/SHA`]
  [9e88b42a] Serialization  [`@stdlib/Serialization`]
  [1a1011a3] SharedArrays  [`@stdlib/SharedArrays`]
  [6462fe0b] Sockets  [`@stdlib/Sockets`]
  [2f01184e] SparseArrays  [`@stdlib/SparseArrays`]
  [10745b16] Statistics  [`@stdlib/Statistics`]
  [8dfed614] Test  [`@stdlib/Test`]
  [cf7118a7] UUIDs  [`@stdlib/UUIDs`]
  [4ec0a83e] Unicode  [`@stdlib/Unicode`]
thread = 1 warning: only found 7 / 8 columns on data row: 1. Filling remaining columns with `missing`
thread = 1 warning: error parsing Int64 on row = 1, col = 1: "abc
", error=INVALID: SENTINEL | NEWLINE | EOF | INVALID_DELIMITER 
testing test_utf8_with_BOM.csv
testing test_utf8.csv
testing test_windows.csv
testing test_single_column.csv
testing test_empty_file.csv
testing test_empty_file_newlines.csv
testing test_simple_quoted.csv
testing test_quoted_delim_and_newline.csv
testing test_quoted_numbers.csv
testing test_crlf_line_endings.csv
testing test_newline_line_endings.csv
testing test_mac_line_endings.csv
testing test_no_header.csv
testing test_2_footer_rows.csv
testing test_footer_missing.csv
testing test_footer_missing.csv
testing test_dates.csv
testing test_excel_date_formats.csv
testing test_datetimes.csv
testing test_missing_value_NULL.csv
testing test_missing_value_NULL.csv
testing test_missing_value.csv
testing test_header_range.csv
testing test_header_int_list.csv
testing test_basic.csv
testing test_basic_pipe.csv
testing test_tab_null_empty.txt
testing test_tab_null_string.txt
testing IOBuffer(data=UInt8[...], readable=true, writable=false, seekable=true, append=false, size=5, maxsize=Inf, ptr=1, mark=-1)
testing IOBuffer(data=UInt8[...], readable=true, writable=false, seekable=true, append=false, size=0, maxsize=Inf, ptr=1, mark=-1)
testing dash_as_null.csv
testing plus_as_null.csv
testing comma_decimal.csv
testing double_quote_quotechar_and_escapechar.csv
testing census.txt
testing bools.csv
testing attenu.csv
testing test_null_only_column.csv
testing IOBuffer(data=UInt8[...], readable=true, writable=false, seekable=true, append=false, size=20, maxsize=Inf, ptr=1, mark=-1)
testing categorical.csv
testing categorical.csv
testing categorical.csv
testing categorical.csv
testing baseball.csv
testing FL_insurance_sample.csv
testing FL_insurance_sample.csv
testing SacramentocrimeJanuary2006.csv
testing Sacramentorealestatetransactions.csv
testing SalesJan2009.csv
testing stocks.csv
testing TechCrunchcontinentalUSA.csv
testing Fielding.csv
testing latest (1).csv
testing IOBuffer(data=UInt8[...], readable=true, writable=false, seekable=true, append=false, size=16, maxsize=Inf, ptr=1, mark=-1)
testing issue_198.csv
testing issue_198_part2.csv
thread = 1 warning: parsed expected 3 columns, but didn't reach end of line on data row: 2. Ignoring any extra columns on this row
thread = 1 warning: parsed expected 3 columns, but didn't reach end of line on data row: 3. Ignoring any extra columns on this row
thread = 1 warning: parsed expected 3 columns, but didn't reach end of line on data row: 2. Ignoring any extra columns on this row
thread = 1 warning: parsed expected 3 columns, but didn't reach end of line on data row: 3. Ignoring any extra columns on this row
testing issue_207.csv
thread = 1 warning: only found 5 / 6 columns on data row: 2. Filling remaining columns with `missing`
thread = 1 warning: only found 5 / 6 columns on data row: 2. Filling remaining columns with `missing`
testing issue_120.csv
testing pandas_zeros.csv
testing transposed.csv
testing transposed_1row.csv
testing transposed_emtpy.csv
testing transposed_extra_newline.csv
testing transposed_noheader.csv
testing transposed_noheader.csv
testing test_utf8.csv
testing test_utf8.csv
testing test_multiple_missing.csv
testing test_openclosequotes.csv
testing test_truestrings.csv
testing test_truestrings.csv
testing test_string_delimiters.csv
testing IOBuffer(data=UInt8[...], readable=true, writable=false, seekable=true, append=false, size=20, maxsize=Inf, ptr=1, mark=-1)
testing test_basic.csv
testing test_basic.csv
testing test_truestrings.csv
testing test_repeated_delimiters.csv
testing test_comments1.csv
testing test_comments_multiple.csv
testing test_comments_multichar.csv
testing test_not_enough_columns.csv
thread = 1 warning: only found 3 / 5 columns on data row: 1. Filling remaining columns with `missing`
thread = 1 warning: only found 3 / 5 columns on data row: 2. Filling remaining columns with `missing`
thread = 1 warning: only found 3 / 5 columns on data row: 1. Filling remaining columns with `missing`
thread = 1 warning: only found 3 / 5 columns on data row: 2. Filling remaining columns with `missing`
testing test_not_enough_columns2.csv
thread = 1 warning: only found 3 / 5 columns on data row: 2. Filling remaining columns with `missing`
thread = 1 warning: only found 3 / 5 columns on data row: 2. Filling remaining columns with `missing`
testing test_correct_trailing_missings.csv
thread = 1 warning: only found 4 / 5 columns on data row: 2. Filling remaining columns with `missing`
thread = 1 warning: only found 4 / 5 columns on data row: 2. Filling remaining columns with `missing`
testing norwegian_data.csv
testing test_duplicate_columnnames.csv
testing test_bad_datetime.csv
testing test_types.csv
thread = 1 warning: only found 7 / 8 columns on data row: 1. Filling remaining columns with `missing`
thread = 1 warning: only found 7 / 8 columns on data row: 1. Filling remaining columns with `missing`
testing test_issue_326.wsv
testing test_missing_last_field.csv
thread = 1 warning: only found 2 / 3 columns on data row: 2. Filling remaining columns with `missing`
thread = 1 warning: only found 2 / 3 columns on data row: 2. Filling remaining columns with `missing`
testing test_delim.tsv
testing test_delim.wsv
testing test_comment_first_row.csv
testing test_comment_first_row.csv
testing test_repeated_delim_371.csv
testing test_file_issue_154.csv
testing IOBuffer(data=UInt8[...], readable=true, writable=false, seekable=true, append=false, size=16, maxsize=Inf, ptr=1, mark=-1)
thread = 1 warning: only found 2 / 3 columns on data row: 2. Filling remaining columns with `missing`
thread = 1 warning: only found 2 / 3 columns on data row: 2. Filling remaining columns with `missing`
testing IOBuffer(data=UInt8[...], readable=true, writable=false, seekable=true, append=false, size=19, maxsize=Inf, ptr=1, mark=-1)
thread = 1 warning: only found 1 / 3 columns on data row: 1. Filling remaining columns with `missing`
thread = 1 warning: only found 1 / 3 columns on data row: 2. Filling remaining columns with `missing`
thread = 1 warning: only found 1 / 3 columns on data row: 1. Filling remaining columns with `missing`
thread = 1 warning: only found 1 / 3 columns on data row: 2. Filling remaining columns with `missing`
testing IOBuffer(data=UInt8[...], readable=true, writable=false, seekable=true, append=false, size=19, maxsize=Inf, ptr=1, mark=-1)
thread = 1 warning: only found 1 / 3 columns on data row: 1. Filling remaining columns with `missing`
thread = 1 warning: only found 1 / 3 columns on data row: 2. Filling remaining columns with `missing`
thread = 1 warning: only found 1 / 3 columns on data row: 1. Filling remaining columns with `missing`
thread = 1 warning: only found 1 / 3 columns on data row: 2. Filling remaining columns with `missing`
testing IOBuffer(data=UInt8[...], readable=true, writable=false, seekable=true, append=false, size=43, maxsize=Inf, ptr=1, mark=-1)
thread = 1 warning: parsed expected 5 columns, but didn't reach end of line on data row: 1. Ignoring any extra columns on this row
thread = 1 warning: parsed expected 5 columns, but didn't reach end of line on data row: 2. Ignoring any extra columns on this row
thread = 1 warning: parsed expected 5 columns, but didn't reach end of line on data row: 3. Ignoring any extra columns on this row
thread = 1 warning: parsed expected 5 columns, but didn't reach end of line on data row: 1. Ignoring any extra columns on this row
thread = 1 warning: parsed expected 5 columns, but didn't reach end of line on data row: 2. Ignoring any extra columns on this row
thread = 1 warning: parsed expected 5 columns, but didn't reach end of line on data row: 3. Ignoring any extra columns on this row
testing IOBuffer(data=UInt8[...], readable=true, writable=false, seekable=true, append=false, size=17, maxsize=Inf, ptr=1, mark=-1)
testing heat_flux.dat
testing log001_vehicle_status_flags_0.txt
testing fecal_samples.csv
header is: 1, datarow computed as: 2
headerpos = 4, datapos = 481
estimated rows: 756
detected delimiter: ","
column names detected: Symbol[:SampleID, :Mother_Child, :SubjectID, :MaternalID, :TimePoint, :Fecal_EtOH, :CollectionRep, :DOC, :RAInitials_DOC, :DOF, :RAInitials_DOF, :Date_Brought_In, :RAInitials_Brought, :Date_Shipped, :RAInitials_Shipped, :Date_Aliquoted, :Number_Replicates, :RAInitials_Aliquot, :StorageBox, :DOE, :Extract_number, :AliquotRep, :DNABox, :KitUsed, :RAInitials_Extract, :DNAConc, :DOM, :Mgx_processed, :Mgx_batch, :DO16S, :_16S_processed, :_16S_batch, :_16S_plate, :Notes, :Discrepancies, :Batch_1_Mapping, :Mgx_batch_Mapping, :_16S_batch_Mapping, :Mother_Child_Dyads]
byte position of data computed at: 481
thread = 1 warning: only found 38 / 39 columns on data row: 1079. Filling remaining columns with `missing`
header is: 1, datarow computed as: 2
headerpos = 4, datapos = 481
estimated rows: 756
detected delimiter: ","
column names detected: Symbol[:SampleID, :Mother_Child, :SubjectID, :MaternalID, :TimePoint, :Fecal_EtOH, :CollectionRep, :DOC, :RAInitials_DOC, :DOF, :RAInitials_DOF, :Date_Brought_In, :RAInitials_Brought, :Date_Shipped, :RAInitials_Shipped, :Date_Aliquoted, :Number_Replicates, :RAInitials_Aliquot, :StorageBox, :DOE, :Extract_number, :AliquotRep, :DNABox, :KitUsed, :RAInitials_Extract, :DNAConc, :DOM, :Mgx_processed, :Mgx_batch, :DO16S, :_16S_processed, :_16S_batch, :_16S_plate, :Notes, :Discrepancies, :Batch_1_Mapping, :Mgx_batch_Mapping, :_16S_batch_Mapping, :Mother_Child_Dyads]
byte position of data computed at: 481
computed typecodes are: Int8[0, 0, 0, 0, 0, 0, 0, 0, 0, 0, 0, 0, 0, 0, 0, 0, 0, 0, 0, 0, 0, 0, 0, 0, 0, 0, 0, 0, 0, 0, 0, 0, 0, 0, 0, 0, 0, 0, 0]
thread = 1 warning: didn't pre-allocate enough tape while parsing on row 756, re-allocating from 756 to 1023...
thread = 1 warning: didn't pre-allocate enough tape while parsing on row 1023, re-allocating from 1023 to 1083...
thread = 1 warning: only found 38 / 39 columns on data row: 1079. Filling remaining columns with `missing`
time for initial parsing to tape: 0.010848045349121094
types after parsing: Type[String, PooledString, Int64, String, Int64, PooledString, Int64, Date, Union{Missing, PooledString}, Union{Missing, Date}, Union{Missing, PooledString}, Union{Missing, Date}, Union{Missing, PooledString}, Union{Missing, Date}, Union{Missing, PooledString}, Union{Missing, Date}, Union{Missing, PooledString}, Union{Missing, PooledString}, Union{Missing, PooledString}, Union{Missing, Date}, Union{Missing, PooledString}, Union{Missing, PooledString}, Union{Missing, PooledString}, Union{Missing, PooledString}, Union{Missing, PooledString}, Union{Missing, Float64}, Union{Missing, Date}, Union{Missing, PooledString}, Union{Missing, PooledString}, Union{Missing, Date}, Union{Missing, PooledString}, Union{Missing, PooledString}, Union{Missing, PooledString}, Union{Missing, PooledString}, Union{Missing, PooledString}, Union{Missing, String}, Union{Missing, PooledString}, Union{Missing, PooledString}, Union{Missing, Int64}], pool = 0.1
testing time.csv
testing escaped_pooled.csv
testing error_comment.txt
testing test_508.csv
testing test_basic.csv
thread = 1 warning: only found 3 / 5 columns on data row: 1. Filling remaining columns with `missing`
thread = 1 warning: only found 3 / 5 columns on data row: 2. Filling remaining columns with `missing`
thread = 1 warning: only found 4 / 5 columns on data row: 2. Filling remaining columns with `missing`
CSV.Rows("<Base.GenericIOBuffer{Array{UInt8,1}}>"):
Size: 1
Tables.Schema:
 :X  Union{Missing, String}thread = 1 warning: only found 1 / 3 columns on data row: 1. Filling remaining columns with `missing`
thread = 1 warning: only found 2 / 3 columns on data row: 2. Filling remaining columns with `missing`
thread = 1 warning: parsed expected 3 columns, but didn't reach end of line on data row: 2. Ignoring any extra columns on this row
Test Summary: | Pass  Total
CSV           | 1197   1197
   Testing CSV tests passed 
   Testing DataFrames
 Resolving package versions...
 Installed LaTeXStrings ─ v1.0.3
 Installed DataValues ─── v0.4.12
    Status `/tmp/jl_SutLk4/Manifest.toml`
  [324d7699] CategoricalArrays v0.7.3
  [34da2185] Compat v2.2.0
  [9a962f9c] DataAPI v1.1.0
  [a93c6f00] DataFrames v0.19.4
  [864edb3b] DataStructures v0.17.6
  [e2d170a0] DataValueInterfaces v1.0.0
  [e7dc6d0d] DataValues v0.4.12
  [41ab1584] InvertedIndices v1.0.0
  [82899510] IteratorInterfaceExtensions v1.0.0
  [682c06a0] JSON v0.21.0
  [b964fa9f] LaTeXStrings v1.0.3
  [e1d29d7a] Missings v0.4.3
  [bac558e1] OrderedCollections v1.1.0
  [69de0a69] Parsers v0.3.10
  [2dfb63ee] PooledArrays v0.5.2
  [189a3867] Reexport v0.2.0
  [a2af1166] SortingAlgorithms v0.3.1
  [3783bdb8] TableTraits v1.0.0
  [bd369af6] Tables v0.2.11
  [2a0f44e3] Base64  [`@stdlib/Base64`]
  [ade2ca70] Dates  [`@stdlib/Dates`]
  [8bb1440f] DelimitedFiles  [`@stdlib/DelimitedFiles`]
  [8ba89e20] Distributed  [`@stdlib/Distributed`]
  [9fa8497b] Future  [`@stdlib/Future`]
  [b77e0a4c] InteractiveUtils  [`@stdlib/InteractiveUtils`]
  [76f85450] LibGit2  [`@stdlib/LibGit2`]
  [8f399da3] Libdl  [`@stdlib/Libdl`]
  [37e2e46d] LinearAlgebra  [`@stdlib/LinearAlgebra`]
  [56ddb016] Logging  [`@stdlib/Logging`]
  [d6f4376e] Markdown  [`@stdlib/Markdown`]
  [a63ad114] Mmap  [`@stdlib/Mmap`]
  [44cfe95a] Pkg  [`@stdlib/Pkg`]
  [de0858da] Printf  [`@stdlib/Printf`]
  [3fa0cd96] REPL  [`@stdlib/REPL`]
  [9a3f8284] Random  [`@stdlib/Random`]
  [ea8e919c] SHA  [`@stdlib/SHA`]
  [9e88b42a] Serialization  [`@stdlib/Serialization`]
  [1a1011a3] SharedArrays  [`@stdlib/SharedArrays`]
  [6462fe0b] Sockets  [`@stdlib/Sockets`]
  [2f01184e] SparseArrays  [`@stdlib/SparseArrays`]
  [10745b16] Statistics  [`@stdlib/Statistics`]
  [8dfed614] Test  [`@stdlib/Test`]
  [cf7118a7] UUIDs  [`@stdlib/UUIDs`]
  [4ec0a83e] Unicode  [`@stdlib/Unicode`]
Running tests:
Test Summary: | Pass  Total
make_unique   |    3      3
Test Summary: | Pass  Total
count         |    2      2
Test Summary: | Pass  Total
inner_outer   |    2      2
	[1m[32mPASSED[0m: utils.jl
Test Summary: | Pass  Total
hcat          |   10     10
Test Summary: | Pass  Total
hcat: copying |   26     26
Test Summary:            | Pass  Total
hcat ::AbstractDataFrame |    2      2
Test Summary:            | Pass  Total
hcat ::AbstractDataFrame |    2      2
Test Summary:          | Pass  Total
hcat ::AbstractVectors |   11     11
Test Summary:  | Pass  Total
hcat: copycols |   76     76
Test Summary: | Pass  Total
vcat          |   21     21
Test Summary: | Pass  Total
vcat copy     |    2      2
Test Summary: | Pass  Total
vcat >2 args  |    4      4
Test Summary:       | Pass  Total
vcat mixed coltypes |   18     18
Test Summary:     | Pass  Total
vcat out of order |   20     20
Test Summary:         | Pass  Total
vcat with cols=:union |    6      6
Test Summary:             | Pass  Total
vcat with cols=:intersect |    6      6
Test Summary:          | Pass  Total
vcat with cols::Vector |   15     15
Test Summary: | Pass  Total
vcat errors   |   32     32
Test Summary:  | Pass  Total
vcat with view |    1      1
	[1m[32mPASSED[0m: cat.jl
Test Summary: | Pass  Total
constructors  |   57     57
Test Summary:                 | Pass  Total
completecases and dropmissing |  209    209
Test Summary: | Pass  Total
merge         |   17     17
	[1m[32mPASSED[0m: data.jl
Test Summary:     | Pass  Total
selector mutation |   12     12
Test Summary:                    | Pass  Total
fuzzy matching and ArgumentError |    8      8
Test Summary:  | Pass  Total
Regex indexing |   36     36
Test Summary: | Pass  Total
Not indexing  |   36     36
Test Summary:    | Pass  Total
Between indexing |   20     20
Test Summary: | Pass  Total
All indexing  |   25     25
	[1m[32mPASSED[0m: index.jl
Test Summary: | Pass  Total
equality      |    9      9
Test Summary: | Pass  Total
copying       |    6      6
Test Summary:      | Pass  Total
similar / missings |    2      2
Test Summary: | Pass  Total
hasproperty   |    5      5
Test Summary: | Pass  Total
insertcols!   |   24     24
Test Summary:          | Pass  Total
DataFrame constructors |   19     19
┌ Error: Error adding value to column :first.
└ @ DataFrames ~/.julia/packages/DataFrames/yH0f6/src/dataframe/dataframe.jl:1301
┌ Error: Error adding value to column :first.
└ @ DataFrames ~/.julia/packages/DataFrames/yH0f6/src/dataframe/dataframe.jl:1301
┌ Error: Error adding value to column :second.
└ @ DataFrames ~/.julia/packages/DataFrames/yH0f6/src/dataframe/dataframe.jl:1301
┌ Error: Error adding value to column :second.
└ @ DataFrames ~/.julia/packages/DataFrames/yH0f6/src/dataframe/dataframe.jl:1187
┌ Error: Error adding value to column :second.
└ @ DataFrames ~/.julia/packages/DataFrames/yH0f6/src/dataframe/dataframe.jl:1187
┌ Error: Error adding value to column :first.
└ @ DataFrames ~/.julia/packages/DataFrames/yH0f6/src/dataframe/dataframe.jl:1187
┌ Error: Error adding value to column :first.
└ @ DataFrames ~/.julia/packages/DataFrames/yH0f6/src/dataframe/dataframe.jl:1187
┌ Error: Error adding value to column :second.
└ @ DataFrames ~/.julia/packages/DataFrames/yH0f6/src/dataframe/dataframe.jl:1187
┌ Error: Error adding value to column :y.
└ @ DataFrames ~/.julia/packages/DataFrames/yH0f6/src/dataframe/dataframe.jl:1187
┌ Error: Error adding value to column :a.
└ @ DataFrames ~/.julia/packages/DataFrames/yH0f6/src/dataframe/dataframe.jl:1301
┌ Error: Error adding value to column :a.
└ @ DataFrames ~/.julia/packages/DataFrames/yH0f6/src/dataframe/dataframe.jl:1187
┌ Error: Error adding value to column :a.
└ @ DataFrames ~/.julia/packages/DataFrames/yH0f6/src/dataframe/dataframe.jl:1187
┌ Error: Error adding value to column :a.
└ @ DataFrames ~/.julia/packages/DataFrames/yH0f6/src/dataframe/dataframe.jl:1301
┌ Error: Error adding value to column :a.
└ @ DataFrames ~/.julia/packages/DataFrames/yH0f6/src/dataframe/dataframe.jl:1187
┌ Error: Error adding value to column :a.
└ @ DataFrames ~/.julia/packages/DataFrames/yH0f6/src/dataframe/dataframe.jl:1187
Test Summary:  | Pass  Total
push!(df, row) |   51     51
Test Summary: | Pass  Total
select! Not   |   13     13
Test Summary: | Pass  Total
select Not    |   64     64
Test Summary:   | Pass  Total
select Not view |   76     76
Test Summary: | Pass  Total
select!       |   35     35
Test Summary: | Pass  Total
select        |   66     66
Test Summary: | Pass  Total
select view   |   78     78
Test Summary: | Pass  Total
deleterows!   |   40     40
Test Summary: | Pass  Total
describe      |    6      6
┌ Error: Error adding value to column B.
└ @ DataFrames ~/.julia/packages/DataFrames/yH0f6/src/dataframe/dataframe.jl:1144
┌ Error: Error adding value to column B.
└ @ DataFrames ~/.julia/packages/DataFrames/yH0f6/src/dataframe/dataframe.jl:1144
┌ Error: Error adding value to column a.
└ @ DataFrames ~/.julia/packages/DataFrames/yH0f6/src/dataframe/dataframe.jl:1144
┌ Error: Error adding value to column a.
└ @ DataFrames ~/.julia/packages/DataFrames/yH0f6/src/dataframe/dataframe.jl:1144
Test Summary: | Pass  Total
append!       |   18     18
Test Summary:     | Pass  Total
test categorical! |   14     14
Test Summary: | Pass  Total
categorical!  |   11     11
Test Summary: | Pass  Total
rename        |   20     20
Test Summary: | Pass  Total
size          |    5      5
Test Summary: | Pass  Total
description   |    8      8
Test Summary:      | Pass  Total
column conversions |   69     69
Test Summary:        | Pass  Total
test disallowmissing |  314    314
Test Summary:     | Pass  Total
test allowmissing |  312    312
Test Summary:    | Pass  Total
test categorical |  432    432
Test Summary: | Pass  Total
similar       |    8      8
Test Summary:                | Pass  Total
passing range to a DataFrame |    1      1
Test Summary:                | Pass  Total
test getindex using ! syntax |   15     15
Test Summary:                | Pass  Total
test corner case of getindex |    2      2
Test Summary:             | Pass  Total
empty data frame getindex |    9      9
Test Summary:               | Pass  Total
handling of end in indexing |   22     22
Test Summary:        | Pass  Total
aliasing in indexing |    5      5
Test Summary: | Pass  Total
permutecols!  |   21     21
Test Summary:                               | Pass  Total
getproperty, setproperty! and propertynames |   10     10
Test Summary:          | Pass  Total
duplicate column names |    1      1
Test Summary:         | Pass  Total
parent, size and axes |   11     11
Test Summary:                | Pass  Total
0-row DataFrame corner cases |    4      4
Test Summary:         |
And and Between tests | No tests
	[1m[32mPASSED[0m: dataframe.jl
Test Summary:         | Pass  Total
the output of unstack |   27     27
Test Summary:                               | Pass  Total
unstack promotion to support missing values |    8      8
┌ Warning: Duplicate entries in unstack at row 3 for key 1 and variable a.
└ @ DataFrames ~/.julia/packages/DataFrames/yH0f6/src/abstractdataframe/reshape.jl:251
┌ Warning: Duplicate entries in unstack at row 3 for key (1, 1) and variable a.
└ @ DataFrames ~/.julia/packages/DataFrames/yH0f6/src/abstractdataframe/reshape.jl:331
Test Summary:                         | Pass  Total
duplicate entries in unstack warnings |    9      9
┌ Warning: Missing value in variable variable at row 3. Skipping.
└ @ DataFrames ~/.julia/packages/DataFrames/yH0f6/src/abstractdataframe/reshape.jl:231
┌ Warning: Missing value in variable variable at row 3. Skipping.
└ @ DataFrames ~/.julia/packages/DataFrames/yH0f6/src/abstractdataframe/reshape.jl:323
Test Summary:            | Pass  Total
missing values in colkey |    6      6
Test Summary:             | Pass  Total
stack-unstack correctness |    4      4
Test Summary: | Pass  Total
reshape       |   69     69
Test Summary:           | Pass  Total
column names duplicates |    5      5
	[1m[32mPASSED[0m: reshape.jl
Test Summary: | Pass  Total
constructors  |   28     28
Test Summary:          | Pass  Total
getindex and setindex! |   53     53
Test Summary: | Pass  Total
equality      |   17     17
Test Summary: | Pass  Total
isless        |   13     13
Test Summary: | Pass  Total
hashing       |    6      6
Test Summary: | Pass  Total
grouping      |    6      6
Test Summary:                               | Pass  Total
getproperty, setproperty! and propertynames |    6      6
Test Summary:                    | Pass  Total
keys, values and iteration, size |   31     31
Test Summary:    | Pass  Total
convert and copy |    6      6
Test Summary:            | Pass  Total
parent and parentindices |   34     34
Test Summary:         | Pass  Total
iteration and collect |   10     10
Test Summary:    | Pass  Total
duplicate column |   12     12
Test Summary:        | Pass  Total
conversion and push! |   15     15
Test Summary: | Pass  Total
show          |    7      7
	[1m[32mPASSED[0m: dataframerow.jl
Test Summary: | Pass  Total
LaTeX export  |    4      4
Test Summary:     | Pass  Total
Huge LaTeX export |    2      2
Test Summary: | Pass  Total
HTML output   |   11     11
Test Summary:   | Pass  Total
limit attribute |    2      2
Test Summary: | Pass  Total
printtable    |    1      1
Test Summary:  | Pass  Total
csv/tsv output |    6      6
Test Summary:                     | Pass  Total
empty data frame and DataFrameRow |   12     12
Test Summary: | Pass  Total
consistency   |    8      8
	[1m[32mPASSED[0m: io.jl
Test Summary: | Pass  Total
constructors  |   42     42
Test Summary:                          | Pass  Total
DataFrame keyword argument constructor |   22     22
Test Summary:         | Pass  Total
DataFrame constructor |   21     21
Test Summary:    | Pass  Total
pair constructor |   11     11
Test Summary: | Pass  Total
associative   |    9      9
Test Summary:       | Pass  Total
vector constructors |   58     58
Test Summary: | Pass  Total
recyclers     |    2      2
Test Summary:      | Pass  Total
constructor errors |   11     11
Test Summary: | Pass  Total
column types  |    3      3
Test Summary:      | Pass  Total
Matrix constructor |    4      4
Test Summary:          | Pass  Total
constructor with types |   19     19
	[1m[32mPASSED[0m: constructors.jl
Test Summary:    | Pass  Total
Conversion tests |   44     44
	[1m[32mPASSED[0m: conversions.jl
	[1m[32mPASSED[0m: sort.jl
Test Summary: | Pass  Total
parent        |    2      2
Test Summary: | Pass  Total
consistency   |    2      2
Test Summary:    | Pass  Total
accepted columns |    2      2
Test Summary:                                       | Pass  Total
by, groupby and map(::Function, ::GroupedDataFrame) |  915    915
Test Summary:          | Pass  Total
grouping with missings |  980    980
Test Summary:            | Pass  Total
grouping with three keys | 1426   1426
Test Summary:                           | Pass  Total
by, combine and map with pair interface |  374    374
Test Summary:                      | Pass  Total
combine with aggregation functions |  253    253
Test Summary:                      | Pass  Total
combine with aggregation functions |  253    253
Test Summary:                      | Pass  Total
combine with aggregation functions |  253    253
Test Summary:                      | Pass  Total
combine with aggregation functions |  253    253
Test Summary:      | Pass  Total
iteration protocol |    2      2
Test Summary: | Pass  Total
getindex      |   29     29
Test Summary:  | Pass  Total
== and isequal |   12     12
Test Summary: | Pass  Total
show          |   10     10
Test Summary: | Pass  Total
DataFrame     |   20     20
Test Summary:              | Pass  Total
groupindices and groupvars |    8      8
	[1m[32mPASSED[0m: grouping.jl
Test Summary: | Pass  Total
join types    |   20     20
Test Summary:       | Pass  Total
Test empty inputs 1 |   21     21
Test Summary:       | Pass  Total
Test empty inputs 2 |   21     21
Test Summary: | Pass  Total
issue #960    |    3      3
Test Summary: | Pass  Total
all joins     |   30     30
Test Summary:                    | Pass  Total
all joins with CategoricalArrays |   32     32
Test Summary:                                                     | Pass  Total
maintain CategoricalArray levels ordering on join - non-`on` cols |    6      6
Test Summary:                                                          | Pass  Total
maintain CategoricalArray levels ordering on join - ordering conflicts |   10     10
Test Summary:                                                           | Pass  Total
maintain CategoricalArray levels ordering on join - left is categorical |   12     12
Test Summary:                                   | Pass  Total
join on columns with different left/right names |   18     18
Test Summary:                  | Pass  Total
join with a column of type Any |   16     16
Test Summary:                                       | Pass  Total
joins with categorical columns and no matching rows |   24     24
Test Summary:     | Pass  Total
indicator columns |    4      4
Test Summary:                       | Pass  Total
test checks of merge key uniqueness |   18     18
Test Summary: | Pass  Total
consistency   |    3      3
	[1m[32mPASSED[0m: join.jl
Test Summary: | Pass  Total
SubDataFrame  |    7      7
Test Summary:   | Pass  Total
parent mutation |    4      4
Test Summary:                 | Pass  Total
getproperty and propertynames |   33     33
	[1m[32mPASSED[0m: iteration.jl
Test Summary: | Pass  Total
nonunique     |   18     18
	[1m[32mPASSED[0m: duplicates.jl
Test Summary:                            | Pass  Total
Basic show test with allrows and allcols |    9      9
Test Summary:    | Pass  Total
displaysize test |    4      4
Test Summary:             | Pass  Total
IOContext parameters test |    2      2
Test Summary:          | Pass  Total
SubDataFrame show test |    1      1
Test Summary:                                 | Pass  Total
Test showing StackedVector and RepeatedVector |    3      3
Test Summary:                                            | Pass  Total
Test colors and non-standard values: missing and nothing |    3      3
Test Summary:                  | Pass  Total
Test correct width computation |    1      1
Test Summary:                                                              | Pass  Total
Test showing special types: strings with escapes, categorical and BigFloat |    3      3
Test Summary:                              | Pass  Total
Test using :compact parameter of IOContext |    2      2
Test Summary:                              | Pass  Total
Test of DataFrameRows and DataFrameColumns |    6      6
Test Summary:                          | Pass  Total
Test empty data frame and DataFrameRow |    3      3
Test Summary: | Pass  Total
consistency   |    2      2
	[1m[32mPASSED[0m: show.jl
Test Summary:       | Pass  Total
copy - SubDataFrame |    5      5
Test Summary:     | Pass  Total
view -- DataFrame |   77     77
Test Summary:        | Pass  Total
view -- SubDataFrame |   62     62
Test Summary:                               | Pass  Total
getproperty, setproperty! and propertynames |    8      8
Test Summary: | Pass  Total
index         |   10     10
Test Summary: | Pass  Total
deleterows!   |    1      1
Test Summary: | Pass  Total
parent        |    6      6
Test Summary:    | Pass  Total
duplicate column |    6      6
Test Summary:           | Pass  Total
conversion to DataFrame |   12     12
	[1m[32mPASSED[0m: subdataframe.jl
Test Summary: | Pass  Total
Tables        |   45     45
Test Summary: | Pass  Total
DataFrame!    |    9      9
Test Summary: | Pass  Total
columnindex   |    4      4
	[1m[32mPASSED[0m: tables.jl
Test Summary: | Pass  Total
TableTraits   |   10     10
	[1m[32mPASSED[0m: tabletraits.jl
Test Summary:      | Pass  Total
getindex DataFrame |   89     89
Test Summary:       | Pass  Total
getindex df[!, col] |   13     13
Test Summary:  | Pass  Total
view DataFrame |  129    129
Test Summary:         | Pass  Total
getindex SubDataFrame |  133    133
Test Summary:     | Pass  Total
view SubDataFrame |  128    128
Test Summary:         | Pass  Total
getindex DataFrameRow |   16     16
Test Summary:     | Pass  Total
view DataFrameRow |   17     17
Test Summary:                             | Pass  Total
additional tests of post-! getindex rules |  179    179
┌ Warning: in the future column names in source and target will have to match
│   caller = top-level scope at indexing.jl:879
└ @ Core ~/.julia/packages/DataFrames/yH0f6/test/indexing.jl:879
┌ Warning: implicit vector broadcasting in setindex! is deprecated
│   caller = setindex!(::DataFrame, ::DataFrame, ::UnitRange{Int64}, ::UnitRange{Int64}) at deprecated.jl:1603
└ @ DataFrames ~/.julia/packages/DataFrames/yH0f6/src/deprecated.jl:1603
Test Summary:          | Pass  Total
setindex! on DataFrame |   43     43
┌ Warning: in the future column names in source and target will have to match
│   caller = setindex!(::SubDataFrame{DataFrame,DataFrames.Index,Base.OneTo{Int64}}, ::DataFrame, ::UnitRange{Int64}, ::UnitRange{Int64}) at subdataframe.jl:152
└ @ DataFrames ~/.julia/packages/DataFrames/yH0f6/src/subdataframe/subdataframe.jl:152
┌ Warning: in the future column names in source and target will have to match
│   caller = setindex!(::SubDataFrame{DataFrame,DataFrames.SubIndex{DataFrames.Index,UnitRange{Int64},UnitRange{Int64}},Base.OneTo{Int64}}, ::DataFrame, ::UnitRange{Int64}, ::UnitRange{Int64}) at subdataframe.jl:152
└ @ DataFrames ~/.julia/packages/DataFrames/yH0f6/src/subdataframe/subdataframe.jl:152
┌ Warning: in the future column names in source and target will have to match
│   caller = setindex!(::SubDataFrame{DataFrame,DataFrames.Index,UnitRange{Int64}}, ::DataFrame, ::UnitRange{Int64}, ::UnitRange{Int64}) at subdataframe.jl:152
└ @ DataFrames ~/.julia/packages/DataFrames/yH0f6/src/subdataframe/subdataframe.jl:152
┌ Warning: in the future column names in source and target will have to match
│   caller = setindex!(::SubDataFrame{DataFrame,DataFrames.SubIndex{DataFrames.Index,UnitRange{Int64},UnitRange{Int64}},UnitRange{Int64}}, ::DataFrame, ::UnitRange{Int64}, ::UnitRange{Int64}) at subdataframe.jl:152
└ @ DataFrames ~/.julia/packages/DataFrames/yH0f6/src/subdataframe/subdataframe.jl:152
Test Summary:             | Pass  Total
setindex! on SubDataFrame |  124    124
Test Summary:             | Pass  Total
setindex! on DataFrameRow |   28     28
	[1m[32mPASSED[0m: indexing.jl
Test Summary:  | Pass  Total
CartesianIndex |   24     24
Test Summary:                             | Pass  Total
broadcasting of AbstractDataFrame objects |   28     28
Test Summary:                                    | Pass  Total
broadcasting of AbstractDataFrame objects errors |   10     10
Test Summary:          | Pass  Total
broadcasting expansion |    5      5
Test Summary:                                          | Pass  Total
broadcasting of AbstractDataFrame objects corner cases |   34     34
Test Summary:                                                               | Pass  Total
normal data frame and data frame row in broadcasted assignment - one column |   79     79
Test Summary:                                                                 | Pass  Total
normal data frame and data frame view in broadcasted assignment - two columns |   72     72
Test Summary:                                       | Pass  Total
assignment to a whole data frame and data frame row |    8      8
Test Summary:                                               | Pass  Total
extending data frame in broadcasted assignment - one column |   20     20
Test Summary:                | Pass  Total
empty data frame corner case |   99     99
test categorical values: Test Failed at /root/.julia/packages/DataFrames/yH0f6/test/broadcasting.jl:720
  Expression: length(levels(df.c5)) == 1
   Evaluated: 3 == 1
Stacktrace:
 [1] top-level scope at /root/.julia/packages/DataFrames/yH0f6/test/broadcasting.jl:720
 [2] top-level scope at /workspace/srcdir/julia/usr/share/julia/stdlib/v1.3/Test/src/Test.jl:1107
 [3] top-level scope at /root/.julia/packages/DataFrames/yH0f6/test/broadcasting.jl:690
test categorical values: Test Failed at /root/.julia/packages/DataFrames/yH0f6/test/broadcasting.jl:720
  Expression: length(levels(df.c5)) == 1
   Evaluated: 2 == 1
Stacktrace:
 [1] top-level scope at /root/.julia/packages/DataFrames/yH0f6/test/broadcasting.jl:720
 [2] top-level scope at /workspace/srcdir/julia/usr/share/julia/stdlib/v1.3/Test/src/Test.jl:1107
 [3] top-level scope at /root/.julia/packages/DataFrames/yH0f6/test/broadcasting.jl:690
test categorical values: Test Failed at /root/.julia/packages/DataFrames/yH0f6/test/broadcasting.jl:720
  Expression: length(levels(df.c5)) == 1
   Evaluated: 2 == 1
Stacktrace:
 [1] top-level scope at /root/.julia/packages/DataFrames/yH0f6/test/broadcasting.jl:720
 [2] top-level scope at /workspace/srcdir/julia/usr/share/julia/stdlib/v1.3/Test/src/Test.jl:1107
 [3] top-level scope at /root/.julia/packages/DataFrames/yH0f6/test/broadcasting.jl:690
test categorical values: Test Failed at /root/.julia/packages/DataFrames/yH0f6/test/broadcasting.jl:720
  Expression: length(levels(df.c5)) == 1
   Evaluated: 3 == 1
Stacktrace:
 [1] top-level scope at /root/.julia/packages/DataFrames/yH0f6/test/broadcasting.jl:720
 [2] top-level scope at /workspace/srcdir/julia/usr/share/julia/stdlib/v1.3/Test/src/Test.jl:1107
 [3] top-level scope at /root/.julia/packages/DataFrames/yH0f6/test/broadcasting.jl:690
test categorical values: Test Failed at /root/.julia/packages/DataFrames/yH0f6/test/broadcasting.jl:720
  Expression: length(levels(df.c5)) == 1
   Evaluated: 2 == 1
Stacktrace:
 [1] top-level scope at /root/.julia/packages/DataFrames/yH0f6/test/broadcasting.jl:720
 [2] top-level scope at /workspace/srcdir/julia/usr/share/julia/stdlib/v1.3/Test/src/Test.jl:1107
 [3] top-level scope at /root/.julia/packages/DataFrames/yH0f6/test/broadcasting.jl:690
test categorical values: Test Failed at /root/.julia/packages/DataFrames/yH0f6/test/broadcasting.jl:720
  Expression: length(levels(df.c5)) == 1
   Evaluated: 2 == 1
Stacktrace:
 [1] top-level scope at /root/.julia/packages/DataFrames/yH0f6/test/broadcasting.jl:720
 [2] top-level scope at /workspace/srcdir/julia/usr/share/julia/stdlib/v1.3/Test/src/Test.jl:1107
 [3] top-level scope at /root/.julia/packages/DataFrames/yH0f6/test/broadcasting.jl:690
Test Summary:           | Pass  Fail  Total
test categorical values |  120     6    126
	[1m[31mFAILED[0m: broadcasting.jl
LoadError: Some tests did not pass: 120 passed, 6 failed, 0 errored, 0 broken.
in expression starting at /root/.julia/packages/DataFrames/yH0f6/test/broadcasting.jl:689
┌ Warning: sort(df, cols=cols) is deprecated, use sort(df, cols) instead
│   caller = ip:0x0
└ @ Core :-1
┌ Warning: sort!(df, cols=cols) is deprecated, use sort!(df, cols) instead
│   caller = ip:0x0
└ @ Core :-1
Test Summary: | Pass  Total
identifier    |    6      6
┌ Warning: Unable to validate reserved words against parser. 
│   Expected if Julia was not built from source. = "Expected if Julia was not built from source."
└ @ Main.TestDeprecated ~/.julia/packages/DataFrames/yH0f6/test/deprecated.jl:48
Test Summary:  |
reserved words | No tests
┌ Warning: combine(gd) is deprecated, use DataFrame(gd) instead
│   caller = top-level scope at deprecated.jl:57
└ @ Core ~/.julia/packages/DataFrames/yH0f6/test/deprecated.jl:57
┌ Warning: `DataFrame` constructor with `categorical` positional argument is deprecated. Instead use `DataFrame(columns, names)` constructor.
│   caller = top-level scope at deprecated.jl:60
└ @ Core ~/.julia/packages/DataFrames/yH0f6/test/deprecated.jl:60
┌ Warning: `getindex(df::DataFrame, col_ind::ColumnIndex)` is deprecated, use `df[!, col_ind]` instead.
│   caller = top-level scope at deprecated.jl:61
└ @ Core ~/.julia/packages/DataFrames/yH0f6/test/deprecated.jl:61
┌ Warning: `getindex(df::DataFrame, col_ind::ColumnIndex)` is deprecated, use `df[!, col_ind]` instead.
│   caller = top-level scope at deprecated.jl:62
└ @ Core ~/.julia/packages/DataFrames/yH0f6/test/deprecated.jl:62
┌ Warning: `DataFrame` constructor with `categorical` positional argument is deprecated. Instead use `DataFrame(columns, names)` constructor.
│   caller = top-level scope at deprecated.jl:63
└ @ Core ~/.julia/packages/DataFrames/yH0f6/test/deprecated.jl:63
Test Summary:           | Pass  Total
categorical constructor |    3      3
┌ Warning: `DataFrame(t::Type, nrows::Integer, ncols::Integer)` is deprecated, use `DataFrame([Vector{t}(undef, nrows) for i = 1:ncols])` instead.
│   caller = ip:0x0
└ @ Core :-1
┌ Warning: `getindex(df::DataFrame, col_ind::ColumnIndex)` is deprecated, use `df[!, col_ind]` instead.
│   caller = top-level scope at deprecated.jl:70
└ @ Core ~/.julia/packages/DataFrames/yH0f6/test/deprecated.jl:70
┌ Warning: `getindex(df::DataFrame, col_ind::ColumnIndex)` is deprecated, use `df[!, col_ind]` instead.
│   caller = top-level scope at deprecated.jl:71
└ @ Core ~/.julia/packages/DataFrames/yH0f6/test/deprecated.jl:71
┌ Warning: `getindex(df::DataFrame, col_ind::ColumnIndex)` is deprecated, use `df[!, col_ind]` instead.
│   caller = top-level scope at deprecated.jl:72
└ @ Core ~/.julia/packages/DataFrames/yH0f6/test/deprecated.jl:72
┌ Warning: `getindex(df::DataFrame, col_ind::ColumnIndex)` is deprecated, use `df[!, col_ind]` instead.
│   caller = top-level scope at deprecated.jl:73
└ @ Core ~/.julia/packages/DataFrames/yH0f6/test/deprecated.jl:73
┌ Warning: `getindex(df::DataFrame, col_ind::ColumnIndex)` is deprecated, use `df[!, col_ind]` instead.
│   caller = top-level scope at deprecated.jl:74
└ @ Core ~/.julia/packages/DataFrames/yH0f6/test/deprecated.jl:74
┌ Warning: `getindex(df::DataFrame, col_ind::ColumnIndex)` is deprecated, use `df[!, col_ind]` instead.
│   caller = top-level scope at deprecated.jl:75
└ @ Core ~/.julia/packages/DataFrames/yH0f6/test/deprecated.jl:75
┌ Warning: `getindex(df::DataFrame, col_ind::ColumnIndex)` is deprecated, use `df[!, col_ind]` instead.
│   caller = top-level scope at deprecated.jl:86
└ @ Core ~/.julia/packages/DataFrames/yH0f6/test/deprecated.jl:86
┌ Warning: `getindex(df::DataFrame, col_ind::ColumnIndex)` is deprecated, use `df[!, col_ind]` instead.
│   caller = top-level scope at deprecated.jl:87
└ @ Core ~/.julia/packages/DataFrames/yH0f6/test/deprecated.jl:87
┌ Warning: `getindex(df::DataFrame, col_ind::ColumnIndex)` is deprecated, use `df[!, col_ind]` instead.
│   caller = top-level scope at deprecated.jl:88
└ @ Core ~/.julia/packages/DataFrames/yH0f6/test/deprecated.jl:88
┌ Warning: `getindex(df::DataFrame, col_ind::ColumnIndex)` is deprecated, use `df[!, col_ind]` instead.
│   caller = top-level scope at deprecated.jl:89
└ @ Core ~/.julia/packages/DataFrames/yH0f6/test/deprecated.jl:89
┌ Warning: `getindex(df::DataFrame, col_ind::ColumnIndex)` is deprecated, use `df[!, col_ind]` instead.
│   caller = top-level scope at deprecated.jl:90
└ @ Core ~/.julia/packages/DataFrames/yH0f6/test/deprecated.jl:90
┌ Warning: `getindex(df::DataFrame, col_ind::ColumnIndex)` is deprecated, use `df[!, col_ind]` instead.
│   caller = top-level scope at deprecated.jl:91
└ @ Core ~/.julia/packages/DataFrames/yH0f6/test/deprecated.jl:91
┌ Warning: `DataFrame` constructor with `categorical` positional argument is deprecated. Instead use `DataFrame(columns, names)` constructor.
│   caller = top-level scope at deprecated.jl:99
└ @ Core ~/.julia/packages/DataFrames/yH0f6/test/deprecated.jl:99
┌ Warning: `getindex(df::DataFrame, col_ind::ColumnIndex)` is deprecated, use `df[!, col_ind]` instead.
│   caller = top-level scope at deprecated.jl:103
└ @ Core ~/.julia/packages/DataFrames/yH0f6/test/deprecated.jl:103
┌ Warning: `getindex(df::DataFrame, col_ind::ColumnIndex)` is deprecated, use `df[!, col_ind]` instead.
│   caller = top-level scope at deprecated.jl:104
└ @ Core ~/.julia/packages/DataFrames/yH0f6/test/deprecated.jl:104
┌ Warning: `getindex(df::DataFrame, col_ind::ColumnIndex)` is deprecated, use `df[!, col_ind]` instead.
│   caller = top-level scope at deprecated.jl:105
└ @ Core ~/.julia/packages/DataFrames/yH0f6/test/deprecated.jl:105
┌ Warning: `getindex(df::DataFrame, col_ind::ColumnIndex)` is deprecated, use `df[!, col_ind]` instead.
│   caller = top-level scope at deprecated.jl:106
└ @ Core ~/.julia/packages/DataFrames/yH0f6/test/deprecated.jl:106
┌ Warning: `getindex(df::DataFrame, col_ind::ColumnIndex)` is deprecated, use `df[!, col_ind]` instead.
│   caller = top-level scope at deprecated.jl:107
└ @ Core ~/.julia/packages/DataFrames/yH0f6/test/deprecated.jl:107
┌ Warning: `getindex(df::DataFrame, col_ind::ColumnIndex)` is deprecated, use `df[!, col_ind]` instead.
│   caller = top-level scope at deprecated.jl:108
└ @ Core ~/.julia/packages/DataFrames/yH0f6/test/deprecated.jl:108
Test Summary:          | Pass  Total
DataFrame constructors |   42     42
┌ Warning: `colwise(f, d::AbstractDataFrame)` is deprecated, use `[f(col) for col = eachcol(d)]` instead.
│   caller = top-level scope at deprecated.jl:132
└ @ Core ~/.julia/packages/DataFrames/yH0f6/test/deprecated.jl:132
┌ Warning: `colwise(f, d::AbstractDataFrame)` is deprecated, use `[f(col) for col = eachcol(d)]` instead.
│   caller = top-level scope at deprecated.jl:138
└ @ Core ~/.julia/packages/DataFrames/yH0f6/test/deprecated.jl:138
┌ Warning: `colwise(f, gd::GroupedDataFrame)` is deprecated, use `[[f(col) for col = eachcol(d)] for d = gd]` instead.
│   caller = top-level scope at deprecated.jl:147
└ @ Core ~/.julia/packages/DataFrames/yH0f6/test/deprecated.jl:147
┌ Warning: `colwise(fns::Union{AbstractVector, Tuple}, d::AbstractDataFrame)` is deprecated, use `[f(col) for f = fns, col = eachcol(d)]` instead.
│   caller = top-level scope at deprecated.jl:151
└ @ Core ~/.julia/packages/DataFrames/yH0f6/test/deprecated.jl:151
┌ Warning: `colwise(fns::Union{AbstractVector, Tuple}, d::AbstractDataFrame)` is deprecated, use `[f(col) for f = fns, col = eachcol(d)]` instead.
│   caller = top-level scope at deprecated.jl:157
└ @ Core ~/.julia/packages/DataFrames/yH0f6/test/deprecated.jl:157
┌ Warning: `colwise(fns::Union{AbstractVector, Tuple}, d::AbstractDataFrame)` is deprecated, use `[f(col) for f = fns, col = eachcol(d)]` instead.
│   caller = top-level scope at deprecated.jl:163
└ @ Core ~/.julia/packages/DataFrames/yH0f6/test/deprecated.jl:163
┌ Warning: `colwise(fns::Union{AbstractVector, Tuple}, d::AbstractDataFrame)` is deprecated, use `[f(col) for f = fns, col = eachcol(d)]` instead.
│   caller = top-level scope at deprecated.jl:169
└ @ Core ~/.julia/packages/DataFrames/yH0f6/test/deprecated.jl:169
┌ Warning: `colwise(fns::Union{AbstractVector, Tuple}, gd::GroupedDataFrame)` is deprecated, use `[[f(col) for f = fns, col = eachcol(d)] for d = gd]` instead.
│   caller = top-level scope at deprecated.jl:174
└ @ Core ~/.julia/packages/DataFrames/yH0f6/test/deprecated.jl:174
┌ Warning: `colwise(fns::Union{AbstractVector, Tuple}, d::AbstractDataFrame)` is deprecated, use `[f(col) for f = fns, col = eachcol(d)]` instead.
│   caller = top-level scope at deprecated.jl:178
└ @ Core ~/.julia/packages/DataFrames/yH0f6/test/deprecated.jl:178
┌ Warning: `colwise(fns::Union{AbstractVector, Tuple}, d::AbstractDataFrame)` is deprecated, use `[f(col) for f = fns, col = eachcol(d)]` instead.
│   caller = top-level scope at deprecated.jl:184
└ @ Core ~/.julia/packages/DataFrames/yH0f6/test/deprecated.jl:184
┌ Warning: `colwise(fns::Union{AbstractVector, Tuple}, d::AbstractDataFrame)` is deprecated, use `[f(col) for f = fns, col = eachcol(d)]` instead.
│   caller = top-level scope at deprecated.jl:190
└ @ Core ~/.julia/packages/DataFrames/yH0f6/test/deprecated.jl:190
┌ Warning: `colwise(fns::Union{AbstractVector, Tuple}, d::AbstractDataFrame)` is deprecated, use `[f(col) for f = fns, col = eachcol(d)]` instead.
│   caller = top-level scope at deprecated.jl:197
└ @ Core ~/.julia/packages/DataFrames/yH0f6/test/deprecated.jl:197
┌ Warning: `colwise(f, gd::GroupedDataFrame)` is deprecated, use `[[f(col) for col = eachcol(d)] for d = gd]` instead.
│   caller = top-level scope at deprecated.jl:202
└ @ Core ~/.julia/packages/DataFrames/yH0f6/test/deprecated.jl:202
Test Summary: | Pass  Total
colwise       |   29     29
┌ Warning: `empty!(df::DataFrame)` is deprecated, use `select!(df, Int[])` instead.
│   caller = top-level scope at deprecated.jl:212
└ @ Core ~/.julia/packages/DataFrames/yH0f6/test/deprecated.jl:212
Test Summary: | Pass  Total
empty!        |    5      5
┌ Warning: `deletecols(df::DataFrame, inds; copycols::Bool=true)` is deprecated, use `select(df, Not(inds), copycols=copycols)` instead.
│   caller = top-level scope at deprecated.jl:220
└ @ Core ~/.julia/packages/DataFrames/yH0f6/test/deprecated.jl:220
┌ Warning: `deletecols!(df::DataFrame, inds)` is deprecated, use `select!(df, Not(inds))` instead.
│   caller = top-level scope at deprecated.jl:221
└ @ Core ~/.julia/packages/DataFrames/yH0f6/test/deprecated.jl:221
┌ Warning: `deletecols(df::DataFrame, inds; copycols::Bool=true)` is deprecated, use `select(df, Not(inds), copycols=copycols)` instead.
│   caller = top-level scope at deprecated.jl:225
└ @ Core ~/.julia/packages/DataFrames/yH0f6/test/deprecated.jl:225
┌ Warning: `deletecols!(df::DataFrame, inds)` is deprecated, use `select!(df, Not(inds))` instead.
│   caller = top-level scope at deprecated.jl:226
└ @ Core ~/.julia/packages/DataFrames/yH0f6/test/deprecated.jl:226
┌ Warning: `deletecols(df::DataFrame, inds; copycols::Bool=true)` is deprecated, use `select(df, Not(inds), copycols=copycols)` instead.
│   caller = ip:0x0
└ @ Core :-1
┌ Warning: `getindex(df::DataFrame, col_ind::ColumnIndex)` is deprecated, use `df[!, col_ind]` instead.
│   caller = top-level scope at deprecated.jl:230
└ @ Core ~/.julia/packages/DataFrames/yH0f6/test/deprecated.jl:230
┌ Warning: `deletecols(df::DataFrame, inds; copycols::Bool=true)` is deprecated, use `select(df, Not(inds), copycols=copycols)` instead.
│   caller = top-level scope at deprecated.jl:231
└ @ Core ~/.julia/packages/DataFrames/yH0f6/test/deprecated.jl:231
┌ Warning: `deletecols(df::DataFrame, inds; copycols::Bool=true)` is deprecated, use `select(df, Not(inds), copycols=copycols)` instead.
│   caller = top-level scope at deprecated.jl:232
└ @ Core ~/.julia/packages/DataFrames/yH0f6/test/deprecated.jl:232
Test Summary:              | Pass  Total
deletecols and deletecols! |    7      7
┌ Warning: `haskey(df::AbstractDataFrame, key::Integer)` is deprecated, use `key in 1:ncol(df)` instead.
│   caller = top-level scope at deprecated.jl:237
└ @ Core ~/.julia/packages/DataFrames/yH0f6/test/deprecated.jl:237
┌ Warning: `haskey(df::AbstractDataFrame, key::Integer)` is deprecated, use `key in 1:ncol(df)` instead.
│   caller = top-level scope at deprecated.jl:238
└ @ Core ~/.julia/packages/DataFrames/yH0f6/test/deprecated.jl:238
┌ Warning: `haskey(df::AbstractDataFrame, key::Integer)` is deprecated, use `key in 1:ncol(df)` instead.
│   caller = top-level scope at deprecated.jl:239
└ @ Core ~/.julia/packages/DataFrames/yH0f6/test/deprecated.jl:239
┌ Warning: `haskey(df::AbstractDataFrame, key::Integer)` is deprecated, use `key in 1:ncol(df)` instead.
│   caller = top-level scope at deprecated.jl:240
└ @ Core ~/.julia/packages/DataFrames/yH0f6/test/deprecated.jl:240
┌ Warning: `haskey(df::AbstractDataFrame, key::Symbol)` is deprecated, use `hasproperty(df, key)` instead.
│   caller = top-level scope at deprecated.jl:241
└ @ Core ~/.julia/packages/DataFrames/yH0f6/test/deprecated.jl:241
┌ Warning: `haskey(df::AbstractDataFrame, key::Symbol)` is deprecated, use `hasproperty(df, key)` instead.
│   caller = top-level scope at deprecated.jl:242
└ @ Core ~/.julia/packages/DataFrames/yH0f6/test/deprecated.jl:242
┌ Warning: `haskey(df::AbstractDataFrame, key::Any)` is deprecated, use `key in 1:ncol(df) || key in names(df)` instead.
│   caller = top-level scope at deprecated.jl:243
└ @ Core ~/.julia/packages/DataFrames/yH0f6/test/deprecated.jl:243
Test Summary: | Pass  Total
haskey        |    7      7
┌ Warning: `getindex(df::DataFrame, col_ind::ColumnIndex)` is deprecated, use `df[!, col_ind]` instead.
│   caller = top-level scope at deprecated.jl:249
└ @ Core ~/.julia/packages/DataFrames/yH0f6/test/deprecated.jl:249
┌ Warning: `getindex(df::DataFrame, col_ind::ColumnIndex)` is deprecated, use `df[!, col_ind]` instead.
│   caller = top-level scope at deprecated.jl:250
└ @ Core ~/.julia/packages/DataFrames/yH0f6/test/deprecated.jl:250
┌ Warning: `getindex(df::DataFrame, col_inds::Union{AbstractVector, Regex, Not})` is deprecated, use `df[:, col_inds]` instead.
│   caller = top-level scope at deprecated.jl:251
└ @ Core ~/.julia/packages/DataFrames/yH0f6/test/deprecated.jl:251
┌ Warning: `getindex(df::DataFrame, col_inds::Union{AbstractVector, Regex, Not})` is deprecated, use `df[:, col_inds]` instead.
│   caller = top-level scope at deprecated.jl:252
└ @ Core ~/.julia/packages/DataFrames/yH0f6/test/deprecated.jl:252
┌ Warning: `getindex(df::DataFrame, col_inds::Union{AbstractVector, Regex, Not})` is deprecated, use `df[:, col_inds]` instead.
│   caller = top-level scope at deprecated.jl:253
└ @ Core ~/.julia/packages/DataFrames/yH0f6/test/deprecated.jl:253
┌ Warning: `getindex(df::DataFrame, col_inds::Union{AbstractVector, Regex, Not})` is deprecated, use `df[:, col_inds]` instead.
│   caller = top-level scope at deprecated.jl:254
└ @ Core ~/.julia/packages/DataFrames/yH0f6/test/deprecated.jl:254
┌ Warning: `getindex(df::DataFrame, col_ind::ColumnIndex)` is deprecated, use `df[!, col_ind]` instead.
│   caller = top-level scope at deprecated.jl:255
└ @ Core ~/.julia/packages/DataFrames/yH0f6/test/deprecated.jl:255
┌ Warning: `view(adf::AbstractDataFrame, colinds)` is deprecated, use `view(adf, :, colinds)` instead.
│   caller = top-level scope at deprecated.jl:256
└ @ Core ~/.julia/packages/DataFrames/yH0f6/test/deprecated.jl:256
┌ Warning: `getindex(df::DataFrame, col_inds::Union{AbstractVector, Regex, Not})` is deprecated, use `df[:, col_inds]` instead.
│   caller = top-level scope at deprecated.jl:257
└ @ Core ~/.julia/packages/DataFrames/yH0f6/test/deprecated.jl:257
┌ Warning: `getindex(df::DataFrame, col_inds::Union{AbstractVector, Regex, Not})` is deprecated, use `df[:, col_inds]` instead.
│   caller = top-level scope at deprecated.jl:258
└ @ Core ~/.julia/packages/DataFrames/yH0f6/test/deprecated.jl:258
┌ Warning: `getindex(df::DataFrame, col_inds::Union{AbstractVector, Regex, Not})` is deprecated, use `df[:, col_inds]` instead.
│   caller = top-level scope at deprecated.jl:259
└ @ Core ~/.julia/packages/DataFrames/yH0f6/test/deprecated.jl:259
┌ Warning: `getindex(df::DataFrame, col_inds::Union{AbstractVector, Regex, Not})` is deprecated, use `df[:, col_inds]` instead.
│   caller = top-level scope at deprecated.jl:260
└ @ Core ~/.julia/packages/DataFrames/yH0f6/test/deprecated.jl:260
┌ Warning: `getindex(df::DataFrame, col_inds::Union{AbstractVector, Regex, Not})` is deprecated, use `df[:, col_inds]` instead.
│   caller = top-level scope at deprecated.jl:261
└ @ Core ~/.julia/packages/DataFrames/yH0f6/test/deprecated.jl:261
┌ Warning: `getindex(df::DataFrame, ::Colon)` is deprecated, use `df[:, :]` instead.
│   caller = top-level scope at deprecated.jl:262
└ @ Core ~/.julia/packages/DataFrames/yH0f6/test/deprecated.jl:262
┌ Warning: `getindex(df::DataFrame, col_inds::Union{AbstractVector, Regex, Not})` is deprecated, use `df[:, col_inds]` instead.
│   caller = top-level scope at deprecated.jl:263
└ @ Core ~/.julia/packages/DataFrames/yH0f6/test/deprecated.jl:263
┌ Warning: `getindex(df::DataFrame, col_inds::Union{AbstractVector, Regex, Not})` is deprecated, use `df[:, col_inds]` instead.
│   caller = top-level scope at deprecated.jl:264
└ @ Core ~/.julia/packages/DataFrames/yH0f6/test/deprecated.jl:264
┌ Warning: `getindex(df::DataFrame, col_inds::Union{AbstractVector, Regex, Not})` is deprecated, use `df[:, col_inds]` instead.
│   caller = top-level scope at deprecated.jl:265
└ @ Core ~/.julia/packages/DataFrames/yH0f6/test/deprecated.jl:265
┌ Warning: `getindex(df::DataFrame, ::Colon)` is deprecated, use `df[:, :]` instead.
│   caller = top-level scope at deprecated.jl:266
└ @ Core ~/.julia/packages/DataFrames/yH0f6/test/deprecated.jl:266
┌ Warning: `getindex(df::DataFrame, col_inds::Union{AbstractVector, Regex, Not})` is deprecated, use `df[:, col_inds]` instead.
│   caller = top-level scope at deprecated.jl:267
└ @ Core ~/.julia/packages/DataFrames/yH0f6/test/deprecated.jl:267
┌ Warning: `getindex(df::DataFrame, col_inds::Union{AbstractVector, Regex, Not})` is deprecated, use `df[:, col_inds]` instead.
│   caller = top-level scope at deprecated.jl:268
└ @ Core ~/.julia/packages/DataFrames/yH0f6/test/deprecated.jl:268
┌ Warning: `getindex(df::DataFrame, col_inds::Union{AbstractVector, Regex, Not})` is deprecated, use `df[:, col_inds]` instead.
│   caller = top-level scope at deprecated.jl:269
└ @ Core ~/.julia/packages/DataFrames/yH0f6/test/deprecated.jl:269
┌ Warning: `view(adf::AbstractDataFrame, colinds)` is deprecated, use `view(adf, :, colinds)` instead.
│   caller = top-level scope at deprecated.jl:270
└ @ Core ~/.julia/packages/DataFrames/yH0f6/test/deprecated.jl:270
┌ Warning: `getindex(df::DataFrame, ::Colon)` is deprecated, use `df[:, :]` instead.
│   caller = top-level scope at deprecated.jl:271
└ @ Core ~/.julia/packages/DataFrames/yH0f6/test/deprecated.jl:271
┌ Warning: `getindex(df::DataFrame, col_inds::Union{AbstractVector, Regex, Not})` is deprecated, use `df[:, col_inds]` instead.
│   caller = top-level scope at deprecated.jl:272
└ @ Core ~/.julia/packages/DataFrames/yH0f6/test/deprecated.jl:272
┌ Warning: `getindex(df::DataFrame, col_inds::Union{AbstractVector, Regex, Not})` is deprecated, use `df[:, col_inds]` instead.
│   caller = top-level scope at deprecated.jl:273
└ @ Core ~/.julia/packages/DataFrames/yH0f6/test/deprecated.jl:273
┌ Warning: `getindex(df::DataFrame, ::Colon)` is deprecated, use `df[:, :]` instead.
│   caller = top-level scope at deprecated.jl:274
└ @ Core ~/.julia/packages/DataFrames/yH0f6/test/deprecated.jl:274
┌ Warning: `getindex(df::DataFrame, col_inds::Union{AbstractVector, Regex, Not})` is deprecated, use `df[:, col_inds]` instead.
│   caller = top-level scope at deprecated.jl:275
└ @ Core ~/.julia/packages/DataFrames/yH0f6/test/deprecated.jl:275
┌ Warning: `getindex(df::DataFrame, col_inds::Union{AbstractVector, Regex, Not})` is deprecated, use `df[:, col_inds]` instead.
│   caller = top-level scope at deprecated.jl:276
└ @ Core ~/.julia/packages/DataFrames/yH0f6/test/deprecated.jl:276
┌ Warning: `getindex(df::DataFrame, col_ind::ColumnIndex)` is deprecated, use `df[!, col_ind]` instead.
│   caller = top-level scope at deprecated.jl:281
└ @ Core ~/.julia/packages/DataFrames/yH0f6/test/deprecated.jl:281
┌ Warning: `getindex(df::DataFrame, col_inds::Union{AbstractVector, Regex, Not})` is deprecated, use `df[:, col_inds]` instead.
│   caller = top-level scope at deprecated.jl:282
└ @ Core ~/.julia/packages/DataFrames/yH0f6/test/deprecated.jl:282
┌ Warning: `getindex(df::DataFrame, ::Colon)` is deprecated, use `df[:, :]` instead.
│   caller = top-level scope at deprecated.jl:283
└ @ Core ~/.julia/packages/DataFrames/yH0f6/test/deprecated.jl:283
┌ Warning: `getindex(df::DataFrame, col_inds::Union{AbstractVector, Regex, Not})` is deprecated, use `df[:, col_inds]` instead.
│   caller = top-level scope at deprecated.jl:284
└ @ Core ~/.julia/packages/DataFrames/yH0f6/test/deprecated.jl:284
┌ Warning: `getindex(df::DataFrame, col_inds::Union{AbstractVector, Regex, Not})` is deprecated, use `df[:, col_inds]` instead.
│   caller = top-level scope at deprecated.jl:285
└ @ Core ~/.julia/packages/DataFrames/yH0f6/test/deprecated.jl:285
┌ Warning: `getindex(df::DataFrame, col_inds::Union{AbstractVector, Regex, Not})` is deprecated, use `df[:, col_inds]` instead.
│   caller = top-level scope at deprecated.jl:286
└ @ Core ~/.julia/packages/DataFrames/yH0f6/test/deprecated.jl:286
┌ Warning: `view(adf::AbstractDataFrame, colind::ColumnIndex)` is deprecated, use `view(adf, :, colind)` instead.
│   caller = top-level scope at deprecated.jl:290
└ @ Core ~/.julia/packages/DataFrames/yH0f6/test/deprecated.jl:290
┌ Warning: `view(adf::AbstractDataFrame, colind::ColumnIndex)` is deprecated, use `view(adf, :, colind)` instead.
│   caller = top-level scope at deprecated.jl:291
└ @ Core ~/.julia/packages/DataFrames/yH0f6/test/deprecated.jl:291
┌ Warning: `view(adf::AbstractDataFrame, colinds)` is deprecated, use `view(adf, :, colinds)` instead.
│   caller = top-level scope at deprecated.jl:292
└ @ Core ~/.julia/packages/DataFrames/yH0f6/test/deprecated.jl:292
┌ Warning: `view(adf::AbstractDataFrame, colinds)` is deprecated, use `view(adf, :, colinds)` instead.
│   caller = top-level scope at deprecated.jl:293
└ @ Core ~/.julia/packages/DataFrames/yH0f6/test/deprecated.jl:293
┌ Warning: `getindex(df::DataFrame, col_inds::Union{AbstractVector, Regex, Not})` is deprecated, use `df[:, col_inds]` instead.
│   caller = top-level scope at deprecated.jl:293
└ @ Core ~/.julia/packages/DataFrames/yH0f6/test/deprecated.jl:293
┌ Warning: `view(adf::AbstractDataFrame, colinds)` is deprecated, use `view(adf, :, colinds)` instead.
│   caller = top-level scope at deprecated.jl:294
└ @ Core ~/.julia/packages/DataFrames/yH0f6/test/deprecated.jl:294
┌ Warning: `view(adf::AbstractDataFrame, colinds)` is deprecated, use `view(adf, :, colinds)` instead.
│   caller = top-level scope at deprecated.jl:295
└ @ Core ~/.julia/packages/DataFrames/yH0f6/test/deprecated.jl:295
┌ Warning: `getindex(df::DataFrame, col_inds::Union{AbstractVector, Regex, Not})` is deprecated, use `df[:, col_inds]` instead.
│   caller = top-level scope at deprecated.jl:295
└ @ Core ~/.julia/packages/DataFrames/yH0f6/test/deprecated.jl:295
┌ Warning: `view(adf::AbstractDataFrame, colinds)` is deprecated, use `view(adf, :, colinds)` instead.
│   caller = top-level scope at deprecated.jl:296
└ @ Core ~/.julia/packages/DataFrames/yH0f6/test/deprecated.jl:296
┌ Warning: `view(adf::AbstractDataFrame, colinds)` is deprecated, use `view(adf, :, colinds)` instead.
│   caller = top-level scope at deprecated.jl:297
└ @ Core ~/.julia/packages/DataFrames/yH0f6/test/deprecated.jl:297
┌ Warning: `getindex(df::DataFrame, col_inds::Union{AbstractVector, Regex, Not})` is deprecated, use `df[:, col_inds]` instead.
│   caller = top-level scope at deprecated.jl:297
└ @ Core ~/.julia/packages/DataFrames/yH0f6/test/deprecated.jl:297
┌ Warning: `view(adf::AbstractDataFrame, colinds)` is deprecated, use `view(adf, :, colinds)` instead.
│   caller = top-level scope at deprecated.jl:298
└ @ Core ~/.julia/packages/DataFrames/yH0f6/test/deprecated.jl:298
┌ Warning: `view(adf::AbstractDataFrame, colinds)` is deprecated, use `view(adf, :, colinds)` instead.
│   caller = top-level scope at deprecated.jl:299
└ @ Core ~/.julia/packages/DataFrames/yH0f6/test/deprecated.jl:299
┌ Warning: `view(adf::AbstractDataFrame, colinds)` is deprecated, use `view(adf, :, colinds)` instead.
│   caller = top-level scope at deprecated.jl:300
└ @ Core ~/.julia/packages/DataFrames/yH0f6/test/deprecated.jl:300
┌ Warning: `view(adf::AbstractDataFrame, colinds)` is deprecated, use `view(adf, :, colinds)` instead.
│   caller = top-level scope at deprecated.jl:301
└ @ Core ~/.julia/packages/DataFrames/yH0f6/test/deprecated.jl:301
┌ Warning: `view(adf::AbstractDataFrame, colinds)` is deprecated, use `view(adf, :, colinds)` instead.
│   caller = top-level scope at deprecated.jl:302
└ @ Core ~/.julia/packages/DataFrames/yH0f6/test/deprecated.jl:302
┌ Warning: `view(adf::AbstractDataFrame, colinds)` is deprecated, use `view(adf, :, colinds)` instead.
│   caller = top-level scope at deprecated.jl:303
└ @ Core ~/.julia/packages/DataFrames/yH0f6/test/deprecated.jl:303
┌ Warning: `view(adf::AbstractDataFrame, colinds)` is deprecated, use `view(adf, :, colinds)` instead.
│   caller = top-level scope at deprecated.jl:304
└ @ Core ~/.julia/packages/DataFrames/yH0f6/test/deprecated.jl:304
┌ Warning: `view(adf::AbstractDataFrame, colinds)` is deprecated, use `view(adf, :, colinds)` instead.
│   caller = top-level scope at deprecated.jl:305
└ @ Core ~/.julia/packages/DataFrames/yH0f6/test/deprecated.jl:305
┌ Warning: `view(adf::AbstractDataFrame, colinds)` is deprecated, use `view(adf, :, colinds)` instead.
│   caller = top-level scope at deprecated.jl:306
└ @ Core ~/.julia/packages/DataFrames/yH0f6/test/deprecated.jl:306
┌ Warning: `getindex(sdf::SubDataFrame, colind::ColumnIndex)` is deprecated, use `sdf[!, colind]` instead.
│   caller = top-level scope at deprecated.jl:311
└ @ Core ~/.julia/packages/DataFrames/yH0f6/test/deprecated.jl:311
┌ Warning: `getindex(sdf::SubDataFrame, colind::ColumnIndex)` is deprecated, use `sdf[!, colind]` instead.
│   caller = top-level scope at deprecated.jl:312
└ @ Core ~/.julia/packages/DataFrames/yH0f6/test/deprecated.jl:312
┌ Warning: `getindex(sdf::SubDataFrame, colinds::Union{AbstractVector, Regex, Not})` is deprecated, use `sdf[!, colinds]` instead.
│   caller = top-level scope at deprecated.jl:313
└ @ Core ~/.julia/packages/DataFrames/yH0f6/test/deprecated.jl:313
┌ Warning: `getindex(sdf::SubDataFrame, colinds::Union{AbstractVector, Regex, Not})` is deprecated, use `sdf[!, colinds]` instead.
│   caller = top-level scope at deprecated.jl:314
└ @ Core ~/.julia/packages/DataFrames/yH0f6/test/deprecated.jl:314
┌ Warning: `getindex(sdf::SubDataFrame, colinds::Union{AbstractVector, Regex, Not})` is deprecated, use `sdf[!, colinds]` instead.
│   caller = top-level scope at deprecated.jl:315
└ @ Core ~/.julia/packages/DataFrames/yH0f6/test/deprecated.jl:315
┌ Warning: `getindex(sdf::SubDataFrame, colinds::Union{AbstractVector, Regex, Not})` is deprecated, use `sdf[!, colinds]` instead.
│   caller = top-level scope at deprecated.jl:316
└ @ Core ~/.julia/packages/DataFrames/yH0f6/test/deprecated.jl:316
┌ Warning: `getindex(sdf::SubDataFrame, colinds::Union{AbstractVector, Regex, Not})` is deprecated, use `sdf[!, colinds]` instead.
│   caller = top-level scope at deprecated.jl:317
└ @ Core ~/.julia/packages/DataFrames/yH0f6/test/deprecated.jl:317
┌ Warning: `getindex(sdf::SubDataFrame, colinds::Union{AbstractVector, Regex, Not})` is deprecated, use `sdf[!, colinds]` instead.
│   caller = top-level scope at deprecated.jl:318
└ @ Core ~/.julia/packages/DataFrames/yH0f6/test/deprecated.jl:318
┌ Warning: `getindex(sdf::SubDataFrame, ::Colon)` is deprecated, use `sdf[!, :]` instead.
│   caller = top-level scope at deprecated.jl:319
└ @ Core ~/.julia/packages/DataFrames/yH0f6/test/deprecated.jl:319
┌ Warning: `getindex(sdf::SubDataFrame, ::Colon)` is deprecated, use `sdf[!, :]` instead.
│   caller = top-level scope at deprecated.jl:320
└ @ Core ~/.julia/packages/DataFrames/yH0f6/test/deprecated.jl:320
┌ Warning: `getindex(sdf::SubDataFrame, colinds::Union{AbstractVector, Regex, Not})` is deprecated, use `sdf[!, colinds]` instead.
│   caller = top-level scope at deprecated.jl:321
└ @ Core ~/.julia/packages/DataFrames/yH0f6/test/deprecated.jl:321
┌ Warning: `getindex(sdf::SubDataFrame, colinds::Union{AbstractVector, Regex, Not})` is deprecated, use `sdf[!, colinds]` instead.
│   caller = top-level scope at deprecated.jl:322
└ @ Core ~/.julia/packages/DataFrames/yH0f6/test/deprecated.jl:322
┌ Warning: `getindex(sdf::SubDataFrame, colinds::Union{AbstractVector, Regex, Not})` is deprecated, use `sdf[!, colinds]` instead.
│   caller = top-level scope at deprecated.jl:323
└ @ Core ~/.julia/packages/DataFrames/yH0f6/test/deprecated.jl:323
┌ Warning: `getindex(sdf::SubDataFrame, colinds::Union{AbstractVector, Regex, Not})` is deprecated, use `sdf[!, colinds]` instead.
│   caller = top-level scope at deprecated.jl:324
└ @ Core ~/.julia/packages/DataFrames/yH0f6/test/deprecated.jl:324
┌ Warning: `getindex(sdf::SubDataFrame, ::Colon)` is deprecated, use `sdf[!, :]` instead.
│   caller = top-level scope at deprecated.jl:325
└ @ Core ~/.julia/packages/DataFrames/yH0f6/test/deprecated.jl:325
┌ Warning: `getindex(sdf::SubDataFrame, colinds::Union{AbstractVector, Regex, Not})` is deprecated, use `sdf[!, colinds]` instead.
│   caller = top-level scope at deprecated.jl:326
└ @ Core ~/.julia/packages/DataFrames/yH0f6/test/deprecated.jl:326
┌ Warning: `getindex(sdf::SubDataFrame, colinds::Union{AbstractVector, Regex, Not})` is deprecated, use `sdf[!, colinds]` instead.
│   caller = top-level scope at deprecated.jl:327
└ @ Core ~/.julia/packages/DataFrames/yH0f6/test/deprecated.jl:327
┌ Warning: `view(adf::AbstractDataFrame, colind::ColumnIndex)` is deprecated, use `view(adf, :, colind)` instead.
│   caller = top-level scope at deprecated.jl:332
└ @ Core ~/.julia/packages/DataFrames/yH0f6/test/deprecated.jl:332
┌ Warning: `view(adf::AbstractDataFrame, colind::ColumnIndex)` is deprecated, use `view(adf, :, colind)` instead.
│   caller = top-level scope at deprecated.jl:333
└ @ Core ~/.julia/packages/DataFrames/yH0f6/test/deprecated.jl:333
┌ Warning: `view(adf::AbstractDataFrame, colinds)` is deprecated, use `view(adf, :, colinds)` instead.
│   caller = top-level scope at deprecated.jl:334
└ @ Core ~/.julia/packages/DataFrames/yH0f6/test/deprecated.jl:334
┌ Warning: `view(adf::AbstractDataFrame, colinds)` is deprecated, use `view(adf, :, colinds)` instead.
│   caller = top-level scope at deprecated.jl:335
└ @ Core ~/.julia/packages/DataFrames/yH0f6/test/deprecated.jl:335
┌ Warning: `view(adf::AbstractDataFrame, colinds)` is deprecated, use `view(adf, :, colinds)` instead.
│   caller = top-level scope at deprecated.jl:336
└ @ Core ~/.julia/packages/DataFrames/yH0f6/test/deprecated.jl:336
┌ Warning: `view(adf::AbstractDataFrame, colinds)` is deprecated, use `view(adf, :, colinds)` instead.
│   caller = top-level scope at deprecated.jl:337
└ @ Core ~/.julia/packages/DataFrames/yH0f6/test/deprecated.jl:337
┌ Warning: `view(adf::AbstractDataFrame, colinds)` is deprecated, use `view(adf, :, colinds)` instead.
│   caller = top-level scope at deprecated.jl:338
└ @ Core ~/.julia/packages/DataFrames/yH0f6/test/deprecated.jl:338
┌ Warning: `view(adf::AbstractDataFrame, colinds)` is deprecated, use `view(adf, :, colinds)` instead.
│   caller = top-level scope at deprecated.jl:339
└ @ Core ~/.julia/packages/DataFrames/yH0f6/test/deprecated.jl:339
┌ Warning: `view(adf::AbstractDataFrame, colinds)` is deprecated, use `view(adf, :, colinds)` instead.
│   caller = top-level scope at deprecated.jl:340
└ @ Core ~/.julia/packages/DataFrames/yH0f6/test/deprecated.jl:340
┌ Warning: `view(adf::AbstractDataFrame, colinds)` is deprecated, use `view(adf, :, colinds)` instead.
│   caller = top-level scope at deprecated.jl:341
└ @ Core ~/.julia/packages/DataFrames/yH0f6/test/deprecated.jl:341
┌ Warning: `view(adf::AbstractDataFrame, colinds)` is deprecated, use `view(adf, :, colinds)` instead.
│   caller = top-level scope at deprecated.jl:342
└ @ Core ~/.julia/packages/DataFrames/yH0f6/test/deprecated.jl:342
┌ Warning: `view(adf::AbstractDataFrame, colinds)` is deprecated, use `view(adf, :, colinds)` instead.
│   caller = top-level scope at deprecated.jl:343
└ @ Core ~/.julia/packages/DataFrames/yH0f6/test/deprecated.jl:343
┌ Warning: `view(adf::AbstractDataFrame, colinds)` is deprecated, use `view(adf, :, colinds)` instead.
│   caller = top-level scope at deprecated.jl:344
└ @ Core ~/.julia/packages/DataFrames/yH0f6/test/deprecated.jl:344
┌ Warning: `view(adf::AbstractDataFrame, colinds)` is deprecated, use `view(adf, :, colinds)` instead.
│   caller = top-level scope at deprecated.jl:345
└ @ Core ~/.julia/packages/DataFrames/yH0f6/test/deprecated.jl:345
┌ Warning: `view(adf::AbstractDataFrame, colinds)` is deprecated, use `view(adf, :, colinds)` instead.
│   caller = top-level scope at deprecated.jl:346
└ @ Core ~/.julia/packages/DataFrames/yH0f6/test/deprecated.jl:346
┌ Warning: `view(adf::AbstractDataFrame, colinds)` is deprecated, use `view(adf, :, colinds)` instead.
│   caller = top-level scope at deprecated.jl:347
└ @ Core ~/.julia/packages/DataFrames/yH0f6/test/deprecated.jl:347
┌ Warning: `view(adf::AbstractDataFrame, colinds)` is deprecated, use `view(adf, :, colinds)` instead.
│   caller = top-level scope at deprecated.jl:348
└ @ Core ~/.julia/packages/DataFrames/yH0f6/test/deprecated.jl:348
┌ Warning: implicit vector broadcasting in setindex! is deprecated; use `df[row_inds, col_inds] .= Ref(v)` broadcasting assignment
│   caller = top-level scope at deprecated.jl:356
└ @ Core ~/.julia/packages/DataFrames/yH0f6/test/deprecated.jl:356
┌ Warning: `setindex!(df::DataFrame, new_df::DataFrame, row_ind::Integer, col_inds::AbstractVector{<:ColumnIndex})` is deprecated, use `begin
│     foreach((((i, c),)->begin
│                 df[row_ind, c] = new_df[1, i]
│             end), enumerate(col_inds))
│     df
│ end` instead.
│   caller = setindex!(::DataFrame, ::DataFrame, ::Int64, ::Colon) at deprecated.jl:1576
└ @ DataFrames ~/.julia/packages/DataFrames/yH0f6/src/deprecated.jl:1576
┌ Warning: implicit vector broadcasting in setindex! is deprecated; use `df[row_inds, col_inds] .= Ref(v)` broadcasting assignment
│   caller = top-level scope at deprecated.jl:357
└ @ Core ~/.julia/packages/DataFrames/yH0f6/test/deprecated.jl:357
┌ Warning: implicit vector broadcasting in setindex! is deprecated; use `df[row_inds, col_inds] .= Ref(v)` broadcasting assignment
│   caller = top-level scope at deprecated.jl:358
└ @ Core ~/.julia/packages/DataFrames/yH0f6/test/deprecated.jl:358
┌ Warning: implicit vector broadcasting in setindex! is deprecated; use `df[row_inds, col_inds] .= Ref(v)` broadcasting assignment
│   caller = top-level scope at deprecated.jl:361
└ @ Core ~/.julia/packages/DataFrames/yH0f6/test/deprecated.jl:361
┌ Warning: `setindex!(df::DataFrame, v::Any, row_ind::Integer, col_inds::AbstractVector{<:ColumnIndex})` is deprecated, use `begin
│     df[row_ind, col_inds] .= Ref(v)
│     df
│ end` instead.
│   caller = setindex!(::DataFrame, ::Int64, ::Int64, ::Colon) at deprecated.jl:1576
└ @ DataFrames ~/.julia/packages/DataFrames/yH0f6/src/deprecated.jl:1576
┌ Warning: implicit vector broadcasting in setindex! is deprecated; use `df[row_inds, col_inds] .= Ref(v)` broadcasting assignment
│   caller = top-level scope at deprecated.jl:362
└ @ Core ~/.julia/packages/DataFrames/yH0f6/test/deprecated.jl:362
┌ Warning: implicit vector broadcasting in setindex! is deprecated; use `df[row_inds, col_inds] .= Ref(v)` broadcasting assignment to change the columns in place
│   caller = setindex!(::DataFrame, ::Int64, ::UnitRange{Int64}, ::Colon) at deprecated.jl:1576
└ @ DataFrames ~/.julia/packages/DataFrames/yH0f6/src/deprecated.jl:1576
┌ Warning: implicit vector broadcasting in setindex! is deprecated; use `df[row_inds, col_inds] .= Ref(v)` broadcasting assignment
│   caller = top-level scope at deprecated.jl:363
└ @ Core ~/.julia/packages/DataFrames/yH0f6/test/deprecated.jl:363
┌ Warning: implicit vector broadcasting in setindex! is deprecated; use `df[row_inds, col_inds] .= Ref(v)` broadcasting assignment to change the columns in place
│   caller = setindex! at deprecated.jl:1544 [inlined]
└ @ Core ~/.julia/packages/DataFrames/yH0f6/src/deprecated.jl:1544
┌ Warning: implicit vector broadcasting in setindex! is deprecated; use `df[row_inds, col_inds] .= Ref(v)` broadcasting assignment
│   caller = top-level scope at deprecated.jl:366
└ @ Core ~/.julia/packages/DataFrames/yH0f6/test/deprecated.jl:366
┌ Warning: implicit vector broadcasting in setindex! is deprecated; use `df[row_inds, col_inds] .= v` broadcasting assignment to change the columns in place
│   caller = setindex!(::DataFrame, ::Array{Int64,1}, ::UnitRange{Int64}, ::Colon) at deprecated.jl:1576
└ @ DataFrames ~/.julia/packages/DataFrames/yH0f6/src/deprecated.jl:1576
┌ Warning: implicit vector broadcasting in setindex! is deprecated; use `df[row_inds, col_inds] .= Ref(v)` broadcasting assignment
│   caller = top-level scope at deprecated.jl:367
└ @ Core ~/.julia/packages/DataFrames/yH0f6/test/deprecated.jl:367
┌ Warning: implicit vector broadcasting in setindex! is deprecated; use `df[row_inds, col_inds] .= v` broadcasting assignment to change the columns in place
│   caller = setindex! at deprecated.jl:1513 [inlined]
└ @ Core ~/.julia/packages/DataFrames/yH0f6/src/deprecated.jl:1513
┌ Warning: `setindex!(df::DataFrame, v::AbstractVector, ::Colon, col_ind::ColumnIndex)` is deprecated, use `begin
│     df[!, col_ind] = v
│     df
│ end` instead.
│   caller = top-level scope at deprecated.jl:370
└ @ Core ~/.julia/packages/DataFrames/yH0f6/test/deprecated.jl:370
┌ Warning: implicit vector broadcasting in setindex! is deprecated; use `df[:, col_inds] .= Ref(v)` broadcasting assignment to change the columns in place
│   caller = top-level scope at deprecated.jl:373
└ @ Core ~/.julia/packages/DataFrames/yH0f6/test/deprecated.jl:373
┌ Warning: Implicit broadcasting to an existing column in DataFrame assignment is deprecated.Use an explicit broadcast with `df[:, col_ind] .= v`
│   caller = setindex!(::DataFrame, ::Int64, ::Colon, ::Int64) at deprecated.jl:1584
└ @ DataFrames ~/.julia/packages/DataFrames/yH0f6/src/deprecated.jl:1584
┌ Warning: Implicit broadcasting to an existing column in DataFrame assignment is deprecated.Use an explicit broadcast with `df[:, col_ind] .= v`
│   caller = top-level scope at deprecated.jl:374
└ @ Core ~/.julia/packages/DataFrames/yH0f6/test/deprecated.jl:374
┌ Warning: `setindex!(df::DataFrame, new_df::DataFrame, row_ind::Integer, col_inds::AbstractVector{<:ColumnIndex})` is deprecated, use `begin
│     foreach((((i, c),)->begin
│                 df[row_ind, c] = new_df[1, i]
│             end), enumerate(col_inds))
│     df
│ end` instead.
│   caller = top-level scope at deprecated.jl:377
└ @ Core ~/.julia/packages/DataFrames/yH0f6/test/deprecated.jl:377
┌ Warning: in the future column names in source and target will have to match
│   caller = top-level scope at deprecated.jl:378
└ @ Core ~/.julia/packages/DataFrames/yH0f6/test/deprecated.jl:378
┌ Warning: in the future column names in source and target will have to match
│   caller = top-level scope at deprecated.jl:379
└ @ Core ~/.julia/packages/DataFrames/yH0f6/test/deprecated.jl:379
┌ Warning: `setindex!(df::DataFrame, v::Any, row_ind::Integer, col_inds::AbstractVector{<:ColumnIndex})` is deprecated, use `begin
│     df[row_ind, col_inds] .= Ref(v)
│     df
│ end` instead.
│   caller = top-level scope at deprecated.jl:382
└ @ Core ~/.julia/packages/DataFrames/yH0f6/test/deprecated.jl:382
┌ Warning: implicit vector broadcasting in setindex! is deprecated; use `df[row_inds, col_inds] .= Ref(v)` broadcasting assignment to change the columns in place
│   caller = top-level scope at deprecated.jl:383
└ @ Core ~/.julia/packages/DataFrames/yH0f6/test/deprecated.jl:383
┌ Warning: implicit vector broadcasting in setindex! is deprecated; use `df[row_inds, col_inds] .= Ref(v)` broadcasting assignment to change the columns in place
│   caller = setindex!(::DataFrame, ::Int64, ::Array{Bool,1}, ::UnitRange{Int64}) at deprecated.jl:1544
└ @ DataFrames ~/.julia/packages/DataFrames/yH0f6/src/deprecated.jl:1544
┌ Warning: implicit vector broadcasting in setindex! is deprecated; use `df[row_inds, col_inds] .= v` broadcasting assignment to change the columns in place
│   caller = top-level scope at deprecated.jl:387
└ @ Core ~/.julia/packages/DataFrames/yH0f6/test/deprecated.jl:387
┌ Warning: implicit vector broadcasting in setindex! is deprecated; use `df[row_inds, col_inds] .= v` broadcasting assignment to change the columns in place
│   caller = setindex!(::DataFrame, ::Array{Int64,1}, ::Array{Bool,1}, ::UnitRange{Int64}) at deprecated.jl:1513
└ @ DataFrames ~/.julia/packages/DataFrames/yH0f6/src/deprecated.jl:1513
┌ Warning: `setindex!(df::DataFrame, new_df::DataFrame, row_ind::Integer, col_inds::AbstractVector{<:ColumnIndex})` is deprecated, use `begin
│     foreach((((i, c),)->begin
│                 df[row_ind, c] = new_df[1, i]
│             end), enumerate(col_inds))
│     df
│ end` instead.
│   caller = top-level scope at deprecated.jl:392
└ @ Core ~/.julia/packages/DataFrames/yH0f6/test/deprecated.jl:392
┌ Warning: `setindex!(df::DataFrame, new_df::DataFrame, row_ind::Integer, col_inds::AbstractVector{Bool})` is deprecated, use `begin
│     foreach((((i, c),)->begin
│                 df[row_ind, c] = new_df[1, i]
│             end), enumerate(findall(col_inds)))
│     df
│ end` instead.
│   caller = top-level scope at deprecated.jl:396
└ @ Core ~/.julia/packages/DataFrames/yH0f6/test/deprecated.jl:396
┌ Warning: Implicit broadcasting to a new column in DataFrame assignment is deprecated.Use `df[!, col_ind] .= v`  when `df` has some columns
│   caller = top-level scope at deprecated.jl:403
└ @ Core ~/.julia/packages/DataFrames/yH0f6/test/deprecated.jl:403
┌ Warning: `setindex!(df::DataFrame, v::AbstractVector, col_ind::ColumnIndex)` is deprecated, use `begin
│     df[!, col_ind] = v
│     df
│ end` instead.
│   caller = top-level scope at deprecated.jl:410
└ @ Core ~/.julia/packages/DataFrames/yH0f6/test/deprecated.jl:410
┌ Warning: `setindex!(df::DataFrame, v::AbstractVector, col_ind::ColumnIndex)` is deprecated, use `begin
│     df[!, col_ind] = v
│     df
│ end` instead.
│   caller = top-level scope at deprecated.jl:411
└ @ Core ~/.julia/packages/DataFrames/yH0f6/test/deprecated.jl:411
┌ Warning: Implicit broadcasting to a new column in DataFrame assignment is deprecated.Use `df[!, col_ind] .= v`  when `df` has some columns
│   caller = top-level scope at deprecated.jl:414
└ @ Core ~/.julia/packages/DataFrames/yH0f6/test/deprecated.jl:414
┌ Warning: `getindex(df::DataFrame, col_ind::ColumnIndex)` is deprecated, use `df[!, col_ind]` instead.
│   caller = top-level scope at deprecated.jl:415
└ @ Core ~/.julia/packages/DataFrames/yH0f6/test/deprecated.jl:415
┌ Warning: `getindex(df::DataFrame, col_ind::ColumnIndex)` is deprecated, use `df[!, col_ind]` instead.
│   caller = top-level scope at deprecated.jl:423
└ @ Core ~/.julia/packages/DataFrames/yH0f6/test/deprecated.jl:423
┌ Warning: `getindex(df::DataFrame, col_ind::ColumnIndex)` is deprecated, use `df[!, col_ind]` instead.
│   caller = top-level scope at deprecated.jl:424
└ @ Core ~/.julia/packages/DataFrames/yH0f6/test/deprecated.jl:424
┌ Warning: `getindex(df::DataFrame, col_inds::Union{AbstractVector, Regex, Not})` is deprecated, use `df[:, col_inds]` instead.
│   caller = top-level scope at deprecated.jl:425
└ @ Core ~/.julia/packages/DataFrames/yH0f6/test/deprecated.jl:425
┌ Warning: `getindex(df::DataFrame, col_ind::ColumnIndex)` is deprecated, use `df[!, col_ind]` instead.
│   caller = top-level scope at deprecated.jl:425
└ @ Core ~/.julia/packages/DataFrames/yH0f6/test/deprecated.jl:425
┌ Warning: `getindex(df::DataFrame, col_inds::Union{AbstractVector, Regex, Not})` is deprecated, use `df[:, col_inds]` instead.
│   caller = top-level scope at deprecated.jl:426
└ @ Core ~/.julia/packages/DataFrames/yH0f6/test/deprecated.jl:426
┌ Warning: `getindex(df::DataFrame, col_ind::ColumnIndex)` is deprecated, use `df[!, col_ind]` instead.
│   caller = top-level scope at deprecated.jl:426
└ @ Core ~/.julia/packages/DataFrames/yH0f6/test/deprecated.jl:426
┌ Warning: `getindex(df::DataFrame, col_inds::Union{AbstractVector, Regex, Not})` is deprecated, use `df[:, col_inds]` instead.
│   caller = top-level scope at deprecated.jl:427
└ @ Core ~/.julia/packages/DataFrames/yH0f6/test/deprecated.jl:427
┌ Warning: `getindex(df::DataFrame, col_ind::ColumnIndex)` is deprecated, use `df[!, col_ind]` instead.
│   caller = top-level scope at deprecated.jl:427
└ @ Core ~/.julia/packages/DataFrames/yH0f6/test/deprecated.jl:427
┌ Warning: `getindex(df::DataFrame, col_inds::Union{AbstractVector, Regex, Not})` is deprecated, use `df[:, col_inds]` instead.
│   caller = top-level scope at deprecated.jl:428
└ @ Core ~/.julia/packages/DataFrames/yH0f6/test/deprecated.jl:428
┌ Warning: `getindex(df::DataFrame, col_ind::ColumnIndex)` is deprecated, use `df[!, col_ind]` instead.
│   caller = top-level scope at deprecated.jl:428
└ @ Core ~/.julia/packages/DataFrames/yH0f6/test/deprecated.jl:428
┌ Warning: `getindex(df::DataFrame, col_inds::Union{AbstractVector, Regex, Not})` is deprecated, use `df[:, col_inds]` instead.
│   caller = top-level scope at deprecated.jl:429
└ @ Core ~/.julia/packages/DataFrames/yH0f6/test/deprecated.jl:429
┌ Warning: `getindex(df::DataFrame, col_ind::ColumnIndex)` is deprecated, use `df[!, col_ind]` instead.
│   caller = top-level scope at deprecated.jl:429
└ @ Core ~/.julia/packages/DataFrames/yH0f6/test/deprecated.jl:429
┌ Warning: `getindex(df::DataFrame, col_inds::Union{AbstractVector, Regex, Not})` is deprecated, use `df[:, col_inds]` instead.
│   caller = top-level scope at deprecated.jl:430
└ @ Core ~/.julia/packages/DataFrames/yH0f6/test/deprecated.jl:430
┌ Warning: `getindex(df::DataFrame, col_ind::ColumnIndex)` is deprecated, use `df[!, col_ind]` instead.
│   caller = top-level scope at deprecated.jl:430
└ @ Core ~/.julia/packages/DataFrames/yH0f6/test/deprecated.jl:430
┌ Warning: `getindex(df::DataFrame, col_inds::Union{AbstractVector, Regex, Not})` is deprecated, use `df[:, col_inds]` instead.
│   caller = top-level scope at deprecated.jl:431
└ @ Core ~/.julia/packages/DataFrames/yH0f6/test/deprecated.jl:431
┌ Warning: `getindex(df::DataFrame, col_ind::ColumnIndex)` is deprecated, use `df[!, col_ind]` instead.
│   caller = top-level scope at deprecated.jl:431
└ @ Core ~/.julia/packages/DataFrames/yH0f6/test/deprecated.jl:431
┌ Warning: `getindex(df::DataFrame, col_inds::Union{AbstractVector, Regex, Not})` is deprecated, use `df[:, col_inds]` instead.
│   caller = top-level scope at deprecated.jl:432
└ @ Core ~/.julia/packages/DataFrames/yH0f6/test/deprecated.jl:432
┌ Warning: `getindex(df::DataFrame, col_ind::ColumnIndex)` is deprecated, use `df[!, col_ind]` instead.
│   caller = top-level scope at deprecated.jl:432
└ @ Core ~/.julia/packages/DataFrames/yH0f6/test/deprecated.jl:432
┌ Warning: `getindex(df::DataFrame, ::Colon)` is deprecated, use `df[:, :]` instead.
│   caller = top-level scope at deprecated.jl:433
└ @ Core ~/.julia/packages/DataFrames/yH0f6/test/deprecated.jl:433
┌ Warning: `getindex(df::DataFrame, col_ind::ColumnIndex)` is deprecated, use `df[!, col_ind]` instead.
│   caller = top-level scope at deprecated.jl:433
└ @ Core ~/.julia/packages/DataFrames/yH0f6/test/deprecated.jl:433
┌ Warning: `getindex(df::DataFrame, ::Colon)` is deprecated, use `df[:, :]` instead.
│   caller = top-level scope at deprecated.jl:434
└ @ Core ~/.julia/packages/DataFrames/yH0f6/test/deprecated.jl:434
┌ Warning: `getindex(df::DataFrame, col_ind::ColumnIndex)` is deprecated, use `df[!, col_ind]` instead.
│   caller = top-level scope at deprecated.jl:434
└ @ Core ~/.julia/packages/DataFrames/yH0f6/test/deprecated.jl:434
┌ Warning: `getindex(df::DataFrame, col_inds::Union{AbstractVector, Regex, Not})` is deprecated, use `df[:, col_inds]` instead.
│   caller = top-level scope at deprecated.jl:435
└ @ Core ~/.julia/packages/DataFrames/yH0f6/test/deprecated.jl:435
┌ Warning: `getindex(df::DataFrame, col_ind::ColumnIndex)` is deprecated, use `df[!, col_ind]` instead.
│   caller = top-level scope at deprecated.jl:435
└ @ Core ~/.julia/packages/DataFrames/yH0f6/test/deprecated.jl:435
┌ Warning: `getindex(df::DataFrame, col_inds::Union{AbstractVector, Regex, Not})` is deprecated, use `df[:, col_inds]` instead.
│   caller = top-level scope at deprecated.jl:436
└ @ Core ~/.julia/packages/DataFrames/yH0f6/test/deprecated.jl:436
┌ Warning: `getindex(df::DataFrame, col_ind::ColumnIndex)` is deprecated, use `df[!, col_ind]` instead.
│   caller = top-level scope at deprecated.jl:436
└ @ Core ~/.julia/packages/DataFrames/yH0f6/test/deprecated.jl:436
┌ Warning: `setindex!(df::DataFrame, v::AbstractVector, col_ind::ColumnIndex)` is deprecated, use `begin
│     df[!, col_ind] = v
│     df
│ end` instead.
│   caller = top-level scope at deprecated.jl:441
└ @ Core ~/.julia/packages/DataFrames/yH0f6/test/deprecated.jl:441
┌ Warning: `setindex!(df::DataFrame, v::AbstractVector, col_ind::ColumnIndex)` is deprecated, use `begin
│     df[!, col_ind] = v
│     df
│ end` instead.
│   caller = top-level scope at deprecated.jl:442
└ @ Core ~/.julia/packages/DataFrames/yH0f6/test/deprecated.jl:442
┌ Warning: `setindex!(df::DataFrame, v::AbstractVector, col_ind::ColumnIndex)` is deprecated, use `begin
│     df[!, col_ind] = v
│     df
│ end` instead.
│   caller = top-level scope at deprecated.jl:443
└ @ Core ~/.julia/packages/DataFrames/yH0f6/test/deprecated.jl:443
┌ Warning: In the future setindex! will disallow adding columnsto a DataFrame using integer index. Use a Symbol to specify a column name instead.
│   caller = setindex!(::DataFrame, ::Array{Int64,1}, ::Int64) at deprecated.jl:67
└ @ DataFrames ./deprecated.jl:67
┌ Warning: `setindex!(df::DataFrame, v::AbstractVector, col_ind::ColumnIndex)` is deprecated, use `begin
│     df[!, col_ind] = v
│     df
│ end` instead.
│   caller = top-level scope at deprecated.jl:444
└ @ Core ~/.julia/packages/DataFrames/yH0f6/test/deprecated.jl:444
┌ Warning: `getindex(df::DataFrame, col_ind::ColumnIndex)` is deprecated, use `df[!, col_ind]` instead.
│   caller = top-level scope at deprecated.jl:459
└ @ Core ~/.julia/packages/DataFrames/yH0f6/test/deprecated.jl:459
┌ Warning: `getindex(df::DataFrame, col_ind::ColumnIndex)` is deprecated, use `df[!, col_ind]` instead.
│   caller = top-level scope at deprecated.jl:459
└ @ Core ~/.julia/packages/DataFrames/yH0f6/test/deprecated.jl:459
┌ Warning: `getindex(df::DataFrame, col_inds::Union{AbstractVector, Regex, Not})` is deprecated, use `df[:, col_inds]` instead.
│   caller = top-level scope at deprecated.jl:460
└ @ Core ~/.julia/packages/DataFrames/yH0f6/test/deprecated.jl:460
┌ Warning: `getindex(df::DataFrame, col_inds::Union{AbstractVector, Regex, Not})` is deprecated, use `df[:, col_inds]` instead.
│   caller = top-level scope at deprecated.jl:460
└ @ Core ~/.julia/packages/DataFrames/yH0f6/test/deprecated.jl:460
┌ Warning: `setindex!(df::DataFrame, v::AbstractVector, col_ind::ColumnIndex)` is deprecated, use `begin
│     df[!, col_ind] = v
│     df
│ end` instead.
│   caller = top-level scope at deprecated.jl:462
└ @ Core ~/.julia/packages/DataFrames/yH0f6/test/deprecated.jl:462
┌ Warning: `setindex!(df::DataFrame, v::AbstractVector, col_ind::ColumnIndex)` is deprecated, use `begin
│     df[!, col_ind] = v
│     df
│ end` instead.
│   caller = top-level scope at deprecated.jl:463
└ @ Core ~/.julia/packages/DataFrames/yH0f6/test/deprecated.jl:463
┌ Warning: `setindex!(df::DataFrame, new_df::DataFrame, col_inds::AbstractVector{<:ColumnIndex})` is deprecated, use `foreach((((j, colind),)->begin
│             df[!, colind] = new_df[!, j]
│         end), enumerate(col_inds))` instead.
│   caller = top-level scope at deprecated.jl:465
└ @ Core ~/.julia/packages/DataFrames/yH0f6/test/deprecated.jl:465
┌ Warning: `setindex!(df::DataFrame, v::AbstractVector, col_ind::ColumnIndex)` is deprecated, use `begin
│     df[!, col_ind] = v
│     df
│ end` instead.
│   caller = top-level scope at deprecated.jl:466
└ @ Core ~/.julia/packages/DataFrames/yH0f6/test/deprecated.jl:466
┌ Warning: `setindex!(df::DataFrame, v::AbstractVector, col_ind::ColumnIndex)` is deprecated, use `begin
│     df[!, col_ind] = v
│     df
│ end` instead.
│   caller = top-level scope at deprecated.jl:467
└ @ Core ~/.julia/packages/DataFrames/yH0f6/test/deprecated.jl:467
┌ Warning: in the future column names in source and target will have to match
│   caller = setindex!(::SubDataFrame{DataFrame,DataFrames.Index,UnitRange{Int64}}, ::DataFrame, ::UnitRange{Int64}) at subdataframe.jl:145
└ @ DataFrames ~/.julia/packages/DataFrames/yH0f6/src/subdataframe/subdataframe.jl:145
┌ Warning: implicit broadcasting in setindex! is deprecated; use `df[:, col_inds] .= Ref(v)` broadcasting assignment to change the columns in place
│   caller = top-level scope at deprecated.jl:475
└ @ Core ~/.julia/packages/DataFrames/yH0f6/test/deprecated.jl:475
┌ Warning: Implicit broadcasting to an existing column in DataFrame assignment is deprecated.Use an explicit broadcast with `df[:, col_ind] .= v`
│   caller = setindex!(::DataFrame, ::Float64, ::UnitRange{Int64}) at deprecated.jl:1456
└ @ DataFrames ~/.julia/packages/DataFrames/yH0f6/src/deprecated.jl:1456
┌ Warning: implicit vector broadcasting in setindex! is deprecated; use `df[:, col_inds] .= Ref(v)` broadcasting assignment to change the columns in place
│   caller = top-level scope at deprecated.jl:480
└ @ Core ~/.julia/packages/DataFrames/yH0f6/test/deprecated.jl:480
┌ Warning: implicit broadcasting in setindex! is deprecated; use `df[:, col_inds] .= Ref(v)` broadcasting assignment to change the columns in place
│   caller = setindex!(::DataFrame, ::Float64, ::Colon, ::UnitRange{Int64}) at deprecated.jl:1584
└ @ DataFrames ~/.julia/packages/DataFrames/yH0f6/src/deprecated.jl:1584
┌ Warning: `setindex!(df::DataFrame, v::AbstractVector, col_inds::AbstractVector{<:ColumnIndex})` is deprecated, use `begin
│     foreach((c->begin
│                 df[!, c] = copy(v)
│             end), col_inds)
│     df
│ end` instead.
│   caller = top-level scope at deprecated.jl:487
└ @ Core ~/.julia/packages/DataFrames/yH0f6/test/deprecated.jl:487
┌ Warning: implicit vector broadcasting in setindex! is deprecated; use `df[:, col_inds] .= Ref(v)` broadcasting assignment to change the columns in place
│   caller = top-level scope at deprecated.jl:496
└ @ Core ~/.julia/packages/DataFrames/yH0f6/test/deprecated.jl:496
┌ Warning: `setindex!(df::DataFrame, v::AbstractVector, col_inds::AbstractVector{<:ColumnIndex})` is deprecated, use `begin
│     foreach((c->begin
│                 df[!, c] = copy(v)
│             end), col_inds)
│     df
│ end` instead.
│   caller = setindex!(::DataFrame, ::Array{Float64,1}, ::Colon, ::UnitRange{Int64}) at deprecated.jl:1584
└ @ DataFrames ~/.julia/packages/DataFrames/yH0f6/src/deprecated.jl:1584
Test Summary:                                        | Pass  Total
df[col] and df[col] for getindex, view, and setindex |  132    132
	[1m[32mPASSED[0m: deprecated.jl
ERROR: LoadError: "Tests failed"
Stacktrace:
 [1] top-level scope at /root/.julia/packages/DataFrames/yH0f6/test/runtests.jl:53
 [2] include at ./boot.jl:328 [inlined]
 [3] include_relative(::Module, ::String) at ./loading.jl:1105
 [4] include(::Module, ::String) at ./Base.jl:31
 [5] include(::String) at ./client.jl:424
 [6] top-level scope at none:6
in expression starting at /root/.julia/packages/DataFrames/yH0f6/test/runtests.jl:52
   Testing Distances
 Resolving package versions...
    Status `/tmp/jl_CsHRIK/Manifest.toml`
  [b4f34e82] Distances v0.8.2
  [2a0f44e3] Base64  [`@stdlib/Base64`]
  [8ba89e20] Distributed  [`@stdlib/Distributed`]
  [b77e0a4c] InteractiveUtils  [`@stdlib/InteractiveUtils`]
  [8f399da3] Libdl  [`@stdlib/Libdl`]
  [37e2e46d] LinearAlgebra  [`@stdlib/LinearAlgebra`]
  [56ddb016] Logging  [`@stdlib/Logging`]
  [d6f4376e] Markdown  [`@stdlib/Markdown`]
  [9a3f8284] Random  [`@stdlib/Random`]
  [9e88b42a] Serialization  [`@stdlib/Serialization`]
  [6462fe0b] Sockets  [`@stdlib/Sockets`]
  [2f01184e] SparseArrays  [`@stdlib/SparseArrays`]
  [10745b16] Statistics  [`@stdlib/Statistics`]
  [8dfed614] Test  [`@stdlib/Test`]
Test Summary:                            | Pass  Total
PreMetric, SemiMetric, Metric on Float64 |  401    401
Test Summary:                        | Pass  Total
PreMetric, SemiMetric, Metric on F64 |  401    401
Test Summary:      | Pass  Total
individual metrics |  153    153
Test Summary: | Pass  Total
NaN behavior  |    3      3
Test Summary: | Pass  Total
empty vector  |   46     46
Test Summary:              | Pass  Total
DimensionMismatch throwing |   15     15
Test Summary:         | Pass  Total
Different input types |   52     52
Test Summary: | Pass  Total
mahalanobis   |    8      8
Test Summary: | Pass  Total
haversine     |   12     12
Test Summary:             | Pass  Total
bhattacharyya / hellinger |   20     20
Test Summary:                  | Pass  Total
column-wise metrics on Float64 |   93     93
Test Summary:              | Pass  Total
column-wise metrics on F64 |   93     93
┌ Warning: implicit `dims=2` argument now has to be passed explicitly to specify that distances between columns should be computed
│   caller = ip:0x0
└ @ Core :-1
Test Summary:               | Pass  Total
pairwise metrics on Float64 |  174    174
Test Summary:           | Pass  Total
pairwise metrics on F64 |  174    174
Test Summary:       | Pass  Total
Euclidean precision |    8      8
Test Summary:      | Pass  Total
Bregman Divergence |    4      4
   Testing Distances tests passed 
   Testing Distributions
 Resolving package versions...
 Installed FiniteDifferences ─ v0.9.0
    Status `/tmp/jl_IzDoYS/Manifest.toml`
  [7d9fca2a] Arpack v0.4.0
  [68821587] Arpack_jll v3.5.0+2
  [9e28174c] BinDeps v0.8.10
  [b99e7846] BinaryProvider v0.5.8
  [49dc2e85] Calculus v0.5.1
  [bbf7d656] CommonSubexpressions v0.2.0
  [34da2185] Compat v2.2.0
  [9a962f9c] DataAPI v1.1.0
  [864edb3b] DataStructures v0.17.6
  [163ba53b] DiffResults v0.0.4
  [b552c78f] DiffRules v0.1.0
  [31c24e10] Distributions v0.21.10
  [1a297f60] FillArrays v0.8.2
  [26cc04aa] FiniteDifferences v0.9.0
  [f6369f11] ForwardDiff v0.10.7
  [682c06a0] JSON v0.21.0
  [e1d29d7a] Missings v0.4.3
  [77ba4419] NaNMath v0.3.3
  [4536629a] OpenBLAS_jll v0.3.7+1
  [bac558e1] OrderedCollections v1.1.0
  [90014a1f] PDMats v0.9.10
  [69de0a69] Parsers v0.3.10
  [1fd47b50] QuadGK v2.1.1
  [79098fc4] Rmath v0.5.1
  [a2af1166] SortingAlgorithms v0.3.1
  [276daf66] SpecialFunctions v0.8.0
  [90137ffa] StaticArrays v0.12.1
  [2913bbd2] StatsBase v0.32.0
  [4c63d2b9] StatsFuns v0.9.1
  [30578b45] URIParser v0.4.0
  [2a0f44e3] Base64  [`@stdlib/Base64`]
  [ade2ca70] Dates  [`@stdlib/Dates`]
  [8bb1440f] DelimitedFiles  [`@stdlib/DelimitedFiles`]
  [8ba89e20] Distributed  [`@stdlib/Distributed`]
  [b77e0a4c] InteractiveUtils  [`@stdlib/InteractiveUtils`]
  [76f85450] LibGit2  [`@stdlib/LibGit2`]
  [8f399da3] Libdl  [`@stdlib/Libdl`]
  [37e2e46d] LinearAlgebra  [`@stdlib/LinearAlgebra`]
  [56ddb016] Logging  [`@stdlib/Logging`]
  [d6f4376e] Markdown  [`@stdlib/Markdown`]
  [a63ad114] Mmap  [`@stdlib/Mmap`]
  [44cfe95a] Pkg  [`@stdlib/Pkg`]
  [de0858da] Printf  [`@stdlib/Printf`]
  [3fa0cd96] REPL  [`@stdlib/REPL`]
  [9a3f8284] Random  [`@stdlib/Random`]
  [ea8e919c] SHA  [`@stdlib/SHA`]
  [9e88b42a] Serialization  [`@stdlib/Serialization`]
  [1a1011a3] SharedArrays  [`@stdlib/SharedArrays`]
  [6462fe0b] Sockets  [`@stdlib/Sockets`]
  [2f01184e] SparseArrays  [`@stdlib/SparseArrays`]
  [10745b16] Statistics  [`@stdlib/Statistics`]
  [4607b0f0] SuiteSparse  [`@stdlib/SuiteSparse`]
  [8dfed614] Test  [`@stdlib/Test`]
  [cf7118a7] UUIDs  [`@stdlib/UUIDs`]
  [4ec0a83e] Unicode  [`@stdlib/Unicode`]
Running tests:
    [Discrete]
    ------------
    testing Truncated(BetaBinomial(10, 0.2, 0.25),3,5)
    testing Truncated(BetaBinomial(10, 2, 2.5),3,5)
    testing Truncated(BetaBinomial(10, 60, 40),3,5)
    testing Truncated(Binomial(5, 0.4),3,5)
    testing Truncated(Binomial(6, 0.8),3,5)
    testing Truncated(Binomial(100, 0.1),3,5)
    testing Truncated(Binomial(100, 0.9),3,5)
    testing Truncated(Binomial(10, 0.0),3,5)
    testing Truncated(Binomial(10, 1.0),3,5)
    testing Truncated(DiscreteUniform(6),3,5)
    testing Truncated(DiscreteUniform(7),3,5)
    testing Truncated(DiscreteUniform(2, 8),3,5)
    testing Truncated(Geometric(),3,5)
    testing Truncated(Geometric(0.02),3,5)
    testing Truncated(Geometric(0.1),3,5)
    testing Truncated(Geometric(0.5),3,5)
    testing Truncated(Geometric(0.9),3,5)
    testing Truncated(NegativeBinomial(),3,5)
    testing Truncated(NegativeBinomial(6),3,5)
    testing Truncated(NegativeBinomial(1, 0.5),3,5)
    testing Truncated(NegativeBinomial(5, 0.6),3,5)
    testing Truncated(NegativeBinomial(0.5, 0.5),3,5)
    testing Truncated(Poisson(),3,5)
    testing Truncated(Poisson(0.5),3,5)
    testing Truncated(Poisson(2.0),3,5)
    testing Truncated(Poisson(10.0),3,5)
    testing Truncated(Poisson(80.0),3,5)

    [Continuous]
    ------------
    testing Truncated(BetaPrime(),3,5)
    testing Truncated(BetaPrime(3.0),3,5)
    testing Truncated(BetaPrime(3.0, 5.0),3,5)
    testing Truncated(BetaPrime(5.0, 3.0),3,5)
    testing Truncated(Cauchy(),3,5)
    testing Truncated(Cauchy(2.0),3,5)
    testing Truncated(Cauchy(0.0, 1.0),3,5)
    testing Truncated(Cauchy(10.0, 1.0),3,5)
    testing Truncated(Cauchy(2.0, 10.0),3,5)
    testing Truncated(Chi(1),3,5)
    testing Truncated(Chi(2),3,5)
    testing Truncated(Chi(3),3,5)
    testing Truncated(Chi(12),3,5)
    testing Truncated(Chisq(1),3,5)
    testing Truncated(Chisq(8),3,5)
    testing Truncated(Chisq(20),3,5)
    testing Truncated(Erlang(),3,5)
    testing Truncated(Erlang(3),3,5)
    testing Truncated(Erlang(3, 1.0),3,5)
    testing Truncated(Erlang(5, 2.0),3,5)
    testing Truncated(Exponential(),3,5)
    testing Truncated(Exponential(2.0),3,5)
    testing Truncated(Exponential(6.5),3,5)
    testing Truncated(FDist(6.0, 8.0),3,5)
    testing Truncated(FDist(8.0, 6.0),3,5)
    testing Truncated(FDist(30, 40),3,5)
    testing Truncated(Frechet(),3,5)
    testing Truncated(Frechet(0.5),3,5)
    testing Truncated(Frechet(3.0),3,5)
    testing Truncated(Frechet(20.0),3,5)
    testing Truncated(Frechet(60.0),3,5)
    testing Truncated(Frechet(0.5, 2.0),3,5)
    testing Truncated(Frechet(3.0, 2.0),3,5)
    testing Truncated(Gamma(),3,5)
    testing Truncated(Gamma(2.0),3,5)
    testing Truncated(Gamma(1.0, 1.0),3,5)
    testing Truncated(Gamma(3.0, 1.0),3,5)
    testing Truncated(Gamma(3.0, 2.0),3,5)
    testing Truncated(GeneralizedExtremeValue(1.0, 1.0, 1.0),3,5)
    testing Truncated(GeneralizedExtremeValue(0.0, 1.0, 0.0),3,5)
    testing Truncated(GeneralizedExtremeValue(0.0, 1.0, 1.1),3,5)
    testing Truncated(GeneralizedExtremeValue(0.0, 1.0, 0.6),3,5)
    testing Truncated(GeneralizedExtremeValue(0.0, 1.0, 0.3),3,5)
    testing Truncated(GeneralizedExtremeValue(-1.0, 0.5, 0.6),3,5)
    testing Truncated(GeneralizedPareto(),3,5)
    testing Truncated(GeneralizedPareto(1.0, 1.0),3,5)
    testing Truncated(GeneralizedPareto(0.1, 2.0),3,5)
    testing Truncated(GeneralizedPareto(1.0, 1.0, 1.0),3,5)
    testing Truncated(GeneralizedPareto(-1.5, 0.5, 2.0),3,5)
    testing Truncated(Gumbel(),3,5)
    testing Truncated(Gumbel(3.0),3,5)
    testing Truncated(Gumbel(3.0, 5.0),3,5)
    testing Truncated(Gumbel(5.0, 3.0),3,5)
    testing Truncated(InverseGamma(),3,5)
    testing Truncated(InverseGamma(2.0),3,5)
    testing Truncated(InverseGamma(1.0, 1.0),3,5)
    testing Truncated(InverseGamma(1.0, 2.0),3,5)
    testing Truncated(InverseGamma(2.0, 1.0),3,5)
    testing Truncated(InverseGamma(2.0, 3.0),3,5)
    testing Truncated(InverseGaussian(),3,5)
    testing Truncated(InverseGaussian(0.8),3,5)
    testing Truncated(InverseGaussian(2.0),3,5)
    testing Truncated(InverseGaussian(1.0, 1.0),3,5)
    testing Truncated(InverseGaussian(2.0, 1.5),3,5)
    testing Truncated(InverseGaussian(2.0, 7.0),3,5)
    testing Truncated(Laplace(),3,5)
    testing Truncated(Laplace(2.0),3,5)
    testing Truncated(Laplace(0.0, 1.0),3,5)
    testing Truncated(Laplace(5.0, 1.0),3,5)
    testing Truncated(Laplace(5.0, 1.5),3,5)
    testing Truncated(Levy(),3,5)
    testing Truncated(Levy(2),3,5)
    testing Truncated(Levy(2, 8),3,5)
    testing Truncated(Levy(3.0, 3),3,5)
    testing Truncated(Logistic(),3,5)
    testing Truncated(Logistic(2.0),3,5)
    testing Truncated(Logistic(0.0, 1.0),3,5)
    testing Truncated(Logistic(5.0, 1.0),3,5)
    testing Truncated(Logistic(2.0, 1.5),3,5)
    testing Truncated(Logistic(5.0, 1.5),3,5)
    testing Truncated(LogNormal(),3,5)
    testing Truncated(LogNormal(1.0),3,5)
    testing Truncated(LogNormal(0.0, 2.0),3,5)
    testing Truncated(LogNormal(1.0, 2.0),3,5)
    testing Truncated(LogNormal(3.0, 0.5),3,5)
    testing Truncated(LogNormal(3.0, 1.0),3,5)
    testing Truncated(LogNormal(3.0, 2.0),3,5)
    testing Truncated(NoncentralChisq(2, 2),3,5)
    testing Truncated(NoncentralChisq(2, 5),3,5)
    testing Truncated(NoncentralF(2, 2, 2),3,5)
    testing Truncated(NoncentralF(8, 10, 5),3,5)
    testing Truncated(NoncentralT(2, 2),3,5)
    testing Truncated(NoncentralT(10, 2),3,5)
    testing Truncated(Normal(),3,5)
    testing Truncated(Normal(2.0),3,5)
    testing Truncated(Normal(-3.0, 2.0),3,5)
    testing Truncated(Normal(1.0, 10.0),3,5)
    testing Truncated(NormalCanon(),3,5)
    testing Truncated(NormalCanon(0.0, 1.0),3,5)
    testing Truncated(NormalCanon(-1.0, 2.5),3,5)
    testing Truncated(NormalCanon(2.0, 0.8),3,5)
    testing Truncated(Pareto(),3,5)
    testing Truncated(Pareto(2.0),3,5)
    testing Truncated(Pareto(2.0, 1.5),3,5)
    testing Truncated(Pareto(3.0, 2.0),3,5)
    testing Truncated(Rayleigh(),3,5)
    testing Truncated(Rayleigh(3.0),3,5)
    testing Truncated(Rayleigh(8.0),3,5)
    testing Truncated(StudentizedRange(2.0, 2.0),3,5)
    testing Truncated(StudentizedRange(5.0, 10.0),3,5)
    testing Truncated(StudentizedRange(10.0, 5.0),3,5)
    testing Truncated(SymTriangularDist(3.0, 2.0),3,5)
    testing Truncated(SymTriangularDist(10.0, 8.0),3,5)
    testing Truncated(TDist(1.2),3,5)
    testing Truncated(TDist(5.0),3,5)
    testing Truncated(TDist(28.0),3,5)
    testing Truncated(TriangularDist(0, 5),3,5)
    testing Truncated(TriangularDist(-4, 14, 3),3,5)
    testing Truncated(TriangularDist(2, 2000, 500),3,5)
    testing Truncated(TruncatedNormal(27, 3, 0, Inf),3,5)
    testing Truncated(Uniform(3.0, 17.0),3,5)
    testing Truncated(Weibull(),3,5)
    testing Truncated(Weibull(0.5),3,5)
    testing Truncated(Weibull(5.0),3,5)
    testing Truncated(Weibull(20.0, 1.0),3,5)
    testing Truncated(Weibull(1.0, 2.0),3,5)
    testing Truncated(Weibull(5.0, 2.0),3,5)

Test Summary: | Pass  Total
Test truncate | 5112   5112
Test Summary:    | Pass  Total
Test truncnormal |   28     28
Test Summary:              | Pass  Total
Test truncated_exponential |    8      8
Test Summary: | Pass  Total
Test normal   |  131    131
Test Summary: | Pass  Total
Test mvnormal | 5624   5624
Test Summary:    | Pass  Total
Test mvlognormal | 1415   1415
Test Summary: | Pass  Total
Test types    |   30     30
Test Summary: | Pass  Total
Test utils    |   14     14
    testing CategoricalDirectSampler
    testing AliasTable
    testing BinomialGeomSampler
    testing BinomialTPESampler
    testing BinomialPolySampler
    testing BinomialAliasSampler
    testing PoissonCountSampler
    testing PoissonADSampler
    testing PoissBinAliasSampler
    testing ExponentialSampler
    testing GammaGDSampler
    testing GammaMTSampler
    testing GammaGSSampler
    testing GammaIPSampler
Test Summary: | Pass  Total
Test samplers |    2      2
    testing DiscreteNonParametric{Int64,Float64,Base.OneTo{Int64},Array{Float64,1}}(support=Base.OneTo(2), p=[0.5, 0.5]) as Categorical
    testing DiscreteNonParametric{Int64,Float64,Base.OneTo{Int64},Array{Float64,1}}(support=Base.OneTo(4), p=[0.1, 0.3, 0.2, 0.4]) as Categorical
    testing DiscreteNonParametric{Int64,Float64,Base.OneTo{Int64},Array{Float64,1}}(support=Base.OneTo(3), p=[0.15, 0.25, 0.6]) as Categorical
    testing DiscreteNonParametric{Int64,Float64,Base.OneTo{Int64},Array{Float64,1}}(support=Base.OneTo(4), p=[0.25, 0.25, 0.25, 0.25]) as Categorical
Test Summary:    | Pass  Total
Test categorical |  288    288
    [Discrete]
    ------------
    testing Bernoulli()
    testing Bernoulli(0.25)
    testing Bernoulli(0.75)
    testing Bernoulli(0.0)
    testing Bernoulli(1.0)
    testing BetaBinomial(2, 0.2, 0.25)
    testing BetaBinomial(10, 0.2, 0.25)
    testing BetaBinomial(10, 2, 2.5)
    testing BetaBinomial(10, 60, 40)
    testing Binomial()
    testing Binomial(3)
    testing Binomial(5, 0.4)
    testing Binomial(6, 0.8)
    testing Binomial(100, 0.1)
    testing Binomial(100, 0.9)
    testing Binomial(10, 0.0)
    testing Binomial(10, 1.0)
    testing DiscreteUniform()
    testing DiscreteUniform(6)
    testing DiscreteUniform(7)
    testing DiscreteUniform(0, 4)
    testing DiscreteUniform(2, 8)
    testing Geometric()
    testing Geometric(0.02)
    testing Geometric(0.1)
    testing Geometric(0.5)
    testing Geometric(0.9)
    testing Hypergeometric(2, 2, 2)
    testing Hypergeometric(3, 2, 2)
    testing Hypergeometric(3, 2, 0)
    testing Hypergeometric(3, 2, 5)
    testing Hypergeometric(4, 5, 6)
    testing Hypergeometric(60, 80, 100)
    testing NegativeBinomial()
    testing NegativeBinomial(6)
    testing NegativeBinomial(1, 0.5)
    testing NegativeBinomial(5, 0.6)
    testing NegativeBinomial(0.5, 0.5)
    testing Poisson()
    testing Poisson(0.0)
    testing Poisson(0.5)
    testing Poisson(2.0)
    testing Poisson(10.0)
    testing Poisson(80.0)
    testing Skellam()
    testing Skellam(2.0)
    testing Skellam(2.0, 3.0)
    testing Skellam(3.2, 1.8)
    testing FisherNoncentralHypergeometric(8, 6, 10, 1)
    testing FisherNoncentralHypergeometric(8, 6, 10, 10)
    testing FisherNoncentralHypergeometric(8, 6, 10, 0.1)
    testing FisherNoncentralHypergeometric(80, 60, 100, 1)
    testing FisherNoncentralHypergeometric(80, 60, 100, 10)
    testing FisherNoncentralHypergeometric(80, 60, 100, 0.1)
    testing WalleniusNoncentralHypergeometric(8, 6, 10, 1)
    testing WalleniusNoncentralHypergeometric(8, 6, 10, 10)
    testing WalleniusNoncentralHypergeometric(8, 6, 10, 0.1)
    testing WalleniusNoncentralHypergeometric(40, 30, 50, 1)
    testing WalleniusNoncentralHypergeometric(40, 30, 50, 0.5)
    testing WalleniusNoncentralHypergeometric(40, 30, 50, 2)

    [Continuous]
    ------------
    testing Arcsine()
    testing Arcsine(2.0)
    testing Arcsine(1.0, 2.5)
    testing Arcsine(-1.0, 1.0)
    testing Beta(2.0, 2.0)
    testing Beta(3.0, 4.0)
    testing Beta(17.0, 13.0)
    testing BetaPrime()
    testing BetaPrime(3.0)
    testing BetaPrime(3.0, 5.0)
    testing BetaPrime(5.0, 3.0)
    testing Cauchy()
    testing Cauchy(2.0)
    testing Cauchy(0.0, 1.0)
    testing Cauchy(10.0, 1.0)
    testing Cauchy(2.0, 10.0)
    testing Chi(1)
    testing Chi(2)
    testing Chi(3)
    testing Chi(12)
    testing Chisq(1)
    testing Chisq(8)
    testing Chisq(20)
    testing Cosine()
    testing Cosine(1.5)
    testing Cosine(2.0, 2.8)
    testing Erlang()
    testing Erlang(3)
    testing Erlang(3, 1.0)
    testing Erlang(5, 2.0)
    testing Exponential()
    testing Exponential(2.0)
    testing Exponential(6.5)
    testing FDist(6.0, 8.0)
    testing FDist(8.0, 6.0)
    testing FDist(30, 40)
    testing Frechet()
    testing Frechet(0.5)
    testing Frechet(3.0)
    testing Frechet(20.0)
    testing Frechet(60.0)
    testing Frechet(0.5, 2.0)
    testing Frechet(3.0, 2.0)
    testing Gamma()
    testing Gamma(2.0)
    testing Gamma(1.0, 1.0)
    testing Gamma(3.0, 1.0)
    testing Gamma(3.0, 2.0)
    testing GeneralizedExtremeValue(1.0, 1.0, 1.0)
    testing GeneralizedExtremeValue(0.0, 1.0, 0.0)
    testing GeneralizedExtremeValue(0.0, 1.0, 1.1)
    testing GeneralizedExtremeValue(0.0, 1.0, 0.6)
    testing GeneralizedExtremeValue(0.0, 1.0, 0.3)
    testing GeneralizedExtremeValue(1.0, 1.0, -1.0)
    testing GeneralizedExtremeValue(-1.0, 0.5, 0.6)
    testing GeneralizedPareto()
    testing GeneralizedPareto(1.0, 1.0)
    testing GeneralizedPareto(0.1, 2.0)
    testing GeneralizedPareto(1.0, 1.0, 1.0)
    testing GeneralizedPareto(-1.5, 0.5, 2.0)
    testing Gumbel()
    testing Gumbel(3.0)
    testing Gumbel(3.0, 5.0)
    testing Gumbel(5.0, 3.0)
    testing InverseGamma()
    testing InverseGamma(2.0)
    testing InverseGamma(1.0, 1.0)
    testing InverseGamma(1.0, 2.0)
    testing InverseGamma(2.0, 1.0)
    testing InverseGamma(2.0, 3.0)
    testing InverseGaussian()
    testing InverseGaussian(0.8)
    testing InverseGaussian(2.0)
    testing InverseGaussian(1.0, 1.0)
    testing InverseGaussian(2.0, 1.5)
    testing InverseGaussian(2.0, 7.0)
    testing Laplace()
    testing Laplace(2.0)
    testing Laplace(0.0, 1.0)
    testing Laplace(5.0, 1.0)
    testing Laplace(5.0, 1.5)
    testing Levy()
    testing Levy(2)
    testing Levy(2, 8)
    testing Levy(3.0, 3)
    testing Logistic()
    testing Logistic(2.0)
    testing Logistic(0.0, 1.0)
    testing Logistic(5.0, 1.0)
    testing Logistic(2.0, 1.5)
    testing Logistic(5.0, 1.5)
    testing LogNormal()
    testing LogNormal(1.0)
    testing LogNormal(0.0, 2.0)
    testing LogNormal(1.0, 2.0)
    testing LogNormal(3.0, 0.5)
    testing LogNormal(3.0, 1.0)
    testing LogNormal(3.0, 2.0)
    testing NoncentralBeta(2, 2, 0)
    testing NoncentralBeta(2, 6, 5)
    testing NoncentralChisq(2, 2)
    testing NoncentralChisq(2, 5)
    testing NoncentralF(2, 2, 2)
    testing NoncentralF(8, 10, 5)
    testing NoncentralT(2, 2)
    testing NoncentralT(10, 2)
    testing Normal()
    testing Normal(2.0)
    testing Normal(-3.0, 2.0)
    testing Normal(1.0, 10.0)
    testing NormalInverseGaussian(1.7, 1.8, 1.2, 2.3)
    testing NormalCanon()
    testing NormalCanon(0.0, 1.0)
    testing NormalCanon(-1.0, 2.5)
    testing NormalCanon(2.0, 0.8)
    testing Pareto()
    testing Pareto(2.0)
    testing Pareto(2.0, 1.5)
    testing Pareto(3.0, 2.0)
    testing Rayleigh()
    testing Rayleigh(3.0)
    testing Rayleigh(8.0)
    testing StudentizedRange(2.0, 2.0)
    testing StudentizedRange(5.0, 10.0)
    testing StudentizedRange(10.0, 5.0)
