Julia Version 1.3.0
Commit 46ce4d7933 (2019-11-26 06:09 UTC)
Platform Info:
  OS: Linux (x86_64-pc-linux-gnu)
  CPU: Intel(R) Xeon(R) Silver 4114 CPU @ 2.20GHz
  WORD_SIZE: 64
  LIBM: libopenlibm
  LLVM: libLLVM-6.0.1 (ORCJIT, skylake)

   Cloning default registries into `~/.julia`
   Cloning registry from "https://github.com/JuliaRegistries/General.git"
[?25l    Fetching: [>                                        ]  0.0 %    Fetching: [=============>                           ]  31.6 %    Fetching: [===========================>             ]  65.8 %[2K[?25h     Added registry `General` to `~/.julia/registries/General`
 Resolving package versions...
 Installed SortingAlgorithms â”€â”€â”€â”€â”€â”€ v0.3.1
 Installed NeighbourLists â”€â”€â”€â”€â”€â”€â”€â”€â”€ v0.5.0
 Installed Dierckx â”€â”€â”€â”€â”€â”€â”€â”€â”€â”€â”€â”€â”€â”€â”€â”€ v0.4.1
 Installed ASE â”€â”€â”€â”€â”€â”€â”€â”€â”€â”€â”€â”€â”€â”€â”€â”€â”€â”€â”€â”€ v0.5.1
 Installed DiffResults â”€â”€â”€â”€â”€â”€â”€â”€â”€â”€â”€â”€ v0.0.4
 Installed DataStructures â”€â”€â”€â”€â”€â”€â”€â”€â”€ v0.17.6
 Installed StaticArrays â”€â”€â”€â”€â”€â”€â”€â”€â”€â”€â”€ v0.12.1
 Installed LineSearches â”€â”€â”€â”€â”€â”€â”€â”€â”€â”€â”€ v7.0.1
 Installed BinaryProvider â”€â”€â”€â”€â”€â”€â”€â”€â”€ v0.5.8
 Installed FunctionWrappers â”€â”€â”€â”€â”€â”€â”€ v1.0.0
 Installed Parsers â”€â”€â”€â”€â”€â”€â”€â”€â”€â”€â”€â”€â”€â”€â”€â”€ v0.3.10
 Installed Missings â”€â”€â”€â”€â”€â”€â”€â”€â”€â”€â”€â”€â”€â”€â”€ v0.4.3
 Installed MacroTools â”€â”€â”€â”€â”€â”€â”€â”€â”€â”€â”€â”€â”€ v0.5.3
 Installed Compat â”€â”€â”€â”€â”€â”€â”€â”€â”€â”€â”€â”€â”€â”€â”€â”€â”€ v2.2.0
 Installed Parameters â”€â”€â”€â”€â”€â”€â”€â”€â”€â”€â”€â”€â”€ v0.12.0
 Installed NLSolversBase â”€â”€â”€â”€â”€â”€â”€â”€â”€â”€ v7.5.0
 Installed PositiveFactorizations â”€ v0.2.3
 Installed OrderedCollections â”€â”€â”€â”€â”€ v1.1.0
 Installed PyCall â”€â”€â”€â”€â”€â”€â”€â”€â”€â”€â”€â”€â”€â”€â”€â”€â”€ v1.91.2
 Installed SpecialFunctions â”€â”€â”€â”€â”€â”€â”€ v0.9.0
 Installed JSON â”€â”€â”€â”€â”€â”€â”€â”€â”€â”€â”€â”€â”€â”€â”€â”€â”€â”€â”€ v0.21.0
 Installed ForwardDiff â”€â”€â”€â”€â”€â”€â”€â”€â”€â”€â”€â”€ v0.10.7
 Installed DataAPI â”€â”€â”€â”€â”€â”€â”€â”€â”€â”€â”€â”€â”€â”€â”€â”€ v1.1.0
 Installed CommonSubexpressions â”€â”€â”€ v0.2.0
 Installed NaNMath â”€â”€â”€â”€â”€â”€â”€â”€â”€â”€â”€â”€â”€â”€â”€â”€ v0.3.3
 Installed RecipesBase â”€â”€â”€â”€â”€â”€â”€â”€â”€â”€â”€â”€ v0.7.0
 Installed OpenSpecFun_jll â”€â”€â”€â”€â”€â”€â”€â”€ v0.5.3+1
 Installed DiffEqDiffTools â”€â”€â”€â”€â”€â”€â”€â”€ v1.5.0
 Installed Optim â”€â”€â”€â”€â”€â”€â”€â”€â”€â”€â”€â”€â”€â”€â”€â”€â”€â”€ v0.19.6
 Installed DiffRules â”€â”€â”€â”€â”€â”€â”€â”€â”€â”€â”€â”€â”€â”€ v0.1.0
 Installed Calculus â”€â”€â”€â”€â”€â”€â”€â”€â”€â”€â”€â”€â”€â”€â”€ v0.5.1
 Installed Conda â”€â”€â”€â”€â”€â”€â”€â”€â”€â”€â”€â”€â”€â”€â”€â”€â”€â”€ v1.3.0
 Installed ArrayInterface â”€â”€â”€â”€â”€â”€â”€â”€â”€ v2.0.0
 Installed Requires â”€â”€â”€â”€â”€â”€â”€â”€â”€â”€â”€â”€â”€â”€â”€ v0.5.2
 Installed AlgebraicMultigrid â”€â”€â”€â”€â”€ v0.2.2
 Installed VersionParsing â”€â”€â”€â”€â”€â”€â”€â”€â”€ v1.1.3
 Installed Reexport â”€â”€â”€â”€â”€â”€â”€â”€â”€â”€â”€â”€â”€â”€â”€ v0.2.0
 Installed StatsBase â”€â”€â”€â”€â”€â”€â”€â”€â”€â”€â”€â”€â”€â”€ v0.32.0
 Installed FillArrays â”€â”€â”€â”€â”€â”€â”€â”€â”€â”€â”€â”€â”€ v0.8.2
 Installed JuLIP â”€â”€â”€â”€â”€â”€â”€â”€â”€â”€â”€â”€â”€â”€â”€â”€â”€â”€ v0.8.2
 Installed IterativeSolvers â”€â”€â”€â”€â”€â”€â”€ v0.8.1
  Updating `~/.julia/environments/v1.3/Project.toml`
  [51974c44] + ASE v0.5.1
  Updating `~/.julia/environments/v1.3/Manifest.toml`
  [51974c44] + ASE v0.5.1
  [2169fc97] + AlgebraicMultigrid v0.2.2
  [4fba245c] + ArrayInterface v2.0.0
  [b99e7846] + BinaryProvider v0.5.8
  [49dc2e85] + Calculus v0.5.1
  [bbf7d656] + CommonSubexpressions v0.2.0
  [34da2185] + Compat v2.2.0
  [8f4d0f93] + Conda v1.3.0
  [9a962f9c] + DataAPI v1.1.0
  [864edb3b] + DataStructures v0.17.6
  [39dd38d3] + Dierckx v0.4.1
  [01453d9d] + DiffEqDiffTools v1.5.0
  [163ba53b] + DiffResults v0.0.4
  [b552c78f] + DiffRules v0.1.0
  [1a297f60] + FillArrays v0.8.2
  [f6369f11] + ForwardDiff v0.10.7
  [069b7b12] + FunctionWrappers v1.0.0
  [42fd0dbc] + IterativeSolvers v0.8.1
  [682c06a0] + JSON v0.21.0
  [945c410c] + JuLIP v0.8.2
  [d3d80556] + LineSearches v7.0.1
  [1914dd2f] + MacroTools v0.5.3
  [e1d29d7a] + Missings v0.4.3
  [d41bc354] + NLSolversBase v7.5.0
  [77ba4419] + NaNMath v0.3.3
  [2fcf5ba9] + NeighbourLists v0.5.0
  [efe28fd5] + OpenSpecFun_jll v0.5.3+1
  [429524aa] + Optim v0.19.6
  [bac558e1] + OrderedCollections v1.1.0
  [d96e819e] + Parameters v0.12.0
  [69de0a69] + Parsers v0.3.10
  [85a6dd25] + PositiveFactorizations v0.2.3
  [438e738f] + PyCall v1.91.2
  [3cdcf5f2] + RecipesBase v0.7.0
  [189a3867] + Reexport v0.2.0
  [ae029012] + Requires v0.5.2
  [a2af1166] + SortingAlgorithms v0.3.1
  [276daf66] + SpecialFunctions v0.9.0
  [90137ffa] + StaticArrays v0.12.1
  [2913bbd2] + StatsBase v0.32.0
  [81def892] + VersionParsing v1.1.3
  [2a0f44e3] + Base64 
  [ade2ca70] + Dates 
  [8bb1440f] + DelimitedFiles 
  [8ba89e20] + Distributed 
  [b77e0a4c] + InteractiveUtils 
  [76f85450] + LibGit2 
  [8f399da3] + Libdl 
  [37e2e46d] + LinearAlgebra 
  [56ddb016] + Logging 
  [d6f4376e] + Markdown 
  [a63ad114] + Mmap 
  [44cfe95a] + Pkg 
  [de0858da] + Printf 
  [3fa0cd96] + REPL 
  [9a3f8284] + Random 
  [ea8e919c] + SHA 
  [9e88b42a] + Serialization 
  [1a1011a3] + SharedArrays 
  [6462fe0b] + Sockets 
  [2f01184e] + SparseArrays 
  [10745b16] + Statistics 
  [4607b0f0] + SuiteSparse 
  [8dfed614] + Test 
  [cf7118a7] + UUIDs 
  [4ec0a83e] + Unicode 
  Building Dierckx â†’ `~/.julia/packages/Dierckx/9SY4A/deps/build.log`
  Building Conda â”€â”€â†’ `~/.julia/packages/Conda/kLXeC/deps/build.log`
  Building PyCall â”€â†’ `~/.julia/packages/PyCall/ttONZ/deps/build.log`
  Building ASE â”€â”€â”€â”€â†’ `~/.julia/packages/ASE/GfCjR/deps/build.log`
â”Œ Error: Error building `ASE`: 
â”‚ /usr/bin/python3: No module named pip
â”‚ Collecting pip
â”‚   Downloading https://files.pythonhosted.org/packages/00/b6/9cfa56b4081ad13874b0c6f96af8ce16cfbc1cb06bedf8e9164ce5551ec1/pip-19.3.1-py2.py3-none-any.whl (1.4MB)
â”‚ Collecting setuptools
â”‚   Downloading https://files.pythonhosted.org/packages/54/28/c45d8b54c1339f9644b87663945e54a8503cfef59cf0f65b3ff5dd17cf64/setuptools-42.0.2-py2.py3-none-any.whl (583kB)
â”‚ Collecting wheel
â”‚   Downloading https://files.pythonhosted.org/packages/00/83/b4a77d044e78ad1a45610eb88f745be2fd2c6d658f9798a15e384b7d57c9/wheel-0.33.6-py2.py3-none-any.whl
â”‚ Installing collected packages: pip, setuptools, wheel
â”‚   WARNING: The scripts pip, pip3 and pip3.6 are installed in '/home/pkgeval/.local/bin' which is not on PATH.
â”‚   Consider adding this directory to PATH or, if you prefer to suppress this warning, use --no-warn-script-location.
â”‚   WARNING: The scripts easy_install and easy_install-3.6 are installed in '/home/pkgeval/.local/bin' which is not on PATH.
â”‚   Consider adding this directory to PATH or, if you prefer to suppress this warning, use --no-warn-script-location.
â”‚   WARNING: The script wheel is installed in '/home/pkgeval/.local/bin' which is not on PATH.
â”‚   Consider adding this directory to PATH or, if you prefer to suppress this warning, use --no-warn-script-location.
â”‚ Successfully installed pip-19.3.1 setuptools-42.0.2 wheel-0.33.6
â”‚ Collecting ase
â”‚   Downloading https://files.pythonhosted.org/packages/fc/cb/314601dc48d55c7c9c4f481f3099669c0f496da7c9fdddecfe74b2fdc6b2/ase-3.18.1-py3-none-any.whl (2.0MB)
â”‚ Requirement already satisfied, skipping upgrade: matplotlib in /usr/lib/python3/dist-packages (from ase) (2.1.1)
â”‚ Requirement already satisfied, skipping upgrade: numpy in /usr/lib/python3/dist-packages (from ase) (1.13.3)
â”‚ Collecting scipy
â”‚   Downloading https://files.pythonhosted.org/packages/54/18/d7c101d5e93b6c78dc206fcdf7bd04c1f8138a7b1a93578158fa3b132b08/scipy-1.3.3-cp36-cp36m-manylinux1_x86_64.whl (25.2MB)
â”‚ Installing collected packages: scipy, ase
â”‚   WARNING: The scripts ase, ase-build, ase-db, ase-gui, ase-info and ase-run are installed in '/home/pkgeval/.local/bin' which is not on PATH.
â”‚   Consider adding this directory to PATH or, if you prefer to suppress this warning, use --no-warn-script-location.
â”‚ Successfully installed ase-3.18.1 scipy-1.3.3
â”‚ pip 19.3.1 from /home/pkgeval/.local/lib/python3.6/site-packages/pip (python 3.6)
â”‚ Collecting matscipy
â”‚   Downloading https://files.pythonhosted.org/packages/df/28/f8c5f4d64d96fa6717f258e389639ed24649ead9198ab4ac60368785ba31/matscipy-0.3.0.tar.gz (154kB)
â”‚ Building wheels for collected packages: matscipy
â”‚   Building wheel for matscipy (setup.py): started
â”‚   Building wheel for matscipy (setup.py): finished with status 'error'
â”‚   ERROR: Command errored out with exit status 1:
â”‚    command: /usr/bin/python3 -u -c 'import sys, setuptools, tokenize; sys.argv[0] = '"'"'/tmp/pip-install-6npi888s/matscipy/setup.py'"'"'; __file__='"'"'/tmp/pip-install-6npi888s/matscipy/setup.py'"'"';f=getattr(tokenize, '"'"'open'"'"', open)(__file__);code=f.read().replace('"'"'\r\n'"'"', '"'"'\n'"'"');f.close();exec(compile(code, __file__, '"'"'exec'"'"'))' bdist_wheel -d /tmp/pip-wheel-584y25qs --python-tag cp36
â”‚        cwd: /tmp/pip-install-6npi888s/matscipy/
â”‚   Complete output (107 lines):
â”‚   running bdist_wheel
â”‚   running build
â”‚   running config_cc
â”‚   unifing config_cc, config, build_clib, build_ext, build commands --compiler options
â”‚   running config_fc
â”‚   unifing config_fc, config, build_clib, build_ext, build commands --fcompiler options
â”‚   running build_src
â”‚   build_src
â”‚   building extension "_matscipy" sources
â”‚   build_src: building npy-pkg config files
â”‚   running build_py
â”‚   creating build
â”‚   creating build/lib.linux-x86_64-3.6
â”‚   creating build/lib.linux-x86_64-3.6/matscipy
â”‚   copying matscipy/spatial_correlation_function.py -> build/lib.linux-x86_64-3.6/matscipy
â”‚   copying matscipy/_version.py -> build/lib.linux-x86_64-3.6/matscipy
â”‚   copying matscipy/atomic_strain.py -> build/lib.linux-x86_64-3.6/matscipy
â”‚   copying matscipy/opls.py -> build/lib.linux-x86_64-3.6/matscipy
â”‚   copying matscipy/drift.py -> build/lib.linux-x86_64-3.6/matscipy
â”‚   copying matscipy/__init__.py -> build/lib.linux-x86_64-3.6/matscipy
â”‚   copying matscipy/socketcalc.py -> build/lib.linux-x86_64-3.6/matscipy
â”‚   copying matscipy/logger.py -> build/lib.linux-x86_64-3.6/matscipy
â”‚   copying matscipy/deformation.py -> build/lib.linux-x86_64-3.6/matscipy
â”‚   copying matscipy/angle_distribution.py -> build/lib.linux-x86_64-3.6/matscipy
â”‚   copying matscipy/dislocation.py -> build/lib.linux-x86_64-3.6/matscipy
â”‚   copying matscipy/neighbours.py -> build/lib.linux-x86_64-3.6/matscipy
â”‚   copying matscipy/visualise.py -> build/lib.linux-x86_64-3.6/matscipy
â”‚   copying matscipy/rings.py -> build/lib.linux-x86_64-3.6/matscipy
â”‚   copying matscipy/elasticity.py -> build/lib.linux-x86_64-3.6/matscipy
â”‚   copying matscipy/distributed_computation.py -> build/lib.linux-x86_64-3.6/matscipy
â”‚   copying matscipy/hydrogenate.py -> build/lib.linux-x86_64-3.6/matscipy
â”‚   copying matscipy/surface.py -> build/lib.linux-x86_64-3.6/matscipy
â”‚   creating build/lib.linux-x86_64-3.6/matscipy/fracture_mechanics
â”‚   copying matscipy/fracture_mechanics/clusters.py -> build/lib.linux-x86_64-3.6/matscipy/fracture_mechanics
â”‚   copying matscipy/fracture_mechanics/__init__.py -> build/lib.linux-x86_64-3.6/matscipy/fracture_mechanics
â”‚   copying matscipy/fracture_mechanics/energy_release.py -> build/lib.linux-x86_64-3.6/matscipy/fracture_mechanics
â”‚   copying matscipy/fracture_mechanics/crackpathsel.py -> build/lib.linux-x86_64-3.6/matscipy/fracture_mechanics
â”‚   copying matscipy/fracture_mechanics/crack.py -> build/lib.linux-x86_64-3.6/matscipy/fracture_mechanics
â”‚   copying matscipy/fracture_mechanics/idealbrittlesolid.py -> build/lib.linux-x86_64-3.6/matscipy/fracture_mechanics
â”‚   creating build/lib.linux-x86_64-3.6/matscipy/contact_mechanics
â”‚   copying matscipy/contact_mechanics/Hertz.py -> build/lib.linux-x86_64-3.6/matscipy/contact_mechanics
â”‚   copying matscipy/contact_mechanics/analysis.py -> build/lib.linux-x86_64-3.6/matscipy/contact_mechanics
â”‚   copying matscipy/contact_mechanics/__init__.py -> build/lib.linux-x86_64-3.6/matscipy/contact_mechanics
â”‚   copying matscipy/contact_mechanics/greens_function.py -> build/lib.linux-x86_64-3.6/matscipy/contact_mechanics
â”‚   copying matscipy/contact_mechanics/DMT.py -> build/lib.linux-x86_64-3.6/matscipy/contact_mechanics
â”‚   copying matscipy/contact_mechanics/JKR.py -> build/lib.linux-x86_64-3.6/matscipy/contact_mechanics
â”‚   creating build/lib.linux-x86_64-3.6/matscipy/calculators
â”‚   copying matscipy/calculators/supercell_calculator.py -> build/lib.linux-x86_64-3.6/matscipy/calculators
â”‚   copying matscipy/calculators/__init__.py -> build/lib.linux-x86_64-3.6/matscipy/calculators
â”‚   copying matscipy/calculators/fitting.py -> build/lib.linux-x86_64-3.6/matscipy/calculators
â”‚   creating build/lib.linux-x86_64-3.6/matscipy/calculators/eam
â”‚   copying matscipy/calculators/eam/io.py -> build/lib.linux-x86_64-3.6/matscipy/calculators/eam
â”‚   copying matscipy/calculators/eam/__init__.py -> build/lib.linux-x86_64-3.6/matscipy/calculators/eam
â”‚   copying matscipy/calculators/eam/calculator.py -> build/lib.linux-x86_64-3.6/matscipy/calculators/eam
â”‚   creating build/lib.linux-x86_64-3.6/matscipy/io
â”‚   copying matscipy/io/opls.py -> build/lib.linux-x86_64-3.6/matscipy/io
â”‚   copying matscipy/io/__init__.py -> build/lib.linux-x86_64-3.6/matscipy/io
â”‚   copying matscipy/io/tbl.py -> build/lib.linux-x86_64-3.6/matscipy/io
â”‚   copying matscipy/io/metis.py -> build/lib.linux-x86_64-3.6/matscipy/io
â”‚   creating build/lib.linux-x86_64-3.6/matscipy/tool
â”‚   copying matscipy/tool/plot.py -> build/lib.linux-x86_64-3.6/matscipy/tool
â”‚   copying matscipy/tool/__init__.py -> build/lib.linux-x86_64-3.6/matscipy/tool
â”‚   creating build/lib.linux-x86_64-3.6/matscipy/calculators/pair_potential
â”‚   copying matscipy/calculators/pair_potential/__init__.py -> build/lib.linux-x86_64-3.6/matscipy/calculators/pair_potential
â”‚   copying matscipy/calculators/pair_potential/calculator.py -> build/lib.linux-x86_64-3.6/matscipy/calculators/pair_potential
â”‚   creating build/lib.linux-x86_64-3.6/matscipy/calculators/mcfm
â”‚   copying matscipy/calculators/mcfm/qm_cluster.py -> build/lib.linux-x86_64-3.6/matscipy/calculators/mcfm
â”‚   copying matscipy/calculators/mcfm/__init__.py -> build/lib.linux-x86_64-3.6/matscipy/calculators/mcfm
â”‚   copying matscipy/calculators/mcfm/cluster_data.py -> build/lib.linux-x86_64-3.6/matscipy/calculators/mcfm
â”‚   copying matscipy/calculators/mcfm/calculator.py -> build/lib.linux-x86_64-3.6/matscipy/calculators/mcfm
â”‚   creating build/lib.linux-x86_64-3.6/matscipy/calculators/mcfm/mcfm_parallel
â”‚   copying matscipy/calculators/mcfm/mcfm_parallel/__init__.py -> build/lib.linux-x86_64-3.6/matscipy/calculators/mcfm/mcfm_parallel
â”‚   copying matscipy/calculators/mcfm/mcfm_parallel/mcfm_parallel_control.py -> build/lib.linux-x86_64-3.6/matscipy/calculators/mcfm/mcfm_parallel
â”‚   copying matscipy/calculators/mcfm/mcfm_parallel/mcfm_parallel_worker.py -> build/lib.linux-x86_64-3.6/matscipy/calculators/mcfm/mcfm_parallel
â”‚   creating build/lib.linux-x86_64-3.6/matscipy/calculators/mcfm/neighbour_list_mcfm
â”‚   copying matscipy/calculators/mcfm/neighbour_list_mcfm/neighbour_list_mcfm.py -> build/lib.linux-x86_64-3.6/matscipy/calculators/mcfm/neighbour_list_mcfm
â”‚   copying matscipy/calculators/mcfm/neighbour_list_mcfm/__init__.py -> build/lib.linux-x86_64-3.6/matscipy/calculators/mcfm/neighbour_list_mcfm
â”‚   copying matscipy/calculators/mcfm/neighbour_list_mcfm/neighbour_list_base.py -> build/lib.linux-x86_64-3.6/matscipy/calculators/mcfm/neighbour_list_mcfm
â”‚   creating build/lib.linux-x86_64-3.6/matscipy/calculators/mcfm/qm_cluster_tools
â”‚   copying matscipy/calculators/mcfm/qm_cluster_tools/base_qm_cluster_tool.py -> build/lib.linux-x86_64-3.6/matscipy/calculators/mcfm/qm_cluster_tools
â”‚   copying matscipy/calculators/mcfm/qm_cluster_tools/__init__.py -> build/lib.linux-x86_64-3.6/matscipy/calculators/mcfm/qm_cluster_tools
â”‚   copying matscipy/calculators/mcfm/qm_cluster_tools/qm_clustering_tool.py -> build/lib.linux-x86_64-3.6/matscipy/calculators/mcfm/qm_cluster_tools
â”‚   copying matscipy/calculators/mcfm/qm_cluster_tools/qm_flagging_tool.py -> build/lib.linux-x86_64-3.6/matscipy/calculators/mcfm/qm_cluster_tools
â”‚   UPDATING build/lib.linux-x86_64-3.6/matscipy/_version.py
â”‚   set build/lib.linux-x86_64-3.6/matscipy/_version.py to '0.3.0'
â”‚   running build_ext
â”‚   customize UnixCCompiler
â”‚   customize UnixCCompiler using build_ext_subclass
â”‚   customize UnixCCompiler
â”‚   customize UnixCCompiler using build_ext_subclass
â”‚   building '_matscipy' extension
â”‚   compiling C sources with arguments []
â”‚   C compiler: x86_64-linux-gnu-gcc -pthread -DNDEBUG -g -fwrapv -O2 -Wall -g -fstack-protector-strong -Wformat -Werror=format-security -Wdate-time -D_FORTIFY_SOURCE=2 -fPIC
â”‚   
â”‚   creating build/temp.linux-x86_64-3.6
â”‚   creating build/temp.linux-x86_64-3.6/c
â”‚   compile options: '-I/usr/lib/python3/dist-packages/numpy/core/include -I/usr/include/python3.6m -c'
â”‚   x86_64-linux-gnu-gcc: c/tools.c
â”‚   c/tools.c:24:10: fatal error: Python.h: No such file or directory
â”‚    #include <Python.h>
â”‚             ^~~~~~~~~~
â”‚   compilation terminated.
â”‚   c/tools.c:24:10: fatal error: Python.h: No such file or directory
â”‚    #include <Python.h>
â”‚             ^~~~~~~~~~
â”‚   compilation terminated.
â”‚   error: Command "x86_64-linux-gnu-gcc -pthread -DNDEBUG -g -fwrapv -O2 -Wall -g -fstack-protector-strong -Wformat -Werror=format-security -Wdate-time -D_FORTIFY_SOURCE=2 -fPIC -I/usr/lib/python3/dist-packages/numpy/core/include -I/usr/include/python3.6m -c c/tools.c -o build/temp.linux-x86_64-3.6/c/tools.o -MMD -MF build/temp.linux-x86_64-3.6/c/tools.o.d" failed with exit status 1
â”‚   ----------------------------------------
â”‚   ERROR: Failed building wheel for matscipy
â”‚   Running setup.py clean for matscipy
â”‚ Failed to build matscipy
â”‚ Installing collected packages: matscipy
â”‚     Running setup.py install for matscipy: started
â”‚     Running setup.py install for matscipy: finished with status 'error'
â”‚     ERROR: Command errored out with exit status 1:
â”‚      command: /usr/bin/python3 -u -c 'import sys, setuptools, tokenize; sys.argv[0] = '"'"'/tmp/pip-install-6npi888s/matscipy/setup.py'"'"'; __file__='"'"'/tmp/pip-install-6npi888s/matscipy/setup.py'"'"';f=getattr(tokenize, '"'"'open'"'"', open)(__file__);code=f.read().replace('"'"'\r\n'"'"', '"'"'\n'"'"');f.close();exec(compile(code, __file__, '"'"'exec'"'"'))' install --record /tmp/pip-record-buj9q3dz/install-record.txt --single-version-externally-managed --compile --user --prefix=
â”‚          cwd: /tmp/pip-install-6npi888s/matscipy/
â”‚     Complete output (107 lines):
â”‚     running install
â”‚     running build
â”‚     running config_cc
â”‚     unifing config_cc, config, build_clib, build_ext, build commands --compiler options
â”‚     running config_fc
â”‚     unifing config_fc, config, build_clib, build_ext, build commands --fcompiler options
â”‚     running build_src
â”‚     build_src
â”‚     building extension "_matscipy" sources
â”‚     build_src: building npy-pkg config files
â”‚     running build_py
â”‚     creating build
â”‚     creating build/lib.linux-x86_64-3.6
â”‚     creating build/lib.linux-x86_64-3.6/matscipy
â”‚     copying matscipy/spatial_correlation_function.py -> build/lib.linux-x86_64-3.6/matscipy
â”‚     copying matscipy/_version.py -> build/lib.linux-x86_64-3.6/matscipy
â”‚     copying matscipy/atomic_strain.py -> build/lib.linux-x86_64-3.6/matscipy
â”‚     copying matscipy/opls.py -> build/lib.linux-x86_64-3.6/matscipy
â”‚     copying matscipy/drift.py -> build/lib.linux-x86_64-3.6/matscipy
â”‚     copying matscipy/__init__.py -> build/lib.linux-x86_64-3.6/matscipy
â”‚     copying matscipy/socketcalc.py -> build/lib.linux-x86_64-3.6/matscipy
â”‚     copying matscipy/logger.py -> build/lib.linux-x86_64-3.6/matscipy
â”‚     copying matscipy/deformation.py -> build/lib.linux-x86_64-3.6/matscipy
â”‚     copying matscipy/angle_distribution.py -> build/lib.linux-x86_64-3.6/matscipy
â”‚     copying matscipy/dislocation.py -> build/lib.linux-x86_64-3.6/matscipy
â”‚     copying matscipy/neighbours.py -> build/lib.linux-x86_64-3.6/matscipy
â”‚     copying matscipy/visualise.py -> build/lib.linux-x86_64-3.6/matscipy
â”‚     copying matscipy/rings.py -> build/lib.linux-x86_64-3.6/matscipy
â”‚     copying matscipy/elasticity.py -> build/lib.linux-x86_64-3.6/matscipy
â”‚     copying matscipy/distributed_computation.py -> build/lib.linux-x86_64-3.6/matscipy
â”‚     copying matscipy/hydrogenate.py -> build/lib.linux-x86_64-3.6/matscipy
â”‚     copying matscipy/surface.py -> build/lib.linux-x86_64-3.6/matscipy
â”‚     creating build/lib.linux-x86_64-3.6/matscipy/fracture_mechanics
â”‚     copying matscipy/fracture_mechanics/clusters.py -> build/lib.linux-x86_64-3.6/matscipy/fracture_mechanics
â”‚     copying matscipy/fracture_mechanics/__init__.py -> build/lib.linux-x86_64-3.6/matscipy/fracture_mechanics
â”‚     copying matscipy/fracture_mechanics/energy_release.py -> build/lib.linux-x86_64-3.6/matscipy/fracture_mechanics
â”‚     copying matscipy/fracture_mechanics/crackpathsel.py -> build/lib.linux-x86_64-3.6/matscipy/fracture_mechanics
â”‚     copying matscipy/fracture_mechanics/crack.py -> build/lib.linux-x86_64-3.6/matscipy/fracture_mechanics
â”‚     copying matscipy/fracture_mechanics/idealbrittlesolid.py -> build/lib.linux-x86_64-3.6/matscipy/fracture_mechanics
â”‚     creating build/lib.linux-x86_64-3.6/matscipy/contact_mechanics
â”‚     copying matscipy/contact_mechanics/Hertz.py -> build/lib.linux-x86_64-3.6/matscipy/contact_mechanics
â”‚     copying matscipy/contact_mechanics/analysis.py -> build/lib.linux-x86_64-3.6/matscipy/contact_mechanics
â”‚     copying matscipy/contact_mechanics/__init__.py -> build/lib.linux-x86_64-3.6/matscipy/contact_mechanics
â”‚     copying matscipy/contact_mechanics/greens_function.py -> build/lib.linux-x86_64-3.6/matscipy/contact_mechanics
â”‚     copying matscipy/contact_mechanics/DMT.py -> build/lib.linux-x86_64-3.6/matscipy/contact_mechanics
â”‚     copying matscipy/contact_mechanics/JKR.py -> build/lib.linux-x86_64-3.6/matscipy/contact_mechanics
â”‚     creating build/lib.linux-x86_64-3.6/matscipy/calculators
â”‚     copying matscipy/calculators/supercell_calculator.py -> build/lib.linux-x86_64-3.6/matscipy/calculators
â”‚     copying matscipy/calculators/__init__.py -> build/lib.linux-x86_64-3.6/matscipy/calculators
â”‚     copying matscipy/calculators/fitting.py -> build/lib.linux-x86_64-3.6/matscipy/calculators
â”‚     creating build/lib.linux-x86_64-3.6/matscipy/calculators/eam
â”‚     copying matscipy/calculators/eam/io.py -> build/lib.linux-x86_64-3.6/matscipy/calculators/eam
â”‚     copying matscipy/calculators/eam/__init__.py -> build/lib.linux-x86_64-3.6/matscipy/calculators/eam
â”‚     copying matscipy/calculators/eam/calculator.py -> build/lib.linux-x86_64-3.6/matscipy/calculators/eam
â”‚     creating build/lib.linux-x86_64-3.6/matscipy/io
â”‚     copying matscipy/io/opls.py -> build/lib.linux-x86_64-3.6/matscipy/io
â”‚     copying matscipy/io/__init__.py -> build/lib.linux-x86_64-3.6/matscipy/io
â”‚     copying matscipy/io/tbl.py -> build/lib.linux-x86_64-3.6/matscipy/io
â”‚     copying matscipy/io/metis.py -> build/lib.linux-x86_64-3.6/matscipy/io
â”‚     creating build/lib.linux-x86_64-3.6/matscipy/tool
â”‚     copying matscipy/tool/plot.py -> build/lib.linux-x86_64-3.6/matscipy/tool
â”‚     copying matscipy/tool/__init__.py -> build/lib.linux-x86_64-3.6/matscipy/tool
â”‚     creating build/lib.linux-x86_64-3.6/matscipy/calculators/pair_potential
â”‚     copying matscipy/calculators/pair_potential/__init__.py -> build/lib.linux-x86_64-3.6/matscipy/calculators/pair_potential
â”‚     copying matscipy/calculators/pair_potential/calculator.py -> build/lib.linux-x86_64-3.6/matscipy/calculators/pair_potential
â”‚     creating build/lib.linux-x86_64-3.6/matscipy/calculators/mcfm
â”‚     copying matscipy/calculators/mcfm/qm_cluster.py -> build/lib.linux-x86_64-3.6/matscipy/calculators/mcfm
â”‚     copying matscipy/calculators/mcfm/__init__.py -> build/lib.linux-x86_64-3.6/matscipy/calculators/mcfm
â”‚     copying matscipy/calculators/mcfm/cluster_data.py -> build/lib.linux-x86_64-3.6/matscipy/calculators/mcfm
â”‚     copying matscipy/calculators/mcfm/calculator.py -> build/lib.linux-x86_64-3.6/matscipy/calculators/mcfm
â”‚     creating build/lib.linux-x86_64-3.6/matscipy/calculators/mcfm/mcfm_parallel
â”‚     copying matscipy/calculators/mcfm/mcfm_parallel/__init__.py -> build/lib.linux-x86_64-3.6/matscipy/calculators/mcfm/mcfm_parallel
â”‚     copying matscipy/calculators/mcfm/mcfm_parallel/mcfm_parallel_control.py -> build/lib.linux-x86_64-3.6/matscipy/calculators/mcfm/mcfm_parallel
â”‚     copying matscipy/calculators/mcfm/mcfm_parallel/mcfm_parallel_worker.py -> build/lib.linux-x86_64-3.6/matscipy/calculators/mcfm/mcfm_parallel
â”‚     creating build/lib.linux-x86_64-3.6/matscipy/calculators/mcfm/neighbour_list_mcfm
â”‚     copying matscipy/calculators/mcfm/neighbour_list_mcfm/neighbour_list_mcfm.py -> build/lib.linux-x86_64-3.6/matscipy/calculators/mcfm/neighbour_list_mcfm
â”‚     copying matscipy/calculators/mcfm/neighbour_list_mcfm/__init__.py -> build/lib.linux-x86_64-3.6/matscipy/calculators/mcfm/neighbour_list_mcfm
â”‚     copying matscipy/calculators/mcfm/neighbour_list_mcfm/neighbour_list_base.py -> build/lib.linux-x86_64-3.6/matscipy/calculators/mcfm/neighbour_list_mcfm
â”‚     creating build/lib.linux-x86_64-3.6/matscipy/calculators/mcfm/qm_cluster_tools
â”‚     copying matscipy/calculators/mcfm/qm_cluster_tools/base_qm_cluster_tool.py -> build/lib.linux-x86_64-3.6/matscipy/calculators/mcfm/qm_cluster_tools
â”‚     copying matscipy/calculators/mcfm/qm_cluster_tools/__init__.py -> build/lib.linux-x86_64-3.6/matscipy/calculators/mcfm/qm_cluster_tools
â”‚     copying matscipy/calculators/mcfm/qm_cluster_tools/qm_clustering_tool.py -> build/lib.linux-x86_64-3.6/matscipy/calculators/mcfm/qm_cluster_tools
â”‚     copying matscipy/calculators/mcfm/qm_cluster_tools/qm_flagging_tool.py -> build/lib.linux-x86_64-3.6/matscipy/calculators/mcfm/qm_cluster_tools
â”‚     UPDATING build/lib.linux-x86_64-3.6/matscipy/_version.py
â”‚     set build/lib.linux-x86_64-3.6/matscipy/_version.py to '0.3.0'
â”‚     running build_ext
â”‚     customize UnixCCompiler
â”‚     customize UnixCCompiler using build_ext_subclass
â”‚     customize UnixCCompiler
â”‚     customize UnixCCompiler using build_ext_subclass
â”‚     building '_matscipy' extension
â”‚     compiling C sources with arguments []
â”‚     C compiler: x86_64-linux-gnu-gcc -pthread -DNDEBUG -g -fwrapv -O2 -Wall -g -fstack-protector-strong -Wformat -Werror=format-security -Wdate-time -D_FORTIFY_SOURCE=2 -fPIC
â”‚     
â”‚     creating build/temp.linux-x86_64-3.6
â”‚     creating build/temp.linux-x86_64-3.6/c
â”‚     compile options: '-I/usr/lib/python3/dist-packages/numpy/core/include -I/usr/include/python3.6m -c'
â”‚     x86_64-linux-gnu-gcc: c/tools.c
â”‚     c/tools.c:24:10: fatal error: Python.h: No such file or directory
â”‚      #include <Python.h>
â”‚               ^~~~~~~~~~
â”‚     compilation terminated.
â”‚     c/tools.c:24:10: fatal error: Python.h: No such file or directory
â”‚      #include <Python.h>
â”‚               ^~~~~~~~~~
â”‚     compilation terminated.
â”‚     error: Command "x86_64-linux-gnu-gcc -pthread -DNDEBUG -g -fwrapv -O2 -Wall -g -fstack-protector-strong -Wformat -Werror=format-security -Wdate-time -D_FORTIFY_SOURCE=2 -fPIC -I/usr/lib/python3/dist-packages/numpy/core/include -I/usr/include/python3.6m -c c/tools.c -o build/temp.linux-x86_64-3.6/c/tools.o -MMD -MF build/temp.linux-x86_64-3.6/c/tools.o.d" failed with exit status 1
â”‚     ----------------------------------------
â”‚ ERROR: Command errored out with exit status 1: /usr/bin/python3 -u -c 'import sys, setuptools, tokenize; sys.argv[0] = '"'"'/tmp/pip-install-6npi888s/matscipy/setup.py'"'"'; __file__='"'"'/tmp/pip-install-6npi888s/matscipy/setup.py'"'"';f=getattr(tokenize, '"'"'open'"'"', open)(__file__);code=f.read().replace('"'"'\r\n'"'"', '"'"'\n'"'"');f.close();exec(compile(code, __file__, '"'"'exec'"'"'))' install --record /tmp/pip-record-buj9q3dz/install-record.txt --single-version-externally-managed --compile --user --prefix= Check the logs for full command output.
â”‚ ERROR: LoadError: failed process: Process(`python3 -m pip install --upgrade --user matscipy`, ProcessExited(1)) [1]
â”‚ 
â”‚ Stacktrace:
â”‚  [1] pipeline_error at ./process.jl:525 [inlined]
â”‚  [2] #run#565(::Bool, ::typeof(run), ::Cmd) at ./process.jl:440
â”‚  [3] run at ./process.jl:438 [inlined]
â”‚  [4] pip(::String) at /home/pkgeval/.julia/packages/ASE/GfCjR/deps/build.jl:22
â”‚  [5] top-level scope at /home/pkgeval/.julia/packages/ASE/GfCjR/deps/build.jl:44
â”‚  [6] include at ./boot.jl:328 [inlined]
â”‚  [7] include_relative(::Module, ::String) at ./loading.jl:1105
â”‚  [8] include(::Module, ::String) at ./Base.jl:31
â”‚  [9] include(::String) at ./client.jl:424
â”‚  [10] top-level scope at none:5
â”‚ in expression starting at /home/pkgeval/.julia/packages/ASE/GfCjR/deps/build.jl:28
â”‚ caused by [exception 1]
â”‚ PyError (PyImport_ImportModule
â”‚ 
â”‚ The Python package matscipy could not be found by pyimport. Usually this means
â”‚ that you did not install matscipy in the Python version being used by PyCall.
â”‚ 
â”‚ PyCall is currently configured to use the Python version at:
â”‚ 
â”‚ /usr/bin/python3
â”‚ 
â”‚ and you should use whatever mechanism you usually use (apt-get, pip, conda,
â”‚ etcetera) to install the Python package containing the matscipy module.
â”‚ 
â”‚ One alternative is to re-configure PyCall to use a different Python
â”‚ version on your system: set ENV["PYTHON"] to the path/name of the python
â”‚ executable you want to use, run Pkg.build("PyCall"), and re-launch Julia.
â”‚ 
â”‚ Another alternative is to configure PyCall to use a Julia-specific Python
â”‚ distribution via the Conda.jl package (which installs a private Anaconda
â”‚ Python distribution), which has the advantage that packages can be installed
â”‚ and kept up-to-date via Julia.  As explained in the PyCall documentation,
â”‚ set ENV["PYTHON"]="", run Pkg.build("PyCall"), and re-launch Julia. Then,
â”‚ To install the matscipy module, you can use `pyimport_conda("matscipy", PKG)`,
â”‚ where PKG is the Anaconda package the contains the module matscipy,
â”‚ or alternatively you can use the Conda package directly (via
â”‚ `using Conda` followed by `Conda.add` etcetera).
â”‚ 
â”‚ ) <class 'ModuleNotFoundError'>
â”‚ ModuleNotFoundError("No module named 'matscipy'",)
â”‚ 
â”‚ Stacktrace:
â”‚  [1] pyimport(::String) at /home/pkgeval/.julia/packages/PyCall/ttONZ/src/PyCall.jl:544
â”‚  [2] top-level scope at /home/pkgeval/.julia/packages/ASE/GfCjR/deps/build.jl:39
â”‚  [3] include at ./boot.jl:328 [inlined]
â”‚  [4] include_relative(::Module, ::String) at ./loading.jl:1105
â”‚  [5] include(::Module, ::String) at ./Base.jl:31
â”‚  [6] include(::String) at ./client.jl:424
â”‚  [7] top-level scope at none:5
â”‚ Installing Dependencies of `ASE.jl`: `ase` and `matscipy`
â”‚ `ase` was not found, trying to install via pip. If this fails,
â”‚ please file an issue and try to install it manually, following
â”‚ the instructions at `https://wiki.fysik.dtu.dk/ase/install.html`
â”‚ I couldn't find `pip`. I will try to download and install it
â”‚ automatically, but if this fails, please install
â”‚ manually, then try to build `ASE` again.
â”‚ `matscipy` was not found, trying to install it. If this fails,
â”‚ please file an issue and try to install it manually, following
â”‚ the instructions at `https://github.com/libAtoms/matscipy`
â”” @ Pkg.Operations /buildworker/worker/package_linux64/build/usr/share/julia/stdlib/v1.3/Pkg/src/backwards_compatible_isolation.jl:649
   Testing ASE
 Resolving package versions...
    Status `/tmp/jl_CEzQ9J/Manifest.toml`
  [51974c44] ASE v0.5.1
  [2169fc97] AlgebraicMultigrid v0.2.2
  [4fba245c] ArrayInterface v2.0.0
  [b99e7846] BinaryProvider v0.5.8
  [49dc2e85] Calculus v0.5.1
  [bbf7d656] CommonSubexpressions v0.2.0
  [34da2185] Compat v2.2.0
  [8f4d0f93] Conda v1.3.0
  [9a962f9c] DataAPI v1.1.0
  [864edb3b] DataStructures v0.17.6
  [39dd38d3] Dierckx v0.4.1
  [01453d9d] DiffEqDiffTools v1.5.0
  [163ba53b] DiffResults v0.0.4
  [b552c78f] DiffRules v0.1.0
  [1a297f60] FillArrays v0.8.2
  [f6369f11] ForwardDiff v0.10.7
  [069b7b12] FunctionWrappers v1.0.0
  [42fd0dbc] IterativeSolvers v0.8.1
  [682c06a0] JSON v0.21.0
  [945c410c] JuLIP v0.8.2
  [d3d80556] LineSearches v7.0.1
  [1914dd2f] MacroTools v0.5.3
  [e1d29d7a] Missings v0.4.3
  [d41bc354] NLSolversBase v7.5.0
  [77ba4419] NaNMath v0.3.3
  [2fcf5ba9] NeighbourLists v0.5.0
  [efe28fd5] OpenSpecFun_jll v0.5.3+1
  [429524aa] Optim v0.19.6
  [bac558e1] OrderedCollections v1.1.0
  [d96e819e] Parameters v0.12.0
  [69de0a69] Parsers v0.3.10
  [85a6dd25] PositiveFactorizations v0.2.3
  [438e738f] PyCall v1.91.2
  [3cdcf5f2] RecipesBase v0.7.0
  [189a3867] Reexport v0.2.0
  [ae029012] Requires v0.5.2
  [a2af1166] SortingAlgorithms v0.3.1
  [276daf66] SpecialFunctions v0.9.0
  [90137ffa] StaticArrays v0.12.1
  [2913bbd2] StatsBase v0.32.0
  [81def892] VersionParsing v1.1.3
  [2a0f44e3] Base64  [`@stdlib/Base64`]
  [ade2ca70] Dates  [`@stdlib/Dates`]
  [8bb1440f] DelimitedFiles  [`@stdlib/DelimitedFiles`]
  [8ba89e20] Distributed  [`@stdlib/Distributed`]
  [b77e0a4c] InteractiveUtils  [`@stdlib/InteractiveUtils`]
  [76f85450] LibGit2  [`@stdlib/LibGit2`]
  [8f399da3] Libdl  [`@stdlib/Libdl`]
  [37e2e46d] LinearAlgebra  [`@stdlib/LinearAlgebra`]
  [56ddb016] Logging  [`@stdlib/Logging`]
  [d6f4376e] Markdown  [`@stdlib/Markdown`]
  [a63ad114] Mmap  [`@stdlib/Mmap`]
  [44cfe95a] Pkg  [`@stdlib/Pkg`]
  [de0858da] Printf  [`@stdlib/Printf`]
  [3fa0cd96] REPL  [`@stdlib/REPL`]
  [9a3f8284] Random  [`@stdlib/Random`]
  [ea8e919c] SHA  [`@stdlib/SHA`]
  [9e88b42a] Serialization  [`@stdlib/Serialization`]
  [1a1011a3] SharedArrays  [`@stdlib/SharedArrays`]
  [6462fe0b] Sockets  [`@stdlib/Sockets`]
  [2f01184e] SparseArrays  [`@stdlib/SparseArrays`]
  [10745b16] Statistics  [`@stdlib/Statistics`]
  [4607b0f0] SuiteSparse  [`@stdlib/SuiteSparse`]
  [8dfed614] Test  [`@stdlib/Test`]
  [cf7118a7] UUIDs  [`@stdlib/UUIDs`]
  [4ec0a83e] Unicode  [`@stdlib/Unicode`]
ERROR: LoadError: LoadError: LoadError: LoadError: PyError (PyImport_ImportModule

The Python package matscipy.neighbours could not be found by pyimport. Usually this means
that you did not install matscipy.neighbours in the Python version being used by PyCall.

PyCall is currently configured to use the Python version at:

/usr/bin/python3

and you should use whatever mechanism you usually use (apt-get, pip, conda,
etcetera) to install the Python package containing the matscipy.neighbours module.

One alternative is to re-configure PyCall to use a different Python
version on your system: set ENV["PYTHON"] to the path/name of the python
executable you want to use, run Pkg.build("PyCall"), and re-launch Julia.

Another alternative is to configure PyCall to use a Julia-specific Python
distribution via the Conda.jl package (which installs a private Anaconda
Python distribution), which has the advantage that packages can be installed
and kept up-to-date via Julia.  As explained in the PyCall documentation,
set ENV["PYTHON"]="", run Pkg.build("PyCall"), and re-launch Julia. Then,
To install the matscipy.neighbours module, you can use `pyimport_conda("matscipy.neighbours", PKG)`,
where PKG is the Anaconda package the contains the module matscipy.neighbours,
or alternatively you can use the Conda package directly (via
`using Conda` followed by `Conda.add` etcetera).

) <class 'ModuleNotFoundError'>
ModuleNotFoundError("No module named 'matscipy'",)

Stacktrace:
 [1] pyimport(::String) at /home/pkgeval/.julia/packages/PyCall/ttONZ/src/PyCall.jl:544
 [2] top-level scope at /home/pkgeval/.julia/packages/ASE/GfCjR/src/MatSciPy.jl:23
 [3] include at ./boot.jl:328 [inlined]
 [4] include_relative(::Module, ::String) at ./loading.jl:1105
 [5] include at ./Base.jl:31 [inlined]
 [6] include(::String) at /home/pkgeval/.julia/packages/ASE/GfCjR/src/ASE.jl:4
 [7] top-level scope at /home/pkgeval/.julia/packages/ASE/GfCjR/src/nlist.jl:7
 [8] include at ./boot.jl:328 [inlined]
 [9] include_relative(::Module, ::String) at ./loading.jl:1105
 [10] include at ./Base.jl:31 [inlined]
 [11] include(::String) at /home/pkgeval/.julia/packages/ASE/GfCjR/src/ASE.jl:4
 [12] top-level scope at /home/pkgeval/.julia/packages/ASE/GfCjR/src/ASE.jl:355
 [13] include at ./boot.jl:328 [inlined]
 [14] include_relative(::Module, ::String) at ./loading.jl:1105
 [15] _require(::Base.PkgId) at ./loading.jl:1053
 [16] require(::Base.PkgId) at ./loading.jl:922
 [17] require(::Module, ::Symbol) at ./loading.jl:917
 [18] include at ./boot.jl:328 [inlined]
 [19] include_relative(::Module, ::String) at ./loading.jl:1105
 [20] include(::Module, ::String) at ./Base.jl:31
 [21] include(::String) at ./client.jl:424
 [22] top-level scope at none:6
in expression starting at /home/pkgeval/.julia/packages/ASE/GfCjR/src/MatSciPy.jl:23
in expression starting at /home/pkgeval/.julia/packages/ASE/GfCjR/src/nlist.jl:7
in expression starting at /home/pkgeval/.julia/packages/ASE/GfCjR/src/ASE.jl:355
in expression starting at /home/pkgeval/.julia/packages/ASE/GfCjR/test/runtests.jl:2
ERROR: Package ASE errored during testing
Stacktrace:
 [1] pkgerror(::String, ::Vararg{String,N} where N) at /buildworker/worker/package_linux64/build/usr/share/julia/stdlib/v1.3/Pkg/src/Types.jl:113
 [2] #test#131(::Bool, ::Nothing, ::Cmd, ::Cmd, ::typeof(Pkg.Operations.test), ::Pkg.Types.Context, ::Array{Pkg.Types.PackageSpec,1}) at /buildworker/worker/package_linux64/build/usr/share/julia/stdlib/v1.3/Pkg/src/Operations.jl:1370
 [3] #test at ./none:0 [inlined]
 [4] #test#62(::Bool, ::Nothing, ::Cmd, ::Cmd, ::Base.Iterators.Pairs{Union{},Union{},Tuple{},NamedTuple{(),Tuple{}}}, ::typeof(Pkg.API.test), ::Pkg.Types.Context, ::Array{Pkg.Types.PackageSpec,1}) at /buildworker/worker/package_linux64/build/usr/share/julia/stdlib/v1.3/Pkg/src/API.jl:253
 [5] test(::Pkg.Types.Context, ::Array{Pkg.Types.PackageSpec,1}) at /buildworker/worker/package_linux64/build/usr/share/julia/stdlib/v1.3/Pkg/src/API.jl:239
 [6] #test#61 at /buildworker/worker/package_linux64/build/usr/share/julia/stdlib/v1.3/Pkg/src/API.jl:233 [inlined]
 [7] test at /buildworker/worker/package_linux64/build/usr/share/julia/stdlib/v1.3/Pkg/src/API.jl:233 [inlined]
 [8] #test#60 at /buildworker/worker/package_linux64/build/usr/share/julia/stdlib/v1.3/Pkg/src/API.jl:232 [inlined]
 [9] test at /buildworker/worker/package_linux64/build/usr/share/julia/stdlib/v1.3/Pkg/src/API.jl:232 [inlined]
 [10] #test#59(::Base.Iterators.Pairs{Union{},Union{},Tuple{},NamedTuple{(),Tuple{}}}, ::typeof(Pkg.API.test), ::String) at /buildworker/worker/package_linux64/build/usr/share/julia/stdlib/v1.3/Pkg/src/API.jl:231
 [11] test(::String) at /buildworker/worker/package_linux64/build/usr/share/julia/stdlib/v1.3/Pkg/src/API.jl:231
 [12] top-level scope at none:12
