Julia Version 1.5.0-DEV.740
Commit 3637c9e6f6 (2020-04-30 17:40 UTC)
Platform Info:
  OS: Linux (x86_64-linux-gnu)
  CPU: Intel(R) Xeon(R) Silver 4114 CPU @ 2.20GHz
  WORD_SIZE: 64
  LIBM: libopenlibm
  LLVM: libLLVM-9.0.1 (ORCJIT, skylake)
Environment:
  JULIA_DEPOT_PATH = ::/usr/local/share/julia
  JULIA_NUM_THREADS = 2

  Resolving package versions...
  Installed Rmath_jll ──────────────────── v0.2.2+0
  Installed ZygoteRules ────────────────── v0.2.0
  Installed CompilerSupportLibraries_jll ─ v0.3.3+0
  Installed OrderedCollections ─────────── v1.1.0
  Installed Rmath ──────────────────────── v0.6.1
  Installed StatsFuns ──────────────────── v0.9.4
  Installed DataStructures ─────────────── v0.17.15
  Installed Compat ─────────────────────── v3.9.0
  Installed KernelFunctions ────────────── v0.4.0
  Installed SortingAlgorithms ──────────── v0.3.1
  Installed Distances ──────────────────── v0.8.2
  Installed DataAPI ────────────────────── v1.3.0
  Installed MacroTools ─────────────────── v0.5.5
  Installed SpecialFunctions ───────────── v0.10.0
  Installed StatsBase ──────────────────── v0.33.0
  Installed Requires ───────────────────── v1.0.1
  Installed Missings ───────────────────── v0.4.3
  Installed OpenSpecFun_jll ────────────── v0.5.3+3
Updating `~/.julia/environments/v1.5/Project.toml`
  [ec8451be] + KernelFunctions v0.4.0
Updating `~/.julia/environments/v1.5/Manifest.toml`
  [34da2185] + Compat v3.9.0
  [e66e0078] + CompilerSupportLibraries_jll v0.3.3+0
  [9a962f9c] + DataAPI v1.3.0
  [864edb3b] + DataStructures v0.17.15
  [b4f34e82] + Distances v0.8.2
  [ec8451be] + KernelFunctions v0.4.0
  [1914dd2f] + MacroTools v0.5.5
  [e1d29d7a] + Missings v0.4.3
  [efe28fd5] + OpenSpecFun_jll v0.5.3+3
  [bac558e1] + OrderedCollections v1.1.0
  [ae029012] + Requires v1.0.1
  [79098fc4] + Rmath v0.6.1
  [f50d1b31] + Rmath_jll v0.2.2+0
  [a2af1166] + SortingAlgorithms v0.3.1
  [276daf66] + SpecialFunctions v0.10.0
  [2913bbd2] + StatsBase v0.33.0
  [4c63d2b9] + StatsFuns v0.9.4
  [700de1a5] + ZygoteRules v0.2.0
  [2a0f44e3] + Base64
  [ade2ca70] + Dates
  [8bb1440f] + DelimitedFiles
  [8ba89e20] + Distributed
  [b77e0a4c] + InteractiveUtils
  [76f85450] + LibGit2
  [8f399da3] + Libdl
  [37e2e46d] + LinearAlgebra
  [56ddb016] + Logging
  [d6f4376e] + Markdown
  [a63ad114] + Mmap
  [44cfe95a] + Pkg
  [de0858da] + Printf
  [3fa0cd96] + REPL
  [9a3f8284] + Random
  [ea8e919c] + SHA
  [9e88b42a] + Serialization
  [1a1011a3] + SharedArrays
  [6462fe0b] + Sockets
  [2f01184e] + SparseArrays
  [10745b16] + Statistics
  [8dfed614] + Test
  [cf7118a7] + UUIDs
  [4ec0a83e] + Unicode
    Testing KernelFunctions
Status `/tmp/jl_l5l8W7/Project.toml`
  [34da2185] Compat v3.9.0
  [b4f34e82] Distances v0.8.2
  [26cc04aa] FiniteDifferences v0.10.0
  [587475ba] Flux v0.10.4
  [ec8451be] KernelFunctions v0.4.0
  [2c470bb0] Kronecker v0.4.0
  [90014a1f] PDMats v0.9.12
  [ae029012] Requires v1.0.1
  [276daf66] SpecialFunctions v0.10.0
  [2913bbd2] StatsBase v0.33.0
  [4c63d2b9] StatsFuns v0.9.4
  [e88e6eb3] Zygote v0.4.19
  [700de1a5] ZygoteRules v0.2.0
  [b77e0a4c] InteractiveUtils
  [37e2e46d] LinearAlgebra
  [9a3f8284] Random
  [8dfed614] Test
Status `/tmp/jl_l5l8W7/Manifest.toml`
  [621f4979] AbstractFFTs v0.5.0
  [1520ce14] AbstractTrees v0.3.3
  [79e6a3ab] Adapt v1.0.1
  [7d9fca2a] Arpack v0.4.0
  [68821587] Arpack_jll v3.5.0+3
  [4c555306] ArrayLayouts v0.2.5
  [b99e7846] BinaryProvider v0.5.9
  [fa961155] CEnum v0.2.0
  [3895d2a7] CUDAapi v4.0.0
  [c5f51814] CUDAdrv v6.2.3
  [be33ccc6] CUDAnative v3.0.4
  [da1fd8a2] CodeTracking v0.5.10
  [944b1d66] CodecZlib v0.7.0
  [3da002f7] ColorTypes v0.10.2
  [5ae59095] Colors v0.12.0
  [bbf7d656] CommonSubexpressions v0.2.0
  [34da2185] Compat v3.9.0
  [e66e0078] CompilerSupportLibraries_jll v0.3.3+0
  [f68482b8] Cthulhu v1.0.2
  [3a865a2d] CuArrays v2.1.0
  [9a962f9c] DataAPI v1.3.0
  [864edb3b] DataStructures v0.17.15
  [163ba53b] DiffResults v1.0.2
  [b552c78f] DiffRules v1.0.1
  [b4f34e82] Distances v0.8.2
  [ffbed154] DocStringExtensions v0.8.1
  [e30172f5] Documenter v0.23.4
  [e2ba6199] ExprTools v0.1.1
  [1a297f60] FillArrays v0.8.8
  [26cc04aa] FiniteDifferences v0.10.0
  [53c48c17] FixedPointNumbers v0.8.0
  [587475ba] Flux v0.10.4
  [f6369f11] ForwardDiff v0.10.10
  [0c68f7d7] GPUArrays v3.2.0
  [7869d1d1] IRTools v0.3.2
  [682c06a0] JSON v0.21.0
  [e5e0dc1b] Juno v0.8.1
  [ec8451be] KernelFunctions v0.4.0
  [2c470bb0] Kronecker v0.4.0
  [929cbde3] LLVM v1.3.4
  [1914dd2f] MacroTools v0.5.5
  [e89f7d12] Media v0.5.0
  [e1d29d7a] Missings v0.4.3
  [872c559c] NNlib v0.6.6
  [77ba4419] NaNMath v0.3.3
  [4536629a] OpenBLAS_jll v0.3.9+2
  [efe28fd5] OpenSpecFun_jll v0.5.3+3
  [bac558e1] OrderedCollections v1.1.0
  [90014a1f] PDMats v0.9.12
  [69de0a69] Parsers v1.0.2
  [189a3867] Reexport v0.2.0
  [ae029012] Requires v1.0.1
  [79098fc4] Rmath v0.6.1
  [f50d1b31] Rmath_jll v0.2.2+0
  [a2af1166] SortingAlgorithms v0.3.1
  [276daf66] SpecialFunctions v0.10.0
  [90137ffa] StaticArrays v0.12.2
  [2913bbd2] StatsBase v0.33.0
  [4c63d2b9] StatsFuns v0.9.4
  [a759f4b9] TimerOutputs v0.5.5
  [3bb67fe8] TranscodingStreams v0.9.5
  [a5390f91] ZipFile v0.9.1
  [83775a58] Zlib_jll v1.2.11+9
  [e88e6eb3] Zygote v0.4.19
  [700de1a5] ZygoteRules v0.2.0
  [2a0f44e3] Base64
  [ade2ca70] Dates
  [8bb1440f] DelimitedFiles
  [8ba89e20] Distributed
  [b77e0a4c] InteractiveUtils
  [76f85450] LibGit2
  [8f399da3] Libdl
  [37e2e46d] LinearAlgebra
  [56ddb016] Logging
  [d6f4376e] Markdown
  [a63ad114] Mmap
  [44cfe95a] Pkg
  [de0858da] Printf
  [9abbd945] Profile
  [3fa0cd96] REPL
  [9a3f8284] Random
  [ea8e919c] SHA
  [9e88b42a] Serialization
  [1a1011a3] SharedArrays
  [6462fe0b] Sockets
  [2f01184e] SparseArrays
  [10745b16] Statistics
  [4607b0f0] SuiteSparse
  [8dfed614] Test
  [cf7118a7] UUIDs
  [4ec0a83e] Unicode
WARNING: could not import Compiler.just_construct_ssa into Wrap
trainable: Error During Test at /home/pkgeval/.julia/packages/KernelFunctions/4rtQT/test/trainable.jl:6
  Test threw exception
  Expression: all(params(kc) .== params([c]))
  MethodError: no method matching ndims(::Type{Params})
  Closest candidates are:
    ndims(!Matched::Base.Generator) at generator.jl:53
    ndims(!Matched::Number) at number.jl:67
    ndims(!Matched::Type{var"#s92"} where var"#s92"<:Number) at number.jl:68
    ...
  Stacktrace:
   [1] Base.Broadcast.BroadcastStyle(::Type{Params}) at ./broadcast.jl:103
   [2] combine_styles(::Params) at ./broadcast.jl:410
   [3] combine_styles(::Params, ::Params) at ./broadcast.jl:411
   [4] broadcasted(::Function, ::Params, ::Params) at ./broadcast.jl:1239
   [5] top-level scope at /home/pkgeval/.julia/packages/KernelFunctions/4rtQT/test/trainable.jl:6
   [6] top-level scope at /workspace/srcdir/usr/share/julia/stdlib/v1.5/Test/src/Test.jl:1114
   [7] top-level scope at /home/pkgeval/.julia/packages/KernelFunctions/4rtQT/test/trainable.jl:2
  
trainable: Error During Test at /home/pkgeval/.julia/packages/KernelFunctions/4rtQT/test/trainable.jl:9
  Test threw exception
  Expression: all(params(kfbm) .== params([h]))
  MethodError: no method matching ndims(::Type{Params})
  Closest candidates are:
    ndims(!Matched::Base.Generator) at generator.jl:53
    ndims(!Matched::Number) at number.jl:67
    ndims(!Matched::Type{var"#s92"} where var"#s92"<:Number) at number.jl:68
    ...
  Stacktrace:
   [1] Base.Broadcast.BroadcastStyle(::Type{Params}) at ./broadcast.jl:103
   [2] combine_styles(::Params) at ./broadcast.jl:410
   [3] combine_styles(::Params, ::Params) at ./broadcast.jl:411
   [4] broadcasted(::Function, ::Params, ::Params) at ./broadcast.jl:1239
   [5] top-level scope at /home/pkgeval/.julia/packages/KernelFunctions/4rtQT/test/trainable.jl:9
   [6] top-level scope at /workspace/srcdir/usr/share/julia/stdlib/v1.5/Test/src/Test.jl:1114
   [7] top-level scope at /home/pkgeval/.julia/packages/KernelFunctions/4rtQT/test/trainable.jl:2
  
trainable: Error During Test at /home/pkgeval/.julia/packages/KernelFunctions/4rtQT/test/trainable.jl:12
  Test threw exception
  Expression: all(params(kge) .== params([γ]))
  MethodError: no method matching ndims(::Type{Params})
  Closest candidates are:
    ndims(!Matched::Base.Generator) at generator.jl:53
    ndims(!Matched::Number) at number.jl:67
    ndims(!Matched::Type{var"#s92"} where var"#s92"<:Number) at number.jl:68
    ...
  Stacktrace:
   [1] Base.Broadcast.BroadcastStyle(::Type{Params}) at ./broadcast.jl:103
   [2] combine_styles(::Params) at ./broadcast.jl:410
   [3] combine_styles(::Params, ::Params) at ./broadcast.jl:411
   [4] broadcasted(::Function, ::Params, ::Params) at ./broadcast.jl:1239
   [5] top-level scope at /home/pkgeval/.julia/packages/KernelFunctions/4rtQT/test/trainable.jl:12
   [6] top-level scope at /workspace/srcdir/usr/share/julia/stdlib/v1.5/Test/src/Test.jl:1114
   [7] top-level scope at /home/pkgeval/.julia/packages/KernelFunctions/4rtQT/test/trainable.jl:2
  
trainable: Error During Test at /home/pkgeval/.julia/packages/KernelFunctions/4rtQT/test/trainable.jl:15
  Test threw exception
  Expression: all(params(kgr) .== params([α], [γ]))
  MethodError: no method matching ndims(::Type{Params})
  Closest candidates are:
    ndims(!Matched::Base.Generator) at generator.jl:53
    ndims(!Matched::Number) at number.jl:67
    ndims(!Matched::Type{var"#s92"} where var"#s92"<:Number) at number.jl:68
    ...
  Stacktrace:
   [1] Base.Broadcast.BroadcastStyle(::Type{Params}) at ./broadcast.jl:103
   [2] combine_styles(::Params) at ./broadcast.jl:410
   [3] combine_styles(::Params, ::Params) at ./broadcast.jl:411
   [4] broadcasted(::Function, ::Params, ::Params) at ./broadcast.jl:1239
   [5] top-level scope at /home/pkgeval/.julia/packages/KernelFunctions/4rtQT/test/trainable.jl:15
   [6] top-level scope at /workspace/srcdir/usr/share/julia/stdlib/v1.5/Test/src/Test.jl:1114
   [7] top-level scope at /home/pkgeval/.julia/packages/KernelFunctions/4rtQT/test/trainable.jl:2
  
trainable: Error During Test at /home/pkgeval/.julia/packages/KernelFunctions/4rtQT/test/trainable.jl:18
  Test threw exception
  Expression: all(params(kl) .== params([c]))
  MethodError: no method matching ndims(::Type{Params})
  Closest candidates are:
    ndims(!Matched::Base.Generator) at generator.jl:53
    ndims(!Matched::Number) at number.jl:67
    ndims(!Matched::Type{var"#s92"} where var"#s92"<:Number) at number.jl:68
    ...
  Stacktrace:
   [1] Base.Broadcast.BroadcastStyle(::Type{Params}) at ./broadcast.jl:103
   [2] combine_styles(::Params) at ./broadcast.jl:410
   [3] combine_styles(::Params, ::Params) at ./broadcast.jl:411
   [4] broadcasted(::Function, ::Params, ::Params) at ./broadcast.jl:1239
   [5] top-level scope at /home/pkgeval/.julia/packages/KernelFunctions/4rtQT/test/trainable.jl:18
   [6] top-level scope at /workspace/srcdir/usr/share/julia/stdlib/v1.5/Test/src/Test.jl:1114
   [7] top-level scope at /home/pkgeval/.julia/packages/KernelFunctions/4rtQT/test/trainable.jl:2
  
trainable: Error During Test at /home/pkgeval/.julia/packages/KernelFunctions/4rtQT/test/trainable.jl:21
  Test threw exception
  Expression: all(params(km) .== params([ν]))
  MethodError: no method matching ndims(::Type{Params})
  Closest candidates are:
    ndims(!Matched::Base.Generator) at generator.jl:53
    ndims(!Matched::Number) at number.jl:67
    ndims(!Matched::Type{var"#s92"} where var"#s92"<:Number) at number.jl:68
    ...
  Stacktrace:
   [1] Base.Broadcast.BroadcastStyle(::Type{Params}) at ./broadcast.jl:103
   [2] combine_styles(::Params) at ./broadcast.jl:410
   [3] combine_styles(::Params, ::Params) at ./broadcast.jl:411
   [4] broadcasted(::Function, ::Params, ::Params) at ./broadcast.jl:1239
   [5] top-level scope at /home/pkgeval/.julia/packages/KernelFunctions/4rtQT/test/trainable.jl:21
   [6] top-level scope at /workspace/srcdir/usr/share/julia/stdlib/v1.5/Test/src/Test.jl:1114
   [7] top-level scope at /home/pkgeval/.julia/packages/KernelFunctions/4rtQT/test/trainable.jl:2
  
trainable: Error During Test at /home/pkgeval/.julia/packages/KernelFunctions/4rtQT/test/trainable.jl:24
  Test threw exception
  Expression: all(params(kp) .== params([d], [c]))
  MethodError: no method matching ndims(::Type{Params})
  Closest candidates are:
    ndims(!Matched::Base.Generator) at generator.jl:53
    ndims(!Matched::Number) at number.jl:67
    ndims(!Matched::Type{var"#s92"} where var"#s92"<:Number) at number.jl:68
    ...
  Stacktrace:
   [1] Base.Broadcast.BroadcastStyle(::Type{Params}) at ./broadcast.jl:103
   [2] combine_styles(::Params) at ./broadcast.jl:410
   [3] combine_styles(::Params, ::Params) at ./broadcast.jl:411
   [4] broadcasted(::Function, ::Params, ::Params) at ./broadcast.jl:1239
   [5] top-level scope at /home/pkgeval/.julia/packages/KernelFunctions/4rtQT/test/trainable.jl:24
   [6] top-level scope at /workspace/srcdir/usr/share/julia/stdlib/v1.5/Test/src/Test.jl:1114
   [7] top-level scope at /home/pkgeval/.julia/packages/KernelFunctions/4rtQT/test/trainable.jl:2
  
trainable: Error During Test at /home/pkgeval/.julia/packages/KernelFunctions/4rtQT/test/trainable.jl:27
  Test threw exception
  Expression: all(params(kpe) .== params(r))
  AssertionError: length(x) == sum((length(p) for p = ps))
  Stacktrace:
   [1] copyto!(::Array{Any,1}, ::Params) at /home/pkgeval/.julia/packages/Zygote/jLxtV/src/compiler/interface.jl:112
   [2] _collect at ./array.jl:608 [inlined]
   [3] collect at ./array.jl:602 [inlined]
   [4] broadcastable at ./broadcast.jl:666 [inlined]
   [5] broadcasted(::Function, ::Params, ::Params) at ./broadcast.jl:1236
   [6] top-level scope at /home/pkgeval/.julia/packages/KernelFunctions/4rtQT/test/trainable.jl:27
   [7] top-level scope at /workspace/srcdir/usr/share/julia/stdlib/v1.5/Test/src/Test.jl:1114
   [8] top-level scope at /home/pkgeval/.julia/packages/KernelFunctions/4rtQT/test/trainable.jl:2
  
trainable: Error During Test at /home/pkgeval/.julia/packages/KernelFunctions/4rtQT/test/trainable.jl:30
  Test threw exception
  Expression: all(params(kr) .== params([α]))
  MethodError: no method matching ndims(::Type{Params})
  Closest candidates are:
    ndims(!Matched::Base.Generator) at generator.jl:53
    ndims(!Matched::Number) at number.jl:67
    ndims(!Matched::Type{var"#s92"} where var"#s92"<:Number) at number.jl:68
    ...
  Stacktrace:
   [1] Base.Broadcast.BroadcastStyle(::Type{Params}) at ./broadcast.jl:103
   [2] combine_styles(::Params) at ./broadcast.jl:410
   [3] combine_styles(::Params, ::Params) at ./broadcast.jl:411
   [4] broadcasted(::Function, ::Params, ::Params) at ./broadcast.jl:1239
   [5] top-level scope at /home/pkgeval/.julia/packages/KernelFunctions/4rtQT/test/trainable.jl:30
   [6] top-level scope at /workspace/srcdir/usr/share/julia/stdlib/v1.5/Test/src/Test.jl:1114
   [7] top-level scope at /home/pkgeval/.julia/packages/KernelFunctions/4rtQT/test/trainable.jl:2
  
trainable: Error During Test at /home/pkgeval/.julia/packages/KernelFunctions/4rtQT/test/trainable.jl:33
  Test threw exception
  Expression: all(params(k) .== params([k.weights], km, kc))
  AssertionError: length(x) == sum((length(p) for p = ps))
  Stacktrace:
   [1] copyto!(::Array{Any,1}, ::Params) at /home/pkgeval/.julia/packages/Zygote/jLxtV/src/compiler/interface.jl:112
   [2] _collect at ./array.jl:608 [inlined]
   [3] collect at ./array.jl:602 [inlined]
   [4] broadcastable at ./broadcast.jl:666 [inlined]
   [5] broadcasted(::Function, ::Params, ::Params) at ./broadcast.jl:1236
   [6] top-level scope at /home/pkgeval/.julia/packages/KernelFunctions/4rtQT/test/trainable.jl:33
   [7] top-level scope at /workspace/srcdir/usr/share/julia/stdlib/v1.5/Test/src/Test.jl:1114
   [8] top-level scope at /home/pkgeval/.julia/packages/KernelFunctions/4rtQT/test/trainable.jl:2
  
trainable: Error During Test at /home/pkgeval/.julia/packages/KernelFunctions/4rtQT/test/trainable.jl:36
  Test threw exception
  Expression: all(params(k) .== params(km, kc))
  MethodError: no method matching ndims(::Type{Params})
  Closest candidates are:
    ndims(!Matched::Base.Generator) at generator.jl:53
    ndims(!Matched::Number) at number.jl:67
    ndims(!Matched::Type{var"#s92"} where var"#s92"<:Number) at number.jl:68
    ...
  Stacktrace:
   [1] Base.Broadcast.BroadcastStyle(::Type{Params}) at ./broadcast.jl:103
   [2] combine_styles(::Params) at ./broadcast.jl:410
   [3] combine_styles(::Params, ::Params) at ./broadcast.jl:411
   [4] broadcasted(::Function, ::Params, ::Params) at ./broadcast.jl:1239
   [5] top-level scope at /home/pkgeval/.julia/packages/KernelFunctions/4rtQT/test/trainable.jl:36
   [6] top-level scope at /workspace/srcdir/usr/share/julia/stdlib/v1.5/Test/src/Test.jl:1114
   [7] top-level scope at /home/pkgeval/.julia/packages/KernelFunctions/4rtQT/test/trainable.jl:2
  
trainable: Error During Test at /home/pkgeval/.julia/packages/KernelFunctions/4rtQT/test/trainable.jl:40
  Test threw exception
  Expression: all(params(k) .== params([s], km))
  MethodError: no method matching ndims(::Type{Params})
  Closest candidates are:
    ndims(!Matched::Base.Generator) at generator.jl:53
    ndims(!Matched::Number) at number.jl:67
    ndims(!Matched::Type{var"#s92"} where var"#s92"<:Number) at number.jl:68
    ...
  Stacktrace:
   [1] Base.Broadcast.BroadcastStyle(::Type{Params}) at ./broadcast.jl:103
   [2] combine_styles(::Params) at ./broadcast.jl:410
   [3] combine_styles(::Params, ::Params) at ./broadcast.jl:411
   [4] broadcasted(::Function, ::Params, ::Params) at ./broadcast.jl:1239
   [5] top-level scope at /home/pkgeval/.julia/packages/KernelFunctions/4rtQT/test/trainable.jl:40
   [6] top-level scope at /workspace/srcdir/usr/share/julia/stdlib/v1.5/Test/src/Test.jl:1114
   [7] top-level scope at /home/pkgeval/.julia/packages/KernelFunctions/4rtQT/test/trainable.jl:2
  
trainable: Error During Test at /home/pkgeval/.julia/packages/KernelFunctions/4rtQT/test/trainable.jl:44
  Test threw exception
  Expression: all(params(k) .== params(v, kc))
  MethodError: no method matching ndims(::Type{Params})
  Closest candidates are:
    ndims(!Matched::Base.Generator) at generator.jl:53
    ndims(!Matched::Number) at number.jl:67
    ndims(!Matched::Type{var"#s92"} where var"#s92"<:Number) at number.jl:68
    ...
  Stacktrace:
   [1] Base.Broadcast.BroadcastStyle(::Type{Params}) at ./broadcast.jl:103
   [2] combine_styles(::Params) at ./broadcast.jl:410
   [3] combine_styles(::Params, ::Params) at ./broadcast.jl:411
   [4] broadcasted(::Function, ::Params, ::Params) at ./broadcast.jl:1239
   [5] top-level scope at /home/pkgeval/.julia/packages/KernelFunctions/4rtQT/test/trainable.jl:44
   [6] top-level scope at /workspace/srcdir/usr/share/julia/stdlib/v1.5/Test/src/Test.jl:1114
   [7] top-level scope at /home/pkgeval/.julia/packages/KernelFunctions/4rtQT/test/trainable.jl:2
  
trainable: Error During Test at /home/pkgeval/.julia/packages/KernelFunctions/4rtQT/test/trainable.jl:48
  Test threw exception
  Expression: all(params(k) .== params(P, km))
  AssertionError: length(x) == sum((length(p) for p = ps))
  Stacktrace:
   [1] copyto!(::Array{Any,1}, ::Params) at /home/pkgeval/.julia/packages/Zygote/jLxtV/src/compiler/interface.jl:112
   [2] _collect at ./array.jl:608 [inlined]
   [3] collect at ./array.jl:602 [inlined]
   [4] broadcastable at ./broadcast.jl:666 [inlined]
   [5] broadcasted(::Function, ::Params, ::Params) at ./broadcast.jl:1236
   [6] top-level scope at /home/pkgeval/.julia/packages/KernelFunctions/4rtQT/test/trainable.jl:48
   [7] top-level scope at /workspace/srcdir/usr/share/julia/stdlib/v1.5/Test/src/Test.jl:1114
   [8] top-level scope at /home/pkgeval/.julia/packages/KernelFunctions/4rtQT/test/trainable.jl:2
  
trainable: Error During Test at /home/pkgeval/.julia/packages/KernelFunctions/4rtQT/test/trainable.jl:51
  Test threw exception
  Expression: all(params(k) .== params([s], P, km))
  AssertionError: length(x) == sum((length(p) for p = ps))
  Stacktrace:
   [1] copyto!(::Array{Any,1}, ::Params) at /home/pkgeval/.julia/packages/Zygote/jLxtV/src/compiler/interface.jl:112
   [2] _collect at ./array.jl:608 [inlined]
   [3] collect at ./array.jl:602 [inlined]
   [4] broadcastable at ./broadcast.jl:666 [inlined]
   [5] broadcasted(::Function, ::Params, ::Params) at ./broadcast.jl:1236
   [6] top-level scope at /home/pkgeval/.julia/packages/KernelFunctions/4rtQT/test/trainable.jl:51
   [7] top-level scope at /workspace/srcdir/usr/share/julia/stdlib/v1.5/Test/src/Test.jl:1114
   [8] top-level scope at /home/pkgeval/.julia/packages/KernelFunctions/4rtQT/test/trainable.jl:2
  
trainable: Error During Test at /home/pkgeval/.julia/packages/KernelFunctions/4rtQT/test/trainable.jl:55
  Test threw exception
  Expression: all(params(k) .== params(c, km))
  AssertionError: length(x) == sum((length(p) for p = ps))
  Stacktrace:
   [1] copyto!(::Array{Any,1}, ::Params) at /home/pkgeval/.julia/packages/Zygote/jLxtV/src/compiler/interface.jl:112
   [2] _collect at ./array.jl:608 [inlined]
   [3] collect at ./array.jl:602 [inlined]
   [4] broadcastable at ./broadcast.jl:666 [inlined]
   [5] broadcasted(::Function, ::Params, ::Params) at ./broadcast.jl:1236
   [6] top-level scope at /home/pkgeval/.julia/packages/KernelFunctions/4rtQT/test/trainable.jl:55
   [7] top-level scope at /workspace/srcdir/usr/share/julia/stdlib/v1.5/Test/src/Test.jl:1114
   [8] top-level scope at /home/pkgeval/.julia/packages/KernelFunctions/4rtQT/test/trainable.jl:2
  
Test Summary:     | Pass  Error  Total
KernelFunctions   |  362     16    378
  utils           |   30            30
  distances       |   11            11
  transform       |   29            29
  basekernels     |  134           134
  kernels         |   74            74
  matrix          |   74            74
  approximations  |    4             4
  generic         |    3             3
  zygote_adjoints |    3             3
  trainable       |          16     16
ERROR: LoadError: Some tests did not pass: 362 passed, 0 failed, 16 errored, 0 broken.
in expression starting at /home/pkgeval/.julia/packages/KernelFunctions/4rtQT/test/runtests.jl:45
ERROR: Package KernelFunctions errored during testing
Stacktrace:
 [1] pkgerror(::String, ::Vararg{String,N} where N) at /workspace/srcdir/usr/share/julia/stdlib/v1.5/Pkg/src/Types.jl:52
 [2] test(::Pkg.Types.Context, ::Array{Pkg.Types.PackageSpec,1}; coverage::Bool, julia_args::Cmd, test_args::Cmd, test_fn::Nothing) at /workspace/srcdir/usr/share/julia/stdlib/v1.5/Pkg/src/Operations.jl:1515
 [3] test(::Pkg.Types.Context, ::Array{Pkg.Types.PackageSpec,1}; coverage::Bool, test_fn::Nothing, julia_args::Cmd, test_args::Cmd, kwargs::Base.Iterators.Pairs{Union{},Union{},Tuple{},NamedTuple{(),Tuple{}}}) at /workspace/srcdir/usr/share/julia/stdlib/v1.5/Pkg/src/API.jl:316
 [4] test(::Pkg.Types.Context, ::Array{Pkg.Types.PackageSpec,1}) at /workspace/srcdir/usr/share/julia/stdlib/v1.5/Pkg/src/API.jl:303
 [5] #test#68 at /workspace/srcdir/usr/share/julia/stdlib/v1.5/Pkg/src/API.jl:297 [inlined]
 [6] test at /workspace/srcdir/usr/share/julia/stdlib/v1.5/Pkg/src/API.jl:297 [inlined]
 [7] #test#67 at /workspace/srcdir/usr/share/julia/stdlib/v1.5/Pkg/src/API.jl:296 [inlined]
 [8] test at /workspace/srcdir/usr/share/julia/stdlib/v1.5/Pkg/src/API.jl:296 [inlined]
 [9] test(::String; kwargs::Base.Iterators.Pairs{Union{},Union{},Tuple{},NamedTuple{(),Tuple{}}}) at /workspace/srcdir/usr/share/julia/stdlib/v1.5/Pkg/src/API.jl:295
 [10] test(::String) at /workspace/srcdir/usr/share/julia/stdlib/v1.5/Pkg/src/API.jl:295
 [11] top-level scope at none:16
