Julia Version 1.5.0-DEV.862
Commit b472f88f55 (2020-05-06 01:04 UTC)
Platform Info:
  OS: Linux (x86_64-linux-gnu)
  CPU: Intel(R) Xeon(R) Silver 4114 CPU @ 2.20GHz
  WORD_SIZE: 64
  LIBM: libopenlibm
  LLVM: libLLVM-9.0.1 (ORCJIT, skylake)
Environment:
  JULIA_DEPOT_PATH = ::/usr/local/share/julia
  JULIA_NUM_THREADS = 2

  Resolving package versions...
  Installed DataFramesMeta â”€â”€â”€â”€â”€â”€â”€â”€â”€â”€â”€â”€â”€â”€ v0.5.0
  Installed IteratorInterfaceExtensions â”€ v1.0.0
  Installed Compat â”€â”€â”€â”€â”€â”€â”€â”€â”€â”€â”€â”€â”€â”€â”€â”€â”€â”€â”€â”€â”€â”€ v3.9.0
  Installed DataAPI â”€â”€â”€â”€â”€â”€â”€â”€â”€â”€â”€â”€â”€â”€â”€â”€â”€â”€â”€â”€â”€ v1.3.0
  Installed Parsers â”€â”€â”€â”€â”€â”€â”€â”€â”€â”€â”€â”€â”€â”€â”€â”€â”€â”€â”€â”€â”€ v1.0.3
  Installed Tables â”€â”€â”€â”€â”€â”€â”€â”€â”€â”€â”€â”€â”€â”€â”€â”€â”€â”€â”€â”€â”€â”€ v1.0.4
  Installed DataStructures â”€â”€â”€â”€â”€â”€â”€â”€â”€â”€â”€â”€â”€â”€ v0.17.15
  Installed DataFrames â”€â”€â”€â”€â”€â”€â”€â”€â”€â”€â”€â”€â”€â”€â”€â”€â”€â”€ v0.21.0
  Installed OrderedCollections â”€â”€â”€â”€â”€â”€â”€â”€â”€â”€ v1.2.0
  Installed TableTraits â”€â”€â”€â”€â”€â”€â”€â”€â”€â”€â”€â”€â”€â”€â”€â”€â”€ v1.0.0
  Installed Missings â”€â”€â”€â”€â”€â”€â”€â”€â”€â”€â”€â”€â”€â”€â”€â”€â”€â”€â”€â”€ v0.4.3
  Installed PooledArrays â”€â”€â”€â”€â”€â”€â”€â”€â”€â”€â”€â”€â”€â”€â”€â”€ v0.5.3
  Installed CategoricalArrays â”€â”€â”€â”€â”€â”€â”€â”€â”€â”€â”€ v0.8.0
  Installed Reexport â”€â”€â”€â”€â”€â”€â”€â”€â”€â”€â”€â”€â”€â”€â”€â”€â”€â”€â”€â”€ v0.2.0
  Installed DataValueInterfaces â”€â”€â”€â”€â”€â”€â”€â”€â”€ v1.0.0
  Installed JSON â”€â”€â”€â”€â”€â”€â”€â”€â”€â”€â”€â”€â”€â”€â”€â”€â”€â”€â”€â”€â”€â”€â”€â”€ v0.21.0
  Installed InvertedIndices â”€â”€â”€â”€â”€â”€â”€â”€â”€â”€â”€â”€â”€ v1.0.0
  Installed SortingAlgorithms â”€â”€â”€â”€â”€â”€â”€â”€â”€â”€â”€ v0.3.1
Updating `~/.julia/environments/v1.5/Project.toml`
  [1313f7d8] + DataFramesMeta v0.5.0
Updating `~/.julia/environments/v1.5/Manifest.toml`
  [324d7699] + CategoricalArrays v0.8.0
  [34da2185] + Compat v3.9.0
  [9a962f9c] + DataAPI v1.3.0
  [a93c6f00] + DataFrames v0.21.0
  [1313f7d8] + DataFramesMeta v0.5.0
  [864edb3b] + DataStructures v0.17.15
  [e2d170a0] + DataValueInterfaces v1.0.0
  [41ab1584] + InvertedIndices v1.0.0
  [82899510] + IteratorInterfaceExtensions v1.0.0
  [682c06a0] + JSON v0.21.0
  [e1d29d7a] + Missings v0.4.3
  [bac558e1] + OrderedCollections v1.2.0
  [69de0a69] + Parsers v1.0.3
  [2dfb63ee] + PooledArrays v0.5.3
  [189a3867] + Reexport v0.2.0
  [a2af1166] + SortingAlgorithms v0.3.1
  [3783bdb8] + TableTraits v1.0.0
  [bd369af6] + Tables v1.0.4
  [2a0f44e3] + Base64
  [ade2ca70] + Dates
  [8bb1440f] + DelimitedFiles
  [8ba89e20] + Distributed
  [9fa8497b] + Future
  [b77e0a4c] + InteractiveUtils
  [76f85450] + LibGit2
  [8f399da3] + Libdl
  [37e2e46d] + LinearAlgebra
  [56ddb016] + Logging
  [d6f4376e] + Markdown
  [a63ad114] + Mmap
  [44cfe95a] + Pkg
  [de0858da] + Printf
  [3fa0cd96] + REPL
  [9a3f8284] + Random
  [ea8e919c] + SHA
  [9e88b42a] + Serialization
  [1a1011a3] + SharedArrays
  [6462fe0b] + Sockets
  [2f01184e] + SparseArrays
  [10745b16] + Statistics
  [8dfed614] + Test
  [cf7118a7] + UUIDs
  [4ec0a83e] + Unicode
    Testing DataFramesMeta
Status `/tmp/jl_K0PLVn/Project.toml`
  [a93c6f00] DataFrames v0.21.0
  [1313f7d8] DataFramesMeta v0.5.0
  [50d2b5c4] Lazy v0.15.0
  [bd369af6] Tables v1.0.4
  [9a3f8284] Random
  [10745b16] Statistics
  [8dfed614] Test
Status `/tmp/jl_K0PLVn/Manifest.toml`
  [324d7699] CategoricalArrays v0.8.0
  [34da2185] Compat v3.9.0
  [9a962f9c] DataAPI v1.3.0
  [a93c6f00] DataFrames v0.21.0
  [1313f7d8] DataFramesMeta v0.5.0
  [864edb3b] DataStructures v0.17.15
  [e2d170a0] DataValueInterfaces v1.0.0
  [41ab1584] InvertedIndices v1.0.0
  [82899510] IteratorInterfaceExtensions v1.0.0
  [682c06a0] JSON v0.21.0
  [50d2b5c4] Lazy v0.15.0
  [1914dd2f] MacroTools v0.5.5
  [e1d29d7a] Missings v0.4.3
  [bac558e1] OrderedCollections v1.2.0
  [69de0a69] Parsers v1.0.3
  [2dfb63ee] PooledArrays v0.5.3
  [189a3867] Reexport v0.2.0
  [a2af1166] SortingAlgorithms v0.3.1
  [3783bdb8] TableTraits v1.0.0
  [bd369af6] Tables v1.0.4
  [2a0f44e3] Base64
  [ade2ca70] Dates
  [8bb1440f] DelimitedFiles
  [8ba89e20] Distributed
  [9fa8497b] Future
  [b77e0a4c] InteractiveUtils
  [76f85450] LibGit2
  [8f399da3] Libdl
  [37e2e46d] LinearAlgebra
  [56ddb016] Logging
  [d6f4376e] Markdown
  [a63ad114] Mmap
  [44cfe95a] Pkg
  [de0858da] Printf
  [3fa0cd96] REPL
  [9a3f8284] Random
  [ea8e919c] SHA
  [9e88b42a] Serialization
  [1a1011a3] SharedArrays
  [6462fe0b] Sockets
  [2f01184e] SparseArrays
  [10745b16] Statistics
  [8dfed614] Test
  [cf7118a7] UUIDs
  [4ec0a83e] Unicode
Running tests:
	[1m[32mPASSED[0m: dataframes.jl
â”Œ Warning: `map(f::Union{Base.Callable, Pair}, gd::GroupedDataFrame)` is deprecated, use `combine(f, gd, ungroup = false)` instead.
â”‚   caller = top-level scope at grouping.jl:24
â”” @ Core ~/.julia/packages/DataFramesMeta/c88dH/test/grouping.jl:24
	[1m[32mPASSED[0m: grouping.jl
â”Œ Warning: `by(d::AbstractDataFrame, cols::Any, f::Base.Callable; sort::Bool = false, skipmissing::Bool = false)` is deprecated, use `combine(groupby(d, cols, sort = sort, skipmissing = skipmissing), f)` instead.
â”‚   caller = top-level scope at chaining.jl:18
â”” @ Core ~/.julia/packages/DataFramesMeta/c88dH/test/chaining.jl:18
	[1m[31mFAILED[0m: chaining.jl
LoadError: MethodError: no method matching combine(::DataFrames.GroupedDataFrame{DataFrames.DataFrame}, ::Main.TestChaining.var"#7#8")
Closest candidates are:
  combine(!Matched::DataFrames.AbstractDataFrame, ::Any...) at /home/pkgeval/.julia/packages/DataFrames/3ZmR2/src/abstractdataframe/selection.jl:534
  combine(::DataFrames.GroupedDataFrame; f...) at /home/pkgeval/.julia/packages/DataFrames/3ZmR2/src/groupeddataframe/splitapplycombine.jl:550
  combine(::Any, !Matched::DataFrames.AbstractDataFrame) at /home/pkgeval/.julia/packages/DataFrames/3ZmR2/src/abstractdataframe/selection.jl:537
  ...
Stacktrace:
 [1] top-level scope at /home/pkgeval/.julia/packages/DataFramesMeta/c88dH/test/runtests.jl:22
 [2] include(::String) at ./client.jl:457
 [3] top-level scope at none:6
 [4] eval(::Module, ::Any) at ./boot.jl:331
 [5] exec_options(::Base.JLOptions) at ./client.jl:272
 [6] _start() at ./client.jl:506
in expression starting at /home/pkgeval/.julia/packages/DataFramesMeta/c88dH/test/chaining.jl:18
â”Œ Warning: `by(d::AbstractDataFrame, cols::Any, f::Base.Callable; sort::Bool = false, skipmissing::Bool = false)` is deprecated, use `combine(groupby(d, cols, sort = sort, skipmissing = skipmissing), f)` instead.
â”‚   caller = top-level scope at linqmacro.jl:17
â”” @ Core ~/.julia/packages/DataFramesMeta/c88dH/test/linqmacro.jl:17
	[1m[31mFAILED[0m: linqmacro.jl
LoadError: MethodError: no method matching combine(::DataFrames.GroupedDataFrame{DataFrames.DataFrame}, ::Main.TestLinqMacro.var"#7#8")
Closest candidates are:
  combine(!Matched::DataFrames.AbstractDataFrame, ::Any...) at /home/pkgeval/.julia/packages/DataFrames/3ZmR2/src/abstractdataframe/selection.jl:534
  combine(::DataFrames.GroupedDataFrame; f...) at /home/pkgeval/.julia/packages/DataFrames/3ZmR2/src/groupeddataframe/splitapplycombine.jl:550
  combine(::Any, !Matched::DataFrames.AbstractDataFrame) at /home/pkgeval/.julia/packages/DataFrames/3ZmR2/src/abstractdataframe/selection.jl:537
  ...
Stacktrace:
 [1] top-level scope at /home/pkgeval/.julia/packages/DataFramesMeta/c88dH/test/runtests.jl:22
 [2] include(::String) at ./client.jl:457
 [3] top-level scope at none:6
 [4] eval(::Module, ::Any) at ./boot.jl:331
 [5] exec_options(::Base.JLOptions) at ./client.jl:272
 [6] _start() at ./client.jl:506
in expression starting at /home/pkgeval/.julia/packages/DataFramesMeta/c88dH/test/linqmacro.jl:17
ERROR: LoadError: "Tests failed"
Stacktrace:
 [1] top-level scope at /home/pkgeval/.julia/packages/DataFramesMeta/c88dH/test/runtests.jl:29
 [2] include(::String) at ./client.jl:457
 [3] top-level scope at none:6
in expression starting at /home/pkgeval/.julia/packages/DataFramesMeta/c88dH/test/runtests.jl:28
ERROR: Package DataFramesMeta errored during testing
Stacktrace:
 [1] pkgerror(::String, ::Vararg{String,N} where N) at /workspace/srcdir/usr/share/julia/stdlib/v1.5/Pkg/src/Types.jl:52
 [2] test(::Pkg.Types.Context, ::Array{Pkg.Types.PackageSpec,1}; coverage::Bool, julia_args::Cmd, test_args::Cmd, test_fn::Nothing) at /workspace/srcdir/usr/share/julia/stdlib/v1.5/Pkg/src/Operations.jl:1515
 [3] test(::Pkg.Types.Context, ::Array{Pkg.Types.PackageSpec,1}; coverage::Bool, test_fn::Nothing, julia_args::Cmd, test_args::Cmd, kwargs::Base.Iterators.Pairs{Union{},Union{},Tuple{},NamedTuple{(),Tuple{}}}) at /workspace/srcdir/usr/share/julia/stdlib/v1.5/Pkg/src/API.jl:316
 [4] test(::Pkg.Types.Context, ::Array{Pkg.Types.PackageSpec,1}) at /workspace/srcdir/usr/share/julia/stdlib/v1.5/Pkg/src/API.jl:303
 [5] #test#68 at /workspace/srcdir/usr/share/julia/stdlib/v1.5/Pkg/src/API.jl:297 [inlined]
 [6] test at /workspace/srcdir/usr/share/julia/stdlib/v1.5/Pkg/src/API.jl:297 [inlined]
 [7] #test#67 at /workspace/srcdir/usr/share/julia/stdlib/v1.5/Pkg/src/API.jl:296 [inlined]
 [8] test at /workspace/srcdir/usr/share/julia/stdlib/v1.5/Pkg/src/API.jl:296 [inlined]
 [9] test(::String; kwargs::Base.Iterators.Pairs{Union{},Union{},Tuple{},NamedTuple{(),Tuple{}}}) at /workspace/srcdir/usr/share/julia/stdlib/v1.5/Pkg/src/API.jl:295
 [10] test(::String) at /workspace/srcdir/usr/share/julia/stdlib/v1.5/Pkg/src/API.jl:295
 [11] top-level scope at none:16
