Running tests with Julia v1.3.0
   Cloning default registries into `~/.julia`
   Cloning registry from "https://github.com/JuliaRegistries/General.git"
[?25l    Fetching: [>                                        ]  0.0 %    Fetching: [============>                            ]  29.9 %    Fetching: [============================>            ]  70.0 %[2K[?25h     Added registry `General` to `~/.julia/registries/General`
 Resolving package versions...
 Installed DirectSum â”€â”€â”€â”€â”€â”€â”€â”€ v0.4.2
 Installed AbstractTensors â”€â”€ v0.3.0
 Installed Leibniz â”€â”€â”€â”€â”€â”€â”€â”€â”€â”€ v0.0.3
 Installed ReduceLinAlg â”€â”€â”€â”€â”€ v0.1.0
 Installed ForceImport â”€â”€â”€â”€â”€â”€ v0.0.3
 Installed SyntaxTree â”€â”€â”€â”€â”€â”€â”€ v1.0.1
 Installed StaticArrays â”€â”€â”€â”€â”€ v0.12.1
 Installed Reduce â”€â”€â”€â”€â”€â”€â”€â”€â”€â”€â”€ v1.2.3
 Installed AbstractLattices â”€ v0.1.2
  Updating `~/.julia/environments/v1.3/Project.toml`
  [bfcbc1eb] + ReduceLinAlg v0.1.0
  Updating `~/.julia/environments/v1.3/Manifest.toml`
  [398f06c4] + AbstractLattices v0.1.2
  [a8e43f4a] + AbstractTensors v0.3.0
  [22fd7b30] + DirectSum v0.4.2
  [9dda63f9] + ForceImport v0.0.3
  [edad4870] + Leibniz v0.0.3
  [93e0c654] + Reduce v1.2.3
  [bfcbc1eb] + ReduceLinAlg v0.1.0
  [90137ffa] + StaticArrays v0.12.1
  [a4af3ec5] + SyntaxTree v1.0.1
  [2a0f44e3] + Base64 
  [8ba89e20] + Distributed 
  [b77e0a4c] + InteractiveUtils 
  [8f399da3] + Libdl 
  [37e2e46d] + LinearAlgebra 
  [56ddb016] + Logging 
  [d6f4376e] + Markdown 
  [3fa0cd96] + REPL 
  [9a3f8284] + Random 
  [9e88b42a] + Serialization 
  [6462fe0b] + Sockets 
  [2f01184e] + SparseArrays 
  [10745b16] + Statistics 
  [8dfed614] + Test 
  Building Reduce â†’ `~/.julia/packages/Reduce/4dmwd/deps/build.log`
   Testing ReduceLinAlg
 Resolving package versions...
    Status `/tmp/jl_KTqChu/Manifest.toml`
  [398f06c4] AbstractLattices v0.1.2
  [a8e43f4a] AbstractTensors v0.3.0
  [22fd7b30] DirectSum v0.4.2
  [9dda63f9] ForceImport v0.0.3
  [edad4870] Leibniz v0.0.3
  [93e0c654] Reduce v1.2.3
  [bfcbc1eb] ReduceLinAlg v0.1.0
  [90137ffa] StaticArrays v0.12.1
  [a4af3ec5] SyntaxTree v1.0.1
  [2a0f44e3] Base64  [`@stdlib/Base64`]
  [8ba89e20] Distributed  [`@stdlib/Distributed`]
  [b77e0a4c] InteractiveUtils  [`@stdlib/InteractiveUtils`]
  [8f399da3] Libdl  [`@stdlib/Libdl`]
  [37e2e46d] LinearAlgebra  [`@stdlib/LinearAlgebra`]
  [56ddb016] Logging  [`@stdlib/Logging`]
  [d6f4376e] Markdown  [`@stdlib/Markdown`]
  [3fa0cd96] REPL  [`@stdlib/REPL`]
  [9a3f8284] Random  [`@stdlib/Random`]
  [9e88b42a] Serialization  [`@stdlib/Serialization`]
  [6462fe0b] Sockets  [`@stdlib/Sockets`]
  [2f01184e] SparseArrays  [`@stdlib/SparseArrays`]
  [10745b16] Statistics  [`@stdlib/Statistics`]
  [8dfed614] Test  [`@stdlib/Test`]
/home/pkgeval/.julia/packages/Reduce/4dmwd/deps/usr/lib/reduce/cslbuild/csl/reduce: error while loading shared libraries: libXft.so.2: cannot open shared object file: No such file or directory
/home/pkgeval/.julia/packages/Reduce/4dmwd/deps/usr/lib/reduce/cslbuild/csl/reduce: error while loading shared libraries: libXft.so.2: cannot open shared object file: No such file or directory
ERROR: LoadError: InitError: IOError: write: broken pipe (EPIPE)
Stacktrace:
 [1] uv_write(::Base.PipeEndpoint, ::Ptr{UInt8}, ::UInt64) at ./stream.jl:953
 [2] unsafe_write(::Base.PipeEndpoint, ::Ptr{UInt8}, ::UInt64) at ./stream.jl:1007
 [3] unsafe_write at ./io.jl:310 [inlined]
 [4] macro expansion at ./gcutils.jl:91 [inlined]
 [5] write at ./strings/io.jl:186 [inlined]
 [6] clear(::Reduce.PSL) at /home/pkgeval/.julia/packages/Reduce/4dmwd/src/Reduce.jl:76
 [7] write(::Reduce.PSL, ::String) at /home/pkgeval/.julia/packages/Reduce/4dmwd/src/Reduce.jl:83
 [8] #rcall#40(::Array{Symbol,1}, ::Array{Symbol,1}, ::typeof(rcall), ::RExpr) at /home/pkgeval/.julia/packages/Reduce/4dmwd/src/rexpr.jl:464
 [9] (::Reduce.var"#kw##rcall")(::NamedTuple{(:on, :off),Tuple{Array{Symbol,1},Array{Symbol,1}}}, ::typeof(rcall), ::RExpr) at ./none:0
 [10] #rcall#41(::Array{Symbol,1}, ::Array{Symbol,1}, ::typeof(rcall), ::String) at /home/pkgeval/.julia/packages/Reduce/4dmwd/src/rexpr.jl:498
 [11] rcall(::String) at /home/pkgeval/.julia/packages/Reduce/4dmwd/src/rexpr.jl:498
 [12] |>(::String, ::typeof(rcall)) at ./operators.jl:854
 [13] load_package at /home/pkgeval/.julia/packages/Reduce/4dmwd/src/Reduce.jl:283 [inlined]
 [14] __init__() at /home/pkgeval/.julia/packages/ReduceLinAlg/cPkDZ/src/ReduceLinAlg.jl:130
 [15] _include_from_serialized(::String, ::Array{Any,1}) at ./loading.jl:692
 [16] _require_from_serialized(::String) at ./loading.jl:743
 [17] _require(::Base.PkgId) at ./loading.jl:1034
 [18] require(::Base.PkgId) at ./loading.jl:922
 [19] require(::Module, ::Symbol) at ./loading.jl:917
 [20] include at ./boot.jl:328 [inlined]
 [21] include_relative(::Module, ::String) at ./loading.jl:1105
 [22] include(::Module, ::String) at ./Base.jl:31
 [23] include(::String) at ./client.jl:424
 [24] top-level scope at none:6
during initialization of module ReduceLinAlg
in expression starting at /home/pkgeval/.julia/packages/ReduceLinAlg/cPkDZ/test/runtests.jl:2
ERROR: Package ReduceLinAlg errored during testing
Stacktrace:
 [1] pkgerror(::String, ::Vararg{String,N} where N) at /buildworker/worker/package_linux64/build/usr/share/julia/stdlib/v1.3/Pkg/src/Types.jl:113
 [2] #test#131(::Bool, ::Nothing, ::Cmd, ::Cmd, ::typeof(Pkg.Operations.test), ::Pkg.Types.Context, ::Array{Pkg.Types.PackageSpec,1}) at /buildworker/worker/package_linux64/build/usr/share/julia/stdlib/v1.3/Pkg/src/Operations.jl:1370
 [3] #test at ./none:0 [inlined]
 [4] #test#62(::Bool, ::Nothing, ::Cmd, ::Cmd, ::Base.Iterators.Pairs{Union{},Union{},Tuple{},NamedTuple{(),Tuple{}}}, ::typeof(Pkg.API.test), ::Pkg.Types.Context, ::Array{Pkg.Types.PackageSpec,1}) at /buildworker/worker/package_linux64/build/usr/share/julia/stdlib/v1.3/Pkg/src/API.jl:253
 [5] test(::Pkg.Types.Context, ::Array{Pkg.Types.PackageSpec,1}) at /buildworker/worker/package_linux64/build/usr/share/julia/stdlib/v1.3/Pkg/src/API.jl:239
 [6] #test#61 at /buildworker/worker/package_linux64/build/usr/share/julia/stdlib/v1.3/Pkg/src/API.jl:233 [inlined]
 [7] test at /buildworker/worker/package_linux64/build/usr/share/julia/stdlib/v1.3/Pkg/src/API.jl:233 [inlined]
 [8] #test#60 at /buildworker/worker/package_linux64/build/usr/share/julia/stdlib/v1.3/Pkg/src/API.jl:232 [inlined]
 [9] test at /buildworker/worker/package_linux64/build/usr/share/julia/stdlib/v1.3/Pkg/src/API.jl:232 [inlined]
 [10] #test#59(::Base.Iterators.Pairs{Union{},Union{},Tuple{},NamedTuple{(),Tuple{}}}, ::typeof(Pkg.API.test), ::String) at /buildworker/worker/package_linux64/build/usr/share/julia/stdlib/v1.3/Pkg/src/API.jl:231
 [11] test(::String) at /buildworker/worker/package_linux64/build/usr/share/julia/stdlib/v1.3/Pkg/src/API.jl:231
 [12] top-level scope at none:12
