Julia Version 1.4.2-pre.13
Commit 58353fd273 (2020-05-10 17:03 UTC)
Platform Info:
  OS: Linux (x86_64-linux-gnu)
  CPU: Intel(R) Xeon(R) Silver 4114 CPU @ 2.20GHz
  WORD_SIZE: 64
  LIBM: libopenlibm
  LLVM: libLLVM-8.0.1 (ORCJIT, skylake)
Environment:
  JULIA_DEPOT_PATH = ::/usr/local/share/julia
  JULIA_NUM_THREADS = 2

  Resolving package versions...
  Installed NaNMath ────────────────────── v0.3.3
  Installed Distances ──────────────────── v0.8.2
  Installed CodecBzip2 ─────────────────── v0.7.1
  Installed ArrayInterface ─────────────── v2.8.7
  Installed Parsers ────────────────────── v1.0.3
  Installed SpecialFunctions ───────────── v0.10.0
  Installed OrderedCollections ─────────── v1.2.0
  Installed Complementarity ────────────── v0.7.0
  Installed JSONSchema ─────────────────── v0.2.0
  Installed Reexport ───────────────────── v0.2.0
  Installed IniFile ────────────────────── v0.5.0
  Installed BinDeps ────────────────────── v1.0.1
  Installed NLSolversBase ──────────────── v7.6.1
  Installed LineSearches ───────────────── v7.0.1
  Installed URIParser ──────────────────── v0.4.1
  Installed MutableArithmetics ─────────── v0.2.9
  Installed Zlib_jll ───────────────────── v1.2.11+9
  Installed CompilerSupportLibraries_jll ─ v0.3.3+0
  Installed OpenSpecFun_jll ────────────── v0.5.3+3
  Installed TranscodingStreams ─────────── v0.9.5
  Installed Parameters ─────────────────── v0.12.1
  Installed HTTP ───────────────────────── v0.8.14
  Installed UnPack ─────────────────────── v1.0.0
  Installed MathOptInterface ───────────── v0.9.13
  Installed Calculus ───────────────────── v0.5.1
  Installed Bzip2_jll ──────────────────── v1.0.6+2
  Installed MbedTLS_jll ────────────────── v2.16.0+2
  Installed FiniteDiff ─────────────────── v2.3.1
  Installed DiffResults ────────────────── v1.0.2
  Installed BenchmarkTools ─────────────── v0.5.0
  Installed DataStructures ─────────────── v0.17.15
  Installed CodecZlib ──────────────────── v0.7.0
  Installed MbedTLS ────────────────────── v1.0.2
  Installed BinaryProvider ─────────────── v0.5.9
  Installed JSON ───────────────────────── v0.21.0
  Installed CommonSubexpressions ───────── v0.2.0
  Installed PATHSolver ─────────────────── v0.6.0
  Installed NLsolve ────────────────────── v4.3.0
  Installed StaticArrays ───────────────── v0.12.3
  Installed Requires ───────────────────── v1.0.1
  Installed DiffRules ──────────────────── v1.0.1
  Installed ForwardDiff ────────────────── v0.10.10
  Installed JuMP ───────────────────────── v0.21.2
   Updating `~/.julia/environments/v1.4/Project.toml`
  [a9b2a840] + Complementarity v0.7.0
   Updating `~/.julia/environments/v1.4/Manifest.toml`
  [4fba245c] + ArrayInterface v2.8.7
  [6e4b80f9] + BenchmarkTools v0.5.0
  [9e28174c] + BinDeps v1.0.1
  [b99e7846] + BinaryProvider v0.5.9
  [6e34b625] + Bzip2_jll v1.0.6+2
  [49dc2e85] + Calculus v0.5.1
  [523fee87] + CodecBzip2 v0.7.1
  [944b1d66] + CodecZlib v0.7.0
  [bbf7d656] + CommonSubexpressions v0.2.0
  [e66e0078] + CompilerSupportLibraries_jll v0.3.3+0
  [a9b2a840] + Complementarity v0.7.0
  [864edb3b] + DataStructures v0.17.15
  [163ba53b] + DiffResults v1.0.2
  [b552c78f] + DiffRules v1.0.1
  [b4f34e82] + Distances v0.8.2
  [6a86dc24] + FiniteDiff v2.3.1
  [f6369f11] + ForwardDiff v0.10.10
  [cd3eb016] + HTTP v0.8.14
  [83e8ac13] + IniFile v0.5.0
  [682c06a0] + JSON v0.21.0
  [7d188eb4] + JSONSchema v0.2.0
  [4076af6c] + JuMP v0.21.2
  [d3d80556] + LineSearches v7.0.1
  [b8f27783] + MathOptInterface v0.9.13
  [739be429] + MbedTLS v1.0.2
  [c8ffd9c3] + MbedTLS_jll v2.16.0+2
  [d8a4904e] + MutableArithmetics v0.2.9
  [d41bc354] + NLSolversBase v7.6.1
  [2774e3e8] + NLsolve v4.3.0
  [77ba4419] + NaNMath v0.3.3
  [efe28fd5] + OpenSpecFun_jll v0.5.3+3
  [bac558e1] + OrderedCollections v1.2.0
  [f5f7c340] + PATHSolver v0.6.0
  [d96e819e] + Parameters v0.12.1
  [69de0a69] + Parsers v1.0.3
  [189a3867] + Reexport v0.2.0
  [ae029012] + Requires v1.0.1
  [276daf66] + SpecialFunctions v0.10.0
  [90137ffa] + StaticArrays v0.12.3
  [3bb67fe8] + TranscodingStreams v0.9.5
  [30578b45] + URIParser v0.4.1
  [3a884ed6] + UnPack v1.0.0
  [83775a58] + Zlib_jll v1.2.11+9
  [2a0f44e3] + Base64 
  [ade2ca70] + Dates 
  [8ba89e20] + Distributed 
  [b77e0a4c] + InteractiveUtils 
  [76f85450] + LibGit2 
  [8f399da3] + Libdl 
  [37e2e46d] + LinearAlgebra 
  [56ddb016] + Logging 
  [d6f4376e] + Markdown 
  [a63ad114] + Mmap 
  [44cfe95a] + Pkg 
  [de0858da] + Printf 
  [3fa0cd96] + REPL 
  [9a3f8284] + Random 
  [ea8e919c] + SHA 
  [9e88b42a] + Serialization 
  [6462fe0b] + Sockets 
  [2f01184e] + SparseArrays 
  [10745b16] + Statistics 
  [8dfed614] + Test 
  [cf7118a7] + UUIDs 
  [4ec0a83e] + Unicode 
   Building PATHSolver → `~/.julia/packages/PATHSolver/93ZuB/deps/build.log`
┌ Error: Error building `PATHSolver`: 
│   % Total    % Received % Xferd  Average Speed   Time    Time     Time  Current
│                                  Dload  Upload   Total   Spent    Left  Speed
│   0     0    0     0    0     0      0      0 --:--:-- --:--:-- --:--:--     0100   123  100   123    0     0    627      0 --:--:-- --:--:-- --:--:--   627
│ 100  493k    0  493k    0     0  1076k      0 --:--:-- --:--:-- --:--:-- 1076k
│ if [ ! -d pathlib-4.7.03 ]; \
│ then \
│ 	wget https://github.com/ampl/pathlib/archive/4.7.03.tar.gz; \
│ 	tar -zxvf 4.7.03.tar.gz; \
│ 	rm -rf 4.7.03.tar.gz*; \
│ fi;
│ /bin/sh: 3: wget: not found
│ tar (child): 4.7.03.tar.gz: Cannot open: No such file or directory
│ tar (child): Error is not recoverable: exiting now
│ tar: Child returned status 2
│ tar: Error is not recoverable: exiting now
│ gcc -I./pathlib-4.7.03/include -m64 -shared -fPIC -Wl,-soname,libpath47julia.so -o libpath47julia.so pathjulia.c ./pathlib-4.7.03/lib/linux64/libpath47.a -lm
│ gcc: error: ./pathlib-4.7.03/lib/linux64/libpath47.a: No such file or directory
│ Makefile:36: recipe for target 'linux64' failed
│ make: *** [linux64] Error 1
│ [ Info: Attempting to create directory /home/pkgeval/.julia/packages/PATHSolver/93ZuB/deps/downloads
│ [ Info: Downloading file https://github.com/chkwon/PathJulia/archive/0.1.2.tar.gz
│ [ Info: Done downloading file https://github.com/chkwon/PathJulia/archive/0.1.2.tar.gz
│ [ Info: Attempting to create directory /home/pkgeval/.julia/packages/PATHSolver/93ZuB/deps/src
│ [ Info: Attempting to create directory /home/pkgeval/.julia/packages/PATHSolver/93ZuB/deps
│ [ Info: Directory /home/pkgeval/.julia/packages/PATHSolver/93ZuB/deps already exists
│ [ Info: Attempting to create directory /home/pkgeval/.julia/packages/PATHSolver/93ZuB/deps/usr/lib
│ [ Info: Changing directory to /home/pkgeval/.julia/packages/PATHSolver/93ZuB/deps/src/PathJulia-0.1.2/src
│ ERROR: LoadError: failed process: Process(`make linux64`, ProcessExited(2)) [2]
│ 
│ Stacktrace:
│  [1] pipeline_error at ./process.jl:525 [inlined]
│  [2] run(::Cmd; wait::Bool) at ./process.jl:440
│  [3] run(::Cmd) at ./process.jl:438
│  [4] run(::BinDeps.SynchronousStepCollection) at /home/pkgeval/.julia/packages/BinDeps/QvmEl/src/BinDeps.jl:524 (repeats 2 times)
│  [5] satisfy!(::BinDeps.LibraryDependency, ::Array{DataType,1}) at /home/pkgeval/.julia/packages/BinDeps/QvmEl/src/dependencies.jl:951
│  [6] satisfy!(::BinDeps.LibraryDependency) at /home/pkgeval/.julia/packages/BinDeps/QvmEl/src/dependencies.jl:929
│  [7] top-level scope at /home/pkgeval/.julia/packages/BinDeps/QvmEl/src/dependencies.jl:984
│  [8] include(::String) at ./client.jl:439
│  [9] top-level scope at none:5
│ in expression starting at /home/pkgeval/.julia/packages/PATHSolver/93ZuB/deps/build.jl:96
└ @ Pkg.Operations /workspace/srcdir/usr/share/julia/stdlib/v1.4/Pkg/src/Operations.jl:899
    Testing Complementarity
Status `/tmp/jl_Wwn6pZ/Manifest.toml`
  [4fba245c] ArrayInterface v2.8.7
  [6e4b80f9] BenchmarkTools v0.5.0
  [9e28174c] BinDeps v1.0.1
  [b99e7846] BinaryProvider v0.5.9
  [6e34b625] Bzip2_jll v1.0.6+2
  [49dc2e85] Calculus v0.5.1
  [523fee87] CodecBzip2 v0.7.1
  [944b1d66] CodecZlib v0.7.0
  [bbf7d656] CommonSubexpressions v0.2.0
  [e66e0078] CompilerSupportLibraries_jll v0.3.3+0
  [a9b2a840] Complementarity v0.7.0
  [864edb3b] DataStructures v0.17.15
  [163ba53b] DiffResults v1.0.2
  [b552c78f] DiffRules v1.0.1
  [b4f34e82] Distances v0.8.2
  [6a86dc24] FiniteDiff v2.3.1
  [f6369f11] ForwardDiff v0.10.10
  [cd3eb016] HTTP v0.8.14
  [83e8ac13] IniFile v0.5.0
  [b6b21f68] Ipopt v0.6.1
  [682c06a0] JSON v0.21.0
  [7d188eb4] JSONSchema v0.2.0
  [4076af6c] JuMP v0.21.2
  [d3d80556] LineSearches v7.0.1
  [b8f27783] MathOptInterface v0.9.13
  [fdba3010] MathProgBase v0.7.8
  [739be429] MbedTLS v1.0.2
  [c8ffd9c3] MbedTLS_jll v2.16.0+2
  [d8a4904e] MutableArithmetics v0.2.9
  [d41bc354] NLSolversBase v7.6.1
  [2774e3e8] NLsolve v4.3.0
  [77ba4419] NaNMath v0.3.3
  [efe28fd5] OpenSpecFun_jll v0.5.3+3
  [bac558e1] OrderedCollections v1.2.0
  [f5f7c340] PATHSolver v0.6.0
  [d96e819e] Parameters v0.12.1
  [69de0a69] Parsers v1.0.3
  [189a3867] Reexport v0.2.0
  [ae029012] Requires v1.0.1
  [276daf66] SpecialFunctions v0.10.0
  [90137ffa] StaticArrays v0.12.3
  [3bb67fe8] TranscodingStreams v0.9.5
  [30578b45] URIParser v0.4.1
  [3a884ed6] UnPack v1.0.0
  [83775a58] Zlib_jll v1.2.11+9
  [2a0f44e3] Base64 
  [ade2ca70] Dates 
  [8ba89e20] Distributed 
  [b77e0a4c] InteractiveUtils 
  [76f85450] LibGit2 
  [8f399da3] Libdl 
  [37e2e46d] LinearAlgebra 
  [56ddb016] Logging 
  [d6f4376e] Markdown 
  [a63ad114] Mmap 
  [44cfe95a] Pkg 
  [de0858da] Printf 
  [3fa0cd96] REPL 
  [9a3f8284] Random 
  [ea8e919c] SHA 
  [9e88b42a] Serialization 
  [6462fe0b] Sockets 
  [2f01184e] SparseArrays 
  [10745b16] Statistics 
  [8dfed614] Test 
  [cf7118a7] UUIDs 
  [4ec0a83e] Unicode 
┌ Warning: Package Complementarity does not have LinearAlgebra in its dependencies:
│ - If you have Complementarity checked out for development and have
│   added LinearAlgebra as a dependency but haven't updated your primary
│   environment's manifest file, try `Pkg.resolve()`.
│ - Otherwise you may need to report an issue with Complementarity
└ Loading LinearAlgebra into Complementarity from project dependency, future warnings for Complementarity are suppressed.
ERROR: LoadError: PATHSolver not properly installed. Please re-build PATHSolver.
Stacktrace:
 [1] error(::String) at ./error.jl:33
 [2] top-level scope at /home/pkgeval/.julia/packages/PATHSolver/93ZuB/src/PATHSolver.jl:15
 [3] include(::Module, ::String) at ./Base.jl:377
 [4] top-level scope at none:2
 [5] eval at ./boot.jl:331 [inlined]
 [6] eval(::Expr) at ./client.jl:449
 [7] top-level scope at ./none:3
in expression starting at /home/pkgeval/.julia/packages/PATHSolver/93ZuB/src/PATHSolver.jl:12
ERROR: LoadError: Failed to precompile PATHSolver [f5f7c340-0bb3-5c69-969a-41884d311d1b] to /home/pkgeval/.julia/compiled/v1.4/PATHSolver/xyGrF_nio0M.ji.
Stacktrace:
 [1] error(::String) at ./error.jl:33
 [2] compilecache(::Base.PkgId, ::String) at ./loading.jl:1272
 [3] _require(::Base.PkgId) at ./loading.jl:1029
 [4] require(::Base.PkgId) at ./loading.jl:927
 [5] require(::Module, ::Symbol) at ./loading.jl:922
 [6] include(::Module, ::String) at ./Base.jl:377
 [7] top-level scope at none:2
 [8] eval at ./boot.jl:331 [inlined]
 [9] eval(::Expr) at ./client.jl:449
 [10] top-level scope at ./none:3
in expression starting at /home/pkgeval/.julia/packages/Complementarity/IPiIc/src/Complementarity.jl:18
ERROR: LoadError: Failed to precompile Complementarity [a9b2a840-c9d5-5181-a245-8df664c2d6e7] to /home/pkgeval/.julia/compiled/v1.4/Complementarity/ORstz_nio0M.ji.
Stacktrace:
 [1] error(::String) at ./error.jl:33
 [2] compilecache(::Base.PkgId, ::String) at ./loading.jl:1272
 [3] _require(::Base.PkgId) at ./loading.jl:1029
 [4] require(::Base.PkgId) at ./loading.jl:927
 [5] require(::Module, ::Symbol) at ./loading.jl:922
 [6] include(::String) at ./client.jl:439
 [7] top-level scope at none:6
in expression starting at /home/pkgeval/.julia/packages/Complementarity/IPiIc/test/runtests.jl:2
ERROR: Package Complementarity errored during testing
Stacktrace:
 [1] pkgerror(::String, ::Vararg{String,N} where N) at /workspace/srcdir/usr/share/julia/stdlib/v1.4/Pkg/src/Types.jl:53
 [2] test(::Pkg.Types.Context, ::Array{Pkg.Types.PackageSpec,1}; coverage::Bool, julia_args::Cmd, test_args::Cmd, test_fn::Nothing) at /workspace/srcdir/usr/share/julia/stdlib/v1.4/Pkg/src/Operations.jl:1510
 [3] test(::Pkg.Types.Context, ::Array{Pkg.Types.PackageSpec,1}; coverage::Bool, test_fn::Nothing, julia_args::Cmd, test_args::Cmd, kwargs::Base.Iterators.Pairs{Union{},Union{},Tuple{},NamedTuple{(),Tuple{}}}) at /workspace/srcdir/usr/share/julia/stdlib/v1.4/Pkg/src/API.jl:316
 [4] test(::Pkg.Types.Context, ::Array{Pkg.Types.PackageSpec,1}) at /workspace/srcdir/usr/share/julia/stdlib/v1.4/Pkg/src/API.jl:303
 [5] #test#68 at /workspace/srcdir/usr/share/julia/stdlib/v1.4/Pkg/src/API.jl:297 [inlined]
 [6] test at /workspace/srcdir/usr/share/julia/stdlib/v1.4/Pkg/src/API.jl:297 [inlined]
 [7] #test#67 at /workspace/srcdir/usr/share/julia/stdlib/v1.4/Pkg/src/API.jl:296 [inlined]
 [8] test at /workspace/srcdir/usr/share/julia/stdlib/v1.4/Pkg/src/API.jl:296 [inlined]
 [9] test(::String; kwargs::Base.Iterators.Pairs{Union{},Union{},Tuple{},NamedTuple{(),Tuple{}}}) at /workspace/srcdir/usr/share/julia/stdlib/v1.4/Pkg/src/API.jl:295
 [10] test(::String) at /workspace/srcdir/usr/share/julia/stdlib/v1.4/Pkg/src/API.jl:295
 [11] top-level scope at none:16
