################################################################################
# PkgEval set-up: 2020-10-30T04:07:39.433
#

Julia Version 1.6.0-DEV.1363
Commit f727f4ba82 (2020-10-28 23:50 UTC)
Platform Info:
  OS: Linux (x86_64-linux-gnu)
  CPU: AMD EPYC 7502 32-Core Processor
  WORD_SIZE: 64
  LIBM: libopenlibm
  LLVM: libLLVM-11.0.0 (ORCJIT, znver2)
Environment:
  JULIA_DEPOT_PATH = ::/usr/local/share/julia
  JULIA_MAX_NUM_PRECOMPILE_FILES = 9223372036854775807



################################################################################
# Installation: 2020-10-30T04:07:40.880
#

   Resolving package versions...
   Installed Formatting â”€â”€â”€ v0.4.1
   Installed OffsetArrays â”€ v1.3.1
   Installed Scats â”€â”€â”€â”€â”€â”€â”€â”€ v0.2.2
Updating `~/.julia/environments/v1.6/Project.toml`
  [a40fd361] + Scats v0.2.2
Updating `~/.julia/environments/v1.6/Manifest.toml`
  [59287772] + Formatting v0.4.1
  [6fe1bfb0] + OffsetArrays v1.3.1
  [a40fd361] + Scats v0.2.2
  [2a0f44e3] + Base64
  [b77e0a4c] + InteractiveUtils
  [56ddb016] + Logging
  [d6f4376e] + Markdown
  [de0858da] + Printf
  [9a3f8284] + Random
  [9e88b42a] + Serialization
  [8dfed614] + Test
  [4ec0a83e] + Unicode


################################################################################
# Testing: 2020-10-30T04:07:43.176
#


     Testing Scats
Status `/tmp/jl_84fUS3/Project.toml`
  [59287772] Formatting v0.4.1
  [6fe1bfb0] OffsetArrays v1.3.1
  [a40fd361] Scats v0.2.2
  [9a3f8284] Random
  [8dfed614] Test
Status `/tmp/jl_84fUS3/Manifest.toml`
  [59287772] Formatting v0.4.1
  [6fe1bfb0] OffsetArrays v1.3.1
  [a40fd361] Scats v0.2.2
  [2a0f44e3] Base64
  [b77e0a4c] InteractiveUtils
  [56ddb016] Logging
  [d6f4376e] Markdown
  [de0858da] Printf
  [9a3f8284] Random
  [9e88b42a] Serialization
  [8dfed614] Test
  [4ec0a83e] Unicode
     Testing Running tests...
[1;32mRUNNING TESTS[0m for Scats
[1;32mRUNNING[0m: input_test.jl
Check file status: Error During Test at /home/pkgeval/.julia/packages/Scats/I6AlW/test/input_test.jl:83
  Got exception outside of a @test
  MethodError: no method matching parse(::String)
  Closest candidates are:
    parse(!Matched::Type{T}, !Matched::AbstractString) where T<:Complex at parse.jl:381
    parse(!Matched::Type{T}, !Matched::AbstractChar; base) where T<:Integer at parse.jl:40
    parse(!Matched::Type{T}, !Matched::AbstractString; base) where T<:Integer at parse.jl:240
    ...
  Stacktrace:
    [1] checkfmt(fmt::String)
      @ Formatting ~/.julia/packages/Formatting/LU9hd/src/cformat.jl:6
    [2] generate_formatter(fmt::String)
      @ Formatting ~/.julia/packages/Formatting/LU9hd/src/cformat.jl:17
    [3] sprintf1(fmt::String, x::Float64)
      @ Formatting ~/.julia/packages/Formatting/LU9hd/src/cformat.jl:3
    [4] println(io::IOStream, value::Float64)
      @ Scats.Internal.Extras ~/.julia/packages/Scats/I6AlW/src/Extras/extras_fmt.jl:26
    [5] macro expansion
      @ ~/.julia/packages/Scats/I6AlW/test/input_test.jl:109 [inlined]
    [6] macro expansion
      @ /workspace/srcdir/usr/share/julia/stdlib/v1.6/Test/src/Test.jl:1144 [inlined]
    [7] top-level scope
      @ ~/.julia/packages/Scats/I6AlW/test/input_test.jl:85
    [8] include(fname::String)
      @ Base.MainInclude ./client.jl:444
    [9] top-level scope
      @ ~/.julia/packages/Scats/I6AlW/test/runtests.jl:24
   [10] include(fname::String)
      @ Base.MainInclude ./client.jl:444
   [11] top-level scope
      @ none:6
   [12] eval(m::Module, e::Any)
      @ Core ./boot.jl:360
   [13] exec_options(opts::Base.JLOptions)
      @ Base ./client.jl:261
   [14] _start()
      @ Base ./client.jl:485
Test Summary:     | Pass  Error  Total
Check file status |   12      1     13
[1;31mFAILED[0m: input_test.jl
LoadError: Some tests did not pass: 12 passed, 0 failed, 1 errored, 0 broken.
in expression starting at /home/pkgeval/.julia/packages/Scats/I6AlW/test/input_test.jl:5
[1;32mRUNNING[0m: result_test.jl
Test Summary:   | Pass  Total
Check resetting |   11     11
[1;32mPASSED[0m: result_test.jl
[1;32mRUNNING[0m: gen_test.jl
Check file status: Error During Test at /home/pkgeval/.julia/packages/Scats/I6AlW/test/gen_test.jl:87
  Got exception outside of a @test
  MethodError: no method matching parse(::String)
  Closest candidates are:
    parse(!Matched::Type{T}, !Matched::AbstractString) where T<:Complex at parse.jl:381
    parse(!Matched::Type{T}, !Matched::AbstractChar; base) where T<:Integer at parse.jl:40
    parse(!Matched::Type{T}, !Matched::AbstractString; base) where T<:Integer at parse.jl:240
    ...
  Stacktrace:
    [1] checkfmt(fmt::String)
      @ Formatting ~/.julia/packages/Formatting/LU9hd/src/cformat.jl:6
    [2] generate_formatter(fmt::String)
      @ Formatting ~/.julia/packages/Formatting/LU9hd/src/cformat.jl:17
    [3] sprintf1(fmt::String, x::Float64)
      @ Formatting ~/.julia/packages/Formatting/LU9hd/src/cformat.jl:3
    [4] println(io::IOStream, value::Float64)
      @ Scats.Internal.Extras ~/.julia/packages/Scats/I6AlW/src/Extras/extras_fmt.jl:26
    [5] macro expansion
      @ ~/.julia/packages/Scats/I6AlW/test/gen_test.jl:113 [inlined]
    [6] macro expansion
      @ /workspace/srcdir/usr/share/julia/stdlib/v1.6/Test/src/Test.jl:1144 [inlined]
    [7] top-level scope
      @ ~/.julia/packages/Scats/I6AlW/test/gen_test.jl:89
    [8] include(fname::String)
      @ Base.MainInclude ./client.jl:444
    [9] top-level scope
      @ ~/.julia/packages/Scats/I6AlW/test/runtests.jl:24
   [10] include(fname::String)
      @ Base.MainInclude ./client.jl:444
   [11] top-level scope
      @ none:6
   [12] eval(m::Module, e::Any)
      @ Core ./boot.jl:360
   [13] exec_options(opts::Base.JLOptions)
      @ Base ./client.jl:261
   [14] _start()
      @ Base ./client.jl:485
Test Summary:     | Pass  Error  Total
Check file status |   12      1     13
[1;31mFAILED[0m: gen_test.jl
LoadError: Some tests did not pass: 12 passed, 0 failed, 1 errored, 0 broken.
in expression starting at /home/pkgeval/.julia/packages/Scats/I6AlW/test/gen_test.jl:5
ERROR: LoadError: "Some tests have failed."
Stacktrace:
 [1] top-level scope
   @ ~/.julia/packages/Scats/I6AlW/test/runtests.jl:51
 [2] include(fname::String)
   @ Base.MainInclude ./client.jl:444
 [3] top-level scope
   @ none:6
in expression starting at /home/pkgeval/.julia/packages/Scats/I6AlW/test/runtests.jl:51

PkgEval failed: Package Scats errored during testing
Stacktrace:
  [1] pkgerror(msg::String)
    @ Pkg.Types /workspace/srcdir/usr/share/julia/stdlib/v1.6/Pkg/src/Types.jl:52
  [2] test(ctx::Pkg.Types.Context, pkgs::Vector{Pkg.Types.PackageSpec}; coverage::Bool, julia_args::Cmd, test_args::Cmd, test_fn::Nothing)
    @ Pkg.Operations /workspace/srcdir/usr/share/julia/stdlib/v1.6/Pkg/src/Operations.jl:1651
  [3] test(ctx::Pkg.Types.Context, pkgs::Vector{Pkg.Types.PackageSpec}; coverage::Bool, test_fn::Nothing, julia_args::Cmd, test_args::Cmd, kwargs::Base.Iterators.Pairs{Union{}, Union{}, Tuple{}, NamedTuple{(), Tuple{}}})
    @ Pkg.API /workspace/srcdir/usr/share/julia/stdlib/v1.6/Pkg/src/API.jl:334
  [4] test(ctx::Pkg.Types.Context, pkgs::Vector{Pkg.Types.PackageSpec})
    @ Pkg.API /workspace/srcdir/usr/share/julia/stdlib/v1.6/Pkg/src/API.jl:321
  [5] #test#62
    @ /workspace/srcdir/usr/share/julia/stdlib/v1.6/Pkg/src/API.jl:71 [inlined]
  [6] test
    @ /workspace/srcdir/usr/share/julia/stdlib/v1.6/Pkg/src/API.jl:70 [inlined]
  [7] #test#61
    @ /workspace/srcdir/usr/share/julia/stdlib/v1.6/Pkg/src/API.jl:68 [inlined]
  [8] test
    @ /workspace/srcdir/usr/share/julia/stdlib/v1.6/Pkg/src/API.jl:68 [inlined]
  [9] test(pkg::String; kwargs::Base.Iterators.Pairs{Union{}, Union{}, Tuple{}, NamedTuple{(), Tuple{}}})
    @ Pkg.API /workspace/srcdir/usr/share/julia/stdlib/v1.6/Pkg/src/API.jl:67
 [10] test(pkg::String)
    @ Pkg.API /workspace/srcdir/usr/share/julia/stdlib/v1.6/Pkg/src/API.jl:67
 [11] top-level scope
    @ none:44
 [12] eval
    @ ./boot.jl:360 [inlined]
 [13] eval(x::Expr)
    @ Base.MainInclude ./client.jl:446
 [14] top-level scope
    @ none:1
 [15] eval(m::Module, e::Any)
    @ Core ./boot.jl:360
 [16] exec_options(opts::Base.JLOptions)
    @ Base ./client.jl:261
 [17] _start()
    @ Base ./client.jl:485


################################################################################
# PkgEval teardown: 2020-10-30T04:07:59.408
CPU usage: 20.13s (18.46s user, 1.68s kernel)

Network usage:
- eth0: 344.498 KiB received, 13.497 KiB sent

Raw statistics: {"blkio_stats":{"io_queue_recursive":[],"io_serviced_recursive":[{"major":259,"value":0,"op":"Read","minor":0},{"major":259,"value":5,"op":"Write","minor":0},{"major":259,"value":0,"op":"Sync","minor":0},{"major":259,"value":5,"op":"Async","minor":0},{"major":259,"value":5,"op":"Total","minor":0},{"major":253,"value":0,"op":"Read","minor":2},{"major":253,"value":5,"op":"Write","minor":2},{"major":253,"value":0,"op":"Sync","minor":2},{"major":253,"value":5,"op":"Async","minor":2},{"major":253,"value":5,"op":"Total","minor":2}],"io_time_recursive":[],"sectors_recursive":[],"io_service_bytes_recursive":[{"major":259,"value":0,"op":"Read","minor":0},{"major":259,"value":20480,"op":"Write","minor":0},{"major":259,"value":0,"op":"Sync","minor":0},{"major":259,"value":20480,"op":"Async","minor":0},{"major":259,"value":20480,"op":"Total","minor":0},{"major":253,"value":0,"op":"Read","minor":2},{"major":253,"value":20480,"op":"Write","minor":2},{"major":253,"value":0,"op":"Sync","minor":2},{"major":253,"value":20480,"op":"Async","minor":2},{"major":253,"value":20480,"op":"Total","minor":2}],"io_wait_time_recursive":[],"io_merged_recursive":[],"io_service_time_recursive":[]},"memory_stats":{"usage":227336192,"max_usage":503619584,"stats":{"hierarchical_memory_limit":9223372036854771712,"pgmajfault":0,"total_rss":221655040,"inactive_file":8192,"inactive_anon":536576,"total_pgfault":430922,"total_cache":1064960,"total_rss_huge":0,"total_active_anon":222175232,"total_pgmajfault":0,"pgpgin":226649,"rss_huge":0,"mapped_file":0,"total_inactive_file":8192,"dirty":0,"total_unevictable":0,"total_dirty":0,"writeback":0,"pgpgout":172274,"hierarchical_memsw_limit":0,"cache":1064960,"active_file":0,"pgfault":430922,"total_mapped_file":0,"total_pgpgout":172274,"total_writeback":0,"rss":221655040,"unevictable":0,"total_inactive_anon":536576,"total_pgpgin":226649,"active_anon":222175232,"total_active_file":0},"limit":540972998656},"name":"/Scats-7FGFULaW","networks":{"eth0":{"rx_bytes":352766,"rx_packets":132,"tx_packets":95,"tx_bytes":13821,"tx_dropped":0,"rx_dropped":1,"tx_errors":0,"rx_errors":0}},"id":"37cc5c370072f9f43725cd5d9839e0eb69de057d3403b22762ee456026d04daf","preread":"0001-01-01T00:00:00Z","storage_stats":{},"precpu_stats":{"throttling_data":{"throttled_periods":0,"throttled_time":0,"periods":0},"cpu_usage":{"usage_in_usermode":0,"usage_in_kernelmode":0,"total_usage":0}},"pids_stats":{"current":38},"num_procs":0,"cpu_stats":{"throttling_data":{"throttled_periods":0,"throttled_time":0,"periods":0},"system_cpu_usage":112701995070000000,"online_cpus":128,"cpu_usage":{"usage_in_usermode":18460000000,"usage_in_kernelmode":1680000000,"total_usage":20130339221,"percpu_usage":[0,0,0,0,0,0,0,0,0,0,0,0,0,0,0,0,0,0,0,0,0,0,0,0,0,0,0,0,0,0,0,0,0,0,0,0,0,0,0,0,0,0,0,0,0,0,0,0,0,0,0,0,0,0,0,0,0,0,0,0,0,0,0,0,0,0,0,0,0,0,0,0,0,0,0,0,0,0,0,0,0,0,0,0,0,0,0,0,20130339221,0,0,0,0,0,0,0,0,0,0,0,0,0,0,0,0,0,0,0,0,0,0,0,0,0,0,0,0,0,0,0,0,0,0,0,0,0,0,0]}},"read":"2020-10-30T04:08:00.400961335Z"}