Current time is 2020-10-24T04:38:39.566
Julia Version 1.6.0-DEV.1324
Commit ae789ca1df (2020-10-24 01:55 UTC)
Platform Info:
  OS: Linux (x86_64-linux-gnu)
  CPU: AMD EPYC 7502 32-Core Processor
  WORD_SIZE: 64
  LIBM: libopenlibm
  LLVM: libLLVM-11.0.0 (ORCJIT, znver2)
Environment:
  JULIA_DEPOT_PATH = ::/usr/local/share/julia
  JULIA_NUM_THREADS = 2
  JULIA_MAX_NUM_PRECOMPILE_FILES = 9223372036854775807
  JULIA_PKG_SERVER = 

Starting installation at 2020-10-24T04:38:41.659
   Resolving package versions...
   Installed FFTW_jll â”€â”€â”€â”€â”€â”€â”€â”€â”€â”€â”€â”€â”€â”€â”€â”€â”€â”€â”€â”€â”€ v3.3.9+6
   Installed StatsKit â”€â”€â”€â”€â”€â”€â”€â”€â”€â”€â”€â”€â”€â”€â”€â”€â”€â”€â”€â”€â”€ v0.3.0
   Installed KernelDensity â”€â”€â”€â”€â”€â”€â”€â”€â”€â”€â”€â”€â”€â”€â”€â”€ v0.6.1
   Installed OffsetArrays â”€â”€â”€â”€â”€â”€â”€â”€â”€â”€â”€â”€â”€â”€â”€â”€â”€ v1.3.1
   Installed Arpack â”€â”€â”€â”€â”€â”€â”€â”€â”€â”€â”€â”€â”€â”€â”€â”€â”€â”€â”€â”€â”€â”€â”€ v0.4.0
   Installed Roots â”€â”€â”€â”€â”€â”€â”€â”€â”€â”€â”€â”€â”€â”€â”€â”€â”€â”€â”€â”€â”€â”€â”€â”€ v1.0.5
   Installed TimeSeries â”€â”€â”€â”€â”€â”€â”€â”€â”€â”€â”€â”€â”€â”€â”€â”€â”€â”€â”€ v0.19.1
   Installed NearestNeighbors â”€â”€â”€â”€â”€â”€â”€â”€â”€â”€â”€â”€â”€ v0.4.7
   Installed StatsFuns â”€â”€â”€â”€â”€â”€â”€â”€â”€â”€â”€â”€â”€â”€â”€â”€â”€â”€â”€â”€ v0.9.5
   Installed DataAPI â”€â”€â”€â”€â”€â”€â”€â”€â”€â”€â”€â”€â”€â”€â”€â”€â”€â”€â”€â”€â”€â”€ v1.3.0
   Installed OpenSpecFun_jll â”€â”€â”€â”€â”€â”€â”€â”€â”€â”€â”€â”€â”€â”€ v0.5.3+4
   Installed MultivariateStats â”€â”€â”€â”€â”€â”€â”€â”€â”€â”€â”€â”€ v0.7.0
   Installed OrderedCollections â”€â”€â”€â”€â”€â”€â”€â”€â”€â”€â”€ v1.3.1
   Installed SentinelArrays â”€â”€â”€â”€â”€â”€â”€â”€â”€â”€â”€â”€â”€â”€â”€ v1.2.16
   Installed Rmath_jll â”€â”€â”€â”€â”€â”€â”€â”€â”€â”€â”€â”€â”€â”€â”€â”€â”€â”€â”€â”€ v0.2.2+1
   Installed DataValueInterfaces â”€â”€â”€â”€â”€â”€â”€â”€â”€â”€ v1.0.0
   Installed Tables â”€â”€â”€â”€â”€â”€â”€â”€â”€â”€â”€â”€â”€â”€â”€â”€â”€â”€â”€â”€â”€â”€â”€ v1.1.0
   Installed InvertedIndices â”€â”€â”€â”€â”€â”€â”€â”€â”€â”€â”€â”€â”€â”€ v1.0.0
   Installed TableTraits â”€â”€â”€â”€â”€â”€â”€â”€â”€â”€â”€â”€â”€â”€â”€â”€â”€â”€ v1.0.0
   Installed GLM â”€â”€â”€â”€â”€â”€â”€â”€â”€â”€â”€â”€â”€â”€â”€â”€â”€â”€â”€â”€â”€â”€â”€â”€â”€â”€ v1.3.11
   Installed StaticArrays â”€â”€â”€â”€â”€â”€â”€â”€â”€â”€â”€â”€â”€â”€â”€â”€â”€ v0.12.4
   Installed IteratorInterfaceExtensions â”€â”€ v1.0.0
   Installed IntelOpenMP_jll â”€â”€â”€â”€â”€â”€â”€â”€â”€â”€â”€â”€â”€â”€ v2018.0.3+0
   Installed Missings â”€â”€â”€â”€â”€â”€â”€â”€â”€â”€â”€â”€â”€â”€â”€â”€â”€â”€â”€â”€â”€ v0.4.4
   Installed FFTW â”€â”€â”€â”€â”€â”€â”€â”€â”€â”€â”€â”€â”€â”€â”€â”€â”€â”€â”€â”€â”€â”€â”€â”€â”€ v1.2.4
   Installed StatsModels â”€â”€â”€â”€â”€â”€â”€â”€â”€â”€â”€â”€â”€â”€â”€â”€â”€â”€ v0.6.15
   Installed QuadGK â”€â”€â”€â”€â”€â”€â”€â”€â”€â”€â”€â”€â”€â”€â”€â”€â”€â”€â”€â”€â”€â”€â”€ v2.4.1
   Installed Ratios â”€â”€â”€â”€â”€â”€â”€â”€â”€â”€â”€â”€â”€â”€â”€â”€â”€â”€â”€â”€â”€â”€â”€ v0.4.0
   Installed Arpack_jll â”€â”€â”€â”€â”€â”€â”€â”€â”€â”€â”€â”€â”€â”€â”€â”€â”€â”€â”€ v3.5.0+3
   Installed DataFrames â”€â”€â”€â”€â”€â”€â”€â”€â”€â”€â”€â”€â”€â”€â”€â”€â”€â”€â”€ v0.21.8
   Installed WoodburyMatrices â”€â”€â”€â”€â”€â”€â”€â”€â”€â”€â”€â”€â”€ v0.5.3
   Installed Parsers â”€â”€â”€â”€â”€â”€â”€â”€â”€â”€â”€â”€â”€â”€â”€â”€â”€â”€â”€â”€â”€â”€ v1.0.11
   Installed SpecialFunctions â”€â”€â”€â”€â”€â”€â”€â”€â”€â”€â”€â”€â”€ v0.10.3
   Installed Compat â”€â”€â”€â”€â”€â”€â”€â”€â”€â”€â”€â”€â”€â”€â”€â”€â”€â”€â”€â”€â”€â”€â”€ v3.22.0
   Installed DataStructures â”€â”€â”€â”€â”€â”€â”€â”€â”€â”€â”€â”€â”€â”€â”€ v0.18.8
   Installed DocStringExtensions â”€â”€â”€â”€â”€â”€â”€â”€â”€â”€ v0.8.3
   Installed FillArrays â”€â”€â”€â”€â”€â”€â”€â”€â”€â”€â”€â”€â”€â”€â”€â”€â”€â”€â”€ v0.9.7
   Installed Reexport â”€â”€â”€â”€â”€â”€â”€â”€â”€â”€â”€â”€â”€â”€â”€â”€â”€â”€â”€â”€â”€ v0.2.0
   Installed MKL_jll â”€â”€â”€â”€â”€â”€â”€â”€â”€â”€â”€â”€â”€â”€â”€â”€â”€â”€â”€â”€â”€â”€ v2020.2.254+0
   Installed RecipesBase â”€â”€â”€â”€â”€â”€â”€â”€â”€â”€â”€â”€â”€â”€â”€â”€â”€â”€ v1.1.0
   Installed HypothesisTests â”€â”€â”€â”€â”€â”€â”€â”€â”€â”€â”€â”€â”€â”€ v0.10.1
   Installed Clustering â”€â”€â”€â”€â”€â”€â”€â”€â”€â”€â”€â”€â”€â”€â”€â”€â”€â”€â”€ v0.14.2
   Installed AbstractFFTs â”€â”€â”€â”€â”€â”€â”€â”€â”€â”€â”€â”€â”€â”€â”€â”€â”€ v0.5.0
   Installed Distances â”€â”€â”€â”€â”€â”€â”€â”€â”€â”€â”€â”€â”€â”€â”€â”€â”€â”€â”€â”€ v0.9.2
   Installed SortingAlgorithms â”€â”€â”€â”€â”€â”€â”€â”€â”€â”€â”€â”€ v0.3.1
   Installed StatsBase â”€â”€â”€â”€â”€â”€â”€â”€â”€â”€â”€â”€â”€â”€â”€â”€â”€â”€â”€â”€ v0.33.2
   Installed Distributions â”€â”€â”€â”€â”€â”€â”€â”€â”€â”€â”€â”€â”€â”€â”€â”€ v0.23.12
   Installed OpenBLAS_jll â”€â”€â”€â”€â”€â”€â”€â”€â”€â”€â”€â”€â”€â”€â”€â”€â”€ v0.3.10+0
   Installed CategoricalArrays â”€â”€â”€â”€â”€â”€â”€â”€â”€â”€â”€â”€ v0.8.3
   Installed AxisAlgorithms â”€â”€â”€â”€â”€â”€â”€â”€â”€â”€â”€â”€â”€â”€â”€ v1.0.0
   Installed StructTypes â”€â”€â”€â”€â”€â”€â”€â”€â”€â”€â”€â”€â”€â”€â”€â”€â”€â”€ v1.1.0
   Installed PooledArrays â”€â”€â”€â”€â”€â”€â”€â”€â”€â”€â”€â”€â”€â”€â”€â”€â”€ v0.5.3
   Installed PDMats â”€â”€â”€â”€â”€â”€â”€â”€â”€â”€â”€â”€â”€â”€â”€â”€â”€â”€â”€â”€â”€â”€â”€ v0.10.1
   Installed Loess â”€â”€â”€â”€â”€â”€â”€â”€â”€â”€â”€â”€â”€â”€â”€â”€â”€â”€â”€â”€â”€â”€â”€â”€ v0.5.0
   Installed JSON â”€â”€â”€â”€â”€â”€â”€â”€â”€â”€â”€â”€â”€â”€â”€â”€â”€â”€â”€â”€â”€â”€â”€â”€â”€ v0.21.1
   Installed Bootstrap â”€â”€â”€â”€â”€â”€â”€â”€â”€â”€â”€â”€â”€â”€â”€â”€â”€â”€â”€â”€ v2.2.0
   Installed Rmath â”€â”€â”€â”€â”€â”€â”€â”€â”€â”€â”€â”€â”€â”€â”€â”€â”€â”€â”€â”€â”€â”€â”€â”€ v0.6.1
   Installed Combinatorics â”€â”€â”€â”€â”€â”€â”€â”€â”€â”€â”€â”€â”€â”€â”€â”€ v1.0.2
   Installed JLLWrappers â”€â”€â”€â”€â”€â”€â”€â”€â”€â”€â”€â”€â”€â”€â”€â”€â”€â”€ v1.1.3
   Installed CompilerSupportLibraries_jll â”€ v0.3.4+0
   Installed ShiftedArrays â”€â”€â”€â”€â”€â”€â”€â”€â”€â”€â”€â”€â”€â”€â”€â”€ v1.0.0
   Installed CSV â”€â”€â”€â”€â”€â”€â”€â”€â”€â”€â”€â”€â”€â”€â”€â”€â”€â”€â”€â”€â”€â”€â”€â”€â”€â”€ v0.7.7
   Installed Interpolations â”€â”€â”€â”€â”€â”€â”€â”€â”€â”€â”€â”€â”€â”€â”€ v0.12.10
Updating `~/.julia/environments/v1.6/Project.toml`
  [2cb19f9e] + StatsKit v0.3.0
Updating `~/.julia/environments/v1.6/Manifest.toml`
  [621f4979] + AbstractFFTs v0.5.0
  [7d9fca2a] + Arpack v0.4.0
  [13072b0f] + AxisAlgorithms v1.0.0
  [e28b5b4c] + Bootstrap v2.2.0
  [336ed68f] + CSV v0.7.7
  [324d7699] + CategoricalArrays v0.8.3
  [aaaa29a8] + Clustering v0.14.2
  [861a8166] + Combinatorics v1.0.2
  [34da2185] + Compat v3.22.0
  [9a962f9c] + DataAPI v1.3.0
  [a93c6f00] + DataFrames v0.21.8
  [864edb3b] + DataStructures v0.18.8
  [e2d170a0] + DataValueInterfaces v1.0.0
  [b4f34e82] + Distances v0.9.2
  [31c24e10] + Distributions v0.23.12
  [ffbed154] + DocStringExtensions v0.8.3
  [7a1cc6ca] + FFTW v1.2.4
  [1a297f60] + FillArrays v0.9.7
  [38e38edf] + GLM v1.3.11
  [09f84164] + HypothesisTests v0.10.1
  [a98d9a8b] + Interpolations v0.12.10
  [41ab1584] + InvertedIndices v1.0.0
  [82899510] + IteratorInterfaceExtensions v1.0.0
  [692b3bcd] + JLLWrappers v1.1.3
  [682c06a0] + JSON v0.21.1
  [5ab0869b] + KernelDensity v0.6.1
  [4345ca2d] + Loess v0.5.0
  [e1d29d7a] + Missings v0.4.4
  [6f286f6a] + MultivariateStats v0.7.0
  [b8a86587] + NearestNeighbors v0.4.7
  [6fe1bfb0] + OffsetArrays v1.3.1
  [bac558e1] + OrderedCollections v1.3.1
  [90014a1f] + PDMats v0.10.1
  [69de0a69] + Parsers v1.0.11
  [2dfb63ee] + PooledArrays v0.5.3
  [1fd47b50] + QuadGK v2.4.1
  [c84ed2f1] + Ratios v0.4.0
  [3cdcf5f2] + RecipesBase v1.1.0
  [189a3867] + Reexport v0.2.0
  [79098fc4] + Rmath v0.6.1
  [f2b01f46] + Roots v1.0.5
  [91c51154] + SentinelArrays v1.2.16
  [1277b4bf] + ShiftedArrays v1.0.0
  [a2af1166] + SortingAlgorithms v0.3.1
  [276daf66] + SpecialFunctions v0.10.3
  [90137ffa] + StaticArrays v0.12.4
  [2913bbd2] + StatsBase v0.33.2
  [4c63d2b9] + StatsFuns v0.9.5
  [2cb19f9e] + StatsKit v0.3.0
  [3eaba693] + StatsModels v0.6.15
  [856f2bd8] + StructTypes v1.1.0
  [3783bdb8] + TableTraits v1.0.0
  [bd369af6] + Tables v1.1.0
  [9e3dc215] + TimeSeries v0.19.1
  [efce3f68] + WoodburyMatrices v0.5.3
  [68821587] + Arpack_jll v3.5.0+3
  [e66e0078] + CompilerSupportLibraries_jll v0.3.4+0
  [f5851436] + FFTW_jll v3.3.9+6
  [1d5cc7b8] + IntelOpenMP_jll v2018.0.3+0
  [856f044c] + MKL_jll v2020.2.254+0
  [4536629a] + OpenBLAS_jll v0.3.10+0
  [efe28fd5] + OpenSpecFun_jll v0.5.3+4
  [f50d1b31] + Rmath_jll v0.2.2+1
  [0dad84c5] + ArgTools
  [56f22d72] + Artifacts
  [2a0f44e3] + Base64
  [ade2ca70] + Dates
  [8bb1440f] + DelimitedFiles
  [8ba89e20] + Distributed
  [f43a241f] + Downloads
  [9fa8497b] + Future
  [b77e0a4c] + InteractiveUtils
  [b27032c2] + LibCURL
  [76f85450] + LibGit2
  [8f399da3] + Libdl
  [37e2e46d] + LinearAlgebra
  [56ddb016] + Logging
  [d6f4376e] + Markdown
  [a63ad114] + Mmap
  [44cfe95a] + Pkg
  [de0858da] + Printf
  [3fa0cd96] + REPL
  [9a3f8284] + Random
  [ea8e919c] + SHA
  [9e88b42a] + Serialization
  [1a1011a3] + SharedArrays
  [6462fe0b] + Sockets
  [2f01184e] + SparseArrays
  [10745b16] + Statistics
  [4607b0f0] + SuiteSparse
  [fa267f1f] + TOML
  [8dfed614] + Test
  [cf7118a7] + UUIDs
  [4ec0a83e] + Unicode
  [deac9b47] + LibCURL_jll
  [14a3606d] + MozillaCACerts_jll
    Building FFTW â†’ `~/.julia/scratchspaces/44cfe95a-1eb2-52ea-b672-e2afdf69b78f/8b7c16b56936047ca41bf25effa137ae0b381ae8/build.log`
Precompiling project... (tip: to disable auto-precompilation set ENV["JULIA_PKG_PRECOMPILE_AUTO"]=0)
[32m  âœ“ [39m[90mReexport[39m
[32m  âœ“ [39m[90mDataValueInterfaces[39m
[32m  âœ“ [39m[90mRatios[39m
[32m  âœ“ [39m[90mRecipesBase[39m
[32m  âœ“ [39m[90mIteratorInterfaceExtensions[39m
[32m  âœ“ [39m[90mInvertedIndices[39m
[32m  âœ“ [39m[90mDataAPI[39m
[32m  âœ“ [39m[90mWoodburyMatrices[39m
[32m  âœ“ [39m[90mShiftedArrays[39m
[32m  âœ“ [39m[90mJLLWrappers[39m
[32m  âœ“ [39m[90mAbstractFFTs[39m
[32m  âœ“ [39m[90mOrderedCollections[39m
[32m  âœ“ [39m[90mTableTraits[39m
[32m  âœ“ [39m[90mCompat[39m
[32m  âœ“ [39m[90mDocStringExtensions[39m
[32m  âœ“ [39m[90mPDMats[39m
[32m  âœ“ [39m[90mStructTypes[39m
[32m  âœ“ [39m[90mOffsetArrays[39m
[32m  âœ“ [39m[90mAxisAlgorithms[39m
[32m  âœ“ [39m[90mDistances[39m
[32m  âœ“ [39m[90mCombinatorics[39m
[32m  âœ“ [39m[90mFillArrays[39m
[32m  âœ“ [39m[90mMissings[39m
[32m  âœ“ [39m[90mLoess[39m
[32m  âœ“ [39m[90mIntelOpenMP_jll[39m
[32m  âœ“ [39m[90mPooledArrays[39m
[32m  âœ“ [39m[90mSentinelArrays[39m
[32m  âœ“ [39m[90mRmath_jll[39m
[32m  âœ“ [39m[90mTables[39m
[32m  âœ“ [39m[90mFFTW_jll[39m
[32m  âœ“ [39m[90mRoots[39m
[32m  âœ“ [39m[90mCompilerSupportLibraries_jll[39m
[32m  âœ“ [39m[90mParsers[39m
[32m  âœ“ [39m[90mRmath[39m
[32m  âœ“ [39m[90mMKL_jll[39m
[32m  âœ“ [39m[90mStaticArrays[39m
[32m  âœ“ [39m[90mJSON[39m
[32m  âœ“ [39m[90mDataStructures[39m
[32m  âœ“ [39m[90mOpenSpecFun_jll[39m
[32m  âœ“ [39m[90mOpenBLAS_jll[39m
[32m  âœ“ [39m[90mInterpolations[39m
[32m  âœ“ [39m[90mCategoricalArrays[39m
[32m  âœ“ [39m[90mNearestNeighbors[39m
[32m  âœ“ [39m[90mTimeSeries[39m
[91m  âœ— [39m[90mFFTW[39m
[32m  âœ“ [39m[90mSortingAlgorithms[39m
[32m  âœ“ [39m[90mQuadGK[39m
[32m  âœ“ [39m[90mSpecialFunctions[39m
[32m  âœ“ [39m[90mArpack_jll[39m
[32m  âœ“ [39m[90mStatsBase[39m
[32m  âœ“ [39m[90mStatsFuns[39m
[32m  âœ“ [39m[90mArpack[39m
[32m  âœ“ [39m[90mDataFrames[39m
[32m  âœ“ [39m[90mClustering[39m
[32m  âœ“ [39m[90mMultivariateStats[39m
[32m  âœ“ [39m[90mStatsModels[39m
[32m  âœ“ [39m[90mDistributions[39m
[32m  âœ“ [39m[90mCSV[39m
[91m  âœ— [39m[90mKernelDensity[39m
[32m  âœ“ [39m[90mBootstrap[39m
[32m  âœ“ [39m[90mHypothesisTests[39m
[32m  âœ“ [39m[90mGLM[39m
[91m  âœ— [39mStatsKit
60 dependencies successfully precompiled, 3 errored
Starting tests at 2020-10-24T05:03:35.495
     Testing StatsKit
Status `/tmp/jl_ZFAdI2/Project.toml`
  [e28b5b4c] Bootstrap v2.2.0
  [336ed68f] CSV v0.7.7
  [324d7699] CategoricalArrays v0.8.3
  [aaaa29a8] Clustering v0.14.2
  [a93c6f00] DataFrames v0.21.8
  [b4f34e82] Distances v0.9.2
  [31c24e10] Distributions v0.23.12
  [38e38edf] GLM v1.3.11
  [09f84164] HypothesisTests v0.10.1
  [5ab0869b] KernelDensity v0.6.1
  [4345ca2d] Loess v0.5.0
  [6f286f6a] MultivariateStats v0.7.0
  [189a3867] Reexport v0.2.0
  [2913bbd2] StatsBase v0.33.2
  [2cb19f9e] StatsKit v0.3.0
  [9e3dc215] TimeSeries v0.19.1
  [44cfe95a] Pkg
  [10745b16] Statistics
Status `/tmp/jl_ZFAdI2/Manifest.toml`
  [621f4979] AbstractFFTs v0.5.0
  [7d9fca2a] Arpack v0.4.0
  [13072b0f] AxisAlgorithms v1.0.0
  [e28b5b4c] Bootstrap v2.2.0
  [336ed68f] CSV v0.7.7
  [324d7699] CategoricalArrays v0.8.3
  [aaaa29a8] Clustering v0.14.2
  [861a8166] Combinatorics v1.0.2
  [34da2185] Compat v3.22.0
  [9a962f9c] DataAPI v1.3.0
  [a93c6f00] DataFrames v0.21.8
  [864edb3b] DataStructures v0.18.8
  [e2d170a0] DataValueInterfaces v1.0.0
  [b4f34e82] Distances v0.9.2
  [31c24e10] Distributions v0.23.12
  [ffbed154] DocStringExtensions v0.8.3
  [7a1cc6ca] FFTW v1.2.4
  [1a297f60] FillArrays v0.9.7
  [38e38edf] GLM v1.3.11
  [09f84164] HypothesisTests v0.10.1
  [a98d9a8b] Interpolations v0.12.10
  [41ab1584] InvertedIndices v1.0.0
  [82899510] IteratorInterfaceExtensions v1.0.0
  [692b3bcd] JLLWrappers v1.1.3
  [682c06a0] JSON v0.21.1
  [5ab0869b] KernelDensity v0.6.1
  [4345ca2d] Loess v0.5.0
  [e1d29d7a] Missings v0.4.4
  [6f286f6a] MultivariateStats v0.7.0
  [b8a86587] NearestNeighbors v0.4.7
  [6fe1bfb0] OffsetArrays v1.3.1
  [bac558e1] OrderedCollections v1.3.1
  [90014a1f] PDMats v0.10.1
  [69de0a69] Parsers v1.0.11
  [2dfb63ee] PooledArrays v0.5.3
  [1fd47b50] QuadGK v2.4.1
  [c84ed2f1] Ratios v0.4.0
  [3cdcf5f2] RecipesBase v1.1.0
  [189a3867] Reexport v0.2.0
  [79098fc4] Rmath v0.6.1
  [f2b01f46] Roots v1.0.5
  [91c51154] SentinelArrays v1.2.16
  [1277b4bf] ShiftedArrays v1.0.0
  [a2af1166] SortingAlgorithms v0.3.1
  [276daf66] SpecialFunctions v0.10.3
  [90137ffa] StaticArrays v0.12.4
  [2913bbd2] StatsBase v0.33.2
  [4c63d2b9] StatsFuns v0.9.5
  [2cb19f9e] StatsKit v0.3.0
  [3eaba693] StatsModels v0.6.15
  [856f2bd8] StructTypes v1.1.0
  [3783bdb8] TableTraits v1.0.0
  [bd369af6] Tables v1.1.0
  [9e3dc215] TimeSeries v0.19.1
  [efce3f68] WoodburyMatrices v0.5.3
  [68821587] Arpack_jll v3.5.0+3
  [e66e0078] CompilerSupportLibraries_jll v0.3.4+0
  [f5851436] FFTW_jll v3.3.9+6
  [1d5cc7b8] IntelOpenMP_jll v2018.0.3+0
  [856f044c] MKL_jll v2020.2.254+0
  [4536629a] OpenBLAS_jll v0.3.10+0
  [efe28fd5] OpenSpecFun_jll v0.5.3+4
  [f50d1b31] Rmath_jll v0.2.2+1
  [0dad84c5] ArgTools
  [56f22d72] Artifacts
  [2a0f44e3] Base64
  [ade2ca70] Dates
  [8bb1440f] DelimitedFiles
  [8ba89e20] Distributed
  [f43a241f] Downloads
  [9fa8497b] Future
  [b77e0a4c] InteractiveUtils
  [b27032c2] LibCURL
  [76f85450] LibGit2
  [8f399da3] Libdl
  [37e2e46d] LinearAlgebra
  [56ddb016] Logging
  [d6f4376e] Markdown
  [a63ad114] Mmap
  [44cfe95a] Pkg
  [de0858da] Printf
  [3fa0cd96] REPL
  [9a3f8284] Random
  [ea8e919c] SHA
  [9e88b42a] Serialization
  [1a1011a3] SharedArrays
  [6462fe0b] Sockets
  [2f01184e] SparseArrays
  [10745b16] Statistics
  [4607b0f0] SuiteSparse
  [fa267f1f] TOML
  [8dfed614] Test
  [cf7118a7] UUIDs
  [4ec0a83e] Unicode
  [deac9b47] LibCURL_jll
  [14a3606d] MozillaCACerts_jll
     Testing Running tests...
     Testing Bootstrap
Status `/tmp/jl_hZ0BPX/Project.toml`
  [e28b5b4c] Bootstrap v2.2.0
  [a93c6f00] DataFrames v0.21.8
  [31c24e10] Distributions v0.23.12
  [38e38edf] GLM v1.3.11
  [ce6b1742] RDatasets v0.6.10
  [2913bbd2] StatsBase v0.33.2
  [3eaba693] StatsModels v0.6.15
  [9a3f8284] Random
  [10745b16] Statistics
  [8dfed614] Test
Status `/tmp/jl_hZ0BPX/Manifest.toml`
  [e28b5b4c] Bootstrap v2.2.0
  [336ed68f] CSV v0.7.7
  [324d7699] CategoricalArrays v0.8.3
  [944b1d66] CodecZlib v0.7.0
  [34da2185] Compat v3.22.0
  [9a962f9c] DataAPI v1.3.0
  [a93c6f00] DataFrames v0.21.8
  [864edb3b] DataStructures v0.18.8
  [e2d170a0] DataValueInterfaces v1.0.0
  [31c24e10] Distributions v0.23.12
  [e2ba6199] ExprTools v0.1.3
  [8f5d6c58] EzXML v1.1.0
  [5789e2e9] FileIO v1.4.3
  [1a297f60] FillArrays v0.9.7
  [38e38edf] GLM v1.3.11
  [41ab1584] InvertedIndices v1.0.0
  [82899510] IteratorInterfaceExtensions v1.0.0
  [692b3bcd] JLLWrappers v1.1.3
  [682c06a0] JSON v0.21.1
  [e1d29d7a] Missings v0.4.4
  [78c3b35d] Mocking v0.7.1
  [bac558e1] OrderedCollections v1.3.1
  [90014a1f] PDMats v0.10.1
  [69de0a69] Parsers v1.0.11
  [2dfb63ee] PooledArrays v0.5.3
  [1fd47b50] QuadGK v2.4.1
  [df47a6cb] RData v0.7.2
  [ce6b1742] RDatasets v0.6.10
  [3cdcf5f2] RecipesBase v1.1.0
  [189a3867] Reexport v0.2.0
  [ae029012] Requires v1.1.0
  [79098fc4] Rmath v0.6.1
  [91c51154] SentinelArrays v1.2.16
  [1277b4bf] ShiftedArrays v1.0.0
  [a2af1166] SortingAlgorithms v0.3.1
  [276daf66] SpecialFunctions v0.10.3
  [90137ffa] StaticArrays v0.12.4
  [2913bbd2] StatsBase v0.33.2
  [4c63d2b9] StatsFuns v0.9.5
  [3eaba693] StatsModels v0.6.15
  [856f2bd8] StructTypes v1.1.0
  [3783bdb8] TableTraits v1.0.0
  [bd369af6] Tables v1.1.0
  [f269a46b] TimeZones v1.4.0
  [3bb67fe8] TranscodingStreams v0.9.5
  [e66e0078] CompilerSupportLibraries_jll v0.3.4+0
  [94ce4f54] Libiconv_jll v1.16.0+7
  [efe28fd5] OpenSpecFun_jll v0.5.3+4
  [f50d1b31] Rmath_jll v0.2.2+1
  [02c8fc9c] XML2_jll v2.9.10+3
  [83775a58] Zlib_jll v1.2.11+18
  [0dad84c5] ArgTools
  [56f22d72] Artifacts
  [2a0f44e3] Base64
  [ade2ca70] Dates
  [8bb1440f] DelimitedFiles
  [8ba89e20] Distributed
  [f43a241f] Downloads
  [9fa8497b] Future
  [b77e0a4c] InteractiveUtils
  [b27032c2] LibCURL
  [76f85450] LibGit2
  [8f399da3] Libdl
  [37e2e46d] LinearAlgebra
  [56ddb016] Logging
  [d6f4376e] Markdown
  [a63ad114] Mmap
  [44cfe95a] Pkg
  [de0858da] Printf
  [3fa0cd96] REPL
  [9a3f8284] Random
  [ea8e919c] SHA
  [9e88b42a] Serialization
  [1a1011a3] SharedArrays
  [6462fe0b] Sockets
  [2f01184e] SparseArrays
  [10745b16] Statistics
  [4607b0f0] SuiteSparse
  [fa267f1f] TOML
  [8dfed614] Test
  [cf7118a7] UUIDs
  [4ec0a83e] Unicode
  [deac9b47] LibCURL_jll
  [14a3606d] MozillaCACerts_jll
     Testing Running tests...
ERROR: LoadError: LoadError: MethodError: no method matching typesubtract(::Type{Union{}}, ::Type{Int64})
Closest candidates are:
  typesubtract(::Any, ::Any, !Matched::Int64) at compiler/typeutils.jl:66
Stacktrace:
  [1] ts(T::Type, S::Type)
    @ CSV ~/.julia/packages/CSV/MKemC/src/utils.jl:214
  [2] nonstandardtype(T::Type)
    @ CSV ~/.julia/packages/CSV/MKemC/src/utils.jl:217
  [3] (::CSV.var"#17#23")(T::Type)
    @ CSV ./none:0
  [4] iterate(::Base.Iterators.Filter{CSV.var"#17#23", Vector{Type}})
    @ Base.Iterators ./iterators.jl:451
  [5] iterate
    @ ./generator.jl:44 [inlined]
  [6] Header
    @ ~/.julia/packages/CSV/MKemC/src/header.jl:232 [inlined]
  [7] CSV.File(source::IOBuffer; header::Int64, normalizenames::Bool, datarow::Int64, skipto::Nothing, footerskip::Int64, transpose::Bool, comment::Nothing, use_mmap::Nothing, ignoreemptylines::Bool, select::Nothing, drop::Nothing, missingstrings::Vector{String}, missingstring::String, delim::Char, ignorerepeated::Bool, quotechar::Char, openquotechar::Nothing, closequotechar::Nothing, escapechar::Char, dateformat::Nothing, dateformats::Nothing, decimal::UInt8, truestrings::Vector{String}, falsestrings::Vector{String}, type::Nothing, types::Nothing, typemap::Dict{Type, Type}, categorical::Nothing, pool::Float64, lazystrings::Bool, strict::Bool, silencewarnings::Bool, debug::Bool, parsingdebug::Bool, kw::Base.Iterators.Pairs{Union{}, Union{}, Tuple{}, NamedTuple{, Tuple{}}})
    @ CSV ~/.julia/packages/CSV/MKemC/src/file.jl:216
  [8] (::RDatasets.var"#3#4"{String, String})(io::IOStream)
    @ RDatasets ~/.julia/packages/RDatasets/2nJII/src/dataset.jl:19
  [9] open(::RDatasets.var"#3#4"{String, String}, ::String, ::Vararg{String, N} where N; kwargs::Base.Iterators.Pairs{Union{}, Union{}, Tuple{}, NamedTuple{, Tuple{}}})
    @ Base ./io.jl:330
 [10] open
    @ ./io.jl:328 [inlined]
 [11] dataset(package_name::String, dataset_name::String)
    @ RDatasets ~/.julia/packages/RDatasets/2nJII/src/dataset.jl:17
 [12] top-level scope
    @ ~/.julia/packages/Bootstrap/QldPq/test/test-bootsample-non-parametric.jl:14
 [13] include(fname::String)
    @ Base.MainInclude ./client.jl:444
 [14] top-level scope
    @ ~/.julia/packages/Bootstrap/QldPq/test/runtests.jl:8
 [15] include(fname::String)
    @ Base.MainInclude ./client.jl:444
 [16] top-level scope
    @ none:6
in expression starting at /home/pkgeval/.julia/packages/Bootstrap/QldPq/test/test-bootsample-non-parametric.jl:1
in expression starting at /home/pkgeval/.julia/packages/Bootstrap/QldPq/test/runtests.jl:6
     Testing CategoricalArrays
Status `/tmp/jl_qsZ4RX/Project.toml`
  [324d7699] CategoricalArrays v0.8.3
  [9a962f9c] DataAPI v1.3.0
  [682c06a0] JSON v0.21.1
  [0f8b85d8] JSON3 v1.4.0
  [e1d29d7a] Missings v0.4.4
  [2dfb63ee] PooledArrays v0.5.3
  [856f2bd8] StructTypes v1.1.0
  [ade2ca70] Dates
  [9fa8497b] Future
  [de0858da] Printf
  [10745b16] Statistics
  [8dfed614] Test
  [4ec0a83e] Unicode
Status `/tmp/jl_qsZ4RX/Manifest.toml`
  [324d7699] CategoricalArrays v0.8.3
  [9a962f9c] DataAPI v1.3.0
  [682c06a0] JSON v0.21.1
  [0f8b85d8] JSON3 v1.4.0
  [e1d29d7a] Missings v0.4.4
  [69de0a69] Parsers v1.0.11
  [2dfb63ee] PooledArrays v0.5.3
  [856f2bd8] StructTypes v1.1.0
  [2a0f44e3] Base64
  [ade2ca70] Dates
  [9fa8497b] Future
  [b77e0a4c] InteractiveUtils
  [8f399da3] Libdl
  [37e2e46d] LinearAlgebra
  [56ddb016] Logging
  [d6f4376e] Markdown
  [a63ad114] Mmap
  [de0858da] Printf
  [9a3f8284] Random
  [ea8e919c] SHA
  [9e88b42a] Serialization
  [2f01184e] SparseArrays
  [10745b16] Statistics
  [8dfed614] Test
  [cf7118a7] UUIDs
  [4ec0a83e] Unicode
     Testing Running tests...
Test Summary: | Pass  Total
01_value.jl   |   58     58
Test Summary:      | Pass  Total
04_constructors.jl |   70     70
convert() for CategoricalPool{Int, DefaultRefType} and values: Error During Test at /home/pkgeval/.julia/packages/CategoricalArrays/0ZAbp/test/05_convert.jl:47
  Test threw exception
  Expression: convert(Union{T, U}, v1) === v1
  MethodError: convert(::Type{Union{Missing, CategoricalArrays.CategoricalValue{Int64, R} where R<:Integer}}, ::CategoricalArrays.CategoricalValue{Int64, UInt32}) is ambiguous. Candidates:
    convert(::Type{T}, x::T) where T>:Missing in Base at missing.jl:67
    convert(::Type{T}, x) where T>:Missing in Base at missing.jl:69
    convert(::Type{S}, x::T) where {S, T<:CategoricalArrays.CategoricalValue} in CategoricalArrays at /home/pkgeval/.julia/packages/CategoricalArrays/0ZAbp/src/value.jl:68
  Possible fix, define
    convert(::Type{S}, ::T) where {S>:Missing, T<:CategoricalArrays.CategoricalValue}
  Stacktrace:
   [1] macro expansion
     @ ~/.julia/packages/CategoricalArrays/0ZAbp/test/05_convert.jl:47 [inlined]
   [2] macro expansion
     @ /workspace/srcdir/usr/share/julia/stdlib/v1.6/Test/src/Test.jl:1144 [inlined]
   [3] top-level scope
     @ ~/.julia/packages/CategoricalArrays/0ZAbp/test/05_convert.jl:7
convert() for CategoricalPool{Int, DefaultRefType} and values: Error During Test at /home/pkgeval/.julia/packages/CategoricalArrays/0ZAbp/test/05_convert.jl:48
  Test threw exception
  Expression: convert(Union{T, U}, v2) === v2
  MethodError: convert(::Type{Union{Missing, CategoricalArrays.CategoricalValue{Int64, R} where R<:Integer}}, ::CategoricalArrays.CategoricalValue{Int64, UInt32}) is ambiguous. Candidates:
    convert(::Type{T}, x::T) where T>:Missing in Base at missing.jl:67
    convert(::Type{T}, x) where T>:Missing in Base at missing.jl:69
    convert(::Type{S}, x::T) where {S, T<:CategoricalArrays.CategoricalValue} in CategoricalArrays at /home/pkgeval/.julia/packages/CategoricalArrays/0ZAbp/src/value.jl:68
  Possible fix, define
    convert(::Type{S}, ::T) where {S>:Missing, T<:CategoricalArrays.CategoricalValue}
  Stacktrace:
   [1] macro expansion
     @ ~/.julia/packages/CategoricalArrays/0ZAbp/test/05_convert.jl:48 [inlined]
   [2] macro expansion
     @ /workspace/srcdir/usr/share/julia/stdlib/v1.6/Test/src/Test.jl:1144 [inlined]
   [3] top-level scope
     @ ~/.julia/packages/CategoricalArrays/0ZAbp/test/05_convert.jl:7
convert() for CategoricalPool{Int, DefaultRefType} and values: Error During Test at /home/pkgeval/.julia/packages/CategoricalArrays/0ZAbp/test/05_convert.jl:49
  Test threw exception
  Expression: convert(Union{T, U}, v3) === v3
  MethodError: convert(::Type{Union{Missing, CategoricalArrays.CategoricalValue{Int64, R} where R<:Integer}}, ::CategoricalArrays.CategoricalValue{Int64, UInt32}) is ambiguous. Candidates:
    convert(::Type{T}, x::T) where T>:Missing in Base at missing.jl:67
    convert(::Type{T}, x) where T>:Missing in Base at missing.jl:69
    convert(::Type{S}, x::T) where {S, T<:CategoricalArrays.CategoricalValue} in CategoricalArrays at /home/pkgeval/.julia/packages/CategoricalArrays/0ZAbp/src/value.jl:68
  Possible fix, define
    convert(::Type{S}, ::T) where {S>:Missing, T<:CategoricalArrays.CategoricalValue}
  Stacktrace:
   [1] macro expansion
     @ ~/.julia/packages/CategoricalArrays/0ZAbp/test/05_convert.jl:49 [inlined]
   [2] macro expansion
     @ /workspace/srcdir/usr/share/julia/stdlib/v1.6/Test/src/Test.jl:1144 [inlined]
   [3] top-level scope
     @ ~/.julia/packages/CategoricalArrays/0ZAbp/test/05_convert.jl:7
convert() for CategoricalPool{Int, DefaultRefType} and values: Error During Test at /home/pkgeval/.julia/packages/CategoricalArrays/0ZAbp/test/05_convert.jl:47
  Test threw exception
  Expression: convert(Union{T, U}, v1) === v1
  MethodError: convert(::Type{Union{Nothing, CategoricalArrays.CategoricalValue{Int64, R} where R<:Integer}}, ::CategoricalArrays.CategoricalValue{Int64, UInt32}) is ambiguous. Candidates:
    convert(::Type{T}, x::T) where T>:Nothing in Base at some.jl:35
    convert(::Type{T}, x) where T>:Nothing in Base at some.jl:36
    convert(::Type{S}, x::T) where {S, T<:CategoricalArrays.CategoricalValue} in CategoricalArrays at /home/pkgeval/.julia/packages/CategoricalArrays/0ZAbp/src/value.jl:68
  Possible fix, define
    convert(::Type{S}, ::T) where {S>:Nothing, T<:CategoricalArrays.CategoricalValue}
  Stacktrace:
   [1] macro expansion
     @ ~/.julia/packages/CategoricalArrays/0ZAbp/test/05_convert.jl:47 [inlined]
   [2] macro expansion
     @ /workspace/srcdir/usr/share/julia/stdlib/v1.6/Test/src/Test.jl:1144 [inlined]
   [3] top-level scope
     @ ~/.julia/packages/CategoricalArrays/0ZAbp/test/05_convert.jl:7
convert() for CategoricalPool{Int, DefaultRefType} and values: Error During Test at /home/pkgeval/.julia/packages/CategoricalArrays/0ZAbp/test/05_convert.jl:48
  Test threw exception
  Expression: convert(Union{T, U}, v2) === v2
  MethodError: convert(::Type{Union{Nothing, CategoricalArrays.CategoricalValue{Int64, R} where R<:Integer}}, ::CategoricalArrays.CategoricalValue{Int64, UInt32}) is ambiguous. Candidates:
    convert(::Type{T}, x::T) where T>:Nothing in Base at some.jl:35
    convert(::Type{T}, x) where T>:Nothing in Base at some.jl:36
    convert(::Type{S}, x::T) where {S, T<:CategoricalArrays.CategoricalValue} in CategoricalArrays at /home/pkgeval/.julia/packages/CategoricalArrays/0ZAbp/src/value.jl:68
  Possible fix, define
    convert(::Type{S}, ::T) where {S>:Nothing, T<:CategoricalArrays.CategoricalValue}
  Stacktrace:
   [1] macro expansion
     @ ~/.julia/packages/CategoricalArrays/0ZAbp/test/05_convert.jl:48 [inlined]
   [2] macro expansion
     @ /workspace/srcdir/usr/share/julia/stdlib/v1.6/Test/src/Test.jl:1144 [inlined]
   [3] top-level scope
     @ ~/.julia/packages/CategoricalArrays/0ZAbp/test/05_convert.jl:7
convert() for CategoricalPool{Int, DefaultRefType} and values: Error During Test at /home/pkgeval/.julia/packages/CategoricalArrays/0ZAbp/test/05_convert.jl:49
  Test threw exception
  Expression: convert(Union{T, U}, v3) === v3
  MethodError: convert(::Type{Union{Nothing, CategoricalArrays.CategoricalValue{Int64, R} where R<:Integer}}, ::CategoricalArrays.CategoricalValue{Int64, UInt32}) is ambiguous. Candidates:
    convert(::Type{T}, x::T) where T>:Nothing in Base at some.jl:35
    convert(::Type{T}, x) where T>:Nothing in Base at some.jl:36
    convert(::Type{S}, x::T) where {S, T<:CategoricalArrays.CategoricalValue} in CategoricalArrays at /home/pkgeval/.julia/packages/CategoricalArrays/0ZAbp/src/value.jl:68
  Possible fix, define
    convert(::Type{S}, ::T) where {S>:Nothing, T<:CategoricalArrays.CategoricalValue}
  Stacktrace:
   [1] macro expansion
     @ ~/.julia/packages/CategoricalArrays/0ZAbp/test/05_convert.jl:49 [inlined]
   [2] macro expansion
     @ /workspace/srcdir/usr/share/julia/stdlib/v1.6/Test/src/Test.jl:1144 [inlined]
   [3] top-level scope
     @ ~/.julia/packages/CategoricalArrays/0ZAbp/test/05_convert.jl:7
convert() for CategoricalPool{Int, DefaultRefType} and values: Error During Test at /home/pkgeval/.julia/packages/CategoricalArrays/0ZAbp/test/05_convert.jl:47
  Test threw exception
  Expression: convert(Union{T, U}, v1) === v1
  MethodError: convert(::Type{Union{Missing, CategoricalArrays.CategoricalValue}}, ::CategoricalArrays.CategoricalValue{Int64, UInt32}) is ambiguous. Candidates:
    convert(::Type{T}, x::T) where T>:Missing in Base at missing.jl:67
    convert(::Type{T}, x) where T>:Missing in Base at missing.jl:69
    convert(::Type{S}, x::T) where {S, T<:CategoricalArrays.CategoricalValue} in CategoricalArrays at /home/pkgeval/.julia/packages/CategoricalArrays/0ZAbp/src/value.jl:68
  Possible fix, define
    convert(::Type{S}, ::T) where {S>:Missing, T<:CategoricalArrays.CategoricalValue}
  Stacktrace:
   [1] macro expansion
     @ ~/.julia/packages/CategoricalArrays/0ZAbp/test/05_convert.jl:47 [inlined]
   [2] macro expansion
     @ /workspace/srcdir/usr/share/julia/stdlib/v1.6/Test/src/Test.jl:1144 [inlined]
   [3] top-level scope
     @ ~/.julia/packages/CategoricalArrays/0ZAbp/test/05_convert.jl:7
convert() for CategoricalPool{Int, DefaultRefType} and values: Error During Test at /home/pkgeval/.julia/packages/CategoricalArrays/0ZAbp/test/05_convert.jl:48
  Test threw exception
  Expression: convert(Union{T, U}, v2) === v2
  MethodError: convert(::Type{Union{Missing, CategoricalArrays.CategoricalValue}}, ::CategoricalArrays.CategoricalValue{Int64, UInt32}) is ambiguous. Candidates:
    convert(::Type{T}, x::T) where T>:Missing in Base at missing.jl:67
    convert(::Type{T}, x) where T>:Missing in Base at missing.jl:69
    convert(::Type{S}, x::T) where {S, T<:CategoricalArrays.CategoricalValue} in CategoricalArrays at /home/pkgeval/.julia/packages/CategoricalArrays/0ZAbp/src/value.jl:68
  Possible fix, define
    convert(::Type{S}, ::T) where {S>:Missing, T<:CategoricalArrays.CategoricalValue}
  Stacktrace:
   [1] macro expansion
     @ ~/.julia/packages/CategoricalArrays/0ZAbp/test/05_convert.jl:48 [inlined]
   [2] macro expansion
     @ /workspace/srcdir/usr/share/julia/stdlib/v1.6/Test/src/Test.jl:1144 [inlined]
   [3] top-level scope
     @ ~/.julia/packages/CategoricalArrays/0ZAbp/test/05_convert.jl:7
convert() for CategoricalPool{Int, DefaultRefType} and values: Error During Test at /home/pkgeval/.julia/packages/CategoricalArrays/0ZAbp/test/05_convert.jl:49
  Test threw exception
  Expression: convert(Union{T, U}, v3) === v3
  MethodError: convert(::Type{Union{Missing, CategoricalArrays.CategoricalValue}}, ::CategoricalArrays.CategoricalValue{Int64, UInt32}) is ambiguous. Candidates:
    convert(::Type{T}, x::T) where T>:Missing in Base at missing.jl:67
    convert(::Type{T}, x) where T>:Missing in Base at missing.jl:69
    convert(::Type{S}, x::T) where {S, T<:CategoricalArrays.CategoricalValue} in CategoricalArrays at /home/pkgeval/.julia/packages/CategoricalArrays/0ZAbp/src/value.jl:68
  Possible fix, define
    convert(::Type{S}, ::T) where {S>:Missing, T<:CategoricalArrays.CategoricalValue}
  Stacktrace:
   [1] macro expansion
     @ ~/.julia/packages/CategoricalArrays/0ZAbp/test/05_convert.jl:49 [inlined]
   [2] macro expansion
     @ /workspace/srcdir/usr/share/julia/stdlib/v1.6/Test/src/Test.jl:1144 [inlined]
   [3] top-level scope
     @ ~/.julia/packages/CategoricalArrays/0ZAbp/test/05_convert.jl:7
convert() for CategoricalPool{Int, DefaultRefType} and values: Error During Test at /home/pkgeval/.julia/packages/CategoricalArrays/0ZAbp/test/05_convert.jl:47
  Test threw exception
  Expression: convert(Union{T, U}, v1) === v1
  MethodError: convert(::Type{Union{Nothing, CategoricalArrays.CategoricalValue}}, ::CategoricalArrays.CategoricalValue{Int64, UInt32}) is ambiguous. Candidates:
    convert(::Type{T}, x::T) where T>:Nothing in Base at some.jl:35
    convert(::Type{T}, x) where T>:Nothing in Base at some.jl:36
    convert(::Type{S}, x::T) where {S, T<:CategoricalArrays.CategoricalValue} in CategoricalArrays at /home/pkgeval/.julia/packages/CategoricalArrays/0ZAbp/src/value.jl:68
  Possible fix, define
    convert(::Type{S}, ::T) where {S>:Nothing, T<:CategoricalArrays.CategoricalValue}
  Stacktrace:
   [1] macro expansion
     @ ~/.julia/packages/CategoricalArrays/0ZAbp/test/05_convert.jl:47 [inlined]
   [2] macro expansion
     @ /workspace/srcdir/usr/share/julia/stdlib/v1.6/Test/src/Test.jl:1144 [inlined]
   [3] top-level scope
     @ ~/.julia/packages/CategoricalArrays/0ZAbp/test/05_convert.jl:7
convert() for CategoricalPool{Int, DefaultRefType} and values: Error During Test at /home/pkgeval/.julia/packages/CategoricalArrays/0ZAbp/test/05_convert.jl:48
  Test threw exception
  Expression: convert(Union{T, U}, v2) === v2
  MethodError: convert(::Type{Union{Nothing, CategoricalArrays.CategoricalValue}}, ::CategoricalArrays.CategoricalValue{Int64, UInt32}) is ambiguous. Candidates:
    convert(::Type{T}, x::T) where T>:Nothing in Base at some.jl:35
    convert(::Type{T}, x) where T>:Nothing in Base at some.jl:36
    convert(::Type{S}, x::T) where {S, T<:CategoricalArrays.CategoricalValue} in CategoricalArrays at /home/pkgeval/.julia/packages/CategoricalArrays/0ZAbp/src/value.jl:68
  Possible fix, define
    convert(::Type{S}, ::T) where {S>:Nothing, T<:CategoricalArrays.CategoricalValue}
  Stacktrace:
   [1] macro expansion
     @ ~/.julia/packages/CategoricalArrays/0ZAbp/test/05_convert.jl:48 [inlined]
   [2] macro expansion
     @ /workspace/srcdir/usr/share/julia/stdlib/v1.6/Test/src/Test.jl:1144 [inlined]
   [3] top-level scope
     @ ~/.julia/packages/CategoricalArrays/0ZAbp/test/05_convert.jl:7
convert() for CategoricalPool{Int, DefaultRefType} and values: Error During Test at /home/pkgeval/.julia/packages/CategoricalArrays/0ZAbp/test/05_convert.jl:49
  Test threw exception
  Expression: convert(Union{T, U}, v3) === v3
  MethodError: convert(::Type{Union{Nothing, CategoricalArrays.CategoricalValue}}, ::CategoricalArrays.CategoricalValue{Int64, UInt32}) is ambiguous. Candidates:
    convert(::Type{T}, x::T) where T>:Nothing in Base at some.jl:35
    convert(::Type{T}, x) where T>:Nothing in Base at some.jl:36
    convert(::Type{S}, x::T) where {S, T<:CategoricalArrays.CategoricalValue} in CategoricalArrays at /home/pkgeval/.julia/packages/CategoricalArrays/0ZAbp/src/value.jl:68
  Possible fix, define
    convert(::Type{S}, ::T) where {S>:Nothing, T<:CategoricalArrays.CategoricalValue}
  Stacktrace:
   [1] macro expansion
     @ ~/.julia/packages/CategoricalArrays/0ZAbp/test/05_convert.jl:49 [inlined]
   [2] macro expansion
     @ /workspace/srcdir/usr/share/julia/stdlib/v1.6/Test/src/Test.jl:1144 [inlined]
   [3] top-level scope
     @ ~/.julia/packages/CategoricalArrays/0ZAbp/test/05_convert.jl:7
Test Summary:                                                   | Pass  Error  Total
05_convert.jl                                                   |   61     12     73
  convert() for CategoricalPool{Int, DefaultRefType} and values |   37     12     49
  promote_type                                                  |   13            13
  convert() preserves `ordered`                                 |    1             1
  convert() with Union{T, Nothing}                              |    3             3
  levelcode                                                     |    7             7
Test Summary:                                                   | Pass  Error  Total
05_convert.jl                                                   |   61     12     73
  convert() for CategoricalPool{Int, DefaultRefType} and values |   37     12     49
  promote_type                                                  |   13            13
  convert() preserves `ordered`                                 |    1             1
  convert() with Union{T, Nothing}                              |    3             3
  levelcode                                                     |    7             7
ERROR: LoadError: Some tests did not pass: 61 passed, 0 failed, 12 errored, 0 broken.
in expression starting at /home/pkgeval/.julia/packages/CategoricalArrays/0ZAbp/test/runtests.jl:5

caused by: Some tests did not pass: 61 passed, 0 failed, 12 errored, 0 broken.
     Testing Clustering
Status `/tmp/jl_qlujh0/Project.toml`
  [aaaa29a8] Clustering v0.14.2
  [944b1d66] CodecZlib v0.7.0
  [b4f34e82] Distances v0.9.2
  [b8a86587] NearestNeighbors v0.4.7
  [2913bbd2] StatsBase v0.33.2
  [8bb1440f] DelimitedFiles
  [37e2e46d] LinearAlgebra
  [de0858da] Printf
  [9a3f8284] Random
  [2f01184e] SparseArrays
  [10745b16] Statistics
  [8dfed614] Test
Status `/tmp/jl_qlujh0/Manifest.toml`
  [aaaa29a8] Clustering v0.14.2
  [944b1d66] CodecZlib v0.7.0
  [34da2185] Compat v3.22.0
  [9a962f9c] DataAPI v1.3.0
  [864edb3b] DataStructures v0.18.8
  [b4f34e82] Distances v0.9.2
  [692b3bcd] JLLWrappers v1.1.3
  [e1d29d7a] Missings v0.4.4
  [b8a86587] NearestNeighbors v0.4.7
  [bac558e1] OrderedCollections v1.3.1
  [a2af1166] SortingAlgorithms v0.3.1
  [90137ffa] StaticArrays v0.12.4
  [2913bbd2] StatsBase v0.33.2
  [3bb67fe8] TranscodingStreams v0.9.5
  [83775a58] Zlib_jll v1.2.11+18
  [0dad84c5] ArgTools
  [56f22d72] Artifacts
  [2a0f44e3] Base64
  [ade2ca70] Dates
  [8bb1440f] DelimitedFiles
  [8ba89e20] Distributed
  [f43a241f] Downloads
  [b77e0a4c] InteractiveUtils
  [b27032c2] LibCURL
  [76f85450] LibGit2
  [8f399da3] Libdl
  [37e2e46d] LinearAlgebra
  [56ddb016] Logging
  [d6f4376e] Markdown
  [a63ad114] Mmap
  [44cfe95a] Pkg
  [de0858da] Printf
  [3fa0cd96] REPL
  [9a3f8284] Random
  [ea8e919c] SHA
  [9e88b42a] Serialization
  [1a1011a3] SharedArrays
  [6462fe0b] Sockets
  [2f01184e] SparseArrays
  [10745b16] Statistics
  [fa267f1f] TOML
  [8dfed614] Test
  [cf7118a7] UUIDs
  [4ec0a83e] Unicode
  [deac9b47] LibCURL_jll
  [14a3606d] MozillaCACerts_jll
     Testing Running tests...
Runing tests:
* seeding.jl ...
Test Summary: | Pass  Total
seeding       |   64     64
* kmeans.jl ...
  Iters               objv        objv-change | affected 
-------------------------------------------------------------
      0       1.221172e+00
      1       6.105858e-01      -6.105858e-01 |        0
      2       6.105858e-01       0.000000e+00 |        0
K-means converged with 2 iterations (objv = 0.6105858217400701)
K-means converged with 2 iterations (objv = 0.4500664920387076)
â”Œ Warning: The clustering cost increased at iteration #1
â”” @ Clustering ~/.julia/packages/Clustering/tt9vc/src/kmeans.jl:188
â”Œ Warning: The clustering cost increased at iteration #1
â”” @ Clustering ~/.julia/packages/Clustering/tt9vc/src/kmeans.jl:188
â”Œ Warning: The clustering cost increased at iteration #1
â”” @ Clustering ~/.julia/packages/Clustering/tt9vc/src/kmeans.jl:188
â”Œ Warning: The clustering cost increased at iteration #1
â”” @ Clustering ~/.julia/packages/Clustering/tt9vc/src/kmeans.jl:188
â”Œ Warning: The clustering cost increased at iteration #1
â”” @ Clustering ~/.julia/packages/Clustering/tt9vc/src/kmeans.jl:188
â”Œ Warning: The clustering cost increased at iteration #1
â”” @ Clustering ~/.julia/packages/Clustering/tt9vc/src/kmeans.jl:188
â”Œ Warning: The clustering cost increased at iteration #1
â”” @ Clustering ~/.julia/packages/Clustering/tt9vc/src/kmeans.jl:188
Test Summary:      | Pass  Total
kmeans() (k-means) |   95     95
* kmedoids.jl ...
  Iters               objv        objv-change
-----------------------------------------------------
      0       1.727103e+00
      1       1.727103e+00       0.000000e+00
K-medoids converged with 1 iterations (objv = 1.7271031315493528)
K-medoids converged with 2 iterations (objv = 1.6236002870003423)
Test Summary:          | Pass  Total
kmedoids() (k-medoids) |   38     38
* affprop.jl ...
  Iters  objv-change | exemplars 
-----------------------------------------------------
      1   1.7243e+00 |        1
      2   1.1599e+00 |        1
      3   1.0111e+00 |        1
      4   8.2884e-01 |        1
      5   6.2996e-01 |        1
      6   4.4970e-01 |        1
      7   3.0568e-01 |        1
      8   1.9999e-01 |        1
      9   1.2694e-01 |        1
     10   7.8624e-02 |        1
Affinity propagation converged with 10 iterations: 1 exemplars.
Affinity propagation converged with 9 iterations: 1 exemplars.
Test Summary:                         | Pass  Total
affinityprop() (affinity propagation) |   84     84
* dbscan.jl ...
normal points: Test Failed at /home/pkgeval/.julia/packages/Clustering/tt9vc/test/dbscan.jl:64
  Expression: (clusters[1]).core_indices == inds_1
   Evaluated: [1, 2, 3, 5, 8, 9, 10, 12, 15, 17  â€¦  982, 984, 986, 991, 992, 993, 996, 997, 998, 1732] == [1, 2, 3, 5, 8, 9, 10, 12, 15, 16  â€¦  986, 988, 989, 990, 992, 994, 996, 998, 1000, 1882]
Stacktrace:
 [1] macro expansion
   @ ~/.julia/packages/Clustering/tt9vc/test/dbscan.jl:64 [inlined]
 [2] macro expansion
   @ /workspace/srcdir/usr/share/julia/stdlib/v1.6/Test/src/Test.jl:1144 [inlined]
 [3] macro expansion
   @ ~/.julia/packages/Clustering/tt9vc/test/dbscan.jl:48 [inlined]
 [4] macro expansion
   @ /workspace/srcdir/usr/share/julia/stdlib/v1.6/Test/src/Test.jl:1144 [inlined]
 [5] top-level scope
   @ ~/.julia/packages/Clustering/tt9vc/test/dbscan.jl:8
normal points: Test Failed at /home/pkgeval/.julia/packages/Clustering/tt9vc/test/dbscan.jl:65
  Expression: (clusters[2]).core_indices == inds_2
   Evaluated: [28, 497, 2004, 2005, 2006, 2012, 2017, 2018, 2020, 2024  â€¦  2980, 2982, 2983, 2987, 2993, 2994, 2995, 2996, 2997, 2998] == [66, 874, 999, 2005, 2006, 2007, 2008, 2012, 2018, 2020  â€¦  2983, 2986, 2988, 2989, 2990, 2991, 2994, 2996, 2997, 2998]
Stacktrace:
 [1] macro expansion
   @ ~/.julia/packages/Clustering/tt9vc/test/dbscan.jl:65 [inlined]
 [2] macro expansion
   @ /workspace/srcdir/usr/share/julia/stdlib/v1.6/Test/src/Test.jl:1144 [inlined]
 [3] macro expansion
   @ ~/.julia/packages/Clustering/tt9vc/test/dbscan.jl:48 [inlined]
 [4] macro expansion
   @ /workspace/srcdir/usr/share/julia/stdlib/v1.6/Test/src/Test.jl:1144 [inlined]
 [5] top-level scope
   @ ~/.julia/packages/Clustering/tt9vc/test/dbscan.jl:8
normal points: Test Failed at /home/pkgeval/.julia/packages/Clustering/tt9vc/test/dbscan.jl:66
  Expression: (clusters[3]).core_indices == inds_3
   Evaluated: [65, 1001, 1002, 1005, 1006, 1009, 1011, 1013, 1015, 1019  â€¦  1976, 1980, 1982, 1985, 1989, 1990, 1992, 1994, 1995, 1999] == [589, 655, 666, 703, 886, 1001, 1002, 1004, 1005, 1008  â€¦  1978, 1982, 1984, 1985, 1987, 1993, 1995, 1996, 1999, 2000]
Stacktrace:
 [1] macro expansion
   @ ~/.julia/packages/Clustering/tt9vc/test/dbscan.jl:66 [inlined]
 [2] macro expansion
   @ /workspace/srcdir/usr/share/julia/stdlib/v1.6/Test/src/Test.jl:1144 [inlined]
 [3] macro expansion
   @ ~/.julia/packages/Clustering/tt9vc/test/dbscan.jl:48 [inlined]
 [4] macro expansion
   @ /workspace/srcdir/usr/share/julia/stdlib/v1.6/Test/src/Test.jl:1144 [inlined]
 [5] top-level scope
   @ ~/.julia/packages/Clustering/tt9vc/test/dbscan.jl:8
Test Summary:                             | Pass  Fail  Total
dbscan() (DBSCAN clustering)              |   22     3     25
  Argument checks                         |    5            5
  Support for arrays other than Matrix{T} |    6            6
  normal points                           |    2     3      5
    Issue #84                             |    2            2
ERROR: LoadError: LoadError: Some tests did not pass: 22 passed, 3 failed, 0 errored, 0 broken.
in expression starting at /home/pkgeval/.julia/packages/Clustering/tt9vc/test/dbscan.jl:6
in expression starting at /home/pkgeval/.julia/packages/Clustering/tt9vc/test/runtests.jl:24
     Testing CSV
Status `/tmp/jl_stLASW/Project.toml`
  [336ed68f] CSV v0.7.7
  [324d7699] CategoricalArrays v0.8.3
  [944b1d66] CodecZlib v0.7.0
  [a93c6f00] DataFrames v0.21.8
  [48062228] FilePathsBase v0.9.5
  [69de0a69] Parsers v1.0.11
  [2dfb63ee] PooledArrays v0.5.3
  [91c51154] SentinelArrays v1.2.16
  [bd369af6] Tables v1.1.0
  [ea10d353] WeakRefStrings v0.6.2
  [ade2ca70] Dates
  [a63ad114] Mmap
  [9a3f8284] Random
  [8dfed614] Test
  [4ec0a83e] Unicode
Status `/tmp/jl_stLASW/Manifest.toml`
  [336ed68f] CSV v0.7.7
  [324d7699] CategoricalArrays v0.8.3
  [944b1d66] CodecZlib v0.7.0
  [34da2185] Compat v3.22.0
  [9a962f9c] DataAPI v1.3.0
  [a93c6f00] DataFrames v0.21.8
  [864edb3b] DataStructures v0.18.8
  [e2d170a0] DataValueInterfaces v1.0.0
  [48062228] FilePathsBase v0.9.5
  [41ab1584] InvertedIndices v1.0.0
  [82899510] IteratorInterfaceExtensions v1.0.0
  [692b3bcd] JLLWrappers v1.1.3
  [682c06a0] JSON v0.21.1
  [e1d29d7a] Missings v0.4.4
  [bac558e1] OrderedCollections v1.3.1
  [69de0a69] Parsers v1.0.11
  [2dfb63ee] PooledArrays v0.5.3
  [189a3867] Reexport v0.2.0
  [91c51154] SentinelArrays v1.2.16
  [a2af1166] SortingAlgorithms v0.3.1
  [856f2bd8] StructTypes v1.1.0
  [3783bdb8] TableTraits v1.0.0
  [bd369af6] Tables v1.1.0
  [3bb67fe8] TranscodingStreams v0.9.5
  [ea10d353] WeakRefStrings v0.6.2
  [83775a58] Zlib_jll v1.2.11+18
  [0dad84c5] ArgTools
  [56f22d72] Artifacts
  [2a0f44e3] Base64
  [ade2ca70] Dates
  [8bb1440f] DelimitedFiles
  [8ba89e20] Distributed
  [f43a241f] Downloads
  [9fa8497b] Future
  [b77e0a4c] InteractiveUtils
  [b27032c2] LibCURL
  [76f85450] LibGit2
  [8f399da3] Libdl
  [37e2e46d] LinearAlgebra
  [56ddb016] Logging
  [d6f4376e] Markdown
  [a63ad114] Mmap
  [44cfe95a] Pkg
  [de0858da] Printf
  [3fa0cd96] REPL
  [9a3f8284] Random
  [ea8e919c] SHA
  [9e88b42a] Serialization
  [1a1011a3] SharedArrays
  [6462fe0b] Sockets
  [2f01184e] SparseArrays
  [10745b16] Statistics
  [fa267f1f] TOML
  [8dfed614] Test
  [cf7118a7] UUIDs
  [4ec0a83e] Unicode
  [deac9b47] LibCURL_jll
  [14a3606d] MozillaCACerts_jll
     Testing Running tests...
CSV.File basics: Test Failed at /home/pkgeval/.julia/packages/CSV/MKemC/test/basics.jl:27
  Expression: CSV.File(joinpath(dir, "test_float_in_int_column.csv"); types = [Int, Int, Int], strict = true)
    Expected: CSV.Error
      Thrown: MethodError
Stacktrace:
 [1] macro expansion
   @ ~/.julia/packages/CSV/MKemC/test/basics.jl:27 [inlined]
 [2] macro expansion
   @ /workspace/srcdir/usr/share/julia/stdlib/v1.6/Test/src/Test.jl:1144 [inlined]
 [3] top-level scope
   @ ~/.julia/packages/CSV/MKemC/test/basics.jl:21
CSV.File basics: Test Failed at /home/pkgeval/.julia/packages/CSV/MKemC/test/basics.jl:30
  Expression: CSV.File(joinpath(dir, "int64_overflow.csv"); types = [Int8], strict = true)
    Expected: CSV.Error
      Thrown: MethodError
Stacktrace:
 [1] macro expansion
   @ ~/.julia/packages/CSV/MKemC/test/basics.jl:30 [inlined]
 [2] macro expansion
   @ /workspace/srcdir/usr/share/julia/stdlib/v1.6/Test/src/Test.jl:1144 [inlined]
 [3] top-level scope
   @ ~/.julia/packages/CSV/MKemC/test/basics.jl:21
CSV.File basics: Error During Test at /home/pkgeval/.julia/packages/CSV/MKemC/test/basics.jl:18
  Got exception outside of a @test
  MethodError: no method matching typesubtract(::Type{Union{}}, ::Type{Int64})
  Closest candidates are:
    typesubtract(::Any, ::Any, !Matched::Int64) at compiler/typeutils.jl:66
  Stacktrace:
    [1] ts(T::Type, S::Type)
      @ CSV ~/.julia/packages/CSV/MKemC/src/utils.jl:214
    [2] nonstandardtype(T::Type)
      @ CSV ~/.julia/packages/CSV/MKemC/src/utils.jl:217
    [3] (::CSV.var"#17#23")(T::Type)
      @ CSV ./none:0
    [4] iterate(::Base.Iterators.Filter{CSV.var"#17#23", Vector{Type}})
      @ Base.Iterators ./iterators.jl:451
    [5] iterate
      @ ./generator.jl:44 [inlined]
    [6] Header
      @ ~/.julia/packages/CSV/MKemC/src/header.jl:232 [inlined]
    [7] CSV.File(source::IOBuffer; header::Int64, normalizenames::Bool, datarow::Int64, skipto::Nothing, footerskip::Int64, transpose::Bool, comment::Nothing, use_mmap::Nothing, ignoreemptylines::Bool, select::Nothing, drop::Nothing, missingstrings::Vector{String}, missingstring::String, delim::Nothing, ignorerepeated::Bool, quotechar::Char, openquotechar::Nothing, closequotechar::Nothing, escapechar::Char, dateformat::Nothing, dateformats::Nothing, decimal::UInt8, truestrings::Vector{String}, falsestrings::Vector{String}, type::Nothing, types::Nothing, typemap::Dict{Type, Type}, categorical::Nothing, pool::Float64, lazystrings::Bool, strict::Bool, silencewarnings::Bool, debug::Bool, parsingdebug::Bool, kw::Base.Iterators.Pairs{Union{}, Union{}, Tuple{}, NamedTuple{(), Tuple{}}})
      @ CSV ~/.julia/packages/CSV/MKemC/src/file.jl:216
    [8] macro expansion
      @ ~/.julia/packages/CSV/MKemC/test/basics.jl:36 [inlined]
    [9] macro expansion
      @ /workspace/srcdir/usr/share/julia/stdlib/v1.6/Test/src/Test.jl:1144 [inlined]
   [10] top-level scope
      @ ~/.julia/packages/CSV/MKemC/test/basics.jl:21
   [11] include(fname::String)
      @ Base.MainInclude ./client.jl:444
   [12] macro expansion
      @ ~/.julia/packages/CSV/MKemC/test/runtests.jl:17 [inlined]
   [13] macro expansion
      @ /workspace/srcdir/usr/share/julia/stdlib/v1.6/Test/src/Test.jl:1144 [inlined]
   [14] macro expansion
      @ ~/.julia/packages/CSV/MKemC/test/runtests.jl:17 [inlined]
   [15] macro expansion
      @ /workspace/srcdir/usr/share/julia/stdlib/v1.6/Test/src/Test.jl:1144 [inlined]
   [16] top-level scope
      @ ~/.julia/packages/CSV/MKemC/test/runtests.jl:15
   [17] include(fname::String)
      @ Base.MainInclude ./client.jl:444
   [18] top-level scope
      @ none:6
   [19] eval(m::Module, e::Any)
      @ Core ./boot.jl:360
   [20] exec_options(opts::Base.JLOptions)
      @ Base ./client.jl:261
   [21] _start()
      @ Base ./client.jl:485
testing test_utf8_with_BOM.csv
CSV.File: Error During Test at /home/pkgeval/.julia/packages/CSV/MKemC/test/runtests.jl:15
  Got exception outside of a @test
  LoadError: MethodError: no method matching typesubtract(::Type{Union{Missing, String}}, ::Type{Int64})
  Closest candidates are:
    typesubtract(::Any, ::Any, !Matched::Int64) at compiler/typeutils.jl:66
  Stacktrace:
    [1] ts(T::Type, S::Type)
      @ CSV ~/.julia/packages/CSV/MKemC/src/utils.jl:214
    [2] nonstandardtype(T::Type)
      @ CSV ~/.julia/packages/CSV/MKemC/src/utils.jl:217
    [3] (::CSV.var"#17#23")(T::Type)
      @ CSV ./none:0
    [4] iterate(::Base.Iterators.Filter{CSV.var"#17#23", Vector{Type}})
      @ Base.Iterators ./iterators.jl:451
    [5] iterate
      @ ./generator.jl:44 [inlined]
    [6] Header
      @ ~/.julia/packages/CSV/MKemC/src/header.jl:232 [inlined]
    [7] CSV.Rows(source::String; header::Int64, normalizenames::Bool, datarow::Int64, skipto::Nothing, footerskip::Int64, limit::Int64, transpose::Bool, comment::Nothing, use_mmap::Nothing, ignoreemptylines::Bool, select::Nothing, drop::Nothing, missingstrings::Vector{String}, missingstring::String, delim::Nothing, ignorerepeated::Bool, quotechar::Char, openquotechar::Nothing, closequotechar::Nothing, escapechar::Char, dateformat::Nothing, dateformats::Nothing, decimal::UInt8, truestrings::Vector{String}, falsestrings::Vector{String}, type::Nothing, types::Nothing, typemap::Dict{Type, Type}, categorical::Nothing, pool::Float64, lazystrings::Bool, strict::Bool, silencewarnings::Bool, debug::Bool, parsingdebug::Bool, reusebuffer::Bool, kw::Base.Iterators.Pairs{Union{}, Union{}, Tuple{}, NamedTuple{(), Tuple{}}})
      @ CSV ~/.julia/packages/CSV/MKemC/src/rows.jl:142
    [8] CSV.Rows(source::String)
      @ CSV ~/.julia/packages/CSV/MKemC/src/rows.jl:142
    [9] testfile(file::String, kwargs::NamedTuple{(), Tuple{}}, expected_sz::Tuple{Int64, Int64}, expected_sch::Type, testfunc::NamedTuple{(:col1, :col2, :col3), Tuple{Vector{Float64}, Vector{Float64}, Vector{Float64}}}; dir::String)
      @ Main ~/.julia/packages/CSV/MKemC/test/testfiles.jl:6
   [10] testfile(file::String, kwargs::NamedTuple{(), Tuple{}}, expected_sz::Tuple{Int64, Int64}, expected_sch::Type, testfunc::NamedTuple{(:col1, :col2, :col3), Tuple{Vector{Float64}, Vector{Float64}, Vector{Float64}}})
      @ Main ~/.julia/packages/CSV/MKemC/test/testfiles.jl:2
   [11] top-level scope
      @ ~/.julia/packages/CSV/MKemC/test/testfiles.jl:656
   [12] include(fname::String)
      @ Base.MainInclude ./client.jl:444
   [13] macro expansion
      @ ~/.julia/packages/CSV/MKemC/test/runtests.jl:18 [inlined]
   [14] macro expansion
      @ /workspace/srcdir/usr/share/julia/stdlib/v1.6/Test/src/Test.jl:1144 [inlined]
   [15] macro expansion
      @ ~/.julia/packages/CSV/MKemC/test/runtests.jl:17 [inlined]
   [16] macro expansion
      @ /workspace/srcdir/usr/share/julia/stdlib/v1.6/Test/src/Test.jl:1144 [inlined]
   [17] top-level scope
      @ ~/.julia/packages/CSV/MKemC/test/runtests.jl:15
   [18] include(fname::String)
      @ Base.MainInclude ./client.jl:444
   [19] top-level scope
      @ none:6
   [20] eval(m::Module, e::Any)
      @ Core ./boot.jl:360
   [21] exec_options(opts::Base.JLOptions)
      @ Base ./client.jl:261
   [22] _start()
      @ Base ./client.jl:485
  in expression starting at /home/pkgeval/.julia/packages/CSV/MKemC/test/testfiles.jl:655
CSV.write: Error During Test at /home/pkgeval/.julia/packages/CSV/MKemC/test/write.jl:22
  Got exception outside of a @test
  MethodError: no method matching typesubtract(::Type{Union{}}, ::Type{Int64})
  Closest candidates are:
    typesubtract(::Any, ::Any, !Matched::Int64) at compiler/typeutils.jl:66
  Stacktrace:
    [1] ts(T::Type, S::Type)
      @ CSV ~/.julia/packages/CSV/MKemC/src/utils.jl:214
    [2] nonstandardtype(T::Type)
      @ CSV ~/.julia/packages/CSV/MKemC/src/utils.jl:217
    [3] (::CSV.var"#17#23")(T::Type)
      @ CSV ./none:0
    [4] iterate(::Base.Iterators.Filter{CSV.var"#17#23", Vector{Type}})
      @ Base.Iterators ./iterators.jl:451
    [5] iterate
      @ ./generator.jl:44 [inlined]
    [6] Header
      @ ~/.julia/packages/CSV/MKemC/src/header.jl:232 [inlined]
    [7] CSV.File(source::IOBuffer; header::Int64, normalizenames::Bool, datarow::Int64, skipto::Nothing, footerskip::Int64, transpose::Bool, comment::Nothing, use_mmap::Nothing, ignoreemptylines::Bool, select::Nothing, drop::Nothing, missingstrings::Vector{String}, missingstring::String, delim::Char, ignorerepeated::Bool, quotechar::Char, openquotechar::Nothing, closequotechar::Nothing, escapechar::Char, dateformat::Nothing, dateformats::Nothing, decimal::UInt8, truestrings::Vector{String}, falsestrings::Vector{String}, type::Nothing, types::Nothing, typemap::Dict{Type, Type}, categorical::Nothing, pool::Float64, lazystrings::Bool, strict::Bool, silencewarnings::Bool, debug::Bool, parsingdebug::Bool, kw::Base.Iterators.Pairs{Union{}, Union{}, Tuple{}, NamedTuple{(), Tuple{}}})
      @ CSV ~/.julia/packages/CSV/MKemC/src/file.jl:216
    [8] macro expansion
      @ ~/.julia/packages/CSV/MKemC/test/write.jl:277 [inlined]
    [9] macro expansion
      @ /workspace/srcdir/usr/share/julia/stdlib/v1.6/Test/src/Test.jl:1144 [inlined]
   [10] top-level scope
      @ ~/.julia/packages/CSV/MKemC/test/write.jl:24
   [11] include(fname::String)
      @ Base.MainInclude ./client.jl:444
   [12] macro expansion
      @ ~/.julia/packages/CSV/MKemC/test/runtests.jl:23 [inlined]
   [13] macro expansion
      @ /workspace/srcdir/usr/share/julia/stdlib/v1.6/Test/src/Test.jl:1144 [inlined]
   [14] top-level scope
      @ ~/.julia/packages/CSV/MKemC/test/runtests.jl:15
   [15] include(fname::String)
      @ Base.MainInclude ./client.jl:444
   [16] top-level scope
      @ none:6
   [17] eval(m::Module, e::Any)
      @ Core ./boot.jl:360
   [18] exec_options(opts::Base.JLOptions)
      @ Base ./client.jl:261
   [19] _start()
      @ Base ./client.jl:485
CategoricalArray levels (including ordering): Error During Test at /home/pkgeval/.julia/packages/CSV/MKemC/test/runtests.jl:25
  Got exception outside of a @test
  MethodError: no method matching typesubtract(::Type{CategoricalValue{String, UInt32}}, ::Type{Int64})
  Closest candidates are:
    typesubtract(::Any, ::Any, !Matched::Int64) at compiler/typeutils.jl:66
  Stacktrace:
    [1] ts(T::Type, S::Type)
      @ CSV ~/.julia/packages/CSV/MKemC/src/utils.jl:214
    [2] nonstandardtype(T::Type)
      @ CSV ~/.julia/packages/CSV/MKemC/src/utils.jl:217
    [3] (::CSV.var"#17#23")(T::Type)
      @ CSV ./none:0
    [4] iterate(::Base.Iterators.Filter{CSV.var"#17#23", Vector{Type}})
      @ Base.Iterators ./iterators.jl:451
    [5] iterate
      @ ./generator.jl:44 [inlined]
    [6] Header
      @ ~/.julia/packages/CSV/MKemC/src/header.jl:232 [inlined]
    [7] CSV.File(source::IOBuffer; header::Int64, normalizenames::Bool, datarow::Int64, skipto::Nothing, footerskip::Int64, transpose::Bool, comment::Nothing, use_mmap::Nothing, ignoreemptylines::Bool, select::Nothing, drop::Nothing, missingstrings::Vector{String}, missingstring::String, delim::Nothing, ignorerepeated::Bool, quotechar::Char, openquotechar::Nothing, closequotechar::Nothing, escapechar::Char, dateformat::Nothing, dateformats::Nothing, decimal::UInt8, truestrings::Vector{String}, falsestrings::Vector{String}, type::Nothing, types::Vector{DataType}, typemap::Dict{Type, Type}, categorical::Nothing, pool::Float64, lazystrings::Bool, strict::Bool, silencewarnings::Bool, debug::Bool, parsingdebug::Bool, kw::Base.Iterators.Pairs{Union{}, Union{}, Tuple{}, NamedTuple{(), Tuple{}}})
      @ CSV ~/.julia/packages/CSV/MKemC/src/file.jl:216
    [8] macro expansion
      @ ~/.julia/packages/CSV/MKemC/test/runtests.jl:26 [inlined]
    [9] macro expansion
      @ /workspace/srcdir/usr/share/julia/stdlib/v1.6/Test/src/Test.jl:1144 [inlined]
   [10] macro expansion
      @ ~/.julia/packages/CSV/MKemC/test/runtests.jl:26 [inlined]
   [11] macro expansion
      @ /workspace/srcdir/usr/share/julia/stdlib/v1.6/Test/src/Test.jl:1144 [inlined]
   [12] top-level scope
      @ ~/.julia/packages/CSV/MKemC/test/runtests.jl:15
   [13] include(fname::String)
      @ Base.MainInclude ./client.jl:444
   [14] top-level scope
      @ none:6
   [15] eval(m::Module, e::Any)
      @ Core ./boot.jl:360
   [16] exec_options(opts::Base.JLOptions)
      @ Base ./client.jl:261
   [17] _start()
      @ Base ./client.jl:485
PooledArrays: Error During Test at /home/pkgeval/.julia/packages/CSV/MKemC/test/runtests.jl:44
  Got exception outside of a @test
  MethodError: no method matching typesubtract(::Type{Union{}}, ::Type{Int64})
  Closest candidates are:
    typesubtract(::Any, ::Any, !Matched::Int64) at compiler/typeutils.jl:66
  Stacktrace:
    [1] ts(T::Type, S::Type)
      @ CSV ~/.julia/packages/CSV/MKemC/src/utils.jl:214
    [2] nonstandardtype(T::Type)
      @ CSV ~/.julia/packages/CSV/MKemC/src/utils.jl:217
    [3] (::CSV.var"#17#23")(T::Type)
      @ CSV ./none:0
    [4] iterate(::Base.Iterators.Filter{CSV.var"#17#23", Vector{Type}})
      @ Base.Iterators ./iterators.jl:451
    [5] iterate
      @ ./generator.jl:44 [inlined]
    [6] Header
      @ ~/.julia/packages/CSV/MKemC/src/header.jl:232 [inlined]
    [7] CSV.File(source::IOBuffer; header::Int64, normalizenames::Bool, datarow::Int64, skipto::Nothing, footerskip::Int64, transpose::Bool, comment::Nothing, use_mmap::Nothing, ignoreemptylines::Bool, select::Nothing, drop::Nothing, missingstrings::Vector{String}, missingstring::String, delim::Nothing, ignorerepeated::Bool, quotechar::Char, openquotechar::Nothing, closequotechar::Nothing, escapechar::Char, dateformat::Nothing, dateformats::Nothing, decimal::UInt8, truestrings::Vector{String}, falsestrings::Vector{String}, type::Nothing, types::Nothing, typemap::Dict{Type, Type}, categorical::Nothing, pool::Bool, lazystrings::Bool, strict::Bool, silencewarnings::Bool, debug::Bool, parsingdebug::Bool, kw::Base.Iterators.Pairs{Union{}, Union{}, Tuple{}, NamedTuple{(), Tuple{}}})
      @ CSV ~/.julia/packages/CSV/MKemC/src/file.jl:216
    [8] macro expansion
      @ ~/.julia/packages/CSV/MKemC/test/runtests.jl:46 [inlined]
    [9] macro expansion
      @ /workspace/srcdir/usr/share/julia/stdlib/v1.6/Test/src/Test.jl:1144 [inlined]
   [10] macro expansion
      @ ~/.julia/packages/CSV/MKemC/test/runtests.jl:46 [inlined]
   [11] macro expansion
      @ /workspace/srcdir/usr/share/julia/stdlib/v1.6/Test/src/Test.jl:1144 [inlined]
   [12] top-level scope
      @ ~/.julia/packages/CSV/MKemC/test/runtests.jl:15
   [13] include(fname::String)
      @ Base.MainInclude ./client.jl:444
   [14] top-level scope
      @ none:6
   [15] eval(m::Module, e::Any)
      @ Core ./boot.jl:360
   [16] exec_options(opts::Base.JLOptions)
      @ Base ./client.jl:261
   [17] _start()
      @ Base ./client.jl:485
CSV.Rows: Error During Test at /home/pkgeval/.julia/packages/CSV/MKemC/test/runtests.jl:103
  Got exception outside of a @test
  MethodError: no method matching typesubtract(::Type{Union{Missing, String}}, ::Type{Int64})
  Closest candidates are:
    typesubtract(::Any, ::Any, !Matched::Int64) at compiler/typeutils.jl:66
  Stacktrace:
    [1] ts(T::Type, S::Type)
      @ CSV ~/.julia/packages/CSV/MKemC/src/utils.jl:214
    [2] nonstandardtype(T::Type)
      @ CSV ~/.julia/packages/CSV/MKemC/src/utils.jl:217
    [3] (::CSV.var"#17#23")(T::Type)
      @ CSV ./none:0
    [4] iterate(::Base.Iterators.Filter{CSV.var"#17#23", Vector{Type}})
      @ Base.Iterators ./iterators.jl:451
    [5] iterate
      @ ./generator.jl:44 [inlined]
    [6] Header
      @ ~/.julia/packages/CSV/MKemC/src/header.jl:232 [inlined]
    [7] CSV.Rows(source::IOBuffer; header::Int64, normalizenames::Bool, datarow::Int64, skipto::Nothing, footerskip::Int64, limit::Int64, transpose::Bool, comment::Nothing, use_mmap::Nothing, ignoreemptylines::Bool, select::Nothing, drop::Nothing, missingstrings::Vector{String}, missingstring::String, delim::Nothing, ignorerepeated::Bool, quotechar::Char, openquotechar::Nothing, closequotechar::Nothing, escapechar::Char, dateformat::Nothing, dateformats::Nothing, decimal::UInt8, truestrings::Vector{String}, falsestrings::Vector{String}, type::Nothing, types::Nothing, typemap::Dict{Type, Type}, categorical::Nothing, pool::Float64, lazystrings::Bool, strict::Bool, silencewarnings::Bool, debug::Bool, parsingdebug::Bool, reusebuffer::Bool, kw::Base.Iterators.Pairs{Union{}, Union{}, Tuple{}, NamedTuple{(), Tuple{}}})
      @ CSV ~/.julia/packages/CSV/MKemC/src/rows.jl:142
    [8] CSV.Rows(source::IOBuffer)
      @ CSV ~/.julia/packages/CSV/MKemC/src/rows.jl:142
    [9] macro expansion
      @ ~/.julia/packages/CSV/MKemC/test/runtests.jl:105 [inlined]
   [10] macro expansion
      @ /workspace/srcdir/usr/share/julia/stdlib/v1.6/Test/src/Test.jl:1144 [inlined]
   [11] macro expansion
      @ ~/.julia/packages/CSV/MKemC/test/runtests.jl:105 [inlined]
   [12] macro expansion
      @ /workspace/srcdir/usr/share/julia/stdlib/v1.6/Test/src/Test.jl:1144 [inlined]
   [13] top-level scope
      @ ~/.julia/packages/CSV/MKemC/test/runtests.jl:15
   [14] include(fname::String)
      @ Base.MainInclude ./client.jl:444
   [15] top-level scope
      @ none:6
   [16] eval(m::Module, e::Any)
      @ Core ./boot.jl:360
   [17] exec_options(opts::Base.JLOptions)
      @ Base ./client.jl:261
   [18] _start()
      @ Base ./client.jl:485
CSV.File with select/drop: Error During Test at /home/pkgeval/.julia/packages/CSV/MKemC/test/runtests.jl:221
  Got exception outside of a @test
  MethodError: no method matching typesubtract(::Type{Union{}}, ::Type{Int64})
  Closest candidates are:
    typesubtract(::Any, ::Any, !Matched::Int64) at compiler/typeutils.jl:66
  Stacktrace:
    [1] ts(T::Type, S::Type)
      @ CSV ~/.julia/packages/CSV/MKemC/src/utils.jl:214
    [2] nonstandardtype(T::Type)
      @ CSV ~/.julia/packages/CSV/MKemC/src/utils.jl:217
    [3] (::CSV.var"#17#23")(T::Type)
      @ CSV ./none:0
    [4] iterate(::Base.Iterators.Filter{CSV.var"#17#23", Vector{Type}})
      @ Base.Iterators ./iterators.jl:451
    [5] iterate
      @ ./generator.jl:44 [inlined]
    [6] Header
      @ ~/.julia/packages/CSV/MKemC/src/header.jl:232 [inlined]
    [7] CSV.File(source::IOBuffer; header::Int64, normalizenames::Bool, datarow::Int64, skipto::Nothing, footerskip::Int64, transpose::Bool, comment::Nothing, use_mmap::Nothing, ignoreemptylines::Bool, select::Vector{Int64}, drop::Nothing, missingstrings::Vector{String}, missingstring::String, delim::Nothing, ignorerepeated::Bool, quotechar::Char, openquotechar::Nothing, closequotechar::Nothing, escapechar::Char, dateformat::Nothing, dateformats::Nothing, decimal::UInt8, truestrings::Vector{String}, falsestrings::Vector{String}, type::Nothing, types::Nothing, typemap::Dict{Type, Type}, categorical::Nothing, pool::Float64, lazystrings::Bool, strict::Bool, silencewarnings::Bool, debug::Bool, parsingdebug::Bool, kw::Base.Iterators.Pairs{Union{}, Union{}, Tuple{}, NamedTuple{(), Tuple{}}})
      @ CSV ~/.julia/packages/CSV/MKemC/src/file.jl:216
    [8] macro expansion
      @ ~/.julia/packages/CSV/MKemC/test/runtests.jl:229 [inlined]
    [9] macro expansion
      @ /workspace/srcdir/usr/share/julia/stdlib/v1.6/Test/src/Test.jl:1144 [inlined]
   [10] macro expansion
      @ ~/.julia/packages/CSV/MKemC/test/runtests.jl:223 [inlined]
   [11] macro expansion
      @ /workspace/srcdir/usr/share/julia/stdlib/v1.6/Test/src/Test.jl:1144 [inlined]
   [12] top-level scope
      @ ~/.julia/packages/CSV/MKemC/test/runtests.jl:15
   [13] include(fname::String)
      @ Base.MainInclude ./client.jl:444
   [14] top-level scope
      @ none:6
   [15] eval(m::Module, e::Any)
      @ Core ./boot.jl:360
   [16] exec_options(opts::Base.JLOptions)
      @ Base ./client.jl:261
   [17] _start()
      @ Base ./client.jl:485
Test Summary:                                  | Pass  Fail  Error  Total
CSV                                            |  101     2      7    110
  CSV.File                                     |    3     2      2      7
    CSV.File basics                            |    3     2      1      6
  CSV.write                                    |   77            1     78
  CategoricalArray levels (including ordering) |                 1      1
  PooledArrays                                 |                 1      1
  LazyStringVector                             |    7                   7
  CSV.Rows                                     |                 1      1
  CSV.detect                                   |    8                   8
  CSV.findrowstarts!                           |    4                   4
  CSV.promote_typecode                         |    2                   2
  CSV.File with select/drop                    |                 1      1
ERROR: LoadError: Some tests did not pass: 101 passed, 2 failed, 7 errored, 0 broken.
in expression starting at /home/pkgeval/.julia/packages/CSV/MKemC/test/runtests.jl:13
     Testing DataFrames
Status `/tmp/jl_chy15X/Project.toml`
  [324d7699] CategoricalArrays v0.8.3
  [34da2185] Compat v3.22.0
  [9a962f9c] DataAPI v1.3.0
  [a93c6f00] DataFrames v0.21.8
  [864edb3b] DataStructures v0.18.8
  [e7dc6d0d] DataValues v0.4.13
  [41ab1584] InvertedIndices v1.0.0
  [82899510] IteratorInterfaceExtensions v1.0.0
  [e1d29d7a] Missings v0.4.4
  [2dfb63ee] PooledArrays v0.5.3
  [189a3867] Reexport v0.2.0
  [a2af1166] SortingAlgorithms v0.3.1
  [3783bdb8] TableTraits v1.0.0
  [bd369af6] Tables v1.1.0
  [ade2ca70] Dates
  [9fa8497b] Future
  [56ddb016] Logging
  [de0858da] Printf
  [3fa0cd96] REPL
  [9a3f8284] Random
  [10745b16] Statistics
  [8dfed614] Test
  [4ec0a83e] Unicode
Status `/tmp/jl_chy15X/Manifest.toml`
  [324d7699] CategoricalArrays v0.8.3
  [34da2185] Compat v3.22.0
  [9a962f9c] DataAPI v1.3.0
  [a93c6f00] DataFrames v0.21.8
  [864edb3b] DataStructures v0.18.8
  [e2d170a0] DataValueInterfaces v1.0.0
  [e7dc6d0d] DataValues v0.4.13
  [41ab1584] InvertedIndices v1.0.0
  [82899510] IteratorInterfaceExtensions v1.0.0
  [682c06a0] JSON v0.21.1
  [e1d29d7a] Missings v0.4.4
  [bac558e1] OrderedCollections v1.3.1
  [69de0a69] Parsers v1.0.11
  [2dfb63ee] PooledArrays v0.5.3
  [189a3867] Reexport v0.2.0
  [a2af1166] SortingAlgorithms v0.3.1
  [856f2bd8] StructTypes v1.1.0
  [3783bdb8] TableTraits v1.0.0
  [bd369af6] Tables v1.1.0
  [0dad84c5] ArgTools
  [56f22d72] Artifacts
  [2a0f44e3] Base64
  [ade2ca70] Dates
  [8bb1440f] DelimitedFiles
  [8ba89e20] Distributed
  [f43a241f] Downloads
  [9fa8497b] Future
  [b77e0a4c] InteractiveUtils
  [b27032c2] LibCURL
  [76f85450] LibGit2
  [8f399da3] Libdl
  [37e2e46d] LinearAlgebra
  [56ddb016] Logging
  [d6f4376e] Markdown
  [a63ad114] Mmap
  [44cfe95a] Pkg
  [de0858da] Printf
  [3fa0cd96] REPL
  [9a3f8284] Random
  [ea8e919c] SHA
  [9e88b42a] Serialization
  [1a1011a3] SharedArrays
  [6462fe0b] Sockets
  [2f01184e] SparseArrays
  [10745b16] Statistics
  [fa267f1f] TOML
  [8dfed614] Test
  [cf7118a7] UUIDs
  [4ec0a83e] Unicode
  [deac9b47] LibCURL_jll
  [14a3606d] MozillaCACerts_jll
     Testing Running tests...
Running tests:
Test Summary: | Pass  Total
make_unique   |    3      3
Test Summary: | Pass  Total
repeat count  |    5      5
Test Summary:      | Pass  Total
repeat inner_outer |    8      8
Test Summary: | Pass  Total
repeat! count |    8      8
Test Summary:       | Pass  Total
repeat! inner_outer |   11     11
	[1m[32mPASSED[0m: utils.jl
Test Summary: | Pass  Total
hcat          |   10     10
Test Summary: | Pass  Total
hcat: copying |   26     26
Test Summary:            | Pass  Total
hcat ::AbstractDataFrame |    2      2
Test Summary:            | Pass  Total
hcat ::AbstractDataFrame |    2      2
Test Summary:          | Pass  Total
hcat ::AbstractVectors |   11     11
Test Summary:  | Pass  Total
hcat: copycols |   76     76
Test Summary: | Pass  Total
vcat          |   21     21
Test Summary: | Pass  Total
vcat copy     |    2      2
Test Summary: | Pass  Total
vcat >2 args  |    4      4
Test Summary:       | Pass  Total
vcat mixed coltypes |   18     18
Test Summary:     | Pass  Total
vcat out of order |   19     19
Test Summary:         | Pass  Total
vcat with cols=:union |    6      6
Test Summary:             | Pass  Total
vcat with cols=:intersect |    6      6
Test Summary:          | Pass  Total
vcat with cols::Vector |   30     30
Test Summary:          | Pass  Total
vcat thrown exceptions |   32     32
Test Summary:  | Pass  Total
vcat with view |    1      1
	[1m[32mPASSED[0m: cat.jl
Test Summary: | Pass  Total
constructors  |   40     40
Test Summary:                 | Pass  Total
completecases and dropmissing |  236    236
Test Summary: | Pass  Total
merge         |   17     17
Test Summary: | Pass  Total
join tests    |    3      3
Test Summary:                                     | Pass  Total
nonunique, nonunique, unique! with extra argument |   41     41
Test Summary:          | Pass  Total
filter() and filter!() |   44     44
Test Summary:                   | Pass  Total
filter and filter! with AsTable |    8      8
Test Summary:   | Pass  Total
names with cols |   20     20
	[1m[32mPASSED[0m: data.jl
Test Summary:  | Pass  Total
Index indexing |   56     56
Test Summary: | Pass  Total
rename!       |   19     19
Test Summary: | Pass  Total
SubIndex      |   74     74
Test Summary:     | Pass  Total
selector mutation |   16     16
Test Summary:  | Pass  Total
fuzzy matching |   12     12
Test Summary:  | Pass  Total
Regex indexing |   46     46
Test Summary: | Pass  Total
Not indexing  |   36     36
Test Summary:    | Pass  Total
Between indexing |   36     36
Test Summary: | Pass  Total
All indexing  |   41     41
Test Summary: | Pass  Total
views         |   11     11
	[1m[32mPASSED[0m: index.jl
Test Summary:                |  Pass  Total
randomized tests for rename! | 14295  14295
Test Summary:            | Pass  Total
additional rename! tests | 6609   6609
Test Summary:              | Pass  Total
rename with integer source |   29     29
Test Summary: | Pass  Total
equality      |    9      9
Test Summary: | Pass  Total
copying       |    9      9
Test Summary:      | Pass  Total
similar / missings |    2      2
Test Summary: | Pass  Total
hasproperty   |    5      5
â”Œ Warning: inserting colums using a keyword argument is deprecated, use `insertcols!(df, col_ind, :a => 1, makeunique=false)` instead. 
â”‚   caller = ip:0x0
â”” @ Core :-1
Test Summary: | Pass  Total
insertcols!   |   87     87
Test Summary:          | Pass  Total
DataFrame constructors |   19     19
Test Summary:  | Pass  Total
push!(df, row) |   69     69
Test Summary: | Pass  Total
delete!       |   44     44
Test Summary: | Pass  Total
describe      |   10     10
Test Summary: | Pass  Total
append!       |   35     35
Test Summary:           | Pass  Total
append! default options |   11     11
Test Summary:            | Pass  Total
append! advanced options |  174    174
Test Summary:               | Pass  Total
new append! and push! tests |   30     30
Test Summary:     | Pass  Total
test categorical! |   14     14
Test Summary: | Pass  Total
categorical!  |   11     11
Test Summary: | Pass  Total
rename        |   47     47
Test Summary:             | Pass  Total
flexible rename arguments |   30     30
Test Summary: | Pass  Total
size          |    5      5
Test Summary: | Pass  Total
description   |    8      8
Test Summary:      | Pass  Total
column conversions |  172    172
Test Summary:        | Pass  Total
test disallowmissing |  730    730
Test Summary:     | Pass  Total
test allowmissing |  360    360
Test Summary:    | Pass  Total
test categorical |  496    496
Test Summary: | Pass  Total
similar       |    8      8
Test Summary:                | Pass  Total
passing range to a DataFrame |    1      1
Test Summary:                | Pass  Total
test getindex using ! syntax |   15     15
Test Summary:                | Pass  Total
test corner case of getindex |    2      2
Test Summary:             | Pass  Total
empty data frame getindex |    9      9
Test Summary:               | Pass  Total
handling of end in indexing |   22     22
Test Summary:        | Pass  Total
aliasing in indexing |    5      5
Test Summary:                               | Pass  Total
getproperty, setproperty! and propertynames |   10     10
Test Summary:          | Pass  Total
duplicate column names |    1      1
Test Summary:         | Pass  Total
parent, size and axes |   11     11
Test Summary:                | Pass  Total
0-row DataFrame corner cases |    4      4
Test Summary:         |
And and Between tests | No tests
Test Summary:                   | Pass  Total
vcat and push! with :orderequal |   14     14
Test Summary:      | Pass  Total
push! with :subset |   18     18
Test Summary:         | Pass  Total
push! with :intersect |   12     12
Test Summary:              | Pass  Total
push!(df, row) with :union |   56     56
Test Summary:                       | Pass  Total
push!(df, row) with promote options |   22     22
	[1m[32mPASSED[0m: dataframe.jl
Test Summary: | Pass  Total
select! Not   |   13     13
Test Summary: | Pass  Total
select Not    |   58     58
Test Summary:              | Pass  Total
select Not on SubDataFrame |   70     70
Test Summary: | Pass  Total
select!       |   35     35
Test Summary: | Pass  Total
select        |   66     66
Test Summary:          | Pass  Total
select on SubDataFrame |   78     78
Test Summary:          | Pass  Total
select! on all columns |   21     21
Test Summary:                                     | Pass  Total
select and select! with multiple selectors passed |   11     11
Test Summary:               | Pass  Total
select and select! renaming |   23     23
Test Summary:                          | Pass  Total
select and select! many columns naming |   24     24
Test Summary:                                | Pass  Total
select and select! many different transforms |   25     25
Test Summary:  | Pass  Total
nrow in select |   24     24
Test Summary:                             | Pass  Total
select and select! reserved return values |   28     28
Test Summary:                      | Pass  Total
select and select! empty selection |   16     16
Test Summary:            | Pass  Total
wrong selection patterns |    4      4
Test Summary:                 | Pass  Total
select and select! duplicates |   15     15
Test Summary:          | Pass  Total
SubDataFrame selection |   17     17
Test Summary:       | Pass  Total
pseudo-broadcasting |  152    152
Test Summary:          | Pass  Total
copycols special cases |   11     11
Test Summary: | Pass  Total
empty select  |    5      5
Test Summary:            | Pass  Total
transform and transform! |   30     30
Test Summary:    | Pass  Total
vectors of pairs |   18     18
AsTable tests: Test Failed at /home/pkgeval/.julia/packages/DataFrames/GtZ1l/test/select.jl:1109
  Expression: select(df, AsTable(:) => sum âˆ˜ sum) == repeat(DataFrame(a_b_c_function = 45), nrow(df))
   Evaluated: 3Ã—1 DataFrame
â”‚ Row â”‚ a_b_c_ComposedFunction â”‚
â”‚     â”‚ Int64                  â”‚
â”œâ”€â”€â”€â”€â”€â”¼â”€â”€â”€â”€â”€â”€â”€â”€â”€â”€â”€â”€â”€â”€â”€â”€â”€â”€â”€â”€â”€â”€â”€â”€â”¤
â”‚ 1   â”‚ 45                     â”‚
â”‚ 2   â”‚ 45                     â”‚
â”‚ 3   â”‚ 45                     â”‚ == 3Ã—1 DataFrame
â”‚ Row â”‚ a_b_c_function â”‚
â”‚     â”‚ Int64          â”‚
â”œâ”€â”€â”€â”€â”€â”¼â”€â”€â”€â”€â”€â”€â”€â”€â”€â”€â”€â”€â”€â”€â”€â”€â”¤
â”‚ 1   â”‚ 45             â”‚
â”‚ 2   â”‚ 45             â”‚
â”‚ 3   â”‚ 45             â”‚
Stacktrace:
 [1] macro expansion
   @ ~/.julia/packages/DataFrames/GtZ1l/test/select.jl:1109 [inlined]
 [2] macro expansion
   @ /workspace/srcdir/usr/share/julia/stdlib/v1.6/Test/src/Test.jl:1144 [inlined]
 [3] top-level scope
   @ ~/.julia/packages/DataFrames/GtZ1l/test/select.jl:1104
AsTable tests: Test Failed at /home/pkgeval/.julia/packages/DataFrames/GtZ1l/test/select.jl:1111
  Expression: combine(df, AsTable(:) => sum âˆ˜ sum) == DataFrame(a_b_c_function = 45)
   Evaluated: 1Ã—1 DataFrame
â”‚ Row â”‚ a_b_c_ComposedFunction â”‚
â”‚     â”‚ Int64                  â”‚
â”œâ”€â”€â”€â”€â”€â”¼â”€â”€â”€â”€â”€â”€â”€â”€â”€â”€â”€â”€â”€â”€â”€â”€â”€â”€â”€â”€â”€â”€â”€â”€â”¤
â”‚ 1   â”‚ 45                     â”‚ == 1Ã—1 DataFrame
â”‚ Row â”‚ a_b_c_function â”‚
â”‚     â”‚ Int64          â”‚
â”œâ”€â”€â”€â”€â”€â”¼â”€â”€â”€â”€â”€â”€â”€â”€â”€â”€â”€â”€â”€â”€â”€â”€â”¤
â”‚ 1   â”‚ 45             â”‚
Stacktrace:
 [1] macro expansion
   @ ~/.julia/packages/DataFrames/GtZ1l/test/select.jl:1111 [inlined]
 [2] macro expansion
   @ /workspace/srcdir/usr/share/julia/stdlib/v1.6/Test/src/Test.jl:1144 [inlined]
 [3] top-level scope
   @ ~/.julia/packages/DataFrames/GtZ1l/test/select.jl:1104
AsTable tests: Test Failed at /home/pkgeval/.julia/packages/DataFrames/GtZ1l/test/select.jl:1113
  Expression: transform(df, AsTable(:) => sum âˆ˜ sum) == DataFrame(a = 1:3, b = 4:6, c = 7:9, a_b_c_function = 45)
   Evaluated: 3Ã—4 DataFrame
â”‚ Row â”‚ a     â”‚ b     â”‚ c     â”‚ a_b_c_ComposedFunction â”‚
â”‚     â”‚ Int64 â”‚ Int64 â”‚ Int64 â”‚ Int64                  â”‚
â”œâ”€â”€â”€â”€â”€â”¼â”€â”€â”€â”€â”€â”€â”€â”¼â”€â”€â”€â”€â”€â”€â”€â”¼â”€â”€â”€â”€â”€â”€â”€â”¼â”€â”€â”€â”€â”€â”€â”€â”€â”€â”€â”€â”€â”€â”€â”€â”€â”€â”€â”€â”€â”€â”€â”€â”€â”¤
â”‚ 1   â”‚ 1     â”‚ 4     â”‚ 7     â”‚ 45                     â”‚
â”‚ 2   â”‚ 2     â”‚ 5     â”‚ 8     â”‚ 45                     â”‚
â”‚ 3   â”‚ 3     â”‚ 6     â”‚ 9     â”‚ 45                     â”‚ == 3Ã—4 DataFrame
â”‚ Row â”‚ a     â”‚ b     â”‚ c     â”‚ a_b_c_function â”‚
â”‚     â”‚ Int64 â”‚ Int64 â”‚ Int64 â”‚ Int64          â”‚
â”œâ”€â”€â”€â”€â”€â”¼â”€â”€â”€â”€â”€â”€â”€â”¼â”€â”€â”€â”€â”€â”€â”€â”¼â”€â”€â”€â”€â”€â”€â”€â”¼â”€â”€â”€â”€â”€â”€â”€â”€â”€â”€â”€â”€â”€â”€â”€â”€â”¤
â”‚ 1   â”‚ 1     â”‚ 4     â”‚ 7     â”‚ 45             â”‚
â”‚ 2   â”‚ 2     â”‚ 5     â”‚ 8     â”‚ 45             â”‚
â”‚ 3   â”‚ 3     â”‚ 6     â”‚ 9     â”‚ 45             â”‚
Stacktrace:
 [1] macro expansion
   @ ~/.julia/packages/DataFrames/GtZ1l/test/select.jl:1113 [inlined]
 [2] macro expansion
   @ /workspace/srcdir/usr/share/julia/stdlib/v1.6/Test/src/Test.jl:1144 [inlined]
 [3] top-level scope
   @ ~/.julia/packages/DataFrames/GtZ1l/test/select.jl:1104
Test Summary: | Pass  Fail  Total
AsTable tests |   11     3     14
	[1m[31mFAILED[0m: select.jl
LoadError: Some tests did not pass: 11 passed, 3 failed, 0 errored, 0 broken.
in expression starting at /home/pkgeval/.julia/packages/DataFrames/GtZ1l/test/select.jl:1
Test Summary:         | Pass  Total
the output of unstack |   27     27
Test Summary:                               | Pass  Total
unstack promotion to support missing values |    8      8
Test Summary:                         | Pass  Total
duplicate entries in unstack warnings |    9      9
Test Summary:            | Pass  Total
missing values in colkey |    6      6
Test Summary:             | Pass  Total
stack-unstack correctness |    4      4
Test Summary: | Pass  Total
reshape       |   78     78
Test Summary:           | Pass  Total
column names duplicates |    5      5
Test Summary:         | Pass  Total
flatten single column |   13     13
Test Summary:            | Pass  Total
flatten multiple columns |   12     12
Test Summary:                       | Pass  Total
test RepeatedVector for categorical |    6      6
Test Summary:          | Pass  Total
stack categorical test |   31     31
Test Summary:     | Pass  Total
test stack eltype |    8      8
	[1m[32mPASSED[0m: reshape.jl
Test Summary: | Pass  Total
constructors  |   28     28
Test Summary:          | Pass  Total
getindex and setindex! |   53     53
Test Summary: | Pass  Total
equality      |   17     17
Test Summary: | Pass  Total
isless        |   13     13
Test Summary: | Pass  Total
hashing       |    6      6
Test Summary: | Pass  Total
grouping      |    6      6
Test Summary:                               | Pass  Total
getproperty, setproperty! and propertynames |    6      6
Test Summary:                    | Pass  Total
keys, values and iteration, size |   31     31
Test Summary:           | Pass  Total
convert, copy and merge |   24     24
Test Summary:            | Pass  Total
parent and parentindices |   34     34
Test Summary:         | Pass  Total
iteration and collect |   10     10
Test Summary:    | Pass  Total
duplicate column |    2      2
Test Summary:        | Pass  Total
conversion and push! |   15     15
Test Summary: | Pass  Total
show          |   11     11
Test Summary:     | Pass  Total
check Vector type |    1      1
Test Summary: | Pass  Total
DataFrameRow  |    2      2
	[1m[32mPASSED[0m: dataframerow.jl
Test Summary: | Pass  Total
LaTeX export  |    4      4
Test Summary:     | Pass  Total
Huge LaTeX export |    2      2
Test Summary: | Pass  Total
HTML output   |   10     10
Test Summary:   | Pass  Total
limit attribute |    2      2
Test Summary: | Pass  Total
printtable    |    1      1
Test Summary:  | Pass  Total
csv/tsv output |    6      6
Test Summary:                     | Pass  Total
empty data frame and DataFrameRow |   12     12
Test Summary: | Pass  Total
consistency   |    8      8
Test Summary: | Pass  Total
summary tests |   16     16
Test Summary: | Pass  Total
eltypes tests |   18     18
Test Summary:                      | Pass  Total
improved printing of special types |    8      8
	[1m[32mPASSED[0m: io.jl
Test Summary: | Pass  Total
constructors  |   72     72
Test Summary:                          | Pass  Total
DataFrame keyword argument constructor |   22     22
Test Summary:         | Pass  Total
DataFrame constructor |   21     21
Test Summary:    | Pass  Total
pair constructor |   22     22
Test Summary: | Pass  Total
associative   |   18     18
Test Summary:       | Pass  Total
vector constructors |   91     91
Test Summary: | Pass  Total
recyclers     |    4      4
Test Summary:                 | Pass  Total
constructor thrown exceptions |   17     17
Test Summary: | Pass  Total
column types  |    3      3
Test Summary:      | Pass  Total
Matrix constructor |    4      4
Test Summary:          | Pass  Total
constructor with types |   33     33
Test Summary:                             | Pass  Total
expansion of Ref and 0-dimensional arrays |    2      2
Test Summary:            | Pass  Total
broadcasting into 0 rows |    6      6
	[1m[32mPASSED[0m: constructors.jl
Test Summary:    | Pass  Total
Conversion tests |   72     72
	[1m[32mPASSED[0m: conversions.jl
Test Summary:  | Pass  Total
standard tests |  189    189
Test Summary:          | Pass  Total
non standard selectors |    4      4
	[1m[32mPASSED[0m: sort.jl
Test Summary: | Pass  Total
parent        |    3      3
Test Summary: | Pass  Total
consistency   |    2      2
Test Summary:    | Pass  Total
accepted columns |    8      8
Test Summary:                                       | Pass  Total
groupby and combine(::Function, ::GroupedDataFrame) | 1160   1160
Test Summary:          | Pass  Total
grouping with missings | 1372   1372
Test Summary:            | Pass  Total
grouping with three keys | 2906   2906
Test Summary:                 | Pass  Total
grouping with hash collisions |    2      2
Test Summary:               | Pass  Total
combine with pair interface |  141    141
Test Summary:                                                                     | Pass  Total
combine with aggregation functions (skipmissing=false, sort=false, indices=false) |  370    370
Test Summary:                                                                    | Pass  Total
combine with aggregation functions (skipmissing=false, sort=false, indices=true) |  471    471
Test Summary:                                                                    | Pass  Total
combine with aggregation functions (skipmissing=false, sort=true, indices=false) |  370    370
Test Summary:                                                                   | Pass  Total
combine with aggregation functions (skipmissing=false, sort=true, indices=true) |  471    471
Test Summary:                                                                    | Pass  Total
combine with aggregation functions (skipmissing=true, sort=false, indices=false) |  370    370
Test Summary:                                                                   | Pass  Total
combine with aggregation functions (skipmissing=true, sort=false, indices=true) |  471    471
Test Summary:                                                                   | Pass  Total
combine with aggregation functions (skipmissing=true, sort=true, indices=false) |  370    370
Test Summary:                                                                  | Pass  Total
combine with aggregation functions (skipmissing=true, sort=true, indices=true) |  471    471
Test Summary:                                 | Pass  Total
combine with columns named like grouping keys |   17     17
Test Summary:      | Pass  Total
iteration protocol |    4      4
Test Summary:                  | Pass  Total
type stability of index fields |    1      1
Test Summary:       | Pass  Total
Array-like getindex |   41     41
Test Summary:  | Pass  Total
== and isequal |   19     19
Test Summary: | Pass  Total
show          |   15     15
Test Summary: | Pass  Total
DataFrame     |   24     24
Test Summary:                          | Pass  Total
groupindices, groupcols, and valuecols |   28     28
Test Summary:               | Pass  Total
non standard cols arguments |   35     35
Test Summary:                         | Pass  Total
GroupedDataFrame dictionary interface |   36     36
Test Summary:          | Pass  Total
GroupKey and GroupKeys |  149    149
Test Summary:                                | Pass  Total
GroupedDataFrame indexing with array of keys |  240    240
Test Summary:                       | Pass  Total
InvertedIndex with GroupedDataFrame |   33     33
Test Summary:                            | Pass  Total
GroupedDataFrame array index homogeneity |   49     49
Test Summary:                  | Pass  Total
Parent DataFrame names changed |   18     18
Test Summary:       | Pass  Total
haskey for GroupKey |   26     26
Test Summary:                     | Pass  Total
Check aggregation of DataFrameRow |    4      4
Test Summary:                                             | Pass  Total
Allow returning DataFrame() or NamedTuple() to drop group | 3026   3026
Test Summary:                              | Pass  Total
auto-splatting, ByRow, and column renaming |    9      9
Test Summary:                   | Pass  Total
hard tabular return value cases |   26     26
Test Summary:                                   | Pass  Total
last Pair interface with multiple return values |    8      8
Test Summary: | Pass  Total
keepkeys      |    3      3
Test Summary:            | Pass  Total
additional do_call tests |   13     13
WARNING: Method definition f1(Any) in module TestGrouping at /home/pkgeval/.julia/packages/DataFrames/GtZ1l/test/grouping.jl:1786 overwritten at /home/pkgeval/.julia/packages/DataFrames/GtZ1l/test/grouping.jl:1790.
WARNING: Method definition f2(Any) in module TestGrouping at /home/pkgeval/.julia/packages/DataFrames/GtZ1l/test/grouping.jl:1787 overwritten at /home/pkgeval/.julia/packages/DataFrames/GtZ1l/test/grouping.jl:1791.
WARNING: Method definition f1(Any) in module TestGrouping at /home/pkgeval/.julia/packages/DataFrames/GtZ1l/test/grouping.jl:1790 overwritten at /home/pkgeval/.julia/packages/DataFrames/GtZ1l/test/grouping.jl:1795.
WARNING: Method definition f2(Any) in module TestGrouping at /home/pkgeval/.julia/packages/DataFrames/GtZ1l/test/grouping.jl:1791 overwritten at /home/pkgeval/.julia/packages/DataFrames/GtZ1l/test/grouping.jl:1796.
Test Summary:                                              | Pass  Total
mixing of different return lengths and pseudo-broadcasting |  101    101
Test Summary:   | Pass  Total
passing columns |   27     27
Test Summary:              | Pass  Total
correct dropping of groups |   10     10
Test Summary: | Pass  Total
AsTable tests |   14     14
Test Summary:                  | Pass  Total
test correctness of ungrouping |    5      5
Test Summary:            | Pass  Total
combine GroupedDataFrame |  138    138
Test Summary:                         | Pass  Total
select and transform GroupedDataFrame |  320    320
Test Summary:                           | Pass  Total
select! and transform! GroupedDataFrame |  144    144
Test Summary:                         | Pass  Total
group ordering after select/transform |   16     16
Test Summary:                                     | Pass  Total
handling empty data frame / selectors / groupcols |   89     89
Test Summary:                          | Pass  Total
groupcols order after select/transform |    8      8
corner cases of group_reduce: Test Failed at /home/pkgeval/.julia/packages/DataFrames/GtZ1l/test/grouping.jl:2371
  Expression: combine(gdf, :x => sum âˆ˜ skipmissing) == DataFrame(g = 1:2, x_function = [3.0, 4.5])
   Evaluated: 2Ã—2 DataFrame
â”‚ Row â”‚ g     â”‚ x_ComposedFunction â”‚
â”‚     â”‚ Int64 â”‚ Float64            â”‚
â”œâ”€â”€â”€â”€â”€â”¼â”€â”€â”€â”€â”€â”€â”€â”¼â”€â”€â”€â”€â”€â”€â”€â”€â”€â”€â”€â”€â”€â”€â”€â”€â”€â”€â”€â”€â”¤
â”‚ 1   â”‚ 1     â”‚ 3.0                â”‚
â”‚ 2   â”‚ 2     â”‚ 4.5                â”‚ == 2Ã—2 DataFrame
â”‚ Row â”‚ g     â”‚ x_function â”‚
â”‚     â”‚ Int64 â”‚ Float64    â”‚
â”œâ”€â”€â”€â”€â”€â”¼â”€â”€â”€â”€â”€â”€â”€â”¼â”€â”€â”€â”€â”€â”€â”€â”€â”€â”€â”€â”€â”¤
â”‚ 1   â”‚ 1     â”‚ 3.0        â”‚
â”‚ 2   â”‚ 2     â”‚ 4.5        â”‚
Stacktrace:
 [1] macro expansion
   @ ~/.julia/packages/DataFrames/GtZ1l/test/grouping.jl:2371 [inlined]
 [2] macro expansion
   @ /workspace/srcdir/usr/share/julia/stdlib/v1.6/Test/src/Test.jl:1144 [inlined]
 [3] top-level scope
   @ ~/.julia/packages/DataFrames/GtZ1l/test/grouping.jl:2368
corner cases of group_reduce: Test Failed at /home/pkgeval/.julia/packages/DataFrames/GtZ1l/test/grouping.jl:2373
  Expression: combine(gdf, :x => mean âˆ˜ skipmissing) == DataFrame(g = 1:2, x_function = [1.0, 1.5])
   Evaluated: 2Ã—2 DataFrame
â”‚ Row â”‚ g     â”‚ x_ComposedFunction â”‚
â”‚     â”‚ Int64 â”‚ Float64            â”‚
â”œâ”€â”€â”€â”€â”€â”¼â”€â”€â”€â”€â”€â”€â”€â”¼â”€â”€â”€â”€â”€â”€â”€â”€â”€â”€â”€â”€â”€â”€â”€â”€â”€â”€â”€â”€â”¤
â”‚ 1   â”‚ 1     â”‚ 1.0                â”‚
â”‚ 2   â”‚ 2     â”‚ 1.5                â”‚ == 2Ã—2 DataFrame
â”‚ Row â”‚ g     â”‚ x_function â”‚
â”‚     â”‚ Int64 â”‚ Float64    â”‚
â”œâ”€â”€â”€â”€â”€â”¼â”€â”€â”€â”€â”€â”€â”€â”¼â”€â”€â”€â”€â”€â”€â”€â”€â”€â”€â”€â”€â”¤
â”‚ 1   â”‚ 1     â”‚ 1.0        â”‚
â”‚ 2   â”‚ 2     â”‚ 1.5        â”‚
Stacktrace:
 [1] macro expansion
   @ ~/.julia/packages/DataFrames/GtZ1l/test/grouping.jl:2373 [inlined]
 [2] macro expansion
   @ /workspace/srcdir/usr/share/julia/stdlib/v1.6/Test/src/Test.jl:1144 [inlined]
 [3] top-level scope
   @ ~/.julia/packages/DataFrames/GtZ1l/test/grouping.jl:2368
corner cases of group_reduce: Test Failed at /home/pkgeval/.julia/packages/DataFrames/GtZ1l/test/grouping.jl:2375
  Expression: combine(gdf, :x => var âˆ˜ skipmissing) == DataFrame(g = 1:2, x_function = [0.0, 0.0])
   Evaluated: 2Ã—2 DataFrame
â”‚ Row â”‚ g     â”‚ x_ComposedFunction â”‚
â”‚     â”‚ Int64 â”‚ Float64            â”‚
â”œâ”€â”€â”€â”€â”€â”¼â”€â”€â”€â”€â”€â”€â”€â”¼â”€â”€â”€â”€â”€â”€â”€â”€â”€â”€â”€â”€â”€â”€â”€â”€â”€â”€â”€â”€â”¤
â”‚ 1   â”‚ 1     â”‚ 0.0                â”‚
â”‚ 2   â”‚ 2     â”‚ 0.0                â”‚ == 2Ã—2 DataFrame
â”‚ Row â”‚ g     â”‚ x_function â”‚
â”‚     â”‚ Int64 â”‚ Float64    â”‚
â”œâ”€â”€â”€â”€â”€â”¼â”€â”€â”€â”€â”€â”€â”€â”¼â”€â”€â”€â”€â”€â”€â”€â”€â”€â”€â”€â”€â”¤
â”‚ 1   â”‚ 1     â”‚ 0.0        â”‚
â”‚ 2   â”‚ 2     â”‚ 0.0        â”‚
Stacktrace:
 [1] macro expansion
   @ ~/.julia/packages/DataFrames/GtZ1l/test/grouping.jl:2375 [inlined]
 [2] macro expansion
   @ /workspace/srcdir/usr/share/julia/stdlib/v1.6/Test/src/Test.jl:1144 [inlined]
 [3] top-level scope
   @ ~/.julia/packages/DataFrames/GtZ1l/test/grouping.jl:2368
corner cases of group_reduce: Test Failed at /home/pkgeval/.julia/packages/DataFrames/GtZ1l/test/grouping.jl:2380
  Expression: combine(gdf, :x => sum âˆ˜ skipmissing) == DataFrame(g = 1:2, x_function = [3, 2])
   Evaluated: 2Ã—2 DataFrame
â”‚ Row â”‚ g     â”‚ x_ComposedFunction â”‚
â”‚     â”‚ Int64 â”‚ Int64              â”‚
â”œâ”€â”€â”€â”€â”€â”¼â”€â”€â”€â”€â”€â”€â”€â”¼â”€â”€â”€â”€â”€â”€â”€â”€â”€â”€â”€â”€â”€â”€â”€â”€â”€â”€â”€â”€â”¤
â”‚ 1   â”‚ 1     â”‚ 3                  â”‚
â”‚ 2   â”‚ 2     â”‚ 2                  â”‚ == 2Ã—2 DataFrame
â”‚ Row â”‚ g     â”‚ x_function â”‚
â”‚     â”‚ Int64 â”‚ Int64      â”‚
â”œâ”€â”€â”€â”€â”€â”¼â”€â”€â”€â”€â”€â”€â”€â”¼â”€â”€â”€â”€â”€â”€â”€â”€â”€â”€â”€â”€â”¤
â”‚ 1   â”‚ 1     â”‚ 3          â”‚
â”‚ 2   â”‚ 2     â”‚ 2          â”‚
Stacktrace:
 [1] macro expansion
   @ ~/.julia/packages/DataFrames/GtZ1l/test/grouping.jl:2380 [inlined]
 [2] macro expansion
   @ /workspace/srcdir/usr/share/julia/stdlib/v1.6/Test/src/Test.jl:1144 [inlined]
 [3] top-level scope
   @ ~/.julia/packages/DataFrames/GtZ1l/test/grouping.jl:2368
corner cases of group_reduce: Test Failed at /home/pkgeval/.julia/packages/DataFrames/GtZ1l/test/grouping.jl:2382
  Expression: combine(gdf, :x => mean âˆ˜ skipmissing) == DataFrame(g = 1:2, x_function = [1.0, 1.0])
   Evaluated: 2Ã—2 DataFrame
â”‚ Row â”‚ g     â”‚ x_ComposedFunction â”‚
â”‚     â”‚ Int64 â”‚ Float64            â”‚
â”œâ”€â”€â”€â”€â”€â”¼â”€â”€â”€â”€â”€â”€â”€â”¼â”€â”€â”€â”€â”€â”€â”€â”€â”€â”€â”€â”€â”€â”€â”€â”€â”€â”€â”€â”€â”¤
â”‚ 1   â”‚ 1     â”‚ 1.0                â”‚
â”‚ 2   â”‚ 2     â”‚ 1.0                â”‚ == 2Ã—2 DataFrame
â”‚ Row â”‚ g     â”‚ x_function â”‚
â”‚     â”‚ Int64 â”‚ Float64    â”‚
â”œâ”€â”€â”€â”€â”€â”¼â”€â”€â”€â”€â”€â”€â”€â”¼â”€â”€â”€â”€â”€â”€â”€â”€â”€â”€â”€â”€â”¤
â”‚ 1   â”‚ 1     â”‚ 1.0        â”‚
â”‚ 2   â”‚ 2     â”‚ 1.0        â”‚
Stacktrace:
 [1] macro expansion
   @ ~/.julia/packages/DataFrames/GtZ1l/test/grouping.jl:2382 [inlined]
 [2] macro expansion
   @ /workspace/srcdir/usr/share/julia/stdlib/v1.6/Test/src/Test.jl:1144 [inlined]
 [3] top-level scope
   @ ~/.julia/packages/DataFrames/GtZ1l/test/grouping.jl:2368
corner cases of group_reduce: Test Failed at /home/pkgeval/.julia/packages/DataFrames/GtZ1l/test/grouping.jl:2384
  Expression: combine(gdf, :x => var âˆ˜ skipmissing) == DataFrame(g = 1:2, x_function = [0.0, 0.0])
   Evaluated: 2Ã—2 DataFrame
â”‚ Row â”‚ g     â”‚ x_ComposedFunction â”‚
â”‚     â”‚ Int64 â”‚ Float64            â”‚
â”œâ”€â”€â”€â”€â”€â”¼â”€â”€â”€â”€â”€â”€â”€â”¼â”€â”€â”€â”€â”€â”€â”€â”€â”€â”€â”€â”€â”€â”€â”€â”€â”€â”€â”€â”€â”¤
â”‚ 1   â”‚ 1     â”‚ 0.0                â”‚
â”‚ 2   â”‚ 2     â”‚ 0.0                â”‚ == 2Ã—2 DataFrame
â”‚ Row â”‚ g     â”‚ x_function â”‚
â”‚     â”‚ Int64 â”‚ Float64    â”‚
â”œâ”€â”€â”€â”€â”€â”¼â”€â”€â”€â”€â”€â”€â”€â”¼â”€â”€â”€â”€â”€â”€â”€â”€â”€â”€â”€â”€â”¤
â”‚ 1   â”‚ 1     â”‚ 0.0        â”‚
â”‚ 2   â”‚ 2     â”‚ 0.0        â”‚
Stacktrace:
 [1] macro expansion
   @ ~/.julia/packages/DataFrames/GtZ1l/test/grouping.jl:2384 [inlined]
 [2] macro expansion
   @ /workspace/srcdir/usr/share/julia/stdlib/v1.6/Test/src/Test.jl:1144 [inlined]
 [3] top-level scope
   @ ~/.julia/packages/DataFrames/GtZ1l/test/grouping.jl:2368
corner cases of group_reduce: Test Failed at /home/pkgeval/.julia/packages/DataFrames/GtZ1l/test/grouping.jl:2389
  Expression: combine(gdf, :x => sum âˆ˜ skipmissing) == DataFrame(g = 1:2, x_function = [3, 2])
   Evaluated: 2Ã—2 DataFrame
â”‚ Row â”‚ g     â”‚ x_ComposedFunction â”‚
â”‚     â”‚ Int64 â”‚ Int64              â”‚
â”œâ”€â”€â”€â”€â”€â”¼â”€â”€â”€â”€â”€â”€â”€â”¼â”€â”€â”€â”€â”€â”€â”€â”€â”€â”€â”€â”€â”€â”€â”€â”€â”€â”€â”€â”€â”¤
â”‚ 1   â”‚ 1     â”‚ 3                  â”‚
â”‚ 2   â”‚ 2     â”‚ 2                  â”‚ == 2Ã—2 DataFrame
â”‚ Row â”‚ g     â”‚ x_function â”‚
â”‚     â”‚ Int64 â”‚ Int64      â”‚
â”œâ”€â”€â”€â”€â”€â”¼â”€â”€â”€â”€â”€â”€â”€â”¼â”€â”€â”€â”€â”€â”€â”€â”€â”€â”€â”€â”€â”¤
â”‚ 1   â”‚ 1     â”‚ 3          â”‚
â”‚ 2   â”‚ 2     â”‚ 2          â”‚
Stacktrace:
 [1] macro expansion
   @ ~/.julia/packages/DataFrames/GtZ1l/test/grouping.jl:2389 [inlined]
 [2] macro expansion
   @ /workspace/srcdir/usr/share/julia/stdlib/v1.6/Test/src/Test.jl:1144 [inlined]
 [3] top-level scope
   @ ~/.julia/packages/DataFrames/GtZ1l/test/grouping.jl:2368
corner cases of group_reduce: Test Failed at /home/pkgeval/.julia/packages/DataFrames/GtZ1l/test/grouping.jl:2391
  Expression: combine(gdf, :x => mean âˆ˜ skipmissing) == DataFrame(g = 1:2, x_function = [1.0, 1.0])
   Evaluated: 2Ã—2 DataFrame
â”‚ Row â”‚ g     â”‚ x_ComposedFunction â”‚
â”‚     â”‚ Int64 â”‚ Float64            â”‚
â”œâ”€â”€â”€â”€â”€â”¼â”€â”€â”€â”€â”€â”€â”€â”¼â”€â”€â”€â”€â”€â”€â”€â”€â”€â”€â”€â”€â”€â”€â”€â”€â”€â”€â”€â”€â”¤
â”‚ 1   â”‚ 1     â”‚ 1.0                â”‚
â”‚ 2   â”‚ 2     â”‚ 1.0                â”‚ == 2Ã—2 DataFrame
â”‚ Row â”‚ g     â”‚ x_function â”‚
â”‚     â”‚ Int64 â”‚ Float64    â”‚
â”œâ”€â”€â”€â”€â”€â”¼â”€â”€â”€â”€â”€â”€â”€â”¼â”€â”€â”€â”€â”€â”€â”€â”€â”€â”€â”€â”€â”¤
â”‚ 1   â”‚ 1     â”‚ 1.0        â”‚
â”‚ 2   â”‚ 2     â”‚ 1.0        â”‚
Stacktrace:
 [1] macro expansion
   @ ~/.julia/packages/DataFrames/GtZ1l/test/grouping.jl:2391 [inlined]
 [2] macro expansion
   @ /workspace/srcdir/usr/share/julia/stdlib/v1.6/Test/src/Test.jl:1144 [inlined]
 [3] top-level scope
   @ ~/.julia/packages/DataFrames/GtZ1l/test/grouping.jl:2368
corner cases of group_reduce: Test Failed at /home/pkgeval/.julia/packages/DataFrames/GtZ1l/test/grouping.jl:2393
  Expression: combine(gdf, :x => var âˆ˜ skipmissing) == DataFrame(g = 1:2, x_function = [0.0, 0.0])
   Evaluated: 2Ã—2 DataFrame
â”‚ Row â”‚ g     â”‚ x_ComposedFunction â”‚
â”‚     â”‚ Int64 â”‚ Float64            â”‚
â”œâ”€â”€â”€â”€â”€â”¼â”€â”€â”€â”€â”€â”€â”€â”¼â”€â”€â”€â”€â”€â”€â”€â”€â”€â”€â”€â”€â”€â”€â”€â”€â”€â”€â”€â”€â”¤
â”‚ 1   â”‚ 1     â”‚ 0.0                â”‚
â”‚ 2   â”‚ 2     â”‚ 0.0                â”‚ == 2Ã—2 DataFrame
â”‚ Row â”‚ g     â”‚ x_function â”‚
â”‚     â”‚ Int64 â”‚ Float64    â”‚
â”œâ”€â”€â”€â”€â”€â”¼â”€â”€â”€â”€â”€â”€â”€â”¼â”€â”€â”€â”€â”€â”€â”€â”€â”€â”€â”€â”€â”¤
â”‚ 1   â”‚ 1     â”‚ 0.0        â”‚
â”‚ 2   â”‚ 2     â”‚ 0.0        â”‚
Stacktrace:
 [1] macro expansion
   @ ~/.julia/packages/DataFrames/GtZ1l/test/grouping.jl:2393 [inlined]
 [2] macro expansion
   @ /workspace/srcdir/usr/share/julia/stdlib/v1.6/Test/src/Test.jl:1144 [inlined]
 [3] top-level scope
   @ ~/.julia/packages/DataFrames/GtZ1l/test/grouping.jl:2368
corner cases of group_reduce: Test Failed at /home/pkgeval/.julia/packages/DataFrames/GtZ1l/test/grouping.jl:2432
  Expression: combine(gdf, :x => sum âˆ˜ skipmissing) == DataFrame(g = 1, x_function = 0)
   Evaluated: 1Ã—2 DataFrame
â”‚ Row â”‚ g     â”‚ x_ComposedFunction â”‚
â”‚     â”‚ Int64 â”‚ Int64              â”‚
â”œâ”€â”€â”€â”€â”€â”¼â”€â”€â”€â”€â”€â”€â”€â”¼â”€â”€â”€â”€â”€â”€â”€â”€â”€â”€â”€â”€â”€â”€â”€â”€â”€â”€â”€â”€â”¤
â”‚ 1   â”‚ 1     â”‚ 0                  â”‚ == 1Ã—2 DataFrame
â”‚ Row â”‚ g     â”‚ x_function â”‚
â”‚     â”‚ Int64 â”‚ Int64      â”‚
â”œâ”€â”€â”€â”€â”€â”¼â”€â”€â”€â”€â”€â”€â”€â”¼â”€â”€â”€â”€â”€â”€â”€â”€â”€â”€â”€â”€â”¤
â”‚ 1   â”‚ 1     â”‚ 0          â”‚
Stacktrace:
 [1] macro expansion
   @ ~/.julia/packages/DataFrames/GtZ1l/test/grouping.jl:2432 [inlined]
 [2] macro expansion
   @ /workspace/srcdir/usr/share/julia/stdlib/v1.6/Test/src/Test.jl:1144 [inlined]
 [3] top-level scope
   @ ~/.julia/packages/DataFrames/GtZ1l/test/grouping.jl:2368
Test Summary:                | Pass  Fail  Total
corner cases of group_reduce |   62    10     72
	[1m[31mFAILED[0m: grouping.jl
LoadError: Some tests did not pass: 62 passed, 10 failed, 0 errored, 0 broken.
in expression starting at /home/pkgeval/.julia/packages/DataFrames/GtZ1l/test/grouping.jl:1
Test Summary: | Pass  Total
join types    |   17     17
Test Summary:       | Pass  Total
Test empty inputs 1 |   21     21
Test Summary:       | Pass  Total
Test empty inputs 2 |   21     21
Test Summary: | Pass  Total
issue #960    |    4      4
Test Summary: | Pass  Total
all joins     |   30     30
Test Summary:                    | Pass  Total
all joins with CategoricalArrays |   32     32
Test Summary:                                                     | Pass  Total
maintain CategoricalArray levels ordering on join - non-`on` cols |    6      6
Test Summary:                                                          | Pass  Total
maintain CategoricalArray levels ordering on join - ordering conflicts |   10     10
Test Summary:                                                           | Pass  Total
maintain CategoricalArray levels ordering on join - left is categorical |   10     10
Test Summary:                                   | Pass  Total
join on columns with different left/right names |   18     18
Test Summary:                  | Pass  Total
join with a column of type Any |   16     16
Test Summary:                                       | Pass  Total
joins with categorical columns and no matching rows |   24     24
Test Summary:     | Pass  Total
indicator columns |    4      4
Test Summary:                       | Pass  Total
test checks of merge key uniqueness |   18     18
Test Summary: | Pass  Total
consistency   |    3      3
Test Summary:         | Pass  Total
multi data frame join |   10     10
Test Summary:       | Pass  Total
flexible on in join |    4      4
Test Summary:             | Pass  Total
check naming of indicator |    6      6
Test Summary:                      | Pass  Total
validate error message composition |   47     47
	[1m[32mPASSED[0m: join.jl
Test Summary:       | Pass  Total
eachrow and eachcol |   34     34
Test Summary: | Pass  Total
mapcols       |    9      9
Test Summary: | Pass  Total
mapcols!      |    9      9
Test Summary: | Pass  Total
SubDataFrame  |    5      5
Test Summary:   | Pass  Total
parent mutation |    4      4
Test Summary:                 | Pass  Total
getproperty and propertynames |   22     22
Test Summary:             |
overload Compat functions | No tests
Test Summary:              | Pass  Total
keys and pairs for eachcol |   10     10
	[1m[32mPASSED[0m: iteration.jl
Test Summary: | Pass  Total
nonunique     |   18     18
	[1m[32mPASSED[0m: duplicates.jl
Test Summary:                            | Pass  Total
Basic show test with allrows and allcols |    9      9
Test Summary:    | Pass  Total
displaysize test |    4      4
Test Summary:             | Pass  Total
IOContext parameters test |    2      2
Test Summary:          | Pass  Total
SubDataFrame show test |    1      1
Test Summary:                                 | Pass  Total
Test showing StackedVector and RepeatedVector |    3      3
Test Summary:                                            | Pass  Total
Test colors and non-standard values: missing and nothing |    3      3
Test Summary:                  | Pass  Total
Test correct width computation |    1      1
Test Summary:              | Pass  Total
Test showing special types |    5      5
Test Summary:                              | Pass  Total
Test using :compact parameter of IOContext |    2      2
Test Summary:                              | Pass  Total
Test of DataFrameRows and DataFrameColumns |    4      4
Test Summary:                          | Pass  Total
Test empty data frame and DataFrameRow |    3      3
Test Summary: | Pass  Total
consistency   |    2      2
Test Summary:  | Pass  Total
wide type name |    6      6
Test Summary:  | Pass  Total
wide type name |    2      2
Test Summary: | Pass  Total
UnionAll      |    1      1
	[1m[32mPASSED[0m: show.jl
Test Summary:       | Pass  Total
copy - SubDataFrame |    5      5
Test Summary:     | Pass  Total
view -- DataFrame |   77     77
Test Summary:        | Pass  Total
view -- SubDataFrame |   62     62
Test Summary:                               | Pass  Total
getproperty, setproperty! and propertynames |    8      8
Test Summary: | Pass  Total
index         |   11     11
Test Summary: | Pass  Total
delete!       |    1      1
Test Summary: | Pass  Total
parent        |    6      6
Test Summary:    | Pass  Total
duplicate column |    1      1
Test Summary:           | Pass  Total
conversion to DataFrame |   12     12
Test Summary:     | Pass  Total
setindex! in view |    4      4
	[1m[32mPASSED[0m: subdataframe.jl
Test Summary: | Pass  Total
Tables        |  101    101
Test Summary: | Pass  Total
DataFrame!    |    9      9
Test Summary: | Pass  Total
columnindex   |    2      2
Test Summary:                   | Pass  Total
eachrow and eachcol integration |   29     29
	[1m[32mPASSED[0m: tables.jl
Test Summary: | Pass  Total
TableTraits   |   10     10
	[1m[32mPASSED[0m: tabletraits.jl
Test Summary:      | Pass  Total
getindex DataFrame |   87     87
Test Summary:       | Pass  Total
getindex df[!, col] |   13     13
Test Summary:  | Pass  Total
view DataFrame |  131    131
Test Summary:         | Pass  Total
getindex SubDataFrame |  140    140
Test Summary:     | Pass  Total
view SubDataFrame |  143    143
Test Summary:         | Pass  Total
getindex DataFrameRow |   22     22
Test Summary:     | Pass  Total
view DataFrameRow |   25     25
Test Summary:                             | Pass  Total
additional tests of post-! getindex rules |  230    230
Test Summary:          | Pass  Total
setindex! on DataFrame |  100    100
Test Summary:             | Pass  Total
setindex! on SubDataFrame |  240    240
Test Summary:             | Pass  Total
setindex! on DataFrameRow |  101    101
Test Summary:                           | Pass  Total
setindex! with ! or : and multiple cols |   24     24
Test Summary:              | Pass  Total
additional setindex! tests |    5      5
Test Summary:      | Pass  Total
invalid view tests |   28     28
Test Summary:   | Pass  Total
string indexing |  115    115
Test Summary:              | Pass  Total
setindex! for DataFrameRow |   12     12
Test Summary:       | Pass  Total
begin and end tests |   18     18
	[1m[32mPASSED[0m: indexing.jl
Test Summary:  | Pass  Total
CartesianIndex |   24     24
Test Summary:                             | Pass  Total
broadcasting of AbstractDataFrame objects |   28     28
Test Summary:                                               | Pass  Total
broadcasting of AbstractDataFrame objects thrown exceptions |   10     10
Test Summary:          | Pass  Total
broadcasting expansion |    5      5
Test Summary:                                          | Pass  Total
broadcasting of AbstractDataFrame objects corner cases |   34     34
Test Summary:                                                               | Pass  Total
normal data frame and data frame row in broadcasted assignment - one column |  117    117
Test Summary:                                                                 | Pass  Total
normal data frame and data frame view in broadcasted assignment - two columns |  104    104
Test Summary:                                       | Pass  Total
assignment to a whole data frame and data frame row |    8      8
Test Summary:                                               | Pass  Total
extending data frame in broadcasted assignment - one column |   40     40
Test Summary:                | Pass  Total
empty data frame corner case |  191    191
Test Summary:           | Pass  Total
test categorical values |  126    126
Test Summary:       | Pass  Total
scalar broadcasting |    3      3
Test Summary:      | Pass  Total
tuple broadcasting |    8      8
Test Summary:             | Pass  Total
scalar on assignment side |    4      4
Test Summary: | Pass  Total
nothing test  |    4      4
Test Summary: | Pass  Total
aliasing test |  154    154
Test Summary: | Pass  Total
@. test       |    2      2
Test Summary:     | Pass  Total
test common cases |   11     11
Test Summary:                                             | Pass  Total
data frame only on left hand side broadcasting assignment |   26     26
Test Summary:                          | Pass  Total
broadcasting with 3-dimensional object |    4      4
Test Summary:                                  | Pass  Total
additional checks of post-! broadcasting rules |  168    168
Test Summary:                                   | Pass  Total
DataFrameRow getproperty broadcasted assignment |    8      8
Test Summary:                                | Pass  Total
make sure that : is in place and ! allocates |   10     10
Test Summary:                                            | Pass  Total
add new correct rules for df[row, col] .= v broadcasting |   12     12
Test Summary:                 | Pass  Total
broadcasting into df[!, cols] |  223    223
Test Summary:                          | Pass  Total
broadcasting over heterogenous columns |    1      1
Test Summary:        | Pass  Total
@views on df[!, col] |    3      3
Test Summary:                      | Pass  Total
broadcasting of df[:, col] = value |   12     12
	[1m[32mPASSED[0m: broadcasting.jl
Test Summary: | Pass  Total
iteration     |   12     12
Test Summary: | Pass  Total
joins         |   24     24
Test Summary: | Pass  Total
reshape       |    6      6
Test Summary: | Pass  Total
selection     |   13     13
Test Summary: | Pass  Total
tables        |    4      4

signal (15): Terminated
in expression starting at /home/pkgeval/.julia/packages/StatsKit/GbRKr/test/runtests.jl:8
pthread_cond_wait at /lib/x86_64-linux-gnu/libpthread.so.0 (unknown line)
