Julia Version 1.5.0-DEV.133
Commit c9940ed95b (2020-01-21 18:51 UTC)
Platform Info:
  OS: Linux (x86_64-pc-linux-gnu)
  CPU: Intel(R) Xeon(R) Silver 4114 CPU @ 2.20GHz
  WORD_SIZE: 64
  LIBM: libopenlibm
  LLVM: libLLVM-8.0.1 (ORCJIT, skylake)
Environment:
  JULIA_DEPOT_PATH = ::/usr/local/share/julia
  JULIA_NUM_THREADS = 2

 Resolving package versions...
 Installed TreeViews ─────────────────── v0.3.0
 Installed Gettext_jll ───────────────── v0.20.1+1
 Installed Graphite2_jll ─────────────── v1.3.13+1
 Installed CUDAapi ───────────────────── v2.1.0
 Installed NTNk ──────────────────────── v0.1.2
 Installed NMF ───────────────────────── v0.4.0
 Installed ArrayInterface ────────────── v2.3.1
 Installed TranscodingStreams ────────── v0.9.5
 Installed CodecZlib ─────────────────── v0.6.0
 Installed Arpack_jll ────────────────── v3.5.0+2
 Installed Parsers ───────────────────── v0.3.10
 Installed NLSolversBase ─────────────── v7.5.0
 Installed Codecs ────────────────────── v0.5.0
 Installed ImageCore ─────────────────── v0.8.11
 Installed CuArrays ──────────────────── v1.7.0
 Installed Anasol ────────────────────── v0.6.0
 Installed PaddedViews ───────────────── v0.5.1
 Installed SparseDiffTools ───────────── v1.2.0
 Installed DiffEqBase ────────────────── v6.12.5
 Installed Rmath ─────────────────────── v0.6.0
 Installed BinaryProvider ────────────── v0.5.8
 Installed XSLT_jll ──────────────────── v1.1.33+0
 Installed OptimBase ─────────────────── v2.0.0
 Installed PDMats ────────────────────── v0.9.10
 Installed Parameters ────────────────── v0.12.0
 Installed NaNMath ───────────────────── v0.3.3
 Installed MutableArithmetics ────────── v0.2.1
 Installed IterTools ─────────────────── v1.3.0
 Installed XML2_jll ──────────────────── v2.9.9+1
 Installed FreeType2_jll ─────────────── v2.10.1+1
 Installed LsqFit ────────────────────── v0.10.0
 Installed IntelOpenMP_jll ───────────── v2018.0.3+0
 Installed PyPlot ────────────────────── v2.8.2
 Installed Rotations ─────────────────── v0.13.0
 Installed Libgpg_error_jll ──────────── v1.36.0+0
 Installed FillArrays ────────────────── v0.8.4
 Installed IterativeSolvers ──────────── v0.8.1
 Installed DistributedArrays ─────────── v0.6.4
 Installed ChainRulesCore ────────────── v0.5.5
 Installed MKL_jll ───────────────────── v2019.0.117+2
 Installed Clustering ────────────────── v0.13.3
 Installed IdentityRanges ────────────── v0.3.1
 Installed HDF5 ──────────────────────── v0.12.5
 Installed NTFk ──────────────────────── v0.1.3
 Installed Compat ────────────────────── v2.2.0
 Installed MbedTLS ───────────────────── v0.7.0
 Installed JLD2 ──────────────────────── v0.1.11
 Installed Expat_jll ─────────────────── v2.2.7+0
 Installed PyCall ────────────────────── v1.91.2
 Installed Showoff ───────────────────── v0.3.1
 Installed IndirectArrays ────────────── v0.5.1
 Installed TupleTools ────────────────── v1.2.0
 Installed Fontconfig_jll ────────────── v2.13.1+9
 Installed CoordinateTransformations ─── v0.5.0
 Installed DataAPI ───────────────────── v1.1.0
 Installed Xorg_libXdmcp_jll ─────────── v1.1.3+0
 Installed Cairo ─────────────────────── v1.0.2
 Installed NMFk ──────────────────────── v0.4.3
 Installed Missings ──────────────────── v0.4.3
 Installed Xorg_inputproto_jll ───────── v2.3.2+0
 Installed ComputationalResources ────── v0.3.0
 Installed KernelDensity ─────────────── v0.5.1
 Installed Pango_jll ─────────────────── v1.42.4+7
 Installed Observables ───────────────── v0.2.3
 Installed DocStringExtensions ───────── v0.8.1
 Installed BenchmarkTools ────────────── v0.4.3
 Installed PositiveFactorizations ────── v0.2.3
 Installed AxisArrays ────────────────── v0.3.3
 Installed ColorVectorSpace ──────────── v0.8.2
 Installed Ipopt ─────────────────────── v0.6.1
 Installed Xorg_libX11_jll ───────────── v1.6.8+0
 Installed Xorg_libpthread_stubs_jll ─── v0.1.0+0
 Installed FunctionalCollections ─────── v0.5.0
 Installed Contour ───────────────────── v0.5.1
 Installed BlackBoxOptim ─────────────── v0.5.0
 Installed Hexagons ──────────────────── v0.2.0
 Installed Reexport ──────────────────── v0.2.0
 Installed LZO_jll ───────────────────── v2.10.0+0
 Installed Cairo_jll ─────────────────── v1.16.0+2
 Installed TensorOperations ──────────── v2.1.1
 Installed Zlib_jll ──────────────────── v1.2.11+7
 Installed WebSockets ────────────────── v1.5.2
 Installed BinDeps ───────────────────── v1.0.0
 Installed TimerOutputs ──────────────── v0.5.3
 Installed DocumentFunction ──────────── v0.6.0
 Installed Fontconfig ────────────────── v0.3.0
 Installed OpenSpecFun_jll ───────────── v0.5.3+1
 Installed Hiccup ────────────────────── v0.2.2
 Installed ImageDistances ────────────── v0.2.7
 Installed Xorg_libXau_jll ───────────── v1.0.9+0
 Installed HTTP ──────────────────────── v0.8.8
 Installed CommonSubexpressions ──────── v0.2.0
 Installed Xorg_libXrender_jll ───────── v0.9.10+0
 Installed FileIO ────────────────────── v1.2.1
 Installed LRUCache ──────────────────── v1.0.3
 Installed Xorg_renderproto_jll ──────── v0.11.1+0
 Installed CUDAnative ────────────────── v2.8.1
 Installed Optim ─────────────────────── v0.19.7
 Installed Calculus ──────────────────── v0.5.1
 Installed ZygoteRules ───────────────── v0.2.0
 Installed FixedPointNumbers ─────────── v0.7.1
 Installed CMake ─────────────────────── v1.1.2
 Installed DiffRules ─────────────────── v1.0.0
 Installed MacroTools ────────────────── v0.5.3
 Installed DataStructures ────────────── v0.17.9
 Installed Arpack ────────────────────── v0.4.0
 Installed CMakeWrapper ──────────────── v0.2.3
 Installed Bzip2_jll ─────────────────── v1.0.6+1
 Installed SpatialIndexing ───────────── v0.1.2
 Installed FFTW_jll ──────────────────── v3.3.9+3
 Installed IntervalSets ──────────────── v0.3.2
 Installed IniFile ───────────────────── v0.5.0
 Installed PlotlyJS ──────────────────── v0.13.0
 Installed Graphics ──────────────────── v1.0.1
 Installed Distributions ─────────────── v0.22.3
 Installed CPUTime ───────────────────── v1.0.0
 Installed FunctionWrappers ──────────── v1.0.0
 Installed Suppressor ────────────────── v0.1.1
 Installed MetaProgTools ─────────────── v0.6.0
 Installed Strided ───────────────────── v0.3.3
 Installed Distances ─────────────────── v0.8.2
 Installed RecursiveFactorization ────── v0.1.0
 Installed Documenter ────────────────── v0.24.4
 Installed Mads ──────────────────────── v0.7.6
 Installed Adapt ─────────────────────── v1.0.0
 Installed QuadGK ────────────────────── v2.3.1
 Installed SpecialFunctions ──────────── v0.9.0
 Installed LineSearches ──────────────── v7.0.1
 Installed PlotlyBase ────────────────── v0.3.0
 Installed LoadTensorDecompositions ──── v0.2.0
 Installed Glib_jll ──────────────────── v2.59.0+1
 Installed OrderedCollections ────────── v1.1.0
 Installed ImageFiltering ────────────── v0.6.10
 Installed Blink ─────────────────────── v0.12.1
 Installed PCRE_jll ──────────────────── v8.42.0+1
 Installed ForwardDiff ───────────────── v0.10.9
 Installed VertexSafeGraphs ──────────── v0.1.1
 Installed Mustache ──────────────────── v1.0.0
 Installed CanDecomp ─────────────────── v0.2.0
 Installed AxisAlgorithms ────────────── v1.0.0
 Installed RobustPmap ────────────────── v0.6.0
 Installed Plotly ────────────────────── v0.3.0
 Installed Tables ────────────────────── v0.2.11
 Installed IteratorInterfaceExtensions ─ v1.0.0
 Installed Colors ────────────────────── v0.11.2
 Installed SVR ───────────────────────── v0.7.2
 Installed NearestNeighbors ──────────── v0.4.4
 Installed YAML ──────────────────────── v0.3.2
 Installed OffsetArrays ──────────────── v1.0.1
 Installed Primes ────────────────────── v0.4.0
 Installed MathOptInterface ──────────── v0.9.9
 Installed FFTW ──────────────────────── v1.2.0
 Installed Compose ───────────────────── v0.7.3
 Installed JSON ──────────────────────── v0.21.0
 Installed LLVM ──────────────────────── v1.3.3
 Installed OrdinaryDiffEq ────────────── v5.27.1
 Installed TensorToolbox ─────────────── v1.0.1
 Installed AffineInvariantMCMC ───────── v0.6.0
 Installed StatsFuns ─────────────────── v0.9.3
 Installed Mux ───────────────────────── v0.7.1
 Installed Conda ─────────────────────── v1.3.0
 Installed Gadfly ────────────────────── v1.0.1
 Installed ImageMorphology ───────────── v0.2.5
 Installed Measures ──────────────────── v0.3.1
 Installed SimpleTraits ──────────────── v0.9.1
 Installed ColorTypes ────────────────── v0.9.1
 Installed JSExpr ────────────────────── v0.5.1
 Installed MuladdMacro ───────────────── v0.2.2
 Installed ReusableFunctions ─────────── v0.7.0
 Installed Ratios ────────────────────── v0.3.1
 Installed FriBidi_jll ───────────────── v1.0.5+2
 Installed OpenBLAS_jll ──────────────── v0.3.7+4
 Installed TensorDecompositions ──────── v1.0.0
 Installed ImageMetadata ─────────────── v0.9.0
 Installed JuMP ──────────────────────── v0.20.1
 Installed WoodburyMatrices ──────────── v0.5.0
 Installed RecursiveArrayTools ───────── v2.0.2
 Installed Roots ─────────────────────── v0.8.4
 Installed StaticArrays ──────────────── v0.12.1
 Installed Xorg_xcb_proto_jll ────────── v1.13.0+0
 Installed ArnoldiMethod ─────────────── v0.0.4
 Installed CoupledFields ─────────────── v0.1.0
 Installed ImageAxes ─────────────────── v0.6.2
 Installed PooledArrays ──────────────── v0.5.3
 Installed Xorg_xtrans_jll ───────────── v1.4.0+0
 Installed Widgets ───────────────────── v0.6.2
 Installed Inflate ───────────────────── v0.1.1
 Installed Xorg_libxcb_jll ───────────── v1.13.0+0
 Installed Images ────────────────────── v0.20.2
 Installed Xorg_xextproto_jll ────────── v7.3.0+0
 Installed DocumenterMarkdown ────────── v0.2.0
 Installed TableTraits ───────────────── v1.0.0
 Installed StatsBase ─────────────────── v0.32.0
 Installed FFTViews ──────────────────── v0.3.1
 Installed Libgcrypt_jll ─────────────── v1.8.5+0
 Installed Media ─────────────────────── v0.5.0
 Installed Xorg_kbproto_jll ──────────── v1.0.7+0
 Installed Xorg_xproto_jll ───────────── v7.0.31+0
 Installed HarfBuzz_jll ──────────────── v2.6.1+4
 Installed MathProgBase ──────────────── v0.7.7
 Installed ImageShow ─────────────────── v0.2.3
 Installed GenericSVD ────────────────── v0.2.2
 Installed libpng_jll ────────────────── v1.6.37+2
 Installed AssetRegistry ─────────────── v0.1.0
 Installed QuartzImageIO ─────────────── v0.6.0
 Installed DataFrames ────────────────── v0.20.0
 Installed Libffi_jll ────────────────── v3.2.1+0
 Installed URIParser ─────────────────── v0.4.0
 Installed DataValueInterfaces ───────── v1.0.0
 Installed Interpolations ────────────── v0.12.7
 Installed Geodesy ───────────────────── v0.5.0
 Installed RangeArrays ───────────────── v0.3.2
 Installed NLopt ─────────────────────── v0.5.1
 Installed CodecBzip2 ────────────────── v0.6.0
 Installed CategoricalArrays ─────────── v0.7.7
 Installed Pixman_jll ────────────────── v0.38.4+1
 Installed TiledIteration ────────────── v0.2.4
 Installed Libiconv_jll ──────────────── v1.16.0+0
 Installed CatIndices ────────────────── v0.2.1
 Installed ImageTransformations ──────── v0.8.3
 Installed GPUArrays ─────────────────── v2.0.1
 Installed CustomUnitRanges ──────────── v1.0.0
 Installed VersionParsing ────────────── v1.2.0
 Installed NNlib ─────────────────────── v0.6.4
 Installed CEnum ─────────────────────── v0.2.0
 Installed JLD ───────────────────────── v0.9.1
 Installed WebIO ─────────────────────── v0.8.13
 Installed Requires ──────────────────── v0.5.2
 Installed Kriging ───────────────────── v0.5.0
 Installed Xorg_util_macros_jll ──────── v1.19.2+0
 Installed DiffResults ───────────────── v1.0.2
 Installed InvertedIndices ───────────── v1.0.0
 Installed AbstractFFTs ──────────────── v0.5.0
 Installed Xorg_libXext_jll ──────────── v1.3.4+0
 Installed ExponentialUtilities ──────── v1.6.0
 Installed ProgressMeter ─────────────── v1.2.0
 Installed Pidfile ───────────────────── v1.1.0
 Installed MultivariateStats ─────────── v0.7.0
 Installed Blosc ─────────────────────── v0.5.1
 Installed Loess ─────────────────────── v0.5.0
 Installed Lazy ──────────────────────── v0.14.0
 Installed JSONSchema ────────────────── v0.2.0
 Installed Juno ──────────────────────── v0.7.2
 Installed SortingAlgorithms ─────────── v0.3.1
 Installed X11_jll ───────────────────── v1.6.8+4
 Installed LightGraphs ───────────────── v1.3.0
 Installed CUDAdrv ───────────────────── v5.0.1
 Installed LaTeXStrings ──────────────── v1.0.3
 Installed MappedArrays ──────────────── v0.2.2
 Installed RecipesBase ───────────────── v0.7.0
 Installed Libuuid_jll ───────────────── v2.34.0+3
 Installed LegacyStrings ─────────────── v0.4.1
 Installed DiffEqDiffTools ───────────── v1.7.0
  Updating `~/.julia/environments/v1.5/Project.toml`
  [530fd2b5] + NTNk v0.1.2
  Updating `~/.julia/environments/v1.5/Manifest.toml`
  [621f4979] + AbstractFFTs v0.5.0
  [79e6a3ab] + Adapt v1.0.0
  [a0f608ac] + AffineInvariantMCMC v0.6.0
  [fd9e7046] + Anasol v0.6.0
  [ec485272] + ArnoldiMethod v0.0.4
  [7d9fca2a] + Arpack v0.4.0
  [68821587] + Arpack_jll v3.5.0+2
  [4fba245c] + ArrayInterface v2.3.1
  [bf4720bc] + AssetRegistry v0.1.0
  [13072b0f] + AxisAlgorithms v1.0.0
  [39de3d68] + AxisArrays v0.3.3
  [6e4b80f9] + BenchmarkTools v0.4.3
  [9e28174c] + BinDeps v1.0.0
  [b99e7846] + BinaryProvider v0.5.8
  [a134a8b2] + BlackBoxOptim v0.5.0
  [ad839575] + Blink v0.12.1
  [a74b3585] + Blosc v0.5.1
  [6e34b625] + Bzip2_jll v1.0.6+1
  [fa961155] + CEnum v0.2.0
  [631607c0] + CMake v1.1.2
  [d5fb7624] + CMakeWrapper v0.2.3
  [a9c8d775] + CPUTime v1.0.0
  [3895d2a7] + CUDAapi v2.1.0
  [c5f51814] + CUDAdrv v5.0.1
  [be33ccc6] + CUDAnative v2.8.1
  [159f3aea] + Cairo v1.0.2
  [83423d85] + Cairo_jll v1.16.0+2
  [49dc2e85] + Calculus v0.5.1
  [6c57e878] + CanDecomp v0.2.0
  [aafaddc9] + CatIndices v0.2.1
  [324d7699] + CategoricalArrays v0.7.7
  [d360d2e6] + ChainRulesCore v0.5.5
  [aaaa29a8] + Clustering v0.13.3
  [523fee87] + CodecBzip2 v0.6.0
  [944b1d66] + CodecZlib v0.6.0
  [19ecbf4d] + Codecs v0.5.0
  [3da002f7] + ColorTypes v0.9.1
  [c3611d14] + ColorVectorSpace v0.8.2
  [5ae59095] + Colors v0.11.2
  [bbf7d656] + CommonSubexpressions v0.2.0
  [34da2185] + Compat v2.2.0
  [a81c6b42] + Compose v0.7.3
  [ed09eef8] + ComputationalResources v0.3.0
  [8f4d0f93] + Conda v1.3.0
  [d38c429a] + Contour v0.5.1
  [150eb455] + CoordinateTransformations v0.5.0
  [7ad07ef1] + CoupledFields v0.1.0
  [3a865a2d] + CuArrays v1.7.0
  [dc8bdbbb] + CustomUnitRanges v1.0.0
  [9a962f9c] + DataAPI v1.1.0
  [a93c6f00] + DataFrames v0.20.0
  [864edb3b] + DataStructures v0.17.9
  [e2d170a0] + DataValueInterfaces v1.0.0
  [2b5f629d] + DiffEqBase v6.12.5
  [01453d9d] + DiffEqDiffTools v1.7.0
  [163ba53b] + DiffResults v1.0.2
  [b552c78f] + DiffRules v1.0.0
  [b4f34e82] + Distances v0.8.2
  [aaf54ef3] + DistributedArrays v0.6.4
  [31c24e10] + Distributions v0.22.3
  [ffbed154] + DocStringExtensions v0.8.1
  [e1f3b4f0] + DocumentFunction v0.6.0
  [e30172f5] + Documenter v0.24.4
  [997ab1e6] + DocumenterMarkdown v0.2.0
  [2e619515] + Expat_jll v2.2.7+0
  [d4d017d3] + ExponentialUtilities v1.6.0
  [4f61f5a4] + FFTViews v0.3.1
  [7a1cc6ca] + FFTW v1.2.0
  [f5851436] + FFTW_jll v3.3.9+3
  [5789e2e9] + FileIO v1.2.1
  [1a297f60] + FillArrays v0.8.4
  [53c48c17] + FixedPointNumbers v0.7.1
  [186bb1d3] + Fontconfig v0.3.0
  [a3f928ae] + Fontconfig_jll v2.13.1+9
  [f6369f11] + ForwardDiff v0.10.9
  [d7e528f0] + FreeType2_jll v2.10.1+1
  [559328eb] + FriBidi_jll v1.0.5+2
  [069b7b12] + FunctionWrappers v1.0.0
  [de31a74c] + FunctionalCollections v0.5.0
  [0c68f7d7] + GPUArrays v2.0.1
  [c91e804a] + Gadfly v1.0.1
  [01680d73] + GenericSVD v0.2.2
  [0ef565a4] + Geodesy v0.5.0
  [78b55507] + Gettext_jll v0.20.1+1
  [7746bdde] + Glib_jll v2.59.0+1
  [a2bd30eb] + Graphics v1.0.1
  [3b182d85] + Graphite2_jll v1.3.13+1
  [f67ccb44] + HDF5 v0.12.5
  [cd3eb016] + HTTP v0.8.8
  [2e76f6c2] + HarfBuzz_jll v2.6.1+4
  [a1b4810d] + Hexagons v0.2.0
  [9fb69e20] + Hiccup v0.2.2
  [bbac6d45] + IdentityRanges v0.3.1
  [2803e5a7] + ImageAxes v0.6.2
  [a09fc81d] + ImageCore v0.8.11
  [51556ac3] + ImageDistances v0.2.7
  [6a3955dd] + ImageFiltering v0.6.10
  [bc367c6b] + ImageMetadata v0.9.0
  [787d08f9] + ImageMorphology v0.2.5
  [4e3cecfd] + ImageShow v0.2.3
  [02fcd773] + ImageTransformations v0.8.3
  [916415d5] + Images v0.20.2
  [9b13fd28] + IndirectArrays v0.5.1
  [d25df0c9] + Inflate v0.1.1
  [83e8ac13] + IniFile v0.5.0
  [1d5cc7b8] + IntelOpenMP_jll v2018.0.3+0
  [a98d9a8b] + Interpolations v0.12.7
  [8197267c] + IntervalSets v0.3.2
  [41ab1584] + InvertedIndices v1.0.0
  [b6b21f68] + Ipopt v0.6.1
  [c8e1da08] + IterTools v1.3.0
  [42fd0dbc] + IterativeSolvers v0.8.1
  [82899510] + IteratorInterfaceExtensions v1.0.0
  [4138dd39] + JLD v0.9.1
  [033835bb] + JLD2 v0.1.11
  [97c1335a] + JSExpr v0.5.1
  [682c06a0] + JSON v0.21.0
  [7d188eb4] + JSONSchema v0.2.0
  [4076af6c] + JuMP v0.20.1
  [e5e0dc1b] + Juno v0.7.2
  [5ab0869b] + KernelDensity v0.5.1
  [6133562b] + Kriging v0.5.0
  [929cbde3] + LLVM v1.3.3
  [8ac3fa9e] + LRUCache v1.0.3
  [dd4b983a] + LZO_jll v2.10.0+0
  [b964fa9f] + LaTeXStrings v1.0.3
  [50d2b5c4] + Lazy v0.14.0
  [1b4a561d] + LegacyStrings v0.4.1
  [e9f186c6] + Libffi_jll v3.2.1+0
  [d4300ac3] + Libgcrypt_jll v1.8.5+0
  [7add5ba3] + Libgpg_error_jll v1.36.0+0
  [94ce4f54] + Libiconv_jll v1.16.0+0
  [38a345b3] + Libuuid_jll v2.34.0+3
  [093fc24a] + LightGraphs v1.3.0
  [d3d80556] + LineSearches v7.0.1
  [bae27b42] + LoadTensorDecompositions v0.2.0
  [4345ca2d] + Loess v0.5.0
  [2fda8390] + LsqFit v0.10.0
  [856f044c] + MKL_jll v2019.0.117+2
  [1914dd2f] + MacroTools v0.5.3
  [d6bdc55b] + Mads v0.7.6
  [dbb5928d] + MappedArrays v0.2.2
  [b8f27783] + MathOptInterface v0.9.9
  [fdba3010] + MathProgBase v0.7.7
  [739be429] + MbedTLS v0.7.0
  [442fdcdd] + Measures v0.3.1
  [e89f7d12] + Media v0.5.0
  [b1909ce5] + MetaProgTools v0.6.0
  [e1d29d7a] + Missings v0.4.3
  [46d2c3a1] + MuladdMacro v0.2.2
  [6f286f6a] + MultivariateStats v0.7.0
  [ffc61752] + Mustache v1.0.0
  [d8a4904e] + MutableArithmetics v0.2.1
  [a975b10e] + Mux v0.7.1
  [d41bc354] + NLSolversBase v7.5.0
  [76087f3c] + NLopt v0.5.1
  [6ef6ca0d] + NMF v0.4.0
  [e40cd9e2] + NMFk v0.4.3
  [872c559c] + NNlib v0.6.4
  [1226e131] + NTFk v0.1.3
  [530fd2b5] + NTNk v0.1.2
  [77ba4419] + NaNMath v0.3.3
  [b8a86587] + NearestNeighbors v0.4.4
  [510215fc] + Observables v0.2.3
  [6fe1bfb0] + OffsetArrays v1.0.1
  [4536629a] + OpenBLAS_jll v0.3.7+4
  [efe28fd5] + OpenSpecFun_jll v0.5.3+1
  [429524aa] + Optim v0.19.7
  [87e2bd06] + OptimBase v2.0.0
  [bac558e1] + OrderedCollections v1.1.0
  [1dea7af3] + OrdinaryDiffEq v5.27.1
  [2f80f16e] + PCRE_jll v8.42.0+1
  [90014a1f] + PDMats v0.9.10
  [5432bcbf] + PaddedViews v0.5.1
  [36c8627f] + Pango_jll v1.42.4+7
  [d96e819e] + Parameters v0.12.0
  [69de0a69] + Parsers v0.3.10
  [fa939f87] + Pidfile v1.1.0
  [30392449] + Pixman_jll v0.38.4+1
  [58dd65bb] + Plotly v0.3.0
  [a03496cd] + PlotlyBase v0.3.0
  [f0f68f2c] + PlotlyJS v0.13.0
  [2dfb63ee] + PooledArrays v0.5.3
  [85a6dd25] + PositiveFactorizations v0.2.3
  [27ebfcd6] + Primes v0.4.0
  [92933f4c] + ProgressMeter v1.2.0
  [438e738f] + PyCall v1.91.2
  [d330b81b] + PyPlot v2.8.2
  [1fd47b50] + QuadGK v2.3.1
  [dca85d43] + QuartzImageIO v0.6.0
  [b3c3ace0] + RangeArrays v0.3.2
  [c84ed2f1] + Ratios v0.3.1
  [3cdcf5f2] + RecipesBase v0.7.0
  [731186ca] + RecursiveArrayTools v2.0.2
  [f2c3362d] + RecursiveFactorization v0.1.0
  [189a3867] + Reexport v0.2.0
  [ae029012] + Requires v0.5.2
  [afbf81f7] + ReusableFunctions v0.7.0
  [79098fc4] + Rmath v0.6.0
  [27aeedcb] + RobustPmap v0.6.0
  [f2b01f46] + Roots v0.8.4
  [6038ab10] + Rotations v0.13.0
  [22bb73d7] + SVR v0.7.2
  [992d4aef] + Showoff v0.3.1
  [699a6c99] + SimpleTraits v0.9.1
  [a2af1166] + SortingAlgorithms v0.3.1
  [47a9eef4] + SparseDiffTools v1.2.0
  [d4ead438] + SpatialIndexing v0.1.2
  [276daf66] + SpecialFunctions v0.9.0
  [90137ffa] + StaticArrays v0.12.1
  [2913bbd2] + StatsBase v0.32.0
  [4c63d2b9] + StatsFuns v0.9.3
  [5e0ebb24] + Strided v0.3.3
  [fd094767] + Suppressor v0.1.1
  [3783bdb8] + TableTraits v1.0.0
  [bd369af6] + Tables v0.2.11
  [04ed911b] + TensorDecompositions v1.0.0
  [6aa20fa7] + TensorOperations v2.1.1
  [9c690861] + TensorToolbox v1.0.1
  [06e1c1a7] + TiledIteration v0.2.4
  [a759f4b9] + TimerOutputs v0.5.3
  [3bb67fe8] + TranscodingStreams v0.9.5
  [a2a6695c] + TreeViews v0.3.0
  [9d95972d] + TupleTools v1.2.0
  [30578b45] + URIParser v0.4.0
  [81def892] + VersionParsing v1.2.0
  [19fa3120] + VertexSafeGraphs v0.1.1
  [0f1e0344] + WebIO v0.8.13
  [104b5d7c] + WebSockets v1.5.2
  [cc8bc4a8] + Widgets v0.6.2
  [efce3f68] + WoodburyMatrices v0.5.0
  [546b0b6d] + X11_jll v1.6.8+4
  [02c8fc9c] + XML2_jll v2.9.9+1
  [aed1982a] + XSLT_jll v1.1.33+0
  [84d6cd60] + Xorg_inputproto_jll v2.3.2+0
  [060dd47b] + Xorg_kbproto_jll v1.0.7+0
  [4f6342f7] + Xorg_libX11_jll v1.6.8+0
  [0c0b7dd1] + Xorg_libXau_jll v1.0.9+0
  [a3789734] + Xorg_libXdmcp_jll v1.1.3+0
  [1082639a] + Xorg_libXext_jll v1.3.4+0
  [ea2f1a96] + Xorg_libXrender_jll v0.9.10+0
  [14d82f49] + Xorg_libpthread_stubs_jll v0.1.0+0
  [c7cfdc94] + Xorg_libxcb_jll v1.13.0+0
  [21e99dc2] + Xorg_renderproto_jll v0.11.1+0
  [7c09cfe3] + Xorg_util_macros_jll v1.19.2+0
  [c2e9c405] + Xorg_xcb_proto_jll v1.13.0+0
  [d13bc2ba] + Xorg_xextproto_jll v7.3.0+0
  [46797783] + Xorg_xproto_jll v7.0.31+0
  [c5fb5394] + Xorg_xtrans_jll v1.4.0+0
  [ddb6d928] + YAML v0.3.2
  [83775a58] + Zlib_jll v1.2.11+7
  [700de1a5] + ZygoteRules v0.2.0
  [b53b4c65] + libpng_jll v1.6.37+2
  [2a0f44e3] + Base64 
  [ade2ca70] + Dates 
  [8bb1440f] + DelimitedFiles 
  [8ba89e20] + Distributed 
  [7b1f6079] + FileWatching 
  [9fa8497b] + Future 
  [b77e0a4c] + InteractiveUtils 
  [76f85450] + LibGit2 
  [8f399da3] + Libdl 
  [37e2e46d] + LinearAlgebra 
  [56ddb016] + Logging 
  [d6f4376e] + Markdown 
  [a63ad114] + Mmap 
  [44cfe95a] + Pkg 
  [de0858da] + Printf 
  [9abbd945] + Profile 
  [3fa0cd96] + REPL 
  [9a3f8284] + Random 
  [ea8e919c] + SHA 
  [9e88b42a] + Serialization 
  [1a1011a3] + SharedArrays 
  [6462fe0b] + Sockets 
  [2f01184e] + SparseArrays 
  [10745b16] + Statistics 
  [4607b0f0] + SuiteSparse 
  [8dfed614] + Test 
  [cf7118a7] + UUIDs 
  [4ec0a83e] + Unicode 
  Building CodecZlib ─→ `~/.julia/packages/CodecZlib/5t9zO/deps/build.log`
  Updating `/tmp/jl_OSbzBv/Project.toml`
 [no changes]
  Updating `/tmp/jl_OSbzBv/Manifest.toml`
 [no changes]
  Building Rmath ─────→ `~/.julia/packages/Rmath/BoBag/deps/build.log`
  Updating `/tmp/jl_mhJGJl/Project.toml`
 [no changes]
  Updating `/tmp/jl_mhJGJl/Manifest.toml`
 [no changes]
  Building FFTW ──────→ `~/.julia/packages/FFTW/qqcBj/deps/build.log`
  Updating `/tmp/jl_wxAbYp/Project.toml`
 [no changes]
  Updating `/tmp/jl_wxAbYp/Manifest.toml`
 [no changes]
  Building Conda ─────→ `~/.julia/packages/Conda/kLXeC/deps/build.log`
  Updating `/tmp/jl_gjb4hw/Project.toml`
 [no changes]
  Updating `/tmp/jl_gjb4hw/Manifest.toml`
 [no changes]
  Building PyCall ────→ `~/.julia/packages/PyCall/ttONZ/deps/build.log`
  Updating `/tmp/jl_iFtuEE/Project.toml`
 [no changes]
  Updating `/tmp/jl_iFtuEE/Manifest.toml`
 [no changes]
  Building Fontconfig → `~/.julia/packages/Fontconfig/EPLI0/deps/build.log`
  Updating `/tmp/jl_E3F1Pe/Project.toml`
 [no changes]
  Updating `/tmp/jl_E3F1Pe/Manifest.toml`
 [no changes]
  Building MbedTLS ───→ `~/.julia/packages/MbedTLS/a1JFn/deps/build.log`
  Updating `/tmp/jl_o0s8Ee/Project.toml`
 [no changes]
  Updating `/tmp/jl_o0s8Ee/Manifest.toml`
 [no changes]
  Building CodecBzip2 → `~/.julia/packages/CodecBzip2/T5yr7/deps/build.log`
  Updating `/tmp/jl_QoGqUw/Project.toml`
 [no changes]
  Updating `/tmp/jl_QoGqUw/Manifest.toml`
 [no changes]
  Building Ipopt ─────→ `~/.julia/packages/Ipopt/ruIXY/deps/build.log`
  Updating `/tmp/jl_4kUfC3/Project.toml`
 [no changes]
  Updating `/tmp/jl_4kUfC3/Manifest.toml`
 [no changes]
  Building SVR ───────→ `~/.julia/packages/SVR/o8fSi/deps/build.log`
  Updating `/tmp/jl_cmOiJP/Project.toml`
 [no changes]
  Updating `/tmp/jl_cmOiJP/Manifest.toml`
 [no changes]
  Building Mads ──────→ `~/.julia/packages/Mads/6Fc5K/deps/build.log`
  Updating `/tmp/jl_uYeG5N/Project.toml`
 [no changes]
  Updating `/tmp/jl_uYeG5N/Manifest.toml`
 [no changes]
  Building CMake ─────→ `~/.julia/packages/CMake/nSK2r/deps/build.log`
  Updating `/tmp/jl_IDBytD/Project.toml`
 [no changes]
  Updating `/tmp/jl_IDBytD/Manifest.toml`
 [no changes]
  Building Blosc ─────→ `~/.julia/packages/Blosc/lzFr0/deps/build.log`
  Updating `/tmp/jl_CjIgAV/Project.toml`
 [no changes]
  Updating `/tmp/jl_CjIgAV/Manifest.toml`
 [no changes]
  Building HDF5 ──────→ `~/.julia/packages/HDF5/Zh9on/deps/build.log`
  Updating `/tmp/jl_m4KTZM/Project.toml`
 [no changes]
  Updating `/tmp/jl_m4KTZM/Manifest.toml`
 [no changes]
  Building NNlib ─────→ `~/.julia/packages/NNlib/3krvM/deps/build.log`
  Updating `/tmp/jl_0Fcz4Y/Project.toml`
 [no changes]
  Updating `/tmp/jl_0Fcz4Y/Manifest.toml`
 [no changes]
  Building WebIO ─────→ `~/.julia/packages/WebIO/2nnB1/deps/build.log`
  Updating `/tmp/jl_EzEX7l/Project.toml`
 [no changes]
  Updating `/tmp/jl_EzEX7l/Manifest.toml`
 [no changes]
  Building Blink ─────→ `~/.julia/packages/Blink/4FM8Y/deps/build.log`
  Updating `/tmp/jl_C6eywP/Project.toml`
 [no changes]
  Updating `/tmp/jl_C6eywP/Manifest.toml`
 [no changes]
  Building PlotlyJS ──→ `~/.julia/packages/PlotlyJS/b9Efu/deps/build.log`
  Updating `/tmp/jl_Qz9zJy/Project.toml`
 [no changes]
  Updating `/tmp/jl_Qz9zJy/Manifest.toml`
 [no changes]
  Building NLopt ─────→ `~/.julia/packages/NLopt/eqN9a/deps/build.log`
  Updating `/tmp/jl_KmVImA/Project.toml`
 [no changes]
  Updating `/tmp/jl_KmVImA/Manifest.toml`
 [no changes]
  Building NMFk ──────→ `~/.julia/packages/NMFk/fKmJU/deps/build.log`
  Updating `/tmp/jl_QU0agX/Project.toml`
 [no changes]
  Updating `/tmp/jl_QU0agX/Manifest.toml`
 [no changes]
  Building NTFk ──────→ `~/.julia/packages/NTFk/AIDfQ/deps/build.log`
  Updating `/tmp/jl_oTVX8y/Project.toml`
 [no changes]
  Updating `/tmp/jl_oTVX8y/Manifest.toml`
 [no changes]
┌ Error: Error building `NTFk`: 
│ Requirement already up-to-date: pip in /home/pkgeval/.local/lib/python3.6/site-packages (20.0.1)
│ Requirement already up-to-date: setuptools in /home/pkgeval/.local/lib/python3.6/site-packages (45.1.0)
│ Collecting tensorly
│   Downloading tensorly-0.4.5.tar.gz (70 kB)
│ Requirement already satisfied: matplotlib in /usr/lib/python3/dist-packages (2.1.1)
│ Collecting pytorch
│   Downloading pytorch-1.0.2.tar.gz (689 bytes)
│ Collecting tensorflow
│   Downloading tensorflow-2.1.0-cp36-cp36m-manylinux2010_x86_64.whl (421.8 MB)
│ Collecting mxnet
│   Downloading mxnet-0.9.5-cp36-cp36m-manylinux1_x86_64.whl (8.7 MB)
│ Requirement already satisfied: numpy in /usr/lib/python3/dist-packages (from tensorly) (1.13.3)
│ Collecting scipy
│   Downloading scipy-1.4.1-cp36-cp36m-manylinux1_x86_64.whl (26.1 MB)
│ Collecting nose
│   Downloading nose-1.3.7-py3-none-any.whl (154 kB)
│ Collecting opt-einsum>=2.3.2
│   Downloading opt_einsum-3.1.0.tar.gz (69 kB)
│ Collecting tensorflow-estimator<2.2.0,>=2.1.0rc0
│   Downloading tensorflow_estimator-2.1.0-py2.py3-none-any.whl (448 kB)
│ Collecting grpcio>=1.8.6
│   Downloading grpcio-1.26.0-cp36-cp36m-manylinux2010_x86_64.whl (2.4 MB)
│ Collecting six>=1.12.0
│   Downloading six-1.14.0-py2.py3-none-any.whl (10 kB)
│ Collecting absl-py>=0.7.0
│   Downloading absl-py-0.9.0.tar.gz (104 kB)
│ Requirement already satisfied: wheel>=0.26; python_version >= "3" in /home/pkgeval/.local/lib/python3.6/site-packages (from tensorflow) (0.33.6)
│ Collecting google-pasta>=0.1.6
│   Downloading google_pasta-0.1.8-py3-none-any.whl (57 kB)
│ Collecting keras-preprocessing>=1.1.0
│   Downloading Keras_Preprocessing-1.1.0-py2.py3-none-any.whl (41 kB)
│ Collecting gast==0.2.2
│   Downloading gast-0.2.2.tar.gz (10 kB)
│ Collecting astor>=0.6.0
│   Downloading astor-0.8.1-py2.py3-none-any.whl (27 kB)
│ Collecting tensorboard<2.2.0,>=2.1.0
│   Downloading tensorboard-2.1.0-py3-none-any.whl (3.8 MB)
│ Collecting wrapt>=1.11.1
│   Downloading wrapt-1.11.2.tar.gz (27 kB)
│ Collecting protobuf>=3.8.0
│   Downloading protobuf-3.11.2-cp36-cp36m-manylinux1_x86_64.whl (1.3 MB)
│ Collecting keras-applications>=1.0.8
│   Downloading Keras_Applications-1.0.8-py3-none-any.whl (50 kB)
│ Collecting termcolor>=1.1.0
│   Downloading termcolor-1.1.0.tar.gz (3.9 kB)
│ Collecting werkzeug>=0.11.15
│   Downloading Werkzeug-0.16.0-py2.py3-none-any.whl (327 kB)
│ Requirement already satisfied: setuptools>=41.0.0 in /home/pkgeval/.local/lib/python3.6/site-packages (from tensorboard<2.2.0,>=2.1.0->tensorflow) (45.1.0)
│ Collecting requests<3,>=2.21.0
│   Downloading requests-2.22.0-py2.py3-none-any.whl (57 kB)
│ Collecting markdown>=2.6.8
│   Downloading Markdown-3.1.1-py2.py3-none-any.whl (87 kB)
│ Collecting google-auth-oauthlib<0.5,>=0.4.1
│   Downloading google_auth_oauthlib-0.4.1-py2.py3-none-any.whl (18 kB)
│ Collecting google-auth<2,>=1.6.3
│   Downloading google_auth-1.10.1-py2.py3-none-any.whl (76 kB)
│ Collecting h5py
│   Downloading h5py-2.10.0-cp36-cp36m-manylinux1_x86_64.whl (2.9 MB)
│ Collecting chardet<3.1.0,>=3.0.2
│   Downloading chardet-3.0.4-py2.py3-none-any.whl (133 kB)
│ Collecting idna<2.9,>=2.5
│   Downloading idna-2.8-py2.py3-none-any.whl (58 kB)
│ Collecting urllib3!=1.25.0,!=1.25.1,<1.26,>=1.21.1
│   Downloading urllib3-1.25.8-py2.py3-none-any.whl (125 kB)
│ Collecting certifi>=2017.4.17
│   Downloading certifi-2019.11.28-py2.py3-none-any.whl (156 kB)
│ Collecting requests-oauthlib>=0.7.0
│   Downloading requests_oauthlib-1.3.0-py2.py3-none-any.whl (23 kB)
│ Collecting rsa<4.1,>=3.1.4
│   Downloading rsa-4.0-py2.py3-none-any.whl (38 kB)
│ Collecting cachetools<5.0,>=2.0.0
│   Downloading cachetools-4.0.0-py3-none-any.whl (10 kB)
│ Collecting pyasn1-modules>=0.2.1
│   Downloading pyasn1_modules-0.2.8-py2.py3-none-any.whl (155 kB)
│ Collecting oauthlib>=3.0.0
│   Downloading oauthlib-3.1.0-py2.py3-none-any.whl (147 kB)
│ Collecting pyasn1>=0.1.3
│   Downloading pyasn1-0.4.8-py2.py3-none-any.whl (77 kB)
│ Building wheels for collected packages: tensorly, pytorch, opt-einsum, absl-py, gast, wrapt, termcolor
│   Building wheel for tensorly (setup.py): started
│   Building wheel for tensorly (setup.py): finished with status 'done'
│   Created wheel for tensorly: filename=tensorly-0.4.5-py3-none-any.whl size=100153 sha256=bb6be8c15e1e584c9589f37ad99daa83330c148e73d9ff7c661b30969fba11ae
│   Stored in directory: /home/pkgeval/.cache/pip/wheels/1a/1a/f9/29579054230b80a9fa06e8a8baaefb79103dd05acceacf5ee2
│   Building wheel for pytorch (setup.py): started
│   Building wheel for pytorch (setup.py): finished with status 'error'
│   ERROR: Command errored out with exit status 1:
│    command: /usr/bin/python3 -u -c 'import sys, setuptools, tokenize; sys.argv[0] = '"'"'/tmp/pip-install-jotfuphg/pytorch/setup.py'"'"'; __file__='"'"'/tmp/pip-install-jotfuphg/pytorch/setup.py'"'"';f=getattr(tokenize, '"'"'open'"'"', open)(__file__);code=f.read().replace('"'"'\r\n'"'"', '"'"'\n'"'"');f.close();exec(compile(code, __file__, '"'"'exec'"'"'))' bdist_wheel -d /tmp/pip-wheel-vd0047ub
│        cwd: /tmp/pip-install-jotfuphg/pytorch/
│   Complete output (5 lines):
│   Traceback (most recent call last):
│     File "<string>", line 1, in <module>
│     File "/tmp/pip-install-jotfuphg/pytorch/setup.py", line 15, in <module>
│       raise Exception(message)
│   Exception: You tried to install "pytorch". The package named for PyTorch is "torch"
│   ----------------------------------------
│   ERROR: Failed building wheel for pytorch
│   Running setup.py clean for pytorch
│   Building wheel for opt-einsum (setup.py): started
│   Building wheel for opt-einsum (setup.py): finished with status 'done'
│   Created wheel for opt-einsum: filename=opt_einsum-3.1.0-py3-none-any.whl size=61681 sha256=fb2f5b8475ecdf4e4d5e3f1708078a8ba9e49d0cf67824d698aee05a407025d8
│   Stored in directory: /home/pkgeval/.cache/pip/wheels/1f/6f/14/e0f4f6bceec756bbab45c392c4d5429a684b14d849464ebfbf
│   Building wheel for absl-py (setup.py): started
│   Building wheel for absl-py (setup.py): finished with status 'done'
│   Created wheel for absl-py: filename=absl_py-0.9.0-py3-none-any.whl size=121931 sha256=aade9f0264beafa0c428572bef707eef737a7215f6b6dfdbb330968dcc93e9d3
│   Stored in directory: /home/pkgeval/.cache/pip/wheels/c3/af/84/3962a6af7b4ab336e951b7877dcfb758cf94548bb1771e0679
│   Building wheel for gast (setup.py): started
│   Building wheel for gast (setup.py): finished with status 'done'
│   Created wheel for gast: filename=gast-0.2.2-py3-none-any.whl size=7539 sha256=966c3e3c937f1be2c0c1ab64131667bb35359d0c434cf4922f40cc573e02ed25
│   Stored in directory: /home/pkgeval/.cache/pip/wheels/19/a7/b9/0740c7a3a7d1d348f04823339274b90de25fbcd217b2ee1fbe
│   Building wheel for wrapt (setup.py): started
│   Building wheel for wrapt (setup.py): finished with status 'done'
│   Created wheel for wrapt: filename=wrapt-1.11.2-py3-none-any.whl size=19590 sha256=44a61aab4d4b415352d27dae8dd13f667c6bae52379de6e8df1d6e5ac3ba6311
│   Stored in directory: /home/pkgeval/.cache/pip/wheels/0d/85/48/15d7bfab92a2d0e87372224c1f628fc57db7447a663a58e86c
│   Building wheel for termcolor (setup.py): started
│   Building wheel for termcolor (setup.py): finished with status 'done'
│   Created wheel for termcolor: filename=termcolor-1.1.0-py3-none-any.whl size=4830 sha256=90b217683ef44f1c065b0290b929cdac5aa0b0fca82cef40fcda44301ad8ecdd
│   Stored in directory: /home/pkgeval/.cache/pip/wheels/93/2a/eb/e58dbcbc963549ee4f065ff80a59f274cc7210b6eab962acdc
│ Successfully built tensorly opt-einsum absl-py gast wrapt termcolor
│ Failed to build pytorch
│ ERROR: tensorflow 2.1.0 has requirement numpy<2.0,>=1.16.0, but you'll have numpy 1.13.3 which is incompatible.
│ Installing collected packages: scipy, nose, tensorly, pytorch, opt-einsum, tensorflow-estimator, six, grpcio, absl-py, google-pasta, keras-preprocessing, gast, astor, werkzeug, chardet, idna, urllib3, certifi, requests, markdown, protobuf, oauthlib, requests-oauthlib, pyasn1, rsa, cachetools, pyasn1-modules, google-auth, google-auth-oauthlib, tensorboard, wrapt, h5py, keras-applications, termcolor, tensorflow, mxnet
│   WARNING: The scripts nosetests and nosetests-3.4 are installed in '/home/pkgeval/.local/bin' which is not on PATH.
│   Consider adding this directory to PATH or, if you prefer to suppress this warning, use --no-warn-script-location.
│     Running setup.py install for pytorch: started
│     Running setup.py install for pytorch: finished with status 'error'
│     ERROR: Command errored out with exit status 1:
│      command: /usr/bin/python3 -u -c 'import sys, setuptools, tokenize; sys.argv[0] = '"'"'/tmp/pip-install-jotfuphg/pytorch/setup.py'"'"'; __file__='"'"'/tmp/pip-install-jotfuphg/pytorch/setup.py'"'"';f=getattr(tokenize, '"'"'open'"'"', open)(__file__);code=f.read().replace('"'"'\r\n'"'"', '"'"'\n'"'"');f.close();exec(compile(code, __file__, '"'"'exec'"'"'))' install --record /tmp/pip-record-ah8xdygb/install-record.txt --single-version-externally-managed --user --prefix= --compile --install-headers /home/pkgeval/.local/include/python3.6m/pytorch
│          cwd: /tmp/pip-install-jotfuphg/pytorch/
│     Complete output (5 lines):
│     Traceback (most recent call last):
│       File "<string>", line 1, in <module>
│       File "/tmp/pip-install-jotfuphg/pytorch/setup.py", line 11, in <module>
│         raise Exception(message)
│     Exception: You tried to install "pytorch". The package named for PyTorch is "torch"
│     ----------------------------------------
│ ERROR: Command errored out with exit status 1: /usr/bin/python3 -u -c 'import sys, setuptools, tokenize; sys.argv[0] = '"'"'/tmp/pip-install-jotfuphg/pytorch/setup.py'"'"'; __file__='"'"'/tmp/pip-install-jotfuphg/pytorch/setup.py'"'"';f=getattr(tokenize, '"'"'open'"'"', open)(__file__);code=f.read().replace('"'"'\r\n'"'"', '"'"'\n'"'"');f.close();exec(compile(code, __file__, '"'"'exec'"'"'))' install --record /tmp/pip-record-ah8xdygb/install-record.txt --single-version-externally-managed --user --prefix= --compile --install-headers /home/pkgeval/.local/include/python3.6m/pytorch Check the logs for full command output.
│ [ Info: Checking for Python packages: ["tensorly", "matplotlib", "pytorch", "tensorflow", "mxnet"]...
│ ┌ Warning: Python packages are missing!
│ └ @ Main ~/.julia/packages/NTFk/AIDfQ/deps/build.jl:16
│ [ Info: Checking for python pip using PyCall ...
│ [ Info: Installing Python packages using pip ...
│ ┌ Warning: Installing Python packages using pip fails!
│ └ @ Main ~/.julia/packages/NTFk/AIDfQ/deps/build.jl:44
│ ┌ Warning: Python package installation using pip has failed!
│ └ @ Main ~/.julia/packages/NTFk/AIDfQ/deps/build.jl:54
│ [ Info: Using Conda instead ...
│ ERROR: LoadError: ArgumentError: Package Conda not found in current path:
│ - Run `import Pkg; Pkg.add("Conda")` to install the Conda package.
│ 
│ Stacktrace:
│  [1] require(::Module, ::Symbol) at ./loading.jl:892
│  [2] top-level scope at /home/pkgeval/.julia/packages/NTFk/AIDfQ/deps/build.jl:56
│  [3] include(::String) at ./client.jl:439
│  [4] top-level scope at none:5
│ in expression starting at /home/pkgeval/.julia/packages/NTFk/AIDfQ/deps/build.jl:1
│ caused by [exception 2]
│ PyError (PyImport_ImportModule
│ 
│ The Python package pytorch could not be found by pyimport. Usually this means
│ that you did not install pytorch in the Python version being used by PyCall.
│ 
│ PyCall is currently configured to use the Python version at:
│ 
│ /usr/bin/python3
│ 
│ and you should use whatever mechanism you usually use (apt-get, pip, conda,
│ etcetera) to install the Python package containing the pytorch module.
│ 
│ One alternative is to re-configure PyCall to use a different Python
│ version on your system: set ENV["PYTHON"] to the path/name of the python
│ executable you want to use, run Pkg.build("PyCall"), and re-launch Julia.
│ 
│ Another alternative is to configure PyCall to use a Julia-specific Python
│ distribution via the Conda.jl package (which installs a private Anaconda
│ Python distribution), which has the advantage that packages can be installed
│ and kept up-to-date via Julia.  As explained in the PyCall documentation,
│ set ENV["PYTHON"]="", run Pkg.build("PyCall"), and re-launch Julia. Then,
│ To install the pytorch module, you can use `pyimport_conda("pytorch", PKG)`,
│ where PKG is the Anaconda package the contains the module pytorch,
│ or alternatively you can use the Conda package directly (via
│ `using Conda` followed by `Conda.add` etcetera).
│ 
│ ) <class 'ModuleNotFoundError'>
│ ModuleNotFoundError("No module named 'pytorch'",)
│ 
│ Stacktrace:
│  [1] pyimport(::String) at /home/pkgeval/.julia/packages/PyCall/ttONZ/src/PyCall.jl:544
│  [2] top-level scope at /home/pkgeval/.julia/packages/NTFk/AIDfQ/deps/build.jl:1
│  [3] eval(::Module, ::Any) at ./boot.jl:331
│  [4] top-level scope at /home/pkgeval/.julia/packages/NTFk/AIDfQ/deps/build.jl:49
│  [5] include(::String) at ./client.jl:439
│  [6] top-level scope at none:5
│ caused by [exception 1]
│ PyError (PyImport_ImportModule
│ 
│ The Python package tensorly could not be found by pyimport. Usually this means
│ that you did not install tensorly in the Python version being used by PyCall.
│ 
│ PyCall is currently configured to use the Python version at:
│ 
│ /usr/bin/python3
│ 
│ and you should use whatever mechanism you usually use (apt-get, pip, conda,
│ etcetera) to install the Python package containing the tensorly module.
│ 
│ One alternative is to re-configure PyCall to use a different Python
│ version on your system: set ENV["PYTHON"] to the path/name of the python
│ executable you want to use, run Pkg.build("PyCall"), and re-launch Julia.
│ 
│ Another alternative is to configure PyCall to use a Julia-specific Python
│ distribution via the Conda.jl package (which installs a private Anaconda
│ Python distribution), which has the advantage that packages can be installed
│ and kept up-to-date via Julia.  As explained in the PyCall documentation,
│ set ENV["PYTHON"]="", run Pkg.build("PyCall"), and re-launch Julia. Then,
│ To install the tensorly module, you can use `pyimport_conda("tensorly", PKG)`,
│ where PKG is the Anaconda package the contains the module tensorly,
│ or alternatively you can use the Conda package directly (via
│ `using Conda` followed by `Conda.add` etcetera).
│ 
│ ) <class 'ModuleNotFoundError'>
│ ModuleNotFoundError("No module named 'tensorly'",)
│ 
│ Stacktrace:
│  [1] pyimport(::String) at /home/pkgeval/.julia/packages/PyCall/ttONZ/src/PyCall.jl:544
│  [2] top-level scope at /home/pkgeval/.julia/packages/NTFk/AIDfQ/deps/build.jl:1
│  [3] eval(::Module, ::Any) at ./boot.jl:331
│  [4] top-level scope at /home/pkgeval/.julia/packages/NTFk/AIDfQ/deps/build.jl:11
│  [5] include(::String) at ./client.jl:439
│  [6] top-level scope at none:5
│ PyError (PyImport_ImportModule
│ 
│ The Python package tensorly could not be found by pyimport. Usually this means
│ that you did not install tensorly in the Python version being used by PyCall.
│ 
│ PyCall is currently configured to use the Python version at:
│ 
│ /usr/bin/python3
│ 
│ and you should use whatever mechanism you usually use (apt-get, pip, conda,
│ etcetera) to install the Python package containing the tensorly module.
│ 
│ One alternative is to re-configure PyCall to use a different Python
│ version on your system: set ENV["PYTHON"] to the path/name of the python
│ executable you want to use, run Pkg.build("PyCall"), and re-launch Julia.
│ 
│ Another alternative is to configure PyCall to use a Julia-specific Python
│ distribution via the Conda.jl package (which installs a private Anaconda
│ Python distribution), which has the advantage that packages can be installed
│ and kept up-to-date via Julia.  As explained in the PyCall documentation,
│ set ENV["PYTHON"]="", run Pkg.build("PyCall"), and re-launch Julia. Then,
│ To install the tensorly module, you can use `pyimport_conda("tensorly", PKG)`,
│ where PKG is the Anaconda package the contains the module tensorly,
│ or alternatively you can use the Conda package directly (via
│ `using Conda` followed by `Conda.add` etcetera).
│ 
│ ) <class 'ModuleNotFoundError'>
│ ModuleNotFoundError("No module named 'tensorly'",)
│ 
│ Installing required python packages using pip
│ ProcessFailedException(Base.Process[Process(`python3 -m pip install --user tensorly matplotlib pytorch tensorflow mxnet`, ProcessExited(1))])
│ PyError (PyImport_ImportModule
│ 
│ The Python package pytorch could not be found by pyimport. Usually this means
│ that you did not install pytorch in the Python version being used by PyCall.
│ 
│ PyCall is currently configured to use the Python version at:
│ 
│ /usr/bin/python3
│ 
│ and you should use whatever mechanism you usually use (apt-get, pip, conda,
│ etcetera) to install the Python package containing the pytorch module.
│ 
│ One alternative is to re-configure PyCall to use a different Python
│ version on your system: set ENV["PYTHON"] to the path/name of the python
│ executable you want to use, run Pkg.build("PyCall"), and re-launch Julia.
│ 
│ Another alternative is to configure PyCall to use a Julia-specific Python
│ distribution via the Conda.jl package (which installs a private Anaconda
│ Python distribution), which has the advantage that packages can be installed
│ and kept up-to-date via Julia.  As explained in the PyCall documentation,
│ set ENV["PYTHON"]="", run Pkg.build("PyCall"), and re-launch Julia. Then,
│ To install the pytorch module, you can use `pyimport_conda("pytorch", PKG)`,
│ where PKG is the Anaconda package the contains the module pytorch,
│ or alternatively you can use the Conda package directly (via
│ `using Conda` followed by `Conda.add` etcetera).
│ 
│ ) <class 'ModuleNotFoundError'>
│ ModuleNotFoundError("No module named 'pytorch'",)
└ @ Pkg.Operations /buildworker/worker/package_linux64/build/usr/share/julia/stdlib/v1.5/Pkg/src/Operations.jl:883
   Testing NTNk
  Updating `/tmp/jl_EghY50/Project.toml`
 [no changes]
  Updating `/tmp/jl_EghY50/Manifest.toml`
 [no changes]
Running sandbox
Status `/tmp/jl_EghY50/Project.toml`
  [e40cd9e2] NMFk v0.4.3
  [1226e131] NTFk v0.1.3
  [530fd2b5] NTNk v0.1.2
  [9a3f8284] Random 
  [8dfed614] Test 
WARNING: Method definition savehtml(IO, PlotlyBase.Plot{TT} where TT<:PlotlyBase.AbstractTrace) in module PlotlyBase at /home/pkgeval/.julia/packages/PlotlyBase/80KwD/src/output.jl:40 overwritten in module PlotlyJS at /home/pkgeval/.julia/packages/PlotlyJS/b9Efu/src/display.jl:334.
  ** incremental compilation may be fatally broken for this module **

WARNING: Method definition savehtml(PlotlyBase.Plot{TT} where TT<:PlotlyBase.AbstractTrace, AbstractString) in module PlotlyBase at /home/pkgeval/.julia/packages/PlotlyBase/80KwD/src/output.jl:52 overwritten in module PlotlyJS at /home/pkgeval/.julia/packages/PlotlyJS/b9Efu/src/display.jl:361.
  ** incremental compilation may be fatally broken for this module **

WARNING: Method definition savehtml(IO, PlotlyBase.Plot{TT} where TT<:PlotlyBase.AbstractTrace) in module PlotlyBase at /home/pkgeval/.julia/packages/PlotlyBase/80KwD/src/output.jl:40 overwritten in module PlotlyJS at /home/pkgeval/.julia/packages/PlotlyJS/b9Efu/src/display.jl:334.
  ** incremental compilation may be fatally broken for this module **

WARNING: Method definition savehtml(PlotlyBase.Plot{TT} where TT<:PlotlyBase.AbstractTrace, AbstractString) in module PlotlyBase at /home/pkgeval/.julia/packages/PlotlyBase/80KwD/src/output.jl:52 overwritten in module PlotlyJS at /home/pkgeval/.julia/packages/PlotlyJS/b9Efu/src/display.jl:361.
  ** incremental compilation may be fatally broken for this module **

WARNING: Method definition savehtml(IO, PlotlyBase.Plot{TT} where TT<:PlotlyBase.AbstractTrace) in module PlotlyBase at /home/pkgeval/.julia/packages/PlotlyBase/80KwD/src/output.jl:40 overwritten in module PlotlyJS at /home/pkgeval/.julia/packages/PlotlyJS/b9Efu/src/display.jl:334.
  ** incremental compilation may be fatally broken for this module **

WARNING: Method definition savehtml(PlotlyBase.Plot{TT} where TT<:PlotlyBase.AbstractTrace, AbstractString) in module PlotlyBase at /home/pkgeval/.julia/packages/PlotlyBase/80KwD/src/output.jl:52 overwritten in module PlotlyJS at /home/pkgeval/.julia/packages/PlotlyJS/b9Efu/src/display.jl:361.
  ** incremental compilation may be fatally broken for this module **

WARNING: Method definition sankey(AbstractArray{T, 1} where T, AbstractArray{T, 1} where T) in module NMFk at /home/pkgeval/.julia/packages/NMFk/fKmJU/src/NMFkPlot.jl:325 overwritten at /home/pkgeval/.julia/packages/NMFk/fKmJU/src/NMFkPlot.jl:394.
  ** incremental compilation may be fatally broken for this module **

WARNING: Method definition sankey##kw(Any, typeof(NMFk.sankey), AbstractArray{T, 1} where T, AbstractArray{T, 1} where T) in module NMFk at /home/pkgeval/.julia/packages/NMFk/fKmJU/src/NMFkPlot.jl:325 overwritten at /home/pkgeval/.julia/packages/NMFk/fKmJU/src/NMFkPlot.jl:394.
  ** incremental compilation may be fatally broken for this module **

[1mNMFk: Nonnegative Matrix Factorization + k-means clustering[0m
====

[1m[34m  _     _  [1m[31m _      _  [1m[32m _______   [1m[35m_[0m
[1m[34m |  \  | | [1m[31m|  \  /  | [1m[32m|  _____| [1m[35m| |  _[0m
[1m[34m | . \ | | [1m[31m| . \/ . | [1m[32m| |___    [1m[35m| | / /[0m
[1m[34m | |\ \| | [1m[31m| |\  /| | [1m[32m|  ___|   [1m[35m| |/ /[0m
[1m[34m | | \ ' | [1m[31m| | \/ | | [1m[32m| |       [1m[35m|   ([0m
[1m[34m | |  \  | [1m[31m| |    | | [1m[32m| |       [1m[35m| |\ \[0m
[1m[34m |_|   \_| [1m[31m|_|    |_| [1m[32m|_|       [1m[35m|_| \_\[0m

NMFk performs unsupervised machine learning based on matrix decomposition coupled with sparsity and nonnegativity constraints.
NMFk methodology allows for automatic identification of the optimal number of features (signals) present in two-dimensional data arrays (matrices).
The number of features is estimated automatically.
WARNING: Method definition savehtml(IO, PlotlyBase.Plot{TT} where TT<:PlotlyBase.AbstractTrace) in module PlotlyBase at /home/pkgeval/.julia/packages/PlotlyBase/80KwD/src/output.jl:40 overwritten in module PlotlyJS at /home/pkgeval/.julia/packages/PlotlyJS/b9Efu/src/display.jl:334.
  ** incremental compilation may be fatally broken for this module **

WARNING: Method definition savehtml(PlotlyBase.Plot{TT} where TT<:PlotlyBase.AbstractTrace, AbstractString) in module PlotlyBase at /home/pkgeval/.julia/packages/PlotlyBase/80KwD/src/output.jl:52 overwritten in module PlotlyJS at /home/pkgeval/.julia/packages/PlotlyJS/b9Efu/src/display.jl:361.
  ** incremental compilation may be fatally broken for this module **

WARNING: Method definition savehtml(IO, PlotlyBase.Plot{TT} where TT<:PlotlyBase.AbstractTrace) in module PlotlyBase at /home/pkgeval/.julia/packages/PlotlyBase/80KwD/src/output.jl:40 overwritten in module PlotlyJS at /home/pkgeval/.julia/packages/PlotlyJS/b9Efu/src/display.jl:334.
  ** incremental compilation may be fatally broken for this module **

WARNING: Method definition savehtml(PlotlyBase.Plot{TT} where TT<:PlotlyBase.AbstractTrace, AbstractString) in module PlotlyBase at /home/pkgeval/.julia/packages/PlotlyBase/80KwD/src/output.jl:52 overwritten in module PlotlyJS at /home/pkgeval/.julia/packages/PlotlyJS/b9Efu/src/display.jl:361.
  ** incremental compilation may be fatally broken for this module **

ERROR: LoadError: LoadError: UndefVarError: installed not defined
Stacktrace:
 [1] @tryimport(::LineNumberNode, ::Module, ::Symbol) at /home/pkgeval/.julia/packages/Mads/6Fc5K/src/Mads.jl:82
 [2] include(::Module, ::String) at ./Base.jl:377
 [3] top-level scope at none:2
 [4] eval at ./boot.jl:331 [inlined]
 [5] eval(::Expr) at ./client.jl:449
 [6] top-level scope at ./none:3
in expression starting at /home/pkgeval/.julia/packages/Mads/6Fc5K/src/Mads.jl:118
in expression starting at /home/pkgeval/.julia/packages/Mads/6Fc5K/src/Mads.jl:117
ERROR: LoadError: Failed to precompile Mads [d6bdc55b-bd94-5012-933c-1f73fc2ee992] to /home/pkgeval/.julia/compiled/v1.5/Mads/P7IWT_YOf2L.ji.
Stacktrace:
 [1] error(::String) at ./error.jl:33
 [2] compilecache(::Base.PkgId, ::String) at ./loading.jl:1270
 [3] _require(::Base.PkgId) at ./loading.jl:1029
 [4] require(::Base.PkgId) at ./loading.jl:927
 [5] require(::Module, ::Symbol) at ./loading.jl:922
 [6] include(::Module, ::String) at ./Base.jl:377
 [7] top-level scope at none:2
 [8] eval at ./boot.jl:331 [inlined]
 [9] eval(::Expr) at ./client.jl:449
 [10] top-level scope at ./none:3
in expression starting at /home/pkgeval/.julia/packages/CanDecomp/Ki7DQ/src/CanDecomp.jl:11
ERROR: LoadError: Failed to precompile CanDecomp [6c57e878-bc0a-5706-8331-d2cb71f7d6e8] to /home/pkgeval/.julia/compiled/v1.5/CanDecomp/C1VcN_YOf2L.ji.
Stacktrace:
 [1] error(::String) at ./error.jl:33
 [2] compilecache(::Base.PkgId, ::String) at ./loading.jl:1270
 [3] _require(::Base.PkgId) at ./loading.jl:1029
 [4] require(::Base.PkgId) at ./loading.jl:927
 [5] require(::Module, ::Symbol) at ./loading.jl:922
 [6] include(::Module, ::String) at ./Base.jl:377
 [7] top-level scope at none:2
 [8] eval at ./boot.jl:331 [inlined]
 [9] eval(::Expr) at ./client.jl:449
 [10] top-level scope at ./none:3
in expression starting at /home/pkgeval/.julia/packages/NTFk/AIDfQ/src/NTFk.jl:34
ERROR: LoadError: Failed to precompile NTFk [1226e131-0b97-51f8-8a3f-c1798118cd52] to /home/pkgeval/.julia/compiled/v1.5/NTFk/BitEf_YOf2L.ji.
Stacktrace:
 [1] error(::String) at ./error.jl:33
 [2] compilecache(::Base.PkgId, ::String) at ./loading.jl:1270
 [3] _require(::Base.PkgId) at ./loading.jl:1029
 [4] require(::Base.PkgId) at ./loading.jl:927
 [5] require(::Module, ::Symbol) at ./loading.jl:922
 [6] include(::Module, ::String) at ./Base.jl:377
 [7] top-level scope at none:2
 [8] eval at ./boot.jl:331 [inlined]
 [9] eval(::Expr) at ./client.jl:449
 [10] top-level scope at ./none:3
in expression starting at /home/pkgeval/.julia/packages/NTNk/ia2wM/src/NTNk.jl:23
ERROR: LoadError: Failed to precompile NTNk [530fd2b5-bc52-54ba-93c2-82eb6468edee] to /home/pkgeval/.julia/compiled/v1.5/NTNk/B1hyD_YOf2L.ji.
Stacktrace:
 [1] error(::String) at ./error.jl:33
 [2] compilecache(::Base.PkgId, ::String) at ./loading.jl:1270
 [3] _require(::Base.PkgId) at ./loading.jl:1029
 [4] require(::Base.PkgId) at ./loading.jl:927
 [5] require(::Module, ::Symbol) at ./loading.jl:922
 [6] include(::String) at ./client.jl:439
 [7] top-level scope at none:6
in expression starting at /home/pkgeval/.julia/packages/NTNk/ia2wM/test/runtests.jl:1
err = ProcessFailedException(Base.Process[Process(`/opt/julia/bin/julia -Cnative -J/opt/julia/lib/julia/sys.so -g1 --code-coverage=none --color=no --compiled-modules=yes --check-bounds=yes --inline=yes --startup-file=no --track-allocation=none --eval 'append!(empty!(Base.DEPOT_PATH), ["/home/pkgeval/.julia", "/opt/julia/local/share/julia", "/opt/julia/share/julia", "/usr/local/share/julia"])
append!(empty!(Base.DL_LOAD_PATH), String[])

cd("/home/pkgeval/.julia/packages/NTNk/ia2wM/test")
append!(empty!(ARGS), String[])
include("/home/pkgeval/.julia/packages/NTNk/ia2wM/test/runtests.jl")
'`, ProcessExited(1))])
ERROR: Package NTNk errored during testing
Stacktrace:
 [1] pkgerror(::String, ::Vararg{String,N} where N) at /buildworker/worker/package_linux64/build/usr/share/julia/stdlib/v1.5/Pkg/src/Types.jl:54
 [2] test(::Pkg.Types.Context, ::Array{Pkg.Types.PackageSpec,1}; coverage::Bool, julia_args::Cmd, test_args::Cmd, test_fn::Nothing) at /buildworker/worker/package_linux64/build/usr/share/julia/stdlib/v1.5/Pkg/src/Operations.jl:1471
 [3] test(::Pkg.Types.Context, ::Array{Pkg.Types.PackageSpec,1}; coverage::Bool, test_fn::Nothing, julia_args::Cmd, test_args::Cmd, kwargs::Base.Iterators.Pairs{Union{},Union{},Tuple{},NamedTuple{(),Tuple{}}}) at /buildworker/worker/package_linux64/build/usr/share/julia/stdlib/v1.5/Pkg/src/API.jl:313
 [4] test(::Pkg.Types.Context, ::Array{Pkg.Types.PackageSpec,1}) at /buildworker/worker/package_linux64/build/usr/share/julia/stdlib/v1.5/Pkg/src/API.jl:300
 [5] #test#66 at /buildworker/worker/package_linux64/build/usr/share/julia/stdlib/v1.5/Pkg/src/API.jl:294 [inlined]
 [6] test at /buildworker/worker/package_linux64/build/usr/share/julia/stdlib/v1.5/Pkg/src/API.jl:294 [inlined]
 [7] #test#65 at /buildworker/worker/package_linux64/build/usr/share/julia/stdlib/v1.5/Pkg/src/API.jl:293 [inlined]
 [8] test at /buildworker/worker/package_linux64/build/usr/share/julia/stdlib/v1.5/Pkg/src/API.jl:293 [inlined]
 [9] test(::String; kwargs::Base.Iterators.Pairs{Union{},Union{},Tuple{},NamedTuple{(),Tuple{}}}) at /buildworker/worker/package_linux64/build/usr/share/julia/stdlib/v1.5/Pkg/src/API.jl:292
 [10] test(::String) at /buildworker/worker/package_linux64/build/usr/share/julia/stdlib/v1.5/Pkg/src/API.jl:292
 [11] top-level scope at none:13
