Julia Version 1.3.2-pre.0
Commit 2e6715c045 (2019-12-31 00:49 UTC)
Platform Info:
  OS: Linux (x86_64-linux-gnu)
  CPU: Intel(R) Xeon(R) Silver 4114 CPU @ 2.20GHz
  WORD_SIZE: 64
  LIBM: libopenlibm
  LLVM: libLLVM-6.0.1 (ORCJIT, skylake)
Environment:
  JULIA_DEPOT_PATH = ::/usr/local/share/julia
  JULIA_NUM_THREADS = 2

 Resolving package versions...
 Installed Reexport ──────────────────── v0.2.0
 Installed CrystalInfoFramework ──────── v0.1.0
 Installed URIParser ─────────────────── v0.4.0
 Installed DataValueInterfaces ───────── v1.0.0
 Installed DataAPI ───────────────────── v1.1.0
 Installed TableTraits ───────────────── v1.0.0
 Installed DataStructures ────────────── v0.17.9
 Installed DataFrames ────────────────── v0.20.0
 Installed PooledArrays ──────────────── v0.5.3
 Installed Missings ──────────────────── v0.4.3
 Installed Tables ────────────────────── v0.2.11
 Installed IteratorInterfaceExtensions ─ v1.0.0
 Installed OrderedCollections ────────── v1.1.0
 Installed Parsers ───────────────────── v0.3.11
 Installed Compat ────────────────────── v3.2.0
 Installed JSON ──────────────────────── v0.21.0
 Installed InvertedIndices ───────────── v1.0.0
 Installed SortingAlgorithms ─────────── v0.3.1
 Installed CategoricalArrays ─────────── v0.7.7
  Updating `~/.julia/environments/v1.3/Project.toml`
  [6007d9b0] + CrystalInfoFramework v0.1.0
  Updating `~/.julia/environments/v1.3/Manifest.toml`
  [324d7699] + CategoricalArrays v0.7.7
  [34da2185] + Compat v3.2.0
  [6007d9b0] + CrystalInfoFramework v0.1.0
  [9a962f9c] + DataAPI v1.1.0
  [a93c6f00] + DataFrames v0.20.0
  [864edb3b] + DataStructures v0.17.9
  [e2d170a0] + DataValueInterfaces v1.0.0
  [41ab1584] + InvertedIndices v1.0.0
  [82899510] + IteratorInterfaceExtensions v1.0.0
  [682c06a0] + JSON v0.21.0
  [e1d29d7a] + Missings v0.4.3
  [bac558e1] + OrderedCollections v1.1.0
  [69de0a69] + Parsers v0.3.11
  [2dfb63ee] + PooledArrays v0.5.3
  [189a3867] + Reexport v0.2.0
  [a2af1166] + SortingAlgorithms v0.3.1
  [3783bdb8] + TableTraits v1.0.0
  [bd369af6] + Tables v0.2.11
  [30578b45] + URIParser v0.4.0
  [2a0f44e3] + Base64 
  [ade2ca70] + Dates 
  [8bb1440f] + DelimitedFiles 
  [8ba89e20] + Distributed 
  [9fa8497b] + Future 
  [b77e0a4c] + InteractiveUtils 
  [76f85450] + LibGit2 
  [8f399da3] + Libdl 
  [37e2e46d] + LinearAlgebra 
  [56ddb016] + Logging 
  [d6f4376e] + Markdown 
  [a63ad114] + Mmap 
  [44cfe95a] + Pkg 
  [de0858da] + Printf 
  [3fa0cd96] + REPL 
  [9a3f8284] + Random 
  [ea8e919c] + SHA 
  [9e88b42a] + Serialization 
  [1a1011a3] + SharedArrays 
  [6462fe0b] + Sockets 
  [2f01184e] + SparseArrays 
  [10745b16] + Statistics 
  [8dfed614] + Test 
  [cf7118a7] + UUIDs 
  [4ec0a83e] + Unicode 
   Testing CrystalInfoFramework
 Resolving package versions...
  Updating `/tmp/jl_5VsCbX/Project.toml`
  [6007d9b0] + CrystalInfoFramework v0.1.0
  Updating `/tmp/jl_5VsCbX/Manifest.toml`
 [no changes]
[ Info: Running Sandbox
    Status `/tmp/jl_5VsCbX/Project.toml`
  [6007d9b0] CrystalInfoFramework v0.1.0
  [a93c6f00] DataFrames v0.20.0
  [8dfed614] Test 
Test simple CIF creation and destruction: Error During Test at /home/pkgeval/.julia/packages/CrystalInfoFramework/JTcHO/test/creation.jl:8
  Test threw exception
  Expression: begin
    p = NativeCif(joinpath(testdir, "simple_data.cif"))
    b = p["simple_data"]
    t = b["_numb_su"]
    true
end
  error compiling NativeCif: error compiling #NativeCif#42: error compiling handle_block_start: error compiling get_block_code: could not load library "libcif"
  libcif.so: cannot open shared object file: No such file or directory
  Stacktrace:
   [1] top-level scope at /home/pkgeval/.julia/packages/CrystalInfoFramework/JTcHO/test/creation.jl:8
   [2] top-level scope at /workspace/srcdir/usr/share/julia/stdlib/v1.3/Test/src/Test.jl:1107
   [3] top-level scope at /home/pkgeval/.julia/packages/CrystalInfoFramework/JTcHO/test/creation.jl:8
  caused by [exception 4]
  error compiling #NativeCif#42: error compiling handle_block_start: error compiling get_block_code: could not load library "libcif"
  libcif.so: cannot open shared object file: No such file or directory
  Stacktrace:
   [1] top-level scope at /home/pkgeval/.julia/packages/CrystalInfoFramework/JTcHO/test/creation.jl:8
   [2] top-level scope at /workspace/srcdir/usr/share/julia/stdlib/v1.3/Test/src/Test.jl:1107
   [3] top-level scope at /home/pkgeval/.julia/packages/CrystalInfoFramework/JTcHO/test/creation.jl:8
  caused by [exception 3]
  error compiling handle_block_start: error compiling get_block_code: could not load library "libcif"
  libcif.so: cannot open shared object file: No such file or directory
  Stacktrace:
   [1] top-level scope at /home/pkgeval/.julia/packages/CrystalInfoFramework/JTcHO/test/creation.jl:8
   [2] top-level scope at /workspace/srcdir/usr/share/julia/stdlib/v1.3/Test/src/Test.jl:1107
   [3] top-level scope at /home/pkgeval/.julia/packages/CrystalInfoFramework/JTcHO/test/creation.jl:8
  caused by [exception 2]
  error compiling get_block_code: could not load library "libcif"
  libcif.so: cannot open shared object file: No such file or directory
  Stacktrace:
   [1] top-level scope at /home/pkgeval/.julia/packages/CrystalInfoFramework/JTcHO/test/creation.jl:8
   [2] top-level scope at /workspace/srcdir/usr/share/julia/stdlib/v1.3/Test/src/Test.jl:1107
   [3] top-level scope at /home/pkgeval/.julia/packages/CrystalInfoFramework/JTcHO/test/creation.jl:8
  caused by [exception 1]
  could not load library "libcif"
  libcif.so: cannot open shared object file: No such file or directory
  Stacktrace:
   [1] top-level scope at /home/pkgeval/.julia/packages/CrystalInfoFramework/JTcHO/test/creation.jl:8
   [2] top-level scope at /workspace/srcdir/usr/share/julia/stdlib/v1.3/Test/src/Test.jl:1107
   [3] top-level scope at /home/pkgeval/.julia/packages/CrystalInfoFramework/JTcHO/test/creation.jl:8
  
Test simple CIF creation and destruction: Error During Test at /home/pkgeval/.julia/packages/CrystalInfoFramework/JTcHO/test/creation.jl:20
  Test threw exception
  Expression: begin
    p = NativeCif(joinpath(testdir, "simple_data.cif"))
    true
end
  error compiling NativeCif: error compiling #NativeCif#42: error compiling handle_block_start: error compiling get_block_code: could not load library "libcif"
  libcif.so: cannot open shared object file: No such file or directory
  Stacktrace:
   [1] top-level scope at /home/pkgeval/.julia/packages/CrystalInfoFramework/JTcHO/test/creation.jl:20
   [2] top-level scope at /workspace/srcdir/usr/share/julia/stdlib/v1.3/Test/src/Test.jl:1107
   [3] top-level scope at /home/pkgeval/.julia/packages/CrystalInfoFramework/JTcHO/test/creation.jl:8
  caused by [exception 4]
  error compiling #NativeCif#42: error compiling handle_block_start: error compiling get_block_code: could not load library "libcif"
  libcif.so: cannot open shared object file: No such file or directory
  Stacktrace:
   [1] top-level scope at /home/pkgeval/.julia/packages/CrystalInfoFramework/JTcHO/test/creation.jl:20
   [2] top-level scope at /workspace/srcdir/usr/share/julia/stdlib/v1.3/Test/src/Test.jl:1107
   [3] top-level scope at /home/pkgeval/.julia/packages/CrystalInfoFramework/JTcHO/test/creation.jl:8
  caused by [exception 3]
  error compiling handle_block_start: error compiling get_block_code: could not load library "libcif"
  libcif.so: cannot open shared object file: No such file or directory
  Stacktrace:
   [1] top-level scope at /home/pkgeval/.julia/packages/CrystalInfoFramework/JTcHO/test/creation.jl:20
   [2] top-level scope at /workspace/srcdir/usr/share/julia/stdlib/v1.3/Test/src/Test.jl:1107
   [3] top-level scope at /home/pkgeval/.julia/packages/CrystalInfoFramework/JTcHO/test/creation.jl:8
  caused by [exception 2]
  error compiling get_block_code: could not load library "libcif"
  libcif.so: cannot open shared object file: No such file or directory
  Stacktrace:
   [1] top-level scope at /home/pkgeval/.julia/packages/CrystalInfoFramework/JTcHO/test/creation.jl:20
   [2] top-level scope at /workspace/srcdir/usr/share/julia/stdlib/v1.3/Test/src/Test.jl:1107
   [3] top-level scope at /home/pkgeval/.julia/packages/CrystalInfoFramework/JTcHO/test/creation.jl:8
  caused by [exception 1]
  could not load library "libcif"
  libcif.so: cannot open shared object file: No such file or directory
  Stacktrace:
   [1] top-level scope at /home/pkgeval/.julia/packages/CrystalInfoFramework/JTcHO/test/creation.jl:20
   [2] top-level scope at /workspace/srcdir/usr/share/julia/stdlib/v1.3/Test/src/Test.jl:1107
   [3] top-level scope at /home/pkgeval/.julia/packages/CrystalInfoFramework/JTcHO/test/creation.jl:8
  
Test Summary:                            | Pass  Error  Total
Test simple CIF creation and destruction |    1      2      3
ERROR: LoadError: LoadError: Some tests did not pass: 1 passed, 0 failed, 2 errored, 0 broken.
in expression starting at /home/pkgeval/.julia/packages/CrystalInfoFramework/JTcHO/test/creation.jl:6
in expression starting at /home/pkgeval/.julia/packages/CrystalInfoFramework/JTcHO/test/runtests.jl:12
ERROR: Package CrystalInfoFramework errored during testing
Stacktrace:
 [1] pkgerror(::String, ::Vararg{String,N} where N) at /workspace/srcdir/usr/share/julia/stdlib/v1.3/Pkg/src/Types.jl:113
 [2] #test#131(::Bool, ::Nothing, ::Cmd, ::Cmd, ::typeof(Pkg.Operations.test), ::Pkg.Types.Context, ::Array{Pkg.Types.PackageSpec,1}) at /workspace/srcdir/usr/share/julia/stdlib/v1.3/Pkg/src/Operations.jl:1372
 [3] #test at ./none:0 [inlined]
 [4] #test#62(::Bool, ::Nothing, ::Cmd, ::Cmd, ::Base.Iterators.Pairs{Union{},Union{},Tuple{},NamedTuple{(),Tuple{}}}, ::typeof(Pkg.API.test), ::Pkg.Types.Context, ::Array{Pkg.Types.PackageSpec,1}) at /workspace/srcdir/usr/share/julia/stdlib/v1.3/Pkg/src/API.jl:253
 [5] test(::Pkg.Types.Context, ::Array{Pkg.Types.PackageSpec,1}) at /workspace/srcdir/usr/share/julia/stdlib/v1.3/Pkg/src/API.jl:239
 [6] #test#61 at /workspace/srcdir/usr/share/julia/stdlib/v1.3/Pkg/src/API.jl:233 [inlined]
 [7] test at /workspace/srcdir/usr/share/julia/stdlib/v1.3/Pkg/src/API.jl:233 [inlined]
 [8] #test#60 at /workspace/srcdir/usr/share/julia/stdlib/v1.3/Pkg/src/API.jl:232 [inlined]
 [9] test at /workspace/srcdir/usr/share/julia/stdlib/v1.3/Pkg/src/API.jl:232 [inlined]
 [10] #test#59(::Base.Iterators.Pairs{Union{},Union{},Tuple{},NamedTuple{(),Tuple{}}}, ::typeof(Pkg.API.test), ::String) at /workspace/srcdir/usr/share/julia/stdlib/v1.3/Pkg/src/API.jl:231
 [11] test(::String) at /workspace/srcdir/usr/share/julia/stdlib/v1.3/Pkg/src/API.jl:231
 [12] top-level scope at none:13
