Current time is 2020-10-25T23:25:13.374
Julia Version 1.5.3-pre.0
Commit 5905edebb1 (2020-09-24 05:09 UTC)
Platform Info:
  OS: Linux (x86_64-pc-linux-gnu)
  CPU: AMD EPYC 7502 32-Core Processor
  WORD_SIZE: 64
  LIBM: libopenlibm
  LLVM: libLLVM-9.0.1 (ORCJIT, znver2)
Environment:
  JULIA_DEPOT_PATH = ::/usr/local/share/julia
  JULIA_NUM_THREADS = 2
  JULIA_MAX_NUM_PRECOMPILE_FILES = 9223372036854775807
  JULIA_PKG_SERVER = 

Starting installation at 2020-10-25T23:25:16.31
  Resolving package versions...
  Installed OpenMPI_jll ────────────────── v4.0.2+2
  Installed MPICH_jll ──────────────────── v3.3.2+10
  Installed Strided ────────────────────── v1.1.1
  Installed Conda ──────────────────────── v1.4.1
  Installed MacroTools ─────────────────── v0.5.6
  Installed Requires ───────────────────── v1.1.0
  Installed Devito ─────────────────────── v0.1.0
  Installed DocStringExtensions ────────── v0.8.3
  Installed Artifacts ──────────────────── v1.3.0
  Installed CompilerSupportLibraries_jll ─ v0.3.4+0
  Installed Parsers ────────────────────── v1.0.11
  Installed JSON ───────────────────────── v0.21.1
  Installed JLLWrappers ────────────────── v1.1.3
  Installed VersionParsing ─────────────── v1.2.0
  Installed TupleTools ─────────────────── v1.2.0
  Installed MPI ────────────────────────── v0.15.1
  Installed PyCall ─────────────────────── v1.92.1
  Installed MicrosoftMPI_jll ───────────── v10.1.2+3
Updating `~/.julia/environments/v1.5/Project.toml`
  [06ed14b1] + Devito v0.1.0
Updating `~/.julia/environments/v1.5/Manifest.toml`
  [56f22d72] + Artifacts v1.3.0
  [e66e0078] + CompilerSupportLibraries_jll v0.3.4+0
  [8f4d0f93] + Conda v1.4.1
  [06ed14b1] + Devito v0.1.0
  [ffbed154] + DocStringExtensions v0.8.3
  [692b3bcd] + JLLWrappers v1.1.3
  [682c06a0] + JSON v0.21.1
  [da04e1cc] + MPI v0.15.1
  [7cb0a576] + MPICH_jll v3.3.2+10
  [1914dd2f] + MacroTools v0.5.6
  [9237b28f] + MicrosoftMPI_jll v10.1.2+3
  [fe0851c0] + OpenMPI_jll v4.0.2+2
  [69de0a69] + Parsers v1.0.11
  [438e738f] + PyCall v1.92.1
  [ae029012] + Requires v1.1.0
  [5e0ebb24] + Strided v1.1.1
  [9d95972d] + TupleTools v1.2.0
  [81def892] + VersionParsing v1.2.0
  [2a0f44e3] + Base64
  [ade2ca70] + Dates
  [8ba89e20] + Distributed
  [b77e0a4c] + InteractiveUtils
  [76f85450] + LibGit2
  [8f399da3] + Libdl
  [37e2e46d] + LinearAlgebra
  [56ddb016] + Logging
  [d6f4376e] + Markdown
  [a63ad114] + Mmap
  [44cfe95a] + Pkg
  [de0858da] + Printf
  [3fa0cd96] + REPL
  [9a3f8284] + Random
  [ea8e919c] + SHA
  [9e88b42a] + Serialization
  [6462fe0b] + Sockets
  [8dfed614] + Test
  [cf7118a7] + UUIDs
  [4ec0a83e] + Unicode
   Building MPI ───→ `~/.julia/packages/MPI/z1lDn/deps/build.log`
   Building Conda ─→ `~/.julia/packages/Conda/3rPhK/deps/build.log`
   Building PyCall → `~/.julia/packages/PyCall/BcTLp/deps/build.log`
   Building Devito → `~/.julia/packages/Devito/20atZ/deps/build.log`
┌ Error: Error building `Devito`: 
│ Collecting package metadata (current_repodata.json): ...working... done
│ Solving environment: ...working... done
│ 
│ # All requested packages already installed.
│ 
│ Collecting git+https://github.com/devitocodes/devito.git
│   Cloning https://github.com/devitocodes/devito.git to /tmp/pip-req-build-kr08luk6
│ Requirement already satisfied: pip>=9.0.1 in /home/pkgeval/.julia/conda/3/lib/python3.8/site-packages (from devito==4.2.3+251.g1bcfb0bf8) (20.2.4)
│ Requirement already satisfied: numpy>1.16 in /home/pkgeval/.julia/conda/3/lib/python3.8/site-packages (from devito==4.2.3+251.g1bcfb0bf8) (1.19.2)
│ Collecting sympy<1.6
│   Downloading sympy-1.5.1-py2.py3-none-any.whl (5.6 MB)
│ Collecting scipy
│   Downloading scipy-1.5.3-cp38-cp38-manylinux1_x86_64.whl (25.8 MB)
│ Collecting pytest<7.0,>=3.6
│   Downloading pytest-6.1.1-py3-none-any.whl (272 kB)
│ Collecting pytest-runner
│   Downloading pytest_runner-5.2-py2.py3-none-any.whl (6.8 kB)
│ Collecting flake8>=2.1.0
│   Downloading flake8-3.8.4-py2.py3-none-any.whl (72 kB)
│ Collecting nbval
│   Downloading nbval-0.9.6-py2.py3-none-any.whl (23 kB)
│ Collecting cached-property
│   Downloading cached_property-1.5.2-py2.py3-none-any.whl (7.6 kB)
│ Collecting psutil>=5.1.0
│   Downloading psutil-5.7.3.tar.gz (465 kB)
│ Collecting py-cpuinfo
│   Downloading py-cpuinfo-7.0.0.tar.gz (95 kB)
│ Collecting cgen>=2020.1
│   Downloading cgen-2020.1.tar.gz (19 kB)
│ Collecting codepy>=2019.1
│   Downloading codepy-2019.1.tar.gz (24 kB)
│ Collecting click
│   Downloading click-7.1.2-py2.py3-none-any.whl (82 kB)
│ Collecting codecov
│   Downloading codecov-2.1.10-py2.py3-none-any.whl (16 kB)
│ Collecting pytest-cov
│   Downloading pytest_cov-2.10.1-py2.py3-none-any.whl (19 kB)
│ Collecting multidict
│   Downloading multidict-5.0.0-cp38-cp38-manylinux2014_x86_64.whl (159 kB)
│ Collecting anytree>=2.4.3
│   Downloading anytree-2.8.0-py2.py3-none-any.whl (41 kB)
│ Collecting pyrevolve>=2.1.3
│   Downloading pyrevolve-2.2.tar.gz (191 kB)
│ Collecting distributed<2.31
│   Downloading distributed-2.30.0-py3-none-any.whl (656 kB)
│ Collecting mpmath>=0.19
│   Downloading mpmath-1.1.0.tar.gz (512 kB)
│ Collecting packaging
│   Downloading packaging-20.4-py2.py3-none-any.whl (37 kB)
│ Collecting iniconfig
│   Downloading iniconfig-1.1.1-py2.py3-none-any.whl (5.0 kB)
│ Collecting attrs>=17.4.0
│   Downloading attrs-20.2.0-py2.py3-none-any.whl (48 kB)
│ Collecting pluggy<1.0,>=0.12
│   Downloading pluggy-0.13.1-py2.py3-none-any.whl (18 kB)
│ Collecting toml
│   Downloading toml-0.10.1-py2.py3-none-any.whl (19 kB)
│ Collecting py>=1.8.2
│   Downloading py-1.9.0-py2.py3-none-any.whl (99 kB)
│ Collecting mccabe<0.7.0,>=0.6.0
│   Downloading mccabe-0.6.1-py2.py3-none-any.whl (8.6 kB)
│ Collecting pyflakes<2.3.0,>=2.2.0
│   Downloading pyflakes-2.2.0-py2.py3-none-any.whl (66 kB)
│ Collecting pycodestyle<2.7.0,>=2.6.0a1
│   Downloading pycodestyle-2.6.0-py2.py3-none-any.whl (41 kB)
│ Collecting nbformat
│   Downloading nbformat-5.0.8-py3-none-any.whl (172 kB)
│ Collecting ipykernel
│   Downloading ipykernel-5.3.4-py3-none-any.whl (120 kB)
│ Collecting jupyter-client
│   Downloading jupyter_client-6.1.7-py3-none-any.whl (108 kB)
│ Requirement already satisfied: six in /home/pkgeval/.julia/conda/3/lib/python3.8/site-packages (from nbval->devito==4.2.3+251.g1bcfb0bf8) (1.15.0)
│ Collecting coverage
│   Downloading coverage-5.3-cp38-cp38-manylinux1_x86_64.whl (230 kB)
│ Collecting pytools>=2015.1.2
│   Downloading pytools-2020.4.3.tar.gz (62 kB)
│ Collecting appdirs>=1.4.0
│   Downloading appdirs-1.4.4-py2.py3-none-any.whl (9.6 kB)
│ Requirement already satisfied: requests>=2.7.9 in /home/pkgeval/.julia/conda/3/lib/python3.8/site-packages (from codecov->devito==4.2.3+251.g1bcfb0bf8) (2.24.0)
│ Collecting contexttimer
│   Downloading contexttimer-0.3.3.tar.gz (4.9 kB)
│ Collecting sortedcontainers!=2.0.0,!=2.0.1
│   Downloading sortedcontainers-2.2.2-py2.py3-none-any.whl (29 kB)
│ Collecting cloudpickle>=1.5.0
│   Downloading cloudpickle-1.6.0-py3-none-any.whl (23 kB)
│ Collecting toolz>=0.8.2
│   Downloading toolz-0.11.1-py3-none-any.whl (55 kB)
│ Collecting pyyaml
│   Downloading PyYAML-5.3.1.tar.gz (269 kB)
│ Collecting tornado>=6.0.3; python_version >= "3.8"
│   Downloading tornado-6.0.4.tar.gz (496 kB)
│ Requirement already satisfied: setuptools in /home/pkgeval/.julia/conda/3/lib/python3.8/site-packages (from distributed<2.31->devito==4.2.3+251.g1bcfb0bf8) (50.3.0.post20201006)
│ Collecting tblib>=1.6.0
│   Downloading tblib-1.7.0-py2.py3-none-any.whl (12 kB)
│ Collecting dask>=2.9.0
│   Downloading dask-2.30.0-py3-none-any.whl (848 kB)
│ Collecting msgpack>=0.6.0
│   Downloading msgpack-1.0.0-cp38-cp38-manylinux1_x86_64.whl (303 kB)
│ Collecting zict>=0.1.3
│   Downloading zict-2.0.0-py3-none-any.whl (10 kB)
│ Collecting pyparsing>=2.0.2
│   Downloading pyparsing-2.4.7-py2.py3-none-any.whl (67 kB)
│ Collecting jupyter-core
│   Downloading jupyter_core-4.6.3-py2.py3-none-any.whl (83 kB)
│ Collecting ipython-genutils
│   Downloading ipython_genutils-0.2.0-py2.py3-none-any.whl (26 kB)
│ Collecting traitlets>=4.1
│   Downloading traitlets-5.0.5-py3-none-any.whl (100 kB)
│ Collecting jsonschema!=2.5.0,>=2.4
│   Downloading jsonschema-3.2.0-py2.py3-none-any.whl (56 kB)
│ Collecting ipython>=5.0.0
│   Downloading ipython-7.18.1-py3-none-any.whl (786 kB)
│ Collecting pyzmq>=13
│   Downloading pyzmq-19.0.2-cp38-cp38-manylinux1_x86_64.whl (1.1 MB)
│ Collecting python-dateutil>=2.1
│   Downloading python_dateutil-2.8.1-py2.py3-none-any.whl (227 kB)
│ Collecting decorator>=3.2.0
│   Downloading decorator-4.4.2-py2.py3-none-any.whl (9.2 kB)
│ Requirement already satisfied: chardet<4,>=3.0.2 in /home/pkgeval/.julia/conda/3/lib/python3.8/site-packages (from requests>=2.7.9->codecov->devito==4.2.3+251.g1bcfb0bf8) (3.0.4)
│ Requirement already satisfied: urllib3!=1.25.0,!=1.25.1,<1.26,>=1.21.1 in /home/pkgeval/.julia/conda/3/lib/python3.8/site-packages (from requests>=2.7.9->codecov->devito==4.2.3+251.g1bcfb0bf8) (1.25.11)
│ Requirement already satisfied: certifi>=2017.4.17 in /home/pkgeval/.julia/conda/3/lib/python3.8/site-packages (from requests>=2.7.9->codecov->devito==4.2.3+251.g1bcfb0bf8) (2020.6.20)
│ Requirement already satisfied: idna<3,>=2.5 in /home/pkgeval/.julia/conda/3/lib/python3.8/site-packages (from requests>=2.7.9->codecov->devito==4.2.3+251.g1bcfb0bf8) (2.10)
│ Collecting heapdict
│   Downloading HeapDict-1.0.1-py3-none-any.whl (3.9 kB)
│ Collecting pyrsistent>=0.14.0
│   Downloading pyrsistent-0.17.3.tar.gz (106 kB)
│ Collecting prompt-toolkit!=3.0.0,!=3.0.1,<3.1.0,>=2.0.0
│   Downloading prompt_toolkit-3.0.8-py3-none-any.whl (355 kB)
│ Collecting jedi>=0.10
│   Downloading jedi-0.17.2-py2.py3-none-any.whl (1.4 MB)
│ Collecting backcall
│   Downloading backcall-0.2.0-py2.py3-none-any.whl (11 kB)
│ Collecting pexpect>4.3; sys_platform != "win32"
│   Downloading pexpect-4.8.0-py2.py3-none-any.whl (59 kB)
│ Collecting pickleshare
│   Downloading pickleshare-0.7.5-py2.py3-none-any.whl (6.9 kB)
│ Collecting pygments
│   Downloading Pygments-2.7.2-py3-none-any.whl (948 kB)
│ Collecting wcwidth
│   Downloading wcwidth-0.2.5-py2.py3-none-any.whl (30 kB)
│ Collecting parso<0.8.0,>=0.7.0
│   Downloading parso-0.7.1-py2.py3-none-any.whl (109 kB)
│ Collecting ptyprocess>=0.5
│   Downloading ptyprocess-0.6.0-py2.py3-none-any.whl (39 kB)
│ Building wheels for collected packages: devito, psutil, py-cpuinfo, cgen, codepy, pyrevolve, mpmath, pytools, contexttimer, pyyaml, tornado, pyrsistent
│   Building wheel for devito (setup.py): started
│   Building wheel for devito (setup.py): finished with status 'done'
│   Created wheel for devito: filename=devito-4.2.3+251.g1bcfb0bf8-py3-none-any.whl size=405934 sha256=f31be53fd5a3b55a0dda95e8a44c8479f2ef3025a12c1c4af8bdd9bdcdee8022
│   Stored in directory: /tmp/pip-ephem-wheel-cache-cys3s54i/wheels/18/38/2f/35f2aae0f3834b01341cd9272b43d4cf778e6f228808cf31b0
│   Building wheel for psutil (setup.py): started
│   Building wheel for psutil (setup.py): finished with status 'done'
│   Created wheel for psutil: filename=psutil-5.7.3-cp38-cp38-linux_x86_64.whl size=295099 sha256=a4c7cd66625bcb268d146a032d4afa61087940c17846df0f3f42a98c827a9ed4
│   Stored in directory: /home/pkgeval/.cache/pip/wheels/f6/59/c2/38111ef4c354088a156bc95fbeb5396c0cac91a0f62f7158b9
│   Building wheel for py-cpuinfo (setup.py): started
│   Building wheel for py-cpuinfo (setup.py): finished with status 'done'
│   Created wheel for py-cpuinfo: filename=py_cpuinfo-7.0.0-py3-none-any.whl size=20070 sha256=60e5b048a8bce2275f607245bd8c3fb7a417f71f9149d8e714392008e792518b
│   Stored in directory: /home/pkgeval/.cache/pip/wheels/b4/99/9f/8eb77fdf759c1380719071722f2c37dd0fa1f6aa477c51cb6c
│   Building wheel for cgen (setup.py): started
│   Building wheel for cgen (setup.py): finished with status 'done'
│   Created wheel for cgen: filename=cgen-2020.1-py3-none-any.whl size=15822 sha256=fbbdb181f423fabee7d2f214aab882a2e579f23d8b3c5914b8f8d5bc88107753
│   Stored in directory: /home/pkgeval/.cache/pip/wheels/f1/7c/34/5ea06ad75758a23a959da1268dad81f7e1191b424fb4318dd2
│   Building wheel for codepy (setup.py): started
│   Building wheel for codepy (setup.py): finished with status 'done'
│   Created wheel for codepy: filename=codepy-2019.1-py3-none-any.whl size=19313 sha256=7090887256cac271ce097b0eab9042878b713d47272c6e211dba28d7572e3050
│   Stored in directory: /home/pkgeval/.cache/pip/wheels/42/1f/3f/8c9d6eff98b2bacbf45771a1764eb26881c2d88c5d4e0ec75d
│   Building wheel for pyrevolve (setup.py): started
│   Building wheel for pyrevolve (setup.py): finished with status 'done'
│   Created wheel for pyrevolve: filename=pyrevolve-2.2-cp38-cp38-linux_x86_64.whl size=352328 sha256=0c2296011fa0c94585bd2f2aab43422b6f99e1fd965fc80608f1bbb7c9eadc83
│   Stored in directory: /home/pkgeval/.cache/pip/wheels/a6/f0/f9/a7cce2ae7bb69c398c146b9aaa38f3837abee3f63094297218
│   Building wheel for mpmath (setup.py): started
│   Building wheel for mpmath (setup.py): finished with status 'done'
│   Created wheel for mpmath: filename=mpmath-1.1.0-py3-none-any.whl size=532239 sha256=c565cd6de64551516a54857946c0dbc6a3ef1689ee0d4b06f4c58796f6d7e679
│   Stored in directory: /home/pkgeval/.cache/pip/wheels/29/2c/1c/d2e4580cde2743b0aef389e936ac21a2db92921ddbca53faa1
│   Building wheel for pytools (setup.py): started
│   Building wheel for pytools (setup.py): finished with status 'done'
│   Created wheel for pytools: filename=pytools-2020.4.3-py2.py3-none-any.whl size=61374 sha256=0b0b335374a70ca4f550d873e62019e599051c07a2f21c814f8fb3252e1444fe
│   Stored in directory: /home/pkgeval/.cache/pip/wheels/22/c7/47/a0973c96004cac56e61f9b13a55ebdb0a320e282156284db1b
│   Building wheel for contexttimer (setup.py): started
│   Building wheel for contexttimer (setup.py): finished with status 'done'
│   Created wheel for contexttimer: filename=contexttimer-0.3.3-py3-none-any.whl size=5816 sha256=7be902be9dadde91852315f38de1f31efe25f837ddf6a919000f68e9f3496e62
│   Stored in directory: /home/pkgeval/.cache/pip/wheels/70/dd/09/4924e45dc5912f71b971b6790958b5e82f88c9db95a7cb4969
│   Building wheel for pyyaml (setup.py): started
│   Building wheel for pyyaml (setup.py): finished with status 'done'
│   Created wheel for pyyaml: filename=PyYAML-5.3.1-cp38-cp38-linux_x86_64.whl size=44619 sha256=b2bf546ed93440732635a68c5eef111dd5ba732ef729abc28649d2237ad91d71
│   Stored in directory: /home/pkgeval/.cache/pip/wheels/13/90/db/290ab3a34f2ef0b5a0f89235dc2d40fea83e77de84ed2dc05c
│   Building wheel for tornado (setup.py): started
│   Building wheel for tornado (setup.py): finished with status 'done'
│   Created wheel for tornado: filename=tornado-6.0.4-cp38-cp38-linux_x86_64.whl size=428069 sha256=0943b8138cea32928dfc1a1a9b272ca44020027b4d774c35b4207246ebd1b07b
│   Stored in directory: /home/pkgeval/.cache/pip/wheels/88/79/e5/598ba17e85eccf2626eab62e4ee8452895636cd542650d450d
│   Building wheel for pyrsistent (setup.py): started
│   Building wheel for pyrsistent (setup.py): finished with status 'done'
│   Created wheel for pyrsistent: filename=pyrsistent-0.17.3-cp38-cp38-linux_x86_64.whl size=132291 sha256=41485b46e162e280a86e3d7155701471899c268b154b302238b49963995df088
│   Stored in directory: /home/pkgeval/.cache/pip/wheels/3d/22/08/7042eb6309c650c7b53615d5df5cc61f1ea9680e7edd3a08d2
│ Successfully built devito psutil py-cpuinfo cgen codepy pyrevolve mpmath pytools contexttimer pyyaml tornado pyrsistent
│ Installing collected packages: mpmath, sympy, scipy, pyparsing, packaging, iniconfig, attrs, pluggy, toml, py, pytest, pytest-runner, mccabe, pyflakes, pycodestyle, flake8, ipython-genutils, traitlets, jupyter-core, pyrsistent, jsonschema, nbformat, tornado, wcwidth, prompt-toolkit, decorator, parso, jedi, backcall, ptyprocess, pexpect, pickleshare, pygments, ipython, pyzmq, python-dateutil, jupyter-client, ipykernel, coverage, nbval, cached-property, psutil, py-cpuinfo, appdirs, pytools, cgen, codepy, click, codecov, pytest-cov, multidict, anytree, contexttimer, pyrevolve, sortedcontainers, cloudpickle, toolz, pyyaml, tblib, dask, msgpack, heapdict, zict, distributed, devito
│ Successfully installed anytree-2.8.0 appdirs-1.4.4 attrs-20.2.0 backcall-0.2.0 cached-property-1.5.2 cgen-2020.1 click-7.1.2 cloudpickle-1.6.0 codecov-2.1.10 codepy-2019.1 contexttimer-0.3.3 coverage-5.3 dask-2.30.0 decorator-4.4.2 devito-4.2.3+251.g1bcfb0bf8 distributed-2.30.0 flake8-3.8.4 heapdict-1.0.1 iniconfig-1.1.1 ipykernel-5.3.4 ipython-7.18.1 ipython-genutils-0.2.0 jedi-0.17.2 jsonschema-3.2.0 jupyter-client-6.1.7 jupyter-core-4.6.3 mccabe-0.6.1 mpmath-1.1.0 msgpack-1.0.0 multidict-5.0.0 nbformat-5.0.8 nbval-0.9.6 packaging-20.4 parso-0.7.1 pexpect-4.8.0 pickleshare-0.7.5 pluggy-0.13.1 prompt-toolkit-3.0.8 psutil-5.7.3 ptyprocess-0.6.0 py-1.9.0 py-cpuinfo-7.0.0 pycodestyle-2.6.0 pyflakes-2.2.0 pygments-2.7.2 pyparsing-2.4.7 pyrevolve-2.2 pyrsistent-0.17.3 pytest-6.1.1 pytest-cov-2.10.1 pytest-runner-5.2 python-dateutil-2.8.1 pytools-2020.4.3 pyyaml-5.3.1 pyzmq-19.0.2 scipy-1.5.3 sortedcontainers-2.2.2 sympy-1.5.1 tblib-1.7.0 toml-0.10.1 toolz-0.11.1 tornado-6.0.4 traitlets-5.0.5 wcwidth-0.2.5 zict-2.0.0
│ Collecting mpi4py
│   Downloading mpi4py-3.0.3.tar.gz (1.4 MB)
│ Building wheels for collected packages: mpi4py
│   Building wheel for mpi4py (setup.py): started
│   Building wheel for mpi4py (setup.py): finished with status 'error'
│   ERROR: Command errored out with exit status 1:
│    command: /home/pkgeval/.julia/conda/3/bin/python -u -c 'import sys, setuptools, tokenize; sys.argv[0] = '"'"'/tmp/pip-install-ysg_ft4_/mpi4py/setup.py'"'"'; __file__='"'"'/tmp/pip-install-ysg_ft4_/mpi4py/setup.py'"'"';f=getattr(tokenize, '"'"'open'"'"', open)(__file__);code=f.read().replace('"'"'\r\n'"'"', '"'"'\n'"'"');f.close();exec(compile(code, __file__, '"'"'exec'"'"'))' bdist_wheel -d /tmp/pip-wheel-kgf7v0d2
│        cwd: /tmp/pip-install-ysg_ft4_/mpi4py/
│   Complete output (126 lines):
│   running bdist_wheel
│   running build
│   running build_src
│   running build_py
│   creating build
│   creating build/lib.linux-x86_64-3.8
│   creating build/lib.linux-x86_64-3.8/mpi4py
│   copying src/mpi4py/__main__.py -> build/lib.linux-x86_64-3.8/mpi4py
│   copying src/mpi4py/__init__.py -> build/lib.linux-x86_64-3.8/mpi4py
│   copying src/mpi4py/bench.py -> build/lib.linux-x86_64-3.8/mpi4py
│   copying src/mpi4py/run.py -> build/lib.linux-x86_64-3.8/mpi4py
│   creating build/lib.linux-x86_64-3.8/mpi4py/futures
│   copying src/mpi4py/futures/aplus.py -> build/lib.linux-x86_64-3.8/mpi4py/futures
│   copying src/mpi4py/futures/__main__.py -> build/lib.linux-x86_64-3.8/mpi4py/futures
│   copying src/mpi4py/futures/__init__.py -> build/lib.linux-x86_64-3.8/mpi4py/futures
│   copying src/mpi4py/futures/pool.py -> build/lib.linux-x86_64-3.8/mpi4py/futures
│   copying src/mpi4py/futures/_lib.py -> build/lib.linux-x86_64-3.8/mpi4py/futures
│   copying src/mpi4py/futures/server.py -> build/lib.linux-x86_64-3.8/mpi4py/futures
│   copying src/mpi4py/futures/_base.py -> build/lib.linux-x86_64-3.8/mpi4py/futures
│   copying src/mpi4py/libmpi.pxd -> build/lib.linux-x86_64-3.8/mpi4py
│   copying src/mpi4py/MPI.pxd -> build/lib.linux-x86_64-3.8/mpi4py
│   copying src/mpi4py/__init__.pxd -> build/lib.linux-x86_64-3.8/mpi4py
│   creating build/lib.linux-x86_64-3.8/mpi4py/include
│   creating build/lib.linux-x86_64-3.8/mpi4py/include/mpi4py
│   copying src/mpi4py/include/mpi4py/mpi4py.MPI_api.h -> build/lib.linux-x86_64-3.8/mpi4py/include/mpi4py
│   copying src/mpi4py/include/mpi4py/mpi4py.h -> build/lib.linux-x86_64-3.8/mpi4py/include/mpi4py
│   copying src/mpi4py/include/mpi4py/mpi4py.MPI.h -> build/lib.linux-x86_64-3.8/mpi4py/include/mpi4py
│   copying src/mpi4py/include/mpi4py/mpi4py.i -> build/lib.linux-x86_64-3.8/mpi4py/include/mpi4py
│   copying src/mpi4py/include/mpi4py/mpi.pxi -> build/lib.linux-x86_64-3.8/mpi4py/include/mpi4py
│   running build_clib
│   MPI configuration: [mpi] from 'mpi.cfg'
│   checking for library 'lmpe' ...
│   gcc -pthread -B /home/pkgeval/.julia/conda/3/compiler_compat -Wl,--sysroot=/ -Wsign-compare -DNDEBUG -g -fwrapv -O3 -Wall -Wstrict-prototypes -fPIC -c _configtest.c -o _configtest.o
│   gcc -pthread -B /home/pkgeval/.julia/conda/3/compiler_compat -Wl,--sysroot=/ _configtest.o -llmpe -o _configtest
│   /home/pkgeval/.julia/conda/3/compiler_compat/ld: cannot find -llmpe
│   collect2: error: ld returned 1 exit status
│   failure.
│   removing: _configtest.c _configtest.o
│   building 'mpe' dylib library
│   creating build/temp.linux-x86_64-3.8
│   creating build/temp.linux-x86_64-3.8/src
│   creating build/temp.linux-x86_64-3.8/src/lib-pmpi
│   gcc -pthread -B /home/pkgeval/.julia/conda/3/compiler_compat -Wl,--sysroot=/ -Wsign-compare -DNDEBUG -g -fwrapv -O3 -Wall -Wstrict-prototypes -fPIC -c src/lib-pmpi/mpe.c -o build/temp.linux-x86_64-3.8/src/lib-pmpi/mpe.o
│   creating build/lib.linux-x86_64-3.8/mpi4py/lib-pmpi
│   gcc -pthread -shared -B /home/pkgeval/.julia/conda/3/compiler_compat -L/home/pkgeval/.julia/conda/3/lib -Wl,-rpath=/home/pkgeval/.julia/conda/3/lib -Wl,--no-as-needed -Wl,--sysroot=/ -Wl,--no-as-needed build/temp.linux-x86_64-3.8/src/lib-pmpi/mpe.o -o build/lib.linux-x86_64-3.8/mpi4py/lib-pmpi/libmpe.so
│   checking for library 'vt-mpi' ...
│   gcc -pthread -B /home/pkgeval/.julia/conda/3/compiler_compat -Wl,--sysroot=/ -Wsign-compare -DNDEBUG -g -fwrapv -O3 -Wall -Wstrict-prototypes -fPIC -c _configtest.c -o _configtest.o
│   gcc -pthread -B /home/pkgeval/.julia/conda/3/compiler_compat -Wl,--sysroot=/ _configtest.o -lvt-mpi -o _configtest
│   /home/pkgeval/.julia/conda/3/compiler_compat/ld: cannot find -lvt-mpi
│   collect2: error: ld returned 1 exit status
│   failure.
│   removing: _configtest.c _configtest.o
│   checking for library 'vt.mpi' ...
│   gcc -pthread -B /home/pkgeval/.julia/conda/3/compiler_compat -Wl,--sysroot=/ -Wsign-compare -DNDEBUG -g -fwrapv -O3 -Wall -Wstrict-prototypes -fPIC -c _configtest.c -o _configtest.o
│   gcc -pthread -B /home/pkgeval/.julia/conda/3/compiler_compat -Wl,--sysroot=/ _configtest.o -lvt.mpi -o _configtest
│   /home/pkgeval/.julia/conda/3/compiler_compat/ld: cannot find -lvt.mpi
│   collect2: error: ld returned 1 exit status
│   failure.
│   removing: _configtest.c _configtest.o
│   building 'vt' dylib library
│   gcc -pthread -B /home/pkgeval/.julia/conda/3/compiler_compat -Wl,--sysroot=/ -Wsign-compare -DNDEBUG -g -fwrapv -O3 -Wall -Wstrict-prototypes -fPIC -c src/lib-pmpi/vt.c -o build/temp.linux-x86_64-3.8/src/lib-pmpi/vt.o
│   gcc -pthread -shared -B /home/pkgeval/.julia/conda/3/compiler_compat -L/home/pkgeval/.julia/conda/3/lib -Wl,-rpath=/home/pkgeval/.julia/conda/3/lib -Wl,--no-as-needed -Wl,--sysroot=/ -Wl,--no-as-needed build/temp.linux-x86_64-3.8/src/lib-pmpi/vt.o -o build/lib.linux-x86_64-3.8/mpi4py/lib-pmpi/libvt.so
│   checking for library 'vt-mpi' ...
│   gcc -pthread -B /home/pkgeval/.julia/conda/3/compiler_compat -Wl,--sysroot=/ -Wsign-compare -DNDEBUG -g -fwrapv -O3 -Wall -Wstrict-prototypes -fPIC -c _configtest.c -o _configtest.o
│   gcc -pthread -B /home/pkgeval/.julia/conda/3/compiler_compat -Wl,--sysroot=/ _configtest.o -lvt-mpi -o _configtest
│   /home/pkgeval/.julia/conda/3/compiler_compat/ld: cannot find -lvt-mpi
│   collect2: error: ld returned 1 exit status
│   failure.
│   removing: _configtest.c _configtest.o
│   checking for library 'vt.mpi' ...
│   gcc -pthread -B /home/pkgeval/.julia/conda/3/compiler_compat -Wl,--sysroot=/ -Wsign-compare -DNDEBUG -g -fwrapv -O3 -Wall -Wstrict-prototypes -fPIC -c _configtest.c -o _configtest.o
│   gcc -pthread -B /home/pkgeval/.julia/conda/3/compiler_compat -Wl,--sysroot=/ _configtest.o -lvt.mpi -o _configtest
│   /home/pkgeval/.julia/conda/3/compiler_compat/ld: cannot find -lvt.mpi
│   collect2: error: ld returned 1 exit status
│   failure.
│   removing: _configtest.c _configtest.o
│   building 'vt-mpi' dylib library
│   gcc -pthread -B /home/pkgeval/.julia/conda/3/compiler_compat -Wl,--sysroot=/ -Wsign-compare -DNDEBUG -g -fwrapv -O3 -Wall -Wstrict-prototypes -fPIC -c src/lib-pmpi/vt-mpi.c -o build/temp.linux-x86_64-3.8/src/lib-pmpi/vt-mpi.o
│   gcc -pthread -shared -B /home/pkgeval/.julia/conda/3/compiler_compat -L/home/pkgeval/.julia/conda/3/lib -Wl,-rpath=/home/pkgeval/.julia/conda/3/lib -Wl,--no-as-needed -Wl,--sysroot=/ -Wl,--no-as-needed build/temp.linux-x86_64-3.8/src/lib-pmpi/vt-mpi.o -o build/lib.linux-x86_64-3.8/mpi4py/lib-pmpi/libvt-mpi.so
│   checking for library 'vt-hyb' ...
│   gcc -pthread -B /home/pkgeval/.julia/conda/3/compiler_compat -Wl,--sysroot=/ -Wsign-compare -DNDEBUG -g -fwrapv -O3 -Wall -Wstrict-prototypes -fPIC -c _configtest.c -o _configtest.o
│   gcc -pthread -B /home/pkgeval/.julia/conda/3/compiler_compat -Wl,--sysroot=/ _configtest.o -lvt-hyb -o _configtest
│   /home/pkgeval/.julia/conda/3/compiler_compat/ld: cannot find -lvt-hyb
│   collect2: error: ld returned 1 exit status
│   failure.
│   removing: _configtest.c _configtest.o
│   checking for library 'vt.ompi' ...
│   gcc -pthread -B /home/pkgeval/.julia/conda/3/compiler_compat -Wl,--sysroot=/ -Wsign-compare -DNDEBUG -g -fwrapv -O3 -Wall -Wstrict-prototypes -fPIC -c _configtest.c -o _configtest.o
│   gcc -pthread -B /home/pkgeval/.julia/conda/3/compiler_compat -Wl,--sysroot=/ _configtest.o -lvt.ompi -o _configtest
│   /home/pkgeval/.julia/conda/3/compiler_compat/ld: cannot find -lvt.ompi
│   collect2: error: ld returned 1 exit status
│   failure.
│   removing: _configtest.c _configtest.o
│   building 'vt-hyb' dylib library
│   gcc -pthread -B /home/pkgeval/.julia/conda/3/compiler_compat -Wl,--sysroot=/ -Wsign-compare -DNDEBUG -g -fwrapv -O3 -Wall -Wstrict-prototypes -fPIC -c src/lib-pmpi/vt-hyb.c -o build/temp.linux-x86_64-3.8/src/lib-pmpi/vt-hyb.o
│   gcc -pthread -shared -B /home/pkgeval/.julia/conda/3/compiler_compat -L/home/pkgeval/.julia/conda/3/lib -Wl,-rpath=/home/pkgeval/.julia/conda/3/lib -Wl,--no-as-needed -Wl,--sysroot=/ -Wl,--no-as-needed build/temp.linux-x86_64-3.8/src/lib-pmpi/vt-hyb.o -o build/lib.linux-x86_64-3.8/mpi4py/lib-pmpi/libvt-hyb.so
│   running build_ext
│   MPI configuration: [mpi] from 'mpi.cfg'
│   checking for dlopen() availability ...
│   checking for header 'dlfcn.h' ...
│   gcc -pthread -B /home/pkgeval/.julia/conda/3/compiler_compat -Wl,--sysroot=/ -Wsign-compare -DNDEBUG -g -fwrapv -O3 -Wall -Wstrict-prototypes -fPIC -I/home/pkgeval/.julia/conda/3/include/python3.8 -c _configtest.c -o _configtest.o
│   success!
│   removing: _configtest.c _configtest.o
│   success!
│   checking for library 'dl' ...
│   gcc -pthread -B /home/pkgeval/.julia/conda/3/compiler_compat -Wl,--sysroot=/ -Wsign-compare -DNDEBUG -g -fwrapv -O3 -Wall -Wstrict-prototypes -fPIC -I/home/pkgeval/.julia/conda/3/include/python3.8 -c _configtest.c -o _configtest.o
│   gcc -pthread -B /home/pkgeval/.julia/conda/3/compiler_compat -Wl,--sysroot=/ _configtest.o -Lbuild/temp.linux-x86_64-3.8 -ldl -o _configtest
│   success!
│   removing: _configtest.c _configtest.o _configtest
│   checking for function 'dlopen' ...
│   gcc -pthread -B /home/pkgeval/.julia/conda/3/compiler_compat -Wl,--sysroot=/ -Wsign-compare -DNDEBUG -g -fwrapv -O3 -Wall -Wstrict-prototypes -fPIC -I/home/pkgeval/.julia/conda/3/include/python3.8 -c _configtest.c -o _configtest.o
│   gcc -pthread -B /home/pkgeval/.julia/conda/3/compiler_compat -Wl,--sysroot=/ _configtest.o -Lbuild/temp.linux-x86_64-3.8 -ldl -o _configtest
│   success!
│   removing: _configtest.c _configtest.o _configtest
│   building 'mpi4py.dl' extension
│   gcc -pthread -B /home/pkgeval/.julia/conda/3/compiler_compat -Wl,--sysroot=/ -Wsign-compare -DNDEBUG -g -fwrapv -O3 -Wall -Wstrict-prototypes -fPIC -DHAVE_DLFCN_H=1 -DHAVE_DLOPEN=1 -I/home/pkgeval/.julia/conda/3/include/python3.8 -c src/dynload.c -o build/temp.linux-x86_64-3.8/src/dynload.o
│   gcc -pthread -shared -B /home/pkgeval/.julia/conda/3/compiler_compat -L/home/pkgeval/.julia/conda/3/lib -Wl,-rpath=/home/pkgeval/.julia/conda/3/lib -Wl,--no-as-needed -Wl,--sysroot=/ build/temp.linux-x86_64-3.8/src/dynload.o -Lbuild/temp.linux-x86_64-3.8 -ldl -o build/lib.linux-x86_64-3.8/mpi4py/dl.cpython-38-x86_64-linux-gnu.so
│   checking for MPI compile and link ...
│   gcc -pthread -B /home/pkgeval/.julia/conda/3/compiler_compat -Wl,--sysroot=/ -Wsign-compare -DNDEBUG -g -fwrapv -O3 -Wall -Wstrict-prototypes -fPIC -I/home/pkgeval/.julia/conda/3/include/python3.8 -c _configtest.c -o _configtest.o
│   _configtest.c:2:10: fatal error: mpi.h: No such file or directory
│       2 | #include <mpi.h>
│         |          ^~~~~~~
│   compilation terminated.
│   failure.
│   removing: _configtest.c _configtest.o
│   error: Cannot compile MPI programs. Check your configuration!!!
│   ----------------------------------------
│   ERROR: Failed building wheel for mpi4py
│   Running setup.py clean for mpi4py
│ Failed to build mpi4py
│ Installing collected packages: mpi4py
│     Running setup.py install for mpi4py: started
│     Running setup.py install for mpi4py: finished with status 'error'
│     ERROR: Command errored out with exit status 1:
│      command: /home/pkgeval/.julia/conda/3/bin/python -u -c 'import sys, setuptools, tokenize; sys.argv[0] = '"'"'/tmp/pip-install-ysg_ft4_/mpi4py/setup.py'"'"'; __file__='"'"'/tmp/pip-install-ysg_ft4_/mpi4py/setup.py'"'"';f=getattr(tokenize, '"'"'open'"'"', open)(__file__);code=f.read().replace('"'"'\r\n'"'"', '"'"'\n'"'"');f.close();exec(compile(code, __file__, '"'"'exec'"'"'))' install --record /tmp/pip-record-j4whnmql/install-record.txt --single-version-externally-managed --compile --install-headers /home/pkgeval/.julia/conda/3/include/python3.8/mpi4py
│          cwd: /tmp/pip-install-ysg_ft4_/mpi4py/
│     Complete output (126 lines):
│     running install
│     running build
│     running build_src
│     running build_py
│     creating build
│     creating build/lib.linux-x86_64-3.8
│     creating build/lib.linux-x86_64-3.8/mpi4py
│     copying src/mpi4py/__main__.py -> build/lib.linux-x86_64-3.8/mpi4py
│     copying src/mpi4py/__init__.py -> build/lib.linux-x86_64-3.8/mpi4py
│     copying src/mpi4py/bench.py -> build/lib.linux-x86_64-3.8/mpi4py
│     copying src/mpi4py/run.py -> build/lib.linux-x86_64-3.8/mpi4py
│     creating build/lib.linux-x86_64-3.8/mpi4py/futures
│     copying src/mpi4py/futures/aplus.py -> build/lib.linux-x86_64-3.8/mpi4py/futures
│     copying src/mpi4py/futures/__main__.py -> build/lib.linux-x86_64-3.8/mpi4py/futures
│     copying src/mpi4py/futures/__init__.py -> build/lib.linux-x86_64-3.8/mpi4py/futures
│     copying src/mpi4py/futures/pool.py -> build/lib.linux-x86_64-3.8/mpi4py/futures
│     copying src/mpi4py/futures/_lib.py -> build/lib.linux-x86_64-3.8/mpi4py/futures
│     copying src/mpi4py/futures/server.py -> build/lib.linux-x86_64-3.8/mpi4py/futures
│     copying src/mpi4py/futures/_base.py -> build/lib.linux-x86_64-3.8/mpi4py/futures
│     copying src/mpi4py/libmpi.pxd -> build/lib.linux-x86_64-3.8/mpi4py
│     copying src/mpi4py/MPI.pxd -> build/lib.linux-x86_64-3.8/mpi4py
│     copying src/mpi4py/__init__.pxd -> build/lib.linux-x86_64-3.8/mpi4py
│     creating build/lib.linux-x86_64-3.8/mpi4py/include
│     creating build/lib.linux-x86_64-3.8/mpi4py/include/mpi4py
│     copying src/mpi4py/include/mpi4py/mpi4py.MPI_api.h -> build/lib.linux-x86_64-3.8/mpi4py/include/mpi4py
│     copying src/mpi4py/include/mpi4py/mpi4py.h -> build/lib.linux-x86_64-3.8/mpi4py/include/mpi4py
│     copying src/mpi4py/include/mpi4py/mpi4py.MPI.h -> build/lib.linux-x86_64-3.8/mpi4py/include/mpi4py
│     copying src/mpi4py/include/mpi4py/mpi4py.i -> build/lib.linux-x86_64-3.8/mpi4py/include/mpi4py
│     copying src/mpi4py/include/mpi4py/mpi.pxi -> build/lib.linux-x86_64-3.8/mpi4py/include/mpi4py
│     running build_clib
│     MPI configuration: [mpi] from 'mpi.cfg'
│     checking for library 'lmpe' ...
│     gcc -pthread -B /home/pkgeval/.julia/conda/3/compiler_compat -Wl,--sysroot=/ -Wsign-compare -DNDEBUG -g -fwrapv -O3 -Wall -Wstrict-prototypes -fPIC -c _configtest.c -o _configtest.o
│     gcc -pthread -B /home/pkgeval/.julia/conda/3/compiler_compat -Wl,--sysroot=/ _configtest.o -llmpe -o _configtest
│     /home/pkgeval/.julia/conda/3/compiler_compat/ld: cannot find -llmpe
│     collect2: error: ld returned 1 exit status
│     failure.
│     removing: _configtest.c _configtest.o
│     building 'mpe' dylib library
│     creating build/temp.linux-x86_64-3.8
│     creating build/temp.linux-x86_64-3.8/src
│     creating build/temp.linux-x86_64-3.8/src/lib-pmpi
│     gcc -pthread -B /home/pkgeval/.julia/conda/3/compiler_compat -Wl,--sysroot=/ -Wsign-compare -DNDEBUG -g -fwrapv -O3 -Wall -Wstrict-prototypes -fPIC -c src/lib-pmpi/mpe.c -o build/temp.linux-x86_64-3.8/src/lib-pmpi/mpe.o
│     creating build/lib.linux-x86_64-3.8/mpi4py/lib-pmpi
│     gcc -pthread -shared -B /home/pkgeval/.julia/conda/3/compiler_compat -L/home/pkgeval/.julia/conda/3/lib -Wl,-rpath=/home/pkgeval/.julia/conda/3/lib -Wl,--no-as-needed -Wl,--sysroot=/ -Wl,--no-as-needed build/temp.linux-x86_64-3.8/src/lib-pmpi/mpe.o -o build/lib.linux-x86_64-3.8/mpi4py/lib-pmpi/libmpe.so
│     checking for library 'vt-mpi' ...
│     gcc -pthread -B /home/pkgeval/.julia/conda/3/compiler_compat -Wl,--sysroot=/ -Wsign-compare -DNDEBUG -g -fwrapv -O3 -Wall -Wstrict-prototypes -fPIC -c _configtest.c -o _configtest.o
│     gcc -pthread -B /home/pkgeval/.julia/conda/3/compiler_compat -Wl,--sysroot=/ _configtest.o -lvt-mpi -o _configtest
│     /home/pkgeval/.julia/conda/3/compiler_compat/ld: cannot find -lvt-mpi
│     collect2: error: ld returned 1 exit status
│     failure.
│     removing: _configtest.c _configtest.o
│     checking for library 'vt.mpi' ...
│     gcc -pthread -B /home/pkgeval/.julia/conda/3/compiler_compat -Wl,--sysroot=/ -Wsign-compare -DNDEBUG -g -fwrapv -O3 -Wall -Wstrict-prototypes -fPIC -c _configtest.c -o _configtest.o
│     gcc -pthread -B /home/pkgeval/.julia/conda/3/compiler_compat -Wl,--sysroot=/ _configtest.o -lvt.mpi -o _configtest
│     /home/pkgeval/.julia/conda/3/compiler_compat/ld: cannot find -lvt.mpi
│     collect2: error: ld returned 1 exit status
│     failure.
│     removing: _configtest.c _configtest.o
│     building 'vt' dylib library
│     gcc -pthread -B /home/pkgeval/.julia/conda/3/compiler_compat -Wl,--sysroot=/ -Wsign-compare -DNDEBUG -g -fwrapv -O3 -Wall -Wstrict-prototypes -fPIC -c src/lib-pmpi/vt.c -o build/temp.linux-x86_64-3.8/src/lib-pmpi/vt.o
│     gcc -pthread -shared -B /home/pkgeval/.julia/conda/3/compiler_compat -L/home/pkgeval/.julia/conda/3/lib -Wl,-rpath=/home/pkgeval/.julia/conda/3/lib -Wl,--no-as-needed -Wl,--sysroot=/ -Wl,--no-as-needed build/temp.linux-x86_64-3.8/src/lib-pmpi/vt.o -o build/lib.linux-x86_64-3.8/mpi4py/lib-pmpi/libvt.so
│     checking for library 'vt-mpi' ...
│     gcc -pthread -B /home/pkgeval/.julia/conda/3/compiler_compat -Wl,--sysroot=/ -Wsign-compare -DNDEBUG -g -fwrapv -O3 -Wall -Wstrict-prototypes -fPIC -c _configtest.c -o _configtest.o
│     gcc -pthread -B /home/pkgeval/.julia/conda/3/compiler_compat -Wl,--sysroot=/ _configtest.o -lvt-mpi -o _configtest
│     /home/pkgeval/.julia/conda/3/compiler_compat/ld: cannot find -lvt-mpi
│     collect2: error: ld returned 1 exit status
│     failure.
│     removing: _configtest.c _configtest.o
│     checking for library 'vt.mpi' ...
│     gcc -pthread -B /home/pkgeval/.julia/conda/3/compiler_compat -Wl,--sysroot=/ -Wsign-compare -DNDEBUG -g -fwrapv -O3 -Wall -Wstrict-prototypes -fPIC -c _configtest.c -o _configtest.o
│     gcc -pthread -B /home/pkgeval/.julia/conda/3/compiler_compat -Wl,--sysroot=/ _configtest.o -lvt.mpi -o _configtest
│     /home/pkgeval/.julia/conda/3/compiler_compat/ld: cannot find -lvt.mpi
│     collect2: error: ld returned 1 exit status
│     failure.
│     removing: _configtest.c _configtest.o
│     building 'vt-mpi' dylib library
│     gcc -pthread -B /home/pkgeval/.julia/conda/3/compiler_compat -Wl,--sysroot=/ -Wsign-compare -DNDEBUG -g -fwrapv -O3 -Wall -Wstrict-prototypes -fPIC -c src/lib-pmpi/vt-mpi.c -o build/temp.linux-x86_64-3.8/src/lib-pmpi/vt-mpi.o
│     gcc -pthread -shared -B /home/pkgeval/.julia/conda/3/compiler_compat -L/home/pkgeval/.julia/conda/3/lib -Wl,-rpath=/home/pkgeval/.julia/conda/3/lib -Wl,--no-as-needed -Wl,--sysroot=/ -Wl,--no-as-needed build/temp.linux-x86_64-3.8/src/lib-pmpi/vt-mpi.o -o build/lib.linux-x86_64-3.8/mpi4py/lib-pmpi/libvt-mpi.so
│     checking for library 'vt-hyb' ...
│     gcc -pthread -B /home/pkgeval/.julia/conda/3/compiler_compat -Wl,--sysroot=/ -Wsign-compare -DNDEBUG -g -fwrapv -O3 -Wall -Wstrict-prototypes -fPIC -c _configtest.c -o _configtest.o
│     gcc -pthread -B /home/pkgeval/.julia/conda/3/compiler_compat -Wl,--sysroot=/ _configtest.o -lvt-hyb -o _configtest
│     /home/pkgeval/.julia/conda/3/compiler_compat/ld: cannot find -lvt-hyb
│     collect2: error: ld returned 1 exit status
│     failure.
│     removing: _configtest.c _configtest.o
│     checking for library 'vt.ompi' ...
│     gcc -pthread -B /home/pkgeval/.julia/conda/3/compiler_compat -Wl,--sysroot=/ -Wsign-compare -DNDEBUG -g -fwrapv -O3 -Wall -Wstrict-prototypes -fPIC -c _configtest.c -o _configtest.o
│     gcc -pthread -B /home/pkgeval/.julia/conda/3/compiler_compat -Wl,--sysroot=/ _configtest.o -lvt.ompi -o _configtest
│     /home/pkgeval/.julia/conda/3/compiler_compat/ld: cannot find -lvt.ompi
│     collect2: error: ld returned 1 exit status
│     failure.
│     removing: _configtest.c _configtest.o
│     building 'vt-hyb' dylib library
│     gcc -pthread -B /home/pkgeval/.julia/conda/3/compiler_compat -Wl,--sysroot=/ -Wsign-compare -DNDEBUG -g -fwrapv -O3 -Wall -Wstrict-prototypes -fPIC -c src/lib-pmpi/vt-hyb.c -o build/temp.linux-x86_64-3.8/src/lib-pmpi/vt-hyb.o
│     gcc -pthread -shared -B /home/pkgeval/.julia/conda/3/compiler_compat -L/home/pkgeval/.julia/conda/3/lib -Wl,-rpath=/home/pkgeval/.julia/conda/3/lib -Wl,--no-as-needed -Wl,--sysroot=/ -Wl,--no-as-needed build/temp.linux-x86_64-3.8/src/lib-pmpi/vt-hyb.o -o build/lib.linux-x86_64-3.8/mpi4py/lib-pmpi/libvt-hyb.so
│     running build_ext
│     MPI configuration: [mpi] from 'mpi.cfg'
│     checking for dlopen() availability ...
│     checking for header 'dlfcn.h' ...
│     gcc -pthread -B /home/pkgeval/.julia/conda/3/compiler_compat -Wl,--sysroot=/ -Wsign-compare -DNDEBUG -g -fwrapv -O3 -Wall -Wstrict-prototypes -fPIC -I/home/pkgeval/.julia/conda/3/include/python3.8 -c _configtest.c -o _configtest.o
│     success!
│     removing: _configtest.c _configtest.o
│     success!
│     checking for library 'dl' ...
│     gcc -pthread -B /home/pkgeval/.julia/conda/3/compiler_compat -Wl,--sysroot=/ -Wsign-compare -DNDEBUG -g -fwrapv -O3 -Wall -Wstrict-prototypes -fPIC -I/home/pkgeval/.julia/conda/3/include/python3.8 -c _configtest.c -o _configtest.o
│     gcc -pthread -B /home/pkgeval/.julia/conda/3/compiler_compat -Wl,--sysroot=/ _configtest.o -Lbuild/temp.linux-x86_64-3.8 -ldl -o _configtest
│     success!
│     removing: _configtest.c _configtest.o _configtest
│     checking for function 'dlopen' ...
│     gcc -pthread -B /home/pkgeval/.julia/conda/3/compiler_compat -Wl,--sysroot=/ -Wsign-compare -DNDEBUG -g -fwrapv -O3 -Wall -Wstrict-prototypes -fPIC -I/home/pkgeval/.julia/conda/3/include/python3.8 -c _configtest.c -o _configtest.o
│     gcc -pthread -B /home/pkgeval/.julia/conda/3/compiler_compat -Wl,--sysroot=/ _configtest.o -Lbuild/temp.linux-x86_64-3.8 -ldl -o _configtest
│     success!
│     removing: _configtest.c _configtest.o _configtest
│     building 'mpi4py.dl' extension
│     gcc -pthread -B /home/pkgeval/.julia/conda/3/compiler_compat -Wl,--sysroot=/ -Wsign-compare -DNDEBUG -g -fwrapv -O3 -Wall -Wstrict-prototypes -fPIC -DHAVE_DLFCN_H=1 -DHAVE_DLOPEN=1 -I/home/pkgeval/.julia/conda/3/include/python3.8 -c src/dynload.c -o build/temp.linux-x86_64-3.8/src/dynload.o
│     gcc -pthread -shared -B /home/pkgeval/.julia/conda/3/compiler_compat -L/home/pkgeval/.julia/conda/3/lib -Wl,-rpath=/home/pkgeval/.julia/conda/3/lib -Wl,--no-as-needed -Wl,--sysroot=/ build/temp.linux-x86_64-3.8/src/dynload.o -Lbuild/temp.linux-x86_64-3.8 -ldl -o build/lib.linux-x86_64-3.8/mpi4py/dl.cpython-38-x86_64-linux-gnu.so
│     checking for MPI compile and link ...
│     gcc -pthread -B /home/pkgeval/.julia/conda/3/compiler_compat -Wl,--sysroot=/ -Wsign-compare -DNDEBUG -g -fwrapv -O3 -Wall -Wstrict-prototypes -fPIC -I/home/pkgeval/.julia/conda/3/include/python3.8 -c _configtest.c -o _configtest.o
│     _configtest.c:2:10: fatal error: mpi.h: No such file or directory
│         2 | #include <mpi.h>
│           |          ^~~~~~~
│     compilation terminated.
│     failure.
│     removing: _configtest.c _configtest.o
│     error: Cannot compile MPI programs. Check your configuration!!!
│     ----------------------------------------
│ ERROR: Command errored out with exit status 1: /home/pkgeval/.julia/conda/3/bin/python -u -c 'import sys, setuptools, tokenize; sys.argv[0] = '"'"'/tmp/pip-install-ysg_ft4_/mpi4py/setup.py'"'"'; __file__='"'"'/tmp/pip-install-ysg_ft4_/mpi4py/setup.py'"'"';f=getattr(tokenize, '"'"'open'"'"', open)(__file__);code=f.read().replace('"'"'\r\n'"'"', '"'"'\n'"'"');f.close();exec(compile(code, __file__, '"'"'exec'"'"'))' install --record /tmp/pip-record-j4whnmql/install-record.txt --single-version-externally-managed --compile --install-headers /home/pkgeval/.julia/conda/3/include/python3.8/mpi4py Check the logs for full command output.
│ [ Info: Running `conda install -q -y pip` in root environment
│ ERROR: LoadError: failed process: Process(`/home/pkgeval/.julia/conda/3/bin/pip install mpi4py`, ProcessExited(1)) [1]
│ 
│ Stacktrace:
│  [1] pipeline_error at ./process.jl:525 [inlined]
│  [2] run(::Cmd; wait::Bool) at ./process.jl:440
│  [3] run(::Cmd) at ./process.jl:438
│  [4] top-level scope at /home/pkgeval/.julia/packages/Devito/20atZ/deps/build.jl:6
│  [5] include(::String) at ./client.jl:457
│  [6] top-level scope at none:5
│ in expression starting at /home/pkgeval/.julia/packages/Devito/20atZ/deps/build.jl:6
└ @ Pkg.Operations /buildworker/worker/package_linux64/build/usr/share/julia/stdlib/v1.5/Pkg/src/Operations.jl:949
Starting tests at 2020-10-25T23:27:38.543
    Testing Devito
┌ Error: Pkg.Resolve.ResolverError("Unsatisfiable requirements detected for package MPI [da04e1cc]:\n MPI [da04e1cc] log:\n ├─possible versions are: [0.7.0-0.7.2, 0.8.0, 0.9.0, 0.10.0-0.10.1, 0.11.0, 0.12.0, 0.13.0-0.13.1, 0.14.0-0.14.3, 0.15.0-0.15.1] or uninstalled\n ├─restricted to versions 0.15.1 by an explicit requirement, leaving only versions 0.15.1\n └─restricted by compatibility requirements with MPIClusterManagers [e7922434] to versions: [0.7.0-0.7.2, 0.8.0, 0.9.0, 0.10.0-0.10.1, 0.11.0, 0.12.0, 0.13.0-0.13.1, 0.14.0-0.14.3] — no versions left\n   └─MPIClusterManagers [e7922434] log:\n     ├─possible versions are: [0.1.0, 0.2.0] or uninstalled\n     └─restricted to versions * by an explicit requirement, leaving only versions [0.1.0, 0.2.0]", nothing)
└ @ Pkg.Operations /buildworker/worker/package_linux64/build/usr/share/julia/stdlib/v1.5/Pkg/src/Operations.jl:1427
Status `/tmp/jl_m2Oeq2/Project.toml`
  [06ed14b1] Devito v0.1.0
  [da04e1cc] MPI v0.14.3
  [e7922434] MPIClusterManagers v0.2.0
  [438e738f] PyCall v1.92.1
  [5e0ebb24] Strided v1.1.1
  [8ba89e20] Distributed
  [9a3f8284] Random
  [8dfed614] Test
Status `/tmp/jl_m2Oeq2/Manifest.toml`
  [56f22d72] Artifacts v1.3.0
  [e66e0078] CompilerSupportLibraries_jll v0.3.4+0
  [8f4d0f93] Conda v1.4.1
  [06ed14b1] Devito v0.1.0
  [ffbed154] DocStringExtensions v0.8.3
  [692b3bcd] JLLWrappers v1.1.3
  [682c06a0] JSON v0.21.1
  [da04e1cc] MPI v0.14.3
  [7cb0a576] MPICH_jll v3.3.2+10
  [e7922434] MPIClusterManagers v0.2.0
  [1914dd2f] MacroTools v0.5.6
  [9237b28f] MicrosoftMPI_jll v10.1.2+3
  [fe0851c0] OpenMPI_jll v4.0.2+2
  [69de0a69] Parsers v1.0.11
  [438e738f] PyCall v1.92.1
  [ae029012] Requires v1.1.0
  [5e0ebb24] Strided v1.1.1
  [9d95972d] TupleTools v1.2.0
  [81def892] VersionParsing v1.2.0
  [2a0f44e3] Base64
  [ade2ca70] Dates
  [8ba89e20] Distributed
  [b77e0a4c] InteractiveUtils
  [76f85450] LibGit2
  [8f399da3] Libdl
  [37e2e46d] LinearAlgebra
  [56ddb016] Logging
  [d6f4376e] Markdown
  [a63ad114] Mmap
  [44cfe95a] Pkg
  [de0858da] Printf
  [3fa0cd96] REPL
  [9a3f8284] Random
  [ea8e919c] SHA
  [9e88b42a] Serialization
  [6462fe0b] Sockets
  [8dfed614] Test
  [cf7118a7] UUIDs
  [4ec0a83e] Unicode
Test Summary: | Pass  Total
configuration |    2      2
Test Summary: | Pass  Total
Grid          |    3      3
Test Summary: | Pass  Total
Grid, Float64 |    1      1
Allocating memory for b(8, 9)
Test Summary:            | Pass  Total
Function, data_with_halo |    1      1
Allocating memory for b(8, 9)
Test Summary:  | Pass  Total
Function, data |    1      1
Allocating memory for p(3, 8, 9)
Test Summary:                | Pass  Total
TimeFunction, data with halo |    1      1
Allocating memory for p(3, 8, 9)
Test Summary:      | Pass  Total
TimeFunction, data |    1      1
Allocating memory for stf_coords(10, 2)
Test Summary:                    | Pass  Total
Sparse time function coordinates |    3      3
      From worker 2:	Test Summary:                    | Error  Total
      From worker 2:	DevitoMPIArray, fill!, with halo |     1      1
      From worker 3:	Test Summary:                    | Error  Total
      From worker 3:	DevitoMPIArray, fill!, with halo |     1      1
ERROR: LoadError: TaskFailedException:
On worker 2:
Some tests did not pass: 0 passed, 0 failed, 1 errored, 0 broken.
Stacktrace:
 [1] #remotecall_fetch#143 at /buildworker/worker/package_linux64/build/usr/share/julia/stdlib/v1.5/Distributed/src/remotecall.jl:394 [inlined]
 [2] remotecall_fetch(::Core.Function, ::Distributed.Worker, ::Future) at /buildworker/worker/package_linux64/build/usr/share/julia/stdlib/v1.5/Distributed/src/remotecall.jl:386
 [3] remotecall_fetch(::Core.Function, ::Int64, ::Future; kwargs::Base.Iterators.Pairs{Union{},Union{},Tuple{},NamedTuple{(),Tuple{}}}) at /buildworker/worker/package_linux64/build/usr/share/julia/stdlib/v1.5/Distributed/src/remotecall.jl:421
 [4] remotecall_fetch at /buildworker/worker/package_linux64/build/usr/share/julia/stdlib/v1.5/Distributed/src/remotecall.jl:421 [inlined]
 [5] macro expansion at /home/pkgeval/.julia/packages/MPIClusterManagers/0ZYYQ/src/mpimanager.jl:493 [inlined]
 [6] (::MPIClusterManagers.var"#25#28"{Future})() at ./task.jl:356

...and 1 more exception(s).

Stacktrace:
 [1] sync_end(::Channel{Any}) at ./task.jl:314
 [2] macro expansion at ./task.jl:333 [inlined]
 [3] mpi_do(::MPIManager, ::Core.Function) at /home/pkgeval/.julia/packages/MPIClusterManagers/0ZYYQ/src/mpimanager.jl:490
 [4] top-level scope at /home/pkgeval/.julia/packages/MPIClusterManagers/0ZYYQ/src/mpimanager.jl:511
 [5] include(::String) at ./client.jl:457
 [6] top-level scope at none:6
in expression starting at /home/pkgeval/.julia/packages/Devito/20atZ/test/runtests.jl:92
ERROR: Package Devito errored during testing
Stacktrace:
 [1] pkgerror(::String) at /buildworker/worker/package_linux64/build/usr/share/julia/stdlib/v1.5/Pkg/src/Types.jl:52
 [2] test(::Pkg.Types.Context, ::Array{Pkg.Types.PackageSpec,1}; coverage::Bool, julia_args::Cmd, test_args::Cmd, test_fn::Nothing) at /buildworker/worker/package_linux64/build/usr/share/julia/stdlib/v1.5/Pkg/src/Operations.jl:1578
 [3] test(::Pkg.Types.Context, ::Array{Pkg.Types.PackageSpec,1}; coverage::Bool, test_fn::Nothing, julia_args::Cmd, test_args::Cmd, kwargs::Base.Iterators.Pairs{Union{},Union{},Tuple{},NamedTuple{(),Tuple{}}}) at /buildworker/worker/package_linux64/build/usr/share/julia/stdlib/v1.5/Pkg/src/API.jl:327
 [4] test(::Pkg.Types.Context, ::Array{Pkg.Types.PackageSpec,1}) at /buildworker/worker/package_linux64/build/usr/share/julia/stdlib/v1.5/Pkg/src/API.jl:314
 [5] #test#61 at /buildworker/worker/package_linux64/build/usr/share/julia/stdlib/v1.5/Pkg/src/API.jl:67 [inlined]
 [6] test at /buildworker/worker/package_linux64/build/usr/share/julia/stdlib/v1.5/Pkg/src/API.jl:67 [inlined]
 [7] #test#60 at /buildworker/worker/package_linux64/build/usr/share/julia/stdlib/v1.5/Pkg/src/API.jl:66 [inlined]
 [8] test at /buildworker/worker/package_linux64/build/usr/share/julia/stdlib/v1.5/Pkg/src/API.jl:66 [inlined]
 [9] test(::String; kwargs::Base.Iterators.Pairs{Union{},Union{},Tuple{},NamedTuple{(),Tuple{}}}) at /buildworker/worker/package_linux64/build/usr/share/julia/stdlib/v1.5/Pkg/src/API.jl:65
 [10] test(::String) at /buildworker/worker/package_linux64/build/usr/share/julia/stdlib/v1.5/Pkg/src/API.jl:65
 [11] top-level scope at none:35
