Julia Version 1.4.0-DEV.564
Commit 1d8d9c1793 (2019-12-06 23:22 UTC)
Platform Info:
  OS: Linux (x86_64-linux-gnu)
  CPU: Intel(R) Xeon(R) Silver 4114 CPU @ 2.20GHz
  WORD_SIZE: 64
  LIBM: libopenlibm
  LLVM: libLLVM-8.0.1 (ORCJIT, skylake)

   Cloning default registries into `~/.julia`
   Cloning registry from "https://github.com/JuliaRegistries/General.git"
[?25l    Fetching: [>                                        ]  0.0 %    Fetching: [=============>                           ]  30.5 %    Fetching: [============================>            ]  67.6 %[2K[?25h     Added registry `General` to `~/.julia/registries/General`
 Resolving package versions...
 Installed ArrayLayouts â”€â”€â”€â”€â”€â”€â”€â”€â”€â”€â”€â”€â”€â”€â”€â”€ v0.1.5
 Installed MatrixFactorizations â”€â”€â”€â”€â”€â”€â”€â”€ v0.2.1
 Installed OrderedCollections â”€â”€â”€â”€â”€â”€â”€â”€â”€â”€ v1.1.0
 Installed Parameters â”€â”€â”€â”€â”€â”€â”€â”€â”€â”€â”€â”€â”€â”€â”€â”€â”€â”€ v0.12.0
 Installed StaticArrays â”€â”€â”€â”€â”€â”€â”€â”€â”€â”€â”€â”€â”€â”€â”€â”€ v0.12.1
 Installed BlockBandedMatrices â”€â”€â”€â”€â”€â”€â”€â”€â”€ v0.6.0
 Installed LazyArrays â”€â”€â”€â”€â”€â”€â”€â”€â”€â”€â”€â”€â”€â”€â”€â”€â”€â”€ v0.14.10
 Installed SimpleDifferentialOperators â”€ v0.6.1
 Installed MacroTools â”€â”€â”€â”€â”€â”€â”€â”€â”€â”€â”€â”€â”€â”€â”€â”€â”€â”€ v0.5.3
 Installed BlockArrays â”€â”€â”€â”€â”€â”€â”€â”€â”€â”€â”€â”€â”€â”€â”€â”€â”€ v0.10.2
 Installed DataStructures â”€â”€â”€â”€â”€â”€â”€â”€â”€â”€â”€â”€â”€â”€ v0.17.6
 Installed BandedMatrices â”€â”€â”€â”€â”€â”€â”€â”€â”€â”€â”€â”€â”€â”€ v0.14.2
 Installed FillArrays â”€â”€â”€â”€â”€â”€â”€â”€â”€â”€â”€â”€â”€â”€â”€â”€â”€â”€ v0.8.2
  Updating `~/.julia/environments/v1.4/Project.toml`
  [7ccca996] + SimpleDifferentialOperators v0.6.1
  Updating `~/.julia/environments/v1.4/Manifest.toml`
  [4c555306] + ArrayLayouts v0.1.5
  [aae01518] + BandedMatrices v0.14.2
  [8e7c35d0] + BlockArrays v0.10.2
  [ffab5731] + BlockBandedMatrices v0.6.0
  [864edb3b] + DataStructures v0.17.6
  [1a297f60] + FillArrays v0.8.2
  [5078a376] + LazyArrays v0.14.10
  [1914dd2f] + MacroTools v0.5.3
  [a3b82374] + MatrixFactorizations v0.2.1
  [bac558e1] + OrderedCollections v1.1.0
  [d96e819e] + Parameters v0.12.0
  [7ccca996] + SimpleDifferentialOperators v0.6.1
  [90137ffa] + StaticArrays v0.12.1
  [2a0f44e3] + Base64 
  [ade2ca70] + Dates 
  [8ba89e20] + Distributed 
  [b77e0a4c] + InteractiveUtils 
  [76f85450] + LibGit2 
  [8f399da3] + Libdl 
  [37e2e46d] + LinearAlgebra 
  [56ddb016] + Logging 
  [d6f4376e] + Markdown 
  [a63ad114] + Mmap 
  [44cfe95a] + Pkg 
  [de0858da] + Printf 
  [3fa0cd96] + REPL 
  [9a3f8284] + Random 
  [ea8e919c] + SHA 
  [9e88b42a] + Serialization 
  [1a1011a3] + SharedArrays 
  [6462fe0b] + Sockets 
  [2f01184e] + SparseArrays 
  [10745b16] + Statistics 
  [8dfed614] + Test 
  [cf7118a7] + UUIDs 
  [4ec0a83e] + Unicode 
   Testing SimpleDifferentialOperators
 Resolving package versions...

gzip: stdin: not in gzip format
tar: Child returned status 1
tar: Error is not recoverable: exiting now
â”Œ Warning: failed to extract archive downloaded from https://github.com/JuliaData/Parsers.jl.git
â”” @ Pkg.Operations /workspace/srcdir/julia/usr/share/julia/stdlib/v1.4/Pkg/src/Operations.jl:481

gzip: stdin: not in gzip format
tar: Child returned status 1
tar: Error is not recoverable: exiting now

gzip: stdin: not in gzip format
tar: Child returned status 1
tar: Error is not recoverable: exiting now

gzip: stdin: not in gzip format

gzip: stdin: not in gzip format
tar: Child returned status 1
tar: Error is not recoverable: exiting now

gzip: stdin: not in gzip format
tar: Child returned status 1
tar: Error is not recoverable: exiting now
tar: Child returned status 1
tar: Error is not recoverable: exiting now
â”Œ Warning: failed to extract archive downloaded from https://github.com/JuliaDiff/DualNumbers.jl.git
â”” @ Pkg.Operations /workspace/srcdir/julia/usr/share/julia/stdlib/v1.4/Pkg/src/Operations.jl:481
â”Œ Warning: failed to extract archive downloaded from https://github.com/JuliaCI/BenchmarkTools.jl.git
â”” @ Pkg.Operations /workspace/srcdir/julia/usr/share/julia/stdlib/v1.4/Pkg/src/Operations.jl:481
â”Œ Warning: failed to extract archive downloaded from https://github.com/chkwon/PATHSolver.jl.git
â”” @ Pkg.Operations /workspace/srcdir/julia/usr/share/julia/stdlib/v1.4/Pkg/src/Operations.jl:481
â”Œ Warning: failed to extract archive downloaded from https://github.com/JuliaIO/Suppressor.jl.git
â”” @ Pkg.Operations /workspace/srcdir/julia/usr/share/julia/stdlib/v1.4/Pkg/src/Operations.jl:481
â”Œ Warning: failed to extract archive downloaded from https://github.com/JuliaMath/SpecialFunctions.jl.git
â”” @ Pkg.Operations /workspace/srcdir/julia/usr/share/julia/stdlib/v1.4/Pkg/src/Operations.jl:481

gzip: stdin: not in gzip format
tar: Child returned status 1
tar: Error is not recoverable: exiting now

gzip: stdin: not in gzip format
tar: Child returned status 1
tar: Error is not recoverable: exiting now
â”Œ Warning: failed to extract archive downloaded from https://github.com/JuliaMath/Calculus.jl.git
â”” @ Pkg.Operations /workspace/srcdir/julia/usr/share/julia/stdlib/v1.4/Pkg/src/Operations.jl:481
â”Œ Warning: failed to extract archive downloaded from https://github.com/rdeits/CommonSubexpressions.jl.git
â”” @ Pkg.Operations /workspace/srcdir/julia/usr/share/julia/stdlib/v1.4/Pkg/src/Operations.jl:481

gzip: stdin: not in gzip format
tar: Child returned status 1
tar: Error is not recoverable: exiting now
â”Œ Warning: failed to extract archive downloaded from https://github.com/JuliaWeb/URIParser.jl.git
â”” @ Pkg.Operations /workspace/srcdir/julia/usr/share/julia/stdlib/v1.4/Pkg/src/Operations.jl:481

gzip: stdin: not in gzip format
tar: Child returned status 1
tar: Error is not recoverable: exiting now
â”Œ Warning: failed to extract archive downloaded from https://github.com/JuliaDiff/DiffResults.jl.git
â”” @ Pkg.Operations /workspace/srcdir/julia/usr/share/julia/stdlib/v1.4/Pkg/src/Operations.jl:481

gzip: stdin: not in gzip format
tar: Child returned status 1
tar: Error is not recoverable: exiting now
â”Œ Warning: failed to extract archive downloaded from https://github.com/JuliaBinaryWrappers/OpenSpecFun_jll.jl.git
â”” @ Pkg.Operations /workspace/srcdir/julia/usr/share/julia/stdlib/v1.4/Pkg/src/Operations.jl:481

gzip: stdin: not in gzip format
tar: Child returned status 1
tar: Error is not recoverable: exiting now
â”Œ Warning: failed to extract archive downloaded from https://github.com/JuliaIO/JSON.jl.git
â”” @ Pkg.Operations /workspace/srcdir/julia/usr/share/julia/stdlib/v1.4/Pkg/src/Operations.jl:481

gzip: stdin: not in gzip format
tar: Child returned status 1
tar: Error is not recoverable: exiting now
â”Œ Warning: failed to extract archive downloaded from https://github.com/mlubin/NaNMath.jl.git
â”” @ Pkg.Operations /workspace/srcdir/julia/usr/share/julia/stdlib/v1.4/Pkg/src/Operations.jl:481

gzip: stdin: not in gzip format
tar: Child returned status 1
tar: Error is not recoverable: exiting now
â”Œ Warning: failed to extract archive downloaded from https://github.com/JuliaDiff/DiffRules.jl.git
â”” @ Pkg.Operations /workspace/srcdir/julia/usr/share/julia/stdlib/v1.4/Pkg/src/Operations.jl:481

gzip: stdin: not in gzip format
tar: Child returned status 1
tar: Error is not recoverable: exiting now
â”Œ Warning: failed to extract archive downloaded from https://github.com/JuliaLang/Compat.jl.git
â”” @ Pkg.Operations /workspace/srcdir/julia/usr/share/julia/stdlib/v1.4/Pkg/src/Operations.jl:481

gzip: stdin: not in gzip format
tar: Child returned status 1
tar: Error is not recoverable: exiting now
â”Œ Warning: failed to extract archive downloaded from https://github.com/JuliaDiff/ForwardDiff.jl.git
â”” @ Pkg.Operations /workspace/srcdir/julia/usr/share/julia/stdlib/v1.4/Pkg/src/Operations.jl:481

gzip: stdin: not in gzip format
tar: Child returned status 1
tar: Error is not recoverable: exiting now
â”Œ Warning: failed to extract archive downloaded from https://github.com/JuliaPackaging/BinDeps.jl.git
â”” @ Pkg.Operations /workspace/srcdir/julia/usr/share/julia/stdlib/v1.4/Pkg/src/Operations.jl:481
   Cloning [69de0a69-1ddd-5017-9359-2bf0b02dc9f0] Parsers from https://github.com/JuliaData/Parsers.jl.git
[?25l    Fetching: [>                                        ]  0.0 %[2K[?25h Installed Parsers â”€â”€â”€â”€â”€â”€â”€â”€â”€â”€â”€â”€â”€â”€ v0.3.10
   Cloning [fa6b7ba4-c1ee-5f82-b5fc-ecf0adba8f74] DualNumbers from https://github.com/JuliaDiff/DualNumbers.jl.git
[?25l    Fetching: [>                                        ]  0.0 %[2K[?25h[?25l Installed DualNumbers â”€â”€â”€â”€â”€â”€â”€â”€â”€â”€ v0.6.2
   Cloning [6e4b80f9-dd63-53aa-95a3-0cdb28fa8baf] BenchmarkTools from https://github.com/JuliaCI/BenchmarkTools.jl.git
    Fetching: [>                                        ]  0.0 %[2K[?25h Installed BenchmarkTools â”€â”€â”€â”€â”€â”€â”€ v0.4.3
   Cloning [f5f7c340-0bb3-5c69-969a-41884d311d1b] PATHSolver from https://github.com/chkwon/PATHSolver.jl.git
[?25l    Fetching: [>                                        ]  0.0 %[2K[?25h Installed PATHSolver â”€â”€â”€â”€â”€â”€â”€â”€â”€â”€â”€ v0.5.2
   Cloning [fd094767-a336-5f1f-9728-57cf17d0bbfb] Suppressor from https://github.com/JuliaIO/Suppressor.jl.git
[?25l    Fetching: [>                                        ]  0.0 %[2K[?25h Installed Suppressor â”€â”€â”€â”€â”€â”€â”€â”€â”€â”€â”€ v0.1.1
   Cloning [276daf66-3868-5448-9aa4-cd146d93841b] SpecialFunctions from https://github.com/JuliaMath/SpecialFunctions.jl.git
[?25l    Fetching: [>                                        ]  0.0 %[2K[?25h Installed SpecialFunctions â”€â”€â”€â”€â”€ v0.9.0
   Cloning [49dc2e85-a5d0-5ad3-a950-438e2897f1b9] Calculus from https://github.com/JuliaMath/Calculus.jl.git
[?25l    Fetching: [>                                        ]  0.0 %[2K[?25h Installed Calculus â”€â”€â”€â”€â”€â”€â”€â”€â”€â”€â”€â”€â”€ v0.5.1
   Cloning [bbf7d656-a473-5ed7-a52c-81e309532950] CommonSubexpressions from https://github.com/rdeits/CommonSubexpressions.jl.git
[?25l    Fetching: [>                                        ]  0.0 %[2K[?25h Installed CommonSubexpressions â”€ v0.2.0
   Cloning [30578b45-9adc-5946-b283-645ec420af67] URIParser from https://github.com/JuliaWeb/URIParser.jl.git
[?25l    Fetching: [>                                        ]  0.0 %[2K[?25h Installed URIParser â”€â”€â”€â”€â”€â”€â”€â”€â”€â”€â”€â”€ v0.4.0
   Cloning [163ba53b-c6d8-5494-b064-1a9d43ac40c5] DiffResults from https://github.com/JuliaDiff/DiffResults.jl.git
[?25l    Fetching: [>                                        ]  0.0 %[2K[?25h Installed DiffResults â”€â”€â”€â”€â”€â”€â”€â”€â”€â”€ v0.0.4
   Cloning[?25l [efe28fd5-8261-553b-a9e1-b2916fc3738e] OpenSpecFun_jll from https://github.com/JuliaBinaryWrappers/OpenSpecFun_jll.jl.git
    Fetching: [>                                        ]  0.0 %[2K[?25h Installed OpenSpecFun_jll â”€â”€â”€â”€â”€â”€ v0.5.3+1
   Cloning[?25l [682c06a0-de6a-54ab-a142-c8b1cf79cde6] JSON from https://github.com/JuliaIO/JSON.jl.git
    Fetching: [>                                        ]  0.0 %[2K[?25h Installed JSON â”€â”€â”€â”€â”€â”€â”€â”€â”€â”€â”€â”€â”€â”€â”€â”€â”€ v0.21.0
   Cloning [77ba4419-2d1f-58cd-9bb1-8ffee604a2e3] NaNMath from https://github.com/mlubin/NaNMath.jl.git
[?25l    Fetching: [>                                        ]  0.0 %[2K[?25h Installed NaNMath â”€â”€â”€â”€â”€â”€â”€â”€â”€â”€â”€â”€â”€â”€ v0.3.3
   Cloning [b552c78f-8df3-52c6-915a-8e097449b14b] DiffRules from https://github.com/JuliaDiff/DiffRules.jl.git
[?25l    Fetching: [>                                        ]  0.0 %[2K[?25h Installed DiffRules â”€â”€â”€â”€â”€â”€â”€â”€â”€â”€â”€â”€ v0.1.0
[?25l   Cloning [34da2185-b29b-5c13-b0c7-acf172513d20] Compat from https://github.com/JuliaLang/Compat.jl.git
    Fetching: [>                                        ]  0.0 %[2K[?25h Installed Compat â”€â”€â”€â”€â”€â”€â”€â”€â”€â”€â”€â”€â”€â”€â”€ v2.2.0
   Cloning [f6369f11-7733-5829-9624-2563aa707210] ForwardDiff from https://github.com/JuliaDiff/ForwardDiff.jl.git
[?25l    Fetching: [>                                        ]  0.0 %[2K[?25h Installed ForwardDiff â”€â”€â”€â”€â”€â”€â”€â”€â”€â”€ v0.10.7
   Cloning [9e28174c-4ba2-5203-b857-d8d62c4213ee] BinDeps from https://github.com/JuliaPackaging/BinDeps.jl.git
[?25l    Fetching: [>                                        ]  0.0 %[2K[?25h Installed BinDeps â”€â”€â”€â”€â”€â”€â”€â”€â”€â”€â”€â”€â”€â”€ v0.8.10
  Building PATHSolver â†’ `~/.julia/packages/PATHSolver/lRj12/deps/build.log`
â”Œ Error: Error building `PATHSolver`: 
â”‚   % Total    % Received % Xferd  Average Speed   Time    Time     Time  Current
â”‚                                  Dload  Upload   Total   Spent    Left  Speed
â”‚   0     0    0     0    0     0      0      0 --:--:-- --:--:-- --:--:--     0  0     0    0     0    0     0      0      0 --:--:-- --:--:-- --:--:--     0100   123    0   123    0     0    605      0 --:--:-- --:--:-- --:--:--   605
â”‚ 100  493k    0  493k    0     0  1103k      0 --:--:-- --:--:-- --:--:-- 1103k
â”‚ if [ ! -d pathlib-4.7.03 ]; \
â”‚ then \
â”‚ 	wget https://github.com/ampl/pathlib/archive/4.7.03.tar.gz; \
â”‚ 	tar -zxvf 4.7.03.tar.gz; \
â”‚ 	rm -rf 4.7.03.tar.gz*; \
â”‚ fi;
â”‚ /bin/sh: 3: wget: not found
â”‚ tar (child): 4.7.03.tar.gz: Cannot open: No such file or directory
â”‚ tar (child): Error is not recoverable: exiting now
â”‚ tar: Child returned status 2
â”‚ tar: Error is not recoverable: exiting now
â”‚ gcc -I./pathlib-4.7.03/include -m64 -shared -fPIC -Wl,-soname,libpath47julia.so -o libpath47julia.so pathjulia.c ./pathlib-4.7.03/lib/linux64/libpath47.a -lm
â”‚ gcc: error: ./pathlib-4.7.03/lib/linux64/libpath47.a: No such file or directory
â”‚ Makefile:36: recipe for target 'linux64' failed
â”‚ make: *** [linux64] Error 1
â”‚ [ Info: Attempting to create directory /home/pkgeval/.julia/packages/PATHSolver/lRj12/deps/downloads
â”‚ [ Info: Downloading file https://github.com/chkwon/PathJulia/archive/0.1.2.tar.gz
â”‚ [ Info: Done downloading file https://github.com/chkwon/PathJulia/archive/0.1.2.tar.gz
â”‚ [ Info: Attempting to create directory /home/pkgeval/.julia/packages/PATHSolver/lRj12/deps/src
â”‚ [ Info: Attempting to create directory /home/pkgeval/.julia/packages/PATHSolver/lRj12/deps
â”‚ [ Info: Directory /home/pkgeval/.julia/packages/PATHSolver/lRj12/deps already exists
â”‚ [ Info: Attempting to create directory /home/pkgeval/.julia/packages/PATHSolver/lRj12/deps/usr/lib
â”‚ [ Info: Changing directory to /home/pkgeval/.julia/packages/PATHSolver/lRj12/deps/src/PathJulia-0.1.2/src
â”‚ ERROR: LoadError: failed process: Process(`make linux64`, ProcessExited(2)) [2]
â”‚ 
â”‚ Stacktrace:
â”‚  [1] pipeline_error at ./process.jl:525 [inlined]
â”‚  [2] run(::Cmd; wait::Bool) at ./process.jl:440
â”‚  [3] run(::Cmd) at ./process.jl:438
â”‚  [4] run(::BinDeps.SynchronousStepCollection) at /home/pkgeval/.julia/packages/BinDeps/ZEval/src/BinDeps.jl:521 (repeats 2 times)
â”‚  [5] satisfy!(::BinDeps.LibraryDependency, ::Array{DataType,1}) at /home/pkgeval/.julia/packages/BinDeps/ZEval/src/dependencies.jl:944
â”‚  [6] satisfy!(::BinDeps.LibraryDependency) at /home/pkgeval/.julia/packages/BinDeps/ZEval/src/dependencies.jl:922
â”‚  [7] top-level scope at /home/pkgeval/.julia/packages/BinDeps/ZEval/src/dependencies.jl:977
â”‚  [8] include(::String) at ./client.jl:439
â”‚  [9] top-level scope at none:5
â”‚ in expression starting at /home/pkgeval/.julia/packages/PATHSolver/lRj12/deps/build.jl:96
â”” @ Pkg.Operations /workspace/srcdir/julia/usr/share/julia/stdlib/v1.4/Pkg/src/backwards_compatible_isolation.jl:602
Status `/tmp/jl_uEfOME/Manifest.toml`
  [4c555306] ArrayLayouts v0.1.5
  [aae01518] BandedMatrices v0.14.2
  [6e4b80f9] BenchmarkTools v0.4.3
  [9e28174c] BinDeps v0.8.10
  [8e7c35d0] BlockArrays v0.10.2
  [ffab5731] BlockBandedMatrices v0.6.0
  [49dc2e85] Calculus v0.5.1
  [bbf7d656] CommonSubexpressions v0.2.0
  [34da2185] Compat v2.2.0
  [864edb3b] DataStructures v0.17.6
  [163ba53b] DiffResults v0.0.4
  [b552c78f] DiffRules v0.1.0
  [fa6b7ba4] DualNumbers v0.6.2
  [1a297f60] FillArrays v0.8.2
  [f6369f11] ForwardDiff v0.10.7
  [682c06a0] JSON v0.21.0
  [5078a376] LazyArrays v0.14.10
  [1914dd2f] MacroTools v0.5.3
  [a3b82374] MatrixFactorizations v0.2.1
  [77ba4419] NaNMath v0.3.3
  [efe28fd5] OpenSpecFun_jll v0.5.3+1
  [bac558e1] OrderedCollections v1.1.0
  [f5f7c340] PATHSolver v0.5.2
  [d96e819e] Parameters v0.12.0
  [69de0a69] Parsers v0.3.10
  [7ccca996] SimpleDifferentialOperators v0.6.1
  [276daf66] SpecialFunctions v0.9.0
  [90137ffa] StaticArrays v0.12.1
  [fd094767] Suppressor v0.1.1
  [30578b45] URIParser v0.4.0
  [2a0f44e3] Base64  [`@stdlib/Base64`]
  [ade2ca70] Dates  [`@stdlib/Dates`]
  [8bb1440f] DelimitedFiles  [`@stdlib/DelimitedFiles`]
  [8ba89e20] Distributed  [`@stdlib/Distributed`]
  [b77e0a4c] InteractiveUtils  [`@stdlib/InteractiveUtils`]
  [76f85450] LibGit2  [`@stdlib/LibGit2`]
  [8f399da3] Libdl  [`@stdlib/Libdl`]
  [37e2e46d] LinearAlgebra  [`@stdlib/LinearAlgebra`]
  [56ddb016] Logging  [`@stdlib/Logging`]
  [d6f4376e] Markdown  [`@stdlib/Markdown`]
  [a63ad114] Mmap  [`@stdlib/Mmap`]
  [44cfe95a] Pkg  [`@stdlib/Pkg`]
  [de0858da] Printf  [`@stdlib/Printf`]
  [3fa0cd96] REPL  [`@stdlib/REPL`]
  [9a3f8284] Random  [`@stdlib/Random`]
  [ea8e919c] SHA  [`@stdlib/SHA`]
  [9e88b42a] Serialization  [`@stdlib/Serialization`]
  [1a1011a3] SharedArrays  [`@stdlib/SharedArrays`]
  [6462fe0b] Sockets  [`@stdlib/Sockets`]
  [2f01184e] SparseArrays  [`@stdlib/SparseArrays`]
  [10745b16] Statistics  [`@stdlib/Statistics`]
  [8dfed614] Test  [`@stdlib/Test`]
  [cf7118a7] UUIDs  [`@stdlib/UUIDs`]
  [4ec0a83e] Unicode  [`@stdlib/Unicode`]
ERROR: LoadError: PATHSolver not properly installed. Please re-build PATHSolver.
Stacktrace:
 [1] error(::String) at ./error.jl:33
 [2] top-level scope at /home/pkgeval/.julia/packages/PATHSolver/lRj12/src/PATHSolver.jl:15
 [3] include(::Module, ::String) at ./Base.jl:377
 [4] top-level scope at none:2
 [5] eval at ./boot.jl:331 [inlined]
 [6] eval(::Expr) at ./client.jl:449
 [7] top-level scope at ./none:3
in expression starting at /home/pkgeval/.julia/packages/PATHSolver/lRj12/src/PATHSolver.jl:12
ERROR: LoadError: Failed to precompile PATHSolver [f5f7c340-0bb3-5c69-969a-41884d311d1b] to /home/pkgeval/.julia/compiled/v1.4/PATHSolver/xyGrF_MpBO5.ji.
Stacktrace:
 [1] error(::String) at ./error.jl:33
 [2] compilecache(::Base.PkgId, ::String) at ./loading.jl:1263
 [3] _require(::Base.PkgId) at ./loading.jl:1022
 [4] require(::Base.PkgId) at ./loading.jl:920
 [5] require(::Module, ::Symbol) at ./loading.jl:915
 [6] include(::String) at ./client.jl:439
 [7] top-level scope at none:6
in expression starting at /home/pkgeval/.julia/packages/SimpleDifferentialOperators/DetdB/test/runtests.jl:2
ERROR: Package SimpleDifferentialOperators errored during testing
Stacktrace:
 [1] pkgerror(::String, ::Vararg{String,N} where N) at /workspace/srcdir/julia/usr/share/julia/stdlib/v1.4/Pkg/src/Types.jl:54
 [2] test(::Pkg.Types.Context, ::Array{Pkg.Types.PackageSpec,1}; coverage::Bool, test_fn::Nothing, julia_args::Cmd, test_args::Cmd) at /workspace/srcdir/julia/usr/share/julia/stdlib/v1.4/Pkg/src/Operations.jl:1391
 [3] test(::Pkg.Types.Context, ::Array{Pkg.Types.PackageSpec,1}; coverage::Bool, test_fn::Nothing, julia_args::Cmd, test_args::Cmd, kwargs::Base.Iterators.Pairs{Union{},Union{},Tuple{},NamedTuple{(),Tuple{}}}) at /workspace/srcdir/julia/usr/share/julia/stdlib/v1.4/Pkg/src/API.jl:287
 [4] test(::Pkg.Types.Context, ::Array{Pkg.Types.PackageSpec,1}) at /workspace/srcdir/julia/usr/share/julia/stdlib/v1.4/Pkg/src/API.jl:274
 [5] #test#56 at /workspace/srcdir/julia/usr/share/julia/stdlib/v1.4/Pkg/src/API.jl:268 [inlined]
 [6] test at /workspace/srcdir/julia/usr/share/julia/stdlib/v1.4/Pkg/src/API.jl:268 [inlined]
 [7] #test#55 at /workspace/srcdir/julia/usr/share/julia/stdlib/v1.4/Pkg/src/API.jl:267 [inlined]
 [8] test at /workspace/srcdir/julia/usr/share/julia/stdlib/v1.4/Pkg/src/API.jl:267 [inlined]
 [9] test(::String; kwargs::Base.Iterators.Pairs{Union{},Union{},Tuple{},NamedTuple{(),Tuple{}}}) at /workspace/srcdir/julia/usr/share/julia/stdlib/v1.4/Pkg/src/API.jl:266
 [10] test(::String) at /workspace/srcdir/julia/usr/share/julia/stdlib/v1.4/Pkg/src/API.jl:266
 [11] top-level scope at none:12
