################################################################################
# PkgEval set-up: 2020-10-28T11:48:22.263
#

Julia Version 1.6.0-DEV.1352
Commit 8f71ea7f35 (2020-10-28 02:10 UTC)
Platform Info:
  OS: Linux (x86_64-linux-gnu)
  CPU: AMD EPYC 7502 32-Core Processor
  WORD_SIZE: 64
  LIBM: libopenlibm
  LLVM: libLLVM-11.0.0 (ORCJIT, znver2)
Environment:
  JULIA_DEPOT_PATH = ::/usr/local/share/julia
  JULIA_NUM_THREADS = 2
  JULIA_MAX_NUM_PRECOMPILE_FILES = 9223372036854775807



################################################################################
# Installation: 2020-10-28T11:48:24.016
#

   Resolving package versions...
   Installed Crayons ───────────────────── v4.0.4
   Installed StructArrays ──────────────── v0.4.4
   Installed Parsers ───────────────────── v1.0.11
   Installed JuliaVariables ────────────── v0.2.3
   Installed NameResolution ────────────── v0.1.5
   Installed Parameters ────────────────── v0.12.1
   Installed Colors ────────────────────── v0.12.4
   Installed SimpleTraits ──────────────── v0.9.3
   Installed Zlib_jll ──────────────────── v1.2.11+18
   Installed OrderedCollections ────────── v1.3.1
   Installed DataAPI ───────────────────── v1.3.0
   Installed Tables ────────────────────── v1.1.0
   Installed Catlab ────────────────────── v0.9.2
   Installed LightGraphs ───────────────── v1.3.0
   Installed Inflate ───────────────────── v0.1.2
   Installed Formatting ────────────────── v0.4.1
   Installed AutoHashEquals ────────────── v0.2.0
   Installed Adapt ─────────────────────── v2.3.0
   Installed FixedPointNumbers ─────────── v0.8.4
   Installed CanonicalTraits ───────────── v0.2.3
   Installed GeneralizedGenerated ──────── v0.2.8
   Installed PrettyTables ──────────────── v0.9.1
   Installed Compat ────────────────────── v3.23.0
   Installed ArnoldiMethod ─────────────── v0.0.4
   Installed MacroTools ────────────────── v0.5.6
   Installed Libiconv_jll ──────────────── v1.16.0+7
   Installed Reexport ──────────────────── v0.2.0
   Installed UnPack ────────────────────── v1.0.2
   Installed ColorTypes ────────────────── v0.10.9
   Installed JSON ──────────────────────── v0.21.1
   Installed FunctionWrappers ──────────── v1.1.1
   Installed DataValueInterfaces ───────── v1.0.0
   Installed Measures ──────────────────── v0.3.1
   Installed LightXML ──────────────────── v0.9.0
   Installed IterTools ─────────────────── v1.3.0
   Installed DataStructures ────────────── v0.18.8
   Installed StaticArrays ──────────────── v0.12.5
   Installed Compose ───────────────────── v0.9.1
   Installed MLStyle ───────────────────── v0.4.6
   Installed PrettyPrint ───────────────── v0.2.0
   Installed TableTraits ───────────────── v1.0.0
   Installed IteratorInterfaceExtensions ─ v1.0.0
   Installed Requires ──────────────────── v1.1.0
   Installed XML2_jll ──────────────────── v2.9.10+3
   Installed JLLWrappers ───────────────── v1.1.3
Updating `~/.julia/environments/v1.6/Project.toml`
  [134e5e36] + Catlab v0.9.2
Updating `~/.julia/environments/v1.6/Manifest.toml`
  [79e6a3ab] + Adapt v2.3.0
  [ec485272] + ArnoldiMethod v0.0.4
  [15f4f7f2] + AutoHashEquals v0.2.0
  [a603d957] + CanonicalTraits v0.2.3
  [134e5e36] + Catlab v0.9.2
  [3da002f7] + ColorTypes v0.10.9
  [5ae59095] + Colors v0.12.4
  [34da2185] + Compat v3.23.0
  [a81c6b42] + Compose v0.9.1
  [a8cc5b0e] + Crayons v4.0.4
  [9a962f9c] + DataAPI v1.3.0
  [864edb3b] + DataStructures v0.18.8
  [e2d170a0] + DataValueInterfaces v1.0.0
  [53c48c17] + FixedPointNumbers v0.8.4
  [59287772] + Formatting v0.4.1
  [069b7b12] + FunctionWrappers v1.1.1
  [6b9d7cbe] + GeneralizedGenerated v0.2.8
  [d25df0c9] + Inflate v0.1.2
  [c8e1da08] + IterTools v1.3.0
  [82899510] + IteratorInterfaceExtensions v1.0.0
  [692b3bcd] + JLLWrappers v1.1.3
  [682c06a0] + JSON v0.21.1
  [b14d175d] + JuliaVariables v0.2.3
  [093fc24a] + LightGraphs v1.3.0
  [9c8b4983] + LightXML v0.9.0
  [d8e11817] + MLStyle v0.4.6
  [1914dd2f] + MacroTools v0.5.6
  [442fdcdd] + Measures v0.3.1
  [71a1bf82] + NameResolution v0.1.5
  [bac558e1] + OrderedCollections v1.3.1
  [d96e819e] + Parameters v0.12.1
  [69de0a69] + Parsers v1.0.11
  [8162dcfd] + PrettyPrint v0.2.0
  [08abe8d2] + PrettyTables v0.9.1
  [189a3867] + Reexport v0.2.0
  [ae029012] + Requires v1.1.0
  [699a6c99] + SimpleTraits v0.9.3
  [90137ffa] + StaticArrays v0.12.5
  [09ab397b] + StructArrays v0.4.4
  [3783bdb8] + TableTraits v1.0.0
  [bd369af6] + Tables v1.1.0
  [3a884ed6] + UnPack v1.0.2
  [94ce4f54] + Libiconv_jll v1.16.0+7
  [02c8fc9c] + XML2_jll v2.9.10+3
  [83775a58] + Zlib_jll v1.2.11+18
  [0dad84c5] + ArgTools
  [56f22d72] + Artifacts
  [2a0f44e3] + Base64
  [ade2ca70] + Dates
  [8bb1440f] + DelimitedFiles
  [8ba89e20] + Distributed
  [f43a241f] + Downloads
  [b77e0a4c] + InteractiveUtils
  [b27032c2] + LibCURL
  [76f85450] + LibGit2
  [8f399da3] + Libdl
  [37e2e46d] + LinearAlgebra
  [56ddb016] + Logging
  [d6f4376e] + Markdown
  [a63ad114] + Mmap
  [44cfe95a] + Pkg
  [de0858da] + Printf
  [3fa0cd96] + REPL
  [9a3f8284] + Random
  [ea8e919c] + SHA
  [9e88b42a] + Serialization
  [1a1011a3] + SharedArrays
  [6462fe0b] + Sockets
  [2f01184e] + SparseArrays
  [10745b16] + Statistics
  [fa267f1f] + TOML
  [8dfed614] + Test
  [cf7118a7] + UUIDs
  [4ec0a83e] + Unicode
  [deac9b47] + LibCURL_jll
  [14a3606d] + MozillaCACerts_jll


################################################################################
# Testing: 2020-10-28T11:48:30.232
#


     Testing Catlab
Status `/tmp/jl_EPGFRX/Project.toml`
  [134e5e36] Catlab v0.9.2
  [34da2185] Compat v3.23.0
  [a81c6b42] Compose v0.9.1
  [864edb3b] DataStructures v0.18.8
  [42fd0dbc] IterativeSolvers v0.8.4
  [682c06a0] JSON v0.21.1
  [093fc24a] LightGraphs v1.3.0
  [9c8b4983] LightXML v0.9.0
  [7a12625a] LinearMaps v2.7.0
  [5c8ed15e] LinearOperators v1.1.0
  [90137ffa] StaticArrays v0.12.5
  [37e2e46d] LinearAlgebra
  [9a3f8284] Random
  [2f01184e] SparseArrays
  [8dfed614] Test
Status `/tmp/jl_EPGFRX/Manifest.toml`
  [79e6a3ab] Adapt v2.3.0
  [ec485272] ArnoldiMethod v0.0.4
  [15f4f7f2] AutoHashEquals v0.2.0
  [a603d957] CanonicalTraits v0.2.3
  [134e5e36] Catlab v0.9.2
  [3da002f7] ColorTypes v0.10.9
  [5ae59095] Colors v0.12.4
  [34da2185] Compat v3.23.0
  [a81c6b42] Compose v0.9.1
  [a8cc5b0e] Crayons v4.0.4
  [9a962f9c] DataAPI v1.3.0
  [864edb3b] DataStructures v0.18.8
  [e2d170a0] DataValueInterfaces v1.0.0
  [9aa1b823] FastClosures v0.3.2
  [53c48c17] FixedPointNumbers v0.8.4
  [59287772] Formatting v0.4.1
  [069b7b12] FunctionWrappers v1.1.1
  [6b9d7cbe] GeneralizedGenerated v0.2.8
  [d25df0c9] Inflate v0.1.2
  [c8e1da08] IterTools v1.3.0
  [42fd0dbc] IterativeSolvers v0.8.4
  [82899510] IteratorInterfaceExtensions v1.0.0
  [692b3bcd] JLLWrappers v1.1.3
  [682c06a0] JSON v0.21.1
  [b14d175d] JuliaVariables v0.2.3
  [093fc24a] LightGraphs v1.3.0
  [9c8b4983] LightXML v0.9.0
  [7a12625a] LinearMaps v2.7.0
  [5c8ed15e] LinearOperators v1.1.0
  [d8e11817] MLStyle v0.4.6
  [1914dd2f] MacroTools v0.5.6
  [442fdcdd] Measures v0.3.1
  [71a1bf82] NameResolution v0.1.5
  [bac558e1] OrderedCollections v1.3.1
  [d96e819e] Parameters v0.12.1
  [69de0a69] Parsers v1.0.11
  [8162dcfd] PrettyPrint v0.2.0
  [08abe8d2] PrettyTables v0.9.1
  [3cdcf5f2] RecipesBase v1.1.0
  [189a3867] Reexport v0.2.0
  [ae029012] Requires v1.1.0
  [699a6c99] SimpleTraits v0.9.3
  [90137ffa] StaticArrays v0.12.5
  [09ab397b] StructArrays v0.4.4
  [3783bdb8] TableTraits v1.0.0
  [bd369af6] Tables v1.1.0
  [a759f4b9] TimerOutputs v0.5.6
  [3a884ed6] UnPack v1.0.2
  [94ce4f54] Libiconv_jll v1.16.0+7
  [02c8fc9c] XML2_jll v2.9.10+3
  [83775a58] Zlib_jll v1.2.11+18
  [0dad84c5] ArgTools
  [56f22d72] Artifacts
  [2a0f44e3] Base64
  [ade2ca70] Dates
  [8bb1440f] DelimitedFiles
  [8ba89e20] Distributed
  [f43a241f] Downloads
  [b77e0a4c] InteractiveUtils
  [b27032c2] LibCURL
  [76f85450] LibGit2
  [8f399da3] Libdl
  [37e2e46d] LinearAlgebra
  [56ddb016] Logging
  [d6f4376e] Markdown
  [a63ad114] Mmap
  [44cfe95a] Pkg
  [de0858da] Printf
  [3fa0cd96] REPL
  [9a3f8284] Random
  [ea8e919c] SHA
  [9e88b42a] Serialization
  [1a1011a3] SharedArrays
  [6462fe0b] Sockets
  [2f01184e] SparseArrays
  [10745b16] Statistics
  [fa267f1f] TOML
  [8dfed614] Test
  [cf7118a7] UUIDs
  [4ec0a83e] Unicode
  [deac9b47] LibCURL_jll
  [14a3606d] MozillaCACerts_jll
     Testing Running tests...
Test Summary: | Pass  Total
Core          |  148    148
Test Summary: | Pass  Total
Theories      |  219    219
FinSets: Error During Test at /home/pkgeval/.julia/packages/Catlab/Qx8VY/test/categorical_algebra/FinSets.jl:17
  Test threw exception
  Expression: map(FinFunction(rot3, 3, 3), 1:3) == [2, 3, 1]
  Module IR does not contain specified entry function
  Stacktrace:
    [1] assume
      @ ~/.julia/packages/FunctionWrappers/OAZAk/src/FunctionWrappers.jl:9 [inlined]
    [2] macro expansion
      @ ~/.julia/packages/FunctionWrappers/OAZAk/src/FunctionWrappers.jl:107 [inlined]
    [3] do_ccall
      @ ~/.julia/packages/FunctionWrappers/OAZAk/src/FunctionWrappers.jl:97 [inlined]
    [4] FunctionWrapper
      @ ~/.julia/packages/FunctionWrappers/OAZAk/src/FunctionWrappers.jl:116 [inlined]
    [5] FinFunctionCallable
      @ ~/.julia/packages/Catlab/Qx8VY/src/categorical_algebra/FinSets.jl:83 [inlined]
    [6] iterate
      @ ./generator.jl:47 [inlined]
    [7] _collect(c::UnitRange{Int64}, itr::Base.Generator{UnitRange{Int64}, Catlab.CategoricalAlgebra.FinSets.FinFunctionCallable{Int64, Int64}}, #unused#::Base.EltypeUnknown, isz::Base.HasShape{1})
      @ Base ./array.jl:677
    [8] collect_similar
      @ ./array.jl:606 [inlined]
    [9] map(f::Catlab.CategoricalAlgebra.FinSets.FinFunctionCallable{Int64, Int64}, A::UnitRange{Int64})
      @ Base ./abstractarray.jl:2268
   [10] top-level scope
      @ ~/.julia/packages/Catlab/Qx8VY/test/categorical_algebra/FinSets.jl:17
   [11] include(mod::Module, _path::String)
      @ Base ./Base.jl:389
   [12] include(x::String)
      @ Main.TestCategoricalAlgebra ~/.julia/packages/Catlab/Qx8VY/test/categorical_algebra/CategoricalAlgebra.jl:1
   [13] macro expansion
      @ ~/.julia/packages/Catlab/Qx8VY/test/categorical_algebra/CategoricalAlgebra.jl:18 [inlined]
   [14] macro expansion
      @ /workspace/srcdir/usr/share/julia/stdlib/v1.6/Test/src/Test.jl:1144 [inlined]
   [15] top-level scope
      @ ~/.julia/packages/Catlab/Qx8VY/test/categorical_algebra/CategoricalAlgebra.jl:18
FinSets: Error During Test at /home/pkgeval/.julia/packages/Catlab/Qx8VY/test/categorical_algebra/FinSets.jl:50
  Test threw exception
  Expression: force(proj1(lim)) == FinFunction([1, 2, 1, 2, 1, 2])
  Module IR does not contain specified entry function
  Stacktrace:
    [1] assume
      @ ~/.julia/packages/FunctionWrappers/OAZAk/src/FunctionWrappers.jl:9 [inlined]
    [2] macro expansion
      @ ~/.julia/packages/FunctionWrappers/OAZAk/src/FunctionWrappers.jl:107 [inlined]
    [3] do_ccall
      @ ~/.julia/packages/FunctionWrappers/OAZAk/src/FunctionWrappers.jl:97 [inlined]
    [4] FunctionWrapper
      @ ~/.julia/packages/FunctionWrappers/OAZAk/src/FunctionWrappers.jl:116 [inlined]
    [5] FinFunctionCallable
      @ ~/.julia/packages/Catlab/Qx8VY/src/categorical_algebra/FinSets.jl:83 [inlined]
    [6] iterate
      @ ./generator.jl:47 [inlined]
    [7] collect(itr::Base.Generator{Catlab.CategoricalAlgebra.FinSets.FinSet{Int64, Int64}, Catlab.CategoricalAlgebra.FinSets.FinFunctionCallable{Int64, Int64}})
      @ Base ./array.jl:664
    [8] map
      @ ./abstractarray.jl:2297 [inlined]
    [9] force(f::Catlab.CategoricalAlgebra.FinSets.FinFunctionCallable{Int64, Int64})
      @ Catlab.CategoricalAlgebra.FinSets ~/.julia/packages/Catlab/Qx8VY/src/categorical_algebra/FinSets.jl:116
   [10] top-level scope
      @ ~/.julia/packages/Catlab/Qx8VY/test/categorical_algebra/FinSets.jl:50
   [11] include(mod::Module, _path::String)
      @ Base ./Base.jl:389
   [12] include(x::String)
      @ Main.TestCategoricalAlgebra ~/.julia/packages/Catlab/Qx8VY/test/categorical_algebra/CategoricalAlgebra.jl:1
   [13] macro expansion
      @ ~/.julia/packages/Catlab/Qx8VY/test/categorical_algebra/CategoricalAlgebra.jl:18 [inlined]
   [14] macro expansion
      @ /workspace/srcdir/usr/share/julia/stdlib/v1.6/Test/src/Test.jl:1144 [inlined]
   [15] top-level scope
      @ ~/.julia/packages/Catlab/Qx8VY/test/categorical_algebra/CategoricalAlgebra.jl:18
FinSets: Error During Test at /home/pkgeval/.julia/packages/Catlab/Qx8VY/test/categorical_algebra/FinSets.jl:51
  Test threw exception
  Expression: force(proj2(lim)) == FinFunction([1, 1, 2, 2, 3, 3])
  Module IR does not contain specified entry function
  Stacktrace:
    [1] assume
      @ ~/.julia/packages/FunctionWrappers/OAZAk/src/FunctionWrappers.jl:9 [inlined]
    [2] macro expansion
      @ ~/.julia/packages/FunctionWrappers/OAZAk/src/FunctionWrappers.jl:107 [inlined]
    [3] do_ccall
      @ ~/.julia/packages/FunctionWrappers/OAZAk/src/FunctionWrappers.jl:97 [inlined]
    [4] FunctionWrapper
      @ ~/.julia/packages/FunctionWrappers/OAZAk/src/FunctionWrappers.jl:116 [inlined]
    [5] FinFunctionCallable
      @ ~/.julia/packages/Catlab/Qx8VY/src/categorical_algebra/FinSets.jl:83 [inlined]
    [6] iterate
      @ ./generator.jl:47 [inlined]
    [7] collect(itr::Base.Generator{Catlab.CategoricalAlgebra.FinSets.FinSet{Int64, Int64}, Catlab.CategoricalAlgebra.FinSets.FinFunctionCallable{Int64, Int64}})
      @ Base ./array.jl:664
    [8] map
      @ ./abstractarray.jl:2297 [inlined]
    [9] force(f::Catlab.CategoricalAlgebra.FinSets.FinFunctionCallable{Int64, Int64})
      @ Catlab.CategoricalAlgebra.FinSets ~/.julia/packages/Catlab/Qx8VY/src/categorical_algebra/FinSets.jl:116
   [10] top-level scope
      @ ~/.julia/packages/Catlab/Qx8VY/test/categorical_algebra/FinSets.jl:51
   [11] include(mod::Module, _path::String)
      @ Base ./Base.jl:389
   [12] include(x::String)
      @ Main.TestCategoricalAlgebra ~/.julia/packages/Catlab/Qx8VY/test/categorical_algebra/CategoricalAlgebra.jl:1
   [13] macro expansion
      @ ~/.julia/packages/Catlab/Qx8VY/test/categorical_algebra/CategoricalAlgebra.jl:18 [inlined]
   [14] macro expansion
      @ /workspace/srcdir/usr/share/julia/stdlib/v1.6/Test/src/Test.jl:1144 [inlined]
   [15] top-level scope
      @ ~/.julia/packages/Catlab/Qx8VY/test/categorical_algebra/CategoricalAlgebra.jl:18
FinSets: Error During Test at /home/pkgeval/.julia/packages/Catlab/Qx8VY/test/categorical_algebra/FinSets.jl:55
  Test threw exception
  Expression: force(pair(lim, f, g) ⋅ proj1(lim)) == f
  Module IR does not contain specified entry function
  Stacktrace:
    [1] assume
      @ ~/.julia/packages/FunctionWrappers/OAZAk/src/FunctionWrappers.jl:9 [inlined]
    [2] macro expansion
      @ ~/.julia/packages/FunctionWrappers/OAZAk/src/FunctionWrappers.jl:107 [inlined]
    [3] do_ccall
      @ ~/.julia/packages/FunctionWrappers/OAZAk/src/FunctionWrappers.jl:97 [inlined]
    [4] FunctionWrapper
      @ ~/.julia/packages/FunctionWrappers/OAZAk/src/FunctionWrappers.jl:116 [inlined]
    [5] FinFunctionCallable
      @ ~/.julia/packages/Catlab/Qx8VY/src/categorical_algebra/FinSets.jl:83 [inlined]
    [6] iterate
      @ ./generator.jl:47 [inlined]
    [7] collect(itr::Base.Generator{Catlab.CategoricalAlgebra.FinSets.FinSet{Int64, Int64}, Catlab.CategoricalAlgebra.FinSets.FinFunctionCallable{Int64, Int64}})
      @ Base ./array.jl:664
    [8] map
      @ ./abstractarray.jl:2297 [inlined]
    [9] force(f::Catlab.CategoricalAlgebra.FinSets.FinFunctionCallable{Int64, Int64})
      @ Catlab.CategoricalAlgebra.FinSets ~/.julia/packages/Catlab/Qx8VY/src/categorical_algebra/FinSets.jl:116
   [10] top-level scope
      @ ~/.julia/packages/Catlab/Qx8VY/test/categorical_algebra/FinSets.jl:55
   [11] include(mod::Module, _path::String)
      @ Base ./Base.jl:389
   [12] include(x::String)
      @ Main.TestCategoricalAlgebra ~/.julia/packages/Catlab/Qx8VY/test/categorical_algebra/CategoricalAlgebra.jl:1
   [13] macro expansion
      @ ~/.julia/packages/Catlab/Qx8VY/test/categorical_algebra/CategoricalAlgebra.jl:18 [inlined]
   [14] macro expansion
      @ /workspace/srcdir/usr/share/julia/stdlib/v1.6/Test/src/Test.jl:1144 [inlined]
   [15] top-level scope
      @ ~/.julia/packages/Catlab/Qx8VY/test/categorical_algebra/CategoricalAlgebra.jl:18
FinSets: Error During Test at /home/pkgeval/.julia/packages/Catlab/Qx8VY/test/categorical_algebra/FinSets.jl:56
  Test threw exception
  Expression: force(pair(lim, f, g) ⋅ proj2(lim)) == g
  Module IR does not contain specified entry function
  Stacktrace:
    [1] assume
      @ ~/.julia/packages/FunctionWrappers/OAZAk/src/FunctionWrappers.jl:9 [inlined]
    [2] macro expansion
      @ ~/.julia/packages/FunctionWrappers/OAZAk/src/FunctionWrappers.jl:107 [inlined]
    [3] do_ccall
      @ ~/.julia/packages/FunctionWrappers/OAZAk/src/FunctionWrappers.jl:97 [inlined]
    [4] FunctionWrapper
      @ ~/.julia/packages/FunctionWrappers/OAZAk/src/FunctionWrappers.jl:116 [inlined]
    [5] FinFunctionCallable
      @ ~/.julia/packages/Catlab/Qx8VY/src/categorical_algebra/FinSets.jl:83 [inlined]
    [6] iterate
      @ ./generator.jl:47 [inlined]
    [7] collect(itr::Base.Generator{Catlab.CategoricalAlgebra.FinSets.FinSet{Int64, Int64}, Catlab.CategoricalAlgebra.FinSets.FinFunctionCallable{Int64, Int64}})
      @ Base ./array.jl:664
    [8] map
      @ ./abstractarray.jl:2297 [inlined]
    [9] force(f::Catlab.CategoricalAlgebra.FinSets.FinFunctionCallable{Int64, Int64})
      @ Catlab.CategoricalAlgebra.FinSets ~/.julia/packages/Catlab/Qx8VY/src/categorical_algebra/FinSets.jl:116
   [10] top-level scope
      @ ~/.julia/packages/Catlab/Qx8VY/test/categorical_algebra/FinSets.jl:56
   [11] include(mod::Module, _path::String)
      @ Base ./Base.jl:389
   [12] include(x::String)
      @ Main.TestCategoricalAlgebra ~/.julia/packages/Catlab/Qx8VY/test/categorical_algebra/CategoricalAlgebra.jl:1
   [13] macro expansion
      @ ~/.julia/packages/Catlab/Qx8VY/test/categorical_algebra/CategoricalAlgebra.jl:18 [inlined]
   [14] macro expansion
      @ /workspace/srcdir/usr/share/julia/stdlib/v1.6/Test/src/Test.jl:1144 [inlined]
   [15] top-level scope
      @ ~/.julia/packages/Catlab/Qx8VY/test/categorical_algebra/CategoricalAlgebra.jl:18
FinSets: Error During Test at /home/pkgeval/.julia/packages/Catlab/Qx8VY/test/categorical_algebra/FinSets.jl:61
  Test threw exception
  Expression: force.(legs(lim)) == [FinFunction([1, 2, 1, 2, 1, 2]), FinFunction([1, 1, 2, 2, 3, 3])]
  Module IR does not contain specified entry function
  Stacktrace:
    [1] assume
      @ ~/.julia/packages/FunctionWrappers/OAZAk/src/FunctionWrappers.jl:9 [inlined]
    [2] macro expansion
      @ ~/.julia/packages/FunctionWrappers/OAZAk/src/FunctionWrappers.jl:107 [inlined]
    [3] do_ccall
      @ ~/.julia/packages/FunctionWrappers/OAZAk/src/FunctionWrappers.jl:97 [inlined]
    [4] FunctionWrapper
      @ ~/.julia/packages/FunctionWrappers/OAZAk/src/FunctionWrappers.jl:116 [inlined]
    [5] FinFunctionCallable
      @ ~/.julia/packages/Catlab/Qx8VY/src/categorical_algebra/FinSets.jl:83 [inlined]
    [6] iterate
      @ ./generator.jl:47 [inlined]
    [7] collect(itr::Base.Generator{Catlab.CategoricalAlgebra.FinSets.FinSet{Int64, Int64}, Catlab.CategoricalAlgebra.FinSets.FinFunctionCallable{Int64, Int64}})
      @ Base ./array.jl:664
    [8] map
      @ ./abstractarray.jl:2297 [inlined]
    [9] force
      @ ~/.julia/packages/Catlab/Qx8VY/src/categorical_algebra/FinSets.jl:116 [inlined]
   [10] _broadcast_getindex_evalf
      @ ./broadcast.jl:648 [inlined]
   [11] _broadcast_getindex
      @ ./broadcast.jl:621 [inlined]
   [12] getindex
      @ ./broadcast.jl:575 [inlined]
   [13] macro expansion
      @ ./broadcast.jl:980 [inlined]
   [14] macro expansion
      @ ./simdloop.jl:77 [inlined]
   [15] copyto!
      @ ./broadcast.jl:979 [inlined]
   [16] copyto!
      @ ./broadcast.jl:934 [inlined]
   [17] copy
      @ ./broadcast.jl:906 [inlined]
   [18] materialize(bc::Base.Broadcast.Broadcasted{Base.Broadcast.DefaultArrayStyle{1}, Nothing, typeof(Catlab.CategoricalAlgebra.FinSets.force), Tuple{Vector{Catlab.CategoricalAlgebra.FinSets.FinFunctionCallable{Int64, Int64}}}})
      @ Base.Broadcast ./broadcast.jl:881
   [19] top-level scope
      @ ~/.julia/packages/Catlab/Qx8VY/test/categorical_algebra/FinSets.jl:61
   [20] include(mod::Module, _path::String)
      @ Base ./Base.jl:389
   [21] include(x::String)
      @ Main.TestCategoricalAlgebra ~/.julia/packages/Catlab/Qx8VY/test/categorical_algebra/CategoricalAlgebra.jl:1
   [22] macro expansion
      @ ~/.julia/packages/Catlab/Qx8VY/test/categorical_algebra/CategoricalAlgebra.jl:18 [inlined]
   [23] macro expansion
      @ /workspace/srcdir/usr/share/julia/stdlib/v1.6/Test/src/Test.jl:1144 [inlined]
   [24] top-level scope
      @ ~/.julia/packages/Catlab/Qx8VY/test/categorical_algebra/CategoricalAlgebra.jl:18
FinSets: Error During Test at /home/pkgeval/.julia/packages/Catlab/Qx8VY/test/categorical_algebra/FinSets.jl:66
  Test threw exception
  Expression: force(pair(lim, [f, g]) ⋅ first(legs(lim))) == f
  Module IR does not contain specified entry function
  Stacktrace:
    [1] assume
      @ ~/.julia/packages/FunctionWrappers/OAZAk/src/FunctionWrappers.jl:9 [inlined]
    [2] macro expansion
      @ ~/.julia/packages/FunctionWrappers/OAZAk/src/FunctionWrappers.jl:107 [inlined]
    [3] do_ccall
      @ ~/.julia/packages/FunctionWrappers/OAZAk/src/FunctionWrappers.jl:97 [inlined]
    [4] FunctionWrapper
      @ ~/.julia/packages/FunctionWrappers/OAZAk/src/FunctionWrappers.jl:116 [inlined]
    [5] FinFunctionCallable
      @ ~/.julia/packages/Catlab/Qx8VY/src/categorical_algebra/FinSets.jl:83 [inlined]
    [6] iterate
      @ ./generator.jl:47 [inlined]
    [7] collect(itr::Base.Generator{Catlab.CategoricalAlgebra.FinSets.FinSet{Int64, Int64}, Catlab.CategoricalAlgebra.FinSets.FinFunctionCallable{Int64, Int64}})
      @ Base ./array.jl:664
    [8] map
      @ ./abstractarray.jl:2297 [inlined]
    [9] force(f::Catlab.CategoricalAlgebra.FinSets.FinFunctionCallable{Int64, Int64})
      @ Catlab.CategoricalAlgebra.FinSets ~/.julia/packages/Catlab/Qx8VY/src/categorical_algebra/FinSets.jl:116
   [10] top-level scope
      @ ~/.julia/packages/Catlab/Qx8VY/test/categorical_algebra/FinSets.jl:66
   [11] include(mod::Module, _path::String)
      @ Base ./Base.jl:389
   [12] include(x::String)
      @ Main.TestCategoricalAlgebra ~/.julia/packages/Catlab/Qx8VY/test/categorical_algebra/CategoricalAlgebra.jl:1
   [13] macro expansion
      @ ~/.julia/packages/Catlab/Qx8VY/test/categorical_algebra/CategoricalAlgebra.jl:18 [inlined]
   [14] macro expansion
      @ /workspace/srcdir/usr/share/julia/stdlib/v1.6/Test/src/Test.jl:1144 [inlined]
   [15] top-level scope
      @ ~/.julia/packages/Catlab/Qx8VY/test/categorical_algebra/CategoricalAlgebra.jl:18
FinSets: Error During Test at /home/pkgeval/.julia/packages/Catlab/Qx8VY/test/categorical_algebra/FinSets.jl:67
  Test threw exception
  Expression: force(pair(lim, [f, g]) ⋅ last(legs(lim))) == g
  Module IR does not contain specified entry function
  Stacktrace:
    [1] assume
      @ ~/.julia/packages/FunctionWrappers/OAZAk/src/FunctionWrappers.jl:9 [inlined]
    [2] macro expansion
      @ ~/.julia/packages/FunctionWrappers/OAZAk/src/FunctionWrappers.jl:107 [inlined]
    [3] do_ccall
      @ ~/.julia/packages/FunctionWrappers/OAZAk/src/FunctionWrappers.jl:97 [inlined]
    [4] FunctionWrapper
      @ ~/.julia/packages/FunctionWrappers/OAZAk/src/FunctionWrappers.jl:116 [inlined]
    [5] FinFunctionCallable
      @ ~/.julia/packages/Catlab/Qx8VY/src/categorical_algebra/FinSets.jl:83 [inlined]
    [6] iterate
      @ ./generator.jl:47 [inlined]
    [7] collect(itr::Base.Generator{Catlab.CategoricalAlgebra.FinSets.FinSet{Int64, Int64}, Catlab.CategoricalAlgebra.FinSets.FinFunctionCallable{Int64, Int64}})
      @ Base ./array.jl:664
    [8] map
      @ ./abstractarray.jl:2297 [inlined]
    [9] force(f::Catlab.CategoricalAlgebra.FinSets.FinFunctionCallable{Int64, Int64})
      @ Catlab.CategoricalAlgebra.FinSets ~/.julia/packages/Catlab/Qx8VY/src/categorical_algebra/FinSets.jl:116
   [10] top-level scope
      @ ~/.julia/packages/Catlab/Qx8VY/test/categorical_algebra/FinSets.jl:67
   [11] include(mod::Module, _path::String)
      @ Base ./Base.jl:389
   [12] include(x::String)
      @ Main.TestCategoricalAlgebra ~/.julia/packages/Catlab/Qx8VY/test/categorical_algebra/CategoricalAlgebra.jl:1
   [13] macro expansion
      @ ~/.julia/packages/Catlab/Qx8VY/test/categorical_algebra/CategoricalAlgebra.jl:18 [inlined]
   [14] macro expansion
      @ /workspace/srcdir/usr/share/julia/stdlib/v1.6/Test/src/Test.jl:1144 [inlined]
   [15] top-level scope
      @ ~/.julia/packages/Catlab/Qx8VY/test/categorical_algebra/CategoricalAlgebra.jl:18
FinSets: Error During Test at /home/pkgeval/.julia/packages/Catlab/Qx8VY/test/categorical_algebra/CategoricalAlgebra.jl:17
  Got exception outside of a @test
  LoadError: Module IR does not contain specified entry function
  Stacktrace:
    [1] assume
      @ ~/.julia/packages/FunctionWrappers/OAZAk/src/FunctionWrappers.jl:9 [inlined]
    [2] macro expansion
      @ ~/.julia/packages/FunctionWrappers/OAZAk/src/FunctionWrappers.jl:107 [inlined]
    [3] do_ccall
      @ ~/.julia/packages/FunctionWrappers/OAZAk/src/FunctionWrappers.jl:97 [inlined]
    [4] FunctionWrapper
      @ ~/.julia/packages/FunctionWrappers/OAZAk/src/FunctionWrappers.jl:116 [inlined]
    [5] FinFunctionCallable
      @ ~/.julia/packages/Catlab/Qx8VY/src/categorical_algebra/FinSets.jl:83 [inlined]
    [6] (::Catlab.CategoricalAlgebra.FinSets.var"#15#16"{Catlab.CategoricalAlgebra.FinSets.FinFunctionCallable{Int64, Int64}, Catlab.CategoricalAlgebra.FinSets.FinFunctionCallable{Int64, Int64}})(i::Int64)
      @ Catlab.CategoricalAlgebra.FinSets ~/.julia/packages/Catlab/Qx8VY/src/categorical_algebra/FinSets.jl:211
    [7] filter(f::Catlab.CategoricalAlgebra.FinSets.var"#15#16"{Catlab.CategoricalAlgebra.FinSets.FinFunctionCallable{Int64, Int64}, Catlab.CategoricalAlgebra.FinSets.FinFunctionCallable{Int64, Int64}}, a::UnitRange{Int64})
      @ Base ./array.jl:2490
    [8] limit
      @ ~/.julia/packages/Catlab/Qx8VY/src/categorical_algebra/FinSets.jl:211 [inlined]
    [9] equalizer(f::Catlab.CategoricalAlgebra.FinSets.FinFunctionCallable{Int64, Int64}, g::Catlab.CategoricalAlgebra.FinSets.FinFunctionCallable{Int64, Int64})
      @ Catlab.CategoricalAlgebra.Limits ~/.julia/packages/Catlab/Qx8VY/src/categorical_algebra/Limits.jl:188
   [10] composite_pullback(cospan::Catlab.CategoricalAlgebra.FreeDiagrams.Multicospan{Catlab.CategoricalAlgebra.FinSets.FinSet{Int64, Int64}, StaticArrays.SVector{2, Catlab.CategoricalAlgebra.FinSets.FinFunctionVector{Vector{Int64}}}})
      @ Catlab.CategoricalAlgebra.Limits ~/.julia/packages/Catlab/Qx8VY/src/categorical_algebra/Limits.jl:277
   [11] limit
      @ ~/.julia/packages/Catlab/Qx8VY/src/categorical_algebra/FinSets.jl:230 [inlined]
   [12] pullback(f::Catlab.CategoricalAlgebra.FinSets.FinFunctionVector{Vector{Int64}}, g::Catlab.CategoricalAlgebra.FinSets.FinFunctionVector{Vector{Int64}})
      @ Catlab.CategoricalAlgebra.Limits ~/.julia/packages/Catlab/Qx8VY/src/categorical_algebra/Limits.jl:205
   [13] top-level scope
      @ ~/.julia/packages/Catlab/Qx8VY/test/categorical_algebra/FinSets.jl:91
   [14] include(mod::Module, _path::String)
      @ Base ./Base.jl:389
   [15] include(x::String)
      @ Main.TestCategoricalAlgebra ~/.julia/packages/Catlab/Qx8VY/test/categorical_algebra/CategoricalAlgebra.jl:1
   [16] macro expansion
      @ ~/.julia/packages/Catlab/Qx8VY/test/categorical_algebra/CategoricalAlgebra.jl:18 [inlined]
   [17] macro expansion
      @ /workspace/srcdir/usr/share/julia/stdlib/v1.6/Test/src/Test.jl:1144 [inlined]
   [18] top-level scope
      @ ~/.julia/packages/Catlab/Qx8VY/test/categorical_algebra/CategoricalAlgebra.jl:18
   [19] include(fname::String)
      @ Base.MainInclude ./client.jl:444
   [20] macro expansion
      @ ~/.julia/packages/Catlab/Qx8VY/test/runtests.jl:12 [inlined]
   [21] macro expansion
      @ /workspace/srcdir/usr/share/julia/stdlib/v1.6/Test/src/Test.jl:1144 [inlined]
   [22] top-level scope
      @ ~/.julia/packages/Catlab/Qx8VY/test/runtests.jl:12
   [23] include(fname::String)
      @ Base.MainInclude ./client.jl:444
   [24] top-level scope
      @ none:6
   [25] eval(m::Module, e::Any)
      @ Core ./boot.jl:360
   [26] exec_options(opts::Base.JLOptions)
      @ Base ./client.jl:261
   [27] _start()
      @ Base ./client.jl:485
  in expression starting at /home/pkgeval/.julia/packages/Catlab/Qx8VY/test/categorical_algebra/FinSets.jl:1
FinRelations: Error During Test at /home/pkgeval/.julia/packages/Catlab/Qx8VY/test/categorical_algebra/FinRelations.jl:16
  Test threw exception
  Expression: map(id(FinRel(3)), [1, 1], [1, 2]) == [true, false]
  Module IR does not contain specified entry function
  Stacktrace:
    [1] assume
      @ ~/.julia/packages/FunctionWrappers/OAZAk/src/FunctionWrappers.jl:9 [inlined]
    [2] macro expansion
      @ ~/.julia/packages/FunctionWrappers/OAZAk/src/FunctionWrappers.jl:107 [inlined]
    [3] do_ccall
      @ ~/.julia/packages/FunctionWrappers/OAZAk/src/FunctionWrappers.jl:97 [inlined]
    [4] FunctionWrapper
      @ ~/.julia/packages/FunctionWrappers/OAZAk/src/FunctionWrappers.jl:116 [inlined]
    [5] FinRelationCallable
      @ ~/.julia/packages/Catlab/Qx8VY/src/categorical_algebra/FinRelations.jl:81 [inlined]
    [6] #6
      @ ./generator.jl:36 [inlined]
    [7] iterate
      @ ./generator.jl:47 [inlined]
    [8] collect(itr::Base.Generator{Base.Iterators.Zip{Tuple{Vector{Int64}, Vector{Int64}}}, Base.var"#6#7"{Catlab.CategoricalAlgebra.FinRelations.FinRelationCallable{Int64, Int64}}})
      @ Base ./array.jl:664
    [9] map(::Catlab.CategoricalAlgebra.FinRelations.FinRelationCallable{Int64, Int64}, ::Vector{Int64}, ::Vector{Int64})
      @ Base ./abstractarray.jl:2357
   [10] top-level scope
      @ ~/.julia/packages/Catlab/Qx8VY/test/categorical_algebra/FinRelations.jl:16
   [11] include(mod::Module, _path::String)
      @ Base ./Base.jl:389
   [12] include(x::String)
      @ Main.TestCategoricalAlgebra ~/.julia/packages/Catlab/Qx8VY/test/categorical_algebra/CategoricalAlgebra.jl:1
   [13] macro expansion
      @ ~/.julia/packages/Catlab/Qx8VY/test/categorical_algebra/CategoricalAlgebra.jl:22 [inlined]
   [14] macro expansion
      @ /workspace/srcdir/usr/share/julia/stdlib/v1.6/Test/src/Test.jl:1144 [inlined]
   [15] top-level scope
      @ ~/.julia/packages/Catlab/Qx8VY/test/categorical_algebra/CategoricalAlgebra.jl:22
FinRelations: Error During Test at /home/pkgeval/.julia/packages/Catlab/Qx8VY/test/categorical_algebra/FinRelations.jl:17
  Test threw exception
  Expression: map(FinRelation(((x, y)->begin
                    2x == y
                end), 3, 6), [1, 1], [2, 1]) == [true, false]
  Module IR does not contain specified entry function
  Stacktrace:
    [1] assume
      @ ~/.julia/packages/FunctionWrappers/OAZAk/src/FunctionWrappers.jl:9 [inlined]
    [2] macro expansion
      @ ~/.julia/packages/FunctionWrappers/OAZAk/src/FunctionWrappers.jl:107 [inlined]
    [3] do_ccall
      @ ~/.julia/packages/FunctionWrappers/OAZAk/src/FunctionWrappers.jl:97 [inlined]
    [4] FunctionWrapper
      @ ~/.julia/packages/FunctionWrappers/OAZAk/src/FunctionWrappers.jl:116 [inlined]
    [5] FinRelationCallable
      @ ~/.julia/packages/Catlab/Qx8VY/src/categorical_algebra/FinRelations.jl:81 [inlined]
    [6] #6
      @ ./generator.jl:36 [inlined]
    [7] iterate
      @ ./generator.jl:47 [inlined]
    [8] collect(itr::Base.Generator{Base.Iterators.Zip{Tuple{Vector{Int64}, Vector{Int64}}}, Base.var"#6#7"{Catlab.CategoricalAlgebra.FinRelations.FinRelationCallable{Int64, Int64}}})
      @ Base ./array.jl:664
    [9] map(::Catlab.CategoricalAlgebra.FinRelations.FinRelationCallable{Int64, Int64}, ::Vector{Int64}, ::Vector{Int64})
      @ Base ./abstractarray.jl:2357
   [10] top-level scope
      @ ~/.julia/packages/Catlab/Qx8VY/test/categorical_algebra/FinRelations.jl:17
   [11] include(mod::Module, _path::String)
      @ Base ./Base.jl:389
   [12] include(x::String)
      @ Main.TestCategoricalAlgebra ~/.julia/packages/Catlab/Qx8VY/test/categorical_algebra/CategoricalAlgebra.jl:1
   [13] macro expansion
      @ ~/.julia/packages/Catlab/Qx8VY/test/categorical_algebra/CategoricalAlgebra.jl:22 [inlined]
   [14] macro expansion
      @ /workspace/srcdir/usr/share/julia/stdlib/v1.6/Test/src/Test.jl:1144 [inlined]
   [15] top-level scope
      @ ~/.julia/packages/Catlab/Qx8VY/test/categorical_algebra/CategoricalAlgebra.jl:22
FinRelations: Error During Test at /home/pkgeval/.julia/packages/Catlab/Qx8VY/test/categorical_algebra/CategoricalAlgebra.jl:21
  Got exception outside of a @test
  LoadError: Module IR does not contain specified entry function
  Stacktrace:
    [1] assume
      @ ~/.julia/packages/FunctionWrappers/OAZAk/src/FunctionWrappers.jl:9 [inlined]
    [2] macro expansion
      @ ~/.julia/packages/FunctionWrappers/OAZAk/src/FunctionWrappers.jl:107 [inlined]
    [3] do_ccall
      @ ~/.julia/packages/FunctionWrappers/OAZAk/src/FunctionWrappers.jl:97 [inlined]
    [4] FunctionWrapper
      @ ~/.julia/packages/FunctionWrappers/OAZAk/src/FunctionWrappers.jl:116 [inlined]
    [5] FinRelationCallable
      @ ~/.julia/packages/Catlab/Qx8VY/src/categorical_algebra/FinRelations.jl:81 [inlined]
    [6] force(#unused#::Type{Matrix{Catlab.CategoricalAlgebra.FinRelations.BoolRig}}, R::Catlab.CategoricalAlgebra.FinRelations.FinRelationCallable{Int64, Int64})
      @ Catlab.CategoricalAlgebra.FinRelations ~/.julia/packages/Catlab/Qx8VY/src/categorical_algebra/FinRelations.jl:106
    [7] force(R::Catlab.CategoricalAlgebra.FinRelations.FinRelationCallable{Int64, Int64})
      @ Catlab.CategoricalAlgebra.FinRelations ~/.julia/packages/Catlab/Qx8VY/src/categorical_algebra/FinRelations.jl:113
    [8] top-level scope
      @ ~/.julia/packages/Catlab/Qx8VY/test/categorical_algebra/FinRelations.jl:24
    [9] include(mod::Module, _path::String)
      @ Base ./Base.jl:389
   [10] include(x::String)
      @ Main.TestCategoricalAlgebra ~/.julia/packages/Catlab/Qx8VY/test/categorical_algebra/CategoricalAlgebra.jl:1
   [11] macro expansion
      @ ~/.julia/packages/Catlab/Qx8VY/test/categorical_algebra/CategoricalAlgebra.jl:22 [inlined]
   [12] macro expansion
      @ /workspace/srcdir/usr/share/julia/stdlib/v1.6/Test/src/Test.jl:1144 [inlined]
   [13] top-level scope
      @ ~/.julia/packages/Catlab/Qx8VY/test/categorical_algebra/CategoricalAlgebra.jl:22
   [14] include(fname::String)
      @ Base.MainInclude ./client.jl:444
   [15] macro expansion
      @ ~/.julia/packages/Catlab/Qx8VY/test/runtests.jl:12 [inlined]
   [16] macro expansion
      @ /workspace/srcdir/usr/share/julia/stdlib/v1.6/Test/src/Test.jl:1144 [inlined]
   [17] top-level scope
      @ ~/.julia/packages/Catlab/Qx8VY/test/runtests.jl:12
   [18] include(fname::String)
      @ Base.MainInclude ./client.jl:444
   [19] top-level scope
      @ none:6
   [20] eval(m::Module, e::Any)
      @ Core ./boot.jl:360
   [21] exec_options(opts::Base.JLOptions)
      @ Base ./client.jl:261
   [22] _start()
      @ Base ./client.jl:485
  in expression starting at /home/pkgeval/.julia/packages/Catlab/Qx8VY/test/categorical_algebra/FinRelations.jl:1
PredicatedSets: Error During Test at /home/pkgeval/.julia/packages/Catlab/Qx8VY/test/categorical_algebra/PredicatedSets.jl:12
  Test threw exception
  Expression: plus_one_to_odd(1) == 2
  Module IR does not contain specified entry function
  Stacktrace:
    [1] assume
      @ ~/.julia/packages/FunctionWrappers/OAZAk/src/FunctionWrappers.jl:9 [inlined]
    [2] macro expansion
      @ ~/.julia/packages/FunctionWrappers/OAZAk/src/FunctionWrappers.jl:107 [inlined]
    [3] do_ccall
      @ ~/.julia/packages/FunctionWrappers/OAZAk/src/FunctionWrappers.jl:97 [inlined]
    [4] FunctionWrapper
      @ ~/.julia/packages/FunctionWrappers/OAZAk/src/FunctionWrappers.jl:116 [inlined]
    [5] PredicatedSet
      @ ~/.julia/packages/Catlab/Qx8VY/src/categorical_algebra/PredicatedSets.jl:16 [inlined]
    [6] (::Catlab.CategoricalAlgebra.PredicatedSets.PredicatedHom{Int64, Int64})(x::Int64)
      @ Catlab.CategoricalAlgebra.PredicatedSets ~/.julia/packages/Catlab/Qx8VY/src/categorical_algebra/PredicatedSets.jl:30
    [7] top-level scope
      @ ~/.julia/packages/Catlab/Qx8VY/test/categorical_algebra/PredicatedSets.jl:12
    [8] include(mod::Module, _path::String)
      @ Base ./Base.jl:389
    [9] include(x::String)
      @ Main.TestCategoricalAlgebra ~/.julia/packages/Catlab/Qx8VY/test/categorical_algebra/CategoricalAlgebra.jl:1
   [10] macro expansion
      @ ~/.julia/packages/Catlab/Qx8VY/test/categorical_algebra/CategoricalAlgebra.jl:30 [inlined]
   [11] macro expansion
      @ /workspace/srcdir/usr/share/julia/stdlib/v1.6/Test/src/Test.jl:1144 [inlined]
   [12] top-level scope
      @ ~/.julia/packages/Catlab/Qx8VY/test/categorical_algebra/CategoricalAlgebra.jl:30
PredicatedSets: Test Failed at /home/pkgeval/.julia/packages/Catlab/Qx8VY/test/categorical_algebra/PredicatedSets.jl:13
  Expression: plus_one_to_odd(2) == 3
    Expected: AssertionError
      Thrown: ErrorException
Stacktrace:
 [1] top-level scope
   @ ~/.julia/packages/Catlab/Qx8VY/test/categorical_algebra/PredicatedSets.jl:13
 [2] include(mod::Module, _path::String)
   @ Base ./Base.jl:389
 [3] include(x::String)
   @ Main.TestCategoricalAlgebra ~/.julia/packages/Catlab/Qx8VY/test/categorical_algebra/CategoricalAlgebra.jl:1
 [4] macro expansion
   @ ~/.julia/packages/Catlab/Qx8VY/test/categorical_algebra/CategoricalAlgebra.jl:30 [inlined]
 [5] macro expansion
   @ /workspace/srcdir/usr/share/julia/stdlib/v1.6/Test/src/Test.jl:1144 [inlined]
 [6] top-level scope
   @ ~/.julia/packages/Catlab/Qx8VY/test/categorical_algebra/CategoricalAlgebra.jl:30
PredicatedSets: Error During Test at /home/pkgeval/.julia/packages/Catlab/Qx8VY/test/categorical_algebra/PredicatedSets.jl:14
  Test threw exception
  Expression: plus_one_to_even(2) == 3
  Module IR does not contain specified entry function
  Stacktrace:
    [1] assume
      @ ~/.julia/packages/FunctionWrappers/OAZAk/src/FunctionWrappers.jl:9 [inlined]
    [2] macro expansion
      @ ~/.julia/packages/FunctionWrappers/OAZAk/src/FunctionWrappers.jl:107 [inlined]
    [3] do_ccall
      @ ~/.julia/packages/FunctionWrappers/OAZAk/src/FunctionWrappers.jl:97 [inlined]
    [4] FunctionWrapper
      @ ~/.julia/packages/FunctionWrappers/OAZAk/src/FunctionWrappers.jl:116 [inlined]
    [5] PredicatedSet
      @ ~/.julia/packages/Catlab/Qx8VY/src/categorical_algebra/PredicatedSets.jl:16 [inlined]
    [6] (::Catlab.CategoricalAlgebra.PredicatedSets.PredicatedHom{Int64, Int64})(x::Int64)
      @ Catlab.CategoricalAlgebra.PredicatedSets ~/.julia/packages/Catlab/Qx8VY/src/categorical_algebra/PredicatedSets.jl:30
    [7] top-level scope
      @ ~/.julia/packages/Catlab/Qx8VY/test/categorical_algebra/PredicatedSets.jl:14
    [8] include(mod::Module, _path::String)
      @ Base ./Base.jl:389
    [9] include(x::String)
      @ Main.TestCategoricalAlgebra ~/.julia/packages/Catlab/Qx8VY/test/categorical_algebra/CategoricalAlgebra.jl:1
   [10] macro expansion
      @ ~/.julia/packages/Catlab/Qx8VY/test/categorical_algebra/CategoricalAlgebra.jl:30 [inlined]
   [11] macro expansion
      @ /workspace/srcdir/usr/share/julia/stdlib/v1.6/Test/src/Test.jl:1144 [inlined]
   [12] top-level scope
      @ ~/.julia/packages/Catlab/Qx8VY/test/categorical_algebra/CategoricalAlgebra.jl:30
PredicatedSets: Test Failed at /home/pkgeval/.julia/packages/Catlab/Qx8VY/test/categorical_algebra/PredicatedSets.jl:15
  Expression: plus_one_to_even(3) == 4
    Expected: AssertionError
      Thrown: ErrorException
Stacktrace:
 [1] top-level scope
   @ ~/.julia/packages/Catlab/Qx8VY/test/categorical_algebra/PredicatedSets.jl:15
 [2] include(mod::Module, _path::String)
   @ Base ./Base.jl:389
 [3] include(x::String)
   @ Main.TestCategoricalAlgebra ~/.julia/packages/Catlab/Qx8VY/test/categorical_algebra/CategoricalAlgebra.jl:1
 [4] macro expansion
   @ ~/.julia/packages/Catlab/Qx8VY/test/categorical_algebra/CategoricalAlgebra.jl:30 [inlined]
 [5] macro expansion
   @ /workspace/srcdir/usr/share/julia/stdlib/v1.6/Test/src/Test.jl:1144 [inlined]
 [6] top-level scope
   @ ~/.julia/packages/Catlab/Qx8VY/test/categorical_algebra/CategoricalAlgebra.jl:30
PredicatedSets: Error During Test at /home/pkgeval/.julia/packages/Catlab/Qx8VY/test/categorical_algebra/PredicatedSets.jl:17
  Test threw exception
  Expression: (compose(plus_one_to_odd, plus_one_to_even))(3) == 5
  Module IR does not contain specified entry function
  Stacktrace:
    [1] assume
      @ ~/.julia/packages/FunctionWrappers/OAZAk/src/FunctionWrappers.jl:9 [inlined]
    [2] macro expansion
      @ ~/.julia/packages/FunctionWrappers/OAZAk/src/FunctionWrappers.jl:107 [inlined]
    [3] do_ccall
      @ ~/.julia/packages/FunctionWrappers/OAZAk/src/FunctionWrappers.jl:97 [inlined]
    [4] FunctionWrapper
      @ ~/.julia/packages/FunctionWrappers/OAZAk/src/FunctionWrappers.jl:116 [inlined]
    [5] PredicatedSet
      @ ~/.julia/packages/Catlab/Qx8VY/src/categorical_algebra/PredicatedSets.jl:16 [inlined]
    [6] (::Catlab.CategoricalAlgebra.PredicatedSets.PredicatedHom{Int64, Int64})(x::Int64)
      @ Catlab.CategoricalAlgebra.PredicatedSets ~/.julia/packages/Catlab/Qx8VY/src/categorical_algebra/PredicatedSets.jl:30
    [7] top-level scope
      @ ~/.julia/packages/Catlab/Qx8VY/test/categorical_algebra/PredicatedSets.jl:17
    [8] include(mod::Module, _path::String)
      @ Base ./Base.jl:389
    [9] include(x::String)
      @ Main.TestCategoricalAlgebra ~/.julia/packages/Catlab/Qx8VY/test/categorical_algebra/CategoricalAlgebra.jl:1
   [10] macro expansion
      @ ~/.julia/packages/Catlab/Qx8VY/test/categorical_algebra/CategoricalAlgebra.jl:30 [inlined]
   [11] macro expansion
      @ /workspace/srcdir/usr/share/julia/stdlib/v1.6/Test/src/Test.jl:1144 [inlined]
   [12] top-level scope
      @ ~/.julia/packages/Catlab/Qx8VY/test/categorical_algebra/CategoricalAlgebra.jl:30
PredicatedSets: Test Failed at /home/pkgeval/.julia/packages/Catlab/Qx8VY/test/categorical_algebra/PredicatedSets.jl:21
  Expression: plus_two(3)
    Expected: AssertionError
      Thrown: ErrorException
Stacktrace:
 [1] top-level scope
   @ ~/.julia/packages/Catlab/Qx8VY/test/categorical_algebra/PredicatedSets.jl:21
 [2] include(mod::Module, _path::String)
   @ Base ./Base.jl:389
 [3] include(x::String)
   @ Main.TestCategoricalAlgebra ~/.julia/packages/Catlab/Qx8VY/test/categorical_algebra/CategoricalAlgebra.jl:1
 [4] macro expansion
   @ ~/.julia/packages/Catlab/Qx8VY/test/categorical_algebra/CategoricalAlgebra.jl:30 [inlined]
 [5] macro expansion
   @ /workspace/srcdir/usr/share/julia/stdlib/v1.6/Test/src/Test.jl:1144 [inlined]
 [6] top-level scope
   @ ~/.julia/packages/Catlab/Qx8VY/test/categorical_algebra/CategoricalAlgebra.jl:30
CSets: Error During Test at /home/pkgeval/.julia/packages/Catlab/Qx8VY/test/categorical_algebra/CategoricalAlgebra.jl:33
  Got exception outside of a @test
  LoadError: Module IR does not contain specified entry function
  Stacktrace:
    [1] assume
      @ ~/.julia/packages/FunctionWrappers/OAZAk/src/FunctionWrappers.jl:9 [inlined]
    [2] macro expansion
      @ ~/.julia/packages/FunctionWrappers/OAZAk/src/FunctionWrappers.jl:107 [inlined]
    [3] do_ccall
      @ ~/.julia/packages/FunctionWrappers/OAZAk/src/FunctionWrappers.jl:97 [inlined]
    [4] FunctionWrapper
      @ ~/.julia/packages/FunctionWrappers/OAZAk/src/FunctionWrappers.jl:116 [inlined]
    [5] FinFunctionCallable
      @ ~/.julia/packages/Catlab/Qx8VY/src/categorical_algebra/FinSets.jl:83 [inlined]
    [6] iterate
      @ ./generator.jl:47 [inlined]
    [7] collect(itr::Base.Generator{Catlab.CategoricalAlgebra.FinSets.FinSet{Int64, Int64}, Catlab.CategoricalAlgebra.FinSets.FinFunctionCallable{Int64, Int64}})
      @ Base ./array.jl:664
    [8] map
      @ ./abstractarray.jl:2297 [inlined]
    [9] force
      @ ~/.julia/packages/Catlab/Qx8VY/src/categorical_algebra/FinSets.jl:116 [inlined]
   [10] collect(f::Catlab.CategoricalAlgebra.FinSets.FinFunctionCallable{Int64, Int64})
      @ Catlab.CategoricalAlgebra.FinSets ~/.julia/packages/Catlab/Qx8VY/src/categorical_algebra/FinSets.jl:119
   [11] limit(diagram::Catlab.CategoricalAlgebra.FreeDiagrams.ObjectPair{Catlab.CSetDataStructures.CSet{Catlab.Theories.CatDesc{(:V, :E), (:src, :tgt), (2, 2), (1, 1)}, (:src, :tgt), (), NamedTuple{(:V, :E), Tuple{Vector{NamedTuple{(), Tuple{}}}, StructArrays.StructVector{NamedTuple{(:src, :tgt), Tuple{Int64, Int64}}, NamedTuple{(:src, :tgt), Tuple{Vector{Int64}, Vector{Int64}}}, Int64}}}, NamedTuple{(:src, :tgt), Tuple{Vector{Vector{Int64}}, Vector{Vector{Int64}}}}}, StaticArrays.SVector{2, Catlab.CSetDataStructures.CSet{Catlab.Theories.CatDesc{(:V, :E), (:src, :tgt), (2, 2), (1, 1)}, (:src, :tgt), (), NamedTuple{(:V, :E), Tuple{Vector{NamedTuple{(), Tuple{}}}, StructArrays.StructVector{NamedTuple{(:src, :tgt), Tuple{Int64, Int64}}, NamedTuple{(:src, :tgt), Tuple{Vector{Int64}, Vector{Int64}}}, Int64}}}, NamedTuple{(:src, :tgt), Tuple{Vector{Vector{Int64}}, Vector{Vector{Int64}}}}}}})
      @ Catlab.CategoricalAlgebra.CSets ~/.julia/packages/Catlab/Qx8VY/src/categorical_algebra/CSets.jl:151
   [12] product(A::Catlab.CSetDataStructures.CSet{Catlab.Theories.CatDesc{(:V, :E), (:src, :tgt), (2, 2), (1, 1)}, (:src, :tgt), (), NamedTuple{(:V, :E), Tuple{Vector{NamedTuple{(), Tuple{}}}, StructArrays.StructVector{NamedTuple{(:src, :tgt), Tuple{Int64, Int64}}, NamedTuple{(:src, :tgt), Tuple{Vector{Int64}, Vector{Int64}}}, Int64}}}, NamedTuple{(:src, :tgt), Tuple{Vector{Vector{Int64}}, Vector{Vector{Int64}}}}}, B::Catlab.CSetDataStructures.CSet{Catlab.Theories.CatDesc{(:V, :E), (:src, :tgt), (2, 2), (1, 1)}, (:src, :tgt), (), NamedTuple{(:V, :E), Tuple{Vector{NamedTuple{(), Tuple{}}}, StructArrays.StructVector{NamedTuple{(:src, :tgt), Tuple{Int64, Int64}}, NamedTuple{(:src, :tgt), Tuple{Vector{Int64}, Vector{Int64}}}, Int64}}}, NamedTuple{(:src, :tgt), Tuple{Vector{Vector{Int64}}, Vector{Vector{Int64}}}}})
      @ Catlab.CategoricalAlgebra.Limits ~/.julia/packages/Catlab/Qx8VY/src/categorical_algebra/Limits.jl:172
   [13] top-level scope
      @ ~/.julia/packages/Catlab/Qx8VY/test/categorical_algebra/CSets.jl:51
   [14] include(mod::Module, _path::String)
      @ Base ./Base.jl:389
   [15] include(x::String)
      @ Main.TestCategoricalAlgebra ~/.julia/packages/Catlab/Qx8VY/test/categorical_algebra/CategoricalAlgebra.jl:1
   [16] macro expansion
      @ ~/.julia/packages/Catlab/Qx8VY/test/categorical_algebra/CategoricalAlgebra.jl:35 [inlined]
   [17] macro expansion
      @ /workspace/srcdir/usr/share/julia/stdlib/v1.6/Test/src/Test.jl:1144 [inlined]
   [18] top-level scope
      @ ~/.julia/packages/Catlab/Qx8VY/test/categorical_algebra/CategoricalAlgebra.jl:34
   [19] include(fname::String)
      @ Base.MainInclude ./client.jl:444
   [20] macro expansion
      @ ~/.julia/packages/Catlab/Qx8VY/test/runtests.jl:12 [inlined]
   [21] macro expansion
      @ /workspace/srcdir/usr/share/julia/stdlib/v1.6/Test/src/Test.jl:1144 [inlined]
   [22] top-level scope
      @ ~/.julia/packages/Catlab/Qx8VY/test/runtests.jl:12
   [23] include(fname::String)
      @ Base.MainInclude ./client.jl:444
   [24] top-level scope
      @ none:6
   [25] eval(m::Module, e::Any)
      @ Core ./boot.jl:360
   [26] exec_options(opts::Base.JLOptions)
      @ Base ./client.jl:261
   [27] _start()
      @ Base ./client.jl:485
  in expression starting at /home/pkgeval/.julia/packages/Catlab/Qx8VY/test/categorical_algebra/CSets.jl:1
┌ Warning: `find_root` is deprecated, use `find_root!` instead.
│   caller = #30 at none:0 [inlined]
└ @ Core ./none:0
┌ Warning: `find_root` is deprecated, use `find_root!` instead.
│   caller = #30 at none:0 [inlined]
└ @ Core ./none:0
Test Summary:       | Pass  Fail  Error  Total
CategoricalAlgebra  |  356     3     16    375
  FreeDiagrams      |   67                  67
  Limits            |   10                  10
  Matrices          |   19                  19
  FinSets           |   29            9     38
  FinRelations      |    3            3      6
  Permutations      |   35                  35
  PredicatedSets    |          3      3      6
  CSets             |  131            1    132
  StructuredCospans |   48                  48
  Squares           |   14                  14
ERROR: LoadError: Some tests did not pass: 356 passed, 3 failed, 16 errored, 0 broken.
in expression starting at /home/pkgeval/.julia/packages/Catlab/Qx8VY/test/runtests.jl:11

PkgEval failed: Package Catlab errored during testing
Stacktrace:
  [1] pkgerror(msg::String)
    @ Pkg.Types /workspace/srcdir/usr/share/julia/stdlib/v1.6/Pkg/src/Types.jl:52
  [2] test(ctx::Pkg.Types.Context, pkgs::Vector{Pkg.Types.PackageSpec}; coverage::Bool, julia_args::Cmd, test_args::Cmd, test_fn::Nothing)
    @ Pkg.Operations /workspace/srcdir/usr/share/julia/stdlib/v1.6/Pkg/src/Operations.jl:1651
  [3] test(ctx::Pkg.Types.Context, pkgs::Vector{Pkg.Types.PackageSpec}; coverage::Bool, test_fn::Nothing, julia_args::Cmd, test_args::Cmd, kwargs::Base.Iterators.Pairs{Union{}, Union{}, Tuple{}, NamedTuple{(), Tuple{}}})
    @ Pkg.API /workspace/srcdir/usr/share/julia/stdlib/v1.6/Pkg/src/API.jl:334
  [4] test(ctx::Pkg.Types.Context, pkgs::Vector{Pkg.Types.PackageSpec})
    @ Pkg.API /workspace/srcdir/usr/share/julia/stdlib/v1.6/Pkg/src/API.jl:321
  [5] #test#62
    @ /workspace/srcdir/usr/share/julia/stdlib/v1.6/Pkg/src/API.jl:71 [inlined]
  [6] test
    @ /workspace/srcdir/usr/share/julia/stdlib/v1.6/Pkg/src/API.jl:70 [inlined]
  [7] #test#61
    @ /workspace/srcdir/usr/share/julia/stdlib/v1.6/Pkg/src/API.jl:68 [inlined]
  [8] test
    @ /workspace/srcdir/usr/share/julia/stdlib/v1.6/Pkg/src/API.jl:68 [inlined]
  [9] test(pkg::String; kwargs::Base.Iterators.Pairs{Union{}, Union{}, Tuple{}, NamedTuple{(), Tuple{}}})
    @ Pkg.API /workspace/srcdir/usr/share/julia/stdlib/v1.6/Pkg/src/API.jl:67
 [10] test(pkg::String)
    @ Pkg.API /workspace/srcdir/usr/share/julia/stdlib/v1.6/Pkg/src/API.jl:67
 [11] top-level scope
    @ none:44
 [12] eval
    @ ./boot.jl:360 [inlined]
 [13] eval(x::Expr)
    @ Base.MainInclude ./client.jl:446
 [14] top-level scope
    @ none:1
 [15] eval(m::Module, e::Any)
    @ Core ./boot.jl:360
 [16] exec_options(opts::Base.JLOptions)
    @ Base ./client.jl:261
 [17] _start()
    @ Base ./client.jl:485


################################################################################
# PkgEval teardown: 2020-10-28T11:55:40.134
#


signal (15): Terminated
in expression starting at none:1
pthread_cond_wait at /lib/x86_64-linux-gnu/libpthread.so.0 (unknown line)
uv_cond_wait at /workspace/srcdir/libuv/src/unix/thread.c:847
jl_task_get_next at /workspace/srcdir/src/partr.c:508

CPU usage: 377.08s (342.43s user, 37.32s kernel)

Network usage:
- eth0: 5.098 MiB received, 153.794 KiB sent

Raw statistics: {"read":"2020-10-28T11:55:40.379599439Z","preread":"0001-01-01T00:00:00Z","pids_stats":{"current":46},"blkio_stats":{"io_service_bytes_recursive":[{"major":259,"minor":0,"op":"Read","value":0},{"major":259,"minor":0,"op":"Write","value":36864},{"major":259,"minor":0,"op":"Sync","value":0},{"major":259,"minor":0,"op":"Async","value":36864},{"major":259,"minor":0,"op":"Total","value":36864},{"major":253,"minor":2,"op":"Read","value":0},{"major":253,"minor":2,"op":"Write","value":36864},{"major":253,"minor":2,"op":"Sync","value":0},{"major":253,"minor":2,"op":"Async","value":36864},{"major":253,"minor":2,"op":"Total","value":36864}],"io_serviced_recursive":[{"major":259,"minor":0,"op":"Read","value":0},{"major":259,"minor":0,"op":"Write","value":5},{"major":259,"minor":0,"op":"Sync","value":0},{"major":259,"minor":0,"op":"Async","value":5},{"major":259,"minor":0,"op":"Total","value":5},{"major":253,"minor":2,"op":"Read","value":0},{"major":253,"minor":2,"op":"Write","value":5},{"major":253,"minor":2,"op":"Sync","value":0},{"major":253,"minor":2,"op":"Async","value":5},{"major":253,"minor":2,"op":"Total","value":5}],"io_queue_recursive":[],"io_service_time_recursive":[],"io_wait_time_recursive":[],"io_merged_recursive":[],"io_time_recursive":[],"sectors_recursive":[]},"num_procs":0,"storage_stats":{},"cpu_stats":{"cpu_usage":{"total_usage":377081471357,"percpu_usage":[32696566,334360805,341847061,342423697,145587998,756422330,371467644,487771934,622976125,522191050,518046271,573514479,629613567,442990461,416952426,518187215,1435736745,354530524,433101639,463407676,129372612,833001649,194749998,391415027,292756555,1112551573,685642018,317889424,451232982,280132256,354995903,272523218,6852255992,3440416053,4391248365,6215937686,5067908411,4862756561,8837164481,6923245502,5986012980,6244341651,5756533458,5038148221,5190969601,7774021405,7102109414,6194437585,3881631999,5525487103,4351122403,4991302467,6693865770,3901768647,7215285345,8128183425,5388430365,4309434993,7592569165,6072731540,4713423164,4122004412,4318196322,4692203057,502054148,256152443,501191709,269882128,377604158,137246023,428341324,1311866265,458950959,616691868,398509019,475544465,669165770,159876963,373270029,855198339,371135407,348169341,696071704,369746774,632714243,420820153,213965141,948969490,560781008,595568416,889617667,730101979,890576660,191122973,362790016,537315705,5600993440,5727294638,4472885989,7340034125,6891356505,4485804547,6213362382,3753923282,6368201665,4276550992,3527554168,3620580409,6812965582,3702630021,5587605903,5480237568,5595179419,5732989125,3054503136,5289956267,7039796127,5433097605,6628415539,6754251949,4966406757,3900125471,5010690467,5586082919,4433603658,2357548300,4218400666,3832193478],"usage_in_kernelmode":37320000000,"usage_in_usermode":342430000000},"system_cpu_usage":94194298300000000,"online_cpus":128,"throttling_data":{"periods":4390,"throttled_periods":64,"throttled_time":11532411270}},"precpu_stats":{"cpu_usage":{"total_usage":0,"usage_in_kernelmode":0,"usage_in_usermode":0},"throttling_data":{"periods":0,"throttled_periods":0,"throttled_time":0}},"memory_stats":{"usage":303296512,"max_usage":1164726272,"stats":{"active_anon":239980544,"active_file":1449984,"cache":37146624,"dirty":0,"hierarchical_memory_limit":9223372036854771712,"hierarchical_memsw_limit":0,"inactive_anon":12283904,"inactive_file":8192,"mapped_file":0,"pgfault":7946916,"pgmajfault":0,"pgpgin":2260120,"pgpgout":2198165,"rss":216621056,"rss_huge":0,"total_active_anon":239980544,"total_active_file":1449984,"total_cache":37146624,"total_dirty":0,"total_inactive_anon":12283904,"total_inactive_file":8192,"total_mapped_file":0,"total_pgfault":7946916,"total_pgmajfault":0,"total_pgpgin":2260120,"total_pgpgout":2198165,"total_rss":216621056,"total_rss_huge":0,"total_unevictable":0,"total_writeback":0,"unevictable":0,"writeback":0},"limit":540972998656},"name":"/Catlab-X60kAUXX","id":"9db5cd90cd7232d95cb16005b73eb40b6e8babced5fb1e7b7080dd993f84618c","networks":{"eth0":{"rx_bytes":5345599,"rx_packets":1789,"rx_errors":0,"rx_dropped":15,"tx_bytes":157485,"tx_packets":1169,"tx_errors":0,"tx_dropped":0}}}

