Julia Version 1.4.0-DEV.661
Commit f6b5e8ad58 (2019-12-24 15:13 UTC)
Platform Info:
  OS: Linux (x86_64-pc-linux-gnu)
  CPU: Intel(R) Xeon(R) Silver 4114 CPU @ 2.20GHz
  WORD_SIZE: 64
  LIBM: libopenlibm
  LLVM: libLLVM-8.0.1 (ORCJIT, skylake)
Environment:
  JULIA_DEPOT_PATH = ::/usr/local/share/julia

 Resolving package versions...
 Installed Missings â”€â”€â”€â”€â”€â”€â”€â”€â”€â”€â”€â”€â”€â”€â”€â”€â”€â”€â”€â”€ v0.4.3
 Installed SortingAlgorithms â”€â”€â”€â”€â”€â”€â”€â”€â”€â”€â”€ v0.3.1
 Installed DataValueInterfaces â”€â”€â”€â”€â”€â”€â”€â”€â”€ v1.0.0
 Installed IteratorInterfaceExtensions â”€ v1.0.0
 Installed OrderedCollections â”€â”€â”€â”€â”€â”€â”€â”€â”€â”€ v1.1.0
 Installed Twiddle â”€â”€â”€â”€â”€â”€â”€â”€â”€â”€â”€â”€â”€â”€â”€â”€â”€â”€â”€â”€â”€ v1.1.1
 Installed PhyloNetworks â”€â”€â”€â”€â”€â”€â”€â”€â”€â”€â”€â”€â”€â”€â”€ v0.11.0
 Installed Compat â”€â”€â”€â”€â”€â”€â”€â”€â”€â”€â”€â”€â”€â”€â”€â”€â”€â”€â”€â”€â”€â”€ v2.2.0
 Installed TableTraits â”€â”€â”€â”€â”€â”€â”€â”€â”€â”€â”€â”€â”€â”€â”€â”€â”€ v1.0.0
 Installed Arpack_jll â”€â”€â”€â”€â”€â”€â”€â”€â”€â”€â”€â”€â”€â”€â”€â”€â”€â”€ v3.5.0+2
 Installed CSV â”€â”€â”€â”€â”€â”€â”€â”€â”€â”€â”€â”€â”€â”€â”€â”€â”€â”€â”€â”€â”€â”€â”€â”€â”€ v0.5.21
 Installed TranscodingStreams â”€â”€â”€â”€â”€â”€â”€â”€â”€â”€ v0.9.5
 Installed MathProgBase â”€â”€â”€â”€â”€â”€â”€â”€â”€â”€â”€â”€â”€â”€â”€â”€ v0.7.7
 Installed IntervalTrees â”€â”€â”€â”€â”€â”€â”€â”€â”€â”€â”€â”€â”€â”€â”€ v1.0.0
 Installed GLM â”€â”€â”€â”€â”€â”€â”€â”€â”€â”€â”€â”€â”€â”€â”€â”€â”€â”€â”€â”€â”€â”€â”€â”€â”€ v1.3.5
 Installed QuadGK â”€â”€â”€â”€â”€â”€â”€â”€â”€â”€â”€â”€â”€â”€â”€â”€â”€â”€â”€â”€â”€â”€ v2.3.1
 Installed WeakRefStrings â”€â”€â”€â”€â”€â”€â”€â”€â”€â”€â”€â”€â”€â”€ v0.6.2
 Installed StaticArrays â”€â”€â”€â”€â”€â”€â”€â”€â”€â”€â”€â”€â”€â”€â”€â”€ v0.12.1
 Installed JSON â”€â”€â”€â”€â”€â”€â”€â”€â”€â”€â”€â”€â”€â”€â”€â”€â”€â”€â”€â”€â”€â”€â”€â”€ v0.21.0
 Installed BufferedStreams â”€â”€â”€â”€â”€â”€â”€â”€â”€â”€â”€â”€â”€ v1.0.0
 Installed Automa â”€â”€â”€â”€â”€â”€â”€â”€â”€â”€â”€â”€â”€â”€â”€â”€â”€â”€â”€â”€â”€â”€ v0.8.0
 Installed Rmath â”€â”€â”€â”€â”€â”€â”€â”€â”€â”€â”€â”€â”€â”€â”€â”€â”€â”€â”€â”€â”€â”€â”€ v0.6.0
 Installed IndexableBitVectors â”€â”€â”€â”€â”€â”€â”€â”€â”€ v1.0.0
 Installed Reexport â”€â”€â”€â”€â”€â”€â”€â”€â”€â”€â”€â”€â”€â”€â”€â”€â”€â”€â”€â”€ v0.2.0
 Installed RecipesBase â”€â”€â”€â”€â”€â”€â”€â”€â”€â”€â”€â”€â”€â”€â”€â”€â”€ v0.7.0
 Installed PDMats â”€â”€â”€â”€â”€â”€â”€â”€â”€â”€â”€â”€â”€â”€â”€â”€â”€â”€â”€â”€â”€â”€ v0.9.10
 Installed Parsers â”€â”€â”€â”€â”€â”€â”€â”€â”€â”€â”€â”€â”€â”€â”€â”€â”€â”€â”€â”€â”€ v0.3.10
 Installed Codecs â”€â”€â”€â”€â”€â”€â”€â”€â”€â”€â”€â”€â”€â”€â”€â”€â”€â”€â”€â”€â”€â”€ v0.5.0
 Installed BioSequences â”€â”€â”€â”€â”€â”€â”€â”€â”€â”€â”€â”€â”€â”€â”€â”€ v1.1.0
 Installed CMake â”€â”€â”€â”€â”€â”€â”€â”€â”€â”€â”€â”€â”€â”€â”€â”€â”€â”€â”€â”€â”€â”€â”€ v1.1.2
 Installed Polynomials â”€â”€â”€â”€â”€â”€â”€â”€â”€â”€â”€â”€â”€â”€â”€â”€â”€ v0.6.0
 Installed StatsFuns â”€â”€â”€â”€â”€â”€â”€â”€â”€â”€â”€â”€â”€â”€â”€â”€â”€â”€â”€ v0.9.3
 Installed Combinatorics â”€â”€â”€â”€â”€â”€â”€â”€â”€â”€â”€â”€â”€â”€â”€ v0.7.0
 Installed NLopt â”€â”€â”€â”€â”€â”€â”€â”€â”€â”€â”€â”€â”€â”€â”€â”€â”€â”€â”€â”€â”€â”€â”€ v0.5.1
 Installed URIParser â”€â”€â”€â”€â”€â”€â”€â”€â”€â”€â”€â”€â”€â”€â”€â”€â”€â”€â”€ v0.4.0
 Installed Parameters â”€â”€â”€â”€â”€â”€â”€â”€â”€â”€â”€â”€â”€â”€â”€â”€â”€â”€ v0.12.0
 Installed StatsModels â”€â”€â”€â”€â”€â”€â”€â”€â”€â”€â”€â”€â”€â”€â”€â”€â”€ v0.6.7
 Installed CategoricalArrays â”€â”€â”€â”€â”€â”€â”€â”€â”€â”€â”€ v0.7.5
 Installed OpenBLAS_jll â”€â”€â”€â”€â”€â”€â”€â”€â”€â”€â”€â”€â”€â”€â”€â”€ v0.3.7+1
 Installed ShiftedArrays â”€â”€â”€â”€â”€â”€â”€â”€â”€â”€â”€â”€â”€â”€â”€ v1.0.0
 Installed BinaryProvider â”€â”€â”€â”€â”€â”€â”€â”€â”€â”€â”€â”€â”€â”€ v0.5.8
 Installed StatsBase â”€â”€â”€â”€â”€â”€â”€â”€â”€â”€â”€â”€â”€â”€â”€â”€â”€â”€â”€ v0.32.0
 Installed DataFrames â”€â”€â”€â”€â”€â”€â”€â”€â”€â”€â”€â”€â”€â”€â”€â”€â”€â”€ v0.20.0
 Installed Tables â”€â”€â”€â”€â”€â”€â”€â”€â”€â”€â”€â”€â”€â”€â”€â”€â”€â”€â”€â”€â”€â”€ v0.2.11
 Installed BioCore â”€â”€â”€â”€â”€â”€â”€â”€â”€â”€â”€â”€â”€â”€â”€â”€â”€â”€â”€â”€â”€ v2.0.5
 Installed YAML â”€â”€â”€â”€â”€â”€â”€â”€â”€â”€â”€â”€â”€â”€â”€â”€â”€â”€â”€â”€â”€â”€â”€â”€ v0.3.2
 Installed DataStructures â”€â”€â”€â”€â”€â”€â”€â”€â”€â”€â”€â”€â”€â”€ v0.17.6
 Installed BioSymbols â”€â”€â”€â”€â”€â”€â”€â”€â”€â”€â”€â”€â”€â”€â”€â”€â”€â”€ v3.1.0
 Installed OpenSpecFun_jll â”€â”€â”€â”€â”€â”€â”€â”€â”€â”€â”€â”€â”€ v0.5.3+1
 Installed BinDeps â”€â”€â”€â”€â”€â”€â”€â”€â”€â”€â”€â”€â”€â”€â”€â”€â”€â”€â”€â”€â”€ v1.0.0
 Installed FillArrays â”€â”€â”€â”€â”€â”€â”€â”€â”€â”€â”€â”€â”€â”€â”€â”€â”€â”€ v0.8.2
 Installed CMakeWrapper â”€â”€â”€â”€â”€â”€â”€â”€â”€â”€â”€â”€â”€â”€â”€â”€ v0.2.3
 Installed SpecialFunctions â”€â”€â”€â”€â”€â”€â”€â”€â”€â”€â”€â”€ v0.9.0
 Installed DataAPI â”€â”€â”€â”€â”€â”€â”€â”€â”€â”€â”€â”€â”€â”€â”€â”€â”€â”€â”€â”€â”€ v1.1.0
 Installed PooledArrays â”€â”€â”€â”€â”€â”€â”€â”€â”€â”€â”€â”€â”€â”€â”€â”€ v0.5.3
 Installed FilePathsBase â”€â”€â”€â”€â”€â”€â”€â”€â”€â”€â”€â”€â”€â”€â”€ v0.7.0
 Installed InvertedIndices â”€â”€â”€â”€â”€â”€â”€â”€â”€â”€â”€â”€â”€ v1.0.0
 Installed Distributions â”€â”€â”€â”€â”€â”€â”€â”€â”€â”€â”€â”€â”€â”€â”€ v0.21.11
 Installed Arpack â”€â”€â”€â”€â”€â”€â”€â”€â”€â”€â”€â”€â”€â”€â”€â”€â”€â”€â”€â”€â”€â”€ v0.4.0
  Updating `~/.julia/environments/v1.4/Project.toml`
  [33ad39ac] + PhyloNetworks v0.11.0
  Updating `~/.julia/environments/v1.4/Manifest.toml`
  [7d9fca2a] + Arpack v0.4.0
  [68821587] + Arpack_jll v3.5.0+2
  [67c07d97] + Automa v0.8.0
  [9e28174c] + BinDeps v1.0.0
  [b99e7846] + BinaryProvider v0.5.8
  [37cfa864] + BioCore v2.0.5
  [7e6ae17a] + BioSequences v1.1.0
  [3c28c6f8] + BioSymbols v3.1.0
  [e1450e63] + BufferedStreams v1.0.0
  [631607c0] + CMake v1.1.2
  [d5fb7624] + CMakeWrapper v0.2.3
  [336ed68f] + CSV v0.5.21
  [324d7699] + CategoricalArrays v0.7.5
  [19ecbf4d] + Codecs v0.5.0
  [861a8166] + Combinatorics v0.7.0
  [34da2185] + Compat v2.2.0
  [9a962f9c] + DataAPI v1.1.0
  [a93c6f00] + DataFrames v0.20.0
  [864edb3b] + DataStructures v0.17.6
  [e2d170a0] + DataValueInterfaces v1.0.0
  [31c24e10] + Distributions v0.21.11
  [48062228] + FilePathsBase v0.7.0
  [1a297f60] + FillArrays v0.8.2
  [38e38edf] + GLM v1.3.5
  [1cb3b9ac] + IndexableBitVectors v1.0.0
  [524e6230] + IntervalTrees v1.0.0
  [41ab1584] + InvertedIndices v1.0.0
  [82899510] + IteratorInterfaceExtensions v1.0.0
  [682c06a0] + JSON v0.21.0
  [fdba3010] + MathProgBase v0.7.7
  [e1d29d7a] + Missings v0.4.3
  [76087f3c] + NLopt v0.5.1
  [4536629a] + OpenBLAS_jll v0.3.7+1
  [efe28fd5] + OpenSpecFun_jll v0.5.3+1
  [bac558e1] + OrderedCollections v1.1.0
  [90014a1f] + PDMats v0.9.10
  [d96e819e] + Parameters v0.12.0
  [69de0a69] + Parsers v0.3.10
  [33ad39ac] + PhyloNetworks v0.11.0
  [f27b6e38] + Polynomials v0.6.0
  [2dfb63ee] + PooledArrays v0.5.3
  [1fd47b50] + QuadGK v2.3.1
  [3cdcf5f2] + RecipesBase v0.7.0
  [189a3867] + Reexport v0.2.0
  [79098fc4] + Rmath v0.6.0
  [1277b4bf] + ShiftedArrays v1.0.0
  [a2af1166] + SortingAlgorithms v0.3.1
  [276daf66] + SpecialFunctions v0.9.0
  [90137ffa] + StaticArrays v0.12.1
  [2913bbd2] + StatsBase v0.32.0
  [4c63d2b9] + StatsFuns v0.9.3
  [3eaba693] + StatsModels v0.6.7
  [3783bdb8] + TableTraits v1.0.0
  [bd369af6] + Tables v0.2.11
  [3bb67fe8] + TranscodingStreams v0.9.5
  [7200193e] + Twiddle v1.1.1
  [30578b45] + URIParser v0.4.0
  [ea10d353] + WeakRefStrings v0.6.2
  [ddb6d928] + YAML v0.3.2
  [2a0f44e3] + Base64 
  [ade2ca70] + Dates 
  [8bb1440f] + DelimitedFiles 
  [8ba89e20] + Distributed 
  [9fa8497b] + Future 
  [b77e0a4c] + InteractiveUtils 
  [76f85450] + LibGit2 
  [8f399da3] + Libdl 
  [37e2e46d] + LinearAlgebra 
  [56ddb016] + Logging 
  [d6f4376e] + Markdown 
  [a63ad114] + Mmap 
  [44cfe95a] + Pkg 
  [de0858da] + Printf 
  [9abbd945] + Profile 
  [3fa0cd96] + REPL 
  [9a3f8284] + Random 
  [ea8e919c] + SHA 
  [9e88b42a] + Serialization 
  [1a1011a3] + SharedArrays 
  [6462fe0b] + Sockets 
  [2f01184e] + SparseArrays 
  [10745b16] + Statistics 
  [4607b0f0] + SuiteSparse 
  [8dfed614] + Test 
  [cf7118a7] + UUIDs 
  [4ec0a83e] + Unicode 
  Building Rmath â†’ `~/.julia/packages/Rmath/BoBag/deps/build.log`
  Updating `/tmp/jl_3HFNcn/Project.toml`
 [no changes]
  Updating `/tmp/jl_3HFNcn/Manifest.toml`
 [no changes]
  Building CMake â†’ `~/.julia/packages/CMake/nSK2r/deps/build.log`
  Updating `/tmp/jl_evBq1A/Project.toml`
 [no changes]
  Updating `/tmp/jl_evBq1A/Manifest.toml`
 [no changes]
  Building NLopt â†’ `~/.julia/packages/NLopt/eqN9a/deps/build.log`
  Updating `/tmp/jl_l7h3Al/Project.toml`
 [no changes]
  Updating `/tmp/jl_l7h3Al/Manifest.toml`
 [no changes]
   Testing PhyloNetworks
  Updating `/tmp/jl_2POaXQ/Project.toml`
 [no changes]
  Updating `/tmp/jl_2POaXQ/Manifest.toml`
 [no changes]
Running sandbox
Status `/tmp/jl_2POaXQ/Project.toml`
  [7e6ae17a] BioSequences v1.1.0
  [3c28c6f8] BioSymbols v3.1.0
  [336ed68f] CSV v0.5.21
  [861a8166] Combinatorics v0.7.0
  [a93c6f00] DataFrames v0.20.0
  [864edb3b] DataStructures v0.17.6
  [31c24e10] Distributions v0.21.11
  [38e38edf] GLM v1.3.5
  [76087f3c] NLopt v0.5.1
  [33ad39ac] PhyloNetworks v0.11.0
  [276daf66] SpecialFunctions v0.9.0
  [90137ffa] StaticArrays v0.12.1
  [2913bbd2] StatsBase v0.32.0
  [4c63d2b9] StatsFuns v0.9.3
  [3eaba693] StatsModels v0.6.7
  [ade2ca70] Dates 
  [8ba89e20] Distributed 
  [37e2e46d] LinearAlgebra 
  [de0858da] Printf 
  [9a3f8284] Random 
  [10745b16] Statistics 
  [8dfed614] Test 
â”Œ Warning: PhyloNetworks.CHECKNET is true: will slow snaq! down.
â”” @ PhyloNetworks ~/.julia/packages/PhyloNetworks/zeoh2/src/auxiliary.jl:9
PhyloNetworks.CHECKNET = true
[ Info: starting test_5taxon_readTopology.jl
hybrid edges for hybrid node 3 have missing gamma's, set default: 0.9,0.1
hybrid edges for hybrid node 5 have missing gamma's, set default: 0.9,0.1
hybrid edges for hybrid node 3 have missing gamma's, set default: 0.9,0.1
hybrid edges for hybrid node 2 have missing gamma's, set default: 0.9,0.1
hybrid edges for hybrid node 3 have missing gamma's, set default: 0.9,0.1
[ Info: starting test_calculateExpCF.jl
[1m[32mPASSED[0m: test_5taxon_readTopology.jl
hybrid edges for hybrid node 5 have missing gamma's, set default: 0.9,0.1
hybrid edges for hybrid node 3 have missing gamma's, set default: 0.9,0.1
[ Info: starting test_calculateExpCF2.jl
[1m[32mPASSED[0m: test_calculateExpCF.jl
hybrid edges for hybrid node 5 have missing gamma's, set default: 0.9,0.1
[1m[32mPASSED[0m: test_calculateExpCF2.jl
[ Info: starting test_hasEdge.jl
hybrid edges for hybrid node 5 have missing gamma's, set default: 0.9,0.1
hybrid edges for hybrid node 3 have missing gamma's, set default: 0.9,0.1
[1m[32mPASSED[0m: test_hasEdge.jl
[ Info: starting test_parameters.jl
hybrid edges for hybrid node 3 have missing gamma's, set default: 0.9,0.1
hybrid edges for hybrid node 5 have missing gamma's, set default: 0.9,0.1
hybrid edges for hybrid node 3 have missing gamma's, set default: 0.9,0.1
hybrid edges for hybrid node 2 have missing gamma's, set default: 0.9,0.1
hybrid edges for hybrid node 3 have missing gamma's, set default: 0.9,0.1
[1m[32mPASSED[0m: test_parameters.jl
[ Info: starting test_correctLik.jl
between 10.0 and 20.0 gene trees per 4-taxon set
hybrid edges for hybrid node 5 have missing gamma's, set default: 0.9,0.1
Test Summary:                      | Pass  Total
correct pseudo likelihood and snaq |   22     22
[1m[32mPASSED[0m: test_correctLik.jl
[ Info: starting test_partition.jl
[ Info: starting test_partition2.jl
[1m[32mPASSED[0m: test_partition.jl
Test Summary:            | Pass  Total
test: level-1 partitions |   53     53
[1m[32mPASSED[0m: test_partition2.jl
[ Info: starting test_deleteHybridizationUpdate.jl
[ Info: starting test_add2hyb.jl
Test Summary:              | Pass  Total
test: delete hybridization |   94     94
[1m[32mPASSED[0m: test_deleteHybridizationUpdate.jl
hybrid edges for hybrid node 3 have missing gamma's, set default: 0.9,0.1
[1m[32mPASSED[0m: test_add2hyb.jl
[ Info: starting test_optBLparts.jl
hybrid edges for hybrid node 5 have missing gamma's, set default: 0.9,0.1
hybrid edges for hybrid node 3 have missing gamma's, set default: 0.9,0.1
[1m[32mPASSED[0m: test_optBLparts.jl
[ Info: starting test_undirectedOtherNetworks.jl
[ Info: starting test_manipulateNet.jl
Test Summary:                  | Pass  Total
test: move hybrid around cycle |    2      2
[1m[32mPASSED[0m: test_undirectedOtherNetworks.jl
Test Summary:   | Pass  Total
test: auxiliary |   27     27
RootMismatch: reverting to old root position.
Test Summary:                        | Pass  Total
testing directEdges! and re-rootings |   20     20
Test Summary:     | Pass  Total
testing preorder! |    3      3
Test Summary:           | Pass  Total
testing cladewiseorder! |    2      2
Test Summary:   | Pass  Total
testing rotate! |    2      2
[1m[32mPASSED[0m: test_manipulateNet.jl
[ Info: starting test_compareNetworks.jl
Test Summary:              | Pass  Total
test sets: compareNetworks |   84     84
[1m[32mPASSED[0m: test_compareNetworks.jl
[ Info: starting test_badDiamII.jl
hybrid edges for hybrid node 3 have missing gamma's, set default: 0.9,0.1
Test Summary:                     | Pass  Total
test: bad diamond, max pseudo lik |   23     23
[1m[32mPASSED[0m: test_badDiamII.jl
[ Info: starting test_multipleAlleles.jl
â”Œ Warning: `eltypes(df::AbstractDataFrame)` is deprecated, use `eltype.(eachcol(df))` instead.
â”‚   caller = sorttaxa!(::DataFrame, ::Array{Int64,1}) at auxiliary.jl:1264
â”” @ PhyloNetworks ~/.julia/packages/PhyloNetworks/zeoh2/src/auxiliary.jl:1264
hybrid edges for hybrid node 3 have missing gamma's, set default: 0.9,0.1
11 unique 4-taxon sets were found. CF values of repeated 4-taxon sets will be averaged.
hybrid edges for hybrid node 2 have missing gamma's, set default: 0.9,0.1
Test Summary:    | Pass  Total
multiple alleles |   22     22
[1m[32mPASSED[0m: test_multipleAlleles.jl
[ Info: starting test_bootstrap.jl
Test Summary:                  | Pass  Total
testing hybridBootstrapSupport |   19     19
Test Summary:                      | Pass  Total
bootsnaq from quartet CF intervals |    3      3
read 1/2 bootstrap tree filesread 2/2 bootstrap tree filesTest Summary:                                      | Pass  Total
bootsnaq from bootstrap gene trees, multiple procs |   18     18
[1m[32mPASSED[0m: test_bootstrap.jl
[ Info: starting test_perfectData.jl
hybrid edges for hybrid node 8 have missing gamma's, set default: 0.9,0.1
hybrid edges for hybrid node 15 have missing gamma's, set default: 0.9,0.1
hybrid edges for hybrid node 4 have missing gamma's, set default: 0.9,0.1
[1m[32mPASSED[0m: test_perfectData.jl
[ Info: starting test_lm.jl
Test Summary:                   | Pass  Total
phyloNetworklm on small network |   71     71
â”Œ Warning: `names!(df::AbstractDataFrame, vals::Vector{Symbol}; makeunique::Bool = false)` is deprecated, use `rename!(df, vals, makeunique = makeunique)` instead.
â”‚   caller = regressorShift(::Array{PhyloNetworks.Node,1}, ::HybridNetwork, ::PhyloNetworks.MatrixTopologicalOrder) at traits.jl:594
â”” @ PhyloNetworks ~/.julia/packages/PhyloNetworks/zeoh2/src/traits.jl:594
â”Œ Warning: `names!(df::AbstractDataFrame, vals::Vector{Symbol}; makeunique::Bool = false)` is deprecated, use `rename!(df, vals, makeunique = makeunique)` instead.
â”‚   caller = anova(::PhyloNetworkLinearModel, ::Vararg{PhyloNetworkLinearModel,N} where N) at traits.jl:1907
â”” @ PhyloNetworks ~/.julia/packages/PhyloNetworks/zeoh2/src/traits.jl:1907
Shifts and Transgressive Evolution: Test Failed at /home/pkgeval/.julia/packages/PhyloNetworks/zeoh2/test/test_lm.jl:206
  Expression: table1.fstat[1] â‰ˆ table2[2, :F]
   Evaluated: NaN â‰ˆ 46.84539027436086
Stacktrace:
 [1] top-level scope at /home/pkgeval/.julia/packages/PhyloNetworks/zeoh2/test/test_lm.jl:206
 [2] top-level scope at /buildworker/worker/package_linux64/build/usr/share/julia/stdlib/v1.4/Test/src/Test.jl:1116
 [3] top-level scope at /home/pkgeval/.julia/packages/PhyloNetworks/zeoh2/test/test_lm.jl:141
Shifts and Transgressive Evolution: Test Failed at /home/pkgeval/.julia/packages/PhyloNetworks/zeoh2/test/test_lm.jl:207
  Expression: table1.fstat[2] â‰ˆ table2[1, :F]
   Evaluated: 46.84539027436086 â‰ˆ 0.0606956954548608
Stacktrace:
 [1] top-level scope at /home/pkgeval/.julia/packages/PhyloNetworks/zeoh2/test/test_lm.jl:207
 [2] top-level scope at /buildworker/worker/package_linux64/build/usr/share/julia/stdlib/v1.4/Test/src/Test.jl:1116
 [3] top-level scope at /home/pkgeval/.julia/packages/PhyloNetworks/zeoh2/test/test_lm.jl:141
Shifts and Transgressive Evolution: Error During Test at /home/pkgeval/.julia/packages/PhyloNetworks/zeoh2/test/test_lm.jl:208
  Test threw exception
  Expression: (table1.pval[1]).v â‰ˆ table2[2, Symbol("Pr(>F)")]
  type Float64 has no field v
  Stacktrace:
   [1] getproperty(::Float64, ::Symbol) at ./Base.jl:33
   [2] top-level scope at /home/pkgeval/.julia/packages/PhyloNetworks/zeoh2/test/test_lm.jl:208
   [3] top-level scope at /buildworker/worker/package_linux64/build/usr/share/julia/stdlib/v1.4/Test/src/Test.jl:1116
   [4] top-level scope at /home/pkgeval/.julia/packages/PhyloNetworks/zeoh2/test/test_lm.jl:141
  
Shifts and Transgressive Evolution: Error During Test at /home/pkgeval/.julia/packages/PhyloNetworks/zeoh2/test/test_lm.jl:209
  Test threw exception
  Expression: (table1.pval[2]).v â‰ˆ table2[1, Symbol("Pr(>F)")]
  type Float64 has no field v
  Stacktrace:
   [1] getproperty(::Float64, ::Symbol) at ./Base.jl:33
   [2] top-level scope at /home/pkgeval/.julia/packages/PhyloNetworks/zeoh2/test/test_lm.jl:209
   [3] top-level scope at /buildworker/worker/package_linux64/build/usr/share/julia/stdlib/v1.4/Test/src/Test.jl:1116
   [4] top-level scope at /home/pkgeval/.julia/packages/PhyloNetworks/zeoh2/test/test_lm.jl:141
  
Test Summary:                      | Pass  Fail  Error  Total
Shifts and Transgressive Evolution |   32     2      2     36
[1m[31mFAILED[0m: test_lm.jl
[ Info: starting test_lm_tree.jl
Test Summary:                   | Pass  Total
phyloNetworklm: Caudata Dataset |   53     53
phyloNetworklm: Lizard Dataset: Test Failed at /home/pkgeval/.julia/packages/PhyloNetworks/zeoh2/test/test_lm_tree.jl:376
  Expression: â‰ˆ(dof(fitBM), 10.0, atol = 1.0e-10)
   Evaluated: 11 â‰ˆ 10.0 (atol=1.0e-10)
Stacktrace:
 [1] top-level scope at /home/pkgeval/.julia/packages/PhyloNetworks/zeoh2/test/test_lm_tree.jl:376
 [2] top-level scope at /buildworker/worker/package_linux64/build/usr/share/julia/stdlib/v1.4/Test/src/Test.jl:1116
 [3] top-level scope at /home/pkgeval/.julia/packages/PhyloNetworks/zeoh2/test/test_lm_tree.jl:367
phyloNetworklm: Lizard Dataset: Test Failed at /home/pkgeval/.julia/packages/PhyloNetworks/zeoh2/test/test_lm_tree.jl:377
  Expression: â‰ˆ(aic(fitBM), -190.3467570695, atol = 1.0e-10)
   Evaluated: -188.346757069474 â‰ˆ -190.3467570695 (atol=1.0e-10)
Stacktrace:
 [1] top-level scope at /home/pkgeval/.julia/packages/PhyloNetworks/zeoh2/test/test_lm_tree.jl:377
 [2] top-level scope at /buildworker/worker/package_linux64/build/usr/share/julia/stdlib/v1.4/Test/src/Test.jl:1116
 [3] top-level scope at /home/pkgeval/.julia/packages/PhyloNetworks/zeoh2/test/test_lm_tree.jl:367
phyloNetworklm: Lizard Dataset: Error During Test at /home/pkgeval/.julia/packages/PhyloNetworks/zeoh2/test/test_lm_tree.jl:379
  Test threw exception
  Expression: â‰ˆ(coef(fitBM), ([2.7925712673 -0.2010704391 0.9832555589 -0.1021226296 -0.3703658712 0.1557471731 0.0374549036 0.1805667675 -0.0495767233])', atol = 1.0e-10)
  DimensionMismatch("dimensions must match: a has dims (Base.OneTo(9), Base.OneTo(1)), b has dims (Base.OneTo(10),), mismatch at 1")
  Stacktrace:
   [1] promote_shape at ./indices.jl:178 [inlined]
   [2] promote_shape at ./indices.jl:174 [inlined]
   [3] promote_shape at ./indices.jl:169 [inlined]
   [4] -(::Array{Float64,1}, ::Adjoint{Float64,Array{Float64,2}}) at ./arraymath.jl:38
   [5] isapprox(::Array{Float64,1}, ::Adjoint{Float64,Array{Float64,2}}; atol::Float64, rtol::Float64, nans::Bool, norm::typeof(norm)) at /buildworker/worker/package_linux64/build/usr/share/julia/stdlib/v1.4/LinearAlgebra/src/generic.jl:1575
   [6] eval_test(::Expr, ::Expr, ::LineNumberNode, ::Bool) at /buildworker/worker/package_linux64/build/usr/share/julia/stdlib/v1.4/Test/src/Test.jl:258
   [7] top-level scope at /home/pkgeval/.julia/packages/PhyloNetworks/zeoh2/test/test_lm_tree.jl:379
   [8] top-level scope at /buildworker/worker/package_linux64/build/usr/share/julia/stdlib/v1.4/Test/src/Test.jl:1116
   [9] top-level scope at /home/pkgeval/.julia/packages/PhyloNetworks/zeoh2/test/test_lm_tree.jl:367
  
phyloNetworklm: Lizard Dataset: Error During Test at /home/pkgeval/.julia/packages/PhyloNetworks/zeoh2/test/test_lm_tree.jl:389
  Test threw exception
  Expression: â‰ˆ(vcov(fitBM), vcovR, atol = 1.0e-8)
  DimensionMismatch("dimensions must match: a has dims (Base.OneTo(10), Base.OneTo(10)), b has dims (Base.OneTo(9), Base.OneTo(9)), mismatch at 1")
  Stacktrace:
   [1] promote_shape at ./indices.jl:178 [inlined]
   [2] promote_shape at ./indices.jl:169 [inlined]
   [3] -(::Array{Float64,2}, ::Array{Float64,2}) at ./arraymath.jl:38
   [4] isapprox(::Array{Float64,2}, ::Array{Float64,2}; atol::Float64, rtol::Float64, nans::Bool, norm::typeof(norm)) at /buildworker/worker/package_linux64/build/usr/share/julia/stdlib/v1.4/LinearAlgebra/src/generic.jl:1575
   [5] eval_test(::Expr, ::Expr, ::LineNumberNode, ::Bool) at /buildworker/worker/package_linux64/build/usr/share/julia/stdlib/v1.4/Test/src/Test.jl:258
   [6] top-level scope at /home/pkgeval/.julia/packages/PhyloNetworks/zeoh2/test/test_lm_tree.jl:389
   [7] top-level scope at /buildworker/worker/package_linux64/build/usr/share/julia/stdlib/v1.4/Test/src/Test.jl:1116
   [8] top-level scope at /home/pkgeval/.julia/packages/PhyloNetworks/zeoh2/test/test_lm_tree.jl:367
  
phyloNetworklm: Lizard Dataset: Test Failed at /home/pkgeval/.julia/packages/PhyloNetworks/zeoh2/test/test_lm_tree.jl:395
  Expression: â‰ˆ(dof_residual(fitBM), 91.0, atol = 1.0e-10)
   Evaluated: 90.0 â‰ˆ 91.0 (atol=1.0e-10)
Stacktrace:
 [1] top-level scope at /home/pkgeval/.julia/packages/PhyloNetworks/zeoh2/test/test_lm_tree.jl:395
 [2] top-level scope at /buildworker/worker/package_linux64/build/usr/share/julia/stdlib/v1.4/Test/src/Test.jl:1116
 [3] top-level scope at /home/pkgeval/.julia/packages/PhyloNetworks/zeoh2/test/test_lm_tree.jl:367
phyloNetworklm: Lizard Dataset: Error During Test at /home/pkgeval/.julia/packages/PhyloNetworks/zeoh2/test/test_lm_tree.jl:397
  Test threw exception
  Expression: â‰ˆ(stderror(fitBM), [0.1414518551, 0.136160554, 0.132154233, 0.1295968341, 0.2214683008, 0.1820427154, 0.0672106202, 0.0965879311, 0.0864973651], atol = 1.0e-10)
  DimensionMismatch("dimensions must match: a has dims (Base.OneTo(10),), b has dims (Base.OneTo(9),), mismatch at 1")
  Stacktrace:
   [1] promote_shape at ./indices.jl:178 [inlined]
   [2] promote_shape at ./indices.jl:169 [inlined]
   [3] -(::Array{Float64,1}, ::Array{Float64,1}) at ./arraymath.jl:38
   [4] isapprox(::Array{Float64,1}, ::Array{Float64,1}; atol::Float64, rtol::Float64, nans::Bool, norm::typeof(norm)) at /buildworker/worker/package_linux64/build/usr/share/julia/stdlib/v1.4/LinearAlgebra/src/generic.jl:1575
   [5] eval_test(::Expr, ::Expr, ::LineNumberNode, ::Bool) at /buildworker/worker/package_linux64/build/usr/share/julia/stdlib/v1.4/Test/src/Test.jl:258
   [6] top-level scope at /home/pkgeval/.julia/packages/PhyloNetworks/zeoh2/test/test_lm_tree.jl:397
   [7] top-level scope at /buildworker/worker/package_linux64/build/usr/share/julia/stdlib/v1.4/Test/src/Test.jl:1116
   [8] top-level scope at /home/pkgeval/.julia/packages/PhyloNetworks/zeoh2/test/test_lm_tree.jl:367
  
phyloNetworklm: Lizard Dataset: Error During Test at /home/pkgeval/.julia/packages/PhyloNetworks/zeoh2/test/test_lm_tree.jl:398
  Test threw exception
  Expression: â‰ˆ((confint(fitBM))[:, 1], [2.5115945339, -0.4715366529, 0.7207474097, -0.3595508202, -0.8102854443, -0.2058583178, -0.0960507369, -0.0112932922, -0.2213931131], atol = 1.0e-10, norm = (x->begin
                LinearAlgebra.norm(x, Inf)
            end))
  DimensionMismatch("dimensions must match: a has dims (Base.OneTo(10),), b has dims (Base.OneTo(9),), mismatch at 1")
  Stacktrace:
   [1] promote_shape at ./indices.jl:178 [inlined]
   [2] promote_shape at ./indices.jl:169 [inlined]
   [3] -(::Array{Float64,1}, ::Array{Float64,1}) at ./arraymath.jl:38
   [4] isapprox(::Array{Float64,1}, ::Array{Float64,1}; atol::Float64, rtol::Float64, nans::Bool, norm::var"#403#405") at /buildworker/worker/package_linux64/build/usr/share/julia/stdlib/v1.4/LinearAlgebra/src/generic.jl:1575
   [5] eval_test(::Expr, ::Expr, ::LineNumberNode, ::Bool) at /buildworker/worker/package_linux64/build/usr/share/julia/stdlib/v1.4/Test/src/Test.jl:258
   [6] top-level scope at /home/pkgeval/.julia/packages/PhyloNetworks/zeoh2/test/test_lm_tree.jl:398
   [7] top-level scope at /buildworker/worker/package_linux64/build/usr/share/julia/stdlib/v1.4/Test/src/Test.jl:1116
   [8] top-level scope at /home/pkgeval/.julia/packages/PhyloNetworks/zeoh2/test/test_lm_tree.jl:367
  
phyloNetworklm: Lizard Dataset: Error During Test at /home/pkgeval/.julia/packages/PhyloNetworks/zeoh2/test/test_lm_tree.jl:399
  Test threw exception
  Expression: â‰ˆ((confint(fitBM))[:, 2], [3.0735480006, 0.0693957746, 1.2457637082, 0.1553055609, 0.0695537019, 0.517352664, 0.1709605441, 0.3724268272, 0.1222396666], atol = 1.0e-10)
  DimensionMismatch("dimensions must match: a has dims (Base.OneTo(10),), b has dims (Base.OneTo(9),), mismatch at 1")
  Stacktrace:
   [1] promote_shape at ./indices.jl:178 [inlined]
   [2] promote_shape at ./indices.jl:169 [inlined]
   [3] -(::Array{Float64,1}, ::Array{Float64,1}) at ./arraymath.jl:38
   [4] isapprox(::Array{Float64,1}, ::Array{Float64,1}; atol::Float64, rtol::Float64, nans::Bool, norm::typeof(norm)) at /buildworker/worker/package_linux64/build/usr/share/julia/stdlib/v1.4/LinearAlgebra/src/generic.jl:1575
   [5] eval_test(::Expr, ::Expr, ::LineNumberNode, ::Bool) at /buildworker/worker/package_linux64/build/usr/share/julia/stdlib/v1.4/Test/src/Test.jl:258
   [6] top-level scope at /home/pkgeval/.julia/packages/PhyloNetworks/zeoh2/test/test_lm_tree.jl:399
   [7] top-level scope at /buildworker/worker/package_linux64/build/usr/share/julia/stdlib/v1.4/Test/src/Test.jl:1116
   [8] top-level scope at /home/pkgeval/.julia/packages/PhyloNetworks/zeoh2/test/test_lm_tree.jl:367
  
phyloNetworklm: Lizard Dataset: Error During Test at /home/pkgeval/.julia/packages/PhyloNetworks/zeoh2/test/test_lm_tree.jl:455
  Test threw exception
  Expression: phyloNetworklm(#= /home/pkgeval/.julia/packages/PhyloNetworks/zeoh2/test/test_lm_tree.jl:455 =# @formula(AVG_SVL ~ AVG_ltoe_IV + AVG_lfing_IV * region), dat, phy, model = "lambda")
  PosDefException: matrix is not positive definite; Cholesky factorization failed.
  Stacktrace:
   [1] checkpositivedefinite at /buildworker/worker/package_linux64/build/usr/share/julia/stdlib/v1.4/LinearAlgebra/src/factorization.jl:18 [inlined]
   [2] cholesky!(::Hermitian{Float64,Array{Float64,2}}, ::Val{false}; check::Bool) at /buildworker/worker/package_linux64/build/usr/share/julia/stdlib/v1.4/LinearAlgebra/src/cholesky.jl:226
   [3] cholesky! at /buildworker/worker/package_linux64/build/usr/share/julia/stdlib/v1.4/LinearAlgebra/src/cholesky.jl:225 [inlined] (repeats 2 times)
   [4] GLM.DensePredChol(::Array{Float64,2}, ::Bool) at /home/pkgeval/.julia/packages/GLM/Vh499/src/linpred.jl:107
   [5] cholpred at /home/pkgeval/.julia/packages/GLM/Vh499/src/linpred.jl:117 [inlined]
   [6] fit(::Type{LinearModel}, ::Array{Float64,2}, ::Array{Float64,1}, ::Bool) at /home/pkgeval/.julia/packages/GLM/Vh499/src/lm.jl:136
   [7] lm at /home/pkgeval/.julia/packages/GLM/Vh499/src/lm.jl:146 [inlined] (repeats 2 times)
   [8] phyloNetworklm_BM(::Array{Float64,2}, ::Array{Float64,1}, ::PhyloNetworks.MatrixTopologicalOrder; nonmissing::BitArray{1}, ind::Array{Union{Nothing, Int64},1}, model::String, lambda::Float64) at /home/pkgeval/.julia/packages/PhyloNetworks/zeoh2/src/traits.jl:1238
   [9] phyloNetworklm_lambda(::Array{Float64,2}, ::Array{Float64,1}, ::PhyloNetworks.MatrixTopologicalOrder, ::Array{Float64,1}, ::Array{Float64,1}; nonmissing::BitArray{1}, ind::Array{Union{Nothing, Int64},1}, ftolRel::Float64, xtolRel::Float64, ftolAbs::Float64, xtolAbs::Float64, startingValue::Float64, fixedValue::Missing) at /home/pkgeval/.julia/packages/PhyloNetworks/zeoh2/src/traits.jl:1398
   [10] phyloNetworklm(::Array{Float64,2}, ::Array{Float64,1}, ::HybridNetwork; nonmissing::BitArray{1}, model::String, ind::Array{Union{Nothing, Int64},1}, startingValue::Float64, fixedValue::Missing) at /home/pkgeval/.julia/packages/PhyloNetworks/zeoh2/src/traits.jl:1203
   [11] phyloNetworklm(::FormulaTerm{Term,Tuple{Term,Term,Term,InteractionTerm{Tuple{Term,Term}}}}, ::DataFrame, ::HybridNetwork; model::String, no_names::Bool, ftolRel::Float64, xtolRel::Float64, ftolAbs::Float64, xtolAbs::Float64, startingValue::Float64, fixedValue::Missing) at /home/pkgeval/.julia/packages/PhyloNetworks/zeoh2/src/traits.jl:1695
   [12] (::var"#404#406"{HybridNetwork,DataFrame})() at ./none:0
   [13] with_logstate(::var"#404#406"{HybridNetwork,DataFrame}, ::Base.CoreLogging.LogState) at ./logging.jl:396
   [14] with_logger(::Function, ::Test.TestLogger) at ./logging.jl:503
   [15] #collect_test_logs#45 at /buildworker/worker/package_linux64/build/usr/share/julia/stdlib/v1.4/Test/src/logging.jl:51 [inlined]
   [16] collect_test_logs at /buildworker/worker/package_linux64/build/usr/share/julia/stdlib/v1.4/Test/src/logging.jl:50 [inlined]
   [17] #match_logs#46 at /buildworker/worker/package_linux64/build/usr/share/julia/stdlib/v1.4/Test/src/logging.jl:186 [inlined]
   [18] top-level scope at /home/pkgeval/.julia/packages/PhyloNetworks/zeoh2/test/test_lm_tree.jl:455
   [19] top-level scope at /buildworker/worker/package_linux64/build/usr/share/julia/stdlib/v1.4/Test/src/Test.jl:1116
   [20] top-level scope at /home/pkgeval/.julia/packages/PhyloNetworks/zeoh2/test/test_lm_tree.jl:367
  
phyloNetworklm: Lizard Dataset: Error During Test at /home/pkgeval/.julia/packages/PhyloNetworks/zeoh2/test/test_lm_tree.jl:458
  Test threw exception
  Expression: â‰ˆ(lambda_estim(fitLambda), 0.9982715594, atol = 1.0e-5)
  MethodError: no method matching lambda_estim(::Nothing)
  Closest candidates are:
    lambda_estim(!Matched::PhyloNetworkLinearModel) at /home/pkgeval/.julia/packages/PhyloNetworks/zeoh2/src/traits.jl:1824
    lambda_estim(!Matched::StatsModels.TableRegressionModel{PhyloNetworkLinearModel,T} where T) at /home/pkgeval/.julia/packages/PhyloNetworks/zeoh2/src/traits.jl:1825
  Stacktrace:
   [1] top-level scope at /home/pkgeval/.julia/packages/PhyloNetworks/zeoh2/test/test_lm_tree.jl:458
   [2] top-level scope at /buildworker/worker/package_linux64/build/usr/share/julia/stdlib/v1.4/Test/src/Test.jl:1116
   [3] top-level scope at /home/pkgeval/.julia/packages/PhyloNetworks/zeoh2/test/test_lm_tree.jl:367
  
phyloNetworklm: Lizard Dataset: Error During Test at /home/pkgeval/.julia/packages/PhyloNetworks/zeoh2/test/test_lm_tree.jl:459
  Test threw exception
  Expression: â‰ˆ(loglikelihood(fitLambda), 105.1769275564, atol = 1.0e-8)
  MethodError: no method matching loglikelihood(::Nothing)
  Closest candidates are:
    loglikelihood(!Matched::PhyloNetworkLinearModel) at /home/pkgeval/.julia/packages/PhyloNetworks/zeoh2/src/traits.jl:1749
    loglikelihood(!Matched::PhyloNetworks.StatisticalSubstitutionModel) at /home/pkgeval/.julia/packages/PhyloNetworks/zeoh2/src/traitsLikDiscrete.jl:41
    loglikelihood(!Matched::Union{StatsModels.TableRegressionModel, StatsModels.TableStatisticalModel}, !Matched::Any...; kwargs...) at /home/pkgeval/.julia/packages/StatsModels/9cHwk/src/statsmodel.jl:28
    ...
  Stacktrace:
   [1] top-level scope at /home/pkgeval/.julia/packages/PhyloNetworks/zeoh2/test/test_lm_tree.jl:459
   [2] top-level scope at /buildworker/worker/package_linux64/build/usr/share/julia/stdlib/v1.4/Test/src/Test.jl:1116
   [3] top-level scope at /home/pkgeval/.julia/packages/PhyloNetworks/zeoh2/test/test_lm_tree.jl:367
  
phyloNetworklm: Lizard Dataset: Error During Test at /home/pkgeval/.julia/packages/PhyloNetworks/zeoh2/test/test_lm_tree.jl:460
  Test threw exception
  Expression: â‰ˆ(dof(fitLambda), 11.0, atol = 1.0e-10)
  MethodError: no method matching dof(::Nothing)
  Closest candidates are:
    dof(!Matched::PhyloNetworkLinearModel) at /home/pkgeval/.julia/packages/PhyloNetworks/zeoh2/src/traits.jl:1730
    dof(!Matched::PhyloNetworks.StatisticalSubstitutionModel) at /home/pkgeval/.julia/packages/PhyloNetworks/zeoh2/src/traitsLikDiscrete.jl:43
    dof(!Matched::Union{StatsModels.TableRegressionModel, StatsModels.TableStatisticalModel}, !Matched::Any...; kwargs...) at /home/pkgeval/.julia/packages/StatsModels/9cHwk/src/statsmodel.jl:28
    ...
  Stacktrace:
   [1] top-level scope at /home/pkgeval/.julia/packages/PhyloNetworks/zeoh2/test/test_lm_tree.jl:460
   [2] top-level scope at /buildworker/worker/package_linux64/build/usr/share/julia/stdlib/v1.4/Test/src/Test.jl:1116
   [3] top-level scope at /home/pkgeval/.julia/packages/PhyloNetworks/zeoh2/test/test_lm_tree.jl:367
  
phyloNetworklm: Lizard Dataset: Error During Test at /home/pkgeval/.julia/packages/PhyloNetworks/zeoh2/test/test_lm_tree.jl:461
  Test threw exception
  Expression: â‰ˆ(aic(fitLambda), -188.3538551128, atol = 1.0e-8)
  MethodError: no method matching aic(::Nothing)
  Closest candidates are:
    aic(!Matched::StatisticalModel) at /home/pkgeval/.julia/packages/StatsBase/DyWPR/src/statmodels.jl:166
  Stacktrace:
   [1] top-level scope at /home/pkgeval/.julia/packages/PhyloNetworks/zeoh2/test/test_lm_tree.jl:461
   [2] top-level scope at /buildworker/worker/package_linux64/build/usr/share/julia/stdlib/v1.4/Test/src/Test.jl:1116
   [3] top-level scope at /home/pkgeval/.julia/packages/PhyloNetworks/zeoh2/test/test_lm_tree.jl:367
  
phyloNetworklm: Lizard Dataset: Error During Test at /home/pkgeval/.julia/packages/PhyloNetworks/zeoh2/test/test_lm_tree.jl:463
  Test threw exception
  Expression: â‰ˆ(coef(fitLambda), ([2.794057342 -0.2066584606 0.9897083949 -0.100484095 -0.3677991157 0.1576743022 0.0367633665 0.1792502383 -0.0505291142])', atol = 1.0e-5)
  MethodError: no method matching coef(::Nothing)
  Closest candidates are:
    coef(!Matched::PhyloNetworkLinearModel) at /home/pkgeval/.julia/packages/PhyloNetworks/zeoh2/src/traits.jl:1705
    coef(!Matched::Union{StatsModels.TableRegressionModel, StatsModels.TableStatisticalModel}, !Matched::Any...; kwargs...) at /home/pkgeval/.julia/packages/StatsModels/9cHwk/src/statsmodel.jl:28
    coef(!Matched::GLM.LinPredModel) at /home/pkgeval/.julia/packages/GLM/Vh499/src/linpred.jl:255
    ...
  Stacktrace:
   [1] top-level scope at /home/pkgeval/.julia/packages/PhyloNetworks/zeoh2/test/test_lm_tree.jl:463
   [2] top-level scope at /buildworker/worker/package_linux64/build/usr/share/julia/stdlib/v1.4/Test/src/Test.jl:1116
   [3] top-level scope at /home/pkgeval/.julia/packages/PhyloNetworks/zeoh2/test/test_lm_tree.jl:367
  
phyloNetworklm: Lizard Dataset: Error During Test at /home/pkgeval/.julia/packages/PhyloNetworks/zeoh2/test/test_lm_tree.jl:473
  Test threw exception
  Expression: â‰ˆ(vcov(fitLambda), vcovR, atol = 3.0e-7)
  MethodError: no method matching vcov(::Nothing)
  Closest candidates are:
    vcov(!Matched::PhyloNetworkLinearModel) at /home/pkgeval/.julia/packages/PhyloNetworks/zeoh2/src/traits.jl:1709
    vcov(!Matched::Union{StatsModels.TableRegressionModel, StatsModels.TableStatisticalModel}, !Matched::Any...; kwargs...) at /home/pkgeval/.julia/packages/StatsModels/9cHwk/src/statsmodel.jl:28
    vcov(!Matched::GLM.LinPredModel) at /home/pkgeval/.julia/packages/GLM/Vh499/src/linpred.jl:216
    ...
  Stacktrace:
   [1] top-level scope at /home/pkgeval/.julia/packages/PhyloNetworks/zeoh2/test/test_lm_tree.jl:473
   [2] top-level scope at /buildworker/worker/package_linux64/build/usr/share/julia/stdlib/v1.4/Test/src/Test.jl:1116
   [3] top-level scope at /home/pkgeval/.julia/packages/PhyloNetworks/zeoh2/test/test_lm_tree.jl:367
  
phyloNetworklm: Lizard Dataset: Error During Test at /home/pkgeval/.julia/packages/PhyloNetworks/zeoh2/test/test_lm_tree.jl:474
  Test threw exception
  Expression: â‰ˆ(nobs(fitLambda), 100.0, atol = 1.0e-10)
  MethodError: no method matching nobs(::Nothing)
  Closest candidates are:
    nobs(!Matched::PhyloNetworkLinearModel) at /home/pkgeval/.julia/packages/PhyloNetworks/zeoh2/src/traits.jl:1707
    nobs(!Matched::Union{StatsModels.TableRegressionModel, StatsModels.TableStatisticalModel}, !Matched::Any...; kwargs...) at /home/pkgeval/.julia/packages/StatsModels/9cHwk/src/statsmodel.jl:28
    nobs(!Matched::GLM.LinPredModel) at /home/pkgeval/.julia/packages/GLM/Vh499/src/linpred.jl:247
    ...
  Stacktrace:
   [1] top-level scope at /home/pkgeval/.julia/packages/PhyloNetworks/zeoh2/test/test_lm_tree.jl:474
   [2] top-level scope at /buildworker/worker/package_linux64/build/usr/share/julia/stdlib/v1.4/Test/src/Test.jl:1116
   [3] top-level scope at /home/pkgeval/.julia/packages/PhyloNetworks/zeoh2/test/test_lm_tree.jl:367
  
phyloNetworklm: Lizard Dataset: Error During Test at /home/pkgeval/.julia/packages/PhyloNetworks/zeoh2/test/test_lm_tree.jl:478
  Test threw exception
  Expression: â‰ˆ(sum(residuals(fitLambda)), 0.6369008979, atol = 1.0e-5)
  MethodError: no method matching residuals(::Nothing)
  Closest candidates are:
    residuals(!Matched::PhyloNetworkLinearModel) at /home/pkgeval/.julia/packages/PhyloNetworks/zeoh2/src/traits.jl:1742
    residuals(!Matched::StatsModels.TableRegressionModel, !Matched::Any...; kwargs...) at /home/pkgeval/.julia/packages/StatsModels/9cHwk/src/statsmodel.jl:28
    residuals(!Matched::GLM.LinPredModel) at /home/pkgeval/.julia/packages/GLM/Vh499/src/linpred.jl:237
    ...
  Stacktrace:
   [1] top-level scope at /home/pkgeval/.julia/packages/PhyloNetworks/zeoh2/test/test_lm_tree.jl:478
   [2] top-level scope at /buildworker/worker/package_linux64/build/usr/share/julia/stdlib/v1.4/Test/src/Test.jl:1116
   [3] top-level scope at /home/pkgeval/.julia/packages/PhyloNetworks/zeoh2/test/test_lm_tree.jl:367
  
phyloNetworklm: Lizard Dataset: Error During Test at /home/pkgeval/.julia/packages/PhyloNetworks/zeoh2/test/test_lm_tree.jl:479
  Test threw exception
  Expression: â‰ˆ(dof_residual(fitLambda), 91.0, atol = 1.0e-10)
  MethodError: no method matching dof_residual(::Nothing)
  Closest candidates are:
    dof_residual(!Matched::PhyloNetworkLinearModel) at /home/pkgeval/.julia/packages/PhyloNetworks/zeoh2/src/traits.jl:1727
    dof_residual(!Matched::Union{StatsModels.TableRegressionModel, StatsModels.TableStatisticalModel}, !Matched::Any...; kwargs...) at /home/pkgeval/.julia/packages/StatsModels/9cHwk/src/statsmodel.jl:28
    dof_residual(!Matched::GLM.LinPredModel) at /home/pkgeval/.julia/packages/GLM/Vh499/src/linpred.jl:257
    ...
  Stacktrace:
   [1] top-level scope at /home/pkgeval/.julia/packages/PhyloNetworks/zeoh2/test/test_lm_tree.jl:479
   [2] top-level scope at /buildworker/worker/package_linux64/build/usr/share/julia/stdlib/v1.4/Test/src/Test.jl:1116
   [3] top-level scope at /home/pkgeval/.julia/packages/PhyloNetworks/zeoh2/test/test_lm_tree.jl:367
  
phyloNetworklm: Lizard Dataset: Error During Test at /home/pkgeval/.julia/packages/PhyloNetworks/zeoh2/test/test_lm_tree.jl:480
  Test threw exception
  Expression: â‰ˆ(sigma2_estim(fitLambda), 0.0003009914, atol = 1.0e-9)
  MethodError: no method matching sigma2_estim(::Nothing)
  Closest candidates are:
    sigma2_estim(!Matched::PhyloNetworkLinearModel) at /home/pkgeval/.julia/packages/PhyloNetworks/zeoh2/src/traits.jl:1790
    sigma2_estim(!Matched::StatsModels.TableRegressionModel{PhyloNetworkLinearModel,T} where T) at /home/pkgeval/.julia/packages/PhyloNetworks/zeoh2/src/traits.jl:1792
  Stacktrace:
   [1] top-level scope at /home/pkgeval/.julia/packages/PhyloNetworks/zeoh2/test/test_lm_tree.jl:480
   [2] top-level scope at /buildworker/worker/package_linux64/build/usr/share/julia/stdlib/v1.4/Test/src/Test.jl:1116
   [3] top-level scope at /home/pkgeval/.julia/packages/PhyloNetworks/zeoh2/test/test_lm_tree.jl:367
  
phyloNetworklm: Lizard Dataset: Error During Test at /home/pkgeval/.julia/packages/PhyloNetworks/zeoh2/test/test_lm_tree.jl:481
  Test threw exception
  Expression: â‰ˆ(stderror(fitLambda), [0.1415102824, 0.1367059706, 0.1327404019, 0.1294070617, 0.2213803048, 0.1817274626, 0.0671133793, 0.0966096332, 0.0863718011], atol = 1.0e-6)
  MethodError: no method matching stderror(::Nothing)
  Closest candidates are:
    stderror(!Matched::PhyloNetworkLinearModel) at /home/pkgeval/.julia/packages/PhyloNetworks/zeoh2/src/traits.jl:1711
    stderror(!Matched::ReconstructedStates) at /home/pkgeval/.julia/packages/PhyloNetworks/zeoh2/src/traits.jl:1997
    stderror(!Matched::Union{StatsModels.TableRegressionModel, StatsModels.TableStatisticalModel}, !Matched::Any...; kwargs...) at /home/pkgeval/.julia/packages/StatsModels/9cHwk/src/statsmodel.jl:28
    ...
  Stacktrace:
   [1] top-level scope at /home/pkgeval/.julia/packages/PhyloNetworks/zeoh2/test/test_lm_tree.jl:481
   [2] top-level scope at /buildworker/worker/package_linux64/build/usr/share/julia/stdlib/v1.4/Test/src/Test.jl:1116
   [3] top-level scope at /home/pkgeval/.julia/packages/PhyloNetworks/zeoh2/test/test_lm_tree.jl:367
  
phyloNetworklm: Lizard Dataset: Error During Test at /home/pkgeval/.julia/packages/PhyloNetworks/zeoh2/test/test_lm_tree.jl:482
  Test threw exception
  Expression: â‰ˆ((confint(fitLambda))[:, 1], [2.5129645499, -0.4782080775, 0.726035893, -0.357535326, -0.8075438955, -0.2033049779, -0.0965491169, -0.0126529301, -0.2220960868], atol = 1.0e-5)
  MethodError: no method matching confint(::Nothing)
  Closest candidates are:
    confint(!Matched::PhyloNetworkLinearModel; level) at /home/pkgeval/.julia/packages/PhyloNetworks/zeoh2/src/traits.jl:1714
    confint(!Matched::Union{StatsModels.TableRegressionModel, StatsModels.TableStatisticalModel}, !Matched::Any...; kwargs...) at /home/pkgeval/.julia/packages/StatsModels/9cHwk/src/statsmodel.jl:28
    confint(!Matched::LinearModel; level) at /home/pkgeval/.julia/packages/GLM/Vh499/src/lm.jl:230
    ...
  Stacktrace:
   [1] top-level scope at /home/pkgeval/.julia/packages/PhyloNetworks/zeoh2/test/test_lm_tree.jl:482
   [2] top-level scope at /buildworker/worker/package_linux64/build/usr/share/julia/stdlib/v1.4/Test/src/Test.jl:1116
   [3] top-level scope at /home/pkgeval/.julia/packages/PhyloNetworks/zeoh2/test/test_lm_tree.jl:367
  
phyloNetworklm: Lizard Dataset: Error During Test at /home/pkgeval/.julia/packages/PhyloNetworks/zeoh2/test/test_lm_tree.jl:483
  Test threw exception
  Expression: â‰ˆ((confint(fitLambda))[:, 2], [3.0751501341, 0.0648911562, 1.2533808968, 0.156567136, 0.0719456641, 0.5186535822, 0.17007585, 0.3711534067, 0.1210378584], atol = 1.0e-5)
  MethodError: no method matching confint(::Nothing)
  Closest candidates are:
    confint(!Matched::PhyloNetworkLinearModel; level) at /home/pkgeval/.julia/packages/PhyloNetworks/zeoh2/src/traits.jl:1714
    confint(!Matched::Union{StatsModels.TableRegressionModel, StatsModels.TableStatisticalModel}, !Matched::Any...; kwargs...) at /home/pkgeval/.julia/packages/StatsModels/9cHwk/src/statsmodel.jl:28
    confint(!Matched::LinearModel; level) at /home/pkgeval/.julia/packages/GLM/Vh499/src/lm.jl:230
    ...
  Stacktrace:
   [1] top-level scope at /home/pkgeval/.julia/packages/PhyloNetworks/zeoh2/test/test_lm_tree.jl:483
   [2] top-level scope at /buildworker/worker/package_linux64/build/usr/share/julia/stdlib/v1.4/Test/src/Test.jl:1116
   [3] top-level scope at /home/pkgeval/.julia/packages/PhyloNetworks/zeoh2/test/test_lm_tree.jl:367
  
Test Summary:                  | Pass  Fail  Error  Total
phyloNetworklm: Lizard Dataset |    4     3     19     26
[1m[31mFAILED[0m: test_lm_tree.jl
[ Info: starting test_traits.jl
â”Œ Warning: `names!(df::AbstractDataFrame, vals::Vector{Symbol}; makeunique::Bool = false)` is deprecated, use `rename!(df, vals, makeunique = makeunique)` instead.
â”‚   caller = vcv(::HybridNetwork; model::String, corr::Bool, checkPreorder::Bool) at traits.jl:354
â”” @ PhyloNetworks ~/.julia/packages/PhyloNetworks/zeoh2/src/traits.jl:354
Test Summary:                                | Pass  Total
traits: shared path, vcv, descendence matrix |    8      8
[1m[32mPASSED[0m: test_traits.jl
[ Info: starting test_simulate.jl
Test Summary:                          | Pass  Total
Simulate function against fixed values |    4      4
Test Summary:              | Pass  Total
Simulate test distribution |   90     90
Test Summary:        | Pass  Total
Simulate with Shifts |   32     32
[1m[32mPASSED[0m: test_simulate.jl
[ Info: starting test_parsimony.jl
â”Œ Warning: `eltypes(df::AbstractDataFrame)` is deprecated, use `eltype.(eachcol(df))` instead.
â”‚   caller = parsimonyDiscreteFitch(::HybridNetwork, ::DataFrame) at parsimony.jl:152
â”” @ PhyloNetworks ~/.julia/packages/PhyloNetworks/zeoh2/src/parsimony.jl:152
Test Summary:                            | Pass  Total
Testing parsimony score & reconstruction |   38     38
Test Summary:                   | Pass  Total
data from CSV, parsimony search |    1      1
[1m[32mPASSED[0m: test_parsimony.jl
[ Info: starting test_calibratePairwise.jl
Test Summary:                                               | Pass  Total
calibrate with distances: 3-cycle, non-identifiable example |    9      9
Test Summary:                                             | Pass  Total
calibrate with distances: 5-cycle example (when unrooted) |    8      8
[1m[32mPASSED[0m: test_calibratePairwise.jl
[ Info: starting test_relaxed_reading.jl
Test Summary:        | Pass  Total
test: newick parsing |   14     14
[1m[32mPASSED[0m: test_relaxed_reading.jl
[ Info: starting test_isMajor.jl
Test Summary:                          | Pass  Total
readTopology Hybrid Node isMajor Tests |   11     11
Test Summary:           | Pass  Total
parsing extended newick |    6      6
[1m[32mPASSED[0m: test_isMajor.jl
[ Info: starting test_interop.jl
Test Summary:                              | Pass  Total
testing interoperability, matrix-based net |   21     21
[1m[32mPASSED[0m: test_interop.jl
[ Info: starting test_traitLikDiscrete.jl
â”Œ Warning: `eltypes(df::AbstractDataFrame)` is deprecated, use `eltype.(eachcol(df))` instead.
â”‚   caller = empiricalDNAfrequencies(::DataFrame, ::Array{Float64,1}, ::Bool, ::Bool) at substitutionModels.jl:1077
â”” @ PhyloNetworks ~/.julia/packages/PhyloNetworks/zeoh2/src/substitutionModels.jl:1077
â”Œ Warning: `eltypes(df::AbstractDataFrame)` is deprecated, use `eltype.(eachcol(df))` instead.
â”‚   caller = empiricalDNAfrequencies(::DataFrame, ::Array{Float64,1}, ::Bool, ::Bool) at substitutionModels.jl:1077
â”” @ PhyloNetworks ~/.julia/packages/PhyloNetworks/zeoh2/src/substitutionModels.jl:1077
â”Œ Warning: `eltypes(df::AbstractDataFrame)` is deprecated, use `eltype.(eachcol(df))` instead.
â”‚   caller = empiricalDNAfrequencies(::DataFrame, ::Array{Float64,1}, ::Bool, ::Bool) at substitutionModels.jl:1085
â”” @ PhyloNetworks ~/.julia/packages/PhyloNetworks/zeoh2/src/substitutionModels.jl:1085
fitdiscrete for NucleicAcidSubsitutionModels & RateVariationAcrossSites: Log Test Failed at /home/pkgeval/.julia/packages/PhyloNetworks/zeoh2/test/test_traitLikDiscrete.jl:440
  Expression: fitdiscrete(net_dna, :HKY85, dna_dat, dna_weights; optimizeQ = false, optimizeRVAS = false)
  Log Pattern: (:warn, r"^the network contains taxa with no data") (:warn, r"^resetting edge numbers")
  Captured Logs: 
    Test.LogRecord(Warn, "`eltypes(df::AbstractDataFrame)` is deprecated, use `eltype.(eachcol(df))` instead.", PhyloNetworks, :depwarn, (Ptr{Nothing} @0x00007fe392a05ac0, :eltypes), "/home/pkgeval/.julia/packages/PhyloNetworks/zeoh2/src/substitutionModels.jl", 1077, Base.Iterators.Pairs{Symbol,Any,Tuple{Symbol,Symbol},NamedTuple{(:caller, :maxlog),Tuple{Base.StackTraces.StackFrame,Int64}}}(:caller => empiricalDNAfrequencies(::SubDataFrame{DataFrame,DataFrames.SubIndex{DataFrames.Index,UnitRange{Int64},UnitRange{Int64}},Base.OneTo{Int64}}, ::Array{Float64,1}, ::Bool, ::Bool) at substitutionModels.jl:1077,:maxlog => 1))
    Test.LogRecord(Warn, "`eltypes(df::AbstractDataFrame)` is deprecated, use `eltype.(eachcol(df))` instead.", PhyloNetworks, :depwarn, (Ptr{Nothing} @0x00007fe392a0600e, :eltypes), "/home/pkgeval/.julia/packages/PhyloNetworks/zeoh2/src/substitutionModels.jl", 1085, Base.Iterators.Pairs{Symbol,Any,Tuple{Symbol,Symbol},NamedTuple{(:caller, :maxlog),Tuple{Base.StackTraces.StackFrame,Int64}}}(:caller => empiricalDNAfrequencies(::SubDataFrame{DataFrame,DataFrames.SubIndex{DataFrames.Index,UnitRange{Int64},UnitRange{Int64}},Base.OneTo{Int64}}, ::Array{Float64,1}, ::Bool, ::Bool) at substitutionModels.jl:1085,:maxlog => 1))
    Test.LogRecord(Warn, "the network contains taxa with no data: those will be pruned", PhyloNetworks, "traitsLikDiscrete", :PhyloNetworks_1758625f, "/home/pkgeval/.julia/packages/PhyloNetworks/zeoh2/src/traitsLikDiscrete.jl", 681, Base.Iterators.Pairs{Union{},Union{},Tuple{},NamedTuple{,Tuple{}}}())
    Test.LogRecord(Warn, "resetting edge numbers to be from 1 to 53", PhyloNetworks, "manipulateNet", :PhyloNetworks_08b1ede7, "/home/pkgeval/.julia/packages/PhyloNetworks/zeoh2/src/manipulateNet.jl", 935, Base.Iterators.Pairs{Union{},Union{},Tuple{},NamedTuple{,Tuple{}}}())

Stacktrace:
 [1] record(::Test.DefaultTestSet, ::Test.LogTestFailure) at /buildworker/worker/package_linux64/build/usr/share/julia/stdlib/v1.4/Test/src/logging.jl:89
 [2] top-level scope at /home/pkgeval/.julia/packages/PhyloNetworks/zeoh2/test/test_traitLikDiscrete.jl:440
 [3] top-level scope at /buildworker/worker/package_linux64/build/usr/share/julia/stdlib/v1.4/Test/src/Test.jl:1116
 [4] top-level scope at /home/pkgeval/.julia/packages/PhyloNetworks/zeoh2/test/test_traitLikDiscrete.jl:339
 [5] top-level scope at /buildworker/worker/package_linux64/build/usr/share/julia/stdlib/v1.4/Test/src/Test.jl:1116
 [6] top-level scope at /home/pkgeval/.julia/packages/PhyloNetworks/zeoh2/test/test_traitLikDiscrete.jl:3
â”Œ Warning: the network contains taxa with no data: those will be pruned
â”” @ PhyloNetworks ~/.julia/packages/PhyloNetworks/zeoh2/src/traitsLikDiscrete.jl:681
â”Œ Warning: resetting edge numbers to be from 1 to 53
â”” @ PhyloNetworks ~/.julia/packages/PhyloNetworks/zeoh2/src/manipulateNet.jl:935
â”Œ Warning: `eltypes(df::AbstractDataFrame)` is deprecated, use `eltype.(eachcol(df))` instead.
â”‚   caller = empiricalDNAfrequencies(::SubDataFrame{DataFrame,DataFrames.SubIndex{DataFrames.Index,UnitRange{Int64},UnitRange{Int64}},Base.OneTo{Int64}}, ::Array{Int64,1}, ::Bool, ::Bool) at substitutionModels.jl:1077
â”” @ PhyloNetworks ~/.julia/packages/PhyloNetworks/zeoh2/src/substitutionModels.jl:1077
â”Œ Warning: `eltypes(df::AbstractDataFrame)` is deprecated, use `eltype.(eachcol(df))` instead.
â”‚   caller = empiricalDNAfrequencies(::SubDataFrame{DataFrame,DataFrames.SubIndex{DataFrames.Index,UnitRange{Int64},UnitRange{Int64}},Base.OneTo{Int64}}, ::Array{Int64,1}, ::Bool, ::Bool) at substitutionModels.jl:1077
â”” @ PhyloNetworks ~/.julia/packages/PhyloNetworks/zeoh2/src/substitutionModels.jl:1077
â”Œ Warning: `eltypes(df::AbstractDataFrame)` is deprecated, use `eltype.(eachcol(df))` instead.
â”‚   caller = empiricalDNAfrequencies(::SubDataFrame{DataFrame,DataFrames.SubIndex{DataFrames.Index,UnitRange{Int64},UnitRange{Int64}},Base.OneTo{Int64}}, ::Array{Int64,1}, ::Bool, ::Bool) at substitutionModels.jl:1085
â”” @ PhyloNetworks ~/.julia/packages/PhyloNetworks/zeoh2/src/substitutionModels.jl:1085
â”Œ Warning: `eltypes(df::AbstractDataFrame)` is deprecated, use `eltype.(eachcol(df))` instead.
â”‚   caller = empiricalDNAfrequencies(::DataFrame, ::Array{Int64,1}, ::Bool, ::Bool) at substitutionModels.jl:1077
â”” @ PhyloNetworks ~/.julia/packages/PhyloNetworks/zeoh2/src/substitutionModels.jl:1077
â”Œ Warning: `eltypes(df::AbstractDataFrame)` is deprecated, use `eltype.(eachcol(df))` instead.
â”‚   caller = empiricalDNAfrequencies(::DataFrame, ::Array{Int64,1}, ::Bool, ::Bool) at substitutionModels.jl:1077
â”” @ PhyloNetworks ~/.julia/packages/PhyloNetworks/zeoh2/src/substitutionModels.jl:1077
â”Œ Warning: `eltypes(df::AbstractDataFrame)` is deprecated, use `eltype.(eachcol(df))` instead.
â”‚   caller = empiricalDNAfrequencies(::DataFrame, ::Array{Int64,1}, ::Bool, ::Bool) at substitutionModels.jl:1085
â”” @ PhyloNetworks ~/.julia/packages/PhyloNetworks/zeoh2/src/substitutionModels.jl:1085
â”Œ Warning: `eltypes(df::AbstractDataFrame)` is deprecated, use `eltype.(eachcol(df))` instead.
â”‚   caller = empiricalDNAfrequencies(::SubDataFrame{DataFrame,DataFrames.SubIndex{DataFrames.Index,UnitRange{Int64},UnitRange{Int64}},Base.OneTo{Int64}}, ::Array{Float64,1}, ::Bool, ::Bool) at substitutionModels.jl:1077
â”” @ PhyloNetworks ~/.julia/packages/PhyloNetworks/zeoh2/src/substitutionModels.jl:1077
â”Œ Warning: `eltypes(df::AbstractDataFrame)` is deprecated, use `eltype.(eachcol(df))` instead.
â”‚   caller = empiricalDNAfrequencies(::SubDataFrame{DataFrame,DataFrames.SubIndex{DataFrames.Index,UnitRange{Int64},UnitRange{Int64}},Base.OneTo{Int64}}, ::Array{Float64,1}, ::Bool, ::Bool) at substitutionModels.jl:1085
â”” @ PhyloNetworks ~/.julia/packages/PhyloNetworks/zeoh2/src/substitutionModels.jl:1085
Test Summary:                                                             | Pass  Fail  Total
Testing traitLikDiscrete                                                  |  127     1    128
  Testing Substitution Models, P and Q matrices                           |   17           17
  Testing random discrete trait simulation                                |    8            8
  Test discrete likelihood, fixed topology                                |   24           24
  testing readfastatodna                                                  |    4            4
  NucleicAcidSubsitutionModels                                            |   12           12
  fitdiscrete for NucleicAcidSubsitutionModels & RateVariationAcrossSites |   35     1     36
  readfastatodna with NASM and RateVariationAcrossSites                   |   16           16
  stationary and empiricalDNAfrequencies                                  |   11           11
[1m[31mFAILED[0m: test_traitLikDiscrete.jl
[ Info: starting test_readInputData.jl
Test Summary:            | Pass  Total
test: reading nexus file |    6      6
Reading in trees, looking at 15 quartets in each...
0+------+100%
  ******
will use all quartets on 6 taxa
calculating obsCF from 6 gene trees and for 15 quartets
Reading in quartets...
0+---------------+100%  
  ***************  
11 unique 4-taxon sets were found. CF values of repeated 4-taxon sets will be averaged (ngenes too).
between 4.0 and 6.0 gene trees per 4-taxon set
Test Summary:                                    | Pass  Total
test: calculate quartet CF from input gene trees |   11     11
[1m[32mPASSED[0m: test_readInputData.jl
[ Info: starting test_nj.jl
Test Summary:                    | Pass  Total
Neighbour joining implementation |    6      6
[1m[32mPASSED[0m: test_nj.jl
-------------------------------------
ERROR: LoadError: "Tests failed"
Stacktrace:
 [1] top-level scope at /home/pkgeval/.julia/packages/PhyloNetworks/zeoh2/test/runtests.jl:112
 [2] include(::String) at ./client.jl:439
 [3] top-level scope at none:6
in expression starting at /home/pkgeval/.julia/packages/PhyloNetworks/zeoh2/test/runtests.jl:111
err = ProcessFailedException(Base.Process[Process(`/opt/julia/bin/julia -Cnative -J/opt/julia/lib/julia/sys.so -g1 --code-coverage=none --color=no --compiled-modules=yes --check-bounds=yes --inline=yes --startup-file=no --track-allocation=none --eval 'append!(empty!(Base.DEPOT_PATH), ["/home/pkgeval/.julia", "/opt/julia/local/share/julia", "/opt/julia/share/julia", "/usr/local/share/julia"])
append!(empty!(Base.DL_LOAD_PATH), String[])

cd("/home/pkgeval/.julia/packages/PhyloNetworks/zeoh2/test")
append!(empty!(ARGS), String[])
include("/home/pkgeval/.julia/packages/PhyloNetworks/zeoh2/test/runtests.jl")
'`, ProcessExited(1))])
ERROR: Package PhyloNetworks errored during testing
Stacktrace:
 [1] pkgerror(::String, ::Vararg{String,N} where N) at /buildworker/worker/package_linux64/build/usr/share/julia/stdlib/v1.4/Pkg/src/Types.jl:54
 [2] test(::Pkg.Types.Context, ::Array{Pkg.Types.PackageSpec,1}; coverage::Bool, julia_args::Cmd, test_args::Cmd, test_fn::Nothing) at /buildworker/worker/package_linux64/build/usr/share/julia/stdlib/v1.4/Pkg/src/Operations.jl:1471
 [3] test(::Pkg.Types.Context, ::Array{Pkg.Types.PackageSpec,1}; coverage::Bool, test_fn::Nothing, julia_args::Cmd, test_args::Cmd, kwargs::Base.Iterators.Pairs{Union{},Union{},Tuple{},NamedTuple{(),Tuple{}}}) at /buildworker/worker/package_linux64/build/usr/share/julia/stdlib/v1.4/Pkg/src/API.jl:313
 [4] test(::Pkg.Types.Context, ::Array{Pkg.Types.PackageSpec,1}) at /buildworker/worker/package_linux64/build/usr/share/julia/stdlib/v1.4/Pkg/src/API.jl:300
 [5] #test#66 at /buildworker/worker/package_linux64/build/usr/share/julia/stdlib/v1.4/Pkg/src/API.jl:294 [inlined]
 [6] test at /buildworker/worker/package_linux64/build/usr/share/julia/stdlib/v1.4/Pkg/src/API.jl:294 [inlined]
 [7] #test#65 at /buildworker/worker/package_linux64/build/usr/share/julia/stdlib/v1.4/Pkg/src/API.jl:293 [inlined]
 [8] test at /buildworker/worker/package_linux64/build/usr/share/julia/stdlib/v1.4/Pkg/src/API.jl:293 [inlined]
 [9] test(::String; kwargs::Base.Iterators.Pairs{Union{},Union{},Tuple{},NamedTuple{(),Tuple{}}}) at /buildworker/worker/package_linux64/build/usr/share/julia/stdlib/v1.4/Pkg/src/API.jl:292
 [10] test(::String) at /buildworker/worker/package_linux64/build/usr/share/julia/stdlib/v1.4/Pkg/src/API.jl:292
 [11] top-level scope at none:12
