Julia Version 1.6.0-DEV.86
Commit 532d4a0aee (2020-05-23 04:20 UTC)
Platform Info:
  OS: Linux (x86_64-linux-gnu)
  CPU: Intel(R) Xeon(R) Silver 4114 CPU @ 2.20GHz
  WORD_SIZE: 64
  LIBM: libopenlibm
  LLVM: libLLVM-9.0.1 (ORCJIT, skylake)
Environment:
  JULIA_DEPOT_PATH = ::/usr/local/share/julia
  JULIA_NUM_THREADS = 2

  Resolving package versions...
  Installed ReplMaker â”€â”€â”€â”€â”€â”€â”€â”€â”€â”€â”€ v0.2.3
  Installed Missings â”€â”€â”€â”€â”€â”€â”€â”€â”€â”€â”€â”€ v0.4.3
  Installed DataAPI â”€â”€â”€â”€â”€â”€â”€â”€â”€â”€â”€â”€â”€ v1.3.0
  Installed OrderedCollections â”€â”€ v1.2.0
  Installed JSON â”€â”€â”€â”€â”€â”€â”€â”€â”€â”€â”€â”€â”€â”€â”€â”€ v0.21.0
  Installed DataStructures â”€â”€â”€â”€â”€â”€ v0.17.16
  Installed StatsBase â”€â”€â”€â”€â”€â”€â”€â”€â”€â”€â”€ v0.33.0
  Installed AbstractLogic â”€â”€â”€â”€â”€â”€â”€ v0.10.36
  Installed DocStringExtensions â”€ v0.8.1
  Installed Suppressor â”€â”€â”€â”€â”€â”€â”€â”€â”€â”€ v0.2.0
  Installed Parsers â”€â”€â”€â”€â”€â”€â”€â”€â”€â”€â”€â”€â”€ v1.0.4
  Installed SortingAlgorithms â”€â”€â”€ v0.3.1
  Installed Crayons â”€â”€â”€â”€â”€â”€â”€â”€â”€â”€â”€â”€â”€ v4.0.2
  Installed BenchmarkTools â”€â”€â”€â”€â”€â”€ v0.5.0
  Installed Documenter â”€â”€â”€â”€â”€â”€â”€â”€â”€â”€ v0.24.11
Updating `~/.julia/environments/v1.6/Project.toml`
  [bd85187e] + AbstractLogic v0.10.36
Updating `~/.julia/environments/v1.6/Manifest.toml`
  [bd85187e] + AbstractLogic v0.10.36
  [6e4b80f9] + BenchmarkTools v0.5.0
  [a8cc5b0e] + Crayons v4.0.2
  [9a962f9c] + DataAPI v1.3.0
  [864edb3b] + DataStructures v0.17.16
  [ffbed154] + DocStringExtensions v0.8.1
  [e30172f5] + Documenter v0.24.11
  [682c06a0] + JSON v0.21.0
  [e1d29d7a] + Missings v0.4.3
  [bac558e1] + OrderedCollections v1.2.0
  [69de0a69] + Parsers v1.0.4
  [b873ce64] + ReplMaker v0.2.3
  [a2af1166] + SortingAlgorithms v0.3.1
  [2913bbd2] + StatsBase v0.33.0
  [fd094767] + Suppressor v0.2.0
  [2a0f44e3] + Base64
  [ade2ca70] + Dates
  [8ba89e20] + Distributed
  [b77e0a4c] + InteractiveUtils
  [76f85450] + LibGit2
  [8f399da3] + Libdl
  [37e2e46d] + LinearAlgebra
  [56ddb016] + Logging
  [d6f4376e] + Markdown
  [a63ad114] + Mmap
  [44cfe95a] + Pkg
  [de0858da] + Printf
  [3fa0cd96] + REPL
  [9a3f8284] + Random
  [ea8e919c] + SHA
  [9e88b42a] + Serialization
  [6462fe0b] + Sockets
  [2f01184e] + SparseArrays
  [10745b16] + Statistics
  [8dfed614] + Test
  [cf7118a7] + UUIDs
  [4ec0a83e] + Unicode
    Testing AbstractLogic
Status `/tmp/jl_QZheBB/Project.toml`
  [bd85187e] AbstractLogic v0.10.36
  [6e4b80f9] BenchmarkTools v0.5.0
  [a8cc5b0e] Crayons v4.0.2
  [e30172f5] Documenter v0.24.11
  [b873ce64] ReplMaker v0.2.3
  [2913bbd2] StatsBase v0.33.0
  [fd094767] Suppressor v0.2.0
  [b77e0a4c] InteractiveUtils
  [d6f4376e] Markdown
  [8dfed614] Test
Status `/tmp/jl_QZheBB/Manifest.toml`
  [bd85187e] AbstractLogic v0.10.36
  [6e4b80f9] BenchmarkTools v0.5.0
  [a8cc5b0e] Crayons v4.0.2
  [9a962f9c] DataAPI v1.3.0
  [864edb3b] DataStructures v0.17.16
  [ffbed154] DocStringExtensions v0.8.1
  [e30172f5] Documenter v0.24.11
  [682c06a0] JSON v0.21.0
  [e1d29d7a] Missings v0.4.3
  [bac558e1] OrderedCollections v1.2.0
  [69de0a69] Parsers v1.0.4
  [b873ce64] ReplMaker v0.2.3
  [a2af1166] SortingAlgorithms v0.3.1
  [2913bbd2] StatsBase v0.33.0
  [fd094767] Suppressor v0.2.0
  [2a0f44e3] Base64
  [ade2ca70] Dates
  [8ba89e20] Distributed
  [b77e0a4c] InteractiveUtils
  [76f85450] LibGit2
  [8f399da3] Libdl
  [37e2e46d] LinearAlgebra
  [56ddb016] Logging
  [d6f4376e] Markdown
  [a63ad114] Mmap
  [44cfe95a] Pkg
  [de0858da] Printf
  [3fa0cd96] REPL
  [9a3f8284] Random
  [ea8e919c] SHA
  [9e88b42a] Serialization
  [6462fe0b] Sockets
  [2f01184e] SparseArrays
  [10745b16] Statistics
  [8dfed614] Test
  [cf7118a7] UUIDs
  [4ec0a83e] Unicode
WARNING: Method definition (::Type{AbstractLogic.LogicalCombo})() in module AbstractLogic at /home/pkgeval/.julia/packages/AbstractLogic/oqlAQ/src/main/LogicalCombo.jl:40 overwritten at /home/pkgeval/.julia/packages/AbstractLogic/oqlAQ/src/main/LogicalCombo.jl:42.
  ** incremental compilation may be fatally broken for this module **

Running tests:
Test Failed at /home/pkgeval/.julia/packages/AbstractLogic/oqlAQ/test/repl.jl:14
  Expression: !replerror
	[1m[31mFAILED[0m: repl.jl
LoadError: There was an error during testing
in expression starting at /home/pkgeval/.julia/packages/AbstractLogic/oqlAQ/test/repl.jl:14
	[1m[32mPASSED[0m: LogicalCombo.jl
Test Failed at /home/pkgeval/.julia/packages/AbstractLogic/oqlAQ/test/logicalparse.jl:11
  Expression: nfeasible(logicset) == 36
   Evaluated: 729 == 36
	[1m[31mFAILED[0m: logicalparse.jl
LoadError: There was an error during testing
in expression starting at /home/pkgeval/.julia/packages/AbstractLogic/oqlAQ/test/logicalparse.jl:11
ERROR: LoadError: "Tests failed"
Stacktrace:
 [1] top-level scope at /home/pkgeval/.julia/packages/AbstractLogic/oqlAQ/test/runtests.jl:34
 [2] include(::String) at ./client.jl:446
 [3] top-level scope at none:6
in expression starting at /home/pkgeval/.julia/packages/AbstractLogic/oqlAQ/test/runtests.jl:33
ERROR: Package AbstractLogic errored during testing
Stacktrace:
 [1] pkgerror(::String) at /workspace/srcdir/usr/share/julia/stdlib/v1.6/Pkg/src/Types.jl:52
 [2] test(::Pkg.Types.Context, ::Array{Pkg.Types.PackageSpec,1}; coverage::Bool, julia_args::Cmd, test_args::Cmd, test_fn::Nothing) at /workspace/srcdir/usr/share/julia/stdlib/v1.6/Pkg/src/Operations.jl:1557
 [3] test(::Pkg.Types.Context, ::Array{Pkg.Types.PackageSpec,1}; coverage::Bool, test_fn::Nothing, julia_args::Cmd, test_args::Cmd, kwargs::Base.Iterators.Pairs{Union{},Union{},Tuple{},NamedTuple{(),Tuple{}}}) at /workspace/srcdir/usr/share/julia/stdlib/v1.6/Pkg/src/API.jl:327
 [4] test(::Pkg.Types.Context, ::Array{Pkg.Types.PackageSpec,1}) at /workspace/srcdir/usr/share/julia/stdlib/v1.6/Pkg/src/API.jl:314
 [5] #test#61 at /workspace/srcdir/usr/share/julia/stdlib/v1.6/Pkg/src/API.jl:67 [inlined]
 [6] test at /workspace/srcdir/usr/share/julia/stdlib/v1.6/Pkg/src/API.jl:67 [inlined]
 [7] #test#60 at /workspace/srcdir/usr/share/julia/stdlib/v1.6/Pkg/src/API.jl:66 [inlined]
 [8] test at /workspace/srcdir/usr/share/julia/stdlib/v1.6/Pkg/src/API.jl:66 [inlined]
 [9] test(::String; kwargs::Base.Iterators.Pairs{Union{},Union{},Tuple{},NamedTuple{(),Tuple{}}}) at /workspace/srcdir/usr/share/julia/stdlib/v1.6/Pkg/src/API.jl:65
 [10] test(::String) at /workspace/srcdir/usr/share/julia/stdlib/v1.6/Pkg/src/API.jl:65
 [11] top-level scope at none:16
