Julia Version 1.6.0-DEV.893
Commit 3db0493ccf (2020-09-11 16:08 UTC)
Platform Info:
  OS: Linux (x86_64-linux-gnu)
  CPU: Intel(R) Xeon(R) Silver 4114 CPU @ 2.20GHz
  WORD_SIZE: 64
  LIBM: libopenlibm
  LLVM: libLLVM-9.0.1 (ORCJIT, skylake-avx512)
Environment:
  JULIA_DEPOT_PATH = ::/usr/local/share/julia
  JULIA_NUM_THREADS = 2

  Resolving package versions...
[ Info: LEGAL NOTICE: package operations send anonymous data about your system to https://pkg.julialang.org (your current package server), including the operating system and Julia versions you are using, and a random client UUID. Running `Pkg.telemetryinfo()` will show exactly what data is sent. See https://julialang.org/legal/data/ for more details about what this data is used for, how long it is retained, and how to opt out of sending it.
  Installed Zlib_jll ─────────── v1.2.11+16
  Installed InternedStrings ──── v0.7.0
  Installed TupleTools ───────── v1.2.0
  Installed ZipFile ──────────── v0.9.2
  Installed Strided ──────────── v1.0.1
  Installed OrderedCollections ─ v1.3.0
  Installed DataStructures ───── v0.17.20
  Installed Pickle ───────────── v0.2.0
Updating `~/.julia/environments/v1.6/Project.toml`
  [fbb45041] + Pickle v0.2.0
Updating `~/.julia/environments/v1.6/Manifest.toml`
  [864edb3b] + DataStructures v0.17.20
  [7d512f48] + InternedStrings v0.7.0
  [bac558e1] + OrderedCollections v1.3.0
  [fbb45041] + Pickle v0.2.0
  [5e0ebb24] + Strided v1.0.1
  [9d95972d] + TupleTools v1.2.0
  [a5390f91] + ZipFile v0.9.2
  [83775a58] + Zlib_jll v1.2.11+16
  [2a0f44e3] + Base64
  [ade2ca70] + Dates
  [8ba89e20] + Distributed
  [b77e0a4c] + InteractiveUtils
  [76f85450] + LibGit2
  [8f399da3] + Libdl
  [37e2e46d] + LinearAlgebra
  [56ddb016] + Logging
  [d6f4376e] + Markdown
  [44cfe95a] + Pkg
  [de0858da] + Printf
  [3fa0cd96] + REPL
  [9a3f8284] + Random
  [ea8e919c] + SHA
  [9e88b42a] + Serialization
  [6462fe0b] + Sockets
  [fa267f1f] + TOML
  [8dfed614] + Test
  [cf7118a7] + UUIDs
  [4ec0a83e] + Unicode
    Testing Pickle
Status `/tmp/jl_dgBY6D/Project.toml`
  [864edb3b] DataStructures v0.17.20
  [e30172f5] Documenter v0.25.2
  [7d512f48] InternedStrings v0.7.0
  [fbb45041] Pickle v0.2.0
  [438e738f] PyCall v1.91.4
  [5e0ebb24] Strided v1.0.1
  [a5390f91] ZipFile v0.9.2
  [9e88b42a] Serialization
  [8dfed614] Test
Status `/tmp/jl_dgBY6D/Manifest.toml`
  [8f4d0f93] Conda v1.4.1
  [864edb3b] DataStructures v0.17.20
  [ffbed154] DocStringExtensions v0.8.3
  [e30172f5] Documenter v0.25.2
  [7d512f48] InternedStrings v0.7.0
  [682c06a0] JSON v0.21.1
  [1914dd2f] MacroTools v0.5.5
  [bac558e1] OrderedCollections v1.3.0
  [69de0a69] Parsers v1.0.10
  [fbb45041] Pickle v0.2.0
  [438e738f] PyCall v1.91.4
  [5e0ebb24] Strided v1.0.1
  [9d95972d] TupleTools v1.2.0
  [81def892] VersionParsing v1.2.0
  [a5390f91] ZipFile v0.9.2
  [83775a58] Zlib_jll v1.2.11+16
  [2a0f44e3] Base64
  [ade2ca70] Dates
  [8ba89e20] Distributed
  [b77e0a4c] InteractiveUtils
  [76f85450] LibGit2
  [8f399da3] Libdl
  [37e2e46d] LinearAlgebra
  [56ddb016] Logging
  [d6f4376e] Markdown
  [a63ad114] Mmap
  [44cfe95a] Pkg
  [de0858da] Printf
  [3fa0cd96] REPL
  [9a3f8284] Random
  [ea8e919c] SHA
  [9e88b42a] Serialization
  [6462fe0b] Sockets
  [fa267f1f] TOML
  [8dfed614] Test
  [cf7118a7] UUIDs
  [4ec0a83e] Unicode
    Testing Running tests...
[ Info: Installing torch via the Conda pytorch package...
[ Info: Running `conda install -q -y pytorch` in root environment
Collecting package metadata (current_repodata.json): ...working... done
Solving environment: ...working... failed with initial frozen solve. Retrying with flexible solve.
Solving environment: ...working... failed with repodata from current_repodata.json, will retry with next repodata source.
Collecting package metadata (repodata.json): ...working... done
Solving environment: ...working... done

## Package Plan ##

  environment location: /home/pkgeval/.julia/conda/3

  added / updated specs:
    - pytorch


The following packages will be downloaded:

    package                    |            build
    ---------------------------|-----------------
    _pytorch_select-0.2        |            gpu_0           2 KB
    cudatoolkit-10.1.243       |       h6bb024c_0       347.4 MB
    cudnn-7.6.5                |       cuda10.1_0       179.9 MB
    ninja-1.10.1               |   py38hfd86e86_0         1.4 MB
    pytorch-1.4.0              |cuda101py38h02f0884_0       167.4 MB
    ------------------------------------------------------------
                                           Total:       696.3 MB

The following NEW packages will be INSTALLED:

  _pytorch_select    pkgs/main/linux-64::_pytorch_select-0.2-gpu_0
  cudatoolkit        pkgs/main/linux-64::cudatoolkit-10.1.243-h6bb024c_0
  cudnn              pkgs/main/linux-64::cudnn-7.6.5-cuda10.1_0
  ninja              pkgs/main/linux-64::ninja-1.10.1-py38hfd86e86_0
  pytorch            pkgs/main/linux-64::pytorch-1.4.0-cuda101py38h02f0884_0


Preparing transaction: ...working... done
Verifying transaction: ...working... done
Executing transaction: ...working... done
[ Info: BATCHSIZE is set to: 3
[ Info: Test doctest
[ Info: SetupBuildDirectory: setting up build directory.
[ Info: Doctest: running doctests.
┌ Error: doctest failure in ~/.julia/packages/Pickle/Njhfn/src/readarg.jl:232-241
│ 
│ ```jldoctest
│ julia> Pickle.read_bytearray8(IOBuffer(b"\x00\x00\x00\x00\x00\x00\x00\x00abc")) |> isempty # 0-element Array{UInt8,1}
│ true
│ 
│ julia> Pickle.read_bytearray8(IOBuffer(b"\x03\x00\x00\x00\x00\x00\x00\x00abcdef"))
│ 3-element Array{UInt8,1}:
│  0x61
│  0x62
│  0x63
│ ```
│ 
│ Subexpression:
│ 
│ Pickle.read_bytearray8(IOBuffer(b"\x03\x00\x00\x00\x00\x00\x00\x00abcdef"))
│ 
│ Evaluated output:
│ 
│ 3-element Vector{UInt8}:
│  0x61
│  0x62
│  0x63
│ 
│ Expected output:
│ 
│ 3-element Array{UInt8,1}:
│  0x61
│  0x62
│  0x63
│ 
│   diff =
│    Warning: Diff output requires color.
│    3-element Array{UInt8,1}:
│     Vector{UInt8}:
│     0x61
│     0x62
│     0x63
└ @ Documenter.DocTests ~/.julia/packages/Documenter/pjwqp/src/DocTests.jl:369
┌ Error: doctest failure in ~/.julia/packages/Pickle/Njhfn/src/readarg.jl:212-221
│ 
│ ```jldoctest
│ julia> Pickle.read_bytes8(IOBuffer(b"\x00\x00\x00\x00\x00\x00\x00\x00abc")) |> isempty # 0-element Array{UInt8,1}
│ true
│ 
│ julia> Pickle.read_bytes8(IOBuffer(b"\x03\x00\x00\x00\x00\x00\x00\x00abcdef"))
│ 3-element Array{UInt8,1}:
│  0x61
│  0x62
│  0x63
│ ```
│ 
│ Subexpression:
│ 
│ Pickle.read_bytes8(IOBuffer(b"\x03\x00\x00\x00\x00\x00\x00\x00abcdef"))
│ 
│ Evaluated output:
│ 
│ 3-element Vector{UInt8}:
│  0x61
│  0x62
│  0x63
│ 
│ Expected output:
│ 
│ 3-element Array{UInt8,1}:
│  0x61
│  0x62
│  0x63
│ 
│   diff =
│    Warning: Diff output requires color.
│    3-element Array{UInt8,1}:
│     Vector{UInt8}:
│     0x61
│     0x62
│     0x63
└ @ Documenter.DocTests ~/.julia/packages/Documenter/pjwqp/src/DocTests.jl:369
┌ Error: doctest failure in ~/.julia/packages/Pickle/Njhfn/src/readarg.jl:175-187
│ 
│ ```jldoctest
│ julia> Pickle.read_bytes1(IOBuffer(b"\x00")) |> isempty # 0-element Array{UInt8,1}
│ true
│ 
│ julia> Pickle.read_bytes1(IOBuffer(b"\x03abcdef"))
│ 3-element Array{UInt8,1}:
│  0x61
│  0x62
│  0x63
│ 
│ julia> Pickle.read_bytes1(IOBuffer(b"\x03abcdef")) |> String
│ "abc"
│ ```
│ 
│ Subexpression:
│ 
│ Pickle.read_bytes1(IOBuffer(b"\x03abcdef"))
│ 
│ Evaluated output:
│ 
│ 3-element Vector{UInt8}:
│  0x61
│  0x62
│  0x63
│ 
│ Expected output:
│ 
│ 3-element Array{UInt8,1}:
│  0x61
│  0x62
│  0x63
│ 
│   diff =
│    Warning: Diff output requires color.
│    3-element Array{UInt8,1}:
│     Vector{UInt8}:
│     0x61
│     0x62
│     0x63
└ @ Documenter.DocTests ~/.julia/packages/Documenter/pjwqp/src/DocTests.jl:369
┌ Error: doctest failure in ~/.julia/packages/Pickle/Njhfn/src/readarg.jl:193-206
│ 
│ ```jldoctest
│ julia> Pickle.read_bytes4(IOBuffer(b"\x00\x00\x00\x00abc")) |> isempty # 0-element Array{UInt8,1}
│ true
│ 
│ julia> Pickle.read_bytes4(IOBuffer(b"\x03\x00\x00\x00abcdef"))
│ 3-element Array{UInt8,1}:
│  0x61
│  0x62
│  0x63
│ 
│ julia> Pickle.read_bytes4(IOBuffer(b"\x00\x00\x00\x03abcdef"))
│ ERROR: expected 50331648 bytes in bytes4, but only 6 remain
│ [...]
│ ```
│ 
│ Subexpression:
│ 
│ Pickle.read_bytes4(IOBuffer(b"\x03\x00\x00\x00abcdef"))
│ 
│ Evaluated output:
│ 
│ 3-element Vector{UInt8}:
│  0x61
│  0x62
│  0x63
│ 
│ Expected output:
│ 
│ 3-element Array{UInt8,1}:
│  0x61
│  0x62
│  0x63
│ 
│   diff =
│    Warning: Diff output requires color.
│    3-element Array{UInt8,1}:
│     Vector{UInt8}:
│     0x61
│     0x62
│     0x63
└ @ Documenter.DocTests ~/.julia/packages/Documenter/pjwqp/src/DocTests.jl:369
┌ Error: doctest failure in ~/.julia/packages/Pickle/Njhfn/src/writearg.jl:59-90
│ 
│ ```jldoctest
│ julia> Pickle.int_to_bytes(0) |> isempty # 0-element Array{UInt8,1}
│ true
│ 
│ julia> Pickle.int_to_bytes(255)
│ 2-element Array{UInt8,1}:
│  0xff
│  0x00
│ 
│ julia> Pickle.int_to_bytes(32767)
│ 2-element Array{UInt8,1}:
│  0xff
│  0x7f
│ 
│ julia> Pickle.int_to_bytes(-256)
│ 2-element Array{UInt8,1}:
│  0x00
│  0xff
│ 
│ julia> Pickle.int_to_bytes(-32768)
│ 2-element Array{UInt8,1}:
│  0x00
│  0x80
│ 
│ julia> Pickle.int_to_bytes(-128)
│ 1-element Array{UInt8,1}:
│  0x80
│ 
│ julia> Pickle.int_to_bytes(127)
│ 1-element Array{UInt8,1}:
│  0x7f
│ ```
│ 
│ Subexpression:
│ 
│ Pickle.int_to_bytes(255)
│ 
│ Evaluated output:
│ 
│ 2-element Vector{UInt8}:
│  0xff
│  0x00
│ 
│ Expected output:
│ 
│ 2-element Array{UInt8,1}:
│  0xff
│  0x00
│ 
│   diff =
│    Warning: Diff output requires color.
│    2-element Array{UInt8,1}:
│     Vector{UInt8}:
│     0xff
│     0x00
└ @ Documenter.DocTests ~/.julia/packages/Documenter/pjwqp/src/DocTests.jl:369
┌ Error: doctest failure in ~/.julia/packages/Pickle/Njhfn/src/writearg.jl:59-90
│ 
│ ```jldoctest
│ julia> Pickle.int_to_bytes(0) |> isempty # 0-element Array{UInt8,1}
│ true
│ 
│ julia> Pickle.int_to_bytes(255)
│ 2-element Array{UInt8,1}:
│  0xff
│  0x00
│ 
│ julia> Pickle.int_to_bytes(32767)
│ 2-element Array{UInt8,1}:
│  0xff
│  0x7f
│ 
│ julia> Pickle.int_to_bytes(-256)
│ 2-element Array{UInt8,1}:
│  0x00
│  0xff
│ 
│ julia> Pickle.int_to_bytes(-32768)
│ 2-element Array{UInt8,1}:
│  0x00
│  0x80
│ 
│ julia> Pickle.int_to_bytes(-128)
│ 1-element Array{UInt8,1}:
│  0x80
│ 
│ julia> Pickle.int_to_bytes(127)
│ 1-element Array{UInt8,1}:
│  0x7f
│ ```
│ 
│ Subexpression:
│ 
│ Pickle.int_to_bytes(32767)
│ 
│ Evaluated output:
│ 
│ 2-element Vector{UInt8}:
│  0xff
│  0x7f
│ 
│ Expected output:
│ 
│ 2-element Array{UInt8,1}:
│  0xff
│  0x7f
│ 
│   diff =
│    Warning: Diff output requires color.
│    2-element Array{UInt8,1}:
│     Vector{UInt8}:
│     0xff
│     0x7f
└ @ Documenter.DocTests ~/.julia/packages/Documenter/pjwqp/src/DocTests.jl:369
┌ Error: doctest failure in ~/.julia/packages/Pickle/Njhfn/src/writearg.jl:59-90
│ 
│ ```jldoctest
│ julia> Pickle.int_to_bytes(0) |> isempty # 0-element Array{UInt8,1}
│ true
│ 
│ julia> Pickle.int_to_bytes(255)
│ 2-element Array{UInt8,1}:
│  0xff
│  0x00
│ 
│ julia> Pickle.int_to_bytes(32767)
│ 2-element Array{UInt8,1}:
│  0xff
│  0x7f
│ 
│ julia> Pickle.int_to_bytes(-256)
│ 2-element Array{UInt8,1}:
│  0x00
│  0xff
│ 
│ julia> Pickle.int_to_bytes(-32768)
│ 2-element Array{UInt8,1}:
│  0x00
│  0x80
│ 
│ julia> Pickle.int_to_bytes(-128)
│ 1-element Array{UInt8,1}:
│  0x80
│ 
│ julia> Pickle.int_to_bytes(127)
│ 1-element Array{UInt8,1}:
│  0x7f
│ ```
│ 
│ Subexpression:
│ 
│ Pickle.int_to_bytes(-256)
│ 
│ Evaluated output:
│ 
│ 2-element Vector{UInt8}:
│  0x00
│  0xff
│ 
│ Expected output:
│ 
│ 2-element Array{UInt8,1}:
│  0x00
│  0xff
│ 
│   diff =
│    Warning: Diff output requires color.
│    2-element Array{UInt8,1}:
│     Vector{UInt8}:
│     0x00
│     0xff
└ @ Documenter.DocTests ~/.julia/packages/Documenter/pjwqp/src/DocTests.jl:369
┌ Error: doctest failure in ~/.julia/packages/Pickle/Njhfn/src/writearg.jl:59-90
│ 
│ ```jldoctest
│ julia> Pickle.int_to_bytes(0) |> isempty # 0-element Array{UInt8,1}
│ true
│ 
│ julia> Pickle.int_to_bytes(255)
│ 2-element Array{UInt8,1}:
│  0xff
│  0x00
│ 
│ julia> Pickle.int_to_bytes(32767)
│ 2-element Array{UInt8,1}:
│  0xff
│  0x7f
│ 
│ julia> Pickle.int_to_bytes(-256)
│ 2-element Array{UInt8,1}:
│  0x00
│  0xff
│ 
│ julia> Pickle.int_to_bytes(-32768)
│ 2-element Array{UInt8,1}:
│  0x00
│  0x80
│ 
│ julia> Pickle.int_to_bytes(-128)
│ 1-element Array{UInt8,1}:
│  0x80
│ 
│ julia> Pickle.int_to_bytes(127)
│ 1-element Array{UInt8,1}:
│  0x7f
│ ```
│ 
│ Subexpression:
│ 
│ Pickle.int_to_bytes(-32768)
│ 
│ Evaluated output:
│ 
│ 2-element Vector{UInt8}:
│  0x00
│  0x80
│ 
│ Expected output:
│ 
│ 2-element Array{UInt8,1}:
│  0x00
│  0x80
│ 
│   diff =
│    Warning: Diff output requires color.
│    2-element Array{UInt8,1}:
│     Vector{UInt8}:
│     0x00
│     0x80
└ @ Documenter.DocTests ~/.julia/packages/Documenter/pjwqp/src/DocTests.jl:369
┌ Error: doctest failure in ~/.julia/packages/Pickle/Njhfn/src/writearg.jl:59-90
│ 
│ ```jldoctest
│ julia> Pickle.int_to_bytes(0) |> isempty # 0-element Array{UInt8,1}
│ true
│ 
│ julia> Pickle.int_to_bytes(255)
│ 2-element Array{UInt8,1}:
│  0xff
│  0x00
│ 
│ julia> Pickle.int_to_bytes(32767)
│ 2-element Array{UInt8,1}:
│  0xff
│  0x7f
│ 
│ julia> Pickle.int_to_bytes(-256)
│ 2-element Array{UInt8,1}:
│  0x00
│  0xff
│ 
│ julia> Pickle.int_to_bytes(-32768)
│ 2-element Array{UInt8,1}:
│  0x00
│  0x80
│ 
│ julia> Pickle.int_to_bytes(-128)
│ 1-element Array{UInt8,1}:
│  0x80
│ 
│ julia> Pickle.int_to_bytes(127)
│ 1-element Array{UInt8,1}:
│  0x7f
│ ```
│ 
│ Subexpression:
│ 
│ Pickle.int_to_bytes(-128)
│ 
│ Evaluated output:
│ 
│ 1-element Vector{UInt8}:
│  0x80
│ 
│ Expected output:
│ 
│ 1-element Array{UInt8,1}:
│  0x80
│ 
│   diff =
│    Warning: Diff output requires color.
│    1-element Array{UInt8,1}:
│     Vector{UInt8}:
│     0x80
└ @ Documenter.DocTests ~/.julia/packages/Documenter/pjwqp/src/DocTests.jl:369
┌ Error: doctest failure in ~/.julia/packages/Pickle/Njhfn/src/writearg.jl:59-90
│ 
│ ```jldoctest
│ julia> Pickle.int_to_bytes(0) |> isempty # 0-element Array{UInt8,1}
│ true
│ 
│ julia> Pickle.int_to_bytes(255)
│ 2-element Array{UInt8,1}:
│  0xff
│  0x00
│ 
│ julia> Pickle.int_to_bytes(32767)
│ 2-element Array{UInt8,1}:
│  0xff
│  0x7f
│ 
│ julia> Pickle.int_to_bytes(-256)
│ 2-element Array{UInt8,1}:
│  0x00
│  0xff
│ 
│ julia> Pickle.int_to_bytes(-32768)
│ 2-element Array{UInt8,1}:
│  0x00
│  0x80
│ 
│ julia> Pickle.int_to_bytes(-128)
│ 1-element Array{UInt8,1}:
│  0x80
│ 
│ julia> Pickle.int_to_bytes(127)
│ 1-element Array{UInt8,1}:
│  0x7f
│ ```
│ 
│ Subexpression:
│ 
│ Pickle.int_to_bytes(127)
│ 
│ Evaluated output:
│ 
│ 1-element Vector{UInt8}:
│  0x7f
│ 
│ Expected output:
│ 
│ 1-element Array{UInt8,1}:
│  0x7f
│ 
│   diff =
│    Warning: Diff output requires color.
│    1-element Array{UInt8,1}:
│     Vector{UInt8}:
│     0x7f
└ @ Documenter.DocTests ~/.julia/packages/Documenter/pjwqp/src/DocTests.jl:369
┌ Error: Doctesting failed
│   exception =
│    `makedocs` encountered a doctest error. Terminating build
│    Stacktrace:
│      [1] error(s::String)
│        @ Base ./error.jl:33
│      [2] runner(#unused#::Type{Documenter.Builder.Doctest}, doc::Documenter.Documents.Document)
│        @ Documenter.Builder ~/.julia/packages/Documenter/pjwqp/src/Builder.jl:217
│      [3] dispatch(#unused#::Type{Documenter.Builder.DocumentPipeline}, x::Documenter.Documents.Document)
│        @ Documenter.Utilities.Selectors ~/.julia/packages/Documenter/pjwqp/src/Utilities/Selectors.jl:167
│      [4] #2
│        @ ~/.julia/packages/Documenter/pjwqp/src/Documenter.jl:241 [inlined]
│      [5] cd(f::Documenter.var"#2#3"{Documenter.Documents.Document}, dir::String)
│        @ Base.Filesystem ./file.jl:104
│      [6] makedocs(; debug::Bool, format::Documenter.Writers.HTMLWriter.HTML, kwargs::Base.Iterators.Pairs{Symbol, Any, NTuple{5, Symbol}, NamedTuple{(:root, :source, :sitename, :doctest, :modules), Tuple{String, String, String, Symbol, Vector{Module}}}})
│        @ Documenter ~/.julia/packages/Documenter/pjwqp/src/Documenter.jl:240
│      [7] (::Documenter.var"#all_doctests#31"{Bool, Vector{Module}})()
│        @ Documenter ~/.julia/packages/Documenter/pjwqp/src/Documenter.jl:802
│      [8] macro expansion
│        @ ~/.julia/packages/Documenter/pjwqp/src/Documenter.jl:818 [inlined]
│      [9] macro expansion
│        @ /workspace/srcdir/usr/share/julia/stdlib/v1.6/Test/src/Test.jl:1113 [inlined]
│     [10] doctest(source::String, modules::Vector{Module}; fix::Bool, testset::String)
│        @ Documenter ~/.julia/packages/Documenter/pjwqp/src/Documenter.jl:818
│     [11] doctest(package::Module; manual::Bool, testset::Nothing, kwargs::Base.Iterators.Pairs{Union{}, Union{}, Tuple{}, NamedTuple{(), Tuple{}}})
│        @ Documenter ~/.julia/packages/Documenter/pjwqp/src/Documenter.jl:761
│     [12] doctest
│        @ ~/.julia/packages/Documenter/pjwqp/src/Documenter.jl:748 [inlined]
│     [13] macro expansion
│        @ ~/.julia/packages/Pickle/Njhfn/test/runtests.jl:33 [inlined]
│     [14] macro expansion
│        @ /workspace/srcdir/usr/share/julia/stdlib/v1.6/Test/src/Test.jl:1113 [inlined]
│     [15] top-level scope
│        @ ~/.julia/packages/Pickle/Njhfn/test/runtests.jl:31
│     [16] include(fname::String)
│        @ Base.MainInclude ./client.jl:444
│     [17] top-level scope
│        @ none:6
│     [18] eval(m::Module, e::Any)
│        @ Core ./boot.jl:345
│     [19] exec_options(opts::Base.JLOptions)
│        @ Base ./client.jl:261
│     [20] _start()
│        @ Base ./client.jl:485
└ @ Documenter ~/.julia/packages/Documenter/pjwqp/src/Documenter.jl:811
Doctests: Pickle: Test Failed at /home/pkgeval/.julia/packages/Documenter/pjwqp/src/Documenter.jl:818
  Expression: all_doctests()
Stacktrace:
 [1] macro expansion
   @ ~/.julia/packages/Documenter/pjwqp/src/Documenter.jl:818 [inlined]
 [2] macro expansion
   @ /workspace/srcdir/usr/share/julia/stdlib/v1.6/Test/src/Test.jl:1113 [inlined]
 [3] doctest(source::String, modules::Vector{Module}; fix::Bool, testset::String)
   @ Documenter ~/.julia/packages/Documenter/pjwqp/src/Documenter.jl:818
[ Info: Test LOAD
[ Info: Test STORE
STORE: Error During Test at /home/pkgeval/.julia/packages/Pickle/Njhfn/test/test_store.jl:1
  Got exception outside of a @test
  AssertionError: python name for `typename(Set)` is not registered.
  Stacktrace:
    [1] save_global(p::Pickler{0}, io::IOStream, Tname::String)
      @ Pickle ~/.julia/packages/Pickle/Njhfn/src/serializer.jl:307
    [2] save(p::Pickler{0}, io::IOStream, x::Set{Int64})
      @ Pickle ~/.julia/packages/Pickle/Njhfn/src/serializer.jl:324
    [3] save_object(p::Pickler{0}, io::IOStream, x::Set{Int64})
      @ Pickle ~/.julia/packages/Pickle/Njhfn/src/serializer.jl:25
    [4] batch_setitems(p::Pickler{0}, io::IOStream, x::Dict{String, Any})
      @ Pickle ~/.julia/packages/Pickle/Njhfn/src/serializer.jl:266
    [5] save
      @ ~/.julia/packages/Pickle/Njhfn/src/serializer.jl:298 [inlined]
    [6] save_object(p::Pickler{0}, io::IOStream, x::Dict{String, Any})
      @ Pickle ~/.julia/packages/Pickle/Njhfn/src/serializer.jl:25
    [7] store(p::Pickler{0}, io::IOStream, x::Any)
      @ Pickle ~/.julia/packages/Pickle/Njhfn/src/serializer.jl:18
    [8] store(io::IOStream, x::Dict{String, Any}; proto::Int64)
      @ Pickle ~/.julia/packages/Pickle/Njhfn/src/serializer.jl:15
    [9] #29
      @ ~/.julia/packages/Pickle/Njhfn/src/serializer.jl:14 [inlined]
   [10] open(::Pickle.var"#29#30"{Int64, Dict{String, Any}}, ::String, ::Vararg{String, N} where N; kwargs::Base.Iterators.Pairs{Union{}, Union{}, Tuple{}, NamedTuple{(), Tuple{}}})
      @ Base ./io.jl:330
   [11] open(::Function, ::String, ::String)
      @ Base ./io.jl:328
   [12] #store#28
      @ ~/.julia/packages/Pickle/Njhfn/src/serializer.jl:14 [inlined]
   [13] (::var"#3#5")(path::String)
      @ Main ~/.julia/packages/Pickle/Njhfn/test/test_store.jl:7
   [14] mktempdir(fn::var"#3#5", parent::String; prefix::String)
      @ Base.Filesystem ./file.jl:709
   [15] mktempdir(fn::Function, parent::String)
      @ Base.Filesystem ./file.jl:707
   [16] top-level scope
      @ ~/.julia/packages/Pickle/Njhfn/test/test_store.jl:3
   [17] top-level scope
      @ /workspace/srcdir/usr/share/julia/stdlib/v1.6/Test/src/Test.jl:1113
   [18] top-level scope
      @ ~/.julia/packages/Pickle/Njhfn/test/test_store.jl:3
   [19] include(fname::String)
      @ Base.MainInclude ./client.jl:444
   [20] macro expansion
      @ ~/.julia/packages/Pickle/Njhfn/test/runtests.jl:38 [inlined]
   [21] macro expansion
      @ /workspace/srcdir/usr/share/julia/stdlib/v1.6/Test/src/Test.jl:1113 [inlined]
   [22] top-level scope
      @ ~/.julia/packages/Pickle/Njhfn/test/runtests.jl:31
   [23] include(fname::String)
      @ Base.MainInclude ./client.jl:444
   [24] top-level scope
      @ none:6
   [25] eval(m::Module, e::Any)
      @ Core ./boot.jl:345
   [26] exec_options(opts::Base.JLOptions)
      @ Base ./client.jl:261
   [27] _start()
      @ Base ./client.jl:485
[ Info: Test Pickle.Torch
[ Info: Test Torch LOAD
[ Info: Test Torch LOAD_ZIP
[ Info: Test Torch SAVE
[ Info: Test Torch PREBUILD
PREBUILD: Error During Test at /home/pkgeval/.julia/packages/Pickle/Njhfn/test/torch/torch_prebuild.jl:1
  Got exception outside of a @test
  AssertionError: !(isdefer(typeinfo))
  Stacktrace:
    [1] legacy_load(tp::Pickle.Torch.TorchPickler{2}, io::IOStream)
      @ Pickle.Torch ~/.julia/packages/Pickle/Njhfn/src/torch/torch_load.jl:95
    [2] THload(tp::Pickle.Torch.TorchPickler{2}, io::IOStream)
      @ Pickle.Torch ~/.julia/packages/Pickle/Njhfn/src/torch/torch_load.jl:62
    [3] (::Pickle.Torch.var"#7#8")(io::IOStream)
      @ Pickle.Torch ~/.julia/packages/Pickle/Njhfn/src/torch/torch_load.jl:57
    [4] open(f::Pickle.Torch.var"#7#8", args::String; kwargs::Base.Iterators.Pairs{Union{}, Union{}, Tuple{}, NamedTuple{(), Tuple{}}})
      @ Base ./io.jl:330
    [5] open
      @ ./io.jl:328 [inlined]
    [6] THload
      @ ~/.julia/packages/Pickle/Njhfn/src/torch/torch_load.jl:56 [inlined]
    [7] macro expansion
      @ ~/.julia/packages/Pickle/Njhfn/test/torch/torch_prebuild.jl:5 [inlined]
    [8] macro expansion
      @ /workspace/srcdir/usr/share/julia/stdlib/v1.6/Test/src/Test.jl:1113 [inlined]
    [9] top-level scope
      @ ~/.julia/packages/Pickle/Njhfn/test/torch/torch_prebuild.jl:3
   [10] include(fname::String)
      @ Base.MainInclude ./client.jl:444
   [11] macro expansion
      @ ~/.julia/packages/Pickle/Njhfn/test/torch/torch.jl:16 [inlined]
   [12] macro expansion
      @ /workspace/srcdir/usr/share/julia/stdlib/v1.6/Test/src/Test.jl:1113 [inlined]
   [13] top-level scope
      @ ~/.julia/packages/Pickle/Njhfn/test/torch/torch.jl:13
   [14] include(fname::String)
      @ Base.MainInclude ./client.jl:444
   [15] macro expansion
      @ ~/.julia/packages/Pickle/Njhfn/test/runtests.jl:42 [inlined]
   [16] macro expansion
      @ /workspace/srcdir/usr/share/julia/stdlib/v1.6/Test/src/Test.jl:1113 [inlined]
   [17] top-level scope
      @ ~/.julia/packages/Pickle/Njhfn/test/runtests.jl:31
   [18] include(fname::String)
      @ Base.MainInclude ./client.jl:444
   [19] top-level scope
      @ none:6
   [20] eval(m::Module, e::Any)
      @ Core ./boot.jl:345
   [21] exec_options(opts::Base.JLOptions)
      @ Base ./client.jl:261
   [22] _start()
      @ Base ./client.jl:485
Test Summary:      | Pass  Fail  Error  Total
Pickle             |   99     1      2    102
  Doctests: Pickle |          1             1
  LOAD             |   15                  15
  STORE            |                 1      1
  Torch            |   84            1     85
    LOAD           |   32                  32
    LOAD_ZIP       |   32                  32
    SAVE           |   18                  18
    PREBUILD       |    2            1      3
ERROR: LoadError: Some tests did not pass: 99 passed, 1 failed, 2 errored, 0 broken.
in expression starting at /home/pkgeval/.julia/packages/Pickle/Njhfn/test/runtests.jl:30
ERROR: Package Pickle errored during testing
Stacktrace:
  [1] pkgerror(::String, ::Vararg{String, N} where N)
    @ Pkg.Types /workspace/srcdir/usr/share/julia/stdlib/v1.6/Pkg/src/Types.jl:52
  [2] test(ctx::Pkg.Types.Context, pkgs::Vector{Pkg.Types.PackageSpec}; coverage::Bool, julia_args::Cmd, test_args::Cmd, test_fn::Nothing)
    @ Pkg.Operations /workspace/srcdir/usr/share/julia/stdlib/v1.6/Pkg/src/Operations.jl:1580
  [3] test(ctx::Pkg.Types.Context, pkgs::Vector{Pkg.Types.PackageSpec}; coverage::Bool, test_fn::Nothing, julia_args::Cmd, test_args::Cmd, kwargs::Base.Iterators.Pairs{Union{}, Union{}, Tuple{}, NamedTuple{(), Tuple{}}})
    @ Pkg.API /workspace/srcdir/usr/share/julia/stdlib/v1.6/Pkg/src/API.jl:328
  [4] test(ctx::Pkg.Types.Context, pkgs::Vector{Pkg.Types.PackageSpec})
    @ Pkg.API /workspace/srcdir/usr/share/julia/stdlib/v1.6/Pkg/src/API.jl:315
  [5] #test#62
    @ /workspace/srcdir/usr/share/julia/stdlib/v1.6/Pkg/src/API.jl:67 [inlined]
  [6] test
    @ /workspace/srcdir/usr/share/julia/stdlib/v1.6/Pkg/src/API.jl:67 [inlined]
  [7] #test#61
    @ /workspace/srcdir/usr/share/julia/stdlib/v1.6/Pkg/src/API.jl:66 [inlined]
  [8] test
    @ /workspace/srcdir/usr/share/julia/stdlib/v1.6/Pkg/src/API.jl:66 [inlined]
  [9] test(pkg::String; kwargs::Base.Iterators.Pairs{Union{}, Union{}, Tuple{}, NamedTuple{(), Tuple{}}})
    @ Pkg.API /workspace/srcdir/usr/share/julia/stdlib/v1.6/Pkg/src/API.jl:65
 [10] test(pkg::String)
    @ Pkg.API /workspace/srcdir/usr/share/julia/stdlib/v1.6/Pkg/src/API.jl:65
 [11] top-level scope
    @ none:19
