Julia Version 1.5.0-DEV.611
Commit 8057c60354 (2020-04-10 14:54 UTC)
Platform Info:
  OS: Linux (x86_64-pc-linux-gnu)
  CPU: Intel(R) Xeon(R) Silver 4114 CPU @ 2.20GHz
  WORD_SIZE: 64
  LIBM: libopenlibm
  LLVM: libLLVM-9.0.1 (ORCJIT, skylake)
Environment:
  JULIA_DEPOT_PATH = ::/usr/local/share/julia
  JULIA_NUM_THREADS = 2

  Resolving package versions...
  Installed ShiftedArrays â”€â”€â”€â”€â”€â”€â”€â”€â”€â”€â”€â”€â”€â”€â”€â”€ v1.0.0
  Installed OrderedCollections â”€â”€â”€â”€â”€â”€â”€â”€â”€â”€â”€ v1.1.0
  Installed Parsers â”€â”€â”€â”€â”€â”€â”€â”€â”€â”€â”€â”€â”€â”€â”€â”€â”€â”€â”€â”€â”€â”€ v1.0.1
  Installed QuadGK â”€â”€â”€â”€â”€â”€â”€â”€â”€â”€â”€â”€â”€â”€â”€â”€â”€â”€â”€â”€â”€â”€â”€ v2.3.1
  Installed Parameters â”€â”€â”€â”€â”€â”€â”€â”€â”€â”€â”€â”€â”€â”€â”€â”€â”€â”€â”€ v0.12.0
  Installed CMake â”€â”€â”€â”€â”€â”€â”€â”€â”€â”€â”€â”€â”€â”€â”€â”€â”€â”€â”€â”€â”€â”€â”€â”€ v1.2.0
  Installed IntervalTrees â”€â”€â”€â”€â”€â”€â”€â”€â”€â”€â”€â”€â”€â”€â”€â”€ v1.0.0
  Installed PhyloNetworks â”€â”€â”€â”€â”€â”€â”€â”€â”€â”€â”€â”€â”€â”€â”€â”€ v0.11.0
  Installed OpenBLAS_jll â”€â”€â”€â”€â”€â”€â”€â”€â”€â”€â”€â”€â”€â”€â”€â”€â”€ v0.3.9+2
  Installed BioCore â”€â”€â”€â”€â”€â”€â”€â”€â”€â”€â”€â”€â”€â”€â”€â”€â”€â”€â”€â”€â”€â”€ v2.0.5
  Installed Rmath_jll â”€â”€â”€â”€â”€â”€â”€â”€â”€â”€â”€â”€â”€â”€â”€â”€â”€â”€â”€â”€ v0.2.2+0
  Installed StaticArrays â”€â”€â”€â”€â”€â”€â”€â”€â”€â”€â”€â”€â”€â”€â”€â”€â”€ v0.12.1
  Installed Arpack_jll â”€â”€â”€â”€â”€â”€â”€â”€â”€â”€â”€â”€â”€â”€â”€â”€â”€â”€â”€ v3.5.0+3
  Installed Compat â”€â”€â”€â”€â”€â”€â”€â”€â”€â”€â”€â”€â”€â”€â”€â”€â”€â”€â”€â”€â”€â”€â”€ v3.8.0
  Installed InvertedIndices â”€â”€â”€â”€â”€â”€â”€â”€â”€â”€â”€â”€â”€â”€ v1.0.0
  Installed CompilerSupportLibraries_jll â”€ v0.3.3+0
  Installed BinDeps â”€â”€â”€â”€â”€â”€â”€â”€â”€â”€â”€â”€â”€â”€â”€â”€â”€â”€â”€â”€â”€â”€ v1.0.0
  Installed Missings â”€â”€â”€â”€â”€â”€â”€â”€â”€â”€â”€â”€â”€â”€â”€â”€â”€â”€â”€â”€â”€ v0.4.3
  Installed PooledArrays â”€â”€â”€â”€â”€â”€â”€â”€â”€â”€â”€â”€â”€â”€â”€â”€â”€ v0.5.3
  Installed FillArrays â”€â”€â”€â”€â”€â”€â”€â”€â”€â”€â”€â”€â”€â”€â”€â”€â”€â”€â”€ v0.8.7
  Installed Twiddle â”€â”€â”€â”€â”€â”€â”€â”€â”€â”€â”€â”€â”€â”€â”€â”€â”€â”€â”€â”€â”€â”€ v1.1.1
  Installed EzXML â”€â”€â”€â”€â”€â”€â”€â”€â”€â”€â”€â”€â”€â”€â”€â”€â”€â”€â”€â”€â”€â”€â”€â”€ v1.1.0
  Installed DataFrames â”€â”€â”€â”€â”€â”€â”€â”€â”€â”€â”€â”€â”€â”€â”€â”€â”€â”€â”€ v0.20.2
  Installed Distributions â”€â”€â”€â”€â”€â”€â”€â”€â”€â”€â”€â”€â”€â”€â”€â”€ v0.23.2
  Installed TimeZones â”€â”€â”€â”€â”€â”€â”€â”€â”€â”€â”€â”€â”€â”€â”€â”€â”€â”€â”€â”€ v1.0.1
  Installed URIParser â”€â”€â”€â”€â”€â”€â”€â”€â”€â”€â”€â”€â”€â”€â”€â”€â”€â”€â”€â”€ v0.4.0
  Installed JSON â”€â”€â”€â”€â”€â”€â”€â”€â”€â”€â”€â”€â”€â”€â”€â”€â”€â”€â”€â”€â”€â”€â”€â”€â”€ v0.21.0
  Installed BioSymbols â”€â”€â”€â”€â”€â”€â”€â”€â”€â”€â”€â”€â”€â”€â”€â”€â”€â”€â”€ v3.1.0
  Installed CategoricalArrays â”€â”€â”€â”€â”€â”€â”€â”€â”€â”€â”€â”€ v0.7.7
  Installed BioSequences â”€â”€â”€â”€â”€â”€â”€â”€â”€â”€â”€â”€â”€â”€â”€â”€â”€ v1.1.0
  Installed Arpack â”€â”€â”€â”€â”€â”€â”€â”€â”€â”€â”€â”€â”€â”€â”€â”€â”€â”€â”€â”€â”€â”€â”€ v0.4.0
  Installed StatsModels â”€â”€â”€â”€â”€â”€â”€â”€â”€â”€â”€â”€â”€â”€â”€â”€â”€â”€ v0.6.11
  Installed MathProgBase â”€â”€â”€â”€â”€â”€â”€â”€â”€â”€â”€â”€â”€â”€â”€â”€â”€ v0.7.8
  Installed Libiconv_jll â”€â”€â”€â”€â”€â”€â”€â”€â”€â”€â”€â”€â”€â”€â”€â”€â”€ v1.16.0+2
  Installed DataAPI â”€â”€â”€â”€â”€â”€â”€â”€â”€â”€â”€â”€â”€â”€â”€â”€â”€â”€â”€â”€â”€â”€ v1.1.0
  Installed StatsBase â”€â”€â”€â”€â”€â”€â”€â”€â”€â”€â”€â”€â”€â”€â”€â”€â”€â”€â”€â”€ v0.33.0
  Installed TranscodingStreams â”€â”€â”€â”€â”€â”€â”€â”€â”€â”€â”€ v0.9.5
  Installed NLopt â”€â”€â”€â”€â”€â”€â”€â”€â”€â”€â”€â”€â”€â”€â”€â”€â”€â”€â”€â”€â”€â”€â”€â”€ v0.5.1
  Installed Mocking â”€â”€â”€â”€â”€â”€â”€â”€â”€â”€â”€â”€â”€â”€â”€â”€â”€â”€â”€â”€â”€â”€ v0.7.1
  Installed IndexableBitVectors â”€â”€â”€â”€â”€â”€â”€â”€â”€â”€ v1.0.0
  Installed PDMats â”€â”€â”€â”€â”€â”€â”€â”€â”€â”€â”€â”€â”€â”€â”€â”€â”€â”€â”€â”€â”€â”€â”€ v0.9.12
  Installed TableTraits â”€â”€â”€â”€â”€â”€â”€â”€â”€â”€â”€â”€â”€â”€â”€â”€â”€â”€ v1.0.0
  Installed SpecialFunctions â”€â”€â”€â”€â”€â”€â”€â”€â”€â”€â”€â”€â”€ v0.10.0
  Installed Intervals â”€â”€â”€â”€â”€â”€â”€â”€â”€â”€â”€â”€â”€â”€â”€â”€â”€â”€â”€â”€ v1.0.0
  Installed Tables â”€â”€â”€â”€â”€â”€â”€â”€â”€â”€â”€â”€â”€â”€â”€â”€â”€â”€â”€â”€â”€â”€â”€ v1.0.3
  Installed GLM â”€â”€â”€â”€â”€â”€â”€â”€â”€â”€â”€â”€â”€â”€â”€â”€â”€â”€â”€â”€â”€â”€â”€â”€â”€â”€ v1.3.9
  Installed Polynomials â”€â”€â”€â”€â”€â”€â”€â”€â”€â”€â”€â”€â”€â”€â”€â”€â”€â”€ v0.7.0
  Installed FilePathsBase â”€â”€â”€â”€â”€â”€â”€â”€â”€â”€â”€â”€â”€â”€â”€â”€ v0.7.0
  Installed IteratorInterfaceExtensions â”€â”€ v1.0.0
  Installed DataValueInterfaces â”€â”€â”€â”€â”€â”€â”€â”€â”€â”€ v1.0.0
  Installed WeakRefStrings â”€â”€â”€â”€â”€â”€â”€â”€â”€â”€â”€â”€â”€â”€â”€ v0.6.2
  Installed StatsFuns â”€â”€â”€â”€â”€â”€â”€â”€â”€â”€â”€â”€â”€â”€â”€â”€â”€â”€â”€â”€ v0.9.4
  Installed BinaryProvider â”€â”€â”€â”€â”€â”€â”€â”€â”€â”€â”€â”€â”€â”€â”€ v0.5.8
  Installed CMakeWrapper â”€â”€â”€â”€â”€â”€â”€â”€â”€â”€â”€â”€â”€â”€â”€â”€â”€ v0.2.3
  Installed YAML â”€â”€â”€â”€â”€â”€â”€â”€â”€â”€â”€â”€â”€â”€â”€â”€â”€â”€â”€â”€â”€â”€â”€â”€â”€ v0.4.0
  Installed OpenSpecFun_jll â”€â”€â”€â”€â”€â”€â”€â”€â”€â”€â”€â”€â”€â”€ v0.5.3+3
  Installed Rmath â”€â”€â”€â”€â”€â”€â”€â”€â”€â”€â”€â”€â”€â”€â”€â”€â”€â”€â”€â”€â”€â”€â”€â”€ v0.6.1
  Installed Combinatorics â”€â”€â”€â”€â”€â”€â”€â”€â”€â”€â”€â”€â”€â”€â”€â”€ v0.7.0
  Installed Zlib_jll â”€â”€â”€â”€â”€â”€â”€â”€â”€â”€â”€â”€â”€â”€â”€â”€â”€â”€â”€â”€â”€ v1.2.11+9
  Installed SortingAlgorithms â”€â”€â”€â”€â”€â”€â”€â”€â”€â”€â”€â”€ v0.3.1
  Installed XML2_jll â”€â”€â”€â”€â”€â”€â”€â”€â”€â”€â”€â”€â”€â”€â”€â”€â”€â”€â”€â”€â”€ v2.9.9+2
  Installed BufferedStreams â”€â”€â”€â”€â”€â”€â”€â”€â”€â”€â”€â”€â”€â”€ v1.0.0
  Installed Automa â”€â”€â”€â”€â”€â”€â”€â”€â”€â”€â”€â”€â”€â”€â”€â”€â”€â”€â”€â”€â”€â”€â”€ v0.8.0
  Installed Reexport â”€â”€â”€â”€â”€â”€â”€â”€â”€â”€â”€â”€â”€â”€â”€â”€â”€â”€â”€â”€â”€ v0.2.0
  Installed DataStructures â”€â”€â”€â”€â”€â”€â”€â”€â”€â”€â”€â”€â”€â”€â”€ v0.17.11
  Installed CSV â”€â”€â”€â”€â”€â”€â”€â”€â”€â”€â”€â”€â”€â”€â”€â”€â”€â”€â”€â”€â”€â”€â”€â”€â”€â”€ v0.6.1
  Installed ExprTools â”€â”€â”€â”€â”€â”€â”€â”€â”€â”€â”€â”€â”€â”€â”€â”€â”€â”€â”€â”€ v0.1.0
  Installed RecipesBase â”€â”€â”€â”€â”€â”€â”€â”€â”€â”€â”€â”€â”€â”€â”€â”€â”€â”€ v1.0.0
Updating `~/.julia/environments/v1.5/Project.toml`
  [33ad39ac] + PhyloNetworks v0.11.0
Updating `~/.julia/environments/v1.5/Manifest.toml`
  [7d9fca2a] + Arpack v0.4.0
  [68821587] + Arpack_jll v3.5.0+3
  [67c07d97] + Automa v0.8.0
  [9e28174c] + BinDeps v1.0.0
  [b99e7846] + BinaryProvider v0.5.8
  [37cfa864] + BioCore v2.0.5
  [7e6ae17a] + BioSequences v1.1.0
  [3c28c6f8] + BioSymbols v3.1.0
  [e1450e63] + BufferedStreams v1.0.0
  [631607c0] + CMake v1.2.0
  [d5fb7624] + CMakeWrapper v0.2.3
  [336ed68f] + CSV v0.6.1
  [324d7699] + CategoricalArrays v0.7.7
  [861a8166] + Combinatorics v0.7.0
  [34da2185] + Compat v3.8.0
  [e66e0078] + CompilerSupportLibraries_jll v0.3.3+0
  [9a962f9c] + DataAPI v1.1.0
  [a93c6f00] + DataFrames v0.20.2
  [864edb3b] + DataStructures v0.17.11
  [e2d170a0] + DataValueInterfaces v1.0.0
  [31c24e10] + Distributions v0.23.2
  [e2ba6199] + ExprTools v0.1.0
  [8f5d6c58] + EzXML v1.1.0
  [48062228] + FilePathsBase v0.7.0
  [1a297f60] + FillArrays v0.8.7
  [38e38edf] + GLM v1.3.9
  [1cb3b9ac] + IndexableBitVectors v1.0.0
  [524e6230] + IntervalTrees v1.0.0
  [d8418881] + Intervals v1.0.0
  [41ab1584] + InvertedIndices v1.0.0
  [82899510] + IteratorInterfaceExtensions v1.0.0
  [682c06a0] + JSON v0.21.0
  [94ce4f54] + Libiconv_jll v1.16.0+2
  [fdba3010] + MathProgBase v0.7.8
  [e1d29d7a] + Missings v0.4.3
  [78c3b35d] + Mocking v0.7.1
  [76087f3c] + NLopt v0.5.1
  [4536629a] + OpenBLAS_jll v0.3.9+2
  [efe28fd5] + OpenSpecFun_jll v0.5.3+3
  [bac558e1] + OrderedCollections v1.1.0
  [90014a1f] + PDMats v0.9.12
  [d96e819e] + Parameters v0.12.0
  [69de0a69] + Parsers v1.0.1
  [33ad39ac] + PhyloNetworks v0.11.0
  [f27b6e38] + Polynomials v0.7.0
  [2dfb63ee] + PooledArrays v0.5.3
  [1fd47b50] + QuadGK v2.3.1
  [3cdcf5f2] + RecipesBase v1.0.0
  [189a3867] + Reexport v0.2.0
  [79098fc4] + Rmath v0.6.1
  [f50d1b31] + Rmath_jll v0.2.2+0
  [1277b4bf] + ShiftedArrays v1.0.0
  [a2af1166] + SortingAlgorithms v0.3.1
  [276daf66] + SpecialFunctions v0.10.0
  [90137ffa] + StaticArrays v0.12.1
  [2913bbd2] + StatsBase v0.33.0
  [4c63d2b9] + StatsFuns v0.9.4
  [3eaba693] + StatsModels v0.6.11
  [3783bdb8] + TableTraits v1.0.0
  [bd369af6] + Tables v1.0.3
  [f269a46b] + TimeZones v1.0.1
  [3bb67fe8] + TranscodingStreams v0.9.5
  [7200193e] + Twiddle v1.1.1
  [30578b45] + URIParser v0.4.0
  [ea10d353] + WeakRefStrings v0.6.2
  [02c8fc9c] + XML2_jll v2.9.9+2
  [ddb6d928] + YAML v0.4.0
  [83775a58] + Zlib_jll v1.2.11+9
  [2a0f44e3] + Base64
  [ade2ca70] + Dates
  [8bb1440f] + DelimitedFiles
  [8ba89e20] + Distributed
  [9fa8497b] + Future
  [b77e0a4c] + InteractiveUtils
  [76f85450] + LibGit2
  [8f399da3] + Libdl
  [37e2e46d] + LinearAlgebra
  [56ddb016] + Logging
  [d6f4376e] + Markdown
  [a63ad114] + Mmap
  [44cfe95a] + Pkg
  [de0858da] + Printf
  [9abbd945] + Profile
  [3fa0cd96] + REPL
  [9a3f8284] + Random
  [ea8e919c] + SHA
  [9e88b42a] + Serialization
  [1a1011a3] + SharedArrays
  [6462fe0b] + Sockets
  [2f01184e] + SparseArrays
  [10745b16] + Statistics
  [4607b0f0] + SuiteSparse
  [8dfed614] + Test
  [cf7118a7] + UUIDs
  [4ec0a83e] + Unicode
   Building CMake â”€â”€â”€â”€â†’ `~/.julia/packages/CMake/ULbyn/deps/build.log`
   Building TimeZones â†’ `~/.julia/packages/TimeZones/zymSN/deps/build.log`
   Building NLopt â”€â”€â”€â”€â†’ `~/.julia/packages/NLopt/eqN9a/deps/build.log`
    Testing PhyloNetworks
Status `/tmp/jl_3vfWUf/Project.toml`
  [7e6ae17a] BioSequences v1.1.0
  [3c28c6f8] BioSymbols v3.1.0
  [336ed68f] CSV v0.6.1
  [861a8166] Combinatorics v0.7.0
  [a93c6f00] DataFrames v0.20.2
  [864edb3b] DataStructures v0.17.11
  [31c24e10] Distributions v0.23.2
  [38e38edf] GLM v1.3.9
  [76087f3c] NLopt v0.5.1
  [33ad39ac] PhyloNetworks v0.11.0
  [276daf66] SpecialFunctions v0.10.0
  [90137ffa] StaticArrays v0.12.1
  [2913bbd2] StatsBase v0.33.0
  [4c63d2b9] StatsFuns v0.9.4
  [3eaba693] StatsModels v0.6.11
  [ade2ca70] Dates
  [8ba89e20] Distributed
  [37e2e46d] LinearAlgebra
  [de0858da] Printf
  [9a3f8284] Random
  [10745b16] Statistics
  [8dfed614] Test
Status `/tmp/jl_3vfWUf/Manifest.toml`
  [7d9fca2a] Arpack v0.4.0
  [68821587] Arpack_jll v3.5.0+3
  [67c07d97] Automa v0.8.0
  [9e28174c] BinDeps v1.0.0
  [b99e7846] BinaryProvider v0.5.8
  [37cfa864] BioCore v2.0.5
  [7e6ae17a] BioSequences v1.1.0
  [3c28c6f8] BioSymbols v3.1.0
  [e1450e63] BufferedStreams v1.0.0
  [631607c0] CMake v1.2.0
  [d5fb7624] CMakeWrapper v0.2.3
  [336ed68f] CSV v0.6.1
  [324d7699] CategoricalArrays v0.7.7
  [861a8166] Combinatorics v0.7.0
  [34da2185] Compat v3.8.0
  [e66e0078] CompilerSupportLibraries_jll v0.3.3+0
  [9a962f9c] DataAPI v1.1.0
  [a93c6f00] DataFrames v0.20.2
  [864edb3b] DataStructures v0.17.11
  [e2d170a0] DataValueInterfaces v1.0.0
  [31c24e10] Distributions v0.23.2
  [e2ba6199] ExprTools v0.1.0
  [8f5d6c58] EzXML v1.1.0
  [48062228] FilePathsBase v0.7.0
  [1a297f60] FillArrays v0.8.7
  [38e38edf] GLM v1.3.9
  [1cb3b9ac] IndexableBitVectors v1.0.0
  [524e6230] IntervalTrees v1.0.0
  [d8418881] Intervals v1.0.0
  [41ab1584] InvertedIndices v1.0.0
  [82899510] IteratorInterfaceExtensions v1.0.0
  [682c06a0] JSON v0.21.0
  [94ce4f54] Libiconv_jll v1.16.0+2
  [fdba3010] MathProgBase v0.7.8
  [e1d29d7a] Missings v0.4.3
  [78c3b35d] Mocking v0.7.1
  [76087f3c] NLopt v0.5.1
  [4536629a] OpenBLAS_jll v0.3.9+2
  [efe28fd5] OpenSpecFun_jll v0.5.3+3
  [bac558e1] OrderedCollections v1.1.0
  [90014a1f] PDMats v0.9.12
  [d96e819e] Parameters v0.12.0
  [69de0a69] Parsers v1.0.1
  [33ad39ac] PhyloNetworks v0.11.0
  [f27b6e38] Polynomials v0.7.0
  [2dfb63ee] PooledArrays v0.5.3
  [1fd47b50] QuadGK v2.3.1
  [3cdcf5f2] RecipesBase v1.0.0
  [189a3867] Reexport v0.2.0
  [79098fc4] Rmath v0.6.1
  [f50d1b31] Rmath_jll v0.2.2+0
  [1277b4bf] ShiftedArrays v1.0.0
  [a2af1166] SortingAlgorithms v0.3.1
  [276daf66] SpecialFunctions v0.10.0
  [90137ffa] StaticArrays v0.12.1
  [2913bbd2] StatsBase v0.33.0
  [4c63d2b9] StatsFuns v0.9.4
  [3eaba693] StatsModels v0.6.11
  [3783bdb8] TableTraits v1.0.0
  [bd369af6] Tables v1.0.3
  [f269a46b] TimeZones v1.0.1
  [3bb67fe8] TranscodingStreams v0.9.5
  [7200193e] Twiddle v1.1.1
  [30578b45] URIParser v0.4.0
  [ea10d353] WeakRefStrings v0.6.2
  [02c8fc9c] XML2_jll v2.9.9+2
  [ddb6d928] YAML v0.4.0
  [83775a58] Zlib_jll v1.2.11+9
  [2a0f44e3] Base64
  [ade2ca70] Dates
  [8bb1440f] DelimitedFiles
  [8ba89e20] Distributed
  [9fa8497b] Future
  [b77e0a4c] InteractiveUtils
  [76f85450] LibGit2
  [8f399da3] Libdl
  [37e2e46d] LinearAlgebra
  [56ddb016] Logging
  [d6f4376e] Markdown
  [a63ad114] Mmap
  [44cfe95a] Pkg
  [de0858da] Printf
  [9abbd945] Profile
  [3fa0cd96] REPL
  [9a3f8284] Random
  [ea8e919c] SHA
  [9e88b42a] Serialization
  [1a1011a3] SharedArrays
  [6462fe0b] Sockets
  [2f01184e] SparseArrays
  [10745b16] Statistics
  [4607b0f0] SuiteSparse
  [8dfed614] Test
  [cf7118a7] UUIDs
  [4ec0a83e] Unicode
â”Œ Warning: PhyloNetworks.CHECKNET is true: will slow snaq! down.
â”” @ PhyloNetworks ~/.julia/packages/PhyloNetworks/zeoh2/src/auxiliary.jl:9
PhyloNetworks.CHECKNET = true
[ Info: starting test_5taxon_readTopology.jl
hybrid edges for hybrid node 3 have missing gamma's, set default: 0.9,0.1
hybrid edges for hybrid node 5 have missing gamma's, set default: 0.9,0.1
hybrid edges for hybrid node 3 have missing gamma's, set default: 0.9,0.1
hybrid edges for hybrid node 2 have missing gamma's, set default: 0.9,0.1
hybrid edges for hybrid node 3 have missing gamma's, set default: 0.9,0.1
[1m[32mPASSED[0m: test_5taxon_readTopology.jl
[ Info: starting test_calculateExpCF.jl
hybrid edges for hybrid node 5 have missing gamma's, set default: 0.9,0.1
hybrid edges for hybrid node 3 have missing gamma's, set default: 0.9,0.1
[1m[32mPASSED[0m: test_calculateExpCF.jl
[ Info: starting test_calculateExpCF2.jl
hybrid edges for hybrid node 5 have missing gamma's, set default: 0.9,0.1
[1m[32mPASSED[0m: test_calculateExpCF2.jl
[ Info: starting test_hasEdge.jl
hybrid edges for hybrid node 5 have missing gamma's, set default: 0.9,0.1
hybrid edges for hybrid node 3 have missing gamma's, set default: 0.9,0.1
[1m[32mPASSED[0m: test_hasEdge.jl
[ Info: starting test_parameters.jl
hybrid edges for hybrid node 3 have missing gamma's, set default: 0.9,0.1
hybrid edges for hybrid node 5 have missing gamma's, set default: 0.9,0.1
hybrid edges for hybrid node 3 have missing gamma's, set default: 0.9,0.1
hybrid edges for hybrid node 2 have missing gamma's, set default: 0.9,0.1
hybrid edges for hybrid node 3 have missing gamma's, set default: 0.9,0.1
[1m[32mPASSED[0m: test_parameters.jl
[ Info: starting test_correctLik.jl
between 10.0 and 20.0 gene trees per 4-taxon set
hybrid edges for hybrid node 5 have missing gamma's, set default: 0.9,0.1
Test Summary:                      | Pass  Total
correct pseudo likelihood and snaq |   22     22
[1m[32mPASSED[0m: test_correctLik.jl
[ Info: starting test_partition.jl
[1m[32mPASSED[0m: test_partition.jl
[ Info: starting test_partition2.jl
Test Summary:            | Pass  Total
test: level-1 partitions |   53     53
[1m[32mPASSED[0m: test_partition2.jl
[ Info: starting test_deleteHybridizationUpdate.jl
Test Summary:              | Pass  Total
test: delete hybridization |   94     94
[1m[32mPASSED[0m: test_deleteHybridizationUpdate.jl
[ Info: starting test_add2hyb.jl
hybrid edges for hybrid node 3 have missing gamma's, set default: 0.9,0.1
[1m[32mPASSED[0m: test_add2hyb.jl
[ Info: starting test_optBLparts.jl
hybrid edges for hybrid node 5 have missing gamma's, set default: 0.9,0.1
hybrid edges for hybrid node 3 have missing gamma's, set default: 0.9,0.1
[1m[32mPASSED[0m: test_optBLparts.jl
[ Info: starting test_undirectedOtherNetworks.jl
Test Summary:                  | Pass  Total
test: move hybrid around cycle |    2      2
[1m[32mPASSED[0m: test_undirectedOtherNetworks.jl
[ Info: starting test_manipulateNet.jl
Test Summary:   | Pass  Total
test: auxiliary |   27     27
RootMismatch: reverting to old root position.
Test Summary:                        | Pass  Total
testing directEdges! and re-rootings |   20     20
Test Summary:     | Pass  Total
testing preorder! |    3      3
Test Summary:           | Pass  Total
testing cladewiseorder! |    2      2
WARNING: both LinearAlgebra and PhyloNetworks export "rotate!"; uses of it in module Main must be qualified
testing rotate!: Error During Test at /home/pkgeval/.julia/packages/PhyloNetworks/zeoh2/test/test_manipulateNet.jl:202
  Test threw exception
  Expression: rotate!(net, -2, orderedEdgeNum = [1, 12, 9])
  UndefVarError: rotate! not defined
  Stacktrace:
   [1] (::var"#292#295")() at ./none:0
   [2] with_logstate(::var"#292#295", ::Base.CoreLogging.LogState) at ./logging.jl:398
   [3] with_logger(::Function, ::Test.TestLogger) at ./logging.jl:505
   [4] #collect_test_logs#45 at /buildworker/worker/package_linux64/build/usr/share/julia/stdlib/v1.5/Test/src/logging.jl:51 [inlined]
   [5] collect_test_logs at /buildworker/worker/package_linux64/build/usr/share/julia/stdlib/v1.5/Test/src/logging.jl:50 [inlined]
   [6] #match_logs#46 at /buildworker/worker/package_linux64/build/usr/share/julia/stdlib/v1.5/Test/src/logging.jl:186 [inlined]
   [7] match_logs(::Function) at /buildworker/worker/package_linux64/build/usr/share/julia/stdlib/v1.5/Test/src/logging.jl:186
   [8] top-level scope at /home/pkgeval/.julia/packages/PhyloNetworks/zeoh2/test/test_manipulateNet.jl:202
   [9] top-level scope at /buildworker/worker/package_linux64/build/usr/share/julia/stdlib/v1.5/Test/src/Test.jl:1114
   [10] top-level scope at /home/pkgeval/.julia/packages/PhyloNetworks/zeoh2/test/test_manipulateNet.jl:193
  
testing rotate!: Test Failed at /home/pkgeval/.julia/packages/PhyloNetworks/zeoh2/test/test_manipulateNet.jl:203
  Expression: [e.number for e = (net.node[12]).edge] == [1, 12, 9]
   Evaluated: [1, 9, 12] == [1, 12, 9]
Stacktrace:
 [1] top-level scope at /home/pkgeval/.julia/packages/PhyloNetworks/zeoh2/test/test_manipulateNet.jl:203
 [2] top-level scope at /buildworker/worker/package_linux64/build/usr/share/julia/stdlib/v1.5/Test/src/Test.jl:1114
 [3] top-level scope at /home/pkgeval/.julia/packages/PhyloNetworks/zeoh2/test/test_manipulateNet.jl:193
Test Summary:   | Fail  Error  Total
testing rotate! |    1      1      2
[1m[31mFAILED[0m: test_manipulateNet.jl
[ Info: starting test_compareNetworks.jl
Test Summary:              | Pass  Total
test sets: compareNetworks |   84     84
[1m[32mPASSED[0m: test_compareNetworks.jl
[ Info: starting test_badDiamII.jl
hybrid edges for hybrid node 3 have missing gamma's, set default: 0.9,0.1
Test Summary:                     | Pass  Total
test: bad diamond, max pseudo lik |   23     23
[1m[32mPASSED[0m: test_badDiamII.jl
[ Info: starting test_multipleAlleles.jl
â”Œ Warning: `eltypes(df::AbstractDataFrame)` is deprecated, use `eltype.(eachcol(df))` instead.
â”‚   caller = sorttaxa!(::DataFrame, ::Array{Int64,1}) at auxiliary.jl:1264
â”” @ PhyloNetworks ~/.julia/packages/PhyloNetworks/zeoh2/src/auxiliary.jl:1264
hybrid edges for hybrid node 3 have missing gamma's, set default: 0.9,0.1
11 unique 4-taxon sets were found. CF values of repeated 4-taxon sets will be averaged.
hybrid edges for hybrid node 2 have missing gamma's, set default: 0.9,0.1
Test Summary:    | Pass  Total
multiple alleles |   22     22
[1m[32mPASSED[0m: test_multipleAlleles.jl
[ Info: starting test_bootstrap.jl
Test Summary:                  | Pass  Total
testing hybridBootstrapSupport |   19     19
Test Summary:                      | Pass  Total
bootsnaq from quartet CF intervals |    3      3
read 1/2 bootstrap tree filesread 2/2 bootstrap tree filesTest Summary:                                      | Pass  Total
bootsnaq from bootstrap gene trees, multiple procs |   18     18
[1m[32mPASSED[0m: test_bootstrap.jl
[ Info: starting test_perfectData.jl
hybrid edges for hybrid node 8 have missing gamma's, set default: 0.9,0.1
hybrid edges for hybrid node 15 have missing gamma's, set default: 0.9,0.1
hybrid edges for hybrid node 4 have missing gamma's, set default: 0.9,0.1
[1m[32mPASSED[0m: test_perfectData.jl
[ Info: starting test_lm.jl
Test Summary:                   | Pass  Total
phyloNetworklm on small network |   71     71
â”Œ Warning: `names!(df::AbstractDataFrame, vals::Vector{Symbol}; makeunique::Bool = false)` is deprecated, use `rename!(df, vals, makeunique = makeunique)` instead.
â”‚   caller = regressorShift(::Array{PhyloNetworks.Node,1}, ::HybridNetwork, ::PhyloNetworks.MatrixTopologicalOrder) at traits.jl:594
â”” @ PhyloNetworks ~/.julia/packages/PhyloNetworks/zeoh2/src/traits.jl:594
â”Œ Warning: `names!(df::AbstractDataFrame, vals::Vector{Symbol}; makeunique::Bool = false)` is deprecated, use `rename!(df, vals, makeunique = makeunique)` instead.
â”‚   caller = anova(::PhyloNetworkLinearModel, ::Vararg{PhyloNetworkLinearModel,N} where N) at traits.jl:1907
â”” @ PhyloNetworks ~/.julia/packages/PhyloNetworks/zeoh2/src/traits.jl:1907
Shifts and Transgressive Evolution: Test Failed at /home/pkgeval/.julia/packages/PhyloNetworks/zeoh2/test/test_lm.jl:206
  Expression: table1.fstat[1] â‰ˆ table2[2, :F]
   Evaluated: NaN â‰ˆ 46.84539027436086
Stacktrace:
 [1] top-level scope at /home/pkgeval/.julia/packages/PhyloNetworks/zeoh2/test/test_lm.jl:206
 [2] top-level scope at /buildworker/worker/package_linux64/build/usr/share/julia/stdlib/v1.5/Test/src/Test.jl:1114
 [3] top-level scope at /home/pkgeval/.julia/packages/PhyloNetworks/zeoh2/test/test_lm.jl:141
Shifts and Transgressive Evolution: Test Failed at /home/pkgeval/.julia/packages/PhyloNetworks/zeoh2/test/test_lm.jl:207
  Expression: table1.fstat[2] â‰ˆ table2[1, :F]
   Evaluated: 46.84539027436086 â‰ˆ 0.0606956954548608
Stacktrace:
 [1] top-level scope at /home/pkgeval/.julia/packages/PhyloNetworks/zeoh2/test/test_lm.jl:207
 [2] top-level scope at /buildworker/worker/package_linux64/build/usr/share/julia/stdlib/v1.5/Test/src/Test.jl:1114
 [3] top-level scope at /home/pkgeval/.julia/packages/PhyloNetworks/zeoh2/test/test_lm.jl:141
Shifts and Transgressive Evolution: Error During Test at /home/pkgeval/.julia/packages/PhyloNetworks/zeoh2/test/test_lm.jl:208
  Test threw exception
  Expression: (table1.pval[1]).v â‰ˆ table2[2, Symbol("Pr(>F)")]
  type Float64 has no field v
  Stacktrace:
   [1] getproperty(::Float64, ::Symbol) at ./Base.jl:33
   [2] top-level scope at /home/pkgeval/.julia/packages/PhyloNetworks/zeoh2/test/test_lm.jl:208
   [3] top-level scope at /buildworker/worker/package_linux64/build/usr/share/julia/stdlib/v1.5/Test/src/Test.jl:1114
   [4] top-level scope at /home/pkgeval/.julia/packages/PhyloNetworks/zeoh2/test/test_lm.jl:141
  
Shifts and Transgressive Evolution: Error During Test at /home/pkgeval/.julia/packages/PhyloNetworks/zeoh2/test/test_lm.jl:209
  Test threw exception
  Expression: (table1.pval[2]).v â‰ˆ table2[1, Symbol("Pr(>F)")]
  type Float64 has no field v
  Stacktrace:
   [1] getproperty(::Float64, ::Symbol) at ./Base.jl:33
   [2] top-level scope at /home/pkgeval/.julia/packages/PhyloNetworks/zeoh2/test/test_lm.jl:209
   [3] top-level scope at /buildworker/worker/package_linux64/build/usr/share/julia/stdlib/v1.5/Test/src/Test.jl:1114
   [4] top-level scope at /home/pkgeval/.julia/packages/PhyloNetworks/zeoh2/test/test_lm.jl:141
  
Test Summary:                      | Pass  Fail  Error  Total
Shifts and Transgressive Evolution |   32     2      2     36
[1m[31mFAILED[0m: test_lm.jl
[ Info: starting test_lm_tree.jl
Test Summary:                   | Pass  Total
phyloNetworklm: Caudata Dataset |   53     53
Test Summary:                  | Pass  Total
phyloNetworklm: Lizard Dataset |   26     26
[1m[32mPASSED[0m: test_lm_tree.jl
[ Info: starting test_traits.jl
â”Œ Warning: `names!(df::AbstractDataFrame, vals::Vector{Symbol}; makeunique::Bool = false)` is deprecated, use `rename!(df, vals, makeunique = makeunique)` instead.
â”‚   caller = vcv(::HybridNetwork; model::String, corr::Bool, checkPreorder::Bool) at traits.jl:354
â”” @ PhyloNetworks ~/.julia/packages/PhyloNetworks/zeoh2/src/traits.jl:354
Test Summary:                                | Pass  Total
traits: shared path, vcv, descendence matrix |    8      8
[1m[32mPASSED[0m: test_traits.jl
[ Info: starting test_simulate.jl
Test Summary:                          | Pass  Total
Simulate function against fixed values |    4      4
Test Summary:              | Pass  Total
Simulate test distribution |   90     90
Test Summary:        | Pass  Total
Simulate with Shifts |   32     32
[1m[32mPASSED[0m: test_simulate.jl
[ Info: starting test_parsimony.jl
â”Œ Warning: `eltypes(df::AbstractDataFrame)` is deprecated, use `eltype.(eachcol(df))` instead.
â”‚   caller = parsimonyDiscreteFitch(::HybridNetwork, ::DataFrame) at parsimony.jl:152
â”” @ PhyloNetworks ~/.julia/packages/PhyloNetworks/zeoh2/src/parsimony.jl:152
Test Summary:                            | Pass  Total
Testing parsimony score & reconstruction |   38     38
Test Summary:                   | Pass  Total
data from CSV, parsimony search |    1      1
[1m[32mPASSED[0m: test_parsimony.jl
[ Info: starting test_calibratePairwise.jl
Test Summary:                                               | Pass  Total
calibrate with distances: 3-cycle, non-identifiable example |    9      9
Test Summary:                                             | Pass  Total
calibrate with distances: 5-cycle example (when unrooted) |    8      8
[1m[32mPASSED[0m: test_calibratePairwise.jl
[ Info: starting test_relaxed_reading.jl
Test Summary:        | Pass  Total
test: newick parsing |   14     14
[1m[32mPASSED[0m: test_relaxed_reading.jl
[ Info: starting test_isMajor.jl
Test Summary:                          | Pass  Total
readTopology Hybrid Node isMajor Tests |   11     11
Test Summary:           | Pass  Total
parsing extended newick |    6      6
[1m[32mPASSED[0m: test_isMajor.jl
[ Info: starting test_interop.jl
Test Summary:                              | Pass  Total
testing interoperability, matrix-based net |   21     21
[1m[32mPASSED[0m: test_interop.jl
[ Info: starting test_traitLikDiscrete.jl
â”Œ Warning: `eltypes(df::AbstractDataFrame)` is deprecated, use `eltype.(eachcol(df))` instead.
â”‚   caller = empiricalDNAfrequencies(::DataFrame, ::Array{Float64,1}, ::Bool, ::Bool) at substitutionModels.jl:1077
â”” @ PhyloNetworks ~/.julia/packages/PhyloNetworks/zeoh2/src/substitutionModels.jl:1077
â”Œ Warning: `eltypes(df::AbstractDataFrame)` is deprecated, use `eltype.(eachcol(df))` instead.
â”‚   caller = empiricalDNAfrequencies(::DataFrame, ::Array{Float64,1}, ::Bool, ::Bool) at substitutionModels.jl:1077
â”” @ PhyloNetworks ~/.julia/packages/PhyloNetworks/zeoh2/src/substitutionModels.jl:1077
â”Œ Warning: `eltypes(df::AbstractDataFrame)` is deprecated, use `eltype.(eachcol(df))` instead.
â”‚   caller = empiricalDNAfrequencies(::DataFrame, ::Array{Float64,1}, ::Bool, ::Bool) at substitutionModels.jl:1085
â”” @ PhyloNetworks ~/.julia/packages/PhyloNetworks/zeoh2/src/substitutionModels.jl:1085
fitdiscrete for NucleicAcidSubsitutionModels & RateVariationAcrossSites: Log Test Failed at /home/pkgeval/.julia/packages/PhyloNetworks/zeoh2/test/test_traitLikDiscrete.jl:440
  Expression: fitdiscrete(net_dna, :HKY85, dna_dat, dna_weights; optimizeQ = false, optimizeRVAS = false)
  Log Pattern: (:warn, r"^the network contains taxa with no data") (:warn, r"^resetting edge numbers")
  Captured Logs: 
    Test.LogRecord(Warn, "`eltypes(df::AbstractDataFrame)` is deprecated, use `eltype.(eachcol(df))` instead.", PhyloNetworks, :depwarn, (Ptr{Nothing} @0x00007f82d4e11e7c, :eltypes), "/home/pkgeval/.julia/packages/PhyloNetworks/zeoh2/src/substitutionModels.jl", 1077, Base.Iterators.Pairs{Symbol,Any,Tuple{Symbol,Symbol},NamedTuple{(:caller, :maxlog),Tuple{Base.StackTraces.StackFrame,Int64}}}(:caller => empiricalDNAfrequencies(::SubDataFrame{DataFrame,DataFrames.SubIndex{DataFrames.Index,UnitRange{Int64},UnitRange{Int64}},Base.OneTo{Int64}}, ::Array{Float64,1}, ::Bool, ::Bool) at substitutionModels.jl:1077,:maxlog => 1))
    Test.LogRecord(Warn, "`eltypes(df::AbstractDataFrame)` is deprecated, use `eltype.(eachcol(df))` instead.", PhyloNetworks, :depwarn, (Ptr{Nothing} @0x00007f82d4e123be, :eltypes), "/home/pkgeval/.julia/packages/PhyloNetworks/zeoh2/src/substitutionModels.jl", 1085, Base.Iterators.Pairs{Symbol,Any,Tuple{Symbol,Symbol},NamedTuple{(:caller, :maxlog),Tuple{Base.StackTraces.StackFrame,Int64}}}(:caller => empiricalDNAfrequencies(::SubDataFrame{DataFrame,DataFrames.SubIndex{DataFrames.Index,UnitRange{Int64},UnitRange{Int64}},Base.OneTo{Int64}}, ::Array{Float64,1}, ::Bool, ::Bool) at substitutionModels.jl:1085,:maxlog => 1))
    Test.LogRecord(Warn, "the network contains taxa with no data: those will be pruned", PhyloNetworks, :traitsLikDiscrete, :PhyloNetworks_1758625f, "/home/pkgeval/.julia/packages/PhyloNetworks/zeoh2/src/traitsLikDiscrete.jl", 681, Base.Iterators.Pairs{Union{},Union{},Tuple{},NamedTuple{,Tuple{}}}())
    Test.LogRecord(Warn, "resetting edge numbers to be from 1 to 53", PhyloNetworks, :manipulateNet, :PhyloNetworks_08b1ede7, "/home/pkgeval/.julia/packages/PhyloNetworks/zeoh2/src/manipulateNet.jl", 935, Base.Iterators.Pairs{Union{},Union{},Tuple{},NamedTuple{,Tuple{}}}())

Stacktrace:
 [1] record(::Test.DefaultTestSet, ::Test.LogTestFailure) at /buildworker/worker/package_linux64/build/usr/share/julia/stdlib/v1.5/Test/src/logging.jl:89
 [2] top-level scope at /home/pkgeval/.julia/packages/PhyloNetworks/zeoh2/test/test_traitLikDiscrete.jl:440
 [3] top-level scope at /buildworker/worker/package_linux64/build/usr/share/julia/stdlib/v1.5/Test/src/Test.jl:1114
 [4] top-level scope at /home/pkgeval/.julia/packages/PhyloNetworks/zeoh2/test/test_traitLikDiscrete.jl:339
 [5] top-level scope at /buildworker/worker/package_linux64/build/usr/share/julia/stdlib/v1.5/Test/src/Test.jl:1114
 [6] top-level scope at /home/pkgeval/.julia/packages/PhyloNetworks/zeoh2/test/test_traitLikDiscrete.jl:3
â”Œ Warning: the network contains taxa with no data: those will be pruned
â”” @ PhyloNetworks ~/.julia/packages/PhyloNetworks/zeoh2/src/traitsLikDiscrete.jl:681
â”Œ Warning: resetting edge numbers to be from 1 to 53
â”” @ PhyloNetworks ~/.julia/packages/PhyloNetworks/zeoh2/src/manipulateNet.jl:935
â”Œ Warning: `eltypes(df::AbstractDataFrame)` is deprecated, use `eltype.(eachcol(df))` instead.
â”‚   caller = empiricalDNAfrequencies(::SubDataFrame{DataFrame,DataFrames.SubIndex{DataFrames.Index,UnitRange{Int64},UnitRange{Int64}},Base.OneTo{Int64}}, ::Array{Int64,1}, ::Bool, ::Bool) at substitutionModels.jl:1077
â”” @ PhyloNetworks ~/.julia/packages/PhyloNetworks/zeoh2/src/substitutionModels.jl:1077
â”Œ Warning: `eltypes(df::AbstractDataFrame)` is deprecated, use `eltype.(eachcol(df))` instead.
â”‚   caller = empiricalDNAfrequencies(::SubDataFrame{DataFrame,DataFrames.SubIndex{DataFrames.Index,UnitRange{Int64},UnitRange{Int64}},Base.OneTo{Int64}}, ::Array{Int64,1}, ::Bool, ::Bool) at substitutionModels.jl:1077
â”” @ PhyloNetworks ~/.julia/packages/PhyloNetworks/zeoh2/src/substitutionModels.jl:1077
â”Œ Warning: `eltypes(df::AbstractDataFrame)` is deprecated, use `eltype.(eachcol(df))` instead.
â”‚   caller = empiricalDNAfrequencies(::SubDataFrame{DataFrame,DataFrames.SubIndex{DataFrames.Index,UnitRange{Int64},UnitRange{Int64}},Base.OneTo{Int64}}, ::Array{Int64,1}, ::Bool, ::Bool) at substitutionModels.jl:1085
â”” @ PhyloNetworks ~/.julia/packages/PhyloNetworks/zeoh2/src/substitutionModels.jl:1085
â”Œ Warning: `eltypes(df::AbstractDataFrame)` is deprecated, use `eltype.(eachcol(df))` instead.
â”‚   caller = empiricalDNAfrequencies(::DataFrame, ::Array{Int64,1}, ::Bool, ::Bool) at substitutionModels.jl:1077
â”” @ PhyloNetworks ~/.julia/packages/PhyloNetworks/zeoh2/src/substitutionModels.jl:1077
â”Œ Warning: `eltypes(df::AbstractDataFrame)` is deprecated, use `eltype.(eachcol(df))` instead.
â”‚   caller = empiricalDNAfrequencies(::DataFrame, ::Array{Int64,1}, ::Bool, ::Bool) at substitutionModels.jl:1077
â”” @ PhyloNetworks ~/.julia/packages/PhyloNetworks/zeoh2/src/substitutionModels.jl:1077
â”Œ Warning: `eltypes(df::AbstractDataFrame)` is deprecated, use `eltype.(eachcol(df))` instead.
â”‚   caller = empiricalDNAfrequencies(::DataFrame, ::Array{Int64,1}, ::Bool, ::Bool) at substitutionModels.jl:1085
â”” @ PhyloNetworks ~/.julia/packages/PhyloNetworks/zeoh2/src/substitutionModels.jl:1085
â”Œ Warning: `eltypes(df::AbstractDataFrame)` is deprecated, use `eltype.(eachcol(df))` instead.
â”‚   caller = empiricalDNAfrequencies(::SubDataFrame{DataFrame,DataFrames.SubIndex{DataFrames.Index,UnitRange{Int64},UnitRange{Int64}},Base.OneTo{Int64}}, ::Array{Float64,1}, ::Bool, ::Bool) at substitutionModels.jl:1077
â”” @ PhyloNetworks ~/.julia/packages/PhyloNetworks/zeoh2/src/substitutionModels.jl:1077
â”Œ Warning: `eltypes(df::AbstractDataFrame)` is deprecated, use `eltype.(eachcol(df))` instead.
â”‚   caller = empiricalDNAfrequencies(::SubDataFrame{DataFrame,DataFrames.SubIndex{DataFrames.Index,UnitRange{Int64},UnitRange{Int64}},Base.OneTo{Int64}}, ::Array{Float64,1}, ::Bool, ::Bool) at substitutionModels.jl:1085
â”” @ PhyloNetworks ~/.julia/packages/PhyloNetworks/zeoh2/src/substitutionModels.jl:1085
Test Summary:                                                             | Pass  Fail  Total
Testing traitLikDiscrete                                                  |  127     1    128
  Testing Substitution Models, P and Q matrices                           |   17           17
  Testing random discrete trait simulation                                |    8            8
  Test discrete likelihood, fixed topology                                |   24           24
  testing readfastatodna                                                  |    4            4
  NucleicAcidSubsitutionModels                                            |   12           12
  fitdiscrete for NucleicAcidSubsitutionModels & RateVariationAcrossSites |   35     1     36
  readfastatodna with NASM and RateVariationAcrossSites                   |   16           16
  stationary and empiricalDNAfrequencies                                  |   11           11
[1m[31mFAILED[0m: test_traitLikDiscrete.jl
[ Info: starting test_readInputData.jl
Test Summary:            | Pass  Total
test: reading nexus file |    6      6
Reading in trees, looking at 15 quartets in each...
0+------+100%
  ******
will use all quartets on 6 taxa
calculating obsCF from 6 gene trees and for 15 quartets
Reading in quartets...
0+---------------+100%  
  ***************  
11 unique 4-taxon sets were found. CF values of repeated 4-taxon sets will be averaged (ngenes too).
between 4.0 and 6.0 gene trees per 4-taxon set
Test Summary:                                    | Pass  Total
test: calculate quartet CF from input gene trees |   11     11
[1m[32mPASSED[0m: test_readInputData.jl
[ Info: starting test_nj.jl
Test Summary:                    | Pass  Total
Neighbour joining implementation |    6      6
[1m[32mPASSED[0m: test_nj.jl
-------------------------------------
ERROR: LoadError: "Tests failed"
Stacktrace:
 [1] top-level scope at /home/pkgeval/.julia/packages/PhyloNetworks/zeoh2/test/runtests.jl:112
 [2] include(::String) at ./client.jl:442
 [3] top-level scope at none:6
in expression starting at /home/pkgeval/.julia/packages/PhyloNetworks/zeoh2/test/runtests.jl:111
ERROR: Package PhyloNetworks errored during testing
Stacktrace:
 [1] pkgerror(::String, ::Vararg{String,N} where N) at /buildworker/worker/package_linux64/build/usr/share/julia/stdlib/v1.5/Pkg/src/Types.jl:52
 [2] test(::Pkg.Types.Context, ::Array{Pkg.Types.PackageSpec,1}; coverage::Bool, julia_args::Cmd, test_args::Cmd, test_fn::Nothing) at /buildworker/worker/package_linux64/build/usr/share/julia/stdlib/v1.5/Pkg/src/Operations.jl:1516
 [3] test(::Pkg.Types.Context, ::Array{Pkg.Types.PackageSpec,1}; coverage::Bool, test_fn::Nothing, julia_args::Cmd, test_args::Cmd, kwargs::Base.Iterators.Pairs{Union{},Union{},Tuple{},NamedTuple{(),Tuple{}}}) at /buildworker/worker/package_linux64/build/usr/share/julia/stdlib/v1.5/Pkg/src/API.jl:316
 [4] test(::Pkg.Types.Context, ::Array{Pkg.Types.PackageSpec,1}) at /buildworker/worker/package_linux64/build/usr/share/julia/stdlib/v1.5/Pkg/src/API.jl:303
 [5] #test#68 at /buildworker/worker/package_linux64/build/usr/share/julia/stdlib/v1.5/Pkg/src/API.jl:297 [inlined]
 [6] test at /buildworker/worker/package_linux64/build/usr/share/julia/stdlib/v1.5/Pkg/src/API.jl:297 [inlined]
 [7] #test#67 at /buildworker/worker/package_linux64/build/usr/share/julia/stdlib/v1.5/Pkg/src/API.jl:296 [inlined]
 [8] test at /buildworker/worker/package_linux64/build/usr/share/julia/stdlib/v1.5/Pkg/src/API.jl:296 [inlined]
 [9] test(::String; kwargs::Base.Iterators.Pairs{Union{},Union{},Tuple{},NamedTuple{(),Tuple{}}}) at /buildworker/worker/package_linux64/build/usr/share/julia/stdlib/v1.5/Pkg/src/API.jl:295
 [10] test(::String) at /buildworker/worker/package_linux64/build/usr/share/julia/stdlib/v1.5/Pkg/src/API.jl:295
 [11] top-level scope at none:16
