Julia Version 1.6.0-DEV.599
Commit dec8f72aa2 (2020-08-06 16:56 UTC)
Platform Info:
  OS: Linux (x86_64-linux-gnu)
  CPU: Intel(R) Xeon(R) Silver 4114 CPU @ 2.20GHz
  WORD_SIZE: 64
  LIBM: libopenlibm
  LLVM: libLLVM-9.0.1 (ORCJIT, skylake-avx512)
Environment:
  JULIA_DEPOT_PATH = ::/usr/local/share/julia
  JULIA_NUM_THREADS = 2

  Resolving package versions...
[ Info: LEGAL NOTICE: package operations send anonymous data about your system to https://pkg.julialang.org (your current package server), including the operating system and Julia versions you are using, and a random client UUID. Running `Pkg.telemetryinfo()` will show exactly what data is sent. See https://julialang.org/legal/data/ for more details about what this data is used for, how long it is retained, and how to opt out of sending it.
  Installed DataValueInterfaces â”€â”€â”€â”€â”€â”€â”€â”€â”€ v1.0.0
  Installed TableTraits â”€â”€â”€â”€â”€â”€â”€â”€â”€â”€â”€â”€â”€â”€â”€â”€â”€ v1.0.0
  Installed IteratorInterfaceExtensions â”€ v1.0.0
  Installed DataAPI â”€â”€â”€â”€â”€â”€â”€â”€â”€â”€â”€â”€â”€â”€â”€â”€â”€â”€â”€â”€â”€ v1.3.0
  Installed Parsers â”€â”€â”€â”€â”€â”€â”€â”€â”€â”€â”€â”€â”€â”€â”€â”€â”€â”€â”€â”€â”€ v1.0.7
  Installed CategoricalArrays â”€â”€â”€â”€â”€â”€â”€â”€â”€â”€â”€ v0.8.1
  Installed DataStructures â”€â”€â”€â”€â”€â”€â”€â”€â”€â”€â”€â”€â”€â”€ v0.17.20
  Installed DataFrames â”€â”€â”€â”€â”€â”€â”€â”€â”€â”€â”€â”€â”€â”€â”€â”€â”€â”€ v0.21.6
  Installed InvertedIndices â”€â”€â”€â”€â”€â”€â”€â”€â”€â”€â”€â”€â”€ v1.0.0
  Installed PooledArrays â”€â”€â”€â”€â”€â”€â”€â”€â”€â”€â”€â”€â”€â”€â”€â”€ v0.5.3
  Installed SortingAlgorithms â”€â”€â”€â”€â”€â”€â”€â”€â”€â”€â”€ v0.3.1
  Installed Compat â”€â”€â”€â”€â”€â”€â”€â”€â”€â”€â”€â”€â”€â”€â”€â”€â”€â”€â”€â”€â”€â”€ v3.13.0
  Installed Reexport â”€â”€â”€â”€â”€â”€â”€â”€â”€â”€â”€â”€â”€â”€â”€â”€â”€â”€â”€â”€ v0.2.0
  Installed Tables â”€â”€â”€â”€â”€â”€â”€â”€â”€â”€â”€â”€â”€â”€â”€â”€â”€â”€â”€â”€â”€â”€ v1.0.5
  Installed OrderedCollections â”€â”€â”€â”€â”€â”€â”€â”€â”€â”€ v1.3.0
  Installed JSON â”€â”€â”€â”€â”€â”€â”€â”€â”€â”€â”€â”€â”€â”€â”€â”€â”€â”€â”€â”€â”€â”€â”€â”€ v0.21.0
  Installed Missings â”€â”€â”€â”€â”€â”€â”€â”€â”€â”€â”€â”€â”€â”€â”€â”€â”€â”€â”€â”€ v0.4.3
Updating `~/.julia/environments/v1.6/Project.toml`
  [a93c6f00] + DataFrames v0.21.6
Updating `~/.julia/environments/v1.6/Manifest.toml`
  [324d7699] + CategoricalArrays v0.8.1
  [34da2185] + Compat v3.13.0
  [9a962f9c] + DataAPI v1.3.0
  [a93c6f00] + DataFrames v0.21.6
  [864edb3b] + DataStructures v0.17.20
  [e2d170a0] + DataValueInterfaces v1.0.0
  [41ab1584] + InvertedIndices v1.0.0
  [82899510] + IteratorInterfaceExtensions v1.0.0
  [682c06a0] + JSON v0.21.0
  [e1d29d7a] + Missings v0.4.3
  [bac558e1] + OrderedCollections v1.3.0
  [69de0a69] + Parsers v1.0.7
  [2dfb63ee] + PooledArrays v0.5.3
  [189a3867] + Reexport v0.2.0
  [a2af1166] + SortingAlgorithms v0.3.1
  [3783bdb8] + TableTraits v1.0.0
  [bd369af6] + Tables v1.0.5
  [2a0f44e3] + Base64
  [ade2ca70] + Dates
  [8bb1440f] + DelimitedFiles
  [8ba89e20] + Distributed
  [9fa8497b] + Future
  [b77e0a4c] + InteractiveUtils
  [76f85450] + LibGit2
  [8f399da3] + Libdl
  [37e2e46d] + LinearAlgebra
  [56ddb016] + Logging
  [d6f4376e] + Markdown
  [a63ad114] + Mmap
  [44cfe95a] + Pkg
  [de0858da] + Printf
  [3fa0cd96] + REPL
  [9a3f8284] + Random
  [ea8e919c] + SHA
  [9e88b42a] + Serialization
  [1a1011a3] + SharedArrays
  [6462fe0b] + Sockets
  [2f01184e] + SparseArrays
  [10745b16] + Statistics
  [8dfed614] + Test
  [cf7118a7] + UUIDs
  [4ec0a83e] + Unicode
    Testing DataFrames
Status `/tmp/jl_xkc4IT/Project.toml`
  [324d7699] CategoricalArrays v0.8.1
  [34da2185] Compat v3.13.0
  [9a962f9c] DataAPI v1.3.0
  [a93c6f00] DataFrames v0.21.6
  [864edb3b] DataStructures v0.17.20
  [e7dc6d0d] DataValues v0.4.13
  [41ab1584] InvertedIndices v1.0.0
  [82899510] IteratorInterfaceExtensions v1.0.0
  [e1d29d7a] Missings v0.4.3
  [2dfb63ee] PooledArrays v0.5.3
  [189a3867] Reexport v0.2.0
  [a2af1166] SortingAlgorithms v0.3.1
  [3783bdb8] TableTraits v1.0.0
  [bd369af6] Tables v1.0.5
  [ade2ca70] Dates
  [9fa8497b] Future
  [56ddb016] Logging
  [de0858da] Printf
  [3fa0cd96] REPL
  [9a3f8284] Random
  [10745b16] Statistics
  [8dfed614] Test
  [4ec0a83e] Unicode
Status `/tmp/jl_xkc4IT/Manifest.toml`
  [324d7699] CategoricalArrays v0.8.1
  [34da2185] Compat v3.13.0
  [9a962f9c] DataAPI v1.3.0
  [a93c6f00] DataFrames v0.21.6
  [864edb3b] DataStructures v0.17.20
  [e2d170a0] DataValueInterfaces v1.0.0
  [e7dc6d0d] DataValues v0.4.13
  [41ab1584] InvertedIndices v1.0.0
  [82899510] IteratorInterfaceExtensions v1.0.0
  [682c06a0] JSON v0.21.0
  [e1d29d7a] Missings v0.4.3
  [bac558e1] OrderedCollections v1.3.0
  [69de0a69] Parsers v1.0.7
  [2dfb63ee] PooledArrays v0.5.3
  [189a3867] Reexport v0.2.0
  [a2af1166] SortingAlgorithms v0.3.1
  [3783bdb8] TableTraits v1.0.0
  [bd369af6] Tables v1.0.5
  [2a0f44e3] Base64
  [ade2ca70] Dates
  [8bb1440f] DelimitedFiles
  [8ba89e20] Distributed
  [9fa8497b] Future
  [b77e0a4c] InteractiveUtils
  [76f85450] LibGit2
  [8f399da3] Libdl
  [37e2e46d] LinearAlgebra
  [56ddb016] Logging
  [d6f4376e] Markdown
  [a63ad114] Mmap
  [44cfe95a] Pkg
  [de0858da] Printf
  [3fa0cd96] REPL
  [9a3f8284] Random
  [ea8e919c] SHA
  [9e88b42a] Serialization
  [1a1011a3] SharedArrays
  [6462fe0b] Sockets
  [2f01184e] SparseArrays
  [10745b16] Statistics
  [8dfed614] Test
  [cf7118a7] UUIDs
  [4ec0a83e] Unicode
Running tests:
Test Summary: | Pass  Total
make_unique   |    3      3
Test Summary: | Pass  Total
repeat count  |    5      5
Test Summary:      | Pass  Total
repeat inner_outer |    8      8
Test Summary: | Pass  Total
repeat! count |    8      8
Test Summary:       | Pass  Total
repeat! inner_outer |   11     11
	[1m[32mPASSED[0m: utils.jl
Test Summary: | Pass  Total
hcat          |   10     10
Test Summary: | Pass  Total
hcat: copying |   26     26
Test Summary:            | Pass  Total
hcat ::AbstractDataFrame |    2      2
Test Summary:            | Pass  Total
hcat ::AbstractDataFrame |    2      2
Test Summary:          | Pass  Total
hcat ::AbstractVectors |   11     11
Test Summary:  | Pass  Total
hcat: copycols |   76     76
Test Summary: | Pass  Total
vcat          |   21     21
Test Summary: | Pass  Total
vcat copy     |    2      2
Test Summary: | Pass  Total
vcat >2 args  |    4      4
Test Summary:       | Pass  Total
vcat mixed coltypes |   18     18
Test Summary:     | Pass  Total
vcat out of order |   19     19
Test Summary:         | Pass  Total
vcat with cols=:union |    6      6
Test Summary:             | Pass  Total
vcat with cols=:intersect |    6      6
Test Summary:          | Pass  Total
vcat with cols::Vector |   30     30
Test Summary:          | Pass  Total
vcat thrown exceptions |   32     32
Test Summary:  | Pass  Total
vcat with view |    1      1
	[1m[32mPASSED[0m: cat.jl
Test Summary: | Pass  Total
constructors  |   40     40
Test Summary:                 | Pass  Total
completecases and dropmissing |  236    236
Test Summary: | Pass  Total
merge         |   17     17
Test Summary: | Pass  Total
join tests    |    3      3
Test Summary:                                     | Pass  Total
nonunique, nonunique, unique! with extra argument |   41     41
Test Summary:          | Pass  Total
filter() and filter!() |   44     44
Test Summary:                   | Pass  Total
filter and filter! with AsTable |    8      8
Test Summary:   | Pass  Total
names with cols |   20     20
	[1m[32mPASSED[0m: data.jl
Test Summary:  | Pass  Total
Index indexing |   56     56
Test Summary: | Pass  Total
rename!       |   19     19
Test Summary: | Pass  Total
SubIndex      |   74     74
Test Summary:     | Pass  Total
selector mutation |   16     16
Test Summary:  | Pass  Total
fuzzy matching |   12     12
Test Summary:  | Pass  Total
Regex indexing |   46     46
Test Summary: | Pass  Total
Not indexing  |   36     36
Test Summary:    | Pass  Total
Between indexing |   36     36
Test Summary: | Pass  Total
All indexing  |   41     41
Test Summary: | Pass  Total
views         |   11     11
	[1m[32mPASSED[0m: index.jl
Test Summary:                |  Pass  Total
randomized tests for rename! | 14295  14295
Test Summary:            | Pass  Total
additional rename! tests | 6610   6610
Test Summary:              | Pass  Total
rename with integer source |   29     29
Test Summary: | Pass  Total
equality      |    9      9
Test Summary: | Pass  Total
copying       |    9      9
Test Summary:      | Pass  Total
similar / missings |    2      2
Test Summary: | Pass  Total
hasproperty   |    5      5
â”Œ Warning: inserting colums using a keyword argument is deprecated, use `insertcols!(df, col_ind, :a => 1, makeunique=false)` instead. 
â”‚   caller = ip:0x0
â”” @ Core :-1
Test Summary: | Pass  Total
insertcols!   |   87     87
Test Summary:          | Pass  Total
DataFrame constructors |   19     19
Test Summary:  | Pass  Total
push!(df, row) |   69     69
Test Summary: | Pass  Total
delete!       |   44     44
Test Summary: | Pass  Total
describe      |   10     10
Test Summary: | Pass  Total
append!       |   35     35
Test Summary:           | Pass  Total
append! default options |   11     11
Test Summary:            | Pass  Total
append! advanced options |  174    174
Test Summary:               | Pass  Total
new append! and push! tests |   30     30
Test Summary:     | Pass  Total
test categorical! |   14     14
Test Summary: | Pass  Total
categorical!  |   11     11
Test Summary: | Pass  Total
rename        |   47     47
Test Summary:             | Pass  Total
flexible rename arguments |   30     30
Test Summary: | Pass  Total
size          |    5      5
Test Summary: | Pass  Total
description   |    8      8
Test Summary:      | Pass  Total
column conversions |  172    172
Test Summary:        | Pass  Total
test disallowmissing |  730    730
Test Summary:     | Pass  Total
test allowmissing |  360    360
Test Summary:    | Pass  Total
test categorical |  496    496
Test Summary: | Pass  Total
similar       |    8      8
Test Summary:                | Pass  Total
passing range to a DataFrame |    1      1
Test Summary:                | Pass  Total
test getindex using ! syntax |   15     15
Test Summary:                | Pass  Total
test corner case of getindex |    2      2
Test Summary:             | Pass  Total
empty data frame getindex |    9      9
Test Summary:               | Pass  Total
handling of end in indexing |   22     22
Test Summary:        | Pass  Total
aliasing in indexing |    5      5
Test Summary:                               | Pass  Total
getproperty, setproperty! and propertynames |   10     10
Test Summary:          | Pass  Total
duplicate column names |    1      1
Test Summary:         | Pass  Total
parent, size and axes |   11     11
Test Summary:                | Pass  Total
0-row DataFrame corner cases |    4      4
Test Summary:         |
And and Between tests | No tests
Test Summary:                   | Pass  Total
vcat and push! with :orderequal |   14     14
Test Summary:      | Pass  Total
push! with :subset |   18     18
Test Summary:         | Pass  Total
push! with :intersect |   12     12
Test Summary:              | Pass  Total
push!(df, row) with :union |   56     56
Test Summary:                       | Pass  Total
push!(df, row) with promote options |   22     22
	[1m[32mPASSED[0m: dataframe.jl
Test Summary: | Pass  Total
select! Not   |   13     13
Test Summary: | Pass  Total
select Not    |   58     58
Test Summary:              | Pass  Total
select Not on SubDataFrame |   70     70
Test Summary: | Pass  Total
select!       |   35     35
Test Summary: | Pass  Total
select        |   66     66
Test Summary:          | Pass  Total
select on SubDataFrame |   78     78
Test Summary:          | Pass  Total
select! on all columns |   21     21
Test Summary:                                     | Pass  Total
select and select! with multiple selectors passed |   11     11
Test Summary:               | Pass  Total
select and select! renaming |   23     23
Test Summary:                          | Pass  Total
select and select! many columns naming |   24     24
Test Summary:                                | Pass  Total
select and select! many different transforms |   25     25
Test Summary:  | Pass  Total
nrow in select |   24     24
Test Summary:                             | Pass  Total
select and select! reserved return values |   28     28
Test Summary:                      | Pass  Total
select and select! empty selection |   16     16
Test Summary:            | Pass  Total
wrong selection patterns |    4      4
Test Summary:                 | Pass  Total
select and select! duplicates |   15     15
Test Summary:          | Pass  Total
SubDataFrame selection |   17     17
Test Summary:       | Pass  Total
pseudo-broadcasting |  152    152
Test Summary:          | Pass  Total
copycols special cases |   11     11
Test Summary: | Pass  Total
empty select  |    5      5
Test Summary:            | Pass  Total
transform and transform! |   30     30
Test Summary:    | Pass  Total
vectors of pairs |   18     18
AsTable tests: Test Failed at /home/pkgeval/.julia/packages/DataFrames/4ov0U/test/select.jl:1109
  Expression: select(df, AsTable(:) => sum âˆ˜ sum) == repeat(DataFrame(a_b_c_function = 45), nrow(df))
   Evaluated: 3Ã—1 DataFrame
â”‚ Row â”‚ a_b_c_ComposedFunction â”‚
â”‚     â”‚ Int64                  â”‚
â”œâ”€â”€â”€â”€â”€â”¼â”€â”€â”€â”€â”€â”€â”€â”€â”€â”€â”€â”€â”€â”€â”€â”€â”€â”€â”€â”€â”€â”€â”€â”€â”¤
â”‚ 1   â”‚ 45                     â”‚
â”‚ 2   â”‚ 45                     â”‚
â”‚ 3   â”‚ 45                     â”‚ == 3Ã—1 DataFrame
â”‚ Row â”‚ a_b_c_function â”‚
â”‚     â”‚ Int64          â”‚
â”œâ”€â”€â”€â”€â”€â”¼â”€â”€â”€â”€â”€â”€â”€â”€â”€â”€â”€â”€â”€â”€â”€â”€â”¤
â”‚ 1   â”‚ 45             â”‚
â”‚ 2   â”‚ 45             â”‚
â”‚ 3   â”‚ 45             â”‚
Stacktrace:
 [1] top-level scope
   @ ~/.julia/packages/DataFrames/4ov0U/test/select.jl:1109
 [2] top-level scope
   @ /workspace/srcdir/usr/share/julia/stdlib/v1.6/Test/src/Test.jl:1114
 [3] top-level scope
   @ ~/.julia/packages/DataFrames/4ov0U/test/select.jl:1104
AsTable tests: Test Failed at /home/pkgeval/.julia/packages/DataFrames/4ov0U/test/select.jl:1111
  Expression: combine(df, AsTable(:) => sum âˆ˜ sum) == DataFrame(a_b_c_function = 45)
   Evaluated: 1Ã—1 DataFrame
â”‚ Row â”‚ a_b_c_ComposedFunction â”‚
â”‚     â”‚ Int64                  â”‚
â”œâ”€â”€â”€â”€â”€â”¼â”€â”€â”€â”€â”€â”€â”€â”€â”€â”€â”€â”€â”€â”€â”€â”€â”€â”€â”€â”€â”€â”€â”€â”€â”¤
â”‚ 1   â”‚ 45                     â”‚ == 1Ã—1 DataFrame
â”‚ Row â”‚ a_b_c_function â”‚
â”‚     â”‚ Int64          â”‚
â”œâ”€â”€â”€â”€â”€â”¼â”€â”€â”€â”€â”€â”€â”€â”€â”€â”€â”€â”€â”€â”€â”€â”€â”¤
â”‚ 1   â”‚ 45             â”‚
Stacktrace:
 [1] top-level scope
   @ ~/.julia/packages/DataFrames/4ov0U/test/select.jl:1111
 [2] top-level scope
   @ /workspace/srcdir/usr/share/julia/stdlib/v1.6/Test/src/Test.jl:1114
 [3] top-level scope
   @ ~/.julia/packages/DataFrames/4ov0U/test/select.jl:1104
AsTable tests: Test Failed at /home/pkgeval/.julia/packages/DataFrames/4ov0U/test/select.jl:1113
  Expression: transform(df, AsTable(:) => sum âˆ˜ sum) == DataFrame(a = 1:3, b = 4:6, c = 7:9, a_b_c_function = 45)
   Evaluated: 3Ã—4 DataFrame
â”‚ Row â”‚ a     â”‚ b     â”‚ c     â”‚ a_b_c_ComposedFunction â”‚
â”‚     â”‚ Int64 â”‚ Int64 â”‚ Int64 â”‚ Int64                  â”‚
â”œâ”€â”€â”€â”€â”€â”¼â”€â”€â”€â”€â”€â”€â”€â”¼â”€â”€â”€â”€â”€â”€â”€â”¼â”€â”€â”€â”€â”€â”€â”€â”¼â”€â”€â”€â”€â”€â”€â”€â”€â”€â”€â”€â”€â”€â”€â”€â”€â”€â”€â”€â”€â”€â”€â”€â”€â”¤
â”‚ 1   â”‚ 1     â”‚ 4     â”‚ 7     â”‚ 45                     â”‚
â”‚ 2   â”‚ 2     â”‚ 5     â”‚ 8     â”‚ 45                     â”‚
â”‚ 3   â”‚ 3     â”‚ 6     â”‚ 9     â”‚ 45                     â”‚ == 3Ã—4 DataFrame
â”‚ Row â”‚ a     â”‚ b     â”‚ c     â”‚ a_b_c_function â”‚
â”‚     â”‚ Int64 â”‚ Int64 â”‚ Int64 â”‚ Int64          â”‚
â”œâ”€â”€â”€â”€â”€â”¼â”€â”€â”€â”€â”€â”€â”€â”¼â”€â”€â”€â”€â”€â”€â”€â”¼â”€â”€â”€â”€â”€â”€â”€â”¼â”€â”€â”€â”€â”€â”€â”€â”€â”€â”€â”€â”€â”€â”€â”€â”€â”¤
â”‚ 1   â”‚ 1     â”‚ 4     â”‚ 7     â”‚ 45             â”‚
â”‚ 2   â”‚ 2     â”‚ 5     â”‚ 8     â”‚ 45             â”‚
â”‚ 3   â”‚ 3     â”‚ 6     â”‚ 9     â”‚ 45             â”‚
Stacktrace:
 [1] top-level scope
   @ ~/.julia/packages/DataFrames/4ov0U/test/select.jl:1113
 [2] top-level scope
   @ /workspace/srcdir/usr/share/julia/stdlib/v1.6/Test/src/Test.jl:1114
 [3] top-level scope
   @ ~/.julia/packages/DataFrames/4ov0U/test/select.jl:1104
Test Summary: | Pass  Fail  Total
AsTable tests |   11     3     14
	[1m[31mFAILED[0m: select.jl
LoadError: Some tests did not pass: 11 passed, 3 failed, 0 errored, 0 broken.
in expression starting at /home/pkgeval/.julia/packages/DataFrames/4ov0U/test/select.jl:1
Test Summary:         | Pass  Total
the output of unstack |   27     27
Test Summary:                               | Pass  Total
unstack promotion to support missing values |    8      8
Test Summary:                         | Pass  Total
duplicate entries in unstack warnings |    9      9
Test Summary:            | Pass  Total
missing values in colkey |    6      6
Test Summary:             | Pass  Total
stack-unstack correctness |    4      4
Test Summary: | Pass  Total
reshape       |   78     78
Test Summary:           | Pass  Total
column names duplicates |    5      5
Test Summary:         | Pass  Total
flatten single column |   13     13
Test Summary:            | Pass  Total
flatten multiple columns |   12     12
Test Summary:                       | Pass  Total
test RepeatedVector for categorical |    6      6
Test Summary:          | Pass  Total
stack categorical test |   31     31
Test Summary:     | Pass  Total
test stack eltype |    8      8
	[1m[32mPASSED[0m: reshape.jl
Test Summary: | Pass  Total
constructors  |   28     28
Test Summary:          | Pass  Total
getindex and setindex! |   53     53
Test Summary: | Pass  Total
equality      |   17     17
Test Summary: | Pass  Total
isless        |   13     13
Test Summary: | Pass  Total
hashing       |    6      6
Test Summary: | Pass  Total
grouping      |    6      6
Test Summary:                               | Pass  Total
getproperty, setproperty! and propertynames |    6      6
Test Summary:                    | Pass  Total
keys, values and iteration, size |   31     31
Test Summary:           | Pass  Total
convert, copy and merge |   24     24
Test Summary:            | Pass  Total
parent and parentindices |   34     34
Test Summary:         | Pass  Total
iteration and collect |   10     10
Test Summary:    | Pass  Total
duplicate column |    2      2
Test Summary:        | Pass  Total
conversion and push! |   15     15
Test Summary: | Pass  Total
show          |   11     11
Test Summary:     | Pass  Total
check Vector type |    1      1
Test Summary: | Pass  Total
DataFrameRow  |    2      2
	[1m[32mPASSED[0m: dataframerow.jl
Test Summary: | Pass  Total
LaTeX export  |    4      4
Test Summary:     | Pass  Total
Huge LaTeX export |    2      2
Test Summary: | Pass  Total
HTML output   |   10     10
Test Summary:   | Pass  Total
limit attribute |    2      2
Test Summary: | Pass  Total
printtable    |    1      1
Test Summary:  | Pass  Total
csv/tsv output |    6      6
Test Summary:                     | Pass  Total
empty data frame and DataFrameRow |   12     12
Test Summary: | Pass  Total
consistency   |    8      8
Test Summary: | Pass  Total
summary tests |   16     16
Test Summary: | Pass  Total
eltypes tests |   18     18
Test Summary:                      | Pass  Total
improved printing of special types |    8      8
	[1m[32mPASSED[0m: io.jl
Test Summary: | Pass  Total
constructors  |   72     72
Test Summary:                          | Pass  Total
DataFrame keyword argument constructor |   22     22
Test Summary:         | Pass  Total
DataFrame constructor |   21     21
Test Summary:    | Pass  Total
pair constructor |   22     22
Test Summary: | Pass  Total
associative   |   18     18
Test Summary:       | Pass  Total
vector constructors |   91     91
Test Summary: | Pass  Total
recyclers     |    4      4
Test Summary:                 | Pass  Total
constructor thrown exceptions |   17     17
Test Summary: | Pass  Total
column types  |    3      3
Test Summary:      | Pass  Total
Matrix constructor |    4      4
Test Summary:          | Pass  Total
constructor with types |   33     33
Test Summary:                             | Pass  Total
expansion of Ref and 0-dimensional arrays |    2      2
Test Summary:            | Pass  Total
broadcasting into 0 rows |    6      6
	[1m[32mPASSED[0m: constructors.jl
Test Summary:    | Pass  Total
Conversion tests |   72     72
	[1m[32mPASSED[0m: conversions.jl
Test Summary:  | Pass  Total
standard tests |  189    189
Test Summary:          | Pass  Total
non standard selectors |    4      4
	[1m[32mPASSED[0m: sort.jl
Test Summary: | Pass  Total
parent        |    3      3
Test Summary: | Pass  Total
consistency   |    2      2
Test Summary:    | Pass  Total
accepted columns |    8      8
Test Summary:                                       | Pass  Total
groupby and combine(::Function, ::GroupedDataFrame) | 1160   1160
Test Summary:          | Pass  Total
grouping with missings | 1372   1372
Test Summary:            | Pass  Total
grouping with three keys | 2906   2906
Test Summary:                 | Pass  Total
grouping with hash collisions |    2      2
Test Summary:               | Pass  Total
combine with pair interface |  141    141
combine with aggregation functions (skipmissing=false, sort=false, indices=false): Error During Test at /home/pkgeval/.julia/packages/DataFrames/4ov0U/test/grouping.jl:770
  Got exception outside of a @test
  fatal error in type inference (type bound)
  Stacktrace:
    [1] groupreduce(f::Function, op::Function, condf::Base.var"#62#63"{typeof(ismissing)}, adjust::Nothing, checkempty::Bool, incol::CategoricalVector{Union{Missing, Int64},UInt32,Int64,CategoricalValue{Int64,UInt32},Missing}, gd::GroupedDataFrame{DataFrame})
      @ DataFrames ~/.julia/packages/DataFrames/4ov0U/src/groupeddataframe/splitapplycombine.jl:1028
    [2] (::DataFrames.Reduce{typeof(max),Base.var"#62#63"{typeof(ismissing)},Nothing})(incol::CategoricalVector{Union{Missing, Int64},UInt32,Int64,CategoricalValue{Int64,UInt32},Missing}, gd::GroupedDataFrame{DataFrame})
      @ DataFrames ~/.julia/packages/DataFrames/4ov0U/src/groupeddataframe/splitapplycombine.jl:1032
    [3] _combine(f::Vector{Pair}, gd::GroupedDataFrame{DataFrame}, nms::Vector{Symbol}, copycols::Bool, keeprows::Bool)
      @ DataFrames ~/.julia/packages/DataFrames/4ov0U/src/groupeddataframe/splitapplycombine.jl:1150
    [4] combine_helper(f::Vector{Pair}, gd::GroupedDataFrame{DataFrame}, nms::Vector{Symbol}; keepkeys::Bool, ungroup::Bool, copycols::Bool, keeprows::Bool)
      @ DataFrames ~/.julia/packages/DataFrames/4ov0U/src/groupeddataframe/splitapplycombine.jl:589
    [5] _combine_prepare(gd::GroupedDataFrame{DataFrame}, cs::Union{Colon, typeof(nrow), Regex, AbstractString, Signed, Symbol, Unsigned, Pair, AbstractVector{T} where T, All, Between, InvertedIndex, StridedArray{T,1} where T, BitVector}; keepkeys::Bool, ungroup::Bool, copycols::Bool, keeprows::Bool)
      @ DataFrames ~/.julia/packages/DataFrames/4ov0U/src/groupeddataframe/splitapplycombine.jl:553
    [6] #combine#378
      @ ~/.julia/packages/DataFrames/4ov0U/src/groupeddataframe/splitapplycombine.jl:474 [inlined]
    [7] combine(gd::GroupedDataFrame{DataFrame}, cs::Pair{Symbol,Pair{Base.ComposedFunction{typeof(maximum),typeof(skipmissing)},Symbol}})
      @ DataFrames ~/.julia/packages/DataFrames/4ov0U/src/groupeddataframe/splitapplycombine.jl:474
    [8] top-level scope
      @ ~/.julia/packages/DataFrames/4ov0U/test/grouping.jl:849
    [9] top-level scope
      @ /workspace/srcdir/usr/share/julia/stdlib/v1.6/Test/src/Test.jl:1189
   [10] include(fname::String)
      @ Base.MainInclude ./client.jl:443
   [11] top-level scope
      @ ~/.julia/packages/DataFrames/4ov0U/test/runtests.jl:40
   [12] include(fname::String)
      @ Base.MainInclude ./client.jl:443
   [13] top-level scope
      @ none:6
   [14] eval(m::Module, e::Any)
      @ Core ./boot.jl:344
   [15] exec_options(opts::Base.JLOptions)
      @ Base ./client.jl:260
   [16] _start()
      @ Base ./client.jl:484
  
Test Summary:                                                                     | Pass  Error  Total
combine with aggregation functions (skipmissing=false, sort=false, indices=false) |  220      1    221
Test Summary:                                                                     | Pass  Error  Total
combine with aggregation functions (skipmissing=false, sort=false, indices=false) |  220      1    221
	[1m[31mFAILED[0m: grouping.jl
LoadError: Some tests did not pass: 220 passed, 0 failed, 1 errored, 0 broken.
in expression starting at /home/pkgeval/.julia/packages/DataFrames/4ov0U/test/grouping.jl:1
Test Summary: | Pass  Total
join types    |   17     17
Test Summary:       | Pass  Total
Test empty inputs 1 |   21     21
Test Summary:       | Pass  Total
Test empty inputs 2 |   21     21
Test Summary: | Pass  Total
issue #960    |    4      4
Test Summary: | Pass  Total
all joins     |   30     30
Test Summary:                    | Pass  Total
all joins with CategoricalArrays |   32     32
Test Summary:                                                     | Pass  Total
maintain CategoricalArray levels ordering on join - non-`on` cols |    6      6
Test Summary:                                                          | Pass  Total
maintain CategoricalArray levels ordering on join - ordering conflicts |   10     10
Test Summary:                                                           | Pass  Total
maintain CategoricalArray levels ordering on join - left is categorical |   10     10
Test Summary:                                   | Pass  Total
join on columns with different left/right names |   18     18
Test Summary:                  | Pass  Total
join with a column of type Any |   16     16
Test Summary:                                       | Pass  Total
joins with categorical columns and no matching rows |   24     24
Test Summary:     | Pass  Total
indicator columns |    4      4
Test Summary:                       | Pass  Total
test checks of merge key uniqueness |   18     18
Test Summary: | Pass  Total
consistency   |    3      3
Test Summary:         | Pass  Total
multi data frame join |   10     10
Test Summary:       | Pass  Total
flexible on in join |    4      4
Test Summary:             | Pass  Total
check naming of indicator |    6      6
Test Summary:                      | Pass  Total
validate error message composition |   47     47
	[1m[32mPASSED[0m: join.jl
Test Summary:       | Pass  Total
eachrow and eachcol |   34     34
Test Summary: | Pass  Total
mapcols       |    9      9
Test Summary: | Pass  Total
mapcols!      |    9      9
Test Summary: | Pass  Total
SubDataFrame  |    5      5
Test Summary:   | Pass  Total
parent mutation |    4      4
Test Summary:                 | Pass  Total
getproperty and propertynames |   22     22
Test Summary:             |
overload Compat functions | No tests
Test Summary:              | Pass  Total
keys and pairs for eachcol |   10     10
	[1m[32mPASSED[0m: iteration.jl
Test Summary: | Pass  Total
nonunique     |   18     18
	[1m[32mPASSED[0m: duplicates.jl
Test Summary:                            | Pass  Total
Basic show test with allrows and allcols |    9      9
Test Summary:    | Pass  Total
displaysize test |    4      4
Test Summary:             | Pass  Total
IOContext parameters test |    2      2
Test Summary:          | Pass  Total
SubDataFrame show test |    1      1
Test Summary:                                 | Pass  Total
Test showing StackedVector and RepeatedVector |    3      3
Test Summary:                                            | Pass  Total
Test colors and non-standard values: missing and nothing |    3      3
Test Summary:                  | Pass  Total
Test correct width computation |    1      1
Test Summary:              | Pass  Total
Test showing special types |    5      5
Test Summary:                              | Pass  Total
Test using :compact parameter of IOContext |    2      2
Test Summary:                              | Pass  Total
Test of DataFrameRows and DataFrameColumns |    4      4
Test Summary:                          | Pass  Total
Test empty data frame and DataFrameRow |    3      3
Test Summary: | Pass  Total
consistency   |    2      2
Test Summary:  | Pass  Total
wide type name |    6      6
Test Summary:  | Pass  Total
wide type name |    2      2
Test Summary: | Pass  Total
UnionAll      |    1      1
	[1m[32mPASSED[0m: show.jl
Test Summary:       | Pass  Total
copy - SubDataFrame |    5      5
Test Summary:     | Pass  Total
view -- DataFrame |   77     77
Test Summary:        | Pass  Total
view -- SubDataFrame |   62     62
Test Summary:                               | Pass  Total
getproperty, setproperty! and propertynames |    8      8
Test Summary: | Pass  Total
index         |   11     11
Test Summary: | Pass  Total
delete!       |    1      1
Test Summary: | Pass  Total
parent        |    6      6
Test Summary:    | Pass  Total
duplicate column |    1      1
Test Summary:           | Pass  Total
conversion to DataFrame |   12     12
Test Summary:     | Pass  Total
setindex! in view |    4      4
	[1m[32mPASSED[0m: subdataframe.jl
Test Summary: | Pass  Total
Tables        |  101    101
Test Summary: | Pass  Total
DataFrame!    |    9      9
Test Summary: | Pass  Total
columnindex   |    2      2
Test Summary:                   | Pass  Total
eachrow and eachcol integration |   29     29
	[1m[32mPASSED[0m: tables.jl
Test Summary: | Pass  Total
TableTraits   |   10     10
	[1m[32mPASSED[0m: tabletraits.jl
Test Summary:      | Pass  Total
getindex DataFrame |   87     87
Test Summary:       | Pass  Total
getindex df[!, col] |   13     13
Test Summary:  | Pass  Total
view DataFrame |  131    131
Test Summary:         | Pass  Total
getindex SubDataFrame |  140    140
Test Summary:     | Pass  Total
view SubDataFrame |  143    143
Test Summary:         | Pass  Total
getindex DataFrameRow |   22     22
Test Summary:     | Pass  Total
view DataFrameRow |   25     25
Test Summary:                             | Pass  Total
additional tests of post-! getindex rules |  230    230
Test Summary:          | Pass  Total
setindex! on DataFrame |  100    100
Test Summary:             | Pass  Total
setindex! on SubDataFrame |  240    240
Test Summary:             | Pass  Total
setindex! on DataFrameRow |  101    101
Test Summary:                           | Pass  Total
setindex! with ! or : and multiple cols |   24     24
Test Summary:              | Pass  Total
additional setindex! tests |    5      5
Test Summary:      | Pass  Total
invalid view tests |   28     28
Test Summary:   | Pass  Total
string indexing |  115    115
Test Summary:              | Pass  Total
setindex! for DataFrameRow |   12     12
Test Summary:       | Pass  Total
begin and end tests |   18     18
	[1m[32mPASSED[0m: indexing.jl
Test Summary:  | Pass  Total
CartesianIndex |   24     24
Test Summary:                             | Pass  Total
broadcasting of AbstractDataFrame objects |   28     28
Test Summary:                                               | Pass  Total
broadcasting of AbstractDataFrame objects thrown exceptions |   10     10
Test Summary:          | Pass  Total
broadcasting expansion |    5      5
Test Summary:                                          | Pass  Total
broadcasting of AbstractDataFrame objects corner cases |   34     34
Test Summary:                                                               | Pass  Total
normal data frame and data frame row in broadcasted assignment - one column |  117    117
Test Summary:                                                                 | Pass  Total
normal data frame and data frame view in broadcasted assignment - two columns |  104    104
Test Summary:                                       | Pass  Total
assignment to a whole data frame and data frame row |    8      8
Test Summary:                                               | Pass  Total
extending data frame in broadcasted assignment - one column |   40     40
Test Summary:                | Pass  Total
empty data frame corner case |  191    191
Test Summary:           | Pass  Total
test categorical values |  126    126
Test Summary:       | Pass  Total
scalar broadcasting |    3      3
Test Summary:      | Pass  Total
tuple broadcasting |    8      8
Test Summary:             | Pass  Total
scalar on assignment side |    4      4
Test Summary: | Pass  Total
nothing test  |    4      4
Test Summary: | Pass  Total
aliasing test |  154    154
Test Summary: | Pass  Total
@. test       |    2      2
Test Summary:     | Pass  Total
test common cases |   11     11
Test Summary:                                             | Pass  Total
data frame only on left hand side broadcasting assignment |   26     26
Test Summary:                          | Pass  Total
broadcasting with 3-dimensional object |    4      4
Test Summary:                                  | Pass  Total
additional checks of post-! broadcasting rules |  168    168
Test Summary:                                   | Pass  Total
DataFrameRow getproperty broadcasted assignment |    8      8
Test Summary:                                | Pass  Total
make sure that : is in place and ! allocates |   10     10
Test Summary:                                            | Pass  Total
add new correct rules for df[row, col] .= v broadcasting |   12     12
Test Summary:                 | Pass  Total
broadcasting into df[!, cols] |  223    223
Test Summary:                          | Pass  Total
broadcasting over heterogenous columns |    1      1
Test Summary:        | Pass  Total
@views on df[!, col] |    3      3
Test Summary:                      | Pass  Total
broadcasting of df[:, col] = value |   12     12
	[1m[32mPASSED[0m: broadcasting.jl
Test Summary: | Pass  Total
iteration     |   12     12
Test Summary: | Pass  Total
joins         |   24     24
Test Summary: | Pass  Total
reshape       |    6      6
Test Summary: | Pass  Total
selection     |   13     13
Test Summary: | Pass  Total
tables        |    4      4
Test Summary:       | Pass  Total
split-apply-combine |   15     15
Test Summary: | Pass  Total
DataFrameRow  |   13     13
Test Summary:                        | Pass  Total
names, propertynames and hasproperty |   43     43
Test Summary:     | Pass  Total
append! and push! |    5      5
	[1m[32mPASSED[0m: string.jl
Test Summary:            | Pass  Total
deprecated tuple in sort |    5      5
Test Summary:           | Pass  Total
categorical constructor |    3      3
Test Summary:          | Pass  Total
DataFrame constructors |   42     42
Test Summary: | Pass  Total
colwise       |   29     29
Test Summary: | Pass  Total
empty!        |    5      5
Test Summary:              | Pass  Total
deletecols and deletecols! |    7      7
Test Summary: | Pass  Total
haskey        |    7      7
Test Summary:                                        | Pass  Total
df[col] and df[col] for getindex, view, and setindex |  132    132
Test Summary: | Pass  Total
eltypes       |    1      1
Test Summary: | Pass  Total
melt          |   22     22
Test Summary: | Pass  Total
insertcols!   |    1      1
Test Summary: | Pass  Total
join          |    3      3
Test Summary:     | Pass  Total
eachcol(df, true) |   44     44
Test Summary:         | Pass  Total
deprecated by/combine |   19     19
Test Summary:        | Pass  Total
deprecated aggregate |   23     23
Test Summary:          | Pass  Total
deprecated deleterows! |    1      1
Test Summary:           | Pass  Total
by skipmissing and sort |    4      4
Test Summary:            | Pass  Total
map skipmissing and sort |    8      8
	[1m[32mPASSED[0m: deprecated.jl
ERROR: LoadError: "Tests failed"
Stacktrace:
 [1] top-level scope
   @ ~/.julia/packages/DataFrames/4ov0U/test/runtests.jl:55
 [2] include(fname::String)
   @ Base.MainInclude ./client.jl:443
 [3] top-level scope
   @ none:6
in expression starting at /home/pkgeval/.julia/packages/DataFrames/4ov0U/test/runtests.jl:54
ERROR: Package DataFrames errored during testing
Stacktrace:
  [1] pkgerror(::String, ::Vararg{String,N} where N)
    @ Pkg.Types /workspace/srcdir/usr/share/julia/stdlib/v1.6/Pkg/src/Types.jl:52
  [2] test(ctx::Pkg.Types.Context, pkgs::Vector{Pkg.Types.PackageSpec}; coverage::Bool, julia_args::Cmd, test_args::Cmd, test_fn::Nothing)
    @ Pkg.Operations /workspace/srcdir/usr/share/julia/stdlib/v1.6/Pkg/src/Operations.jl:1567
  [3] test(ctx::Pkg.Types.Context, pkgs::Vector{Pkg.Types.PackageSpec}; coverage::Bool, test_fn::Nothing, julia_args::Cmd, test_args::Cmd, kwargs::Base.Iterators.Pairs{Union{},Union{},Tuple{},NamedTuple{(),Tuple{}}})
    @ Pkg.API /workspace/srcdir/usr/share/julia/stdlib/v1.6/Pkg/src/API.jl:328
  [4] test(ctx::Pkg.Types.Context, pkgs::Vector{Pkg.Types.PackageSpec})
    @ Pkg.API /workspace/srcdir/usr/share/julia/stdlib/v1.6/Pkg/src/API.jl:315
  [5] #test#62
    @ /workspace/srcdir/usr/share/julia/stdlib/v1.6/Pkg/src/API.jl:67 [inlined]
  [6] test
    @ /workspace/srcdir/usr/share/julia/stdlib/v1.6/Pkg/src/API.jl:67 [inlined]
  [7] #test#61
    @ /workspace/srcdir/usr/share/julia/stdlib/v1.6/Pkg/src/API.jl:66 [inlined]
  [8] test
    @ /workspace/srcdir/usr/share/julia/stdlib/v1.6/Pkg/src/API.jl:66 [inlined]
  [9] test(pkg::String; kwargs::Base.Iterators.Pairs{Union{},Union{},Tuple{},NamedTuple{(),Tuple{}}})
    @ Pkg.API /workspace/srcdir/usr/share/julia/stdlib/v1.6/Pkg/src/API.jl:65
 [10] test(pkg::String)
    @ Pkg.API /workspace/srcdir/usr/share/julia/stdlib/v1.6/Pkg/src/API.jl:65
 [11] top-level scope
    @ none:16
