Julia Version 1.5.0-DEV.152
Commit c4a0c8379c (2020-01-26 14:50 UTC)
Platform Info:
  OS: Linux (x86_64-pc-linux-gnu)
  CPU: Intel(R) Xeon(R) Silver 4114 CPU @ 2.20GHz
  WORD_SIZE: 64
  LIBM: libopenlibm
  LLVM: libLLVM-8.0.1 (ORCJIT, skylake)
Environment:
  JULIA_DEPOT_PATH = ::/usr/local/share/julia
  JULIA_NUM_THREADS = 2

 Resolving package versions...
 Installed OrderedCollections ────────── v1.1.0
 Installed Parameters ────────────────── v0.12.0
 Installed MacroTools ────────────────── v0.5.3
 Installed BlockArrays ───────────────── v0.11.1
 Installed LazyArrays ────────────────── v0.15.0
 Installed DataStructures ────────────── v0.17.9
 Installed StaticArrays ──────────────── v0.12.1
 Installed SimpleDifferentialOperators ─ v0.6.1
 Installed FillArrays ────────────────── v0.8.4
 Installed ArrayLayouts ──────────────── v0.1.5
 Installed BlockBandedMatrices ───────── v0.7.1
 Installed MatrixFactorizations ──────── v0.2.1
 Installed BandedMatrices ────────────── v0.14.2
  Updating `~/.julia/environments/v1.5/Project.toml`
  [7ccca996] + SimpleDifferentialOperators v0.6.1
  Updating `~/.julia/environments/v1.5/Manifest.toml`
  [4c555306] + ArrayLayouts v0.1.5
  [aae01518] + BandedMatrices v0.14.2
  [8e7c35d0] + BlockArrays v0.11.1
  [ffab5731] + BlockBandedMatrices v0.7.1
  [864edb3b] + DataStructures v0.17.9
  [1a297f60] + FillArrays v0.8.4
  [5078a376] + LazyArrays v0.15.0
  [1914dd2f] + MacroTools v0.5.3
  [a3b82374] + MatrixFactorizations v0.2.1
  [bac558e1] + OrderedCollections v1.1.0
  [d96e819e] + Parameters v0.12.0
  [7ccca996] + SimpleDifferentialOperators v0.6.1
  [90137ffa] + StaticArrays v0.12.1
  [2a0f44e3] + Base64 
  [ade2ca70] + Dates 
  [8ba89e20] + Distributed 
  [b77e0a4c] + InteractiveUtils 
  [76f85450] + LibGit2 
  [8f399da3] + Libdl 
  [37e2e46d] + LinearAlgebra 
  [56ddb016] + Logging 
  [d6f4376e] + Markdown 
  [a63ad114] + Mmap 
  [44cfe95a] + Pkg 
  [de0858da] + Printf 
  [3fa0cd96] + REPL 
  [9a3f8284] + Random 
  [ea8e919c] + SHA 
  [9e88b42a] + Serialization 
  [1a1011a3] + SharedArrays 
  [6462fe0b] + Sockets 
  [2f01184e] + SparseArrays 
  [10745b16] + Statistics 
  [8dfed614] + Test 
  [cf7118a7] + UUIDs 
  [4ec0a83e] + Unicode 
   Testing SimpleDifferentialOperators
 Installed Suppressor ─────────── v0.1.1
 Installed DiffRules ──────────── v1.0.0
 Installed Compat ─────────────── v2.2.0
 Installed JSON ───────────────── v0.21.0
 Installed DualNumbers ────────── v0.6.2
 Installed PATHSolver ─────────── v0.5.2
 Installed BenchmarkTools ─────── v0.4.3
 Installed BinDeps ────────────── v0.8.10
 Installed Calculus ───────────── v0.5.1
 Installed Parsers ────────────── v0.3.10
 Installed OpenSpecFun_jll ────── v0.5.3+1
 Installed NaNMath ────────────── v0.3.3
 Installed URIParser ──────────── v0.4.0
 Installed SpecialFunctions ───── v0.9.0
 Installed ForwardDiff ────────── v0.10.9
 Installed DiffResults ────────── v1.0.2
 Installed CommonSubexpressions ─ v0.2.0
  Updating `/tmp/jl_tRCVli/Project.toml`
  [6e4b80f9] + BenchmarkTools v0.4.3
  [fa6b7ba4] + DualNumbers v0.6.2
  [f5f7c340] + PATHSolver v0.5.2
  [fd094767] + Suppressor v0.1.1
  Updating `/tmp/jl_tRCVli/Manifest.toml`
  [6e4b80f9] + BenchmarkTools v0.4.3
  [9e28174c] + BinDeps v0.8.10
  [49dc2e85] + Calculus v0.5.1
  [bbf7d656] + CommonSubexpressions v0.2.0
  [34da2185] + Compat v2.2.0
  [163ba53b] + DiffResults v1.0.2
  [b552c78f] + DiffRules v1.0.0
  [fa6b7ba4] + DualNumbers v0.6.2
  [f6369f11] + ForwardDiff v0.10.9
  [682c06a0] + JSON v0.21.0
  [77ba4419] + NaNMath v0.3.3
  [efe28fd5] + OpenSpecFun_jll v0.5.3+1
  [f5f7c340] + PATHSolver v0.5.2
  [69de0a69] + Parsers v0.3.10
  [276daf66] + SpecialFunctions v0.9.0
  [fd094767] + Suppressor v0.1.1
  [30578b45] + URIParser v0.4.0
  [8bb1440f] + DelimitedFiles 
  Building PATHSolver → `~/.julia/packages/PATHSolver/lRj12/deps/build.log`
  Updating `/tmp/jl_12V532/Project.toml`
 [no changes]
  Updating `/tmp/jl_12V532/Manifest.toml`
 [no changes]
┌ Error: Error building `PATHSolver`: 
│   % Total    % Received % Xferd  Average Speed   Time    Time     Time  Current
│                                  Dload  Upload   Total   Spent    Left  Speed
│   0     0    0     0    0     0      0      0 --:--:-- --:--:-- --:--:--     0100   123    0   123    0     0    582      0 --:--:-- --:--:-- --:--:--   582
│ 100  493k    0  493k    0     0   898k      0 --:--:-- --:--:-- --:--:--  898k
│ if [ ! -d pathlib-4.7.03 ]; \
│ then \
│ 	wget https://github.com/ampl/pathlib/archive/4.7.03.tar.gz; \
│ 	tar -zxvf 4.7.03.tar.gz; \
│ 	rm -rf 4.7.03.tar.gz*; \
│ fi;
│ /bin/sh: 3: wget: not found
│ tar (child): 4.7.03.tar.gz: Cannot open: No such file or directory
│ tar (child): Error is not recoverable: exiting now
│ tar: Child returned status 2
│ tar: Error is not recoverable: exiting now
│ gcc -I./pathlib-4.7.03/include -m64 -shared -fPIC -Wl,-soname,libpath47julia.so -o libpath47julia.so pathjulia.c ./pathlib-4.7.03/lib/linux64/libpath47.a -lm
│ gcc: error: ./pathlib-4.7.03/lib/linux64/libpath47.a: No such file or directory
│ Makefile:36: recipe for target 'linux64' failed
│ make: *** [linux64] Error 1
│ [ Info: Attempting to create directory /home/pkgeval/.julia/packages/PATHSolver/lRj12/deps/downloads
│ [ Info: Downloading file https://github.com/chkwon/PathJulia/archive/0.1.2.tar.gz
│ [ Info: Done downloading file https://github.com/chkwon/PathJulia/archive/0.1.2.tar.gz
│ [ Info: Attempting to create directory /home/pkgeval/.julia/packages/PATHSolver/lRj12/deps/src
│ [ Info: Attempting to create directory /home/pkgeval/.julia/packages/PATHSolver/lRj12/deps
│ [ Info: Directory /home/pkgeval/.julia/packages/PATHSolver/lRj12/deps already exists
│ [ Info: Attempting to create directory /home/pkgeval/.julia/packages/PATHSolver/lRj12/deps/usr/lib
│ [ Info: Changing directory to /home/pkgeval/.julia/packages/PATHSolver/lRj12/deps/src/PathJulia-0.1.2/src
│ ERROR: LoadError: failed process: Process(`make linux64`, ProcessExited(2)) [2]
│ 
│ Stacktrace:
│  [1] pipeline_error at ./process.jl:525 [inlined]
│  [2] run(::Cmd; wait::Bool) at ./process.jl:440
│  [3] run(::Cmd) at ./process.jl:438
│  [4] run(::BinDeps.SynchronousStepCollection) at /home/pkgeval/.julia/packages/BinDeps/ZEval/src/BinDeps.jl:521 (repeats 2 times)
│  [5] satisfy!(::BinDeps.LibraryDependency, ::Array{DataType,1}) at /home/pkgeval/.julia/packages/BinDeps/ZEval/src/dependencies.jl:944
│  [6] satisfy!(::BinDeps.LibraryDependency) at /home/pkgeval/.julia/packages/BinDeps/ZEval/src/dependencies.jl:922
│  [7] top-level scope at /home/pkgeval/.julia/packages/BinDeps/ZEval/src/dependencies.jl:977
│  [8] include(::String) at ./client.jl:439
│  [9] top-level scope at none:5
│ in expression starting at /home/pkgeval/.julia/packages/PATHSolver/lRj12/deps/build.jl:96
└ @ Pkg.Operations /buildworker/worker/package_linux64/build/usr/share/julia/stdlib/v1.5/Pkg/src/Operations.jl:883
Running sandbox
Status `/tmp/jl_tRCVli/Project.toml`
  [aae01518] BandedMatrices v0.14.2
  [6e4b80f9] BenchmarkTools v0.4.3
  [ffab5731] BlockBandedMatrices v0.7.1
  [fa6b7ba4] DualNumbers v0.6.2
  [5078a376] LazyArrays v0.15.0
  [f5f7c340] PATHSolver v0.5.2
  [d96e819e] Parameters v0.12.0
  [7ccca996] SimpleDifferentialOperators v0.6.1
  [fd094767] Suppressor v0.1.1
  [37e2e46d] LinearAlgebra 
  [9a3f8284] Random 
  [2f01184e] SparseArrays 
  [8dfed614] Test 
ERROR: LoadError: PATHSolver not properly installed. Please re-build PATHSolver.
Stacktrace:
 [1] error(::String) at ./error.jl:33
 [2] top-level scope at /home/pkgeval/.julia/packages/PATHSolver/lRj12/src/PATHSolver.jl:15
 [3] include(::Module, ::String) at ./Base.jl:377
 [4] top-level scope at none:2
 [5] eval at ./boot.jl:331 [inlined]
 [6] eval(::Expr) at ./client.jl:449
 [7] top-level scope at ./none:3
in expression starting at /home/pkgeval/.julia/packages/PATHSolver/lRj12/src/PATHSolver.jl:12
ERROR: LoadError: Failed to precompile PATHSolver [f5f7c340-0bb3-5c69-969a-41884d311d1b] to /home/pkgeval/.julia/compiled/v1.5/PATHSolver/xyGrF_Tq512.ji.
Stacktrace:
 [1] error(::String) at ./error.jl:33
 [2] compilecache(::Base.PkgId, ::String) at ./loading.jl:1270
 [3] _require(::Base.PkgId) at ./loading.jl:1029
 [4] require(::Base.PkgId) at ./loading.jl:927
 [5] require(::Module, ::Symbol) at ./loading.jl:922
 [6] include(::String) at ./client.jl:439
 [7] top-level scope at none:6
in expression starting at /home/pkgeval/.julia/packages/SimpleDifferentialOperators/DetdB/test/runtests.jl:2
err = ProcessFailedException(Base.Process[Process(`/opt/julia/bin/julia -Cnative -J/opt/julia/lib/julia/sys.so -g1 --code-coverage=none --color=no --compiled-modules=yes --check-bounds=yes --inline=yes --startup-file=no --track-allocation=none --eval 'append!(empty!(Base.DEPOT_PATH), ["/home/pkgeval/.julia", "/opt/julia/local/share/julia", "/opt/julia/share/julia", "/usr/local/share/julia"])
append!(empty!(Base.DL_LOAD_PATH), String[])

cd("/home/pkgeval/.julia/packages/SimpleDifferentialOperators/DetdB/test")
append!(empty!(ARGS), String[])
include("/home/pkgeval/.julia/packages/SimpleDifferentialOperators/DetdB/test/runtests.jl")
'`, ProcessExited(1))])
ERROR: Package SimpleDifferentialOperators errored during testing
Stacktrace:
 [1] pkgerror(::String, ::Vararg{String,N} where N) at /buildworker/worker/package_linux64/build/usr/share/julia/stdlib/v1.5/Pkg/src/Types.jl:54
 [2] test(::Pkg.Types.Context, ::Array{Pkg.Types.PackageSpec,1}; coverage::Bool, julia_args::Cmd, test_args::Cmd, test_fn::Nothing) at /buildworker/worker/package_linux64/build/usr/share/julia/stdlib/v1.5/Pkg/src/Operations.jl:1471
 [3] test(::Pkg.Types.Context, ::Array{Pkg.Types.PackageSpec,1}; coverage::Bool, test_fn::Nothing, julia_args::Cmd, test_args::Cmd, kwargs::Base.Iterators.Pairs{Union{},Union{},Tuple{},NamedTuple{(),Tuple{}}}) at /buildworker/worker/package_linux64/build/usr/share/julia/stdlib/v1.5/Pkg/src/API.jl:313
 [4] test(::Pkg.Types.Context, ::Array{Pkg.Types.PackageSpec,1}) at /buildworker/worker/package_linux64/build/usr/share/julia/stdlib/v1.5/Pkg/src/API.jl:300
 [5] #test#66 at /buildworker/worker/package_linux64/build/usr/share/julia/stdlib/v1.5/Pkg/src/API.jl:294 [inlined]
 [6] test at /buildworker/worker/package_linux64/build/usr/share/julia/stdlib/v1.5/Pkg/src/API.jl:294 [inlined]
 [7] #test#65 at /buildworker/worker/package_linux64/build/usr/share/julia/stdlib/v1.5/Pkg/src/API.jl:293 [inlined]
 [8] test at /buildworker/worker/package_linux64/build/usr/share/julia/stdlib/v1.5/Pkg/src/API.jl:293 [inlined]
 [9] test(::String; kwargs::Base.Iterators.Pairs{Union{},Union{},Tuple{},NamedTuple{(),Tuple{}}}) at /buildworker/worker/package_linux64/build/usr/share/julia/stdlib/v1.5/Pkg/src/API.jl:292
 [10] test(::String) at /buildworker/worker/package_linux64/build/usr/share/julia/stdlib/v1.5/Pkg/src/API.jl:292
 [11] top-level scope at none:13
