Julia Version 1.6.0-DEV.604
Commit dffc8895b8 (2020-08-07 15:04 UTC)
Platform Info:
  OS: Linux (x86_64-pc-linux-gnu)
  CPU: Intel(R) Xeon(R) Silver 4114 CPU @ 2.20GHz
  WORD_SIZE: 64
  LIBM: libopenlibm
  LLVM: libLLVM-9.0.1 (ORCJIT, skylake-avx512)
Environment:
  JULIA_DEPOT_PATH = ::/usr/local/share/julia
  JULIA_NUM_THREADS = 2

  Resolving package versions...
[ Info: LEGAL NOTICE: package operations send anonymous data about your system to https://pkg.julialang.org (your current package server), including the operating system and Julia versions you are using, and a random client UUID. Running `Pkg.telemetryinfo()` will show exactly what data is sent. See https://julialang.org/legal/data/ for more details about what this data is used for, how long it is retained, and how to opt out of sending it.
  Installed PaddedViews ────────────────── v0.5.5
  Installed OffsetArrays ───────────────── v0.11.4
  Installed SimpleTraits ───────────────── v0.9.2
  Installed ImageMagick ────────────────── v0.7.5
  Installed TranscodingStreams ─────────── v0.9.5
  Installed NaNMath ────────────────────── v0.3.4
  Installed SpecialFunctions ───────────── v0.9.0
  Installed Photon ─────────────────────── v0.2.0
  Installed CEnum ──────────────────────── v0.4.1
  Installed FixedPointNumbers ──────────── v0.6.1
  Installed CatIndices ─────────────────── v0.2.1
  Installed FFTW_jll ───────────────────── v3.3.9+5
  Installed Requires ───────────────────── v1.0.1
  Installed Zlib_jll ───────────────────── v1.2.11+15
  Installed OrderedCollections ─────────── v1.3.0
  Installed JLD2 ───────────────────────── v0.1.14
  Installed Graphics ───────────────────── v0.4.0
  Installed ExprTools ──────────────────── v0.1.1
  Installed CoordinateTransformations ──── v0.6.0
  Installed OpenSpecFun_jll ────────────── v0.5.3+3
  Installed CompilerSupportLibraries_jll ─ v0.3.3+0
  Installed IntervalSets ───────────────── v0.5.1
  Installed FFTViews ───────────────────── v0.3.1
  Installed IndirectArrays ─────────────── v0.5.1
  Installed ColorVectorSpace ───────────── v0.7.1
  Installed WoodburyMatrices ───────────── v0.5.2
  Installed ImageMorphology ────────────── v0.2.8
  Installed AxisArrays ─────────────────── v0.3.3
  Installed StaticArrays ───────────────── v0.12.4
  Installed SortingAlgorithms ──────────── v0.3.1
  Installed FileIO ─────────────────────── v1.4.0
  Installed GPUArrays ──────────────────── v5.0.0
  Installed MKL_jll ────────────────────── v2020.1.216+0
  Installed ImageFiltering ─────────────── v0.6.9
  Installed ImageShow ──────────────────── v0.2.3
  Installed AxisAlgorithms ─────────────── v1.0.0
  Installed EllipsisNotation ───────────── v0.4.0
  Installed Compat ─────────────────────── v2.2.0
  Installed ColorTypes ─────────────────── v0.8.1
  Installed Colors ─────────────────────── v0.9.6
  Installed NNlib ──────────────────────── v0.7.4
  Installed ProtoBuf ───────────────────── v0.8.0
  Installed Knet ───────────────────────── v1.3.9
  Installed TimerOutputs ───────────────── v0.5.6
  Installed FFTW ───────────────────────── v1.2.2
  Installed TiledIteration ─────────────── v0.2.4
  Installed ImageMetadata ──────────────── v0.7.2
  Installed ComputationalResources ─────── v0.3.2
  Installed Images ─────────────────────── v0.18.0
  Installed ImageDistances ─────────────── v0.2.7
  Installed DataStructures ─────────────── v0.17.20
  Installed MappedArrays ───────────────── v0.2.2
  Installed CodecZlib ──────────────────── v0.7.0
  Installed Ratios ─────────────────────── v0.4.0
  Installed Distances ──────────────────── v0.8.2
  Installed IterTools ──────────────────── v1.3.0
  Installed IdentityRanges ─────────────── v0.3.1
  Installed LLVM ───────────────────────── v2.0.0
  Installed DataAPI ────────────────────── v1.3.0
  Installed CustomUnitRanges ───────────── v1.0.0
  Installed Reexport ───────────────────── v0.2.0
  Installed MosaicViews ────────────────── v0.2.2
  Installed Rotations ──────────────────── v1.0.1
  Installed AutoGrad ───────────────────── v1.2.3
  Installed StatsBase ──────────────────── v0.32.2
  Installed ImageCore ──────────────────── v0.8.14
  Installed Adapt ──────────────────────── v2.0.2
  Installed MacroTools ─────────────────── v0.5.5
  Installed GPUCompiler ────────────────── v0.5.5
  Installed RangeArrays ────────────────── v0.3.2
  Installed BinaryProvider ─────────────── v0.5.10
  Installed Missings ───────────────────── v0.4.3
  Installed IntelOpenMP_jll ────────────── v2018.0.3+0
  Installed ImageTransformations ───────── v0.8.5
  Installed AbstractFFTs ───────────────── v0.5.0
  Installed TensorBoardLogger ──────────── v0.1.10
  Installed ImageAxes ──────────────────── v0.6.4
  Installed Interpolations ─────────────── v0.12.10
  Installed CUDA ───────────────────────── v1.2.1
Updating `~/.julia/environments/v1.6/Project.toml`
  [0bf025f6] + Photon v0.2.0
Updating `~/.julia/environments/v1.6/Manifest.toml`
  [621f4979] + AbstractFFTs v0.5.0
  [79e6a3ab] + Adapt v2.0.2
  [6710c13c] + AutoGrad v1.2.3
  [13072b0f] + AxisAlgorithms v1.0.0
  [39de3d68] + AxisArrays v0.3.3
  [b99e7846] + BinaryProvider v0.5.10
  [fa961155] + CEnum v0.4.1
  [052768ef] + CUDA v1.2.1
  [aafaddc9] + CatIndices v0.2.1
  [944b1d66] + CodecZlib v0.7.0
  [3da002f7] + ColorTypes v0.8.1
  [c3611d14] + ColorVectorSpace v0.7.1
  [5ae59095] + Colors v0.9.6
  [34da2185] + Compat v2.2.0
  [e66e0078] + CompilerSupportLibraries_jll v0.3.3+0
  [ed09eef8] + ComputationalResources v0.3.2
  [150eb455] + CoordinateTransformations v0.6.0
  [dc8bdbbb] + CustomUnitRanges v1.0.0
  [9a962f9c] + DataAPI v1.3.0
  [864edb3b] + DataStructures v0.17.20
  [b4f34e82] + Distances v0.8.2
  [da5c29d0] + EllipsisNotation v0.4.0
  [e2ba6199] + ExprTools v0.1.1
  [4f61f5a4] + FFTViews v0.3.1
  [7a1cc6ca] + FFTW v1.2.2
  [f5851436] + FFTW_jll v3.3.9+5
  [5789e2e9] + FileIO v1.4.0
  [53c48c17] + FixedPointNumbers v0.6.1
  [0c68f7d7] + GPUArrays v5.0.0
  [61eb1bfa] + GPUCompiler v0.5.5
  [a2bd30eb] + Graphics v0.4.0
  [bbac6d45] + IdentityRanges v0.3.1
  [2803e5a7] + ImageAxes v0.6.4
  [a09fc81d] + ImageCore v0.8.14
  [51556ac3] + ImageDistances v0.2.7
  [6a3955dd] + ImageFiltering v0.6.9
  [6218d12a] + ImageMagick v0.7.5
  [bc367c6b] + ImageMetadata v0.7.2
  [787d08f9] + ImageMorphology v0.2.8
  [4e3cecfd] + ImageShow v0.2.3
  [02fcd773] + ImageTransformations v0.8.5
  [916415d5] + Images v0.18.0
  [9b13fd28] + IndirectArrays v0.5.1
  [1d5cc7b8] + IntelOpenMP_jll v2018.0.3+0
  [a98d9a8b] + Interpolations v0.12.10
  [8197267c] + IntervalSets v0.5.1
  [c8e1da08] + IterTools v1.3.0
  [033835bb] + JLD2 v0.1.14
  [1902f260] + Knet v1.3.9
  [929cbde3] + LLVM v2.0.0
  [856f044c] + MKL_jll v2020.1.216+0
  [1914dd2f] + MacroTools v0.5.5
  [dbb5928d] + MappedArrays v0.2.2
  [e1d29d7a] + Missings v0.4.3
  [e94cdb99] + MosaicViews v0.2.2
  [872c559c] + NNlib v0.7.4
  [77ba4419] + NaNMath v0.3.4
  [6fe1bfb0] + OffsetArrays v0.11.4
  [efe28fd5] + OpenSpecFun_jll v0.5.3+3
  [bac558e1] + OrderedCollections v1.3.0
  [5432bcbf] + PaddedViews v0.5.5
  [0bf025f6] + Photon v0.2.0
  [3349acd9] + ProtoBuf v0.8.0
  [b3c3ace0] + RangeArrays v0.3.2
  [c84ed2f1] + Ratios v0.4.0
  [189a3867] + Reexport v0.2.0
  [ae029012] + Requires v1.0.1
  [6038ab10] + Rotations v1.0.1
  [699a6c99] + SimpleTraits v0.9.2
  [a2af1166] + SortingAlgorithms v0.3.1
  [276daf66] + SpecialFunctions v0.9.0
  [90137ffa] + StaticArrays v0.12.4
  [2913bbd2] + StatsBase v0.32.2
  [899adc3e] + TensorBoardLogger v0.1.10
  [06e1c1a7] + TiledIteration v0.2.4
  [a759f4b9] + TimerOutputs v0.5.6
  [3bb67fe8] + TranscodingStreams v0.9.5
  [efce3f68] + WoodburyMatrices v0.5.2
  [83775a58] + Zlib_jll v1.2.11+15
  [2a0f44e3] + Base64
  [8bf52ea8] + CRC32c
  [ade2ca70] + Dates
  [8bb1440f] + DelimitedFiles
  [8ba89e20] + Distributed
  [b77e0a4c] + InteractiveUtils
  [76f85450] + LibGit2
  [8f399da3] + Libdl
  [37e2e46d] + LinearAlgebra
  [56ddb016] + Logging
  [d6f4376e] + Markdown
  [a63ad114] + Mmap
  [44cfe95a] + Pkg
  [de0858da] + Printf
  [3fa0cd96] + REPL
  [9a3f8284] + Random
  [ea8e919c] + SHA
  [9e88b42a] + Serialization
  [1a1011a3] + SharedArrays
  [6462fe0b] + Sockets
  [2f01184e] + SparseArrays
  [10745b16] + Statistics
  [8dfed614] + Test
  [cf7118a7] + UUIDs
  [4ec0a83e] + Unicode
   Building ImageMagick → `~/.julia/packages/ImageMagick/vMfoS/deps/build.log`
   Building FFTW ───────→ `~/.julia/packages/FFTW/kcXL6/deps/build.log`
    Testing Photon
Status `/tmp/jl_jHCEru/Project.toml`
  [944b1d66] CodecZlib v0.7.0
  [6218d12a] ImageMagick v0.7.5
  [916415d5] Images v0.18.0
  [033835bb] JLD2 v0.1.14
  [1902f260] Knet v1.3.9
  [1914dd2f] MacroTools v0.5.5
  [0bf025f6] Photon v0.2.0
  [189a3867] Reexport v0.2.0
  [899adc3e] TensorBoardLogger v0.1.10
  [de0858da] Printf
  [9a3f8284] Random
  [9e88b42a] Serialization
  [10745b16] Statistics
  [8dfed614] Test
Status `/tmp/jl_jHCEru/Manifest.toml`
  [621f4979] AbstractFFTs v0.5.0
  [79e6a3ab] Adapt v2.0.2
  [6710c13c] AutoGrad v1.2.3
  [13072b0f] AxisAlgorithms v1.0.0
  [39de3d68] AxisArrays v0.3.3
  [b99e7846] BinaryProvider v0.5.10
  [fa961155] CEnum v0.4.1
  [052768ef] CUDA v1.2.1
  [aafaddc9] CatIndices v0.2.1
  [944b1d66] CodecZlib v0.7.0
  [3da002f7] ColorTypes v0.8.1
  [c3611d14] ColorVectorSpace v0.7.1
  [5ae59095] Colors v0.9.6
  [34da2185] Compat v2.2.0
  [e66e0078] CompilerSupportLibraries_jll v0.3.3+0
  [ed09eef8] ComputationalResources v0.3.2
  [150eb455] CoordinateTransformations v0.6.0
  [dc8bdbbb] CustomUnitRanges v1.0.0
  [9a962f9c] DataAPI v1.3.0
  [864edb3b] DataStructures v0.17.20
  [b4f34e82] Distances v0.8.2
  [da5c29d0] EllipsisNotation v0.4.0
  [e2ba6199] ExprTools v0.1.1
  [4f61f5a4] FFTViews v0.3.1
  [7a1cc6ca] FFTW v1.2.2
  [f5851436] FFTW_jll v3.3.9+5
  [5789e2e9] FileIO v1.4.0
  [53c48c17] FixedPointNumbers v0.6.1
  [0c68f7d7] GPUArrays v5.0.0
  [61eb1bfa] GPUCompiler v0.5.5
  [a2bd30eb] Graphics v0.4.0
  [bbac6d45] IdentityRanges v0.3.1
  [2803e5a7] ImageAxes v0.6.4
  [a09fc81d] ImageCore v0.8.14
  [51556ac3] ImageDistances v0.2.7
  [6a3955dd] ImageFiltering v0.6.9
  [6218d12a] ImageMagick v0.7.5
  [bc367c6b] ImageMetadata v0.7.2
  [787d08f9] ImageMorphology v0.2.8
  [4e3cecfd] ImageShow v0.2.3
  [02fcd773] ImageTransformations v0.8.5
  [916415d5] Images v0.18.0
  [9b13fd28] IndirectArrays v0.5.1
  [1d5cc7b8] IntelOpenMP_jll v2018.0.3+0
  [a98d9a8b] Interpolations v0.12.10
  [8197267c] IntervalSets v0.5.1
  [c8e1da08] IterTools v1.3.0
  [033835bb] JLD2 v0.1.14
  [1902f260] Knet v1.3.9
  [929cbde3] LLVM v2.0.0
  [856f044c] MKL_jll v2020.1.216+0
  [1914dd2f] MacroTools v0.5.5
  [dbb5928d] MappedArrays v0.2.2
  [e1d29d7a] Missings v0.4.3
  [e94cdb99] MosaicViews v0.2.2
  [872c559c] NNlib v0.7.4
  [77ba4419] NaNMath v0.3.4
  [6fe1bfb0] OffsetArrays v0.11.4
  [efe28fd5] OpenSpecFun_jll v0.5.3+3
  [bac558e1] OrderedCollections v1.3.0
  [5432bcbf] PaddedViews v0.5.5
  [0bf025f6] Photon v0.2.0
  [3349acd9] ProtoBuf v0.8.0
  [b3c3ace0] RangeArrays v0.3.2
  [c84ed2f1] Ratios v0.4.0
  [189a3867] Reexport v0.2.0
  [ae029012] Requires v1.0.1
  [6038ab10] Rotations v1.0.1
  [699a6c99] SimpleTraits v0.9.2
  [a2af1166] SortingAlgorithms v0.3.1
  [276daf66] SpecialFunctions v0.9.0
  [90137ffa] StaticArrays v0.12.4
  [2913bbd2] StatsBase v0.32.2
  [899adc3e] TensorBoardLogger v0.1.10
  [06e1c1a7] TiledIteration v0.2.4
  [a759f4b9] TimerOutputs v0.5.6
  [3bb67fe8] TranscodingStreams v0.9.5
  [efce3f68] WoodburyMatrices v0.5.2
  [83775a58] Zlib_jll v1.2.11+15
  [2a0f44e3] Base64
  [8bf52ea8] CRC32c
  [ade2ca70] Dates
  [8bb1440f] DelimitedFiles
  [8ba89e20] Distributed
  [b77e0a4c] InteractiveUtils
  [76f85450] LibGit2
  [8f399da3] Libdl
  [37e2e46d] LinearAlgebra
  [56ddb016] Logging
  [d6f4376e] Markdown
  [a63ad114] Mmap
  [44cfe95a] Pkg
  [de0858da] Printf
  [3fa0cd96] REPL
  [9a3f8284] Random
  [ea8e919c] SHA
  [9e88b42a] Serialization
  [1a1011a3] SharedArrays
  [6462fe0b] Sockets
  [2f01184e] SparseArrays
  [10745b16] Statistics
  [8dfed614] Test
  [cf7118a7] UUIDs
  [4ec0a83e] Unicode
[ Info: Running Unit tests
[ Info: Testing Basics
Conv: Error During Test at /home/pkgeval/.julia/packages/Photon/epVzB/test/conv.jl:131
  Got exception outside of a @test
  AssertionError: This functionality is unavailabe as CUDNN is missing.
  Stacktrace:
    [1] macro expansion
      @ ~/.julia/packages/CUDA/7vLVC/deps/bindeps.jl:74 [inlined]
    [2] macro expansion
      @ ~/.julia/packages/CUDA/7vLVC/src/initialization.jl:51 [inlined]
    [3] libcudnn
      @ ~/.julia/packages/CUDA/7vLVC/deps/bindeps.jl:73 [inlined]
    [4] (::CUDA.CUDNN.var"#19208#cache_fptr!#9")()
      @ CUDA.CUDNN ~/.julia/packages/CUDA/7vLVC/lib/utils/call.jl:31
    [5] macro expansion
      @ ~/.julia/packages/CUDA/7vLVC/lib/utils/call.jl:39 [inlined]
    [6] unsafe_cudnnCreate(handle::Base.RefValue{Ptr{Nothing}})
      @ CUDA.CUDNN ~/.julia/packages/CUDA/7vLVC/lib/cudnn/libcudnn.jl:39
    [7] macro expansion
      @ ~/.julia/packages/CUDA/7vLVC/lib/cudnn/base.jl:6 [inlined]
    [8] macro expansion
      @ ~/.julia/packages/CUDA/7vLVC/src/pool.jl:338 [inlined]
    [9] cudnnCreate()
      @ CUDA.CUDNN ~/.julia/packages/CUDA/7vLVC/lib/cudnn/base.jl:3
   [10] #516
      @ ~/.julia/packages/CUDA/7vLVC/lib/cudnn/CUDNN.jl:44 [inlined]
   [11] get!(default::CUDA.CUDNN.var"#516#519"{CUDA.CuContext}, d::IdDict{Any,Any}, key::Any)
      @ Base ./iddict.jl:161
   [12] handle()
      @ CUDA.CUDNN ~/.julia/packages/CUDA/7vLVC/lib/cudnn/CUDNN.jl:43
   [13] forw(::Function, ::AutoGrad.Param{Knet.KnetArray{Float32,4}}, ::Vararg{Any,N} where N; kwargs::Base.Iterators.Pairs{Symbol,Int64,Tuple{Symbol,Symbol,Symbol},NamedTuple{(:padding, :stride, :dilation),Tuple{Int64,Int64,Int64}}})
      @ AutoGrad ~/.julia/packages/AutoGrad/VFrAv/src/core.jl:66
   [14] #conv4#356
      @ ./none:0 [inlined]
   [15] call(c::Photon.Conv, x::Knet.KnetArray{Float32,4})
      @ Photon ~/.julia/packages/Photon/epVzB/src/layers/conv.jl:63
   [16] (::Photon.Conv)(X::Knet.KnetArray{Float32,4})
      @ Photon ~/.julia/packages/Photon/epVzB/src/layers/core.jl:48
   [17] test_base_Conv2D()
      @ Main.PhotonTest.ConvTests ~/.julia/packages/Photon/epVzB/test/conv.jl:43
   [18] top-level scope
      @ ~/.julia/packages/Photon/epVzB/test/conv.jl:132
   [19] top-level scope
      @ /buildworker/worker/package_linux64/build/usr/share/julia/stdlib/v1.6/Test/src/Test.jl:1114
   [20] top-level scope
      @ ~/.julia/packages/Photon/epVzB/test/conv.jl:132
   [21] include
      @ ./Base.jl:375 [inlined]
   [22] include(x::String)
      @ Main.PhotonTest ~/.julia/packages/Photon/epVzB/test/runtests.jl:1
   [23] top-level scope
      @ ~/.julia/packages/Photon/epVzB/test/runtests.jl:13
   [24] top-level scope
      @ /buildworker/worker/package_linux64/build/usr/share/julia/stdlib/v1.6/Test/src/Test.jl:1114
   [25] top-level scope
      @ ~/.julia/packages/Photon/epVzB/test/runtests.jl:10
   [26] include(fname::String)
      @ Base.MainInclude ./client.jl:443
   [27] top-level scope
      @ none:6
   [28] eval(m::Module, e::Any)
      @ Core ./boot.jl:344
   [29] exec_options(opts::Base.JLOptions)
      @ Base ./client.jl:260
   [30] _start()
      @ Base ./client.jl:484
  
Recurrent: Error During Test at /home/pkgeval/.julia/packages/Photon/epVzB/test/recurrent.jl:95
  Got exception outside of a @test
  AssertionError: This functionality is unavailabe as CUDNN is missing.
  Stacktrace:
    [1] macro expansion
      @ ~/.julia/packages/CUDA/7vLVC/deps/bindeps.jl:74 [inlined]
    [2] macro expansion
      @ ~/.julia/packages/CUDA/7vLVC/src/initialization.jl:51 [inlined]
    [3] libcudnn
      @ ~/.julia/packages/CUDA/7vLVC/deps/bindeps.jl:73 [inlined]
    [4] (::CUDA.CUDNN.var"#19208#cache_fptr!#9")()
      @ CUDA.CUDNN ~/.julia/packages/CUDA/7vLVC/lib/utils/call.jl:31
    [5] macro expansion
      @ ~/.julia/packages/CUDA/7vLVC/lib/utils/call.jl:39 [inlined]
    [6] unsafe_cudnnCreate(handle::Base.RefValue{Ptr{Nothing}})
      @ CUDA.CUDNN ~/.julia/packages/CUDA/7vLVC/lib/cudnn/libcudnn.jl:39
    [7] macro expansion
      @ ~/.julia/packages/CUDA/7vLVC/lib/cudnn/base.jl:6 [inlined]
    [8] macro expansion
      @ ~/.julia/packages/CUDA/7vLVC/src/pool.jl:338 [inlined]
    [9] cudnnCreate()
      @ CUDA.CUDNN ~/.julia/packages/CUDA/7vLVC/lib/cudnn/base.jl:3
   [10] #516
      @ ~/.julia/packages/CUDA/7vLVC/lib/cudnn/CUDNN.jl:44 [inlined]
   [11] get!(default::CUDA.CUDNN.var"#516#519"{CUDA.CuContext}, d::IdDict{Any,Any}, key::Any)
      @ Base ./iddict.jl:161
   [12] handle()
      @ CUDA.CUDNN ~/.julia/packages/CUDA/7vLVC/lib/cudnn/CUDNN.jl:43
   [13] gethandle()
      @ Knet ~/.julia/packages/Knet/exwCE/src/rnn.jl:403
   [14] build(l::Photon.Recurrent, shape::Tuple{Int64,Int64})
      @ Photon ~/.julia/packages/Photon/epVzB/src/layers/recurrent.jl:45
   [15] (::Photon.Recurrent)(X::Knet.KnetArray{Float32,3})
      @ Photon ~/.julia/packages/Photon/epVzB/src/layers/core.jl:44
   [16] basic_layer(T::typeof(Photon.LSTM))
      @ Main.PhotonTest.RecurrentTests ~/.julia/packages/Photon/epVzB/test/recurrent.jl:16
   [17] top-level scope
      @ ~/.julia/packages/Photon/epVzB/test/recurrent.jl:96
   [18] top-level scope
      @ /buildworker/worker/package_linux64/build/usr/share/julia/stdlib/v1.6/Test/src/Test.jl:1114
   [19] top-level scope
      @ ~/.julia/packages/Photon/epVzB/test/recurrent.jl:96
   [20] include
      @ ./Base.jl:375 [inlined]
   [21] include(x::String)
      @ Main.PhotonTest ~/.julia/packages/Photon/epVzB/test/runtests.jl:1
   [22] top-level scope
      @ ~/.julia/packages/Photon/epVzB/test/runtests.jl:14
   [23] top-level scope
      @ /buildworker/worker/package_linux64/build/usr/share/julia/stdlib/v1.6/Test/src/Test.jl:1114
   [24] top-level scope
      @ ~/.julia/packages/Photon/epVzB/test/runtests.jl:10
   [25] include(fname::String)
      @ Base.MainInclude ./client.jl:443
   [26] top-level scope
      @ none:6
   [27] eval(m::Module, e::Any)
      @ Core ./boot.jl:344
   [28] exec_options(opts::Base.JLOptions)
      @ Base ./client.jl:260
   [29] _start()
      @ Base ./client.jl:484
  
[ Info: Testing Large models
[ Info: Loaded AlexNet model
[ Info: Loaded DenseNet models
[ Info: Loaded VGG models
VGG: Error During Test at /home/pkgeval/.julia/packages/Photon/epVzB/test/modelzoo.jl:24
  Got exception outside of a @test
  AssertionError: This functionality is unavailabe as CUDNN is missing.
  Stacktrace:
    [1] macro expansion
      @ ~/.julia/packages/CUDA/7vLVC/deps/bindeps.jl:74 [inlined]
    [2] macro expansion
      @ ~/.julia/packages/CUDA/7vLVC/src/initialization.jl:51 [inlined]
    [3] libcudnn
      @ ~/.julia/packages/CUDA/7vLVC/deps/bindeps.jl:73 [inlined]
    [4] (::CUDA.CUDNN.var"#19208#cache_fptr!#9")()
      @ CUDA.CUDNN ~/.julia/packages/CUDA/7vLVC/lib/utils/call.jl:31
    [5] macro expansion
      @ ~/.julia/packages/CUDA/7vLVC/lib/utils/call.jl:39 [inlined]
    [6] unsafe_cudnnCreate(handle::Base.RefValue{Ptr{Nothing}})
      @ CUDA.CUDNN ~/.julia/packages/CUDA/7vLVC/lib/cudnn/libcudnn.jl:39
    [7] macro expansion
      @ ~/.julia/packages/CUDA/7vLVC/lib/cudnn/base.jl:6 [inlined]
    [8] macro expansion
      @ ~/.julia/packages/CUDA/7vLVC/src/pool.jl:338 [inlined]
    [9] cudnnCreate()
      @ CUDA.CUDNN ~/.julia/packages/CUDA/7vLVC/lib/cudnn/base.jl:3
   [10] #516
      @ ~/.julia/packages/CUDA/7vLVC/lib/cudnn/CUDNN.jl:44 [inlined]
   [11] get!(default::CUDA.CUDNN.var"#516#519"{CUDA.CuContext}, d::IdDict{Any,Any}, key::Any)
      @ Base ./iddict.jl:161
   [12] handle()
      @ CUDA.CUDNN ~/.julia/packages/CUDA/7vLVC/lib/cudnn/CUDNN.jl:43
   [13] forw(::Function, ::AutoGrad.Param{Knet.KnetArray{Float32,4}}, ::Vararg{Any,N} where N; kwargs::Base.Iterators.Pairs{Symbol,Int64,Tuple{Symbol,Symbol,Symbol},NamedTuple{(:padding, :stride, :dilation),Tuple{Int64,Int64,Int64}}})
      @ AutoGrad ~/.julia/packages/AutoGrad/VFrAv/src/core.jl:66
   [14] #conv4#356
      @ ./none:0 [inlined]
   [15] call(c::Photon.Conv, x::Knet.KnetArray{Float32,4})
      @ Photon ~/.julia/packages/Photon/epVzB/src/layers/conv.jl:63
   [16] (::Photon.Conv)(X::Knet.KnetArray{Float32,4})
      @ Photon ~/.julia/packages/Photon/epVzB/src/layers/core.jl:48
   [17] call(model::Photon.Sequential, X::Knet.KnetArray{Float32,4})
      @ Photon ~/.julia/packages/Photon/epVzB/src/layers/container.jl:35
   [18] (::Photon.Sequential)(X::Knet.KnetArray{Float32,4})
      @ Photon ~/.julia/packages/Photon/epVzB/src/layers/core.jl:33
   [19] (::Main.PhotonTest.ZooTests.Zoo.VGG)(x::Knet.KnetArray{Float32,4})
      @ Main.PhotonTest.ZooTests.Zoo ~/.julia/packages/Photon/epVzB/src/zoo/vgg.jl:36
   [20] test_vgg()
      @ Main.PhotonTest.ZooTests ~/.julia/packages/Photon/epVzB/test/modelzoo.jl:20
   [21] top-level scope
      @ ~/.julia/packages/Photon/epVzB/test/modelzoo.jl:25
   [22] top-level scope
      @ /buildworker/worker/package_linux64/build/usr/share/julia/stdlib/v1.6/Test/src/Test.jl:1114
   [23] top-level scope
      @ ~/.julia/packages/Photon/epVzB/test/modelzoo.jl:25
   [24] include
      @ ./Base.jl:375 [inlined]
   [25] include(x::String)
      @ Main.PhotonTest ~/.julia/packages/Photon/epVzB/test/runtests.jl:1
   [26] top-level scope
      @ ~/.julia/packages/Photon/epVzB/test/runtests.jl:17
   [27] top-level scope
      @ /buildworker/worker/package_linux64/build/usr/share/julia/stdlib/v1.6/Test/src/Test.jl:1114
   [28] top-level scope
      @ ~/.julia/packages/Photon/epVzB/test/runtests.jl:10
   [29] include(fname::String)
      @ Base.MainInclude ./client.jl:443
   [30] top-level scope
      @ none:6
   [31] eval(m::Module, e::Any)
      @ Core ./boot.jl:344
   [32] exec_options(opts::Base.JLOptions)
      @ Base ./client.jl:260
   [33] _start()
      @ Base ./client.jl:484
  
AlexNet: Error During Test at /home/pkgeval/.julia/packages/Photon/epVzB/test/modelzoo.jl:36
  Got exception outside of a @test
  AssertionError: This functionality is unavailabe as CUDNN is missing.
  Stacktrace:
    [1] macro expansion
      @ ~/.julia/packages/CUDA/7vLVC/deps/bindeps.jl:74 [inlined]
    [2] macro expansion
      @ ~/.julia/packages/CUDA/7vLVC/src/initialization.jl:51 [inlined]
    [3] libcudnn
      @ ~/.julia/packages/CUDA/7vLVC/deps/bindeps.jl:73 [inlined]
    [4] (::CUDA.CUDNN.var"#19208#cache_fptr!#9")()
      @ CUDA.CUDNN ~/.julia/packages/CUDA/7vLVC/lib/utils/call.jl:31
    [5] macro expansion
      @ ~/.julia/packages/CUDA/7vLVC/lib/utils/call.jl:39 [inlined]
    [6] unsafe_cudnnCreate(handle::Base.RefValue{Ptr{Nothing}})
      @ CUDA.CUDNN ~/.julia/packages/CUDA/7vLVC/lib/cudnn/libcudnn.jl:39
    [7] macro expansion
      @ ~/.julia/packages/CUDA/7vLVC/lib/cudnn/base.jl:6 [inlined]
    [8] macro expansion
      @ ~/.julia/packages/CUDA/7vLVC/src/pool.jl:338 [inlined]
    [9] cudnnCreate()
      @ CUDA.CUDNN ~/.julia/packages/CUDA/7vLVC/lib/cudnn/base.jl:3
   [10] #516
      @ ~/.julia/packages/CUDA/7vLVC/lib/cudnn/CUDNN.jl:44 [inlined]
   [11] get!(default::CUDA.CUDNN.var"#516#519"{CUDA.CuContext}, d::IdDict{Any,Any}, key::Any)
      @ Base ./iddict.jl:161
   [12] handle()
      @ CUDA.CUDNN ~/.julia/packages/CUDA/7vLVC/lib/cudnn/CUDNN.jl:43
   [13] forw(::Function, ::AutoGrad.Param{Knet.KnetArray{Float32,4}}, ::Vararg{Any,N} where N; kwargs::Base.Iterators.Pairs{Symbol,Int64,Tuple{Symbol,Symbol,Symbol},NamedTuple{(:padding, :stride, :dilation),Tuple{Int64,Int64,Int64}}})
      @ AutoGrad ~/.julia/packages/AutoGrad/VFrAv/src/core.jl:66
   [14] #conv4#356
      @ ./none:0 [inlined]
   [15] call(c::Photon.Conv, x::Knet.KnetArray{Float32,4})
      @ Photon ~/.julia/packages/Photon/epVzB/src/layers/conv.jl:63
   [16] (::Photon.Conv)(X::Knet.KnetArray{Float32,4})
      @ Photon ~/.julia/packages/Photon/epVzB/src/layers/core.jl:48
   [17] call(model::Photon.Sequential, X::Knet.KnetArray{Float32,4})
      @ Photon ~/.julia/packages/Photon/epVzB/src/layers/container.jl:35
   [18] (::Photon.Sequential)(X::Knet.KnetArray{Float32,4})
      @ Photon ~/.julia/packages/Photon/epVzB/src/layers/core.jl:33
   [19] (::Main.PhotonTest.ZooTests.Zoo.AlexNet)(X::Knet.KnetArray{Float32,4})
      @ Main.PhotonTest.ZooTests.Zoo ~/.julia/packages/Photon/epVzB/src/zoo/alexnet.jl:29
   [20] test_alexnet()
      @ Main.PhotonTest.ZooTests ~/.julia/packages/Photon/epVzB/test/modelzoo.jl:32
   [21] top-level scope
      @ ~/.julia/packages/Photon/epVzB/test/modelzoo.jl:37
   [22] top-level scope
      @ /buildworker/worker/package_linux64/build/usr/share/julia/stdlib/v1.6/Test/src/Test.jl:1114
   [23] top-level scope
      @ ~/.julia/packages/Photon/epVzB/test/modelzoo.jl:37
   [24] include
      @ ./Base.jl:375 [inlined]
   [25] include(x::String)
      @ Main.PhotonTest ~/.julia/packages/Photon/epVzB/test/runtests.jl:1
   [26] top-level scope
      @ ~/.julia/packages/Photon/epVzB/test/runtests.jl:17
   [27] top-level scope
      @ /buildworker/worker/package_linux64/build/usr/share/julia/stdlib/v1.6/Test/src/Test.jl:1114
   [28] top-level scope
      @ ~/.julia/packages/Photon/epVzB/test/runtests.jl:10
   [29] include(fname::String)
      @ Base.MainInclude ./client.jl:443
   [30] top-level scope
      @ none:6
   [31] eval(m::Module, e::Any)
      @ Core ./boot.jl:344
   [32] exec_options(opts::Base.JLOptions)
      @ Base ./client.jl:260
   [33] _start()
      @ Base ./client.jl:484
  
DenseNet: Error During Test at /home/pkgeval/.julia/packages/Photon/epVzB/test/modelzoo.jl:54
  Got exception outside of a @test
  AssertionError: This functionality is unavailabe as CUDNN is missing.
  Stacktrace:
    [1] macro expansion
      @ ~/.julia/packages/CUDA/7vLVC/deps/bindeps.jl:74 [inlined]
    [2] macro expansion
      @ ~/.julia/packages/CUDA/7vLVC/src/initialization.jl:51 [inlined]
    [3] libcudnn
      @ ~/.julia/packages/CUDA/7vLVC/deps/bindeps.jl:73 [inlined]
    [4] (::CUDA.CUDNN.var"#19208#cache_fptr!#9")()
      @ CUDA.CUDNN ~/.julia/packages/CUDA/7vLVC/lib/utils/call.jl:31
    [5] macro expansion
      @ ~/.julia/packages/CUDA/7vLVC/lib/utils/call.jl:39 [inlined]
    [6] unsafe_cudnnCreate(handle::Base.RefValue{Ptr{Nothing}})
      @ CUDA.CUDNN ~/.julia/packages/CUDA/7vLVC/lib/cudnn/libcudnn.jl:39
    [7] macro expansion
      @ ~/.julia/packages/CUDA/7vLVC/lib/cudnn/base.jl:6 [inlined]
    [8] macro expansion
      @ ~/.julia/packages/CUDA/7vLVC/src/pool.jl:338 [inlined]
    [9] cudnnCreate()
      @ CUDA.CUDNN ~/.julia/packages/CUDA/7vLVC/lib/cudnn/base.jl:3
   [10] #516
      @ ~/.julia/packages/CUDA/7vLVC/lib/cudnn/CUDNN.jl:44 [inlined]
   [11] get!(default::CUDA.CUDNN.var"#516#519"{CUDA.CuContext}, d::IdDict{Any,Any}, key::Any)
      @ Base ./iddict.jl:161
   [12] handle()
      @ CUDA.CUDNN ~/.julia/packages/CUDA/7vLVC/lib/cudnn/CUDNN.jl:43
   [13] forw(::Function, ::AutoGrad.Param{Knet.KnetArray{Float32,4}}, ::Vararg{Any,N} where N; kwargs::Base.Iterators.Pairs{Symbol,Int64,Tuple{Symbol,Symbol,Symbol},NamedTuple{(:padding, :stride, :dilation),Tuple{Int64,Int64,Int64}}})
      @ AutoGrad ~/.julia/packages/AutoGrad/VFrAv/src/core.jl:66
   [14] #conv4#356
      @ ./none:0 [inlined]
   [15] call(c::Photon.Conv, x::Knet.KnetArray{Float32,4})
      @ Photon ~/.julia/packages/Photon/epVzB/src/layers/conv.jl:63
   [16] (::Photon.Conv)(X::Knet.KnetArray{Float32,4})
      @ Photon ~/.julia/packages/Photon/epVzB/src/layers/core.jl:48
   [17] call(model::Photon.Sequential, X::Knet.KnetArray{Float32,4})
      @ Photon ~/.julia/packages/Photon/epVzB/src/layers/container.jl:35
   [18] (::Photon.Sequential)(X::Knet.KnetArray{Float32,4})
      @ Photon ~/.julia/packages/Photon/epVzB/src/layers/core.jl:33
   [19] (::Main.PhotonTest.ZooTests.Zoo.DenseNet)(x::Knet.KnetArray{Float32,4})
      @ Main.PhotonTest.ZooTests.Zoo ~/.julia/packages/Photon/epVzB/src/zoo/densenet.jl:96
   [20] test_densenet()
      @ Main.PhotonTest.ZooTests ~/.julia/packages/Photon/epVzB/test/modelzoo.jl:44
   [21] top-level scope
      @ ~/.julia/packages/Photon/epVzB/test/modelzoo.jl:55
   [22] top-level scope
      @ /buildworker/worker/package_linux64/build/usr/share/julia/stdlib/v1.6/Test/src/Test.jl:1114
   [23] top-level scope
      @ ~/.julia/packages/Photon/epVzB/test/modelzoo.jl:55
   [24] include
      @ ./Base.jl:375 [inlined]
   [25] include(x::String)
      @ Main.PhotonTest ~/.julia/packages/Photon/epVzB/test/runtests.jl:1
   [26] top-level scope
      @ ~/.julia/packages/Photon/epVzB/test/runtests.jl:17
   [27] top-level scope
      @ /buildworker/worker/package_linux64/build/usr/share/julia/stdlib/v1.6/Test/src/Test.jl:1114
   [28] top-level scope
      @ ~/.julia/packages/Photon/epVzB/test/runtests.jl:10
   [29] include(fname::String)
      @ Base.MainInclude ./client.jl:443
   [30] top-level scope
      @ none:6
   [31] eval(m::Module, e::Any)
      @ Core ./boot.jl:344
   [32] exec_options(opts::Base.JLOptions)
      @ Base ./client.jl:260
   [33] _start()
      @ Base ./client.jl:484
  
[ Info: Testing training of models

Stacktrace:
  [1] macro expansion
    @ ~/.julia/packages/CUDA/7vLVC/deps/bindeps.jl:74 [inlined]
  [2] macro expansion
    @ ~/.julia/packages/CUDA/7vLVC/src/initialization.jl:51 [inlined]
  [3] libcudnn
    @ ~/.julia/packages/CUDA/7vLVC/deps/bindeps.jl:73 [inlined]
  [4] (::CUDA.CUDNN.var"#19208#cache_fptr!#9")()
    @ CUDA.CUDNN ~/.julia/packages/CUDA/7vLVC/lib/utils/call.jl:31
  [5] macro expansion
    @ ~/.julia/packages/CUDA/7vLVC/lib/utils/call.jl:39 [inlined]
  [6] unsafe_cudnnCreate(handle::Base.RefValue{Ptr{Nothing}})
    @ CUDA.CUDNN ~/.julia/packages/CUDA/7vLVC/lib/cudnn/libcudnn.jl:39
  [7] macro expansion
    @ ~/.julia/packages/CUDA/7vLVC/lib/cudnn/base.jl:6 [inlined]
  [8] macro expansion
    @ ~/.julia/packages/CUDA/7vLVC/src/pool.jl:338 [inlined]
  [9] cudnnCreate()
    @ CUDA.CUDNN ~/.julia/packages/CUDA/7vLVC/lib/cudnn/base.jl:3
 [10] #516
    @ ~/.julia/packages/CUDA/7vLVC/lib/cudnn/CUDNN.jl:44 [inlined]
 [11] get!(default::CUDA.CUDNN.var"#516#519"{CUDA.CuContext}, d::IdDict{Any,Any}, key::Any)
    @ Base ./iddict.jl:161
 [12] handle()
    @ CUDA.CUDNN ~/.julia/packages/CUDA/7vLVC/lib/cudnn/CUDNN.jl:43
 [13] forw(::Function, ::AutoGrad.Param{Knet.KnetArray{Float32,4}}, ::Vararg{Any,N} where N; kwargs::Base.Iterators.Pairs{Symbol,Int64,Tuple{Symbol,Symbol,Symbol},NamedTuple{(:padding, :stride, :dilation),Tuple{Int64,Int64,Int64}}})
    @ AutoGrad ~/.julia/packages/AutoGrad/VFrAv/src/core.jl:66
 [14] #conv4#356
    @ ./none:0 [inlined]
 [15] call(c::Photon.Conv, x::Knet.KnetArray{Float32,4})
    @ Photon ~/.julia/packages/Photon/epVzB/src/layers/conv.jl:63
 [16] (::Photon.Conv)(X::Knet.KnetArray{Float32,4})
    @ Photon ~/.julia/packages/Photon/epVzB/src/layers/core.jl:48
 [17] call(model::Photon.Sequential, X::Knet.KnetArray{Float32,4})
    @ Photon ~/.julia/packages/Photon/epVzB/src/layers/container.jl:35
 [18] (::Photon.Sequential)(X::Knet.KnetArray{Float32,4})
    @ Photon ~/.julia/packages/Photon/epVzB/src/layers/core.jl:33
 [19] macro expansion
    @ ~/.julia/packages/Photon/epVzB/src/train.jl:240 [inlined]
 [20] (::Photon.var"#31#32"{Photon.Workout,Knet.KnetArray{Float32,2},Knet.KnetArray{Float32,4}})()
    @ Photon ~/.julia/packages/AutoGrad/VFrAv/src/core.jl:205
 [21] differentiate(::Function; o::Base.Iterators.Pairs{Union{},Union{},Tuple{},NamedTuple{(),Tuple{}}})
    @ AutoGrad ~/.julia/packages/AutoGrad/VFrAv/src/core.jl:144
 [22] differentiate
    @ ~/.julia/packages/AutoGrad/VFrAv/src/core.jl:135 [inlined]
 [23] step!(workout::Photon.Workout, minibatch::Tuple{Knet.KnetArray{Float32,4},Knet.KnetArray{Float32,2}}; zerograd::Bool)
    @ Photon ~/.julia/packages/Photon/epVzB/src/train.jl:239
 [24] step!
    @ ~/.julia/packages/Photon/epVzB/src/train.jl:237 [inlined]
 [25] train!(workout::Photon.Workout, data::Vector{Tuple{Knet.KnetArray{Float32,4},Knet.KnetArray{Float32,2}}}, validation::Nothing; epochs::Int64, cb::Photon.Callbacks.SilentMeter)
    @ Photon ~/.julia/packages/Photon/epVzB/src/train.jl:307
 [26] test_train()
    @ Main.PhotonTest.TrainingTests ~/.julia/packages/Photon/epVzB/test/training.jl:53
 [27] top-level scope
    @ ~/.julia/packages/Photon/epVzB/test/training.jl:121
 [28] top-level scope
    @ /buildworker/worker/package_linux64/build/usr/share/julia/stdlib/v1.6/Test/src/Test.jl:1114
 [29] top-level scope
    @ ~/.julia/packages/Photon/epVzB/test/training.jl:120
 [30] include
    @ ./Base.jl:375 [inlined]
 [31] include(x::String)
    @ Main.PhotonTest ~/.julia/packages/Photon/epVzB/test/runtests.jl:1
 [32] top-level scope
    @ ~/.julia/packages/Photon/epVzB/test/runtests.jl:20
 [33] top-level scope
    @ /buildworker/worker/package_linux64/build/usr/share/julia/stdlib/v1.6/Test/src/Test.jl:1114
 [34] top-level scope
    @ ~/.julia/packages/Photon/epVzB/test/runtests.jl:10
 [35] include(fname::String)
    @ Base.MainInclude ./client.jl:443
 [36] top-level scope
    @ none:6
 [37] eval(m::Module, e::Any)
    @ Core ./boot.jl:344
 [38] exec_options(opts::Base.JLOptions)
    @ Base ./client.jl:260
 [39] _start()
    @ Base ./client.jl:484
Training: Error During Test at /home/pkgeval/.julia/packages/Photon/epVzB/test/training.jl:119
  Got exception outside of a @test
  AssertionError: This functionality is unavailabe as CUDNN is missing.
  Stacktrace:
    [1] differentiate(::Function; o::Base.Iterators.Pairs{Union{},Union{},Tuple{},NamedTuple{(),Tuple{}}})
      @ AutoGrad ~/.julia/packages/AutoGrad/VFrAv/src/core.jl:148
    [2] differentiate
      @ ~/.julia/packages/AutoGrad/VFrAv/src/core.jl:135 [inlined]
    [3] step!(workout::Photon.Workout, minibatch::Tuple{Knet.KnetArray{Float32,4},Knet.KnetArray{Float32,2}}; zerograd::Bool)
      @ Photon ~/.julia/packages/Photon/epVzB/src/train.jl:239
    [4] step!
      @ ~/.julia/packages/Photon/epVzB/src/train.jl:237 [inlined]
    [5] train!(workout::Photon.Workout, data::Vector{Tuple{Knet.KnetArray{Float32,4},Knet.KnetArray{Float32,2}}}, validation::Nothing; epochs::Int64, cb::Photon.Callbacks.SilentMeter)
      @ Photon ~/.julia/packages/Photon/epVzB/src/train.jl:307
    [6] test_train()
      @ Main.PhotonTest.TrainingTests ~/.julia/packages/Photon/epVzB/test/training.jl:53
    [7] top-level scope
      @ ~/.julia/packages/Photon/epVzB/test/training.jl:121
    [8] top-level scope
      @ /buildworker/worker/package_linux64/build/usr/share/julia/stdlib/v1.6/Test/src/Test.jl:1114
    [9] top-level scope
      @ ~/.julia/packages/Photon/epVzB/test/training.jl:120
   [10] include
      @ ./Base.jl:375 [inlined]
   [11] include(x::String)
      @ Main.PhotonTest ~/.julia/packages/Photon/epVzB/test/runtests.jl:1
   [12] top-level scope
      @ ~/.julia/packages/Photon/epVzB/test/runtests.jl:20
   [13] top-level scope
      @ /buildworker/worker/package_linux64/build/usr/share/julia/stdlib/v1.6/Test/src/Test.jl:1114
   [14] top-level scope
      @ ~/.julia/packages/Photon/epVzB/test/runtests.jl:10
   [15] include(fname::String)
      @ Base.MainInclude ./client.jl:443
   [16] top-level scope
      @ none:6
   [17] eval(m::Module, e::Any)
      @ Core ./boot.jl:344
   [18] exec_options(opts::Base.JLOptions)
      @ Base ./client.jl:260
   [19] _start()
      @ Base ./client.jl:484
  
  caused by:
  AssertionError: This functionality is unavailabe as CUDNN is missing.
  Stacktrace:
    [1] macro expansion
      @ ~/.julia/packages/CUDA/7vLVC/deps/bindeps.jl:74 [inlined]
    [2] macro expansion
      @ ~/.julia/packages/CUDA/7vLVC/src/initialization.jl:51 [inlined]
    [3] libcudnn
      @ ~/.julia/packages/CUDA/7vLVC/deps/bindeps.jl:73 [inlined]
    [4] (::CUDA.CUDNN.var"#19208#cache_fptr!#9")()
      @ CUDA.CUDNN ~/.julia/packages/CUDA/7vLVC/lib/utils/call.jl:31
    [5] macro expansion
      @ ~/.julia/packages/CUDA/7vLVC/lib/utils/call.jl:39 [inlined]
    [6] unsafe_cudnnCreate(handle::Base.RefValue{Ptr{Nothing}})
      @ CUDA.CUDNN ~/.julia/packages/CUDA/7vLVC/lib/cudnn/libcudnn.jl:39
    [7] macro expansion
      @ ~/.julia/packages/CUDA/7vLVC/lib/cudnn/base.jl:6 [inlined]
    [8] macro expansion
      @ ~/.julia/packages/CUDA/7vLVC/src/pool.jl:338 [inlined]
    [9] cudnnCreate()
      @ CUDA.CUDNN ~/.julia/packages/CUDA/7vLVC/lib/cudnn/base.jl:3
   [10] #516
      @ ~/.julia/packages/CUDA/7vLVC/lib/cudnn/CUDNN.jl:44 [inlined]
   [11] get!(default::CUDA.CUDNN.var"#516#519"{CUDA.CuContext}, d::IdDict{Any,Any}, key::Any)
      @ Base ./iddict.jl:161
   [12] handle()
      @ CUDA.CUDNN ~/.julia/packages/CUDA/7vLVC/lib/cudnn/CUDNN.jl:43
   [13] forw(::Function, ::AutoGrad.Param{Knet.KnetArray{Float32,4}}, ::Vararg{Any,N} where N; kwargs::Base.Iterators.Pairs{Symbol,Int64,Tuple{Symbol,Symbol,Symbol},NamedTuple{(:padding, :stride, :dilation),Tuple{Int64,Int64,Int64}}})
      @ AutoGrad ~/.julia/packages/AutoGrad/VFrAv/src/core.jl:66
   [14] #conv4#356
      @ ./none:0 [inlined]
   [15] call(c::Photon.Conv, x::Knet.KnetArray{Float32,4})
      @ Photon ~/.julia/packages/Photon/epVzB/src/layers/conv.jl:63
   [16] (::Photon.Conv)(X::Knet.KnetArray{Float32,4})
      @ Photon ~/.julia/packages/Photon/epVzB/src/layers/core.jl:48
   [17] call(model::Photon.Sequential, X::Knet.KnetArray{Float32,4})
      @ Photon ~/.julia/packages/Photon/epVzB/src/layers/container.jl:35
   [18] (::Photon.Sequential)(X::Knet.KnetArray{Float32,4})
      @ Photon ~/.julia/packages/Photon/epVzB/src/layers/core.jl:33
   [19] macro expansion
      @ ~/.julia/packages/Photon/epVzB/src/train.jl:240 [inlined]
   [20] (::Photon.var"#31#32"{Photon.Workout,Knet.KnetArray{Float32,2},Knet.KnetArray{Float32,4}})()
      @ Photon ~/.julia/packages/AutoGrad/VFrAv/src/core.jl:205
   [21] differentiate(::Function; o::Base.Iterators.Pairs{Union{},Union{},Tuple{},NamedTuple{(),Tuple{}}})
      @ AutoGrad ~/.julia/packages/AutoGrad/VFrAv/src/core.jl:144
   [22] differentiate
      @ ~/.julia/packages/AutoGrad/VFrAv/src/core.jl:135 [inlined]
   [23] step!(workout::Photon.Workout, minibatch::Tuple{Knet.KnetArray{Float32,4},Knet.KnetArray{Float32,2}}; zerograd::Bool)
      @ Photon ~/.julia/packages/Photon/epVzB/src/train.jl:239
   [24] step!
      @ ~/.julia/packages/Photon/epVzB/src/train.jl:237 [inlined]
   [25] train!(workout::Photon.Workout, data::Vector{Tuple{Knet.KnetArray{Float32,4},Knet.KnetArray{Float32,2}}}, validation::Nothing; epochs::Int64, cb::Photon.Callbacks.SilentMeter)
      @ Photon ~/.julia/packages/Photon/epVzB/src/train.jl:307
   [26] test_train()
      @ Main.PhotonTest.TrainingTests ~/.julia/packages/Photon/epVzB/test/training.jl:53
   [27] top-level scope
      @ ~/.julia/packages/Photon/epVzB/test/training.jl:121
   [28] top-level scope
      @ /buildworker/worker/package_linux64/build/usr/share/julia/stdlib/v1.6/Test/src/Test.jl:1114
   [29] top-level scope
      @ ~/.julia/packages/Photon/epVzB/test/training.jl:120
   [30] include
      @ ./Base.jl:375 [inlined]
   [31] include(x::String)
      @ Main.PhotonTest ~/.julia/packages/Photon/epVzB/test/runtests.jl:1
   [32] top-level scope
      @ ~/.julia/packages/Photon/epVzB/test/runtests.jl:20
   [33] top-level scope
      @ /buildworker/worker/package_linux64/build/usr/share/julia/stdlib/v1.6/Test/src/Test.jl:1114
   [34] top-level scope
      @ ~/.julia/packages/Photon/epVzB/test/runtests.jl:10
   [35] include(fname::String)
      @ Base.MainInclude ./client.jl:443
   [36] top-level scope
      @ none:6
   [37] eval(m::Module, e::Any)
      @ Core ./boot.jl:344
   [38] exec_options(opts::Base.JLOptions)
      @ Base ./client.jl:260
   [39] _start()
      @ Base ./client.jl:484
  

Stacktrace:
  [1] macro expansion
    @ ~/.julia/packages/CUDA/7vLVC/deps/bindeps.jl:74 [inlined]
  [2] macro expansion
    @ ~/.julia/packages/CUDA/7vLVC/src/initialization.jl:51 [inlined]
  [3] libcudnn
    @ ~/.julia/packages/CUDA/7vLVC/deps/bindeps.jl:73 [inlined]
  [4] (::CUDA.CUDNN.var"#19208#cache_fptr!#9")()
    @ CUDA.CUDNN ~/.julia/packages/CUDA/7vLVC/lib/utils/call.jl:31
  [5] macro expansion
    @ ~/.julia/packages/CUDA/7vLVC/lib/utils/call.jl:39 [inlined]
  [6] unsafe_cudnnCreate(handle::Base.RefValue{Ptr{Nothing}})
    @ CUDA.CUDNN ~/.julia/packages/CUDA/7vLVC/lib/cudnn/libcudnn.jl:39
  [7] macro expansion
    @ ~/.julia/packages/CUDA/7vLVC/lib/cudnn/base.jl:6 [inlined]
  [8] macro expansion
    @ ~/.julia/packages/CUDA/7vLVC/src/pool.jl:338 [inlined]
  [9] cudnnCreate()
    @ CUDA.CUDNN ~/.julia/packages/CUDA/7vLVC/lib/cudnn/base.jl:3
 [10] #516
    @ ~/.julia/packages/CUDA/7vLVC/lib/cudnn/CUDNN.jl:44 [inlined]
 [11] get!(default::CUDA.CUDNN.var"#516#519"{CUDA.CuContext}, d::IdDict{Any,Any}, key::Any)
    @ Base ./iddict.jl:161
 [12] handle()
    @ CUDA.CUDNN ~/.julia/packages/CUDA/7vLVC/lib/cudnn/CUDNN.jl:43
 [13] forw(::Function, ::AutoGrad.Param{Knet.KnetArray{Float32,4}}, ::Vararg{Any,N} where N; kwargs::Base.Iterators.Pairs{Symbol,Int64,Tuple{Symbol,Symbol,Symbol},NamedTuple{(:padding, :stride, :dilation),Tuple{Int64,Int64,Int64}}})
    @ AutoGrad ~/.julia/packages/AutoGrad/VFrAv/src/core.jl:66
 [14] #conv4#356
    @ ./none:0 [inlined]
 [15] call(c::Photon.Conv, x::Knet.KnetArray{Float32,4})
    @ Photon ~/.julia/packages/Photon/epVzB/src/layers/conv.jl:63
 [16] (::Photon.Conv)(X::Knet.KnetArray{Float32,4})
    @ Photon ~/.julia/packages/Photon/epVzB/src/layers/core.jl:48
 [17] call(model::Photon.Sequential, X::Knet.KnetArray{Float32,4})
    @ Photon ~/.julia/packages/Photon/epVzB/src/layers/container.jl:35
 [18] (::Photon.Sequential)(X::Knet.KnetArray{Float32,4})
    @ Photon ~/.julia/packages/Photon/epVzB/src/layers/core.jl:33
 [19] macro expansion
    @ ~/.julia/packages/Photon/epVzB/src/train.jl:240 [inlined]
 [20] (::Photon.var"#31#32"{Photon.Workout,Knet.KnetArray{Float32,2},Knet.KnetArray{Float32,4}})()
    @ Photon ~/.julia/packages/AutoGrad/VFrAv/src/core.jl:205
 [21] differentiate(::Function; o::Base.Iterators.Pairs{Union{},Union{},Tuple{},NamedTuple{(),Tuple{}}})
    @ AutoGrad ~/.julia/packages/AutoGrad/VFrAv/src/core.jl:144
 [22] differentiate
    @ ~/.julia/packages/AutoGrad/VFrAv/src/core.jl:135 [inlined]
 [23] step!(workout::Photon.Workout, minibatch::Tuple{Array{Float32,4},Matrix{Float32}}; zerograd::Bool)
    @ Photon ~/.julia/packages/Photon/epVzB/src/train.jl:239
 [24] step!
    @ ~/.julia/packages/Photon/epVzB/src/train.jl:237 [inlined]
 [25] train!(workout::Photon.Workout, data::Base.Iterators.Zip{Tuple{Vector{Array{Float32,4}},Vector{Matrix{Float32}}}}, validation::Nothing; epochs::Int64, cb::Photon.Callbacks.SilentMeter)
    @ Photon ~/.julia/packages/Photon/epVzB/src/train.jl:307
 [26] testOptim(opt::Knet.Adam)
    @ Main.PhotonTest.OptimTests ~/.julia/packages/Photon/epVzB/test/optimise.jl:24
 [27] top-level scope
    @ ~/.julia/packages/Photon/epVzB/test/optimise.jl:29
 [28] top-level scope
    @ /buildworker/worker/package_linux64/build/usr/share/julia/stdlib/v1.6/Test/src/Test.jl:1114
 [29] top-level scope
    @ ~/.julia/packages/Photon/epVzB/test/optimise.jl:29
 [30] include
    @ ./Base.jl:375 [inlined]
 [31] include(x::String)
    @ Main.PhotonTest ~/.julia/packages/Photon/epVzB/test/runtests.jl:1
 [32] top-level scope
    @ ~/.julia/packages/Photon/epVzB/test/runtests.jl:21
 [33] top-level scope
    @ /buildworker/worker/package_linux64/build/usr/share/julia/stdlib/v1.6/Test/src/Test.jl:1114
 [34] top-level scope
    @ ~/.julia/packages/Photon/epVzB/test/runtests.jl:10
 [35] include(fname::String)
    @ Base.MainInclude ./client.jl:443
 [36] top-level scope
    @ none:6
 [37] eval(m::Module, e::Any)
    @ Core ./boot.jl:344
 [38] exec_options(opts::Base.JLOptions)
    @ Base ./client.jl:260
 [39] _start()
    @ Base ./client.jl:484
Optim: Error During Test at /home/pkgeval/.julia/packages/Photon/epVzB/test/optimise.jl:28
  Got exception outside of a @test
  AssertionError: This functionality is unavailabe as CUDNN is missing.
  Stacktrace:
    [1] differentiate(::Function; o::Base.Iterators.Pairs{Union{},Union{},Tuple{},NamedTuple{(),Tuple{}}})
      @ AutoGrad ~/.julia/packages/AutoGrad/VFrAv/src/core.jl:148
    [2] differentiate
      @ ~/.julia/packages/AutoGrad/VFrAv/src/core.jl:135 [inlined]
    [3] step!(workout::Photon.Workout, minibatch::Tuple{Array{Float32,4},Matrix{Float32}}; zerograd::Bool)
      @ Photon ~/.julia/packages/Photon/epVzB/src/train.jl:239
    [4] step!
      @ ~/.julia/packages/Photon/epVzB/src/train.jl:237 [inlined]
    [5] train!(workout::Photon.Workout, data::Base.Iterators.Zip{Tuple{Vector{Array{Float32,4}},Vector{Matrix{Float32}}}}, validation::Nothing; epochs::Int64, cb::Photon.Callbacks.SilentMeter)
      @ Photon ~/.julia/packages/Photon/epVzB/src/train.jl:307
    [6] testOptim(opt::Knet.Adam)
      @ Main.PhotonTest.OptimTests ~/.julia/packages/Photon/epVzB/test/optimise.jl:24
    [7] top-level scope
      @ ~/.julia/packages/Photon/epVzB/test/optimise.jl:29
    [8] top-level scope
      @ /buildworker/worker/package_linux64/build/usr/share/julia/stdlib/v1.6/Test/src/Test.jl:1114
    [9] top-level scope
      @ ~/.julia/packages/Photon/epVzB/test/optimise.jl:29
   [10] include
      @ ./Base.jl:375 [inlined]
   [11] include(x::String)
      @ Main.PhotonTest ~/.julia/packages/Photon/epVzB/test/runtests.jl:1
   [12] top-level scope
      @ ~/.julia/packages/Photon/epVzB/test/runtests.jl:21
   [13] top-level scope
      @ /buildworker/worker/package_linux64/build/usr/share/julia/stdlib/v1.6/Test/src/Test.jl:1114
   [14] top-level scope
      @ ~/.julia/packages/Photon/epVzB/test/runtests.jl:10
   [15] include(fname::String)
      @ Base.MainInclude ./client.jl:443
   [16] top-level scope
      @ none:6
   [17] eval(m::Module, e::Any)
      @ Core ./boot.jl:344
   [18] exec_options(opts::Base.JLOptions)
      @ Base ./client.jl:260
   [19] _start()
      @ Base ./client.jl:484
  
  caused by:
  AssertionError: This functionality is unavailabe as CUDNN is missing.
  Stacktrace:
    [1] macro expansion
      @ ~/.julia/packages/CUDA/7vLVC/deps/bindeps.jl:74 [inlined]
    [2] macro expansion
      @ ~/.julia/packages/CUDA/7vLVC/src/initialization.jl:51 [inlined]
    [3] libcudnn
      @ ~/.julia/packages/CUDA/7vLVC/deps/bindeps.jl:73 [inlined]
    [4] (::CUDA.CUDNN.var"#19208#cache_fptr!#9")()
      @ CUDA.CUDNN ~/.julia/packages/CUDA/7vLVC/lib/utils/call.jl:31
    [5] macro expansion
      @ ~/.julia/packages/CUDA/7vLVC/lib/utils/call.jl:39 [inlined]
    [6] unsafe_cudnnCreate(handle::Base.RefValue{Ptr{Nothing}})
      @ CUDA.CUDNN ~/.julia/packages/CUDA/7vLVC/lib/cudnn/libcudnn.jl:39
    [7] macro expansion
      @ ~/.julia/packages/CUDA/7vLVC/lib/cudnn/base.jl:6 [inlined]
    [8] macro expansion
      @ ~/.julia/packages/CUDA/7vLVC/src/pool.jl:338 [inlined]
    [9] cudnnCreate()
      @ CUDA.CUDNN ~/.julia/packages/CUDA/7vLVC/lib/cudnn/base.jl:3
   [10] #516
      @ ~/.julia/packages/CUDA/7vLVC/lib/cudnn/CUDNN.jl:44 [inlined]
   [11] get!(default::CUDA.CUDNN.var"#516#519"{CUDA.CuContext}, d::IdDict{Any,Any}, key::Any)
      @ Base ./iddict.jl:161
   [12] handle()
      @ CUDA.CUDNN ~/.julia/packages/CUDA/7vLVC/lib/cudnn/CUDNN.jl:43
   [13] forw(::Function, ::AutoGrad.Param{Knet.KnetArray{Float32,4}}, ::Vararg{Any,N} where N; kwargs::Base.Iterators.Pairs{Symbol,Int64,Tuple{Symbol,Symbol,Symbol},NamedTuple{(:padding, :stride, :dilation),Tuple{Int64,Int64,Int64}}})
      @ AutoGrad ~/.julia/packages/AutoGrad/VFrAv/src/core.jl:66
   [14] #conv4#356
      @ ./none:0 [inlined]
   [15] call(c::Photon.Conv, x::Knet.KnetArray{Float32,4})
      @ Photon ~/.julia/packages/Photon/epVzB/src/layers/conv.jl:63
   [16] (::Photon.Conv)(X::Knet.KnetArray{Float32,4})
      @ Photon ~/.julia/packages/Photon/epVzB/src/layers/core.jl:48
   [17] call(model::Photon.Sequential, X::Knet.KnetArray{Float32,4})
      @ Photon ~/.julia/packages/Photon/epVzB/src/layers/container.jl:35
   [18] (::Photon.Sequential)(X::Knet.KnetArray{Float32,4})
      @ Photon ~/.julia/packages/Photon/epVzB/src/layers/core.jl:33
   [19] macro expansion
      @ ~/.julia/packages/Photon/epVzB/src/train.jl:240 [inlined]
   [20] (::Photon.var"#31#32"{Photon.Workout,Knet.KnetArray{Float32,2},Knet.KnetArray{Float32,4}})()
      @ Photon ~/.julia/packages/AutoGrad/VFrAv/src/core.jl:205
   [21] differentiate(::Function; o::Base.Iterators.Pairs{Union{},Union{},Tuple{},NamedTuple{(),Tuple{}}})
      @ AutoGrad ~/.julia/packages/AutoGrad/VFrAv/src/core.jl:144
   [22] differentiate
      @ ~/.julia/packages/AutoGrad/VFrAv/src/core.jl:135 [inlined]
   [23] step!(workout::Photon.Workout, minibatch::Tuple{Array{Float32,4},Matrix{Float32}}; zerograd::Bool)
      @ Photon ~/.julia/packages/Photon/epVzB/src/train.jl:239
   [24] step!
      @ ~/.julia/packages/Photon/epVzB/src/train.jl:237 [inlined]
   [25] train!(workout::Photon.Workout, data::Base.Iterators.Zip{Tuple{Vector{Array{Float32,4}},Vector{Matrix{Float32}}}}, validation::Nothing; epochs::Int64, cb::Photon.Callbacks.SilentMeter)
      @ Photon ~/.julia/packages/Photon/epVzB/src/train.jl:307
   [26] testOptim(opt::Knet.Adam)
      @ Main.PhotonTest.OptimTests ~/.julia/packages/Photon/epVzB/test/optimise.jl:24
   [27] top-level scope
      @ ~/.julia/packages/Photon/epVzB/test/optimise.jl:29
   [28] top-level scope
      @ /buildworker/worker/package_linux64/build/usr/share/julia/stdlib/v1.6/Test/src/Test.jl:1114
   [29] top-level scope
      @ ~/.julia/packages/Photon/epVzB/test/optimise.jl:29
   [30] include
      @ ./Base.jl:375 [inlined]
   [31] include(x::String)
      @ Main.PhotonTest ~/.julia/packages/Photon/epVzB/test/runtests.jl:1
   [32] top-level scope
      @ ~/.julia/packages/Photon/epVzB/test/runtests.jl:21
   [33] top-level scope
      @ /buildworker/worker/package_linux64/build/usr/share/julia/stdlib/v1.6/Test/src/Test.jl:1114
   [34] top-level scope
      @ ~/.julia/packages/Photon/epVzB/test/runtests.jl:10
   [35] include(fname::String)
      @ Base.MainInclude ./client.jl:443
   [36] top-level scope
      @ none:6
   [37] eval(m::Module, e::Any)
      @ Core ./boot.jl:344
   [38] exec_options(opts::Base.JLOptions)
      @ Base ./client.jl:260
   [39] _start()
      @ Base ./client.jl:484
  
Internal error: encountered unexpected error during compilation of #cached_compilation#100:
ErrorException("unsupported or misplaced expression "return" in function #cached_compilation#100")
jl_errorf at /buildworker/worker/package_linux64/build/src/rtutils.c:77
emit_expr at /buildworker/worker/package_linux64/build/src/codegen.cpp:4426
emit_ssaval_assign at /buildworker/worker/package_linux64/build/src/codegen.cpp:3908
emit_stmtpos at /buildworker/worker/package_linux64/build/src/codegen.cpp:4107 [inlined]
emit_function at /buildworker/worker/package_linux64/build/src/codegen.cpp:6677
jl_emit_code at /buildworker/worker/package_linux64/build/src/codegen.cpp:7023
jl_emit_codeinst at /buildworker/worker/package_linux64/build/src/codegen.cpp:7057
_jl_compile_codeinst at /buildworker/worker/package_linux64/build/src/jitlayers.cpp:94
jl_generate_fptr at /buildworker/worker/package_linux64/build/src/jitlayers.cpp:305
jl_compile_method_internal at /buildworker/worker/package_linux64/build/src/gf.c:1890
jl_compile_method_internal at /buildworker/worker/package_linux64/build/src/gf.c:1841 [inlined]
_jl_invoke at /buildworker/worker/package_linux64/build/src/gf.c:2145 [inlined]
jl_apply_generic at /buildworker/worker/package_linux64/build/src/gf.c:2336
cached_compilation at /home/pkgeval/.julia/packages/GPUCompiler/pCBTA/src/cache.jl:40
unknown function (ip: 0x7fac3ac2d3af)
#cufunction#774 at /home/pkgeval/.julia/packages/CUDA/7vLVC/src/compiler/execution.jl:298
cufunction at /home/pkgeval/.julia/packages/CUDA/7vLVC/src/compiler/execution.jl:293
#launch_heuristic#816 at /home/pkgeval/.julia/packages/CUDA/7vLVC/src/gpuarrays.jl:19
unknown function (ip: 0x7fac3ac2c636)
jl_apply at /buildworker/worker/package_linux64/build/src/julia.h:1752 [inlined]
do_apply at /buildworker/worker/package_linux64/build/src/builtins.c:655
launch_heuristic at /home/pkgeval/.julia/packages/CUDA/7vLVC/src/gpuarrays.jl:17
unknown function (ip: 0x7fac3ac2c3ef)
copyto! at /home/pkgeval/.julia/packages/GPUArrays/PkHCM/src/host/broadcast.jl:66 [inlined]
copyto! at ./broadcast.jl:886 [inlined]
materialize! at ./broadcast.jl:848 [inlined]
materialize! at ./broadcast.jl:845 [inlined]
broadcasted at /home/pkgeval/.julia/packages/Knet/exwCE/src/cuarrays/knetarray.jl:132
broadcasted at /home/pkgeval/.julia/packages/Knet/exwCE/src/binary.jl:322
L2Loss at /home/pkgeval/.julia/packages/Photon/epVzB/src/losses.jl:44
unknown function (ip: 0x7fac3ac28a96)
test_distance at /home/pkgeval/.julia/packages/Photon/epVzB/test/loss.jl:22
unknown function (ip: 0x7fac3ac288f1)
jl_apply at /buildworker/worker/package_linux64/build/src/julia.h:1752 [inlined]
do_call at /buildworker/worker/package_linux64/build/src/interpreter.c:117
eval_value at /buildworker/worker/package_linux64/build/src/interpreter.c:206
eval_stmt_value at /buildworker/worker/package_linux64/build/src/interpreter.c:157 [inlined]
eval_body at /buildworker/worker/package_linux64/build/src/interpreter.c:551
eval_body at /buildworker/worker/package_linux64/build/src/interpreter.c:491
eval_body at /buildworker/worker/package_linux64/build/src/interpreter.c:491
jl_interpret_toplevel_thunk at /buildworker/worker/package_linux64/build/src/interpreter.c:659
macro expansion at /home/pkgeval/.julia/packages/Photon/epVzB/test/loss.jl:66 [inlined]
macro expansion at /buildworker/worker/package_linux64/build/usr/share/julia/stdlib/v1.6/Test/src/Test.jl:1114 [inlined]
top-level scope at /home/pkgeval/.julia/packages/Photon/epVzB/test/loss.jl:64
jl_toplevel_eval_flex at /buildworker/worker/package_linux64/build/src/toplevel.c:838
jl_eval_module_expr at /buildworker/worker/package_linux64/build/src/toplevel.c:197
jl_toplevel_eval_flex at /buildworker/worker/package_linux64/build/src/toplevel.c:664
jl_toplevel_eval_flex at /buildworker/worker/package_linux64/build/src/toplevel.c:788
jl_toplevel_eval_in at /buildworker/worker/package_linux64/build/src/toplevel.c:881
eval at ./boot.jl:344 [inlined]
include_string at ./loading.jl:1103
_include at ./loading.jl:1157
include at ./Base.jl:375 [inlined]
include at /home/pkgeval/.julia/packages/Photon/epVzB/test/runtests.jl:1
jl_apply at /buildworker/worker/package_linux64/build/src/julia.h:1752 [inlined]
do_call at /buildworker/worker/package_linux64/build/src/interpreter.c:117
eval_value at /buildworker/worker/package_linux64/build/src/interpreter.c:206
eval_stmt_value at /buildworker/worker/package_linux64/build/src/interpreter.c:157 [inlined]
eval_body at /buildworker/worker/package_linux64/build/src/interpreter.c:551
eval_body at /buildworker/worker/package_linux64/build/src/interpreter.c:491
eval_body at /buildworker/worker/package_linux64/build/src/interpreter.c:491
jl_interpret_toplevel_thunk at /buildworker/worker/package_linux64/build/src/interpreter.c:659
macro expansion at /home/pkgeval/.julia/packages/Photon/epVzB/test/runtests.jl:22 [inlined]
macro expansion at /buildworker/worker/package_linux64/build/usr/share/julia/stdlib/v1.6/Test/src/Test.jl:1114 [inlined]
top-level scope at /home/pkgeval/.julia/packages/Photon/epVzB/test/runtests.jl:10
jl_toplevel_eval_flex at /buildworker/worker/package_linux64/build/src/toplevel.c:838
jl_eval_module_expr at /buildworker/worker/package_linux64/build/src/toplevel.c:197
jl_toplevel_eval_flex at /buildworker/worker/package_linux64/build/src/toplevel.c:664
jl_toplevel_eval_flex at /buildworker/worker/package_linux64/build/src/toplevel.c:788
jl_toplevel_eval_in at /buildworker/worker/package_linux64/build/src/toplevel.c:881
eval at ./boot.jl:344 [inlined]
include_string at ./loading.jl:1103
_include at ./loading.jl:1157
include at ./client.jl:443
jl_apply at /buildworker/worker/package_linux64/build/src/julia.h:1752 [inlined]
do_call at /buildworker/worker/package_linux64/build/src/interpreter.c:117
eval_value at /buildworker/worker/package_linux64/build/src/interpreter.c:206
eval_stmt_value at /buildworker/worker/package_linux64/build/src/interpreter.c:157 [inlined]
eval_body at /buildworker/worker/package_linux64/build/src/interpreter.c:551
jl_interpret_toplevel_thunk at /buildworker/worker/package_linux64/build/src/interpreter.c:659
top-level scope at none:6
jl_toplevel_eval_flex at /buildworker/worker/package_linux64/build/src/toplevel.c:838
jl_toplevel_eval_flex at /buildworker/worker/package_linux64/build/src/toplevel.c:788
jl_toplevel_eval_in at /buildworker/worker/package_linux64/build/src/toplevel.c:881
eval at ./boot.jl:344
exec_options at ./client.jl:260
_start at ./client.jl:484
jfptr__start_36646.clone_1 at /opt/julia/lib/julia/sys.so (unknown line)
jl_apply at /buildworker/worker/package_linux64/build/ui/../src/julia.h:1752 [inlined]
true_main at /buildworker/worker/package_linux64/build/ui/repl.c:106
main at /buildworker/worker/package_linux64/build/ui/repl.c:227
__libc_start_main at /lib/x86_64-linux-gnu/libc.so.6 (unknown line)
_start at /opt/julia/bin/julia (unknown line)
Internal error: encountered unexpected error during compilation of #cached_compilation#100:
ErrorException("unsupported or misplaced expression "return" in function #cached_compilation#100")
jl_errorf at /buildworker/worker/package_linux64/build/src/rtutils.c:77
emit_expr at /buildworker/worker/package_linux64/build/src/codegen.cpp:4426
emit_ssaval_assign at /buildworker/worker/package_linux64/build/src/codegen.cpp:3908
emit_stmtpos at /buildworker/worker/package_linux64/build/src/codegen.cpp:4107 [inlined]
emit_function at /buildworker/worker/package_linux64/build/src/codegen.cpp:6677
jl_emit_code at /buildworker/worker/package_linux64/build/src/codegen.cpp:7023
jl_emit_codeinst at /buildworker/worker/package_linux64/build/src/codegen.cpp:7057
_jl_compile_codeinst at /buildworker/worker/package_linux64/build/src/jitlayers.cpp:94
jl_generate_fptr_for_unspecialized at /buildworker/worker/package_linux64/build/src/jitlayers.cpp:342
jl_compile_method_internal at /buildworker/worker/package_linux64/build/src/gf.c:1896
jl_compile_method_internal at /buildworker/worker/package_linux64/build/src/gf.c:1841 [inlined]
_jl_invoke at /buildworker/worker/package_linux64/build/src/gf.c:2145 [inlined]
jl_apply_generic at /buildworker/worker/package_linux64/build/src/gf.c:2336
cached_compilation at /home/pkgeval/.julia/packages/GPUCompiler/pCBTA/src/cache.jl:40
unknown function (ip: 0x7fac3ac2d3af)
#cufunction#774 at /home/pkgeval/.julia/packages/CUDA/7vLVC/src/compiler/execution.jl:298
cufunction at /home/pkgeval/.julia/packages/CUDA/7vLVC/src/compiler/execution.jl:293
#launch_heuristic#816 at /home/pkgeval/.julia/packages/CUDA/7vLVC/src/gpuarrays.jl:19
unknown function (ip: 0x7fac3ac2c636)
jl_apply at /buildworker/worker/package_linux64/build/src/julia.h:1752 [inlined]
do_apply at /buildworker/worker/package_linux64/build/src/builtins.c:655
launch_heuristic at /home/pkgeval/.julia/packages/CUDA/7vLVC/src/gpuarrays.jl:17
unknown function (ip: 0x7fac3ac2c3ef)
copyto! at /home/pkgeval/.julia/packages/GPUArrays/PkHCM/src/host/broadcast.jl:66 [inlined]
copyto! at ./broadcast.jl:886 [inlined]
materialize! at ./broadcast.jl:848 [inlined]
materialize! at ./broadcast.jl:845 [inlined]
broadcasted at /home/pkgeval/.julia/packages/Knet/exwCE/src/cuarrays/knetarray.jl:132
broadcasted at /home/pkgeval/.julia/packages/Knet/exwCE/src/binary.jl:322
L2Loss at /home/pkgeval/.julia/packages/Photon/epVzB/src/losses.jl:44
unknown function (ip: 0x7fac3ac28a96)
test_distance at /home/pkgeval/.julia/packages/Photon/epVzB/test/loss.jl:22
unknown function (ip: 0x7fac3ac288f1)
jl_apply at /buildworker/worker/package_linux64/build/src/julia.h:1752 [inlined]
do_call at /buildworker/worker/package_linux64/build/src/interpreter.c:117
eval_value at /buildworker/worker/package_linux64/build/src/interpreter.c:206
eval_stmt_value at /buildworker/worker/package_linux64/build/src/interpreter.c:157 [inlined]
eval_body at /buildworker/worker/package_linux64/build/src/interpreter.c:551
eval_body at /buildworker/worker/package_linux64/build/src/interpreter.c:491
eval_body at /buildworker/worker/package_linux64/build/src/interpreter.c:491
jl_interpret_toplevel_thunk at /buildworker/worker/package_linux64/build/src/interpreter.c:659
macro expansion at /home/pkgeval/.julia/packages/Photon/epVzB/test/loss.jl:66 [inlined]
macro expansion at /buildworker/worker/package_linux64/build/usr/share/julia/stdlib/v1.6/Test/src/Test.jl:1114 [inlined]
top-level scope at /home/pkgeval/.julia/packages/Photon/epVzB/test/loss.jl:64
jl_toplevel_eval_flex at /buildworker/worker/package_linux64/build/src/toplevel.c:838
jl_eval_module_expr at /buildworker/worker/package_linux64/build/src/toplevel.c:197
jl_toplevel_eval_flex at /buildworker/worker/package_linux64/build/src/toplevel.c:664
jl_toplevel_eval_flex at /buildworker/worker/package_linux64/build/src/toplevel.c:788
jl_toplevel_eval_in at /buildworker/worker/package_linux64/build/src/toplevel.c:881
eval at ./boot.jl:344 [inlined]
include_string at ./loading.jl:1103
_include at ./loading.jl:1157
include at ./Base.jl:375 [inlined]
include at /home/pkgeval/.julia/packages/Photon/epVzB/test/runtests.jl:1
jl_apply at /buildworker/worker/package_linux64/build/src/julia.h:1752 [inlined]
do_call at /buildworker/worker/package_linux64/build/src/interpreter.c:117
eval_value at /buildworker/worker/package_linux64/build/src/interpreter.c:206
eval_stmt_value at /buildworker/worker/package_linux64/build/src/interpreter.c:157 [inlined]
eval_body at /buildworker/worker/package_linux64/build/src/interpreter.c:551
eval_body at /buildworker/worker/package_linux64/build/src/interpreter.c:491
eval_body at /buildworker/worker/package_linux64/build/src/interpreter.c:491
jl_interpret_toplevel_thunk at /buildworker/worker/package_linux64/build/src/interpreter.c:659
macro expansion at /home/pkgeval/.julia/packages/Photon/epVzB/test/runtests.jl:22 [inlined]
macro expansion at /buildworker/worker/package_linux64/build/usr/share/julia/stdlib/v1.6/Test/src/Test.jl:1114 [inlined]
top-level scope at /home/pkgeval/.julia/packages/Photon/epVzB/test/runtests.jl:10
jl_toplevel_eval_flex at /buildworker/worker/package_linux64/build/src/toplevel.c:838
jl_eval_module_expr at /buildworker/worker/package_linux64/build/src/toplevel.c:197
jl_toplevel_eval_flex at /buildworker/worker/package_linux64/build/src/toplevel.c:664
jl_toplevel_eval_flex at /buildworker/worker/package_linux64/build/src/toplevel.c:788
jl_toplevel_eval_in at /buildworker/worker/package_linux64/build/src/toplevel.c:881
eval at ./boot.jl:344 [inlined]
include_string at ./loading.jl:1103
_include at ./loading.jl:1157
include at ./client.jl:443
jl_apply at /buildworker/worker/package_linux64/build/src/julia.h:1752 [inlined]
do_call at /buildworker/worker/package_linux64/build/src/interpreter.c:117
eval_value at /buildworker/worker/package_linux64/build/src/interpreter.c:206
eval_stmt_value at /buildworker/worker/package_linux64/build/src/interpreter.c:157 [inlined]
eval_body at /buildworker/worker/package_linux64/build/src/interpreter.c:551
jl_interpret_toplevel_thunk at /buildworker/worker/package_linux64/build/src/interpreter.c:659
top-level scope at none:6
jl_toplevel_eval_flex at /buildworker/worker/package_linux64/build/src/toplevel.c:838
jl_toplevel_eval_flex at /buildworker/worker/package_linux64/build/src/toplevel.c:788
jl_toplevel_eval_in at /buildworker/worker/package_linux64/build/src/toplevel.c:881
eval at ./boot.jl:344
exec_options at ./client.jl:260
_start at ./client.jl:484
jfptr__start_36646.clone_1 at /opt/julia/lib/julia/sys.so (unknown line)
jl_apply at /buildworker/worker/package_linux64/build/ui/../src/julia.h:1752 [inlined]
true_main at /buildworker/worker/package_linux64/build/ui/repl.c:106
main at /buildworker/worker/package_linux64/build/ui/repl.c:227
__libc_start_main at /lib/x86_64-linux-gnu/libc.so.6 (unknown line)
_start at /opt/julia/bin/julia (unknown line)
Loss: Error During Test at /home/pkgeval/.julia/packages/Photon/epVzB/test/loss.jl:63
  Got exception outside of a @test
  UndefVarError: inf_for_methodinstance not defined
  Stacktrace:
    [1] getproperty
      @ ./Base.jl:26 [inlined]
    [2] compile_method_instance(job::GPUCompiler.CompilerJob{GPUCompiler.PTXCompilerTarget,CUDA.CUDACompilerParams}, method_instance::Core.MethodInstance, world::UInt64)
      @ GPUCompiler ~/.julia/packages/GPUCompiler/pCBTA/src/irgen.jl:141
    [3] macro expansion
      @ ~/.julia/packages/TimerOutputs/dVnaw/src/TimerOutput.jl:206 [inlined]
    [4] irgen(job::GPUCompiler.CompilerJob{GPUCompiler.PTXCompilerTarget,CUDA.CUDACompilerParams}, method_instance::Core.MethodInstance, world::UInt64)
      @ GPUCompiler ~/.julia/packages/GPUCompiler/pCBTA/src/irgen.jl:332
    [5] macro expansion
      @ ~/.julia/packages/TimerOutputs/dVnaw/src/TimerOutput.jl:206 [inlined]
    [6] macro expansion
      @ ~/.julia/packages/GPUCompiler/pCBTA/src/driver.jl:101 [inlined]
    [7] macro expansion
      @ ~/.julia/packages/TimerOutputs/dVnaw/src/TimerOutput.jl:206 [inlined]
    [8] codegen(output::Symbol, job::GPUCompiler.CompilerJob{GPUCompiler.PTXCompilerTarget,CUDA.CUDACompilerParams}; libraries::Bool, deferred_codegen::Bool, optimize::Bool, strip::Bool, validate::Bool, only_entry::Bool)
      @ GPUCompiler ~/.julia/packages/GPUCompiler/pCBTA/src/driver.jl:100
    [9] emit_function!(mod::LLVM.Module, job::GPUCompiler.CompilerJob{GPUCompiler.PTXCompilerTarget,CUDA.CUDACompilerParams}, f::Function, method::GPUCompiler.Runtime.RuntimeMethodInstance)
      @ GPUCompiler ~/.julia/packages/GPUCompiler/pCBTA/src/rtlib.jl:77
   [10] build_runtime(job::GPUCompiler.CompilerJob{GPUCompiler.PTXCompilerTarget,CUDA.CUDACompilerParams})
      @ GPUCompiler ~/.julia/packages/GPUCompiler/pCBTA/src/rtlib.jl:117
   [11] (::GPUCompiler.var"#65#68"{GPUCompiler.CompilerJob{GPUCompiler.PTXCompilerTarget,CUDA.CUDACompilerParams},String,String})()
      @ GPUCompiler ~/.julia/packages/GPUCompiler/pCBTA/src/rtlib.jl:159
   [12] get!(default::GPUCompiler.var"#65#68"{GPUCompiler.CompilerJob{GPUCompiler.PTXCompilerTarget,CUDA.CUDACompilerParams},String,String}, h::Dict{String,LLVM.Module}, key::String)
      @ Base ./dict.jl:451
   [13] load_runtime(job::GPUCompiler.CompilerJob{GPUCompiler.PTXCompilerTarget,CUDA.CUDACompilerParams})
      @ GPUCompiler ~/.julia/packages/GPUCompiler/pCBTA/src/rtlib.jl:151
   [14] codegen(output::Symbol, job::GPUCompiler.CompilerJob{GPUCompiler.PTXCompilerTarget,CUDA.CUDACompilerParams}; libraries::Bool, deferred_codegen::Bool, optimize::Bool, strip::Bool, validate::Bool, only_entry::Bool)
      @ GPUCompiler ~/.julia/packages/GPUCompiler/pCBTA/src/driver.jl:96
   [15] compile(target::Symbol, job::GPUCompiler.CompilerJob{GPUCompiler.PTXCompilerTarget,CUDA.CUDACompilerParams}; libraries::Bool, deferred_codegen::Bool, optimize::Bool, strip::Bool, validate::Bool, only_entry::Bool)
      @ GPUCompiler ~/.julia/packages/GPUCompiler/pCBTA/src/driver.jl:39
   [16] compile
      @ ~/.julia/packages/GPUCompiler/pCBTA/src/driver.jl:35 [inlined]
   [17] _cufunction(source::GPUCompiler.FunctionSpec{GPUArrays.var"#broadcast_kernel#20",Tuple{CUDA.CuKernelContext,CUDA.CuDeviceMatrix{Float64,CUDA.AS.Global},Base.Broadcast.Broadcasted{Nothing,Tuple{Base.OneTo{Int64},Base.OneTo{Int64}},typeof(CUDA.pow),Tuple{Base.Broadcast.Extruded{CUDA.CuDeviceMatrix{Float64,CUDA.AS.Global},Tuple{Bool,Bool},Tuple{Int64,Int64}},Float64}},Int64}}; kwargs::Base.Iterators.Pairs{Union{},Union{},Tuple{},NamedTuple{(),Tuple{}}})
      @ CUDA ~/.julia/packages/CUDA/7vLVC/src/compiler/execution.jl:310
   [18] _cufunction
      @ ~/.julia/packages/CUDA/7vLVC/src/compiler/execution.jl:304 [inlined]
   [19] check_cache(driver::typeof(CUDA._cufunction), spec::GPUCompiler.FunctionSpec{GPUArrays.var"#broadcast_kernel#20",Tuple{CUDA.CuKernelContext,CUDA.CuDeviceMatrix{Float64,CUDA.AS.Global},Base.Broadcast.Broadcasted{Nothing,Tuple{Base.OneTo{Int64},Base.OneTo{Int64}},typeof(CUDA.pow),Tuple{Base.Broadcast.Extruded{CUDA.CuDeviceMatrix{Float64,CUDA.AS.Global},Tuple{Bool,Bool},Tuple{Int64,Int64}},Float64}},Int64}}, id::UInt64; kwargs::Base.Iterators.Pairs{Union{},Union{},Tuple{},NamedTuple{(),Tuple{}}})
      @ GPUCompiler ~/.julia/packages/GPUCompiler/pCBTA/src/cache.jl:24
   [20] cached_compilation(driver::typeof(CUDA._cufunction), spec::GPUCompiler.FunctionSpec{GPUArrays.var"#broadcast_kernel#20",Tuple{CUDA.CuKernelContext,CUDA.CuDeviceMatrix{Float64,CUDA.AS.Global},Base.Broadcast.Broadcasted{Nothing,Tuple{Base.OneTo{Int64},Base.OneTo{Int64}},typeof(CUDA.pow),Tuple{Base.Broadcast.Extruded{CUDA.CuDeviceMatrix{Float64,CUDA.AS.Global},Tuple{Bool,Bool},Tuple{Int64,Int64}},Float64}},Int64}}, env::UInt64; kwargs::Base.Iterators.Pairs{Union{},Union{},Tuple{},NamedTuple{(),Tuple{}}})
      @ GPUCompiler ~/.julia/packages/GPUArrays/PkHCM/src/host/broadcast.jl:60
   [21] cached_compilation(driver::Function, spec::GPUCompiler.FunctionSpec{GPUArrays.var"#broadcast_kernel#20",Tuple{CUDA.CuKernelContext,CUDA.CuDeviceMatrix{Float64,CUDA.AS.Global},Base.Broadcast.Broadcasted{Nothing,Tuple{Base.OneTo{Int64},Base.OneTo{Int64}},typeof(CUDA.pow),Tuple{Base.Broadcast.Extruded{CUDA.CuDeviceMatrix{Float64,CUDA.AS.Global},Tuple{Bool,Bool},Tuple{Int64,Int64}},Float64}},Int64}}, env::UInt64)
      @ GPUCompiler ~/.julia/packages/GPUCompiler/pCBTA/src/cache.jl:40
   [22] cufunction(f::GPUArrays.var"#broadcast_kernel#20", tt::Type{Tuple{CUDA.CuKernelContext,CUDA.CuDeviceMatrix{Float64,CUDA.AS.Global},Base.Broadcast.Broadcasted{Nothing,Tuple{Base.OneTo{Int64},Base.OneTo{Int64}},typeof(CUDA.pow),Tuple{Base.Broadcast.Extruded{CUDA.CuDeviceMatrix{Float64,CUDA.AS.Global},Tuple{Bool,Bool},Tuple{Int64,Int64}},Float64}},Int64}}; name::Nothing, kwargs::Base.Iterators.Pairs{Union{},Union{},Tuple{},NamedTuple{(),Tuple{}}})
      @ CUDA ~/.julia/packages/CUDA/7vLVC/src/compiler/execution.jl:298
   [23] cufunction(f::GPUArrays.var"#broadcast_kernel#20", tt::Type{Tuple{CUDA.CuKernelContext,CUDA.CuDeviceMatrix{Float64,CUDA.AS.Global},Base.Broadcast.Broadcasted{Nothing,Tuple{Base.OneTo{Int64},Base.OneTo{Int64}},typeof(CUDA.pow),Tuple{Base.Broadcast.Extruded{CUDA.CuDeviceMatrix{Float64,CUDA.AS.Global},Tuple{Bool,Bool},Tuple{Int64,Int64}},Float64}},Int64}})
      @ CUDA ~/.julia/packages/CUDA/7vLVC/src/compiler/execution.jl:293
   [24] launch_heuristic(::CUDA.CuArrayBackend, ::GPUArrays.var"#broadcast_kernel#20", ::CUDA.CuMatrix{Float64}, ::Base.Broadcast.Broadcasted{Nothing,Tuple{Base.OneTo{Int64},Base.OneTo{Int64}},typeof(CUDA.pow),Tuple{Base.Broadcast.Extruded{CUDA.CuMatrix{Float64},Tuple{Bool,Bool},Tuple{Int64,Int64}},Float64}}, ::Int64; maximize_blocksize::Bool)
      @ CUDA ~/.julia/packages/CUDA/7vLVC/src/gpuarrays.jl:19
   [25] launch_heuristic(::CUDA.CuArrayBackend, ::GPUArrays.var"#broadcast_kernel#20", ::CUDA.CuMatrix{Float64}, ::Base.Broadcast.Broadcasted{Nothing,Tuple{Base.OneTo{Int64},Base.OneTo{Int64}},typeof(CUDA.pow),Tuple{Base.Broadcast.Extruded{CUDA.CuMatrix{Float64},Tuple{Bool,Bool},Tuple{Int64,Int64}},Float64}}, ::Int64)
      @ CUDA ~/.julia/packages/CUDA/7vLVC/src/gpuarrays.jl:17
   [26] copyto!
      @ ~/.julia/packages/GPUArrays/PkHCM/src/host/broadcast.jl:66 [inlined]
   [27] copyto!
      @ ./broadcast.jl:886 [inlined]
   [28] materialize!
      @ ./broadcast.jl:848 [inlined]
   [29] materialize!
      @ ./broadcast.jl:845 [inlined]
   [30] broadcasted(#unused#::typeof(^), a::Knet.KnetArray{Float64,2}, s::Int64)
      @ Knet ~/.julia/packages/Knet/exwCE/src/cuarrays/knetarray.jl:132
   [31] broadcasted(#unused#::typeof(Base.literal_pow), #unused#::typeof(^), k::Knet.KnetArray{Float64,2}, n::Val{2})
      @ Knet ~/.julia/packages/Knet/exwCE/src/binary.jl:322
   [32] (::Photon.L2Loss)(ŷ::Knet.KnetArray{Float64,2}, y::Knet.KnetArray{Float64,2})
      @ Photon ~/.julia/packages/Photon/epVzB/src/losses.jl:44
   [33] test_distance(loss::Photon.L2Loss)
      @ Main.PhotonTest.LossTests ~/.julia/packages/Photon/epVzB/test/loss.jl:22
   [34] top-level scope
      @ ~/.julia/packages/Photon/epVzB/test/loss.jl:66
   [35] top-level scope
      @ /buildworker/worker/package_linux64/build/usr/share/julia/stdlib/v1.6/Test/src/Test.jl:1114
   [36] top-level scope
      @ ~/.julia/packages/Photon/epVzB/test/loss.jl:64
   [37] include
      @ ./Base.jl:375 [inlined]
   [38] include(x::String)
      @ Main.PhotonTest ~/.julia/packages/Photon/epVzB/test/runtests.jl:1
   [39] top-level scope
      @ ~/.julia/packages/Photon/epVzB/test/runtests.jl:22
   [40] top-level scope
      @ /buildworker/worker/package_linux64/build/usr/share/julia/stdlib/v1.6/Test/src/Test.jl:1114
   [41] top-level scope
      @ ~/.julia/packages/Photon/epVzB/test/runtests.jl:10
   [42] include(fname::String)
      @ Base.MainInclude ./client.jl:443
   [43] top-level scope
      @ none:6
   [44] eval(m::Module, e::Any)
      @ Core ./boot.jl:344
   [45] exec_options(opts::Base.JLOptions)
      @ Base ./client.jl:260
   [46] _start()
      @ Base ./client.jl:484
  
[ Info: Testing metrics and meters

Stacktrace:
  [1] macro expansion
    @ ~/.julia/packages/CUDA/7vLVC/deps/bindeps.jl:74 [inlined]
  [2] macro expansion
    @ ~/.julia/packages/CUDA/7vLVC/src/initialization.jl:51 [inlined]
  [3] libcudnn
    @ ~/.julia/packages/CUDA/7vLVC/deps/bindeps.jl:73 [inlined]
  [4] (::CUDA.CUDNN.var"#19208#cache_fptr!#9")()
    @ CUDA.CUDNN ~/.julia/packages/CUDA/7vLVC/lib/utils/call.jl:31
  [5] macro expansion
    @ ~/.julia/packages/CUDA/7vLVC/lib/utils/call.jl:39 [inlined]
  [6] unsafe_cudnnCreate(handle::Base.RefValue{Ptr{Nothing}})
    @ CUDA.CUDNN ~/.julia/packages/CUDA/7vLVC/lib/cudnn/libcudnn.jl:39
  [7] macro expansion
    @ ~/.julia/packages/CUDA/7vLVC/lib/cudnn/base.jl:6 [inlined]
  [8] macro expansion
    @ ~/.julia/packages/CUDA/7vLVC/src/pool.jl:338 [inlined]
  [9] cudnnCreate()
    @ CUDA.CUDNN ~/.julia/packages/CUDA/7vLVC/lib/cudnn/base.jl:3
 [10] #516
    @ ~/.julia/packages/CUDA/7vLVC/lib/cudnn/CUDNN.jl:44 [inlined]
 [11] get!(default::CUDA.CUDNN.var"#516#519"{CUDA.CuContext}, d::IdDict{Any,Any}, key::Any)
    @ Base ./iddict.jl:161
 [12] handle()
    @ CUDA.CUDNN ~/.julia/packages/CUDA/7vLVC/lib/cudnn/CUDNN.jl:43
 [13] forw(::Function, ::AutoGrad.Param{Knet.KnetArray{Float32,4}}, ::Vararg{Any,N} where N; kwargs::Base.Iterators.Pairs{Symbol,Int64,Tuple{Symbol,Symbol,Symbol},NamedTuple{(:padding, :stride, :dilation),Tuple{Int64,Int64,Int64}}})
    @ AutoGrad ~/.julia/packages/AutoGrad/VFrAv/src/core.jl:66
 [14] #conv4#356
    @ ./none:0 [inlined]
 [15] call(c::Photon.Conv, x::Knet.KnetArray{Float32,4})
    @ Photon ~/.julia/packages/Photon/epVzB/src/layers/conv.jl:63
 [16] (::Photon.Conv)(X::Knet.KnetArray{Float32,4})
    @ Photon ~/.julia/packages/Photon/epVzB/src/layers/core.jl:48
 [17] call(model::Photon.Sequential, X::Knet.KnetArray{Float32,4})
    @ Photon ~/.julia/packages/Photon/epVzB/src/layers/container.jl:35
 [18] (::Photon.Sequential)(X::Knet.KnetArray{Float32,4})
    @ Photon ~/.julia/packages/Photon/epVzB/src/layers/core.jl:33
 [19] macro expansion
    @ ~/.julia/packages/Photon/epVzB/src/train.jl:240 [inlined]
 [20] (::Photon.var"#31#32"{Photon.Workout,Knet.KnetArray{Float32,2},Knet.KnetArray{Float32,4}})()
    @ Photon ~/.julia/packages/AutoGrad/VFrAv/src/core.jl:205
 [21] differentiate(::Function; o::Base.Iterators.Pairs{Union{},Union{},Tuple{},NamedTuple{(),Tuple{}}})
    @ AutoGrad ~/.julia/packages/AutoGrad/VFrAv/src/core.jl:144
 [22] differentiate
    @ ~/.julia/packages/AutoGrad/VFrAv/src/core.jl:135 [inlined]
 [23] step!(workout::Photon.Workout, minibatch::Tuple{Knet.KnetArray{Float32,4},Knet.KnetArray{Float32,2}}; zerograd::Bool)
    @ Photon ~/.julia/packages/Photon/epVzB/src/train.jl:239
 [24] step!
    @ ~/.julia/packages/Photon/epVzB/src/train.jl:237 [inlined]
 [25] train!(workout::Photon.Workout, data::Vector{Tuple{Knet.KnetArray{Float32,4},Knet.KnetArray{Float32,2}}}, validation::Nothing; epochs::Int64, cb::Photon.Callbacks.AutoSave)
    @ Photon ~/.julia/packages/Photon/epVzB/src/train.jl:307
 [26] test_callbacks()
    @ Main.PhotonTest.MetricsTests ~/.julia/packages/Photon/epVzB/test/metrics.jl:34
 [27] top-level scope
    @ ~/.julia/packages/Photon/epVzB/test/metrics.jl:98
 [28] top-level scope
    @ /buildworker/worker/package_linux64/build/usr/share/julia/stdlib/v1.6/Test/src/Test.jl:1114
 [29] top-level scope
    @ ~/.julia/packages/Photon/epVzB/test/metrics.jl:97
 [30] include
    @ ./Base.jl:375 [inlined]
 [31] include(x::String)
    @ Main.PhotonTest ~/.julia/packages/Photon/epVzB/test/runtests.jl:1
 [32] top-level scope
    @ ~/.julia/packages/Photon/epVzB/test/runtests.jl:25
 [33] top-level scope
    @ /buildworker/worker/package_linux64/build/usr/share/julia/stdlib/v1.6/Test/src/Test.jl:1114
 [34] top-level scope
    @ ~/.julia/packages/Photon/epVzB/test/runtests.jl:10
 [35] include(fname::String)
    @ Base.MainInclude ./client.jl:443
 [36] top-level scope
    @ none:6
 [37] eval(m::Module, e::Any)
    @ Core ./boot.jl:344
 [38] exec_options(opts::Base.JLOptions)
    @ Base ./client.jl:260
 [39] _start()
    @ Base ./client.jl:484
Metrics: Error During Test at /home/pkgeval/.julia/packages/Photon/epVzB/test/metrics.jl:96
  Got exception outside of a @test
  AssertionError: This functionality is unavailabe as CUDNN is missing.
  Stacktrace:
    [1] differentiate(::Function; o::Base.Iterators.Pairs{Union{},Union{},Tuple{},NamedTuple{(),Tuple{}}})
      @ AutoGrad ~/.julia/packages/AutoGrad/VFrAv/src/core.jl:148
    [2] differentiate
      @ ~/.julia/packages/AutoGrad/VFrAv/src/core.jl:135 [inlined]
    [3] step!(workout::Photon.Workout, minibatch::Tuple{Knet.KnetArray{Float32,4},Knet.KnetArray{Float32,2}}; zerograd::Bool)
      @ Photon ~/.julia/packages/Photon/epVzB/src/train.jl:239
    [4] step!
      @ ~/.julia/packages/Photon/epVzB/src/train.jl:237 [inlined]
    [5] train!(workout::Photon.Workout, data::Vector{Tuple{Knet.KnetArray{Float32,4},Knet.KnetArray{Float32,2}}}, validation::Nothing; epochs::Int64, cb::Photon.Callbacks.AutoSave)
      @ Photon ~/.julia/packages/Photon/epVzB/src/train.jl:307
    [6] test_callbacks()
      @ Main.PhotonTest.MetricsTests ~/.julia/packages/Photon/epVzB/test/metrics.jl:34
    [7] top-level scope
      @ ~/.julia/packages/Photon/epVzB/test/metrics.jl:98
    [8] top-level scope
      @ /buildworker/worker/package_linux64/build/usr/share/julia/stdlib/v1.6/Test/src/Test.jl:1114
    [9] top-level scope
      @ ~/.julia/packages/Photon/epVzB/test/metrics.jl:97
   [10] include
      @ ./Base.jl:375 [inlined]
   [11] include(x::String)
      @ Main.PhotonTest ~/.julia/packages/Photon/epVzB/test/runtests.jl:1
   [12] top-level scope
      @ ~/.julia/packages/Photon/epVzB/test/runtests.jl:25
   [13] top-level scope
      @ /buildworker/worker/package_linux64/build/usr/share/julia/stdlib/v1.6/Test/src/Test.jl:1114
   [14] top-level scope
      @ ~/.julia/packages/Photon/epVzB/test/runtests.jl:10
   [15] include(fname::String)
      @ Base.MainInclude ./client.jl:443
   [16] top-level scope
      @ none:6
   [17] eval(m::Module, e::Any)
      @ Core ./boot.jl:344
   [18] exec_options(opts::Base.JLOptions)
      @ Base ./client.jl:260
   [19] _start()
      @ Base ./client.jl:484
  
  caused by:
  AssertionError: This functionality is unavailabe as CUDNN is missing.
  Stacktrace:
    [1] macro expansion
      @ ~/.julia/packages/CUDA/7vLVC/deps/bindeps.jl:74 [inlined]
    [2] macro expansion
      @ ~/.julia/packages/CUDA/7vLVC/src/initialization.jl:51 [inlined]
    [3] libcudnn
      @ ~/.julia/packages/CUDA/7vLVC/deps/bindeps.jl:73 [inlined]
    [4] (::CUDA.CUDNN.var"#19208#cache_fptr!#9")()
      @ CUDA.CUDNN ~/.julia/packages/CUDA/7vLVC/lib/utils/call.jl:31
    [5] macro expansion
      @ ~/.julia/packages/CUDA/7vLVC/lib/utils/call.jl:39 [inlined]
    [6] unsafe_cudnnCreate(handle::Base.RefValue{Ptr{Nothing}})
      @ CUDA.CUDNN ~/.julia/packages/CUDA/7vLVC/lib/cudnn/libcudnn.jl:39
    [7] macro expansion
      @ ~/.julia/packages/CUDA/7vLVC/lib/cudnn/base.jl:6 [inlined]
    [8] macro expansion
      @ ~/.julia/packages/CUDA/7vLVC/src/pool.jl:338 [inlined]
    [9] cudnnCreate()
      @ CUDA.CUDNN ~/.julia/packages/CUDA/7vLVC/lib/cudnn/base.jl:3
   [10] #516
      @ ~/.julia/packages/CUDA/7vLVC/lib/cudnn/CUDNN.jl:44 [inlined]
   [11] get!(default::CUDA.CUDNN.var"#516#519"{CUDA.CuContext}, d::IdDict{Any,Any}, key::Any)
      @ Base ./iddict.jl:161
   [12] handle()
      @ CUDA.CUDNN ~/.julia/packages/CUDA/7vLVC/lib/cudnn/CUDNN.jl:43
   [13] forw(::Function, ::AutoGrad.Param{Knet.KnetArray{Float32,4}}, ::Vararg{Any,N} where N; kwargs::Base.Iterators.Pairs{Symbol,Int64,Tuple{Symbol,Symbol,Symbol},NamedTuple{(:padding, :stride, :dilation),Tuple{Int64,Int64,Int64}}})
      @ AutoGrad ~/.julia/packages/AutoGrad/VFrAv/src/core.jl:66
   [14] #conv4#356
      @ ./none:0 [inlined]
   [15] call(c::Photon.Conv, x::Knet.KnetArray{Float32,4})
      @ Photon ~/.julia/packages/Photon/epVzB/src/layers/conv.jl:63
   [16] (::Photon.Conv)(X::Knet.KnetArray{Float32,4})
      @ Photon ~/.julia/packages/Photon/epVzB/src/layers/core.jl:48
   [17] call(model::Photon.Sequential, X::Knet.KnetArray{Float32,4})
      @ Photon ~/.julia/packages/Photon/epVzB/src/layers/container.jl:35
   [18] (::Photon.Sequential)(X::Knet.KnetArray{Float32,4})
      @ Photon ~/.julia/packages/Photon/epVzB/src/layers/core.jl:33
   [19] macro expansion
      @ ~/.julia/packages/Photon/epVzB/src/train.jl:240 [inlined]
   [20] (::Photon.var"#31#32"{Photon.Workout,Knet.KnetArray{Float32,2},Knet.KnetArray{Float32,4}})()
      @ Photon ~/.julia/packages/AutoGrad/VFrAv/src/core.jl:205
   [21] differentiate(::Function; o::Base.Iterators.Pairs{Union{},Union{},Tuple{},NamedTuple{(),Tuple{}}})
      @ AutoGrad ~/.julia/packages/AutoGrad/VFrAv/src/core.jl:144
   [22] differentiate
      @ ~/.julia/packages/AutoGrad/VFrAv/src/core.jl:135 [inlined]
   [23] step!(workout::Photon.Workout, minibatch::Tuple{Knet.KnetArray{Float32,4},Knet.KnetArray{Float32,2}}; zerograd::Bool)
      @ Photon ~/.julia/packages/Photon/epVzB/src/train.jl:239
   [24] step!
      @ ~/.julia/packages/Photon/epVzB/src/train.jl:237 [inlined]
   [25] train!(workout::Photon.Workout, data::Vector{Tuple{Knet.KnetArray{Float32,4},Knet.KnetArray{Float32,2}}}, validation::Nothing; epochs::Int64, cb::Photon.Callbacks.AutoSave)
      @ Photon ~/.julia/packages/Photon/epVzB/src/train.jl:307
   [26] test_callbacks()
      @ Main.PhotonTest.MetricsTests ~/.julia/packages/Photon/epVzB/test/metrics.jl:34
   [27] top-level scope
      @ ~/.julia/packages/Photon/epVzB/test/metrics.jl:98
   [28] top-level scope
      @ /buildworker/worker/package_linux64/build/usr/share/julia/stdlib/v1.6/Test/src/Test.jl:1114
   [29] top-level scope
      @ ~/.julia/packages/Photon/epVzB/test/metrics.jl:97
   [30] include
      @ ./Base.jl:375 [inlined]
   [31] include(x::String)
      @ Main.PhotonTest ~/.julia/packages/Photon/epVzB/test/runtests.jl:1
   [32] top-level scope
      @ ~/.julia/packages/Photon/epVzB/test/runtests.jl:25
   [33] top-level scope
      @ /buildworker/worker/package_linux64/build/usr/share/julia/stdlib/v1.6/Test/src/Test.jl:1114
   [34] top-level scope
      @ ~/.julia/packages/Photon/epVzB/test/runtests.jl:10
   [35] include(fname::String)
      @ Base.MainInclude ./client.jl:443
   [36] top-level scope
      @ none:6
   [37] eval(m::Module, e::Any)
      @ Core ./boot.jl:344
   [38] exec_options(opts::Base.JLOptions)
      @ Base ./client.jl:260
   [39] _start()
      @ Base ./client.jl:484
  
[ Info: Testing complex training scenarios

Stacktrace:
  [1] macro expansion
    @ ~/.julia/packages/CUDA/7vLVC/deps/bindeps.jl:74 [inlined]
  [2] macro expansion
    @ ~/.julia/packages/CUDA/7vLVC/src/initialization.jl:51 [inlined]
  [3] libcudnn
    @ ~/.julia/packages/CUDA/7vLVC/deps/bindeps.jl:73 [inlined]
  [4] (::CUDA.CUDNN.var"#19208#cache_fptr!#9")()
    @ CUDA.CUDNN ~/.julia/packages/CUDA/7vLVC/lib/utils/call.jl:31
  [5] macro expansion
    @ ~/.julia/packages/CUDA/7vLVC/lib/utils/call.jl:39 [inlined]
  [6] unsafe_cudnnCreate(handle::Base.RefValue{Ptr{Nothing}})
    @ CUDA.CUDNN ~/.julia/packages/CUDA/7vLVC/lib/cudnn/libcudnn.jl:39
  [7] macro expansion
    @ ~/.julia/packages/CUDA/7vLVC/lib/cudnn/base.jl:6 [inlined]
  [8] macro expansion
    @ ~/.julia/packages/CUDA/7vLVC/src/pool.jl:338 [inlined]
  [9] cudnnCreate()
    @ CUDA.CUDNN ~/.julia/packages/CUDA/7vLVC/lib/cudnn/base.jl:3
 [10] #516
    @ ~/.julia/packages/CUDA/7vLVC/lib/cudnn/CUDNN.jl:44 [inlined]
 [11] get!(default::CUDA.CUDNN.var"#516#519"{CUDA.CuContext}, d::IdDict{Any,Any}, key::Any)
    @ Base ./iddict.jl:161
 [12] handle()
    @ CUDA.CUDNN ~/.julia/packages/CUDA/7vLVC/lib/cudnn/CUDNN.jl:43
 [13] forw(::Function, ::AutoGrad.Param{Knet.KnetArray{Float32,4}}, ::Vararg{Any,N} where N; kwargs::Base.Iterators.Pairs{Symbol,Int64,Tuple{Symbol,Symbol,Symbol},NamedTuple{(:padding, :stride, :dilation),Tuple{Int64,Int64,Int64}}})
    @ AutoGrad ~/.julia/packages/AutoGrad/VFrAv/src/core.jl:66
 [14] #conv4#356
    @ ./none:0 [inlined]
 [15] call(c::Photon.Conv, x::Knet.KnetArray{Float32,4})
    @ Photon ~/.julia/packages/Photon/epVzB/src/layers/conv.jl:63
 [16] (::Photon.Conv)(X::Knet.KnetArray{Float32,4})
    @ Photon ~/.julia/packages/Photon/epVzB/src/layers/core.jl:48
 [17] call(model::Photon.Sequential, X::Knet.KnetArray{Float32,4})
    @ Photon ~/.julia/packages/Photon/epVzB/src/layers/container.jl:35
 [18] (::Photon.Sequential)(X::Knet.KnetArray{Float32,4})
    @ Photon ~/.julia/packages/Photon/epVzB/src/layers/core.jl:33
 [19] (::Main.PhotonTest.ComplexTests.MyModel)(X::Base.Generator{Tuple{Matrix{Float32},Array{Float32,4}},Photon.SmartMover})
    @ Main.PhotonTest.ComplexTests ~/.julia/packages/Photon/epVzB/test/complex.jl:24
 [20] macro expansion
    @ ~/.julia/packages/Photon/epVzB/src/train.jl:240 [inlined]
 [21] (::Photon.var"#31#32"{Photon.Workout,Base.Generator{Tuple{Matrix{Float32},Matrix{Float32}},Photon.SmartMover},Base.Generator{Tuple{Matrix{Float32},Array{Float32,4}},Photon.SmartMover}})()
    @ Photon ~/.julia/packages/AutoGrad/VFrAv/src/core.jl:205
 [22] differentiate(::Function; o::Base.Iterators.Pairs{Union{},Union{},Tuple{},NamedTuple{(),Tuple{}}})
    @ AutoGrad ~/.julia/packages/AutoGrad/VFrAv/src/core.jl:144
 [23] differentiate
    @ ~/.julia/packages/AutoGrad/VFrAv/src/core.jl:135 [inlined]
 [24] step!(workout::Photon.Workout, minibatch::Tuple{Tuple{Matrix{Float32},Array{Float32,4}},Tuple{Matrix{Float32},Matrix{Float32}}}; zerograd::Bool)
    @ Photon ~/.julia/packages/Photon/epVzB/src/train.jl:239
 [25] step!
    @ ~/.julia/packages/Photon/epVzB/src/train.jl:237 [inlined]
 [26] train!(workout::Photon.Workout, data::Base.Iterators.Zip{Tuple{Vector{Tuple{Matrix{Float32},Array{Float32,4}}},Vector{Tuple{Matrix{Float32},Matrix{Float32}}}}}, validation::Nothing; epochs::Int64, cb::Photon.Callbacks.SilentMeter)
    @ Photon ~/.julia/packages/Photon/epVzB/src/train.jl:307
 [27] multi_input_output()
    @ Main.PhotonTest.ComplexTests ~/.julia/packages/Photon/epVzB/test/complex.jl:55
 [28] top-level scope
    @ ~/.julia/packages/Photon/epVzB/test/complex.jl:63
 [29] top-level scope
    @ /buildworker/worker/package_linux64/build/usr/share/julia/stdlib/v1.6/Test/src/Test.jl:1114
 [30] top-level scope
    @ ~/.julia/packages/Photon/epVzB/test/complex.jl:63
 [31] include
    @ ./Base.jl:375 [inlined]
 [32] include(x::String)
    @ Main.PhotonTest ~/.julia/packages/Photon/epVzB/test/runtests.jl:1
 [33] top-level scope
    @ ~/.julia/packages/Photon/epVzB/test/runtests.jl:28
 [34] top-level scope
    @ /buildworker/worker/package_linux64/build/usr/share/julia/stdlib/v1.6/Test/src/Test.jl:1114
 [35] top-level scope
    @ ~/.julia/packages/Photon/epVzB/test/runtests.jl:10
 [36] include(fname::String)
    @ Base.MainInclude ./client.jl:443
 [37] top-level scope
    @ none:6
 [38] eval(m::Module, e::Any)
    @ Core ./boot.jl:344
 [39] exec_options(opts::Base.JLOptions)
    @ Base ./client.jl:260
 [40] _start()
    @ Base ./client.jl:484
Complex: Error During Test at /home/pkgeval/.julia/packages/Photon/epVzB/test/complex.jl:62
  Got exception outside of a @test
  AssertionError: This functionality is unavailabe as CUDNN is missing.
  Stacktrace:
    [1] differentiate(::Function; o::Base.Iterators.Pairs{Union{},Union{},Tuple{},NamedTuple{(),Tuple{}}})
      @ AutoGrad ~/.julia/packages/AutoGrad/VFrAv/src/core.jl:148
    [2] differentiate
      @ ~/.julia/packages/AutoGrad/VFrAv/src/core.jl:135 [inlined]
    [3] step!(workout::Photon.Workout, minibatch::Tuple{Tuple{Matrix{Float32},Array{Float32,4}},Tuple{Matrix{Float32},Matrix{Float32}}}; zerograd::Bool)
      @ Photon ~/.julia/packages/Photon/epVzB/src/train.jl:239
    [4] step!
      @ ~/.julia/packages/Photon/epVzB/src/train.jl:237 [inlined]
    [5] train!(workout::Photon.Workout, data::Base.Iterators.Zip{Tuple{Vector{Tuple{Matrix{Float32},Array{Float32,4}}},Vector{Tuple{Matrix{Float32},Matrix{Float32}}}}}, validation::Nothing; epochs::Int64, cb::Photon.Callbacks.SilentMeter)
      @ Photon ~/.julia/packages/Photon/epVzB/src/train.jl:307
    [6] multi_input_output()
      @ Main.PhotonTest.ComplexTests ~/.julia/packages/Photon/epVzB/test/complex.jl:55
    [7] top-level scope
      @ ~/.julia/packages/Photon/epVzB/test/complex.jl:63
    [8] top-level scope
      @ /buildworker/worker/package_linux64/build/usr/share/julia/stdlib/v1.6/Test/src/Test.jl:1114
    [9] top-level scope
      @ ~/.julia/packages/Photon/epVzB/test/complex.jl:63
   [10] include
      @ ./Base.jl:375 [inlined]
   [11] include(x::String)
      @ Main.PhotonTest ~/.julia/packages/Photon/epVzB/test/runtests.jl:1
   [12] top-level scope
      @ ~/.julia/packages/Photon/epVzB/test/runtests.jl:28
   [13] top-level scope
      @ /buildworker/worker/package_linux64/build/usr/share/julia/stdlib/v1.6/Test/src/Test.jl:1114
   [14] top-level scope
      @ ~/.julia/packages/Photon/epVzB/test/runtests.jl:10
   [15] include(fname::String)
      @ Base.MainInclude ./client.jl:443
   [16] top-level scope
      @ none:6
   [17] eval(m::Module, e::Any)
      @ Core ./boot.jl:344
   [18] exec_options(opts::Base.JLOptions)
      @ Base ./client.jl:260
   [19] _start()
      @ Base ./client.jl:484
  
  caused by:
  AssertionError: This functionality is unavailabe as CUDNN is missing.
  Stacktrace:
    [1] macro expansion
      @ ~/.julia/packages/CUDA/7vLVC/deps/bindeps.jl:74 [inlined]
    [2] macro expansion
      @ ~/.julia/packages/CUDA/7vLVC/src/initialization.jl:51 [inlined]
    [3] libcudnn
      @ ~/.julia/packages/CUDA/7vLVC/deps/bindeps.jl:73 [inlined]
    [4] (::CUDA.CUDNN.var"#19208#cache_fptr!#9")()
      @ CUDA.CUDNN ~/.julia/packages/CUDA/7vLVC/lib/utils/call.jl:31
    [5] macro expansion
      @ ~/.julia/packages/CUDA/7vLVC/lib/utils/call.jl:39 [inlined]
    [6] unsafe_cudnnCreate(handle::Base.RefValue{Ptr{Nothing}})
      @ CUDA.CUDNN ~/.julia/packages/CUDA/7vLVC/lib/cudnn/libcudnn.jl:39
    [7] macro expansion
      @ ~/.julia/packages/CUDA/7vLVC/lib/cudnn/base.jl:6 [inlined]
    [8] macro expansion
      @ ~/.julia/packages/CUDA/7vLVC/src/pool.jl:338 [inlined]
    [9] cudnnCreate()
      @ CUDA.CUDNN ~/.julia/packages/CUDA/7vLVC/lib/cudnn/base.jl:3
   [10] #516
      @ ~/.julia/packages/CUDA/7vLVC/lib/cudnn/CUDNN.jl:44 [inlined]
   [11] get!(default::CUDA.CUDNN.var"#516#519"{CUDA.CuContext}, d::IdDict{Any,Any}, key::Any)
      @ Base ./iddict.jl:161
   [12] handle()
      @ CUDA.CUDNN ~/.julia/packages/CUDA/7vLVC/lib/cudnn/CUDNN.jl:43
   [13] forw(::Function, ::AutoGrad.Param{Knet.KnetArray{Float32,4}}, ::Vararg{Any,N} where N; kwargs::Base.Iterators.Pairs{Symbol,Int64,Tuple{Symbol,Symbol,Symbol},NamedTuple{(:padding, :stride, :dilation),Tuple{Int64,Int64,Int64}}})
      @ AutoGrad ~/.julia/packages/AutoGrad/VFrAv/src/core.jl:66
   [14] #conv4#356
      @ ./none:0 [inlined]
   [15] call(c::Photon.Conv, x::Knet.KnetArray{Float32,4})
      @ Photon ~/.julia/packages/Photon/epVzB/src/layers/conv.jl:63
   [16] (::Photon.Conv)(X::Knet.KnetArray{Float32,4})
      @ Photon ~/.julia/packages/Photon/epVzB/src/layers/core.jl:48
   [17] call(model::Photon.Sequential, X::Knet.KnetArray{Float32,4})
      @ Photon ~/.julia/packages/Photon/epVzB/src/layers/container.jl:35
   [18] (::Photon.Sequential)(X::Knet.KnetArray{Float32,4})
      @ Photon ~/.julia/packages/Photon/epVzB/src/layers/core.jl:33
   [19] (::Main.PhotonTest.ComplexTests.MyModel)(X::Base.Generator{Tuple{Matrix{Float32},Array{Float32,4}},Photon.SmartMover})
      @ Main.PhotonTest.ComplexTests ~/.julia/packages/Photon/epVzB/test/complex.jl:24
   [20] macro expansion
      @ ~/.julia/packages/Photon/epVzB/src/train.jl:240 [inlined]
   [21] (::Photon.var"#31#32"{Photon.Workout,Base.Generator{Tuple{Matrix{Float32},Matrix{Float32}},Photon.SmartMover},Base.Generator{Tuple{Matrix{Float32},Array{Float32,4}},Photon.SmartMover}})()
      @ Photon ~/.julia/packages/AutoGrad/VFrAv/src/core.jl:205
   [22] differentiate(::Function; o::Base.Iterators.Pairs{Union{},Union{},Tuple{},NamedTuple{(),Tuple{}}})
      @ AutoGrad ~/.julia/packages/AutoGrad/VFrAv/src/core.jl:144
   [23] differentiate
      @ ~/.julia/packages/AutoGrad/VFrAv/src/core.jl:135 [inlined]
   [24] step!(workout::Photon.Workout, minibatch::Tuple{Tuple{Matrix{Float32},Array{Float32,4}},Tuple{Matrix{Float32},Matrix{Float32}}}; zerograd::Bool)
      @ Photon ~/.julia/packages/Photon/epVzB/src/train.jl:239
   [25] step!
      @ ~/.julia/packages/Photon/epVzB/src/train.jl:237 [inlined]
   [26] train!(workout::Photon.Workout, data::Base.Iterators.Zip{Tuple{Vector{Tuple{Matrix{Float32},Array{Float32,4}}},Vector{Tuple{Matrix{Float32},Matrix{Float32}}}}}, validation::Nothing; epochs::Int64, cb::Photon.Callbacks.SilentMeter)
      @ Photon ~/.julia/packages/Photon/epVzB/src/train.jl:307
   [27] multi_input_output()
      @ Main.PhotonTest.ComplexTests ~/.julia/packages/Photon/epVzB/test/complex.jl:55
   [28] top-level scope
      @ ~/.julia/packages/Photon/epVzB/test/complex.jl:63
   [29] top-level scope
      @ /buildworker/worker/package_linux64/build/usr/share/julia/stdlib/v1.6/Test/src/Test.jl:1114
   [30] top-level scope
      @ ~/.julia/packages/Photon/epVzB/test/complex.jl:63
   [31] include
      @ ./Base.jl:375 [inlined]
   [32] include(x::String)
      @ Main.PhotonTest ~/.julia/packages/Photon/epVzB/test/runtests.jl:1
   [33] top-level scope
      @ ~/.julia/packages/Photon/epVzB/test/runtests.jl:28
   [34] top-level scope
      @ /buildworker/worker/package_linux64/build/usr/share/julia/stdlib/v1.6/Test/src/Test.jl:1114
   [35] top-level scope
      @ ~/.julia/packages/Photon/epVzB/test/runtests.jl:10
   [36] include(fname::String)
      @ Base.MainInclude ./client.jl:443
   [37] top-level scope
      @ none:6
   [38] eval(m::Module, e::Any)
      @ Core ./boot.jl:344
   [39] exec_options(opts::Base.JLOptions)
      @ Base ./client.jl:260
   [40] _start()
      @ Base ./client.jl:484
  
[ Info: Testing dataset and dataloader

Stacktrace:
  [1] macro expansion
    @ ~/.julia/packages/CUDA/7vLVC/deps/bindeps.jl:74 [inlined]
  [2] macro expansion
    @ ~/.julia/packages/CUDA/7vLVC/src/initialization.jl:51 [inlined]
  [3] libcudnn
    @ ~/.julia/packages/CUDA/7vLVC/deps/bindeps.jl:73 [inlined]
  [4] (::CUDA.CUDNN.var"#19208#cache_fptr!#9")()
    @ CUDA.CUDNN ~/.julia/packages/CUDA/7vLVC/lib/utils/call.jl:31
  [5] macro expansion
    @ ~/.julia/packages/CUDA/7vLVC/lib/utils/call.jl:39 [inlined]
  [6] unsafe_cudnnCreate(handle::Base.RefValue{Ptr{Nothing}})
    @ CUDA.CUDNN ~/.julia/packages/CUDA/7vLVC/lib/cudnn/libcudnn.jl:39
  [7] macro expansion
    @ ~/.julia/packages/CUDA/7vLVC/lib/cudnn/base.jl:6 [inlined]
  [8] macro expansion
    @ ~/.julia/packages/CUDA/7vLVC/src/pool.jl:338 [inlined]
  [9] cudnnCreate()
    @ CUDA.CUDNN ~/.julia/packages/CUDA/7vLVC/lib/cudnn/base.jl:3
 [10] #516
    @ ~/.julia/packages/CUDA/7vLVC/lib/cudnn/CUDNN.jl:44 [inlined]
 [11] get!(default::CUDA.CUDNN.var"#516#519"{CUDA.CuContext}, d::IdDict{Any,Any}, key::Any)
    @ Base ./iddict.jl:161
 [12] handle()
    @ CUDA.CUDNN ~/.julia/packages/CUDA/7vLVC/lib/cudnn/CUDNN.jl:43
 [13] forw(::Function, ::AutoGrad.Param{Knet.KnetArray{Float32,4}}, ::Vararg{Any,N} where N; kwargs::Base.Iterators.Pairs{Symbol,Int64,Tuple{Symbol,Symbol,Symbol},NamedTuple{(:padding, :stride, :dilation),Tuple{Int64,Int64,Int64}}})
    @ AutoGrad ~/.julia/packages/AutoGrad/VFrAv/src/core.jl:66
 [14] #conv4#356
    @ ./none:0 [inlined]
 [15] call(c::Photon.Conv, x::Knet.KnetArray{Float32,4})
    @ Photon ~/.julia/packages/Photon/epVzB/src/layers/conv.jl:63
 [16] (::Photon.Conv)(X::Knet.KnetArray{Float32,4})
    @ Photon ~/.julia/packages/Photon/epVzB/src/layers/core.jl:48
 [17] call(model::Photon.Sequential, X::Knet.KnetArray{Float32,4})
    @ Photon ~/.julia/packages/Photon/epVzB/src/layers/container.jl:35
 [18] (::Photon.Sequential)(X::Knet.KnetArray{Float32,4})
    @ Photon ~/.julia/packages/Photon/epVzB/src/layers/core.jl:33
 [19] macro expansion
    @ ~/.julia/packages/Photon/epVzB/src/train.jl:240 [inlined]
 [20] (::Photon.var"#31#32"{Photon.Workout,Knet.KnetArray{Float32,2},Knet.KnetArray{Float32,4}})()
    @ Photon ~/.julia/packages/AutoGrad/VFrAv/src/core.jl:205
 [21] differentiate(::Function; o::Base.Iterators.Pairs{Union{},Union{},Tuple{},NamedTuple{(),Tuple{}}})
    @ AutoGrad ~/.julia/packages/AutoGrad/VFrAv/src/core.jl:144
 [22] differentiate
    @ ~/.julia/packages/AutoGrad/VFrAv/src/core.jl:135 [inlined]
 [23] step!(workout::Photon.Workout, minibatch::Tuple{Array{Float32,4},Matrix{Float32}}; zerograd::Bool)
    @ Photon ~/.julia/packages/Photon/epVzB/src/train.jl:239
 [24] step!(workout::Photon.Workout, minibatch::Tuple{Array{Float32,4},Matrix{Float32}})
    @ Photon ~/.julia/packages/Photon/epVzB/src/train.jl:237
 [25] train!(workout::Photon.Workout, data::Photon.Data.MiniBatch, validation::Nothing; epochs::Int64, cb::Photon.Callbacks.SilentMeter)
    @ Photon ~/.julia/packages/Photon/epVzB/src/train.jl:307
 [26] test_training()
    @ Main.PhotonTest.DataTests ~/.julia/packages/Photon/epVzB/test/data.jl:90
 [27] top-level scope
    @ ~/.julia/packages/Photon/epVzB/test/data.jl:158
 [28] top-level scope
    @ /buildworker/worker/package_linux64/build/usr/share/julia/stdlib/v1.6/Test/src/Test.jl:1114
 [29] top-level scope
    @ ~/.julia/packages/Photon/epVzB/test/data.jl:153
 [30] include
    @ ./Base.jl:375 [inlined]
 [31] include(x::String)
    @ Main.PhotonTest ~/.julia/packages/Photon/epVzB/test/runtests.jl:1
 [32] top-level scope
    @ ~/.julia/packages/Photon/epVzB/test/runtests.jl:31
 [33] top-level scope
    @ /buildworker/worker/package_linux64/build/usr/share/julia/stdlib/v1.6/Test/src/Test.jl:1114
 [34] top-level scope
    @ ~/.julia/packages/Photon/epVzB/test/runtests.jl:10
 [35] include(fname::String)
    @ Base.MainInclude ./client.jl:443
 [36] top-level scope
    @ none:6
 [37] eval(m::Module, e::Any)
    @ Core ./boot.jl:344
 [38] exec_options(opts::Base.JLOptions)
    @ Base ./client.jl:260
 [39] _start()
    @ Base ./client.jl:484
Data: Error During Test at /home/pkgeval/.julia/packages/Photon/epVzB/test/data.jl:152
  Got exception outside of a @test
  AssertionError: This functionality is unavailabe as CUDNN is missing.
  Stacktrace:
    [1] differentiate(::Function; o::Base.Iterators.Pairs{Union{},Union{},Tuple{},NamedTuple{(),Tuple{}}})
      @ AutoGrad ~/.julia/packages/AutoGrad/VFrAv/src/core.jl:148
    [2] differentiate
      @ ~/.julia/packages/AutoGrad/VFrAv/src/core.jl:135 [inlined]
    [3] step!(workout::Photon.Workout, minibatch::Tuple{Array{Float32,4},Matrix{Float32}}; zerograd::Bool)
      @ Photon ~/.julia/packages/Photon/epVzB/src/train.jl:239
    [4] step!(workout::Photon.Workout, minibatch::Tuple{Array{Float32,4},Matrix{Float32}})
      @ Photon ~/.julia/packages/Photon/epVzB/src/train.jl:237
    [5] train!(workout::Photon.Workout, data::Photon.Data.MiniBatch, validation::Nothing; epochs::Int64, cb::Photon.Callbacks.SilentMeter)
      @ Photon ~/.julia/packages/Photon/epVzB/src/train.jl:307
    [6] test_training()
      @ Main.PhotonTest.DataTests ~/.julia/packages/Photon/epVzB/test/data.jl:90
    [7] top-level scope
      @ ~/.julia/packages/Photon/epVzB/test/data.jl:158
    [8] top-level scope
      @ /buildworker/worker/package_linux64/build/usr/share/julia/stdlib/v1.6/Test/src/Test.jl:1114
    [9] top-level scope
      @ ~/.julia/packages/Photon/epVzB/test/data.jl:153
   [10] include
      @ ./Base.jl:375 [inlined]
   [11] include(x::String)
      @ Main.PhotonTest ~/.julia/packages/Photon/epVzB/test/runtests.jl:1
   [12] top-level scope
      @ ~/.julia/packages/Photon/epVzB/test/runtests.jl:31
   [13] top-level scope
      @ /buildworker/worker/package_linux64/build/usr/share/julia/stdlib/v1.6/Test/src/Test.jl:1114
   [14] top-level scope
      @ ~/.julia/packages/Photon/epVzB/test/runtests.jl:10
   [15] include(fname::String)
      @ Base.MainInclude ./client.jl:443
   [16] top-level scope
      @ none:6
   [17] eval(m::Module, e::Any)
      @ Core ./boot.jl:344
   [18] exec_options(opts::Base.JLOptions)
      @ Base ./client.jl:260
   [19] _start()
      @ Base ./client.jl:484
  
  caused by:
  AssertionError: This functionality is unavailabe as CUDNN is missing.
  Stacktrace:
    [1] macro expansion
      @ ~/.julia/packages/CUDA/7vLVC/deps/bindeps.jl:74 [inlined]
    [2] macro expansion
      @ ~/.julia/packages/CUDA/7vLVC/src/initialization.jl:51 [inlined]
    [3] libcudnn
      @ ~/.julia/packages/CUDA/7vLVC/deps/bindeps.jl:73 [inlined]
    [4] (::CUDA.CUDNN.var"#19208#cache_fptr!#9")()
      @ CUDA.CUDNN ~/.julia/packages/CUDA/7vLVC/lib/utils/call.jl:31
    [5] macro expansion
      @ ~/.julia/packages/CUDA/7vLVC/lib/utils/call.jl:39 [inlined]
    [6] unsafe_cudnnCreate(handle::Base.RefValue{Ptr{Nothing}})
      @ CUDA.CUDNN ~/.julia/packages/CUDA/7vLVC/lib/cudnn/libcudnn.jl:39
    [7] macro expansion
      @ ~/.julia/packages/CUDA/7vLVC/lib/cudnn/base.jl:6 [inlined]
    [8] macro expansion
      @ ~/.julia/packages/CUDA/7vLVC/src/pool.jl:338 [inlined]
    [9] cudnnCreate()
      @ CUDA.CUDNN ~/.julia/packages/CUDA/7vLVC/lib/cudnn/base.jl:3
   [10] #516
      @ ~/.julia/packages/CUDA/7vLVC/lib/cudnn/CUDNN.jl:44 [inlined]
   [11] get!(default::CUDA.CUDNN.var"#516#519"{CUDA.CuContext}, d::IdDict{Any,Any}, key::Any)
      @ Base ./iddict.jl:161
   [12] handle()
      @ CUDA.CUDNN ~/.julia/packages/CUDA/7vLVC/lib/cudnn/CUDNN.jl:43
   [13] forw(::Function, ::AutoGrad.Param{Knet.KnetArray{Float32,4}}, ::Vararg{Any,N} where N; kwargs::Base.Iterators.Pairs{Symbol,Int64,Tuple{Symbol,Symbol,Symbol},NamedTuple{(:padding, :stride, :dilation),Tuple{Int64,Int64,Int64}}})
      @ AutoGrad ~/.julia/packages/AutoGrad/VFrAv/src/core.jl:66
   [14] #conv4#356
      @ ./none:0 [inlined]
   [15] call(c::Photon.Conv, x::Knet.KnetArray{Float32,4})
      @ Photon ~/.julia/packages/Photon/epVzB/src/layers/conv.jl:63
   [16] (::Photon.Conv)(X::Knet.KnetArray{Float32,4})
      @ Photon ~/.julia/packages/Photon/epVzB/src/layers/core.jl:48
   [17] call(model::Photon.Sequential, X::Knet.KnetArray{Float32,4})
      @ Photon ~/.julia/packages/Photon/epVzB/src/layers/container.jl:35
   [18] (::Photon.Sequential)(X::Knet.KnetArray{Float32,4})
      @ Photon ~/.julia/packages/Photon/epVzB/src/layers/core.jl:33
   [19] macro expansion
      @ ~/.julia/packages/Photon/epVzB/src/train.jl:240 [inlined]
   [20] (::Photon.var"#31#32"{Photon.Workout,Knet.KnetArray{Float32,2},Knet.KnetArray{Float32,4}})()
      @ Photon ~/.julia/packages/AutoGrad/VFrAv/src/core.jl:205
   [21] differentiate(::Function; o::Base.Iterators.Pairs{Union{},Union{},Tuple{},NamedTuple{(),Tuple{}}})
      @ AutoGrad ~/.julia/packages/AutoGrad/VFrAv/src/core.jl:144
   [22] differentiate
      @ ~/.julia/packages/AutoGrad/VFrAv/src/core.jl:135 [inlined]
   [23] step!(workout::Photon.Workout, minibatch::Tuple{Array{Float32,4},Matrix{Float32}}; zerograd::Bool)
      @ Photon ~/.julia/packages/Photon/epVzB/src/train.jl:239
   [24] step!(workout::Photon.Workout, minibatch::Tuple{Array{Float32,4},Matrix{Float32}})
      @ Photon ~/.julia/packages/Photon/epVzB/src/train.jl:237
   [25] train!(workout::Photon.Workout, data::Photon.Data.MiniBatch, validation::Nothing; epochs::Int64, cb::Photon.Callbacks.SilentMeter)
      @ Photon ~/.julia/packages/Photon/epVzB/src/train.jl:307
   [26] test_training()
      @ Main.PhotonTest.DataTests ~/.julia/packages/Photon/epVzB/test/data.jl:90
   [27] top-level scope
      @ ~/.julia/packages/Photon/epVzB/test/data.jl:158
   [28] top-level scope
      @ /buildworker/worker/package_linux64/build/usr/share/julia/stdlib/v1.6/Test/src/Test.jl:1114
   [29] top-level scope
      @ ~/.julia/packages/Photon/epVzB/test/data.jl:153
   [30] include
      @ ./Base.jl:375 [inlined]
   [31] include(x::String)
      @ Main.PhotonTest ~/.julia/packages/Photon/epVzB/test/runtests.jl:1
   [32] top-level scope
      @ ~/.julia/packages/Photon/epVzB/test/runtests.jl:31
   [33] top-level scope
      @ /buildworker/worker/package_linux64/build/usr/share/julia/stdlib/v1.6/Test/src/Test.jl:1114
   [34] top-level scope
      @ ~/.julia/packages/Photon/epVzB/test/runtests.jl:10
   [35] include(fname::String)
      @ Base.MainInclude ./client.jl:443
   [36] top-level scope
      @ none:6
   [37] eval(m::Module, e::Any)
      @ Core ./boot.jl:344
   [38] exec_options(opts::Base.JLOptions)
      @ Base ./client.jl:260
   [39] _start()
      @ Base ./client.jl:484
  
Test Summary: | Pass  Error  Total
Photon        |   39     11     50
  Basic       |    6             6
  Dense       |    8             8
  Conv        |           1      1
  Recurrent   |           1      1
  VGG         |           1      1
  AlexNet     |           1      1
  DenseNet    |           1      1
  Training    |           1      1
  Optim       |           1      1
  Loss        |   18      1     19
  Metrics     |           1      1
  Complex     |           1      1
  Data        |    7      1      8
ERROR: LoadError: Some tests did not pass: 39 passed, 0 failed, 11 errored, 0 broken.
in expression starting at /home/pkgeval/.julia/packages/Photon/epVzB/test/runtests.jl:1
ERROR: Package Photon errored during testing
Stacktrace:
  [1] pkgerror(::String, ::Vararg{String,N} where N)
    @ Pkg.Types /buildworker/worker/package_linux64/build/usr/share/julia/stdlib/v1.6/Pkg/src/Types.jl:52
  [2] test(ctx::Pkg.Types.Context, pkgs::Vector{Pkg.Types.PackageSpec}; coverage::Bool, julia_args::Cmd, test_args::Cmd, test_fn::Nothing)
    @ Pkg.Operations /buildworker/worker/package_linux64/build/usr/share/julia/stdlib/v1.6/Pkg/src/Operations.jl:1567
  [3] test(ctx::Pkg.Types.Context, pkgs::Vector{Pkg.Types.PackageSpec}; coverage::Bool, test_fn::Nothing, julia_args::Cmd, test_args::Cmd, kwargs::Base.Iterators.Pairs{Union{},Union{},Tuple{},NamedTuple{(),Tuple{}}})
    @ Pkg.API /buildworker/worker/package_linux64/build/usr/share/julia/stdlib/v1.6/Pkg/src/API.jl:328
  [4] test(ctx::Pkg.Types.Context, pkgs::Vector{Pkg.Types.PackageSpec})
    @ Pkg.API /buildworker/worker/package_linux64/build/usr/share/julia/stdlib/v1.6/Pkg/src/API.jl:315
  [5] #test#62
    @ /buildworker/worker/package_linux64/build/usr/share/julia/stdlib/v1.6/Pkg/src/API.jl:67 [inlined]
  [6] test
    @ /buildworker/worker/package_linux64/build/usr/share/julia/stdlib/v1.6/Pkg/src/API.jl:67 [inlined]
  [7] #test#61
    @ /buildworker/worker/package_linux64/build/usr/share/julia/stdlib/v1.6/Pkg/src/API.jl:66 [inlined]
  [8] test
    @ /buildworker/worker/package_linux64/build/usr/share/julia/stdlib/v1.6/Pkg/src/API.jl:66 [inlined]
  [9] test(pkg::String; kwargs::Base.Iterators.Pairs{Union{},Union{},Tuple{},NamedTuple{(),Tuple{}}})
    @ Pkg.API /buildworker/worker/package_linux64/build/usr/share/julia/stdlib/v1.6/Pkg/src/API.jl:65
 [10] test(pkg::String)
    @ Pkg.API /buildworker/worker/package_linux64/build/usr/share/julia/stdlib/v1.6/Pkg/src/API.jl:65
 [11] top-level scope
    @ none:16
