Julia Version 1.6.0-DEV.1069
Commit 22b5d93b2b (2020-09-28 17:33 UTC)
Platform Info:
  OS: Linux (x86_64-linux-gnu)
  CPU: Intel(R) Xeon(R) Silver 4114 CPU @ 2.20GHz
  WORD_SIZE: 64
  LIBM: libopenlibm
  LLVM: libLLVM-10.0.1 (ORCJIT, skylake-avx512)
Environment:
  JULIA_DEPOT_PATH = ::/usr/local/share/julia
  JULIA_NUM_THREADS = 2

  Resolving package versions...
  Installed Conda ────────────── v1.4.1
  Installed DiskArrays ───────── v0.2.6
  Installed NCTiles ──────────── v0.1.10
  Installed VersionParsing ───── v1.2.0
  Installed DataStructures ───── v0.18.6
  Installed URIParser ────────── v0.4.1
  Installed Parsers ──────────── v1.0.10
  Installed Unitful ──────────── v1.4.1
  Installed ConstructionBase ─── v1.0.0
  Installed Compat ───────────── v3.17.0
  Installed MeshArrays ───────── v0.2.13
  Installed NearestNeighbors ─── v0.4.6
  Installed CondaBinDeps ─────── v0.2.0
  Installed OrderedCollections ─ v1.3.1
  Installed StaticArrays ─────── v0.12.4
  Installed BinDeps ──────────── v1.0.1
  Installed Formatting ───────── v0.4.1
  Installed CFTime ───────────── v0.1.0
  Installed Distances ────────── v0.9.0
  Installed NetCDF ───────────── v0.10.3
  Installed JSON ─────────────── v0.21.1
  Installed NCDatasets ───────── v0.10.4
  Installed CatViews ─────────── v1.0.0
Updating `~/.julia/environments/v1.6/Project.toml`
  [4c1fdd90] + NCTiles v0.1.10
Updating `~/.julia/environments/v1.6/Manifest.toml`
  [9e28174c] + BinDeps v1.0.1
  [179af706] + CFTime v0.1.0
  [81a5f4ea] + CatViews v1.0.0
  [34da2185] + Compat v3.17.0
  [8f4d0f93] + Conda v1.4.1
  [a9693cdc] + CondaBinDeps v0.2.0
  [187b0558] + ConstructionBase v1.0.0
  [864edb3b] + DataStructures v0.18.6
  [3c3547ce] + DiskArrays v0.2.6
  [b4f34e82] + Distances v0.9.0
  [59287772] + Formatting v0.4.1
  [682c06a0] + JSON v0.21.1
  [cb8c808f] + MeshArrays v0.2.13
  [85f8d34a] + NCDatasets v0.10.4
  [4c1fdd90] + NCTiles v0.1.10
  [b8a86587] + NearestNeighbors v0.4.6
  [30363a11] + NetCDF v0.10.3
  [bac558e1] + OrderedCollections v1.3.1
  [69de0a69] + Parsers v1.0.10
  [90137ffa] + StaticArrays v0.12.4
  [30578b45] + URIParser v0.4.1
  [1986cc42] + Unitful v1.4.1
  [81def892] + VersionParsing v1.2.0
  [56f22d72] + Artifacts
  [2a0f44e3] + Base64
  [ade2ca70] + Dates
  [8bb1440f] + DelimitedFiles
  [8ba89e20] + Distributed
  [b77e0a4c] + InteractiveUtils
  [76f85450] + LibGit2
  [8f399da3] + Libdl
  [37e2e46d] + LinearAlgebra
  [56ddb016] + Logging
  [d6f4376e] + Markdown
  [a63ad114] + Mmap
  [44cfe95a] + Pkg
  [de0858da] + Printf
  [3fa0cd96] + REPL
  [9a3f8284] + Random
  [ea8e919c] + SHA
  [9e88b42a] + Serialization
  [1a1011a3] + SharedArrays
  [6462fe0b] + Sockets
  [2f01184e] + SparseArrays
  [10745b16] + Statistics
  [fa267f1f] + TOML
  [8dfed614] + Test
  [cf7118a7] + UUIDs
  [4ec0a83e] + Unicode
   Building Conda ─────→ `~/.julia/scratchspaces/44cfe95a-1eb2-52ea-b672-e2afdf69b78f/7a58bb32ce5d85f8bf7559aa7c2842f9aecf52fc/build.log`
   Building NetCDF ────→ `~/.julia/scratchspaces/44cfe95a-1eb2-52ea-b672-e2afdf69b78f/dda7b49694d15d7d1a1ba1d7c2a9142777028bd5/build.log`
ERROR: Error building `NetCDF`: 
PREFIX=/home/pkgeval/.julia/conda/3
WARNING: md5sum mismatch of tar archive
expected: 728a5c953844917b24246080968d03b8
     got: 9ec1723712344e749dc29bed067e7f90  -
Unpacking payload ...
Traceback (most recent call last):
  File "entry_point.py", line 76, in <module>
  File "tarfile.py", line 2024, in extractall
  File "tarfile.py", line 2065, in extract
  File "tarfile.py", line 2137, in _extract_member
  File "tarfile.py", line 2186, in makefile
  File "tarfile.py", line 249, in copyfileobj
tarfile.ReadError: unexpected end of data
[307] Failed to execute script entry_point
  0%|          | 0/1 [00:00<?, ?it/s]                                     concurrent.futures.process._RemoteTraceback: 
'''
Traceback (most recent call last):
  File "concurrent/futures/process.py", line 368, in _queue_management_worker
  File "multiprocessing/connection.py", line 251, in recv
TypeError: __init__() missing 1 required positional argument: 'msg'
'''

The above exception was the direct cause of the following exception:

Traceback (most recent call last):
  File "entry_point.py", line 69, in <module>
  File "concurrent/futures/process.py", line 484, in _chain_from_iterable_of_lists
  File "concurrent/futures/_base.py", line 611, in result_iterator
  File "concurrent/futures/_base.py", line 439, in result
  File "concurrent/futures/_base.py", line 388, in __get_result
concurrent.futures.process.BrokenProcessPool: A process in the process pool was terminated abruptly while the future was running or pending.
[309] Failed to execute script entry_point
[ Info: Downloading miniconda installer ...
[ Info: Installing miniconda ...
ERROR: LoadError: failed process: Process(`/home/pkgeval/.julia/conda/3/installer.sh -b -f -p /home/pkgeval/.julia/conda/3`, ProcessExited(1)) [1]

Stacktrace:
  [1] pipeline_error
    @ ./process.jl:525 [inlined]
  [2] run(::Cmd; wait::Bool)
    @ Base ./process.jl:440
  [3] run
    @ ./process.jl:438 [inlined]
  [4] _install_conda(env::Symbol, force::Bool)
    @ Conda ~/.julia/packages/Conda/3rPhK/src/Conda.jl:169
  [5] _install_conda
    @ ~/.julia/packages/Conda/3rPhK/src/Conda.jl:155 [inlined]
  [6] parseconda(args::Cmd, env::Symbol)
    @ Conda ~/.julia/packages/Conda/3rPhK/src/Conda.jl:120
  [7] search(package::String, env::Symbol)
    @ Conda ~/.julia/packages/Conda/3rPhK/src/Conda.jl:261
  [8] exists(package::String, env::Symbol)
    @ Conda ~/.julia/packages/Conda/3rPhK/src/Conda.jl:285
  [9] package_available
    @ ~/.julia/packages/CondaBinDeps/rN3r7/src/bindeps_conda.jl:19 [inlined]
 [10] can_provide(p::CondaBinDeps.EnvManager{Symbol("/home/pkgeval/.julia/conda/3")}, opts::Dict{Symbol, Any}, dep::BinDeps.LibraryDependency)
    @ BinDeps ~/.julia/packages/BinDeps/QvmEl/src/dependencies.jl:799
 [11] _find_library(dep::BinDeps.LibraryDependency; provider::Type)
    @ BinDeps ~/.julia/packages/BinDeps/QvmEl/src/dependencies.jl:656
 [12] _find_library
    @ ~/.julia/packages/BinDeps/QvmEl/src/dependencies.jl:650 [inlined]
 [13] satisfy!(dep::BinDeps.LibraryDependency, methods::Vector{DataType})
    @ BinDeps ~/.julia/packages/BinDeps/QvmEl/src/dependencies.jl:929
 [14] top-level scope
    @ ~/.julia/packages/BinDeps/QvmEl/src/dependencies.jl:984
 [15] include(fname::String)
    @ Base.MainInclude ./client.jl:444
 [16] top-level scope
    @ none:5
in expression starting at /home/pkgeval/.julia/packages/NetCDF/0sRUL/deps/build.jl:15
Stacktrace:
  [1] pkgerror(msg::String)
    @ Pkg.Types /workspace/srcdir/usr/share/julia/stdlib/v1.6/Pkg/src/Types.jl:52
  [2] (::Pkg.Operations.var"#73#78"{Bool, Pkg.Types.Context, String, Pkg.Types.PackageSpec})()
    @ Pkg.Operations /workspace/srcdir/usr/share/julia/stdlib/v1.6/Pkg/src/Operations.jl:979
  [3] withenv(f::Pkg.Operations.var"#73#78"{Bool, Pkg.Types.Context, String, Pkg.Types.PackageSpec}, keyvals::Pair{String, String})
    @ Base ./env.jl:161
  [4] (::Pkg.Operations.var"#100#104"{String, Pkg.Operations.var"#73#78"{Bool, Pkg.Types.Context, String, Pkg.Types.PackageSpec}, Pkg.Types.PackageSpec})()
    @ Pkg.Operations /workspace/srcdir/usr/share/julia/stdlib/v1.6/Pkg/src/Operations.jl:1464
  [5] with_temp_env(fn::Pkg.Operations.var"#100#104"{String, Pkg.Operations.var"#73#78"{Bool, Pkg.Types.Context, String, Pkg.Types.PackageSpec}, Pkg.Types.PackageSpec}, temp_env::String)
    @ Pkg.Operations /workspace/srcdir/usr/share/julia/stdlib/v1.6/Pkg/src/Operations.jl:1378
  [6] (::Pkg.Operations.var"#99#103"{Pkg.Operations.var"#73#78"{Bool, Pkg.Types.Context, String, Pkg.Types.PackageSpec}, Pkg.Types.Context, Pkg.Types.PackageSpec, String, Pkg.Types.Project, String})(tmp::String)
    @ Pkg.Operations /workspace/srcdir/usr/share/julia/stdlib/v1.6/Pkg/src/Operations.jl:1449
  [7] mktempdir(fn::Pkg.Operations.var"#99#103"{Pkg.Operations.var"#73#78"{Bool, Pkg.Types.Context, String, Pkg.Types.PackageSpec}, Pkg.Types.Context, Pkg.Types.PackageSpec, String, Pkg.Types.Project, String}, parent::String; prefix::String)
    @ Base.Filesystem ./file.jl:711
  [8] mktempdir(fn::Function, parent::String)
    @ Base.Filesystem ./file.jl:709
  [9] sandbox(fn::Function, ctx::Pkg.Types.Context, target::Pkg.Types.PackageSpec, target_path::String, sandbox_path::String, sandbox_project_override::Pkg.Types.Project)
    @ Pkg.Operations /workspace/srcdir/usr/share/julia/stdlib/v1.6/Pkg/src/Operations.jl:1416
 [10] build_versions(ctx::Pkg.Types.Context, uuids::Vector{Base.UUID}; might_need_to_resolve::Bool, verbose::Bool)
    @ Pkg.Operations /workspace/srcdir/usr/share/julia/stdlib/v1.6/Pkg/src/Operations.jl:960
 [11] build_versions
    @ /workspace/srcdir/usr/share/julia/stdlib/v1.6/Pkg/src/Operations.jl:899 [inlined]
 [12] add(ctx::Pkg.Types.Context, pkgs::Vector{Pkg.Types.PackageSpec}, new_git::Vector{Base.UUID}; preserve::Pkg.Types.PreserveLevel, platform::Base.BinaryPlatforms.Platform)
    @ Pkg.Operations /workspace/srcdir/usr/share/julia/stdlib/v1.6/Pkg/src/Operations.jl:1175
 [13] add(ctx::Pkg.Types.Context, pkgs::Vector{Pkg.Types.PackageSpec}; preserve::Pkg.Types.PreserveLevel, platform::Base.BinaryPlatforms.Platform, kwargs::Base.Iterators.Pairs{Union{}, Union{}, Tuple{}, NamedTuple{(), Tuple{}}})
    @ Pkg.API /workspace/srcdir/usr/share/julia/stdlib/v1.6/Pkg/src/API.jl:192
 [14] add
    @ /workspace/srcdir/usr/share/julia/stdlib/v1.6/Pkg/src/API.jl:143 [inlined]
 [15] add(pkgs::Vector{Pkg.Types.PackageSpec}; kwargs::Base.Iterators.Pairs{Union{}, Union{}, Tuple{}, NamedTuple{(), Tuple{}}})
    @ Pkg.API /workspace/srcdir/usr/share/julia/stdlib/v1.6/Pkg/src/API.jl:68
 [16] add
    @ /workspace/srcdir/usr/share/julia/stdlib/v1.6/Pkg/src/API.jl:68 [inlined]
 [17] #add#21
    @ /workspace/srcdir/usr/share/julia/stdlib/v1.6/Pkg/src/API.jl:66 [inlined]
 [18] add
    @ /workspace/srcdir/usr/share/julia/stdlib/v1.6/Pkg/src/API.jl:66 [inlined]
 [19] #add#20
    @ /workspace/srcdir/usr/share/julia/stdlib/v1.6/Pkg/src/API.jl:65 [inlined]
 [20] add(pkg::String)
    @ Pkg.API /workspace/srcdir/usr/share/julia/stdlib/v1.6/Pkg/src/API.jl:65
 [21] top-level scope
    @ none:18
