Julia Version 1.6.0-DEV.1274
Commit 444aa87348 (2020-10-17 22:11 UTC)
Platform Info:
  OS: Linux (x86_64-pc-linux-gnu)
  CPU: AMD EPYC 7502 32-Core Processor
  WORD_SIZE: 64
  LIBM: libopenlibm
  LLVM: libLLVM-11.0.0 (ORCJIT, znver2)
Environment:
  JULIA_DEPOT_PATH = ::/usr/local/share/julia
  JULIA_NUM_THREADS = 2
  JULIA_MAX_NUM_PRECOMPILE_FILES = 9223372036854775807

   Resolving package versions...
   Installed SortingAlgorithms â”€â”€â”€â”€â”€â”€â”€â”€â”€â”€â”€â”€ v0.3.1
   Installed StatsKit â”€â”€â”€â”€â”€â”€â”€â”€â”€â”€â”€â”€â”€â”€â”€â”€â”€â”€â”€â”€â”€ v0.3.0
   Installed OpenBLAS_jll â”€â”€â”€â”€â”€â”€â”€â”€â”€â”€â”€â”€â”€â”€â”€â”€â”€ v0.3.10+0
   Installed PDMats â”€â”€â”€â”€â”€â”€â”€â”€â”€â”€â”€â”€â”€â”€â”€â”€â”€â”€â”€â”€â”€â”€â”€ v0.10.1
   Installed FFTW â”€â”€â”€â”€â”€â”€â”€â”€â”€â”€â”€â”€â”€â”€â”€â”€â”€â”€â”€â”€â”€â”€â”€â”€â”€ v1.2.4
   Installed WoodburyMatrices â”€â”€â”€â”€â”€â”€â”€â”€â”€â”€â”€â”€â”€ v0.5.2
   Installed StaticArrays â”€â”€â”€â”€â”€â”€â”€â”€â”€â”€â”€â”€â”€â”€â”€â”€â”€ v0.12.4
   Installed DataValueInterfaces â”€â”€â”€â”€â”€â”€â”€â”€â”€â”€ v1.0.0
   Installed AxisAlgorithms â”€â”€â”€â”€â”€â”€â”€â”€â”€â”€â”€â”€â”€â”€â”€ v1.0.0
   Installed Distances â”€â”€â”€â”€â”€â”€â”€â”€â”€â”€â”€â”€â”€â”€â”€â”€â”€â”€â”€â”€ v0.9.2
   Installed CompilerSupportLibraries_jll â”€ v0.3.4+0
   Installed DocStringExtensions â”€â”€â”€â”€â”€â”€â”€â”€â”€â”€ v0.8.3
   Installed Distributions â”€â”€â”€â”€â”€â”€â”€â”€â”€â”€â”€â”€â”€â”€â”€â”€ v0.23.12
   Installed MultivariateStats â”€â”€â”€â”€â”€â”€â”€â”€â”€â”€â”€â”€ v0.7.0
   Installed RecipesBase â”€â”€â”€â”€â”€â”€â”€â”€â”€â”€â”€â”€â”€â”€â”€â”€â”€â”€ v1.1.0
   Installed Roots â”€â”€â”€â”€â”€â”€â”€â”€â”€â”€â”€â”€â”€â”€â”€â”€â”€â”€â”€â”€â”€â”€â”€â”€ v1.0.5
   Installed Interpolations â”€â”€â”€â”€â”€â”€â”€â”€â”€â”€â”€â”€â”€â”€â”€ v0.12.10
   Installed Missings â”€â”€â”€â”€â”€â”€â”€â”€â”€â”€â”€â”€â”€â”€â”€â”€â”€â”€â”€â”€â”€ v0.4.4
   Installed NearestNeighbors â”€â”€â”€â”€â”€â”€â”€â”€â”€â”€â”€â”€â”€ v0.4.7
   Installed PooledArrays â”€â”€â”€â”€â”€â”€â”€â”€â”€â”€â”€â”€â”€â”€â”€â”€â”€ v0.5.3
   Installed AbstractFFTs â”€â”€â”€â”€â”€â”€â”€â”€â”€â”€â”€â”€â”€â”€â”€â”€â”€ v0.5.0
   Installed CategoricalArrays â”€â”€â”€â”€â”€â”€â”€â”€â”€â”€â”€â”€ v0.8.3
   Installed Arpack â”€â”€â”€â”€â”€â”€â”€â”€â”€â”€â”€â”€â”€â”€â”€â”€â”€â”€â”€â”€â”€â”€â”€ v0.4.0
   Installed Parsers â”€â”€â”€â”€â”€â”€â”€â”€â”€â”€â”€â”€â”€â”€â”€â”€â”€â”€â”€â”€â”€â”€ v1.0.11
   Installed SpecialFunctions â”€â”€â”€â”€â”€â”€â”€â”€â”€â”€â”€â”€â”€ v0.10.3
   Installed DataFrames â”€â”€â”€â”€â”€â”€â”€â”€â”€â”€â”€â”€â”€â”€â”€â”€â”€â”€â”€ v0.21.8
   Installed FillArrays â”€â”€â”€â”€â”€â”€â”€â”€â”€â”€â”€â”€â”€â”€â”€â”€â”€â”€â”€ v0.9.7
   Installed OffsetArrays â”€â”€â”€â”€â”€â”€â”€â”€â”€â”€â”€â”€â”€â”€â”€â”€â”€ v1.3.1
   Installed KernelDensity â”€â”€â”€â”€â”€â”€â”€â”€â”€â”€â”€â”€â”€â”€â”€â”€ v0.6.1
   Installed DataAPI â”€â”€â”€â”€â”€â”€â”€â”€â”€â”€â”€â”€â”€â”€â”€â”€â”€â”€â”€â”€â”€â”€ v1.3.0
   Installed Compat â”€â”€â”€â”€â”€â”€â”€â”€â”€â”€â”€â”€â”€â”€â”€â”€â”€â”€â”€â”€â”€â”€â”€ v3.20.0
   Installed DataStructures â”€â”€â”€â”€â”€â”€â”€â”€â”€â”€â”€â”€â”€â”€â”€ v0.18.7
   Installed JLLWrappers â”€â”€â”€â”€â”€â”€â”€â”€â”€â”€â”€â”€â”€â”€â”€â”€â”€â”€ v1.1.2
   Installed IntelOpenMP_jll â”€â”€â”€â”€â”€â”€â”€â”€â”€â”€â”€â”€â”€â”€ v2018.0.3+0
   Installed IteratorInterfaceExtensions â”€â”€ v1.0.0
   Installed FFTW_jll â”€â”€â”€â”€â”€â”€â”€â”€â”€â”€â”€â”€â”€â”€â”€â”€â”€â”€â”€â”€â”€ v3.3.9+6
   Installed QuadGK â”€â”€â”€â”€â”€â”€â”€â”€â”€â”€â”€â”€â”€â”€â”€â”€â”€â”€â”€â”€â”€â”€â”€ v2.4.1
   Installed Arpack_jll â”€â”€â”€â”€â”€â”€â”€â”€â”€â”€â”€â”€â”€â”€â”€â”€â”€â”€â”€ v3.5.0+3
   Installed TableTraits â”€â”€â”€â”€â”€â”€â”€â”€â”€â”€â”€â”€â”€â”€â”€â”€â”€â”€ v1.0.0
   Installed TimeSeries â”€â”€â”€â”€â”€â”€â”€â”€â”€â”€â”€â”€â”€â”€â”€â”€â”€â”€â”€ v0.19.1
   Installed OrderedCollections â”€â”€â”€â”€â”€â”€â”€â”€â”€â”€â”€ v1.3.1
   Installed StatsBase â”€â”€â”€â”€â”€â”€â”€â”€â”€â”€â”€â”€â”€â”€â”€â”€â”€â”€â”€â”€ v0.33.2
   Installed StatsModels â”€â”€â”€â”€â”€â”€â”€â”€â”€â”€â”€â”€â”€â”€â”€â”€â”€â”€ v0.6.15
   Installed Clustering â”€â”€â”€â”€â”€â”€â”€â”€â”€â”€â”€â”€â”€â”€â”€â”€â”€â”€â”€ v0.14.1
   Installed ShiftedArrays â”€â”€â”€â”€â”€â”€â”€â”€â”€â”€â”€â”€â”€â”€â”€â”€ v1.0.0
   Installed Combinatorics â”€â”€â”€â”€â”€â”€â”€â”€â”€â”€â”€â”€â”€â”€â”€â”€ v1.0.2
   Installed Bootstrap â”€â”€â”€â”€â”€â”€â”€â”€â”€â”€â”€â”€â”€â”€â”€â”€â”€â”€â”€â”€ v2.2.0
   Installed JSON â”€â”€â”€â”€â”€â”€â”€â”€â”€â”€â”€â”€â”€â”€â”€â”€â”€â”€â”€â”€â”€â”€â”€â”€â”€ v0.21.1
   Installed StatsFuns â”€â”€â”€â”€â”€â”€â”€â”€â”€â”€â”€â”€â”€â”€â”€â”€â”€â”€â”€â”€ v0.9.5
   Installed MKL_jll â”€â”€â”€â”€â”€â”€â”€â”€â”€â”€â”€â”€â”€â”€â”€â”€â”€â”€â”€â”€â”€â”€ v2020.2.254+0
   Installed OpenSpecFun_jll â”€â”€â”€â”€â”€â”€â”€â”€â”€â”€â”€â”€â”€â”€ v0.5.3+4
   Installed Rmath â”€â”€â”€â”€â”€â”€â”€â”€â”€â”€â”€â”€â”€â”€â”€â”€â”€â”€â”€â”€â”€â”€â”€â”€ v0.6.1
   Installed Rmath_jll â”€â”€â”€â”€â”€â”€â”€â”€â”€â”€â”€â”€â”€â”€â”€â”€â”€â”€â”€â”€ v0.2.2+1
   Installed Ratios â”€â”€â”€â”€â”€â”€â”€â”€â”€â”€â”€â”€â”€â”€â”€â”€â”€â”€â”€â”€â”€â”€â”€ v0.4.0
   Installed Loess â”€â”€â”€â”€â”€â”€â”€â”€â”€â”€â”€â”€â”€â”€â”€â”€â”€â”€â”€â”€â”€â”€â”€â”€ v0.5.0
   Installed CSV â”€â”€â”€â”€â”€â”€â”€â”€â”€â”€â”€â”€â”€â”€â”€â”€â”€â”€â”€â”€â”€â”€â”€â”€â”€â”€ v0.7.7
   Installed GLM â”€â”€â”€â”€â”€â”€â”€â”€â”€â”€â”€â”€â”€â”€â”€â”€â”€â”€â”€â”€â”€â”€â”€â”€â”€â”€ v1.3.11
   Installed InvertedIndices â”€â”€â”€â”€â”€â”€â”€â”€â”€â”€â”€â”€â”€â”€ v1.0.0
   Installed StructTypes â”€â”€â”€â”€â”€â”€â”€â”€â”€â”€â”€â”€â”€â”€â”€â”€â”€â”€ v1.1.0
   Installed Tables â”€â”€â”€â”€â”€â”€â”€â”€â”€â”€â”€â”€â”€â”€â”€â”€â”€â”€â”€â”€â”€â”€â”€ v1.1.0
   Installed SentinelArrays â”€â”€â”€â”€â”€â”€â”€â”€â”€â”€â”€â”€â”€â”€â”€ v1.2.16
   Installed HypothesisTests â”€â”€â”€â”€â”€â”€â”€â”€â”€â”€â”€â”€â”€â”€ v0.10.1
   Installed Reexport â”€â”€â”€â”€â”€â”€â”€â”€â”€â”€â”€â”€â”€â”€â”€â”€â”€â”€â”€â”€â”€ v0.2.0
Updating `~/.julia/environments/v1.6/Project.toml`
  [2cb19f9e] + StatsKit v0.3.0
Updating `~/.julia/environments/v1.6/Manifest.toml`
  [621f4979] + AbstractFFTs v0.5.0
  [7d9fca2a] + Arpack v0.4.0
  [68821587] + Arpack_jll v3.5.0+3
  [13072b0f] + AxisAlgorithms v1.0.0
  [e28b5b4c] + Bootstrap v2.2.0
  [336ed68f] + CSV v0.7.7
  [324d7699] + CategoricalArrays v0.8.3
  [aaaa29a8] + Clustering v0.14.1
  [861a8166] + Combinatorics v1.0.2
  [34da2185] + Compat v3.20.0
  [e66e0078] + CompilerSupportLibraries_jll v0.3.4+0
  [9a962f9c] + DataAPI v1.3.0
  [a93c6f00] + DataFrames v0.21.8
  [864edb3b] + DataStructures v0.18.7
  [e2d170a0] + DataValueInterfaces v1.0.0
  [b4f34e82] + Distances v0.9.2
  [31c24e10] + Distributions v0.23.12
  [ffbed154] + DocStringExtensions v0.8.3
  [7a1cc6ca] + FFTW v1.2.4
  [f5851436] + FFTW_jll v3.3.9+6
  [1a297f60] + FillArrays v0.9.7
  [38e38edf] + GLM v1.3.11
  [09f84164] + HypothesisTests v0.10.1
  [1d5cc7b8] + IntelOpenMP_jll v2018.0.3+0
  [a98d9a8b] + Interpolations v0.12.10
  [41ab1584] + InvertedIndices v1.0.0
  [82899510] + IteratorInterfaceExtensions v1.0.0
  [692b3bcd] + JLLWrappers v1.1.2
  [682c06a0] + JSON v0.21.1
  [5ab0869b] + KernelDensity v0.6.1
  [4345ca2d] + Loess v0.5.0
  [856f044c] + MKL_jll v2020.2.254+0
  [e1d29d7a] + Missings v0.4.4
  [6f286f6a] + MultivariateStats v0.7.0
  [b8a86587] + NearestNeighbors v0.4.7
  [6fe1bfb0] + OffsetArrays v1.3.1
  [4536629a] + OpenBLAS_jll v0.3.10+0
  [efe28fd5] + OpenSpecFun_jll v0.5.3+4
  [bac558e1] + OrderedCollections v1.3.1
  [90014a1f] + PDMats v0.10.1
  [69de0a69] + Parsers v1.0.11
  [2dfb63ee] + PooledArrays v0.5.3
  [1fd47b50] + QuadGK v2.4.1
  [c84ed2f1] + Ratios v0.4.0
  [3cdcf5f2] + RecipesBase v1.1.0
  [189a3867] + Reexport v0.2.0
  [79098fc4] + Rmath v0.6.1
  [f50d1b31] + Rmath_jll v0.2.2+1
  [f2b01f46] + Roots v1.0.5
  [91c51154] + SentinelArrays v1.2.16
  [1277b4bf] + ShiftedArrays v1.0.0
  [a2af1166] + SortingAlgorithms v0.3.1
  [276daf66] + SpecialFunctions v0.10.3
  [90137ffa] + StaticArrays v0.12.4
  [2913bbd2] + StatsBase v0.33.2
  [4c63d2b9] + StatsFuns v0.9.5
  [2cb19f9e] + StatsKit v0.3.0
  [3eaba693] + StatsModels v0.6.15
  [856f2bd8] + StructTypes v1.1.0
  [3783bdb8] + TableTraits v1.0.0
  [bd369af6] + Tables v1.1.0
  [9e3dc215] + TimeSeries v0.19.1
  [efce3f68] + WoodburyMatrices v0.5.2
  [0dad84c5] + ArgTools
  [56f22d72] + Artifacts
  [2a0f44e3] + Base64
  [ade2ca70] + Dates
  [8bb1440f] + DelimitedFiles
  [8ba89e20] + Distributed
  [f43a241f] + Downloads
  [9fa8497b] + Future
  [b77e0a4c] + InteractiveUtils
  [b27032c2] + LibCURL
  [deac9b47] + LibCURL_jll
  [76f85450] + LibGit2
  [8f399da3] + Libdl
  [37e2e46d] + LinearAlgebra
  [56ddb016] + Logging
  [d6f4376e] + Markdown
  [a63ad114] + Mmap
  [14a3606d] + MozillaCACerts_jll
  [44cfe95a] + Pkg
  [de0858da] + Printf
  [3fa0cd96] + REPL
  [9a3f8284] + Random
  [ea8e919c] + SHA
  [9e88b42a] + Serialization
  [1a1011a3] + SharedArrays
  [6462fe0b] + Sockets
  [2f01184e] + SparseArrays
  [10745b16] + Statistics
  [4607b0f0] + SuiteSparse
  [fa267f1f] + TOML
  [8dfed614] + Test
  [cf7118a7] + UUIDs
  [4ec0a83e] + Unicode
    Building FFTW â†’ `~/.julia/scratchspaces/44cfe95a-1eb2-52ea-b672-e2afdf69b78f/8b7c16b56936047ca41bf25effa137ae0b381ae8/build.log`
Precompiling project... (tip: to disable auto-precompilation set ENV["JULIA_PKG_PRECOMPILE_AUTO"]=0)
[90m[32m  âœ“ [39mIteratorInterfaceExtensions[39m
[90m[32m  âœ“ [39mDataValueInterfaces[39m
[90m[32m  âœ“ [39mRatios[39m
[90m[32m  âœ“ [39mShiftedArrays[39m
[90m[32m  âœ“ [39mReexport[39m
[90m[32m  âœ“ [39mDataAPI[39m
[90m[32m  âœ“ [39mInvertedIndices[39m
[90m[32m  âœ“ [39mRecipesBase[39m
[90m[32m  âœ“ [39mAbstractFFTs[39m
[90m[32m  âœ“ [39mJLLWrappers[39m
[90m[32m  âœ“ [39mWoodburyMatrices[39m
[90m[32m  âœ“ [39mTableTraits[39m
[90m[32m  âœ“ [39mDocStringExtensions[39m
[90m[32m  âœ“ [39mOffsetArrays[39m
[90m[32m  âœ“ [39mOrderedCollections[39m
[90m[32m  âœ“ [39mStructTypes[39m
[90m[32m  âœ“ [39mPDMats[39m
[90m[32m  âœ“ [39mDistances[39m
[90m[32m  âœ“ [39mCompat[39m
[90m[32m  âœ“ [39mPooledArrays[39m
[90m[32m  âœ“ [39mMissings[39m
[90m[32m  âœ“ [39mCombinatorics[39m
[90m[32m  âœ“ [39mAxisAlgorithms[39m
[90m[32m  âœ“ [39mFillArrays[39m
[90m[32m  âœ“ [39mRmath_jll[39m
[90m[32m  âœ“ [39mLoess[39m
[90m[32m  âœ“ [39mIntelOpenMP_jll[39m
[90m[32m  âœ“ [39mSentinelArrays[39m
[90m[32m  âœ“ [39mTables[39m
[90m[32m  âœ“ [39mFFTW_jll[39m
[90m[32m  âœ“ [39mCompilerSupportLibraries_jll[39m
[90m[32m  âœ“ [39mRmath[39m
[90m[32m  âœ“ [39mRoots[39m
[90m[32m  âœ“ [39mMKL_jll[39m
[90m[32m  âœ“ [39mOpenSpecFun_jll[39m
[90m[32m  âœ“ [39mOpenBLAS_jll[39m
[90m[32m  âœ“ [39mTimeSeries[39m
[90m[32m  âœ“ [39mParsers[39m
[90m[32m  âœ“ [39mFFTW[39m
[90m[32m  âœ“ [39mDataStructures[39m
[90m[32m  âœ“ [39mJSON[39m
[90m[32m  âœ“ [39mArpack_jll[39m
[90m[32m  âœ“ [39mSortingAlgorithms[39m
[90m[32m  âœ“ [39mStaticArrays[39m
[90m[32m  âœ“ [39mArpack[39m
[90m[32m  âœ“ [39mQuadGK[39m
[90m[32m  âœ“ [39mSpecialFunctions[39m
[90m[32m  âœ“ [39mNearestNeighbors[39m
[90m[32m  âœ“ [39mInterpolations[39m
[90m[32m  âœ“ [39mStatsBase[39m
[90m[32m  âœ“ [39mStatsFuns[39m
[90m[32m  âœ“ [39mCategoricalArrays[39m
[90m[32m  âœ“ [39mMultivariateStats[39m
[90m[32m  âœ“ [39mStatsModels[39m
[90m[32m  âœ“ [39mClustering[39m
[90m[32m  âœ“ [39mDataFrames[39m
[90m[32m  âœ“ [39mDistributions[39m
[90m[32m  âœ“ [39mGLM[39m
[90m[32m  âœ“ [39mHypothesisTests[39m
[90m[32m  âœ“ [39mKernelDensity[39m
[90m[32m  âœ“ [39mBootstrap[39m
[90m[32m  âœ“ [39mCSV[39m
[32m  âœ“ [39mStatsKit
63 dependencies successfully precompiled
     Testing StatsKit
Status `/tmp/jl_abKNlX/Project.toml`
  [e28b5b4c] Bootstrap v2.2.0
  [336ed68f] CSV v0.7.7
  [324d7699] CategoricalArrays v0.8.3
  [aaaa29a8] Clustering v0.14.1
  [a93c6f00] DataFrames v0.21.8
  [b4f34e82] Distances v0.9.2
  [31c24e10] Distributions v0.23.12
  [38e38edf] GLM v1.3.11
  [09f84164] HypothesisTests v0.10.1
  [5ab0869b] KernelDensity v0.6.1
  [4345ca2d] Loess v0.5.0
  [6f286f6a] MultivariateStats v0.7.0
  [189a3867] Reexport v0.2.0
  [2913bbd2] StatsBase v0.33.2
  [2cb19f9e] StatsKit v0.3.0
  [9e3dc215] TimeSeries v0.19.1
  [44cfe95a] Pkg
  [10745b16] Statistics
Status `/tmp/jl_abKNlX/Manifest.toml`
  [621f4979] AbstractFFTs v0.5.0
  [7d9fca2a] Arpack v0.4.0
  [68821587] Arpack_jll v3.5.0+3
  [13072b0f] AxisAlgorithms v1.0.0
  [e28b5b4c] Bootstrap v2.2.0
  [336ed68f] CSV v0.7.7
  [324d7699] CategoricalArrays v0.8.3
  [aaaa29a8] Clustering v0.14.1
  [861a8166] Combinatorics v1.0.2
  [34da2185] Compat v3.20.0
  [e66e0078] CompilerSupportLibraries_jll v0.3.4+0
  [9a962f9c] DataAPI v1.3.0
  [a93c6f00] DataFrames v0.21.8
  [864edb3b] DataStructures v0.18.7
  [e2d170a0] DataValueInterfaces v1.0.0
  [b4f34e82] Distances v0.9.2
  [31c24e10] Distributions v0.23.12
  [ffbed154] DocStringExtensions v0.8.3
  [7a1cc6ca] FFTW v1.2.4
  [f5851436] FFTW_jll v3.3.9+6
  [1a297f60] FillArrays v0.9.7
  [38e38edf] GLM v1.3.11
  [09f84164] HypothesisTests v0.10.1
  [1d5cc7b8] IntelOpenMP_jll v2018.0.3+0
  [a98d9a8b] Interpolations v0.12.10
  [41ab1584] InvertedIndices v1.0.0
  [82899510] IteratorInterfaceExtensions v1.0.0
  [692b3bcd] JLLWrappers v1.1.2
  [682c06a0] JSON v0.21.1
  [5ab0869b] KernelDensity v0.6.1
  [4345ca2d] Loess v0.5.0
  [856f044c] MKL_jll v2020.2.254+0
  [e1d29d7a] Missings v0.4.4
  [6f286f6a] MultivariateStats v0.7.0
  [b8a86587] NearestNeighbors v0.4.7
  [6fe1bfb0] OffsetArrays v1.3.1
  [4536629a] OpenBLAS_jll v0.3.10+0
  [efe28fd5] OpenSpecFun_jll v0.5.3+4
  [bac558e1] OrderedCollections v1.3.1
  [90014a1f] PDMats v0.10.1
  [69de0a69] Parsers v1.0.11
  [2dfb63ee] PooledArrays v0.5.3
  [1fd47b50] QuadGK v2.4.1
  [c84ed2f1] Ratios v0.4.0
  [3cdcf5f2] RecipesBase v1.1.0
  [189a3867] Reexport v0.2.0
  [79098fc4] Rmath v0.6.1
  [f50d1b31] Rmath_jll v0.2.2+1
  [f2b01f46] Roots v1.0.5
  [91c51154] SentinelArrays v1.2.16
  [1277b4bf] ShiftedArrays v1.0.0
  [a2af1166] SortingAlgorithms v0.3.1
  [276daf66] SpecialFunctions v0.10.3
  [90137ffa] StaticArrays v0.12.4
  [2913bbd2] StatsBase v0.33.2
  [4c63d2b9] StatsFuns v0.9.5
  [2cb19f9e] StatsKit v0.3.0
  [3eaba693] StatsModels v0.6.15
  [856f2bd8] StructTypes v1.1.0
  [3783bdb8] TableTraits v1.0.0
  [bd369af6] Tables v1.1.0
  [9e3dc215] TimeSeries v0.19.1
  [efce3f68] WoodburyMatrices v0.5.2
  [0dad84c5] ArgTools
  [56f22d72] Artifacts
  [2a0f44e3] Base64
  [ade2ca70] Dates
  [8bb1440f] DelimitedFiles
  [8ba89e20] Distributed
  [f43a241f] Downloads
  [9fa8497b] Future
  [b77e0a4c] InteractiveUtils
  [b27032c2] LibCURL
  [deac9b47] LibCURL_jll
  [76f85450] LibGit2
  [8f399da3] Libdl
  [37e2e46d] LinearAlgebra
  [56ddb016] Logging
  [d6f4376e] Markdown
  [a63ad114] Mmap
  [14a3606d] MozillaCACerts_jll
  [44cfe95a] Pkg
  [de0858da] Printf
  [3fa0cd96] REPL
  [9a3f8284] Random
  [ea8e919c] SHA
  [9e88b42a] Serialization
  [1a1011a3] SharedArrays
  [6462fe0b] Sockets
  [2f01184e] SparseArrays
  [10745b16] Statistics
  [4607b0f0] SuiteSparse
  [fa267f1f] TOML
  [8dfed614] Test
  [cf7118a7] UUIDs
  [4ec0a83e] Unicode
     Testing Running tests...
     Testing Bootstrap
Status `/tmp/jl_DvEl0U/Project.toml`
  [e28b5b4c] Bootstrap v2.2.0
  [a93c6f00] DataFrames v0.21.8
  [31c24e10] Distributions v0.23.12
  [38e38edf] GLM v1.3.11
  [ce6b1742] RDatasets v0.6.10
  [2913bbd2] StatsBase v0.33.2
  [3eaba693] StatsModels v0.6.15
  [9a3f8284] Random
  [10745b16] Statistics
  [8dfed614] Test
Status `/tmp/jl_DvEl0U/Manifest.toml`
  [e28b5b4c] Bootstrap v2.2.0
  [336ed68f] CSV v0.7.7
  [324d7699] CategoricalArrays v0.8.3
  [944b1d66] CodecZlib v0.7.0
  [34da2185] Compat v3.20.0
  [e66e0078] CompilerSupportLibraries_jll v0.3.4+0
  [9a962f9c] DataAPI v1.3.0
  [a93c6f00] DataFrames v0.21.8
  [864edb3b] DataStructures v0.18.7
  [e2d170a0] DataValueInterfaces v1.0.0
  [31c24e10] Distributions v0.23.12
  [e2ba6199] ExprTools v0.1.3
  [8f5d6c58] EzXML v1.1.0
  [5789e2e9] FileIO v1.4.3
  [1a297f60] FillArrays v0.9.7
  [38e38edf] GLM v1.3.11
  [41ab1584] InvertedIndices v1.0.0
  [82899510] IteratorInterfaceExtensions v1.0.0
  [692b3bcd] JLLWrappers v1.1.2
  [682c06a0] JSON v0.21.1
  [94ce4f54] Libiconv_jll v1.16.0+7
  [e1d29d7a] Missings v0.4.4
  [78c3b35d] Mocking v0.7.1
  [efe28fd5] OpenSpecFun_jll v0.5.3+4
  [bac558e1] OrderedCollections v1.3.1
  [90014a1f] PDMats v0.10.1
  [69de0a69] Parsers v1.0.11
  [2dfb63ee] PooledArrays v0.5.3
  [1fd47b50] QuadGK v2.4.1
  [df47a6cb] RData v0.7.2
  [ce6b1742] RDatasets v0.6.10
  [3cdcf5f2] RecipesBase v1.1.0
  [189a3867] Reexport v0.2.0
  [ae029012] Requires v1.1.0
  [79098fc4] Rmath v0.6.1
  [f50d1b31] Rmath_jll v0.2.2+1
  [91c51154] SentinelArrays v1.2.16
  [1277b4bf] ShiftedArrays v1.0.0
  [a2af1166] SortingAlgorithms v0.3.1
  [276daf66] SpecialFunctions v0.10.3
  [90137ffa] StaticArrays v0.12.4
  [2913bbd2] StatsBase v0.33.2
  [4c63d2b9] StatsFuns v0.9.5
  [3eaba693] StatsModels v0.6.15
  [856f2bd8] StructTypes v1.1.0
  [3783bdb8] TableTraits v1.0.0
  [bd369af6] Tables v1.1.0
  [f269a46b] TimeZones v1.4.0
  [3bb67fe8] TranscodingStreams v0.9.5
  [02c8fc9c] XML2_jll v2.9.10+3
  [83775a58] Zlib_jll v1.2.11+18
  [0dad84c5] ArgTools
  [56f22d72] Artifacts
  [2a0f44e3] Base64
  [ade2ca70] Dates
  [8bb1440f] DelimitedFiles
  [8ba89e20] Distributed
  [f43a241f] Downloads
  [9fa8497b] Future
  [b77e0a4c] InteractiveUtils
  [b27032c2] LibCURL
  [deac9b47] LibCURL_jll
  [76f85450] LibGit2
  [8f399da3] Libdl
  [37e2e46d] LinearAlgebra
  [56ddb016] Logging
  [d6f4376e] Markdown
  [a63ad114] Mmap
  [14a3606d] MozillaCACerts_jll
  [44cfe95a] Pkg
  [de0858da] Printf
  [3fa0cd96] REPL
  [9a3f8284] Random
  [ea8e919c] SHA
  [9e88b42a] Serialization
  [1a1011a3] SharedArrays
  [6462fe0b] Sockets
  [2f01184e] SparseArrays
  [10745b16] Statistics
  [4607b0f0] SuiteSparse
  [fa267f1f] TOML
  [8dfed614] Test
  [cf7118a7] UUIDs
  [4ec0a83e] Unicode
     Testing Running tests...
ERROR: LoadError: LoadError: MethodError: no method matching typesubtract(::Type{Union{}}, ::Type{Int64})
Closest candidates are:
  typesubtract(::Any, ::Any, !Matched::Int64) at compiler/typeutils.jl:66
Stacktrace:
  [1] ts(T::Type, S::Type)
    @ CSV ~/.julia/packages/CSV/MKemC/src/utils.jl:214
  [2] nonstandardtype(T::Type)
    @ CSV ~/.julia/packages/CSV/MKemC/src/utils.jl:217
  [3] (::CSV.var"#17#23")(T::Type)
    @ CSV ./none:0
  [4] iterate(::Base.Iterators.Filter{CSV.var"#17#23", Vector{Type}})
    @ Base.Iterators ./iterators.jl:451
  [5] iterate
    @ ./generator.jl:44 [inlined]
  [6] Header
    @ ~/.julia/packages/CSV/MKemC/src/header.jl:232 [inlined]
  [7] CSV.File(source::IOBuffer; header::Int64, normalizenames::Bool, datarow::Int64, skipto::Nothing, footerskip::Int64, transpose::Bool, comment::Nothing, use_mmap::Nothing, ignoreemptylines::Bool, select::Nothing, drop::Nothing, missingstrings::Vector{String}, missingstring::String, delim::Char, ignorerepeated::Bool, quotechar::Char, openquotechar::Nothing, closequotechar::Nothing, escapechar::Char, dateformat::Nothing, dateformats::Nothing, decimal::UInt8, truestrings::Vector{String}, falsestrings::Vector{String}, type::Nothing, types::Nothing, typemap::Dict{Type, Type}, categorical::Nothing, pool::Float64, lazystrings::Bool, strict::Bool, silencewarnings::Bool, debug::Bool, parsingdebug::Bool, kw::Base.Iterators.Pairs{Union{}, Union{}, Tuple{}, NamedTuple{, Tuple{}}})
    @ CSV ~/.julia/packages/CSV/MKemC/src/file.jl:216
  [8] (::RDatasets.var"#3#4"{String, String})(io::IOStream)
    @ RDatasets ~/.julia/packages/RDatasets/2nJII/src/dataset.jl:19
  [9] open(::RDatasets.var"#3#4"{String, String}, ::String, ::Vararg{String, N} where N; kwargs::Base.Iterators.Pairs{Union{}, Union{}, Tuple{}, NamedTuple{, Tuple{}}})
    @ Base ./io.jl:330
 [10] open
    @ ./io.jl:328 [inlined]
 [11] dataset(package_name::String, dataset_name::String)
    @ RDatasets ~/.julia/packages/RDatasets/2nJII/src/dataset.jl:17
 [12] top-level scope
    @ ~/.julia/packages/Bootstrap/QldPq/test/test-bootsample-non-parametric.jl:14
 [13] include(fname::String)
    @ Base.MainInclude ./client.jl:444
 [14] top-level scope
    @ ~/.julia/packages/Bootstrap/QldPq/test/runtests.jl:8
 [15] include(fname::String)
    @ Base.MainInclude ./client.jl:444
 [16] top-level scope
    @ none:6
in expression starting at /home/pkgeval/.julia/packages/Bootstrap/QldPq/test/test-bootsample-non-parametric.jl:1
in expression starting at /home/pkgeval/.julia/packages/Bootstrap/QldPq/test/runtests.jl:6
     Testing CategoricalArrays
Status `/tmp/jl_9EmZKS/Project.toml`
  [324d7699] CategoricalArrays v0.8.3
  [9a962f9c] DataAPI v1.3.0
  [682c06a0] JSON v0.21.1
  [0f8b85d8] JSON3 v1.3.0
  [e1d29d7a] Missings v0.4.4
  [2dfb63ee] PooledArrays v0.5.3
  [856f2bd8] StructTypes v1.1.0
  [ade2ca70] Dates
  [9fa8497b] Future
  [de0858da] Printf
  [10745b16] Statistics
  [8dfed614] Test
  [4ec0a83e] Unicode
Status `/tmp/jl_9EmZKS/Manifest.toml`
  [324d7699] CategoricalArrays v0.8.3
  [9a962f9c] DataAPI v1.3.0
  [682c06a0] JSON v0.21.1
  [0f8b85d8] JSON3 v1.3.0
  [e1d29d7a] Missings v0.4.4
  [69de0a69] Parsers v1.0.11
  [2dfb63ee] PooledArrays v0.5.3
  [856f2bd8] StructTypes v1.1.0
  [2a0f44e3] Base64
  [ade2ca70] Dates
  [9fa8497b] Future
  [b77e0a4c] InteractiveUtils
  [8f399da3] Libdl
  [37e2e46d] LinearAlgebra
  [56ddb016] Logging
  [d6f4376e] Markdown
  [a63ad114] Mmap
  [de0858da] Printf
  [9a3f8284] Random
  [ea8e919c] SHA
  [9e88b42a] Serialization
  [2f01184e] SparseArrays
  [10745b16] Statistics
  [8dfed614] Test
  [cf7118a7] UUIDs
  [4ec0a83e] Unicode
     Testing Running tests...
Test Summary: | Pass  Total
01_value.jl   |   58     58
Test Summary:      | Pass  Total
04_constructors.jl |   70     70
convert() for CategoricalPool{Int, DefaultRefType} and values: Error During Test at /home/pkgeval/.julia/packages/CategoricalArrays/0ZAbp/test/05_convert.jl:47
  Test threw exception
  Expression: convert(Union{T, U}, v1) === v1
  MethodError: convert(::Type{Union{Missing, CategoricalArrays.CategoricalValue{Int64, R} where R<:Integer}}, ::CategoricalArrays.CategoricalValue{Int64, UInt32}) is ambiguous. Candidates:
    convert(::Type{S}, x::T) where {S, T<:CategoricalArrays.CategoricalValue} in CategoricalArrays at /home/pkgeval/.julia/packages/CategoricalArrays/0ZAbp/src/value.jl:68
    convert(::Type{T}, x::T) where T>:Missing in Base at missing.jl:67
    convert(::Type{T}, x::T) where T in Base at essentials.jl:205
    convert(::Type{T}, x) where T>:Missing in Base at missing.jl:69
  To resolve the ambiguity, try making one of the methods more specific, or adding a new method more specific than any of the existing applicable methods.
  Stacktrace:
   [1] macro expansion
     @ ~/.julia/packages/CategoricalArrays/0ZAbp/test/05_convert.jl:47 [inlined]
   [2] macro expansion
     @ /buildworker/worker/package_linux64/build/usr/share/julia/stdlib/v1.6/Test/src/Test.jl:1144 [inlined]
   [3] top-level scope
     @ ~/.julia/packages/CategoricalArrays/0ZAbp/test/05_convert.jl:7
convert() for CategoricalPool{Int, DefaultRefType} and values: Error During Test at /home/pkgeval/.julia/packages/CategoricalArrays/0ZAbp/test/05_convert.jl:48
  Test threw exception
  Expression: convert(Union{T, U}, v2) === v2
  MethodError: convert(::Type{Union{Missing, CategoricalArrays.CategoricalValue{Int64, R} where R<:Integer}}, ::CategoricalArrays.CategoricalValue{Int64, UInt32}) is ambiguous. Candidates:
    convert(::Type{S}, x::T) where {S, T<:CategoricalArrays.CategoricalValue} in CategoricalArrays at /home/pkgeval/.julia/packages/CategoricalArrays/0ZAbp/src/value.jl:68
    convert(::Type{T}, x::T) where T>:Missing in Base at missing.jl:67
    convert(::Type{T}, x::T) where T in Base at essentials.jl:205
    convert(::Type{T}, x) where T>:Missing in Base at missing.jl:69
  To resolve the ambiguity, try making one of the methods more specific, or adding a new method more specific than any of the existing applicable methods.
  Stacktrace:
   [1] macro expansion
     @ ~/.julia/packages/CategoricalArrays/0ZAbp/test/05_convert.jl:48 [inlined]
   [2] macro expansion
     @ /buildworker/worker/package_linux64/build/usr/share/julia/stdlib/v1.6/Test/src/Test.jl:1144 [inlined]
   [3] top-level scope
     @ ~/.julia/packages/CategoricalArrays/0ZAbp/test/05_convert.jl:7
convert() for CategoricalPool{Int, DefaultRefType} and values: Error During Test at /home/pkgeval/.julia/packages/CategoricalArrays/0ZAbp/test/05_convert.jl:49
  Test threw exception
  Expression: convert(Union{T, U}, v3) === v3
  MethodError: convert(::Type{Union{Missing, CategoricalArrays.CategoricalValue{Int64, R} where R<:Integer}}, ::CategoricalArrays.CategoricalValue{Int64, UInt32}) is ambiguous. Candidates:
    convert(::Type{S}, x::T) where {S, T<:CategoricalArrays.CategoricalValue} in CategoricalArrays at /home/pkgeval/.julia/packages/CategoricalArrays/0ZAbp/src/value.jl:68
    convert(::Type{T}, x::T) where T>:Missing in Base at missing.jl:67
    convert(::Type{T}, x::T) where T in Base at essentials.jl:205
    convert(::Type{T}, x) where T>:Missing in Base at missing.jl:69
  To resolve the ambiguity, try making one of the methods more specific, or adding a new method more specific than any of the existing applicable methods.
  Stacktrace:
   [1] macro expansion
     @ ~/.julia/packages/CategoricalArrays/0ZAbp/test/05_convert.jl:49 [inlined]
   [2] macro expansion
     @ /buildworker/worker/package_linux64/build/usr/share/julia/stdlib/v1.6/Test/src/Test.jl:1144 [inlined]
   [3] top-level scope
     @ ~/.julia/packages/CategoricalArrays/0ZAbp/test/05_convert.jl:7
convert() for CategoricalPool{Int, DefaultRefType} and values: Error During Test at /home/pkgeval/.julia/packages/CategoricalArrays/0ZAbp/test/05_convert.jl:47
  Test threw exception
  Expression: convert(Union{T, U}, v1) === v1
  MethodError: convert(::Type{Union{Nothing, CategoricalArrays.CategoricalValue{Int64, R} where R<:Integer}}, ::CategoricalArrays.CategoricalValue{Int64, UInt32}) is ambiguous. Candidates:
    convert(::Type{S}, x::T) where {S, T<:CategoricalArrays.CategoricalValue} in CategoricalArrays at /home/pkgeval/.julia/packages/CategoricalArrays/0ZAbp/src/value.jl:68
    convert(::Type{T}, x::T) where T>:Nothing in Base at some.jl:35
    convert(::Type{T}, x::T) where T in Base at essentials.jl:205
    convert(::Type{T}, x) where T>:Nothing in Base at some.jl:36
  To resolve the ambiguity, try making one of the methods more specific, or adding a new method more specific than any of the existing applicable methods.
  Stacktrace:
   [1] macro expansion
     @ ~/.julia/packages/CategoricalArrays/0ZAbp/test/05_convert.jl:47 [inlined]
   [2] macro expansion
     @ /buildworker/worker/package_linux64/build/usr/share/julia/stdlib/v1.6/Test/src/Test.jl:1144 [inlined]
   [3] top-level scope
     @ ~/.julia/packages/CategoricalArrays/0ZAbp/test/05_convert.jl:7
convert() for CategoricalPool{Int, DefaultRefType} and values: Error During Test at /home/pkgeval/.julia/packages/CategoricalArrays/0ZAbp/test/05_convert.jl:48
  Test threw exception
  Expression: convert(Union{T, U}, v2) === v2
  MethodError: convert(::Type{Union{Nothing, CategoricalArrays.CategoricalValue{Int64, R} where R<:Integer}}, ::CategoricalArrays.CategoricalValue{Int64, UInt32}) is ambiguous. Candidates:
    convert(::Type{S}, x::T) where {S, T<:CategoricalArrays.CategoricalValue} in CategoricalArrays at /home/pkgeval/.julia/packages/CategoricalArrays/0ZAbp/src/value.jl:68
    convert(::Type{T}, x::T) where T>:Nothing in Base at some.jl:35
    convert(::Type{T}, x::T) where T in Base at essentials.jl:205
    convert(::Type{T}, x) where T>:Nothing in Base at some.jl:36
  To resolve the ambiguity, try making one of the methods more specific, or adding a new method more specific than any of the existing applicable methods.
  Stacktrace:
   [1] macro expansion
     @ ~/.julia/packages/CategoricalArrays/0ZAbp/test/05_convert.jl:48 [inlined]
   [2] macro expansion
     @ /buildworker/worker/package_linux64/build/usr/share/julia/stdlib/v1.6/Test/src/Test.jl:1144 [inlined]
   [3] top-level scope
     @ ~/.julia/packages/CategoricalArrays/0ZAbp/test/05_convert.jl:7
convert() for CategoricalPool{Int, DefaultRefType} and values: Error During Test at /home/pkgeval/.julia/packages/CategoricalArrays/0ZAbp/test/05_convert.jl:49
  Test threw exception
  Expression: convert(Union{T, U}, v3) === v3
  MethodError: convert(::Type{Union{Nothing, CategoricalArrays.CategoricalValue{Int64, R} where R<:Integer}}, ::CategoricalArrays.CategoricalValue{Int64, UInt32}) is ambiguous. Candidates:
    convert(::Type{S}, x::T) where {S, T<:CategoricalArrays.CategoricalValue} in CategoricalArrays at /home/pkgeval/.julia/packages/CategoricalArrays/0ZAbp/src/value.jl:68
    convert(::Type{T}, x::T) where T>:Nothing in Base at some.jl:35
    convert(::Type{T}, x::T) where T in Base at essentials.jl:205
    convert(::Type{T}, x) where T>:Nothing in Base at some.jl:36
  To resolve the ambiguity, try making one of the methods more specific, or adding a new method more specific than any of the existing applicable methods.
  Stacktrace:
   [1] macro expansion
     @ ~/.julia/packages/CategoricalArrays/0ZAbp/test/05_convert.jl:49 [inlined]
   [2] macro expansion
     @ /buildworker/worker/package_linux64/build/usr/share/julia/stdlib/v1.6/Test/src/Test.jl:1144 [inlined]
   [3] top-level scope
     @ ~/.julia/packages/CategoricalArrays/0ZAbp/test/05_convert.jl:7
convert() for CategoricalPool{Int, DefaultRefType} and values: Error During Test at /home/pkgeval/.julia/packages/CategoricalArrays/0ZAbp/test/05_convert.jl:47
  Test threw exception
  Expression: convert(Union{T, U}, v1) === v1
  MethodError: convert(::Type{Union{Missing, CategoricalArrays.CategoricalValue}}, ::CategoricalArrays.CategoricalValue{Int64, UInt32}) is ambiguous. Candidates:
    convert(::Type{S}, x::T) where {S, T<:CategoricalArrays.CategoricalValue} in CategoricalArrays at /home/pkgeval/.julia/packages/CategoricalArrays/0ZAbp/src/value.jl:68
    convert(::Type{T}, x::T) where T>:Missing in Base at missing.jl:67
    convert(::Type{T}, x::T) where T in Base at essentials.jl:205
    convert(::Type{T}, x) where T>:Missing in Base at missing.jl:69
  To resolve the ambiguity, try making one of the methods more specific, or adding a new method more specific than any of the existing applicable methods.
  Stacktrace:
   [1] macro expansion
     @ ~/.julia/packages/CategoricalArrays/0ZAbp/test/05_convert.jl:47 [inlined]
   [2] macro expansion
     @ /buildworker/worker/package_linux64/build/usr/share/julia/stdlib/v1.6/Test/src/Test.jl:1144 [inlined]
   [3] top-level scope
     @ ~/.julia/packages/CategoricalArrays/0ZAbp/test/05_convert.jl:7
convert() for CategoricalPool{Int, DefaultRefType} and values: Error During Test at /home/pkgeval/.julia/packages/CategoricalArrays/0ZAbp/test/05_convert.jl:48
  Test threw exception
  Expression: convert(Union{T, U}, v2) === v2
  MethodError: convert(::Type{Union{Missing, CategoricalArrays.CategoricalValue}}, ::CategoricalArrays.CategoricalValue{Int64, UInt32}) is ambiguous. Candidates:
    convert(::Type{S}, x::T) where {S, T<:CategoricalArrays.CategoricalValue} in CategoricalArrays at /home/pkgeval/.julia/packages/CategoricalArrays/0ZAbp/src/value.jl:68
    convert(::Type{T}, x::T) where T>:Missing in Base at missing.jl:67
    convert(::Type{T}, x::T) where T in Base at essentials.jl:205
    convert(::Type{T}, x) where T>:Missing in Base at missing.jl:69
  To resolve the ambiguity, try making one of the methods more specific, or adding a new method more specific than any of the existing applicable methods.
  Stacktrace:
   [1] macro expansion
     @ ~/.julia/packages/CategoricalArrays/0ZAbp/test/05_convert.jl:48 [inlined]
   [2] macro expansion
     @ /buildworker/worker/package_linux64/build/usr/share/julia/stdlib/v1.6/Test/src/Test.jl:1144 [inlined]
   [3] top-level scope
     @ ~/.julia/packages/CategoricalArrays/0ZAbp/test/05_convert.jl:7
convert() for CategoricalPool{Int, DefaultRefType} and values: Error During Test at /home/pkgeval/.julia/packages/CategoricalArrays/0ZAbp/test/05_convert.jl:49
  Test threw exception
  Expression: convert(Union{T, U}, v3) === v3
  MethodError: convert(::Type{Union{Missing, CategoricalArrays.CategoricalValue}}, ::CategoricalArrays.CategoricalValue{Int64, UInt32}) is ambiguous. Candidates:
    convert(::Type{S}, x::T) where {S, T<:CategoricalArrays.CategoricalValue} in CategoricalArrays at /home/pkgeval/.julia/packages/CategoricalArrays/0ZAbp/src/value.jl:68
    convert(::Type{T}, x::T) where T>:Missing in Base at missing.jl:67
    convert(::Type{T}, x::T) where T in Base at essentials.jl:205
    convert(::Type{T}, x) where T>:Missing in Base at missing.jl:69
  To resolve the ambiguity, try making one of the methods more specific, or adding a new method more specific than any of the existing applicable methods.
  Stacktrace:
   [1] macro expansion
     @ ~/.julia/packages/CategoricalArrays/0ZAbp/test/05_convert.jl:49 [inlined]
   [2] macro expansion
     @ /buildworker/worker/package_linux64/build/usr/share/julia/stdlib/v1.6/Test/src/Test.jl:1144 [inlined]
   [3] top-level scope
     @ ~/.julia/packages/CategoricalArrays/0ZAbp/test/05_convert.jl:7
convert() for CategoricalPool{Int, DefaultRefType} and values: Error During Test at /home/pkgeval/.julia/packages/CategoricalArrays/0ZAbp/test/05_convert.jl:47
  Test threw exception
  Expression: convert(Union{T, U}, v1) === v1
  MethodError: convert(::Type{Union{Nothing, CategoricalArrays.CategoricalValue}}, ::CategoricalArrays.CategoricalValue{Int64, UInt32}) is ambiguous. Candidates:
    convert(::Type{S}, x::T) where {S, T<:CategoricalArrays.CategoricalValue} in CategoricalArrays at /home/pkgeval/.julia/packages/CategoricalArrays/0ZAbp/src/value.jl:68
    convert(::Type{T}, x::T) where T>:Nothing in Base at some.jl:35
    convert(::Type{T}, x::T) where T in Base at essentials.jl:205
    convert(::Type{T}, x) where T>:Nothing in Base at some.jl:36
  To resolve the ambiguity, try making one of the methods more specific, or adding a new method more specific than any of the existing applicable methods.
  Stacktrace:
   [1] macro expansion
     @ ~/.julia/packages/CategoricalArrays/0ZAbp/test/05_convert.jl:47 [inlined]
   [2] macro expansion
     @ /buildworker/worker/package_linux64/build/usr/share/julia/stdlib/v1.6/Test/src/Test.jl:1144 [inlined]
   [3] top-level scope
     @ ~/.julia/packages/CategoricalArrays/0ZAbp/test/05_convert.jl:7
convert() for CategoricalPool{Int, DefaultRefType} and values: Error During Test at /home/pkgeval/.julia/packages/CategoricalArrays/0ZAbp/test/05_convert.jl:48
  Test threw exception
  Expression: convert(Union{T, U}, v2) === v2
  MethodError: convert(::Type{Union{Nothing, CategoricalArrays.CategoricalValue}}, ::CategoricalArrays.CategoricalValue{Int64, UInt32}) is ambiguous. Candidates:
    convert(::Type{S}, x::T) where {S, T<:CategoricalArrays.CategoricalValue} in CategoricalArrays at /home/pkgeval/.julia/packages/CategoricalArrays/0ZAbp/src/value.jl:68
    convert(::Type{T}, x::T) where T>:Nothing in Base at some.jl:35
    convert(::Type{T}, x::T) where T in Base at essentials.jl:205
    convert(::Type{T}, x) where T>:Nothing in Base at some.jl:36
  To resolve the ambiguity, try making one of the methods more specific, or adding a new method more specific than any of the existing applicable methods.
  Stacktrace:
   [1] macro expansion
     @ ~/.julia/packages/CategoricalArrays/0ZAbp/test/05_convert.jl:48 [inlined]
   [2] macro expansion
     @ /buildworker/worker/package_linux64/build/usr/share/julia/stdlib/v1.6/Test/src/Test.jl:1144 [inlined]
   [3] top-level scope
     @ ~/.julia/packages/CategoricalArrays/0ZAbp/test/05_convert.jl:7
convert() for CategoricalPool{Int, DefaultRefType} and values: Error During Test at /home/pkgeval/.julia/packages/CategoricalArrays/0ZAbp/test/05_convert.jl:49
  Test threw exception
  Expression: convert(Union{T, U}, v3) === v3
  MethodError: convert(::Type{Union{Nothing, CategoricalArrays.CategoricalValue}}, ::CategoricalArrays.CategoricalValue{Int64, UInt32}) is ambiguous. Candidates:
    convert(::Type{S}, x::T) where {S, T<:CategoricalArrays.CategoricalValue} in CategoricalArrays at /home/pkgeval/.julia/packages/CategoricalArrays/0ZAbp/src/value.jl:68
    convert(::Type{T}, x::T) where T>:Nothing in Base at some.jl:35
    convert(::Type{T}, x::T) where T in Base at essentials.jl:205
    convert(::Type{T}, x) where T>:Nothing in Base at some.jl:36
  To resolve the ambiguity, try making one of the methods more specific, or adding a new method more specific than any of the existing applicable methods.
  Stacktrace:
   [1] macro expansion
     @ ~/.julia/packages/CategoricalArrays/0ZAbp/test/05_convert.jl:49 [inlined]
   [2] macro expansion
     @ /buildworker/worker/package_linux64/build/usr/share/julia/stdlib/v1.6/Test/src/Test.jl:1144 [inlined]
   [3] top-level scope
     @ ~/.julia/packages/CategoricalArrays/0ZAbp/test/05_convert.jl:7
Test Summary:                                                   | Pass  Error  Total
05_convert.jl                                                   |   61     12     73
  convert() for CategoricalPool{Int, DefaultRefType} and values |   37     12     49
  promote_type                                                  |   13            13
  convert() preserves `ordered`                                 |    1             1
  convert() with Union{T, Nothing}                              |    3             3
  levelcode                                                     |    7             7
Test Summary:                                                   | Pass  Error  Total
05_convert.jl                                                   |   61     12     73
  convert() for CategoricalPool{Int, DefaultRefType} and values |   37     12     49
  promote_type                                                  |   13            13
  convert() preserves `ordered`                                 |    1             1
  convert() with Union{T, Nothing}                              |    3             3
  levelcode                                                     |    7             7
ERROR: LoadError: Some tests did not pass: 61 passed, 0 failed, 12 errored, 0 broken.
in expression starting at /home/pkgeval/.julia/packages/CategoricalArrays/0ZAbp/test/runtests.jl:5

caused by: Some tests did not pass: 61 passed, 0 failed, 12 errored, 0 broken.
     Testing Clustering
Status `/tmp/jl_UbUmEV/Project.toml`
  [aaaa29a8] Clustering v0.14.1
  [944b1d66] CodecZlib v0.7.0
  [b4f34e82] Distances v0.9.2
  [b8a86587] NearestNeighbors v0.4.7
  [2913bbd2] StatsBase v0.33.2
  [8bb1440f] DelimitedFiles
  [37e2e46d] LinearAlgebra
  [de0858da] Printf
  [9a3f8284] Random
  [2f01184e] SparseArrays
  [10745b16] Statistics
  [8dfed614] Test
Status `/tmp/jl_UbUmEV/Manifest.toml`
  [aaaa29a8] Clustering v0.14.1
  [944b1d66] CodecZlib v0.7.0
  [34da2185] Compat v3.20.0
  [9a962f9c] DataAPI v1.3.0
  [864edb3b] DataStructures v0.18.7
  [b4f34e82] Distances v0.9.2
  [692b3bcd] JLLWrappers v1.1.2
  [e1d29d7a] Missings v0.4.4
  [b8a86587] NearestNeighbors v0.4.7
  [bac558e1] OrderedCollections v1.3.1
  [a2af1166] SortingAlgorithms v0.3.1
  [90137ffa] StaticArrays v0.12.4
  [2913bbd2] StatsBase v0.33.2
  [3bb67fe8] TranscodingStreams v0.9.5
  [83775a58] Zlib_jll v1.2.11+18
  [0dad84c5] ArgTools
  [56f22d72] Artifacts
  [2a0f44e3] Base64
  [ade2ca70] Dates
  [8bb1440f] DelimitedFiles
  [8ba89e20] Distributed
  [f43a241f] Downloads
  [b77e0a4c] InteractiveUtils
  [b27032c2] LibCURL
  [deac9b47] LibCURL_jll
  [76f85450] LibGit2
  [8f399da3] Libdl
  [37e2e46d] LinearAlgebra
  [56ddb016] Logging
  [d6f4376e] Markdown
  [a63ad114] Mmap
  [14a3606d] MozillaCACerts_jll
  [44cfe95a] Pkg
  [de0858da] Printf
  [3fa0cd96] REPL
  [9a3f8284] Random
  [ea8e919c] SHA
  [9e88b42a] Serialization
  [1a1011a3] SharedArrays
  [6462fe0b] Sockets
  [2f01184e] SparseArrays
  [10745b16] Statistics
  [fa267f1f] TOML
  [8dfed614] Test
  [cf7118a7] UUIDs
  [4ec0a83e] Unicode
     Testing Running tests...
Runing tests:
* seeding.jl ...
Test Summary: | Pass  Total
seeding       |   64     64
* kmeans.jl ...
  Iters               objv        objv-change | affected 
-------------------------------------------------------------
      0       1.221172e+00
      1       6.105858e-01      -6.105858e-01 |        0
      2       6.105858e-01       0.000000e+00 |        0
K-means converged with 2 iterations (objv = 0.6105858217400701)
K-means converged with 2 iterations (objv = 0.4500664920387076)
â”Œ Warning: The clustering cost increased at iteration #1
â”” @ Clustering ~/.julia/packages/Clustering/fwZBk/src/kmeans.jl:188
â”Œ Warning: The clustering cost increased at iteration #1
â”” @ Clustering ~/.julia/packages/Clustering/fwZBk/src/kmeans.jl:188
â”Œ Warning: The clustering cost increased at iteration #1
â”” @ Clustering ~/.julia/packages/Clustering/fwZBk/src/kmeans.jl:188
â”Œ Warning: The clustering cost increased at iteration #1
â”” @ Clustering ~/.julia/packages/Clustering/fwZBk/src/kmeans.jl:188
â”Œ Warning: The clustering cost increased at iteration #1
â”” @ Clustering ~/.julia/packages/Clustering/fwZBk/src/kmeans.jl:188
â”Œ Warning: The clustering cost increased at iteration #1
â”” @ Clustering ~/.julia/packages/Clustering/fwZBk/src/kmeans.jl:188
â”Œ Warning: The clustering cost increased at iteration #1
â”” @ Clustering ~/.julia/packages/Clustering/fwZBk/src/kmeans.jl:188
Test Summary:      | Pass  Total
kmeans() (k-means) |   95     95
* kmedoids.jl ...
  Iters               objv        objv-change
-----------------------------------------------------
      0       1.727103e+00
      1       1.727103e+00       0.000000e+00
K-medoids converged with 1 iterations (objv = 1.7271031315493528)
K-medoids converged with 2 iterations (objv = 1.6236002870003423)
Test Summary:          | Pass  Total
kmedoids() (k-medoids) |   38     38
* affprop.jl ...
  Iters  objv-change | exemplars 
-----------------------------------------------------
      1   1.7243e+00 |        1
      2   1.1599e+00 |        1
      3   1.0111e+00 |        1
      4   8.2884e-01 |        1
      5   6.2996e-01 |        1
      6   4.4970e-01 |        1
      7   3.0568e-01 |        1
      8   1.9999e-01 |        1
      9   1.2694e-01 |        1
     10   7.8624e-02 |        1
Affinity propagation converged with 10 iterations: 1 exemplars.
Affinity propagation converged with 9 iterations: 1 exemplars.
Test Summary:                         | Pass  Total
affinityprop() (affinity propagation) |   84     84
* dbscan.jl ...
normal points: Test Failed at /home/pkgeval/.julia/packages/Clustering/fwZBk/test/dbscan.jl:64
  Expression: (clusters[1]).core_indices == inds_1
   Evaluated: [1, 2, 3, 5, 8, 9, 10, 12, 15, 17  â€¦  982, 984, 986, 991, 992, 993, 996, 997, 998, 1732] == [1, 2, 3, 5, 8, 9, 10, 12, 15, 16  â€¦  986, 988, 989, 990, 992, 994, 996, 998, 1000, 1882]
Stacktrace:
 [1] macro expansion
   @ ~/.julia/packages/Clustering/fwZBk/test/dbscan.jl:64 [inlined]
 [2] macro expansion
   @ /buildworker/worker/package_linux64/build/usr/share/julia/stdlib/v1.6/Test/src/Test.jl:1144 [inlined]
 [3] macro expansion
   @ ~/.julia/packages/Clustering/fwZBk/test/dbscan.jl:48 [inlined]
 [4] macro expansion
   @ /buildworker/worker/package_linux64/build/usr/share/julia/stdlib/v1.6/Test/src/Test.jl:1144 [inlined]
 [5] top-level scope
   @ ~/.julia/packages/Clustering/fwZBk/test/dbscan.jl:8
normal points: Test Failed at /home/pkgeval/.julia/packages/Clustering/fwZBk/test/dbscan.jl:65
  Expression: (clusters[2]).core_indices == inds_2
   Evaluated: [28, 497, 2004, 2005, 2006, 2012, 2017, 2018, 2020, 2024  â€¦  2980, 2982, 2983, 2987, 2993, 2994, 2995, 2996, 2997, 2998] == [66, 874, 999, 2005, 2006, 2007, 2008, 2012, 2018, 2020  â€¦  2983, 2986, 2988, 2989, 2990, 2991, 2994, 2996, 2997, 2998]
Stacktrace:
 [1] macro expansion
   @ ~/.julia/packages/Clustering/fwZBk/test/dbscan.jl:65 [inlined]
 [2] macro expansion
   @ /buildworker/worker/package_linux64/build/usr/share/julia/stdlib/v1.6/Test/src/Test.jl:1144 [inlined]
 [3] macro expansion
   @ ~/.julia/packages/Clustering/fwZBk/test/dbscan.jl:48 [inlined]
 [4] macro expansion
   @ /buildworker/worker/package_linux64/build/usr/share/julia/stdlib/v1.6/Test/src/Test.jl:1144 [inlined]
 [5] top-level scope
   @ ~/.julia/packages/Clustering/fwZBk/test/dbscan.jl:8
normal points: Test Failed at /home/pkgeval/.julia/packages/Clustering/fwZBk/test/dbscan.jl:66
  Expression: (clusters[3]).core_indices == inds_3
   Evaluated: [65, 1001, 1002, 1005, 1006, 1009, 1011, 1013, 1015, 1019  â€¦  1976, 1980, 1982, 1985, 1989, 1990, 1992, 1994, 1995, 1999] == [589, 655, 666, 703, 886, 1001, 1002, 1004, 1005, 1008  â€¦  1978, 1982, 1984, 1985, 1987, 1993, 1995, 1996, 1999, 2000]
Stacktrace:
 [1] macro expansion
   @ ~/.julia/packages/Clustering/fwZBk/test/dbscan.jl:66 [inlined]
 [2] macro expansion
   @ /buildworker/worker/package_linux64/build/usr/share/julia/stdlib/v1.6/Test/src/Test.jl:1144 [inlined]
 [3] macro expansion
   @ ~/.julia/packages/Clustering/fwZBk/test/dbscan.jl:48 [inlined]
 [4] macro expansion
   @ /buildworker/worker/package_linux64/build/usr/share/julia/stdlib/v1.6/Test/src/Test.jl:1144 [inlined]
 [5] top-level scope
   @ ~/.julia/packages/Clustering/fwZBk/test/dbscan.jl:8
Test Summary:                             | Pass  Fail  Total
dbscan() (DBSCAN clustering)              |   22     3     25
  Argument checks                         |    5            5
  Support for arrays other than Matrix{T} |    6            6
  normal points                           |    2     3      5
    Issue #84                             |    2            2
ERROR: LoadError: LoadError: Some tests did not pass: 22 passed, 3 failed, 0 errored, 0 broken.
in expression starting at /home/pkgeval/.julia/packages/Clustering/fwZBk/test/dbscan.jl:6
in expression starting at /home/pkgeval/.julia/packages/Clustering/fwZBk/test/runtests.jl:24
     Testing CSV
Status `/tmp/jl_q45EnS/Project.toml`
  [336ed68f] CSV v0.7.7
  [324d7699] CategoricalArrays v0.8.3
  [944b1d66] CodecZlib v0.7.0
  [a93c6f00] DataFrames v0.21.8
  [48062228] FilePathsBase v0.9.5
  [69de0a69] Parsers v1.0.11
  [2dfb63ee] PooledArrays v0.5.3
  [91c51154] SentinelArrays v1.2.16
  [bd369af6] Tables v1.1.0
  [ea10d353] WeakRefStrings v0.6.2
  [ade2ca70] Dates
  [a63ad114] Mmap
  [9a3f8284] Random
  [8dfed614] Test
  [4ec0a83e] Unicode
Status `/tmp/jl_q45EnS/Manifest.toml`
  [336ed68f] CSV v0.7.7
  [324d7699] CategoricalArrays v0.8.3
  [944b1d66] CodecZlib v0.7.0
  [34da2185] Compat v3.20.0
  [9a962f9c] DataAPI v1.3.0
  [a93c6f00] DataFrames v0.21.8
  [864edb3b] DataStructures v0.18.7
  [e2d170a0] DataValueInterfaces v1.0.0
  [48062228] FilePathsBase v0.9.5
  [41ab1584] InvertedIndices v1.0.0
  [82899510] IteratorInterfaceExtensions v1.0.0
  [692b3bcd] JLLWrappers v1.1.2
  [682c06a0] JSON v0.21.1
  [e1d29d7a] Missings v0.4.4
  [bac558e1] OrderedCollections v1.3.1
  [69de0a69] Parsers v1.0.11
  [2dfb63ee] PooledArrays v0.5.3
  [189a3867] Reexport v0.2.0
  [91c51154] SentinelArrays v1.2.16
  [a2af1166] SortingAlgorithms v0.3.1
  [856f2bd8] StructTypes v1.1.0
  [3783bdb8] TableTraits v1.0.0
  [bd369af6] Tables v1.1.0
  [3bb67fe8] TranscodingStreams v0.9.5
  [ea10d353] WeakRefStrings v0.6.2
  [83775a58] Zlib_jll v1.2.11+18
  [0dad84c5] ArgTools
  [56f22d72] Artifacts
  [2a0f44e3] Base64
  [ade2ca70] Dates
  [8bb1440f] DelimitedFiles
  [8ba89e20] Distributed
  [f43a241f] Downloads
  [9fa8497b] Future
  [b77e0a4c] InteractiveUtils
  [b27032c2] LibCURL
  [deac9b47] LibCURL_jll
  [76f85450] LibGit2
  [8f399da3] Libdl
  [37e2e46d] LinearAlgebra
  [56ddb016] Logging
  [d6f4376e] Markdown
  [a63ad114] Mmap
  [14a3606d] MozillaCACerts_jll
  [44cfe95a] Pkg
  [de0858da] Printf
  [3fa0cd96] REPL
  [9a3f8284] Random
  [ea8e919c] SHA
  [9e88b42a] Serialization
  [1a1011a3] SharedArrays
  [6462fe0b] Sockets
  [2f01184e] SparseArrays
  [10745b16] Statistics
  [fa267f1f] TOML
  [8dfed614] Test
  [cf7118a7] UUIDs
  [4ec0a83e] Unicode
     Testing Running tests...
CSV.File basics: Test Failed at /home/pkgeval/.julia/packages/CSV/MKemC/test/basics.jl:27
  Expression: CSV.File(joinpath(dir, "test_float_in_int_column.csv"); types = [Int, Int, Int], strict = true)
    Expected: CSV.Error
      Thrown: MethodError
Stacktrace:
 [1] top-level scope
   @ ~/.julia/packages/CSV/MKemC/test/basics.jl:27
 [2] top-level scope
   @ /buildworker/worker/package_linux64/build/usr/share/julia/stdlib/v1.6/Test/src/Test.jl:1144
 [3] top-level scope
   @ ~/.julia/packages/CSV/MKemC/test/basics.jl:21
CSV.File basics: Test Failed at /home/pkgeval/.julia/packages/CSV/MKemC/test/basics.jl:30
  Expression: CSV.File(joinpath(dir, "int64_overflow.csv"); types = [Int8], strict = true)
    Expected: CSV.Error
      Thrown: MethodError
Stacktrace:
 [1] top-level scope
   @ ~/.julia/packages/CSV/MKemC/test/basics.jl:30
 [2] top-level scope
   @ /buildworker/worker/package_linux64/build/usr/share/julia/stdlib/v1.6/Test/src/Test.jl:1144
 [3] top-level scope
   @ ~/.julia/packages/CSV/MKemC/test/basics.jl:21
CSV.File basics: Error During Test at /home/pkgeval/.julia/packages/CSV/MKemC/test/basics.jl:18
  Got exception outside of a @test
  MethodError: no method matching typesubtract(::Type{Union{}}, ::Type{Int64})
  Closest candidates are:
    typesubtract(::Any, ::Any, !Matched::Int64) at compiler/typeutils.jl:66
  Stacktrace:
    [1] ts(T::Type, S::Type)
      @ CSV ~/.julia/packages/CSV/MKemC/src/utils.jl:214
    [2] nonstandardtype(T::Type)
      @ CSV ~/.julia/packages/CSV/MKemC/src/utils.jl:217
    [3] (::CSV.var"#17#23")(T::Type)
      @ CSV ./none:0
    [4] iterate(::Base.Iterators.Filter{CSV.var"#17#23", Vector{Type}})
      @ Base.Iterators ./iterators.jl:451
    [5] iterate
      @ ./generator.jl:44 [inlined]
    [6] Header
      @ ~/.julia/packages/CSV/MKemC/src/header.jl:232 [inlined]
    [7] CSV.File(source::IOBuffer; header::Int64, normalizenames::Bool, datarow::Int64, skipto::Nothing, footerskip::Int64, transpose::Bool, comment::Nothing, use_mmap::Nothing, ignoreemptylines::Bool, select::Nothing, drop::Nothing, missingstrings::Vector{String}, missingstring::String, delim::Nothing, ignorerepeated::Bool, quotechar::Char, openquotechar::Nothing, closequotechar::Nothing, escapechar::Char, dateformat::Nothing, dateformats::Nothing, decimal::UInt8, truestrings::Vector{String}, falsestrings::Vector{String}, type::Nothing, types::Nothing, typemap::Dict{Type, Type}, categorical::Nothing, pool::Float64, lazystrings::Bool, strict::Bool, silencewarnings::Bool, debug::Bool, parsingdebug::Bool, kw::Base.Iterators.Pairs{Union{}, Union{}, Tuple{}, NamedTuple{(), Tuple{}}})
      @ CSV ~/.julia/packages/CSV/MKemC/src/file.jl:216
    [8] top-level scope
      @ ~/.julia/packages/CSV/MKemC/test/basics.jl:36
    [9] top-level scope
      @ /buildworker/worker/package_linux64/build/usr/share/julia/stdlib/v1.6/Test/src/Test.jl:1144
   [10] top-level scope
      @ ~/.julia/packages/CSV/MKemC/test/basics.jl:21
   [11] include(fname::String)
      @ Base.MainInclude ./client.jl:444
   [12] top-level scope
      @ ~/.julia/packages/CSV/MKemC/test/runtests.jl:17
   [13] top-level scope
      @ /buildworker/worker/package_linux64/build/usr/share/julia/stdlib/v1.6/Test/src/Test.jl:1144
   [14] top-level scope
      @ ~/.julia/packages/CSV/MKemC/test/runtests.jl:17
   [15] top-level scope
      @ /buildworker/worker/package_linux64/build/usr/share/julia/stdlib/v1.6/Test/src/Test.jl:1144
   [16] top-level scope
      @ ~/.julia/packages/CSV/MKemC/test/runtests.jl:15
   [17] include(fname::String)
      @ Base.MainInclude ./client.jl:444
   [18] top-level scope
      @ none:6
   [19] eval(m::Module, e::Any)
      @ Core ./boot.jl:360
   [20] exec_options(opts::Base.JLOptions)
      @ Base ./client.jl:261
   [21] _start()
      @ Base ./client.jl:485
testing test_utf8_with_BOM.csv
CSV.File: Error During Test at /home/pkgeval/.julia/packages/CSV/MKemC/test/runtests.jl:15
  Got exception outside of a @test
  LoadError: MethodError: no method matching typesubtract(::Type{Union{Missing, String}}, ::Type{Int64})
  Closest candidates are:
    typesubtract(::Any, ::Any, !Matched::Int64) at compiler/typeutils.jl:66
  Stacktrace:
    [1] ts(T::Type, S::Type)
      @ CSV ~/.julia/packages/CSV/MKemC/src/utils.jl:214
    [2] nonstandardtype(T::Type)
      @ CSV ~/.julia/packages/CSV/MKemC/src/utils.jl:217
    [3] (::CSV.var"#17#23")(T::Type)
      @ CSV ./none:0
    [4] iterate(::Base.Iterators.Filter{CSV.var"#17#23", Vector{Type}})
      @ Base.Iterators ./iterators.jl:451
    [5] iterate
      @ ./generator.jl:44 [inlined]
    [6] Header
      @ ~/.julia/packages/CSV/MKemC/src/header.jl:232 [inlined]
    [7] CSV.Rows(source::String; header::Int64, normalizenames::Bool, datarow::Int64, skipto::Nothing, footerskip::Int64, limit::Int64, transpose::Bool, comment::Nothing, use_mmap::Nothing, ignoreemptylines::Bool, select::Nothing, drop::Nothing, missingstrings::Vector{String}, missingstring::String, delim::Nothing, ignorerepeated::Bool, quotechar::Char, openquotechar::Nothing, closequotechar::Nothing, escapechar::Char, dateformat::Nothing, dateformats::Nothing, decimal::UInt8, truestrings::Vector{String}, falsestrings::Vector{String}, type::Nothing, types::Nothing, typemap::Dict{Type, Type}, categorical::Nothing, pool::Float64, lazystrings::Bool, strict::Bool, silencewarnings::Bool, debug::Bool, parsingdebug::Bool, reusebuffer::Bool, kw::Base.Iterators.Pairs{Union{}, Union{}, Tuple{}, NamedTuple{(), Tuple{}}})
      @ CSV ~/.julia/packages/CSV/MKemC/src/rows.jl:142
    [8] CSV.Rows(source::String)
      @ CSV ~/.julia/packages/CSV/MKemC/src/rows.jl:142
    [9] testfile(file::String, kwargs::NamedTuple{(), Tuple{}}, expected_sz::Tuple{Int64, Int64}, expected_sch::Type, testfunc::NamedTuple{(:col1, :col2, :col3), Tuple{Vector{Float64}, Vector{Float64}, Vector{Float64}}}; dir::String)
      @ Main ~/.julia/packages/CSV/MKemC/test/testfiles.jl:6
   [10] testfile(file::String, kwargs::NamedTuple{(), Tuple{}}, expected_sz::Tuple{Int64, Int64}, expected_sch::Type, testfunc::NamedTuple{(:col1, :col2, :col3), Tuple{Vector{Float64}, Vector{Float64}, Vector{Float64}}})
      @ Main ~/.julia/packages/CSV/MKemC/test/testfiles.jl:2
   [11] top-level scope
      @ ~/.julia/packages/CSV/MKemC/test/testfiles.jl:656
   [12] include(fname::String)
      @ Base.MainInclude ./client.jl:444
   [13] top-level scope
      @ ~/.julia/packages/CSV/MKemC/test/runtests.jl:18
   [14] top-level scope
      @ /buildworker/worker/package_linux64/build/usr/share/julia/stdlib/v1.6/Test/src/Test.jl:1144
   [15] top-level scope
      @ ~/.julia/packages/CSV/MKemC/test/runtests.jl:17
   [16] top-level scope
      @ /buildworker/worker/package_linux64/build/usr/share/julia/stdlib/v1.6/Test/src/Test.jl:1144
   [17] top-level scope
      @ ~/.julia/packages/CSV/MKemC/test/runtests.jl:15
   [18] include(fname::String)
      @ Base.MainInclude ./client.jl:444
   [19] top-level scope
      @ none:6
   [20] eval(m::Module, e::Any)
      @ Core ./boot.jl:360
   [21] exec_options(opts::Base.JLOptions)
      @ Base ./client.jl:261
   [22] _start()
      @ Base ./client.jl:485
  in expression starting at /home/pkgeval/.julia/packages/CSV/MKemC/test/testfiles.jl:655
CSV.write: Error During Test at /home/pkgeval/.julia/packages/CSV/MKemC/test/write.jl:22
  Got exception outside of a @test
  MethodError: no method matching typesubtract(::Type{Union{}}, ::Type{Int64})
  Closest candidates are:
    typesubtract(::Any, ::Any, !Matched::Int64) at compiler/typeutils.jl:66
  Stacktrace:
    [1] ts(T::Type, S::Type)
      @ CSV ~/.julia/packages/CSV/MKemC/src/utils.jl:214
    [2] nonstandardtype(T::Type)
      @ CSV ~/.julia/packages/CSV/MKemC/src/utils.jl:217
    [3] (::CSV.var"#17#23")(T::Type)
      @ CSV ./none:0
    [4] iterate(::Base.Iterators.Filter{CSV.var"#17#23", Vector{Type}})
      @ Base.Iterators ./iterators.jl:451
    [5] iterate
      @ ./generator.jl:44 [inlined]
    [6] Header
      @ ~/.julia/packages/CSV/MKemC/src/header.jl:232 [inlined]
    [7] CSV.File(source::IOBuffer; header::Int64, normalizenames::Bool, datarow::Int64, skipto::Nothing, footerskip::Int64, transpose::Bool, comment::Nothing, use_mmap::Nothing, ignoreemptylines::Bool, select::Nothing, drop::Nothing, missingstrings::Vector{String}, missingstring::String, delim::Char, ignorerepeated::Bool, quotechar::Char, openquotechar::Nothing, closequotechar::Nothing, escapechar::Char, dateformat::Nothing, dateformats::Nothing, decimal::UInt8, truestrings::Vector{String}, falsestrings::Vector{String}, type::Nothing, types::Nothing, typemap::Dict{Type, Type}, categorical::Nothing, pool::Float64, lazystrings::Bool, strict::Bool, silencewarnings::Bool, debug::Bool, parsingdebug::Bool, kw::Base.Iterators.Pairs{Union{}, Union{}, Tuple{}, NamedTuple{(), Tuple{}}})
      @ CSV ~/.julia/packages/CSV/MKemC/src/file.jl:216
    [8] top-level scope
      @ ~/.julia/packages/CSV/MKemC/test/write.jl:277
    [9] top-level scope
      @ /buildworker/worker/package_linux64/build/usr/share/julia/stdlib/v1.6/Test/src/Test.jl:1144
   [10] top-level scope
      @ ~/.julia/packages/CSV/MKemC/test/write.jl:24
   [11] include(fname::String)
      @ Base.MainInclude ./client.jl:444
   [12] top-level scope
      @ ~/.julia/packages/CSV/MKemC/test/runtests.jl:23
   [13] top-level scope
      @ /buildworker/worker/package_linux64/build/usr/share/julia/stdlib/v1.6/Test/src/Test.jl:1144
   [14] top-level scope
      @ ~/.julia/packages/CSV/MKemC/test/runtests.jl:15
   [15] include(fname::String)
      @ Base.MainInclude ./client.jl:444
   [16] top-level scope
      @ none:6
   [17] eval(m::Module, e::Any)
      @ Core ./boot.jl:360
   [18] exec_options(opts::Base.JLOptions)
      @ Base ./client.jl:261
   [19] _start()
      @ Base ./client.jl:485
CategoricalArray levels (including ordering): Error During Test at /home/pkgeval/.julia/packages/CSV/MKemC/test/runtests.jl:25
  Got exception outside of a @test
  MethodError: no method matching typesubtract(::Type{CategoricalValue{String, UInt32}}, ::Type{Int64})
  Closest candidates are:
    typesubtract(::Any, ::Any, !Matched::Int64) at compiler/typeutils.jl:66
  Stacktrace:
    [1] ts(T::Type, S::Type)
      @ CSV ~/.julia/packages/CSV/MKemC/src/utils.jl:214
    [2] nonstandardtype(T::Type)
      @ CSV ~/.julia/packages/CSV/MKemC/src/utils.jl:217
    [3] (::CSV.var"#17#23")(T::Type)
      @ CSV ./none:0
    [4] iterate(::Base.Iterators.Filter{CSV.var"#17#23", Vector{Type}})
      @ Base.Iterators ./iterators.jl:451
    [5] iterate
      @ ./generator.jl:44 [inlined]
    [6] Header
      @ ~/.julia/packages/CSV/MKemC/src/header.jl:232 [inlined]
    [7] CSV.File(source::IOBuffer; header::Int64, normalizenames::Bool, datarow::Int64, skipto::Nothing, footerskip::Int64, transpose::Bool, comment::Nothing, use_mmap::Nothing, ignoreemptylines::Bool, select::Nothing, drop::Nothing, missingstrings::Vector{String}, missingstring::String, delim::Nothing, ignorerepeated::Bool, quotechar::Char, openquotechar::Nothing, closequotechar::Nothing, escapechar::Char, dateformat::Nothing, dateformats::Nothing, decimal::UInt8, truestrings::Vector{String}, falsestrings::Vector{String}, type::Nothing, types::Vector{DataType}, typemap::Dict{Type, Type}, categorical::Nothing, pool::Float64, lazystrings::Bool, strict::Bool, silencewarnings::Bool, debug::Bool, parsingdebug::Bool, kw::Base.Iterators.Pairs{Union{}, Union{}, Tuple{}, NamedTuple{(), Tuple{}}})
      @ CSV ~/.julia/packages/CSV/MKemC/src/file.jl:216
    [8] top-level scope
      @ ~/.julia/packages/CSV/MKemC/test/runtests.jl:26
    [9] top-level scope
      @ /buildworker/worker/package_linux64/build/usr/share/julia/stdlib/v1.6/Test/src/Test.jl:1144
   [10] top-level scope
      @ ~/.julia/packages/CSV/MKemC/test/runtests.jl:26
   [11] top-level scope
      @ /buildworker/worker/package_linux64/build/usr/share/julia/stdlib/v1.6/Test/src/Test.jl:1144
   [12] top-level scope
      @ ~/.julia/packages/CSV/MKemC/test/runtests.jl:15
   [13] include(fname::String)
      @ Base.MainInclude ./client.jl:444
   [14] top-level scope
      @ none:6
   [15] eval(m::Module, e::Any)
      @ Core ./boot.jl:360
   [16] exec_options(opts::Base.JLOptions)
      @ Base ./client.jl:261
   [17] _start()
      @ Base ./client.jl:485
PooledArrays: Error During Test at /home/pkgeval/.julia/packages/CSV/MKemC/test/runtests.jl:44
  Got exception outside of a @test
  MethodError: no method matching typesubtract(::Type{Union{}}, ::Type{Int64})
  Closest candidates are:
    typesubtract(::Any, ::Any, !Matched::Int64) at compiler/typeutils.jl:66
  Stacktrace:
    [1] ts(T::Type, S::Type)
      @ CSV ~/.julia/packages/CSV/MKemC/src/utils.jl:214
    [2] nonstandardtype(T::Type)
      @ CSV ~/.julia/packages/CSV/MKemC/src/utils.jl:217
    [3] (::CSV.var"#17#23")(T::Type)
      @ CSV ./none:0
    [4] iterate(::Base.Iterators.Filter{CSV.var"#17#23", Vector{Type}})
      @ Base.Iterators ./iterators.jl:451
    [5] iterate
      @ ./generator.jl:44 [inlined]
    [6] Header
      @ ~/.julia/packages/CSV/MKemC/src/header.jl:232 [inlined]
    [7] CSV.File(source::IOBuffer; header::Int64, normalizenames::Bool, datarow::Int64, skipto::Nothing, footerskip::Int64, transpose::Bool, comment::Nothing, use_mmap::Nothing, ignoreemptylines::Bool, select::Nothing, drop::Nothing, missingstrings::Vector{String}, missingstring::String, delim::Nothing, ignorerepeated::Bool, quotechar::Char, openquotechar::Nothing, closequotechar::Nothing, escapechar::Char, dateformat::Nothing, dateformats::Nothing, decimal::UInt8, truestrings::Vector{String}, falsestrings::Vector{String}, type::Nothing, types::Nothing, typemap::Dict{Type, Type}, categorical::Nothing, pool::Bool, lazystrings::Bool, strict::Bool, silencewarnings::Bool, debug::Bool, parsingdebug::Bool, kw::Base.Iterators.Pairs{Union{}, Union{}, Tuple{}, NamedTuple{(), Tuple{}}})
      @ CSV ~/.julia/packages/CSV/MKemC/src/file.jl:216
    [8] top-level scope
      @ ~/.julia/packages/CSV/MKemC/test/runtests.jl:46
    [9] top-level scope
      @ /buildworker/worker/package_linux64/build/usr/share/julia/stdlib/v1.6/Test/src/Test.jl:1144
   [10] top-level scope
      @ ~/.julia/packages/CSV/MKemC/test/runtests.jl:46
   [11] top-level scope
      @ /buildworker/worker/package_linux64/build/usr/share/julia/stdlib/v1.6/Test/src/Test.jl:1144
   [12] top-level scope
      @ ~/.julia/packages/CSV/MKemC/test/runtests.jl:15
   [13] include(fname::String)
      @ Base.MainInclude ./client.jl:444
   [14] top-level scope
      @ none:6
   [15] eval(m::Module, e::Any)
      @ Core ./boot.jl:360
   [16] exec_options(opts::Base.JLOptions)
      @ Base ./client.jl:261
   [17] _start()
      @ Base ./client.jl:485
CSV.Rows: Error During Test at /home/pkgeval/.julia/packages/CSV/MKemC/test/runtests.jl:103
  Got exception outside of a @test
  MethodError: no method matching typesubtract(::Type{Union{Missing, String}}, ::Type{Int64})
  Closest candidates are:
    typesubtract(::Any, ::Any, !Matched::Int64) at compiler/typeutils.jl:66
  Stacktrace:
    [1] ts(T::Type, S::Type)
      @ CSV ~/.julia/packages/CSV/MKemC/src/utils.jl:214
    [2] nonstandardtype(T::Type)
      @ CSV ~/.julia/packages/CSV/MKemC/src/utils.jl:217
    [3] (::CSV.var"#17#23")(T::Type)
      @ CSV ./none:0
    [4] iterate(::Base.Iterators.Filter{CSV.var"#17#23", Vector{Type}})
      @ Base.Iterators ./iterators.jl:451
    [5] iterate
      @ ./generator.jl:44 [inlined]
    [6] Header
      @ ~/.julia/packages/CSV/MKemC/src/header.jl:232 [inlined]
    [7] CSV.Rows(source::IOBuffer; header::Int64, normalizenames::Bool, datarow::Int64, skipto::Nothing, footerskip::Int64, limit::Int64, transpose::Bool, comment::Nothing, use_mmap::Nothing, ignoreemptylines::Bool, select::Nothing, drop::Nothing, missingstrings::Vector{String}, missingstring::String, delim::Nothing, ignorerepeated::Bool, quotechar::Char, openquotechar::Nothing, closequotechar::Nothing, escapechar::Char, dateformat::Nothing, dateformats::Nothing, decimal::UInt8, truestrings::Vector{String}, falsestrings::Vector{String}, type::Nothing, types::Nothing, typemap::Dict{Type, Type}, categorical::Nothing, pool::Float64, lazystrings::Bool, strict::Bool, silencewarnings::Bool, debug::Bool, parsingdebug::Bool, reusebuffer::Bool, kw::Base.Iterators.Pairs{Union{}, Union{}, Tuple{}, NamedTuple{(), Tuple{}}})
      @ CSV ~/.julia/packages/CSV/MKemC/src/rows.jl:142
    [8] CSV.Rows(source::IOBuffer)
      @ CSV ~/.julia/packages/CSV/MKemC/src/rows.jl:142
    [9] top-level scope
      @ ~/.julia/packages/CSV/MKemC/test/runtests.jl:105
   [10] top-level scope
      @ /buildworker/worker/package_linux64/build/usr/share/julia/stdlib/v1.6/Test/src/Test.jl:1144
   [11] top-level scope
      @ ~/.julia/packages/CSV/MKemC/test/runtests.jl:105
   [12] top-level scope
      @ /buildworker/worker/package_linux64/build/usr/share/julia/stdlib/v1.6/Test/src/Test.jl:1144
   [13] top-level scope
      @ ~/.julia/packages/CSV/MKemC/test/runtests.jl:15
   [14] include(fname::String)
      @ Base.MainInclude ./client.jl:444
   [15] top-level scope
      @ none:6
   [16] eval(m::Module, e::Any)
      @ Core ./boot.jl:360
   [17] exec_options(opts::Base.JLOptions)
      @ Base ./client.jl:261
   [18] _start()
      @ Base ./client.jl:485
CSV.File with select/drop: Error During Test at /home/pkgeval/.julia/packages/CSV/MKemC/test/runtests.jl:221
  Got exception outside of a @test
  MethodError: no method matching typesubtract(::Type{Union{}}, ::Type{Int64})
  Closest candidates are:
    typesubtract(::Any, ::Any, !Matched::Int64) at compiler/typeutils.jl:66
  Stacktrace:
    [1] ts(T::Type, S::Type)
      @ CSV ~/.julia/packages/CSV/MKemC/src/utils.jl:214
    [2] nonstandardtype(T::Type)
      @ CSV ~/.julia/packages/CSV/MKemC/src/utils.jl:217
    [3] (::CSV.var"#17#23")(T::Type)
      @ CSV ./none:0
    [4] iterate(::Base.Iterators.Filter{CSV.var"#17#23", Vector{Type}})
      @ Base.Iterators ./iterators.jl:451
    [5] iterate
      @ ./generator.jl:44 [inlined]
    [6] Header
      @ ~/.julia/packages/CSV/MKemC/src/header.jl:232 [inlined]
    [7] CSV.File(source::IOBuffer; header::Int64, normalizenames::Bool, datarow::Int64, skipto::Nothing, footerskip::Int64, transpose::Bool, comment::Nothing, use_mmap::Nothing, ignoreemptylines::Bool, select::Vector{Int64}, drop::Nothing, missingstrings::Vector{String}, missingstring::String, delim::Nothing, ignorerepeated::Bool, quotechar::Char, openquotechar::Nothing, closequotechar::Nothing, escapechar::Char, dateformat::Nothing, dateformats::Nothing, decimal::UInt8, truestrings::Vector{String}, falsestrings::Vector{String}, type::Nothing, types::Nothing, typemap::Dict{Type, Type}, categorical::Nothing, pool::Float64, lazystrings::Bool, strict::Bool, silencewarnings::Bool, debug::Bool, parsingdebug::Bool, kw::Base.Iterators.Pairs{Union{}, Union{}, Tuple{}, NamedTuple{(), Tuple{}}})
      @ CSV ~/.julia/packages/CSV/MKemC/src/file.jl:216
    [8] top-level scope
      @ ~/.julia/packages/CSV/MKemC/test/runtests.jl:229
    [9] top-level scope
      @ /buildworker/worker/package_linux64/build/usr/share/julia/stdlib/v1.6/Test/src/Test.jl:1144
   [10] top-level scope
      @ ~/.julia/packages/CSV/MKemC/test/runtests.jl:223
   [11] top-level scope
      @ /buildworker/worker/package_linux64/build/usr/share/julia/stdlib/v1.6/Test/src/Test.jl:1144
   [12] top-level scope
      @ ~/.julia/packages/CSV/MKemC/test/runtests.jl:15
   [13] include(fname::String)
      @ Base.MainInclude ./client.jl:444
   [14] top-level scope
      @ none:6
   [15] eval(m::Module, e::Any)
      @ Core ./boot.jl:360
   [16] exec_options(opts::Base.JLOptions)
      @ Base ./client.jl:261
   [17] _start()
      @ Base ./client.jl:485
Test Summary:                                  | Pass  Fail  Error  Total
CSV                                            |  101     2      7    110
  CSV.File                                     |    3     2      2      7
    CSV.File basics                            |    3     2      1      6
  CSV.write                                    |   77            1     78
  CategoricalArray levels (including ordering) |                 1      1
  PooledArrays                                 |                 1      1
  LazyStringVector                             |    7                   7
  CSV.Rows                                     |                 1      1
  CSV.detect                                   |    8                   8
  CSV.findrowstarts!                           |    4                   4
  CSV.promote_typecode                         |    2                   2
  CSV.File with select/drop                    |                 1      1
ERROR: LoadError: Some tests did not pass: 101 passed, 2 failed, 7 errored, 0 broken.
in expression starting at /home/pkgeval/.julia/packages/CSV/MKemC/test/runtests.jl:13
     Testing DataFrames
Status `/tmp/jl_wSbGpW/Project.toml`
  [324d7699] CategoricalArrays v0.8.3
  [34da2185] Compat v3.20.0
  [9a962f9c] DataAPI v1.3.0
  [a93c6f00] DataFrames v0.21.8
  [864edb3b] DataStructures v0.18.7
  [e7dc6d0d] DataValues v0.4.13
  [41ab1584] InvertedIndices v1.0.0
  [82899510] IteratorInterfaceExtensions v1.0.0
  [e1d29d7a] Missings v0.4.4
  [2dfb63ee] PooledArrays v0.5.3
  [189a3867] Reexport v0.2.0
  [a2af1166] SortingAlgorithms v0.3.1
  [3783bdb8] TableTraits v1.0.0
  [bd369af6] Tables v1.1.0
  [ade2ca70] Dates
  [9fa8497b] Future
  [56ddb016] Logging
  [de0858da] Printf
  [3fa0cd96] REPL
  [9a3f8284] Random
  [10745b16] Statistics
  [8dfed614] Test
  [4ec0a83e] Unicode
Status `/tmp/jl_wSbGpW/Manifest.toml`
  [324d7699] CategoricalArrays v0.8.3
  [34da2185] Compat v3.20.0
  [9a962f9c] DataAPI v1.3.0
  [a93c6f00] DataFrames v0.21.8
  [864edb3b] DataStructures v0.18.7
  [e2d170a0] DataValueInterfaces v1.0.0
  [e7dc6d0d] DataValues v0.4.13
  [41ab1584] InvertedIndices v1.0.0
  [82899510] IteratorInterfaceExtensions v1.0.0
  [682c06a0] JSON v0.21.1
  [e1d29d7a] Missings v0.4.4
  [bac558e1] OrderedCollections v1.3.1
  [69de0a69] Parsers v1.0.11
  [2dfb63ee] PooledArrays v0.5.3
  [189a3867] Reexport v0.2.0
  [a2af1166] SortingAlgorithms v0.3.1
  [856f2bd8] StructTypes v1.1.0
  [3783bdb8] TableTraits v1.0.0
  [bd369af6] Tables v1.1.0
  [0dad84c5] ArgTools
  [56f22d72] Artifacts
  [2a0f44e3] Base64
  [ade2ca70] Dates
  [8bb1440f] DelimitedFiles
  [8ba89e20] Distributed
  [f43a241f] Downloads
  [9fa8497b] Future
  [b77e0a4c] InteractiveUtils
  [b27032c2] LibCURL
  [deac9b47] LibCURL_jll
  [76f85450] LibGit2
  [8f399da3] Libdl
  [37e2e46d] LinearAlgebra
  [56ddb016] Logging
  [d6f4376e] Markdown
  [a63ad114] Mmap
  [14a3606d] MozillaCACerts_jll
  [44cfe95a] Pkg
  [de0858da] Printf
  [3fa0cd96] REPL
  [9a3f8284] Random
  [ea8e919c] SHA
  [9e88b42a] Serialization
  [1a1011a3] SharedArrays
  [6462fe0b] Sockets
  [2f01184e] SparseArrays
  [10745b16] Statistics
  [fa267f1f] TOML
  [8dfed614] Test
  [cf7118a7] UUIDs
  [4ec0a83e] Unicode
     Testing Running tests...
Running tests:
Test Summary: | Pass  Total
make_unique   |    3      3
Test Summary: | Pass  Total
repeat count  |    5      5
Test Summary:      | Pass  Total
repeat inner_outer |    8      8
Test Summary: | Pass  Total
repeat! count |    8      8
Test Summary:       | Pass  Total
repeat! inner_outer |   11     11
	[1m[32mPASSED[0m: utils.jl
Test Summary: | Pass  Total
hcat          |   10     10
Test Summary: | Pass  Total
hcat: copying |   26     26
Test Summary:            | Pass  Total
hcat ::AbstractDataFrame |    2      2
Test Summary:            | Pass  Total
hcat ::AbstractDataFrame |    2      2
Test Summary:          | Pass  Total
hcat ::AbstractVectors |   11     11
Test Summary:  | Pass  Total
hcat: copycols |   76     76
Test Summary: | Pass  Total
vcat          |   21     21
Test Summary: | Pass  Total
vcat copy     |    2      2
Test Summary: | Pass  Total
vcat >2 args  |    4      4
Test Summary:       | Pass  Total
vcat mixed coltypes |   18     18
Test Summary:     | Pass  Total
vcat out of order |   19     19
Test Summary:         | Pass  Total
vcat with cols=:union |    6      6
Test Summary:             | Pass  Total
vcat with cols=:intersect |    6      6
Test Summary:          | Pass  Total
vcat with cols::Vector |   30     30
Test Summary:          | Pass  Total
vcat thrown exceptions |   32     32
Test Summary:  | Pass  Total
vcat with view |    1      1
	[1m[32mPASSED[0m: cat.jl
Test Summary: | Pass  Total
constructors  |   40     40
Test Summary:                 | Pass  Total
completecases and dropmissing |  236    236
Test Summary: | Pass  Total
merge         |   17     17
Test Summary: | Pass  Total
join tests    |    3      3
Test Summary:                                     | Pass  Total
nonunique, nonunique, unique! with extra argument |   41     41
Test Summary:          | Pass  Total
filter() and filter!() |   44     44
Test Summary:                   | Pass  Total
filter and filter! with AsTable |    8      8
Test Summary:   | Pass  Total
names with cols |   20     20
	[1m[32mPASSED[0m: data.jl
Test Summary:  | Pass  Total
Index indexing |   56     56
Test Summary: | Pass  Total
rename!       |   19     19
Test Summary: | Pass  Total
SubIndex      |   74     74
Test Summary:     | Pass  Total
selector mutation |   16     16
Test Summary:  | Pass  Total
fuzzy matching |   12     12
Test Summary:  | Pass  Total
Regex indexing |   46     46
Test Summary: | Pass  Total
Not indexing  |   36     36
Test Summary:    | Pass  Total
Between indexing |   36     36
Test Summary: | Pass  Total
All indexing  |   41     41
Test Summary: | Pass  Total
views         |   11     11
	[1m[32mPASSED[0m: index.jl
Test Summary:                |  Pass  Total
randomized tests for rename! | 14295  14295
Test Summary:            | Pass  Total
additional rename! tests | 6609   6609
Test Summary:              | Pass  Total
rename with integer source |   29     29
Test Summary: | Pass  Total
equality      |    9      9
Test Summary: | Pass  Total
copying       |    9      9
Test Summary:      | Pass  Total
similar / missings |    2      2
Test Summary: | Pass  Total
hasproperty   |    5      5
â”Œ Warning: inserting colums using a keyword argument is deprecated, use `insertcols!(df, col_ind, :a => 1, makeunique=false)` instead. 
â”‚   caller = ip:0x0
â”” @ Core :-1
Test Summary: | Pass  Total
insertcols!   |   87     87
Test Summary:          | Pass  Total
DataFrame constructors |   19     19
Test Summary:  | Pass  Total
push!(df, row) |   69     69
Test Summary: | Pass  Total
delete!       |   44     44
Test Summary: | Pass  Total
describe      |   10     10
Test Summary: | Pass  Total
append!       |   35     35
Test Summary:           | Pass  Total
append! default options |   11     11
Test Summary:            | Pass  Total
append! advanced options |  174    174
Test Summary:               | Pass  Total
new append! and push! tests |   30     30
Test Summary:     | Pass  Total
test categorical! |   14     14
Test Summary: | Pass  Total
categorical!  |   11     11
Test Summary: | Pass  Total
rename        |   47     47
Test Summary:             | Pass  Total
flexible rename arguments |   30     30
Test Summary: | Pass  Total
size          |    5      5
Test Summary: | Pass  Total
description   |    8      8
Test Summary:      | Pass  Total
column conversions |  172    172
Test Summary:        | Pass  Total
test disallowmissing |  730    730
Test Summary:     | Pass  Total
test allowmissing |  360    360
Test Summary:    | Pass  Total
test categorical |  496    496
Test Summary: | Pass  Total
similar       |    8      8
Test Summary:                | Pass  Total
passing range to a DataFrame |    1      1
Test Summary:                | Pass  Total
test getindex using ! syntax |   15     15
Test Summary:                | Pass  Total
test corner case of getindex |    2      2
Test Summary:             | Pass  Total
empty data frame getindex |    9      9
Test Summary:               | Pass  Total
handling of end in indexing |   22     22
Test Summary:        | Pass  Total
aliasing in indexing |    5      5
Test Summary:                               | Pass  Total
getproperty, setproperty! and propertynames |   10     10
Test Summary:          | Pass  Total
duplicate column names |    1      1
Test Summary:         | Pass  Total
parent, size and axes |   11     11
Test Summary:                | Pass  Total
0-row DataFrame corner cases |    4      4
Test Summary:         |
And and Between tests | No tests
Test Summary:                   | Pass  Total
vcat and push! with :orderequal |   14     14
Test Summary:      | Pass  Total
push! with :subset |   18     18
Test Summary:         | Pass  Total
push! with :intersect |   12     12
Test Summary:              | Pass  Total
push!(df, row) with :union |   56     56
Test Summary:                       | Pass  Total
push!(df, row) with promote options |   22     22
	[1m[32mPASSED[0m: dataframe.jl
Test Summary: | Pass  Total
select! Not   |   13     13
Test Summary: | Pass  Total
select Not    |   58     58
Test Summary:              | Pass  Total
select Not on SubDataFrame |   70     70
Test Summary: | Pass  Total
select!       |   35     35
Test Summary: | Pass  Total
select        |   66     66
Test Summary:          | Pass  Total
select on SubDataFrame |   78     78
Test Summary:          | Pass  Total
select! on all columns |   21     21
Test Summary:                                     | Pass  Total
select and select! with multiple selectors passed |   11     11
Test Summary:               | Pass  Total
select and select! renaming |   23     23
Test Summary:                          | Pass  Total
select and select! many columns naming |   24     24
Test Summary:                                | Pass  Total
select and select! many different transforms |   25     25
Test Summary:  | Pass  Total
nrow in select |   24     24
Test Summary:                             | Pass  Total
select and select! reserved return values |   28     28
Test Summary:                      | Pass  Total
select and select! empty selection |   16     16
Test Summary:            | Pass  Total
wrong selection patterns |    4      4
Test Summary:                 | Pass  Total
select and select! duplicates |   15     15
Test Summary:          | Pass  Total
SubDataFrame selection |   17     17
Test Summary:       | Pass  Total
pseudo-broadcasting |  152    152
Test Summary:          | Pass  Total
copycols special cases |   11     11
Test Summary: | Pass  Total
empty select  |    5      5
Test Summary:            | Pass  Total
transform and transform! |   30     30
Test Summary:    | Pass  Total
vectors of pairs |   18     18
AsTable tests: Test Failed at /home/pkgeval/.julia/packages/DataFrames/GtZ1l/test/select.jl:1109
  Expression: select(df, AsTable(:) => sum âˆ˜ sum) == repeat(DataFrame(a_b_c_function = 45), nrow(df))
   Evaluated: 3Ã—1 DataFrame
â”‚ Row â”‚ a_b_c_ComposedFunction â”‚
â”‚     â”‚ Int64                  â”‚
â”œâ”€â”€â”€â”€â”€â”¼â”€â”€â”€â”€â”€â”€â”€â”€â”€â”€â”€â”€â”€â”€â”€â”€â”€â”€â”€â”€â”€â”€â”€â”€â”¤
â”‚ 1   â”‚ 45                     â”‚
â”‚ 2   â”‚ 45                     â”‚
â”‚ 3   â”‚ 45                     â”‚ == 3Ã—1 DataFrame
â”‚ Row â”‚ a_b_c_function â”‚
â”‚     â”‚ Int64          â”‚
â”œâ”€â”€â”€â”€â”€â”¼â”€â”€â”€â”€â”€â”€â”€â”€â”€â”€â”€â”€â”€â”€â”€â”€â”¤
â”‚ 1   â”‚ 45             â”‚
â”‚ 2   â”‚ 45             â”‚
â”‚ 3   â”‚ 45             â”‚
Stacktrace:
 [1] top-level scope
   @ ~/.julia/packages/DataFrames/GtZ1l/test/select.jl:1109
 [2] top-level scope
   @ /buildworker/worker/package_linux64/build/usr/share/julia/stdlib/v1.6/Test/src/Test.jl:1144
 [3] top-level scope
   @ ~/.julia/packages/DataFrames/GtZ1l/test/select.jl:1104
AsTable tests: Test Failed at /home/pkgeval/.julia/packages/DataFrames/GtZ1l/test/select.jl:1111
  Expression: combine(df, AsTable(:) => sum âˆ˜ sum) == DataFrame(a_b_c_function = 45)
   Evaluated: 1Ã—1 DataFrame
â”‚ Row â”‚ a_b_c_ComposedFunction â”‚
â”‚     â”‚ Int64                  â”‚
â”œâ”€â”€â”€â”€â”€â”¼â”€â”€â”€â”€â”€â”€â”€â”€â”€â”€â”€â”€â”€â”€â”€â”€â”€â”€â”€â”€â”€â”€â”€â”€â”¤
â”‚ 1   â”‚ 45                     â”‚ == 1Ã—1 DataFrame
â”‚ Row â”‚ a_b_c_function â”‚
â”‚     â”‚ Int64          â”‚
â”œâ”€â”€â”€â”€â”€â”¼â”€â”€â”€â”€â”€â”€â”€â”€â”€â”€â”€â”€â”€â”€â”€â”€â”¤
â”‚ 1   â”‚ 45             â”‚
Stacktrace:
 [1] top-level scope
   @ ~/.julia/packages/DataFrames/GtZ1l/test/select.jl:1111
 [2] top-level scope
   @ /buildworker/worker/package_linux64/build/usr/share/julia/stdlib/v1.6/Test/src/Test.jl:1144
 [3] top-level scope
   @ ~/.julia/packages/DataFrames/GtZ1l/test/select.jl:1104
AsTable tests: Test Failed at /home/pkgeval/.julia/packages/DataFrames/GtZ1l/test/select.jl:1113
  Expression: transform(df, AsTable(:) => sum âˆ˜ sum) == DataFrame(a = 1:3, b = 4:6, c = 7:9, a_b_c_function = 45)
   Evaluated: 3Ã—4 DataFrame
â”‚ Row â”‚ a     â”‚ b     â”‚ c     â”‚ a_b_c_ComposedFunction â”‚
â”‚     â”‚ Int64 â”‚ Int64 â”‚ Int64 â”‚ Int64                  â”‚
â”œâ”€â”€â”€â”€â”€â”¼â”€â”€â”€â”€â”€â”€â”€â”¼â”€â”€â”€â”€â”€â”€â”€â”¼â”€â”€â”€â”€â”€â”€â”€â”¼â”€â”€â”€â”€â”€â”€â”€â”€â”€â”€â”€â”€â”€â”€â”€â”€â”€â”€â”€â”€â”€â”€â”€â”€â”¤
â”‚ 1   â”‚ 1     â”‚ 4     â”‚ 7     â”‚ 45                     â”‚
â”‚ 2   â”‚ 2     â”‚ 5     â”‚ 8     â”‚ 45                     â”‚
â”‚ 3   â”‚ 3     â”‚ 6     â”‚ 9     â”‚ 45                     â”‚ == 3Ã—4 DataFrame
â”‚ Row â”‚ a     â”‚ b     â”‚ c     â”‚ a_b_c_function â”‚
â”‚     â”‚ Int64 â”‚ Int64 â”‚ Int64 â”‚ Int64          â”‚
â”œâ”€â”€â”€â”€â”€â”¼â”€â”€â”€â”€â”€â”€â”€â”¼â”€â”€â”€â”€â”€â”€â”€â”¼â”€â”€â”€â”€â”€â”€â”€â”¼â”€â”€â”€â”€â”€â”€â”€â”€â”€â”€â”€â”€â”€â”€â”€â”€â”¤
â”‚ 1   â”‚ 1     â”‚ 4     â”‚ 7     â”‚ 45             â”‚
â”‚ 2   â”‚ 2     â”‚ 5     â”‚ 8     â”‚ 45             â”‚
â”‚ 3   â”‚ 3     â”‚ 6     â”‚ 9     â”‚ 45             â”‚
Stacktrace:
 [1] top-level scope
   @ ~/.julia/packages/DataFrames/GtZ1l/test/select.jl:1113
 [2] top-level scope
   @ /buildworker/worker/package_linux64/build/usr/share/julia/stdlib/v1.6/Test/src/Test.jl:1144
 [3] top-level scope
   @ ~/.julia/packages/DataFrames/GtZ1l/test/select.jl:1104
Test Summary: | Pass  Fail  Total
AsTable tests |   11     3     14
	[1m[31mFAILED[0m: select.jl
LoadError: Some tests did not pass: 11 passed, 3 failed, 0 errored, 0 broken.
in expression starting at /home/pkgeval/.julia/packages/DataFrames/GtZ1l/test/select.jl:1
Test Summary:         | Pass  Total
the output of unstack |   27     27
Test Summary:                               | Pass  Total
unstack promotion to support missing values |    8      8
Test Summary:                         | Pass  Total
duplicate entries in unstack warnings |    9      9
Test Summary:            | Pass  Total
missing values in colkey |    6      6
Test Summary:             | Pass  Total
stack-unstack correctness |    4      4
Test Summary: | Pass  Total
reshape       |   78     78
Test Summary:           | Pass  Total
column names duplicates |    5      5
Test Summary:         | Pass  Total
flatten single column |   13     13
Test Summary:            | Pass  Total
flatten multiple columns |   12     12
Test Summary:                       | Pass  Total
test RepeatedVector for categorical |    6      6
Test Summary:          | Pass  Total
stack categorical test |   31     31
Test Summary:     | Pass  Total
test stack eltype |    8      8
	[1m[32mPASSED[0m: reshape.jl
Test Summary: | Pass  Total
constructors  |   28     28
Test Summary:          | Pass  Total
getindex and setindex! |   53     53
Test Summary: | Pass  Total
equality      |   17     17
Test Summary: | Pass  Total
isless        |   13     13
Test Summary: | Pass  Total
hashing       |    6      6
Test Summary: | Pass  Total
grouping      |    6      6
Test Summary:                               | Pass  Total
getproperty, setproperty! and propertynames |    6      6
Test Summary:                    | Pass  Total
keys, values and iteration, size |   31     31
Test Summary:           | Pass  Total
convert, copy and merge |   24     24
Test Summary:            | Pass  Total
parent and parentindices |   34     34
Test Summary:         | Pass  Total
iteration and collect |   10     10
Test Summary:    | Pass  Total
duplicate column |    2      2
Test Summary:        | Pass  Total
conversion and push! |   15     15
Test Summary: | Pass  Total
show          |   11     11
Test Summary:     | Pass  Total
check Vector type |    1      1
Test Summary: | Pass  Total
DataFrameRow  |    2      2
	[1m[32mPASSED[0m: dataframerow.jl
Test Summary: | Pass  Total
LaTeX export  |    4      4
Test Summary:     | Pass  Total
Huge LaTeX export |    2      2
Test Summary: | Pass  Total
HTML output   |   10     10
Test Summary:   | Pass  Total
limit attribute |    2      2
Test Summary: | Pass  Total
printtable    |    1      1
Test Summary:  | Pass  Total
csv/tsv output |    6      6
Test Summary:                     | Pass  Total
empty data frame and DataFrameRow |   12     12
Test Summary: | Pass  Total
consistency   |    8      8
Test Summary: | Pass  Total
summary tests |   16     16
Test Summary: | Pass  Total
eltypes tests |   18     18
Test Summary:                      | Pass  Total
improved printing of special types |    8      8
	[1m[32mPASSED[0m: io.jl
Test Summary: | Pass  Total
constructors  |   72     72
Test Summary:                          | Pass  Total
DataFrame keyword argument constructor |   22     22
Test Summary:         | Pass  Total
DataFrame constructor |   21     21
Test Summary:    | Pass  Total
pair constructor |   22     22
Test Summary: | Pass  Total
associative   |   18     18
Test Summary:       | Pass  Total
vector constructors |   91     91
Test Summary: | Pass  Total
recyclers     |    4      4
Test Summary:                 | Pass  Total
constructor thrown exceptions |   17     17
Test Summary: | Pass  Total
column types  |    3      3
Test Summary:      | Pass  Total
Matrix constructor |    4      4
Test Summary:          | Pass  Total
constructor with types |   33     33
Test Summary:                             | Pass  Total
expansion of Ref and 0-dimensional arrays |    2      2
Test Summary:            | Pass  Total
broadcasting into 0 rows |    6      6
	[1m[32mPASSED[0m: constructors.jl
Test Summary:    | Pass  Total
Conversion tests |   72     72
	[1m[32mPASSED[0m: conversions.jl
Test Summary:  | Pass  Total
standard tests |  189    189
Test Summary:          | Pass  Total
non standard selectors |    4      4
	[1m[32mPASSED[0m: sort.jl
Test Summary: | Pass  Total
parent        |    3      3
Test Summary: | Pass  Total
consistency   |    2      2
Test Summary:    | Pass  Total
accepted columns |    8      8
Test Summary:                                       | Pass  Total
groupby and combine(::Function, ::GroupedDataFrame) | 1160   1160
Test Summary:          | Pass  Total
grouping with missings | 1372   1372
Test Summary:            | Pass  Total
grouping with three keys | 2906   2906
Test Summary:                 | Pass  Total
grouping with hash collisions |    2      2
Test Summary:               | Pass  Total
combine with pair interface |  141    141
Test Summary:                                                                     | Pass  Total
combine with aggregation functions (skipmissing=false, sort=false, indices=false) |  370    370
Test Summary:                                                                    | Pass  Total
combine with aggregation functions (skipmissing=false, sort=false, indices=true) |  471    471
Test Summary:                                                                    | Pass  Total
combine with aggregation functions (skipmissing=false, sort=true, indices=false) |  370    370
Test Summary:                                                                   | Pass  Total
combine with aggregation functions (skipmissing=false, sort=true, indices=true) |  471    471
Test Summary:                                                                    | Pass  Total
combine with aggregation functions (skipmissing=true, sort=false, indices=false) |  370    370
Test Summary:                                                                   | Pass  Total
combine with aggregation functions (skipmissing=true, sort=false, indices=true) |  471    471
Test Summary:                                                                   | Pass  Total
combine with aggregation functions (skipmissing=true, sort=true, indices=false) |  370    370
Test Summary:                                                                  | Pass  Total
combine with aggregation functions (skipmissing=true, sort=true, indices=true) |  471    471
Test Summary:                                 | Pass  Total
combine with columns named like grouping keys |   17     17
Test Summary:      | Pass  Total
iteration protocol |    4      4
Test Summary:                  | Pass  Total
type stability of index fields |    1      1
Test Summary:       | Pass  Total
Array-like getindex |   41     41
Test Summary:  | Pass  Total
== and isequal |   19     19
Test Summary: | Pass  Total
show          |   15     15
Test Summary: | Pass  Total
DataFrame     |   24     24
Test Summary:                          | Pass  Total
groupindices, groupcols, and valuecols |   28     28
Test Summary:               | Pass  Total
non standard cols arguments |   35     35
Test Summary:                         | Pass  Total
GroupedDataFrame dictionary interface |   36     36
Test Summary:          | Pass  Total
GroupKey and GroupKeys |  149    149
Test Summary:                                | Pass  Total
GroupedDataFrame indexing with array of keys |  240    240
Test Summary:                       | Pass  Total
InvertedIndex with GroupedDataFrame |   33     33
Test Summary:                            | Pass  Total
GroupedDataFrame array index homogeneity |   49     49
Test Summary:                  | Pass  Total
Parent DataFrame names changed |   18     18
Test Summary:       | Pass  Total
haskey for GroupKey |   26     26
Test Summary:                     | Pass  Total
Check aggregation of DataFrameRow |    4      4
Test Summary:                                             | Pass  Total
Allow returning DataFrame() or NamedTuple() to drop group | 3026   3026
Test Summary:                              | Pass  Total
auto-splatting, ByRow, and column renaming |    9      9
Test Summary:                   | Pass  Total
hard tabular return value cases |   26     26
Test Summary:                                   | Pass  Total
last Pair interface with multiple return values |    8      8
Test Summary: | Pass  Total
keepkeys      |    3      3
Test Summary:            | Pass  Total
additional do_call tests |   13     13
WARNING: Method definition f1(Any) in module TestGrouping at /home/pkgeval/.julia/packages/DataFrames/GtZ1l/test/grouping.jl:1786 overwritten at /home/pkgeval/.julia/packages/DataFrames/GtZ1l/test/grouping.jl:1790.
WARNING: Method definition f2(Any) in module TestGrouping at /home/pkgeval/.julia/packages/DataFrames/GtZ1l/test/grouping.jl:1787 overwritten at /home/pkgeval/.julia/packages/DataFrames/GtZ1l/test/grouping.jl:1791.
WARNING: Method definition f1(Any) in module TestGrouping at /home/pkgeval/.julia/packages/DataFrames/GtZ1l/test/grouping.jl:1790 overwritten at /home/pkgeval/.julia/packages/DataFrames/GtZ1l/test/grouping.jl:1795.
WARNING: Method definition f2(Any) in module TestGrouping at /home/pkgeval/.julia/packages/DataFrames/GtZ1l/test/grouping.jl:1791 overwritten at /home/pkgeval/.julia/packages/DataFrames/GtZ1l/test/grouping.jl:1796.
Test Summary:                                              | Pass  Total
mixing of different return lengths and pseudo-broadcasting |  101    101
Test Summary:   | Pass  Total
passing columns |   27     27
Test Summary:              | Pass  Total
correct dropping of groups |   10     10
Test Summary: | Pass  Total
AsTable tests |   14     14
Test Summary:                  | Pass  Total
test correctness of ungrouping |    5      5
Test Summary:            | Pass  Total
combine GroupedDataFrame |  138    138
Test Summary:                         | Pass  Total
select and transform GroupedDataFrame |  320    320
Test Summary:                           | Pass  Total
select! and transform! GroupedDataFrame |  144    144
Test Summary:                         | Pass  Total
group ordering after select/transform |   16     16
Test Summary:                                     | Pass  Total
handling empty data frame / selectors / groupcols |   89     89
Test Summary:                          | Pass  Total
groupcols order after select/transform |    8      8
corner cases of group_reduce: Test Failed at /home/pkgeval/.julia/packages/DataFrames/GtZ1l/test/grouping.jl:2371
  Expression: combine(gdf, :x => sum âˆ˜ skipmissing) == DataFrame(g = 1:2, x_function = [3.0, 4.5])
   Evaluated: 2Ã—2 DataFrame
â”‚ Row â”‚ g     â”‚ x_ComposedFunction â”‚
â”‚     â”‚ Int64 â”‚ Float64            â”‚
â”œâ”€â”€â”€â”€â”€â”¼â”€â”€â”€â”€â”€â”€â”€â”¼â”€â”€â”€â”€â”€â”€â”€â”€â”€â”€â”€â”€â”€â”€â”€â”€â”€â”€â”€â”€â”¤
â”‚ 1   â”‚ 1     â”‚ 3.0                â”‚
â”‚ 2   â”‚ 2     â”‚ 4.5                â”‚ == 2Ã—2 DataFrame
â”‚ Row â”‚ g     â”‚ x_function â”‚
â”‚     â”‚ Int64 â”‚ Float64    â”‚
â”œâ”€â”€â”€â”€â”€â”¼â”€â”€â”€â”€â”€â”€â”€â”¼â”€â”€â”€â”€â”€â”€â”€â”€â”€â”€â”€â”€â”¤
â”‚ 1   â”‚ 1     â”‚ 3.0        â”‚
â”‚ 2   â”‚ 2     â”‚ 4.5        â”‚
Stacktrace:
 [1] top-level scope
   @ ~/.julia/packages/DataFrames/GtZ1l/test/grouping.jl:2371
 [2] top-level scope
   @ /buildworker/worker/package_linux64/build/usr/share/julia/stdlib/v1.6/Test/src/Test.jl:1144
 [3] top-level scope
   @ ~/.julia/packages/DataFrames/GtZ1l/test/grouping.jl:2368
corner cases of group_reduce: Test Failed at /home/pkgeval/.julia/packages/DataFrames/GtZ1l/test/grouping.jl:2373
  Expression: combine(gdf, :x => mean âˆ˜ skipmissing) == DataFrame(g = 1:2, x_function = [1.0, 1.5])
   Evaluated: 2Ã—2 DataFrame
â”‚ Row â”‚ g     â”‚ x_ComposedFunction â”‚
â”‚     â”‚ Int64 â”‚ Float64            â”‚
â”œâ”€â”€â”€â”€â”€â”¼â”€â”€â”€â”€â”€â”€â”€â”¼â”€â”€â”€â”€â”€â”€â”€â”€â”€â”€â”€â”€â”€â”€â”€â”€â”€â”€â”€â”€â”¤
â”‚ 1   â”‚ 1     â”‚ 1.0                â”‚
â”‚ 2   â”‚ 2     â”‚ 1.5                â”‚ == 2Ã—2 DataFrame
â”‚ Row â”‚ g     â”‚ x_function â”‚
â”‚     â”‚ Int64 â”‚ Float64    â”‚
â”œâ”€â”€â”€â”€â”€â”¼â”€â”€â”€â”€â”€â”€â”€â”¼â”€â”€â”€â”€â”€â”€â”€â”€â”€â”€â”€â”€â”¤
â”‚ 1   â”‚ 1     â”‚ 1.0        â”‚
â”‚ 2   â”‚ 2     â”‚ 1.5        â”‚
Stacktrace:
 [1] top-level scope
   @ ~/.julia/packages/DataFrames/GtZ1l/test/grouping.jl:2373
 [2] top-level scope
   @ /buildworker/worker/package_linux64/build/usr/share/julia/stdlib/v1.6/Test/src/Test.jl:1144
 [3] top-level scope
   @ ~/.julia/packages/DataFrames/GtZ1l/test/grouping.jl:2368
corner cases of group_reduce: Test Failed at /home/pkgeval/.julia/packages/DataFrames/GtZ1l/test/grouping.jl:2375
  Expression: combine(gdf, :x => var âˆ˜ skipmissing) == DataFrame(g = 1:2, x_function = [0.0, 0.0])
   Evaluated: 2Ã—2 DataFrame
â”‚ Row â”‚ g     â”‚ x_ComposedFunction â”‚
â”‚     â”‚ Int64 â”‚ Float64            â”‚
â”œâ”€â”€â”€â”€â”€â”¼â”€â”€â”€â”€â”€â”€â”€â”¼â”€â”€â”€â”€â”€â”€â”€â”€â”€â”€â”€â”€â”€â”€â”€â”€â”€â”€â”€â”€â”¤
â”‚ 1   â”‚ 1     â”‚ 0.0                â”‚
â”‚ 2   â”‚ 2     â”‚ 0.0                â”‚ == 2Ã—2 DataFrame
â”‚ Row â”‚ g     â”‚ x_function â”‚
â”‚     â”‚ Int64 â”‚ Float64    â”‚
â”œâ”€â”€â”€â”€â”€â”¼â”€â”€â”€â”€â”€â”€â”€â”¼â”€â”€â”€â”€â”€â”€â”€â”€â”€â”€â”€â”€â”¤
â”‚ 1   â”‚ 1     â”‚ 0.0        â”‚
â”‚ 2   â”‚ 2     â”‚ 0.0        â”‚
Stacktrace:
 [1] top-level scope
   @ ~/.julia/packages/DataFrames/GtZ1l/test/grouping.jl:2375
 [2] top-level scope
   @ /buildworker/worker/package_linux64/build/usr/share/julia/stdlib/v1.6/Test/src/Test.jl:1144
 [3] top-level scope
   @ ~/.julia/packages/DataFrames/GtZ1l/test/grouping.jl:2368
corner cases of group_reduce: Test Failed at /home/pkgeval/.julia/packages/DataFrames/GtZ1l/test/grouping.jl:2380
  Expression: combine(gdf, :x => sum âˆ˜ skipmissing) == DataFrame(g = 1:2, x_function = [3, 2])
   Evaluated: 2Ã—2 DataFrame
â”‚ Row â”‚ g     â”‚ x_ComposedFunction â”‚
â”‚     â”‚ Int64 â”‚ Int64              â”‚
â”œâ”€â”€â”€â”€â”€â”¼â”€â”€â”€â”€â”€â”€â”€â”¼â”€â”€â”€â”€â”€â”€â”€â”€â”€â”€â”€â”€â”€â”€â”€â”€â”€â”€â”€â”€â”¤
â”‚ 1   â”‚ 1     â”‚ 3                  â”‚
â”‚ 2   â”‚ 2     â”‚ 2                  â”‚ == 2Ã—2 DataFrame
â”‚ Row â”‚ g     â”‚ x_function â”‚
â”‚     â”‚ Int64 â”‚ Int64      â”‚
â”œâ”€â”€â”€â”€â”€â”¼â”€â”€â”€â”€â”€â”€â”€â”¼â”€â”€â”€â”€â”€â”€â”€â”€â”€â”€â”€â”€â”¤
â”‚ 1   â”‚ 1     â”‚ 3          â”‚
â”‚ 2   â”‚ 2     â”‚ 2          â”‚
Stacktrace:
 [1] top-level scope
   @ ~/.julia/packages/DataFrames/GtZ1l/test/grouping.jl:2380
 [2] top-level scope
   @ /buildworker/worker/package_linux64/build/usr/share/julia/stdlib/v1.6/Test/src/Test.jl:1144
 [3] top-level scope
   @ ~/.julia/packages/DataFrames/GtZ1l/test/grouping.jl:2368
corner cases of group_reduce: Test Failed at /home/pkgeval/.julia/packages/DataFrames/GtZ1l/test/grouping.jl:2382
  Expression: combine(gdf, :x => mean âˆ˜ skipmissing) == DataFrame(g = 1:2, x_function = [1.0, 1.0])
   Evaluated: 2Ã—2 DataFrame
â”‚ Row â”‚ g     â”‚ x_ComposedFunction â”‚
â”‚     â”‚ Int64 â”‚ Float64            â”‚
â”œâ”€â”€â”€â”€â”€â”¼â”€â”€â”€â”€â”€â”€â”€â”¼â”€â”€â”€â”€â”€â”€â”€â”€â”€â”€â”€â”€â”€â”€â”€â”€â”€â”€â”€â”€â”¤
â”‚ 1   â”‚ 1     â”‚ 1.0                â”‚
â”‚ 2   â”‚ 2     â”‚ 1.0                â”‚ == 2Ã—2 DataFrame
â”‚ Row â”‚ g     â”‚ x_function â”‚
â”‚     â”‚ Int64 â”‚ Float64    â”‚
â”œâ”€â”€â”€â”€â”€â”¼â”€â”€â”€â”€â”€â”€â”€â”¼â”€â”€â”€â”€â”€â”€â”€â”€â”€â”€â”€â”€â”¤
â”‚ 1   â”‚ 1     â”‚ 1.0        â”‚
â”‚ 2   â”‚ 2     â”‚ 1.0        â”‚
Stacktrace:
 [1] top-level scope
   @ ~/.julia/packages/DataFrames/GtZ1l/test/grouping.jl:2382
 [2] top-level scope
   @ /buildworker/worker/package_linux64/build/usr/share/julia/stdlib/v1.6/Test/src/Test.jl:1144
 [3] top-level scope
   @ ~/.julia/packages/DataFrames/GtZ1l/test/grouping.jl:2368
corner cases of group_reduce: Test Failed at /home/pkgeval/.julia/packages/DataFrames/GtZ1l/test/grouping.jl:2384
  Expression: combine(gdf, :x => var âˆ˜ skipmissing) == DataFrame(g = 1:2, x_function = [0.0, 0.0])
   Evaluated: 2Ã—2 DataFrame
â”‚ Row â”‚ g     â”‚ x_ComposedFunction â”‚
â”‚     â”‚ Int64 â”‚ Float64            â”‚
â”œâ”€â”€â”€â”€â”€â”¼â”€â”€â”€â”€â”€â”€â”€â”¼â”€â”€â”€â”€â”€â”€â”€â”€â”€â”€â”€â”€â”€â”€â”€â”€â”€â”€â”€â”€â”¤
â”‚ 1   â”‚ 1     â”‚ 0.0                â”‚
â”‚ 2   â”‚ 2     â”‚ 0.0                â”‚ == 2Ã—2 DataFrame
â”‚ Row â”‚ g     â”‚ x_function â”‚
â”‚     â”‚ Int64 â”‚ Float64    â”‚
â”œâ”€â”€â”€â”€â”€â”¼â”€â”€â”€â”€â”€â”€â”€â”¼â”€â”€â”€â”€â”€â”€â”€â”€â”€â”€â”€â”€â”¤
â”‚ 1   â”‚ 1     â”‚ 0.0        â”‚
â”‚ 2   â”‚ 2     â”‚ 0.0        â”‚
Stacktrace:
 [1] top-level scope
   @ ~/.julia/packages/DataFrames/GtZ1l/test/grouping.jl:2384
 [2] top-level scope
   @ /buildworker/worker/package_linux64/build/usr/share/julia/stdlib/v1.6/Test/src/Test.jl:1144
 [3] top-level scope
   @ ~/.julia/packages/DataFrames/GtZ1l/test/grouping.jl:2368
corner cases of group_reduce: Test Failed at /home/pkgeval/.julia/packages/DataFrames/GtZ1l/test/grouping.jl:2389
  Expression: combine(gdf, :x => sum âˆ˜ skipmissing) == DataFrame(g = 1:2, x_function = [3, 2])
   Evaluated: 2Ã—2 DataFrame
â”‚ Row â”‚ g     â”‚ x_ComposedFunction â”‚
â”‚     â”‚ Int64 â”‚ Int64              â”‚
â”œâ”€â”€â”€â”€â”€â”¼â”€â”€â”€â”€â”€â”€â”€â”¼â”€â”€â”€â”€â”€â”€â”€â”€â”€â”€â”€â”€â”€â”€â”€â”€â”€â”€â”€â”€â”¤
â”‚ 1   â”‚ 1     â”‚ 3                  â”‚
â”‚ 2   â”‚ 2     â”‚ 2                  â”‚ == 2Ã—2 DataFrame
â”‚ Row â”‚ g     â”‚ x_function â”‚
â”‚     â”‚ Int64 â”‚ Int64      â”‚
â”œâ”€â”€â”€â”€â”€â”¼â”€â”€â”€â”€â”€â”€â”€â”¼â”€â”€â”€â”€â”€â”€â”€â”€â”€â”€â”€â”€â”¤
â”‚ 1   â”‚ 1     â”‚ 3          â”‚
â”‚ 2   â”‚ 2     â”‚ 2          â”‚
Stacktrace:
 [1] top-level scope
   @ ~/.julia/packages/DataFrames/GtZ1l/test/grouping.jl:2389
 [2] top-level scope
   @ /buildworker/worker/package_linux64/build/usr/share/julia/stdlib/v1.6/Test/src/Test.jl:1144
 [3] top-level scope
   @ ~/.julia/packages/DataFrames/GtZ1l/test/grouping.jl:2368
corner cases of group_reduce: Test Failed at /home/pkgeval/.julia/packages/DataFrames/GtZ1l/test/grouping.jl:2391
  Expression: combine(gdf, :x => mean âˆ˜ skipmissing) == DataFrame(g = 1:2, x_function = [1.0, 1.0])
   Evaluated: 2Ã—2 DataFrame
â”‚ Row â”‚ g     â”‚ x_ComposedFunction â”‚
â”‚     â”‚ Int64 â”‚ Float64            â”‚
â”œâ”€â”€â”€â”€â”€â”¼â”€â”€â”€â”€â”€â”€â”€â”¼â”€â”€â”€â”€â”€â”€â”€â”€â”€â”€â”€â”€â”€â”€â”€â”€â”€â”€â”€â”€â”¤
â”‚ 1   â”‚ 1     â”‚ 1.0                â”‚
â”‚ 2   â”‚ 2     â”‚ 1.0                â”‚ == 2Ã—2 DataFrame
â”‚ Row â”‚ g     â”‚ x_function â”‚
â”‚     â”‚ Int64 â”‚ Float64    â”‚
â”œâ”€â”€â”€â”€â”€â”¼â”€â”€â”€â”€â”€â”€â”€â”¼â”€â”€â”€â”€â”€â”€â”€â”€â”€â”€â”€â”€â”¤
â”‚ 1   â”‚ 1     â”‚ 1.0        â”‚
â”‚ 2   â”‚ 2     â”‚ 1.0        â”‚
Stacktrace:
 [1] top-level scope
   @ ~/.julia/packages/DataFrames/GtZ1l/test/grouping.jl:2391
 [2] top-level scope
   @ /buildworker/worker/package_linux64/build/usr/share/julia/stdlib/v1.6/Test/src/Test.jl:1144
 [3] top-level scope
   @ ~/.julia/packages/DataFrames/GtZ1l/test/grouping.jl:2368
corner cases of group_reduce: Test Failed at /home/pkgeval/.julia/packages/DataFrames/GtZ1l/test/grouping.jl:2393
  Expression: combine(gdf, :x => var âˆ˜ skipmissing) == DataFrame(g = 1:2, x_function = [0.0, 0.0])
   Evaluated: 2Ã—2 DataFrame
â”‚ Row â”‚ g     â”‚ x_ComposedFunction â”‚
â”‚     â”‚ Int64 â”‚ Float64            â”‚
â”œâ”€â”€â”€â”€â”€â”¼â”€â”€â”€â”€â”€â”€â”€â”¼â”€â”€â”€â”€â”€â”€â”€â”€â”€â”€â”€â”€â”€â”€â”€â”€â”€â”€â”€â”€â”¤
â”‚ 1   â”‚ 1     â”‚ 0.0                â”‚
â”‚ 2   â”‚ 2     â”‚ 0.0                â”‚ == 2Ã—2 DataFrame
â”‚ Row â”‚ g     â”‚ x_function â”‚
â”‚     â”‚ Int64 â”‚ Float64    â”‚
â”œâ”€â”€â”€â”€â”€â”¼â”€â”€â”€â”€â”€â”€â”€â”¼â”€â”€â”€â”€â”€â”€â”€â”€â”€â”€â”€â”€â”¤
â”‚ 1   â”‚ 1     â”‚ 0.0        â”‚
â”‚ 2   â”‚ 2     â”‚ 0.0        â”‚
Stacktrace:
 [1] top-level scope
   @ ~/.julia/packages/DataFrames/GtZ1l/test/grouping.jl:2393
 [2] top-level scope
   @ /buildworker/worker/package_linux64/build/usr/share/julia/stdlib/v1.6/Test/src/Test.jl:1144
 [3] top-level scope
   @ ~/.julia/packages/DataFrames/GtZ1l/test/grouping.jl:2368
corner cases of group_reduce: Test Failed at /home/pkgeval/.julia/packages/DataFrames/GtZ1l/test/grouping.jl:2432
  Expression: combine(gdf, :x => sum âˆ˜ skipmissing) == DataFrame(g = 1, x_function = 0)
   Evaluated: 1Ã—2 DataFrame
â”‚ Row â”‚ g     â”‚ x_ComposedFunction â”‚
â”‚     â”‚ Int64 â”‚ Int64              â”‚
â”œâ”€â”€â”€â”€â”€â”¼â”€â”€â”€â”€â”€â”€â”€â”¼â”€â”€â”€â”€â”€â”€â”€â”€â”€â”€â”€â”€â”€â”€â”€â”€â”€â”€â”€â”€â”¤
â”‚ 1   â”‚ 1     â”‚ 0                  â”‚ == 1Ã—2 DataFrame
â”‚ Row â”‚ g     â”‚ x_function â”‚
â”‚     â”‚ Int64 â”‚ Int64      â”‚
â”œâ”€â”€â”€â”€â”€â”¼â”€â”€â”€â”€â”€â”€â”€â”¼â”€â”€â”€â”€â”€â”€â”€â”€â”€â”€â”€â”€â”¤
â”‚ 1   â”‚ 1     â”‚ 0          â”‚
Stacktrace:
 [1] top-level scope
   @ ~/.julia/packages/DataFrames/GtZ1l/test/grouping.jl:2432
 [2] top-level scope
   @ /buildworker/worker/package_linux64/build/usr/share/julia/stdlib/v1.6/Test/src/Test.jl:1144
 [3] top-level scope
   @ ~/.julia/packages/DataFrames/GtZ1l/test/grouping.jl:2368
Test Summary:                | Pass  Fail  Total
corner cases of group_reduce |   62    10     72
	[1m[31mFAILED[0m: grouping.jl
LoadError: Some tests did not pass: 62 passed, 10 failed, 0 errored, 0 broken.
in expression starting at /home/pkgeval/.julia/packages/DataFrames/GtZ1l/test/grouping.jl:1
Test Summary: | Pass  Total
join types    |   17     17
Test Summary:       | Pass  Total
Test empty inputs 1 |   21     21
Test Summary:       | Pass  Total
Test empty inputs 2 |   21     21
Test Summary: | Pass  Total
issue #960    |    4      4
Test Summary: | Pass  Total
all joins     |   30     30
Test Summary:                    | Pass  Total
all joins with CategoricalArrays |   32     32
Test Summary:                                                     | Pass  Total
maintain CategoricalArray levels ordering on join - non-`on` cols |    6      6
Test Summary:                                                          | Pass  Total
maintain CategoricalArray levels ordering on join - ordering conflicts |   10     10
Test Summary:                                                           | Pass  Total
maintain CategoricalArray levels ordering on join - left is categorical |   10     10
Test Summary:                                   | Pass  Total
join on columns with different left/right names |   18     18
Test Summary:                  | Pass  Total
join with a column of type Any |   16     16
Test Summary:                                       | Pass  Total
joins with categorical columns and no matching rows |   24     24
Test Summary:     | Pass  Total
indicator columns |    4      4
Test Summary:                       | Pass  Total
test checks of merge key uniqueness |   18     18
Test Summary: | Pass  Total
consistency   |    3      3
Test Summary:         | Pass  Total
multi data frame join |   10     10
Test Summary:       | Pass  Total
flexible on in join |    4      4
Test Summary:             | Pass  Total
check naming of indicator |    6      6
Test Summary:                      | Pass  Total
validate error message composition |   47     47
	[1m[32mPASSED[0m: join.jl
Test Summary:       | Pass  Total
eachrow and eachcol |   34     34
Test Summary: | Pass  Total
mapcols       |    9      9
Test Summary: | Pass  Total
mapcols!      |    9      9
Test Summary: | Pass  Total
SubDataFrame  |    5      5
Test Summary:   | Pass  Total
parent mutation |    4      4
Test Summary:                 | Pass  Total
getproperty and propertynames |   22     22
Test Summary:             |
overload Compat functions | No tests
Test Summary:              | Pass  Total
keys and pairs for eachcol |   10     10
	[1m[32mPASSED[0m: iteration.jl
Test Summary: | Pass  Total
nonunique     |   18     18
	[1m[32mPASSED[0m: duplicates.jl
Test Summary:                            | Pass  Total
Basic show test with allrows and allcols |    9      9
Test Summary:    | Pass  Total
displaysize test |    4      4
Test Summary:             | Pass  Total
IOContext parameters test |    2      2
Test Summary:          | Pass  Total
SubDataFrame show test |    1      1
Test Summary:                                 | Pass  Total
Test showing StackedVector and RepeatedVector |    3      3
Test Summary:                                            | Pass  Total
Test colors and non-standard values: missing and nothing |    3      3
Test Summary:                  | Pass  Total
Test correct width computation |    1      1
Test Summary:              | Pass  Total
Test showing special types |    5      5
Test Summary:                              | Pass  Total
Test using :compact parameter of IOContext |    2      2
Test Summary:                              | Pass  Total
Test of DataFrameRows and DataFrameColumns |    4      4
Test Summary:                          | Pass  Total
Test empty data frame and DataFrameRow |    3      3
Test Summary: | Pass  Total
consistency   |    2      2
Test Summary:  | Pass  Total
wide type name |    6      6
Test Summary:  | Pass  Total
wide type name |    2      2
Test Summary: | Pass  Total
UnionAll      |    1      1
	[1m[32mPASSED[0m: show.jl
Test Summary:       | Pass  Total
copy - SubDataFrame |    5      5
Test Summary:     | Pass  Total
view -- DataFrame |   77     77
Test Summary:        | Pass  Total
view -- SubDataFrame |   62     62
Test Summary:                               | Pass  Total
getproperty, setproperty! and propertynames |    8      8
Test Summary: | Pass  Total
index         |   11     11
Test Summary: | Pass  Total
delete!       |    1      1
Test Summary: | Pass  Total
parent        |    6      6
Test Summary:    | Pass  Total
duplicate column |    1      1
Test Summary:           | Pass  Total
conversion to DataFrame |   12     12
Test Summary:     | Pass  Total
setindex! in view |    4      4
	[1m[32mPASSED[0m: subdataframe.jl
Test Summary: | Pass  Total
Tables        |  101    101
Test Summary: | Pass  Total
DataFrame!    |    9      9
Test Summary: | Pass  Total
columnindex   |    2      2
Test Summary:                   | Pass  Total
eachrow and eachcol integration |   29     29
	[1m[32mPASSED[0m: tables.jl
Test Summary: | Pass  Total
TableTraits   |   10     10
	[1m[32mPASSED[0m: tabletraits.jl
Test Summary:      | Pass  Total
getindex DataFrame |   87     87
Test Summary:       | Pass  Total
getindex df[!, col] |   13     13
Test Summary:  | Pass  Total
view DataFrame |  131    131
Test Summary:         | Pass  Total
getindex SubDataFrame |  140    140
Test Summary:     | Pass  Total
view SubDataFrame |  143    143
Test Summary:         | Pass  Total
getindex DataFrameRow |   22     22
Test Summary:     | Pass  Total
view DataFrameRow |   25     25
Test Summary:                             | Pass  Total
additional tests of post-! getindex rules |  230    230
Test Summary:          | Pass  Total
setindex! on DataFrame |  100    100
Test Summary:             | Pass  Total
setindex! on SubDataFrame |  240    240
Test Summary:             | Pass  Total
setindex! on DataFrameRow |  101    101
Test Summary:                           | Pass  Total
setindex! with ! or : and multiple cols |   24     24
Test Summary:              | Pass  Total
additional setindex! tests |    5      5
Test Summary:      | Pass  Total
invalid view tests |   28     28
Test Summary:   | Pass  Total
string indexing |  115    115
Test Summary:              | Pass  Total
setindex! for DataFrameRow |   12     12
Test Summary:       | Pass  Total
begin and end tests |   18     18
	[1m[32mPASSED[0m: indexing.jl
Test Summary:  | Pass  Total
CartesianIndex |   24     24
Test Summary:                             | Pass  Total
broadcasting of AbstractDataFrame objects |   28     28
Test Summary:                                               | Pass  Total
broadcasting of AbstractDataFrame objects thrown exceptions |   10     10
Test Summary:          | Pass  Total
broadcasting expansion |    5      5
Test Summary:                                          | Pass  Total
broadcasting of AbstractDataFrame objects corner cases |   34     34
Test Summary:                                                               | Pass  Total
normal data frame and data frame row in broadcasted assignment - one column |  117    117
Test Summary:                                                                 | Pass  Total
normal data frame and data frame view in broadcasted assignment - two columns |  104    104
Test Summary:                                       | Pass  Total
assignment to a whole data frame and data frame row |    8      8
Test Summary:                                               | Pass  Total
extending data frame in broadcasted assignment - one column |   40     40
Test Summary:                | Pass  Total
empty data frame corner case |  191    191
Test Summary:           | Pass  Total
test categorical values |  126    126
Test Summary:       | Pass  Total
scalar broadcasting |    3      3
Test Summary:      | Pass  Total
tuple broadcasting |    8      8
Test Summary:             | Pass  Total
scalar on assignment side |    4      4
Test Summary: | Pass  Total
nothing test  |    4      4
Test Summary: | Pass  Total
aliasing test |  154    154
Test Summary: | Pass  Total
@. test       |    2      2
Test Summary:     | Pass  Total
test common cases |   11     11
Test Summary:                                             | Pass  Total
data frame only on left hand side broadcasting assignment |   26     26
Test Summary:                          | Pass  Total
broadcasting with 3-dimensional object |    4      4
Test Summary:                                  | Pass  Total
additional checks of post-! broadcasting rules |  168    168
Test Summary:                                   | Pass  Total
DataFrameRow getproperty broadcasted assignment |    8      8
Test Summary:                                | Pass  Total
make sure that : is in place and ! allocates |   10     10
Test Summary:                                            | Pass  Total
add new correct rules for df[row, col] .= v broadcasting |   12     12
Test Summary:                 | Pass  Total
broadcasting into df[!, cols] |  223    223
Test Summary:                          | Pass  Total
broadcasting over heterogenous columns |    1      1
Test Summary:        | Pass  Total
@views on df[!, col] |    3      3
Test Summary:                      | Pass  Total
broadcasting of df[:, col] = value |   12     12
	[1m[32mPASSED[0m: broadcasting.jl
Test Summary: | Pass  Total
iteration     |   12     12
Test Summary: | Pass  Total
joins         |   24     24
Test Summary: | Pass  Total
reshape       |    6      6
Test Summary: | Pass  Total
selection     |   13     13
Test Summary: | Pass  Total
tables        |    4      4
Test Summary:       | Pass  Total
split-apply-combine |   15     15
Test Summary: | Pass  Total
DataFrameRow  |   13     13
Test Summary:                        | Pass  Total
names, propertynames and hasproperty |   43     43
Test Summary:     | Pass  Total
append! and push! |    5      5
	[1m[32mPASSED[0m: string.jl
Test Summary:            | Pass  Total
deprecated tuple in sort |    5      5
Test Summary:           | Pass  Total
categorical constructor |    3      3
Test Summary:          | Pass  Total
DataFrame constructors |   42     42
Test Summary: | Pass  Total
colwise       |   29     29
Test Summary: | Pass  Total
empty!        |    5      5
Test Summary:              | Pass  Total
deletecols and deletecols! |    7      7
Test Summary: | Pass  Total
haskey        |    7      7
Test Summary:                                        | Pass  Total
df[col] and df[col] for getindex, view, and setindex |  132    132
Test Summary: | Pass  Total
eltypes       |    1      1
Test Summary: | Pass  Total
melt          |   22     22
Test Summary: | Pass  Total
insertcols!   |    1      1
Test Summary: | Pass  Total
join          |    3      3
Test Summary:     | Pass  Total
eachcol(df, true) |   44     44
Test Summary:         | Pass  Total
deprecated by/combine |   19     19
Test Summary:        | Pass  Total
deprecated aggregate |   23     23
Test Summary:          | Pass  Total
deprecated deleterows! |    1      1
Test Summary:           | Pass  Total
by skipmissing and sort |    4      4
Test Summary:            | Pass  Total
map skipmissing and sort |    8      8
	[1m[32mPASSED[0m: deprecated.jl
ERROR: LoadError: "Tests failed"
Stacktrace:
 [1] top-level scope
   @ ~/.julia/packages/DataFrames/GtZ1l/test/runtests.jl:55
 [2] include(fname::String)
   @ Base.MainInclude ./client.jl:444
 [3] top-level scope
   @ none:6
in expression starting at /home/pkgeval/.julia/packages/DataFrames/GtZ1l/test/runtests.jl:54
     Testing Distances
Status `/tmp/jl_6NgVhW/Project.toml`
  [b4f34e82] Distances v0.9.2
  [6fe1bfb0] OffsetArrays v1.3.1
  [37e2e46d] LinearAlgebra
  [9a3f8284] Random
  [10745b16] Statistics
  [8dfed614] Test
Status `/tmp/jl_6NgVhW/Manifest.toml`
  [b4f34e82] Distances v0.9.2
  [6fe1bfb0] OffsetArrays v1.3.1
  [2a0f44e3] Base64
  [b77e0a4c] InteractiveUtils
  [8f399da3] Libdl
  [37e2e46d] LinearAlgebra
  [56ddb016] Logging
  [d6f4376e] Markdown
  [9a3f8284] Random
  [9e88b42a] Serialization
  [2f01184e] SparseArrays
  [10745b16] Statistics
  [8dfed614] Test
     Testing Running tests...
Test Summary:                            | Pass  Total
PreMetric, SemiMetric, Metric on Float64 |  401    401
Test Summary:                        | Pass  Total
PreMetric, SemiMetric, Metric on F64 |  401    401
Test Summary:      | Pass  Total
individual metrics |  167    167
Test Summary: | Pass  Total
NaN behavior  |    3      3
Test Summary: | Pass  Total
empty vector  |   46     46
Test Summary:              | Pass  Total
DimensionMismatch throwing |   15     15
Test Summary:         | Pass  Total
Different input types |   52     52
Test Summary: | Pass  Total
mahalanobis   |    8      8
Test Summary: | Pass  Total
haversine     |   12     12
Test Summary:             | Pass  Total
bhattacharyya / hellinger |   20     20
Test Summary:                  | Pass  Total
column-wise metrics on Float64 |   93     93
Test Summary:              | Pass  Total
column-wise metrics on F64 |   93     93
Test Summary:               | Pass  Total
pairwise metrics on Float64 |  180    180
Test Summary:           | Pass  Total
pairwise metrics on F64 |  180    180
Test Summary:       | Pass  Total
Euclidean precision |    8      8
Test Summary:  | Pass  Total
non-negativity |    8      8
WARNING: Method definition F(Any) in module Main at /home/pkgeval/.julia/packages/Distances/1CdE2/test/test_dists.jl:606 overwritten at /home/pkgeval/.julia/packages/Distances/1CdE2/test/test_dists.jl:617.
WARNING: Method definition âˆ‡(Any) in module Main at /home/pkgeval/.julia/packages/Distances/1CdE2/test/test_dists.jl:607 overwritten at /home/pkgeval/.julia/packages/Distances/1CdE2/test/test_dists.jl:618.
Test Summary:      | Pass  Total
Bregman Divergence |    4      4
     Testing Distances tests passed 
     Testing Distributions
Status `/tmp/jl_xrqJ8S/Project.toml`
  [49dc2e85] Calculus v0.5.1
  [31c24e10] Distributions v0.23.12
  [1a297f60] FillArrays v0.9.7
  [26cc04aa] FiniteDifferences v0.11.2
  [f6369f11] ForwardDiff v0.10.12
  [09f84164] HypothesisTests v0.10.1
  [682c06a0] JSON v0.21.1
  [90014a1f] PDMats v0.10.1
  [1fd47b50] QuadGK v2.4.1
  [276daf66] SpecialFunctions v0.10.3
  [860ef19b] StableRNGs v1.0.0
  [90137ffa] StaticArrays v0.12.4
  [2913bbd2] StatsBase v0.33.2
  [4c63d2b9] StatsFuns v0.9.5
  [8ba89e20] Distributed
  [37e2e46d] LinearAlgebra
  [de0858da] Printf
  [9a3f8284] Random
  [2f01184e] SparseArrays
  [10745b16] Statistics
  [8dfed614] Test
Status `/tmp/jl_xrqJ8S/Manifest.toml`
  [49dc2e85] Calculus v0.5.1
  [d360d2e6] ChainRulesCore v0.9.17
  [861a8166] Combinatorics v1.0.2
  [bbf7d656] CommonSubexpressions v0.3.0
  [34da2185] Compat v3.20.0
  [e66e0078] CompilerSupportLibraries_jll v0.3.4+0
  [9a962f9c] DataAPI v1.3.0
  [864edb3b] DataStructures v0.18.7
  [163ba53b] DiffResults v1.0.2
  [b552c78f] DiffRules v1.0.1
  [31c24e10] Distributions v0.23.12
  [1a297f60] FillArrays v0.9.7
  [26cc04aa] FiniteDifferences v0.11.2
  [f6369f11] ForwardDiff v0.10.12
  [09f84164] HypothesisTests v0.10.1
  [692b3bcd] JLLWrappers v1.1.2
  [682c06a0] JSON v0.21.1
  [1914dd2f] MacroTools v0.5.5
  [e1d29d7a] Missings v0.4.4
  [46d2c3a1] MuladdMacro v0.2.2
  [77ba4419] NaNMath v0.3.4
  [efe28fd5] OpenSpecFun_jll v0.5.3+4
  [bac558e1] OrderedCollections v1.3.1
  [90014a1f] PDMats v0.10.1
  [69de0a69] Parsers v1.0.11
  [1fd47b50] QuadGK v2.4.1
  [708f8203] Richardson v1.2.0
  [79098fc4] Rmath v0.6.1
  [f50d1b31] Rmath_jll v0.2.2+1
  [f2b01f46] Roots v1.0.5
  [a2af1166] SortingAlgorithms v0.3.1
  [276daf66] SpecialFunctions v0.10.3
  [860ef19b] StableRNGs v1.0.0
  [90137ffa] StaticArrays v0.12.4
  [2913bbd2] StatsBase v0.33.2
  [4c63d2b9] StatsFuns v0.9.5
  [0dad84c5] ArgTools
  [56f22d72] Artifacts
  [2a0f44e3] Base64
  [ade2ca70] Dates
  [8bb1440f] DelimitedFiles
  [8ba89e20] Distributed
  [f43a241f] Downloads
  [b77e0a4c] InteractiveUtils
  [b27032c2] LibCURL
  [deac9b47] LibCURL_jll
  [76f85450] LibGit2
  [8f399da3] Libdl
  [37e2e46d] LinearAlgebra
  [56ddb016] Logging
  [d6f4376e] Markdown
  [a63ad114] Mmap
  [14a3606d] MozillaCACerts_jll
  [44cfe95a] Pkg
  [de0858da] Printf
  [3fa0cd96] REPL
  [9a3f8284] Random
  [ea8e919c] SHA
  [9e88b42a] Serialization
  [1a1011a3] SharedArrays
  [6462fe0b] Sockets
  [2f01184e] SparseArrays
  [10745b16] Statistics
  [4607b0f0] SuiteSparse
  [fa267f1f] TOML
  [8dfed614] Test
  [cf7118a7] UUIDs
  [4ec0a83e] Unicode
     Testing Running tests...
Running tests:
Test Summary: | Pass  Total
Test arcsine  |   29     29
    [Discrete]
    ------------
    testing Truncated(BetaBinomial(10, 0.2, 0.25),3,5)
    testing Truncated(BetaBinomial(10, 2, 2.5),3,5)
    testing Truncated(BetaBinomial(10, 60, 40),3,5)
    testing Truncated(Binomial(5, 0.4),3,5)
    testing Truncated(Binomial(6, 0.8),3,5)
    testing Truncated(Binomial(100, 0.1),3,5)
    testing Truncated(Binomial(100, 0.9),3,5)
    testing Truncated(Binomial(10, 0.0),3,5)
    testing Truncated(Binomial(10, 1.0),3,5)
    testing Truncated(DiscreteUniform(6),3,5)
    testing Truncated(DiscreteUniform(7),3,5)
    testing Truncated(DiscreteUniform(2, 8),3,5)
    testing Truncated(Geometric(),3,5)
    testing Truncated(Geometric(0.02),3,5)
    testing Truncated(Geometric(0.1),3,5)
    testing Truncated(Geometric(0.5),3,5)
    testing Truncated(Geometric(0.9),3,5)
    testing Truncated(NegativeBinomial(),3,5)
    testing Truncated(NegativeBinomial(6),3,5)
    testing Truncated(NegativeBinomial(1, 0.5),3,5)
    testing Truncated(NegativeBinomial(5, 0.6),3,5)
    testing Truncated(NegativeBinomial(0.5, 0.5),3,5)
    testing Truncated(Poisson(),3,5)
    testing Truncated(Poisson(0.5),3,5)
    testing Truncated(Poisson(2.0),3,5)
    testing Truncated(Poisson(10.0),3,5)
    testing Truncated(Poisson(80.0),3,5)

    [Continuous]
    ------------
    testing Truncated(BetaPrime(),3,5)
    testing Truncated(BetaPrime(3.0),3,5)
    testing Truncated(BetaPrime(3.0, 5.0),3,5)
    testing Truncated(BetaPrime(5.0, 3.0),3,5)
    testing Truncated(Cauchy(),3,5)
    testing Truncated(Cauchy(2.0),3,5)
    testing Truncated(Cauchy(0.0, 1.0),3,5)
    testing Truncated(Cauchy(10.0, 1.0),3,5)
    testing Truncated(Cauchy(2.0, 10.0),3,5)
    testing Truncated(Chi(1),3,5)
    testing Truncated(Chi(2),3,5)
    testing Truncated(Chi(3),3,5)
    testing Truncated(Chi(12),3,5)
    testing Truncated(Chisq(1),3,5)
    testing Truncated(Chisq(8),3,5)
    testing Truncated(Chisq(20),3,5)
    testing Truncated(Erlang(),3,5)
    testing Truncated(Erlang(3),3,5)
    testing Truncated(Erlang(3, 1.0),3,5)
    testing Truncated(Erlang(5, 2.0),3,5)
    testing Truncated(Exponential(),3,5)
    testing Truncated(Exponential(2.0),3,5)
    testing Truncated(Exponential(6.5),3,5)
    testing Truncated(FDist(6.0, 8.0),3,5)
    testing Truncated(FDist(8.0, 6.0),3,5)
    testing Truncated(FDist(30, 40),3,5)
    testing Truncated(Frechet(),3,5)
    testing Truncated(Frechet(0.5),3,5)
    testing Truncated(Frechet(3.0),3,5)
    testing Truncated(Frechet(20.0),3,5)
    testing Truncated(Frechet(60.0),3,5)
    testing Truncated(Frechet(0.5, 2.0),3,5)
    testing Truncated(Frechet(3.0, 2.0),3,5)
    testing Truncated(Gamma(),3,5)
    testing Truncated(Gamma(2.0),3,5)
    testing Truncated(Gamma(1.0, 1.0),3,5)
    testing Truncated(Gamma(3.0, 1.0),3,5)
    testing Truncated(Gamma(3.0, 2.0),3,5)
    testing Truncated(GeneralizedExtremeValue(1.0, 1.0, 1.0),3,5)
    testing Truncated(GeneralizedExtremeValue(0.0, 1.0, 0.0),3,5)
    testing Truncated(GeneralizedExtremeValue(0.0, 1.0, 1.1),3,5)
    testing Truncated(GeneralizedExtremeValue(0.0, 1.0, 0.6),3,5)
    testing Truncated(GeneralizedExtremeValue(0.0, 1.0, 0.3),3,5)
    testing Truncated(GeneralizedExtremeValue(-1.0, 0.5, 0.6),3,5)
    testing Truncated(GeneralizedPareto(),3,5)
    testing Truncated(GeneralizedPareto(1.0, 1.0),3,5)
    testing Truncated(GeneralizedPareto(0.1, 2.0),3,5)
    testing Truncated(GeneralizedPareto(1.0, 1.0, 1.0),3,5)
    testing Truncated(GeneralizedPareto(-1.5, 0.5, 2.0),3,5)
    testing Truncated(Gumbel(),3,5)
    testing Truncated(Gumbel(3.0),3,5)
    testing Truncated(Gumbel(3.0, 5.0),3,5)
    testing Truncated(Gumbel(5.0, 3.0),3,5)
    testing Truncated(InverseGamma(),3,5)
    testing Truncated(InverseGamma(2.0),3,5)
    testing Truncated(InverseGamma(1.0, 1.0),3,5)
    testing Truncated(InverseGamma(1.0, 2.0),3,5)
    testing Truncated(InverseGamma(2.0, 1.0),3,5)
    testing Truncated(InverseGamma(2.0, 3.0),3,5)
    testing Truncated(InverseGaussian(),3,5)
    testing Truncated(InverseGaussian(0.8),3,5)
    testing Truncated(InverseGaussian(2.0),3,5)
    testing Truncated(InverseGaussian(1.0, 1.0),3,5)
    testing Truncated(InverseGaussian(2.0, 1.5),3,5)
    testing Truncated(InverseGaussian(2.0, 7.0),3,5)
    testing Truncated(Laplace(),3,5)
    testing Truncated(Laplace(2.0),3,5)
    testing Truncated(Laplace(0.0, 1.0),3,5)
    testing Truncated(Laplace(5.0, 1.0),3,5)
    testing Truncated(Laplace(5.0, 1.5),3,5)
    testing Truncated(Levy(),3,5)
    testing Truncated(Levy(2),3,5)
    testing Truncated(Levy(2, 8),3,5)
    testing Truncated(Levy(3.0, 3),3,5)
    testing Truncated(Logistic(),3,5)
    testing Truncated(Logistic(2.0),3,5)
    testing Truncated(Logistic(0.0, 1.0),3,5)
    testing Truncated(Logistic(5.0, 1.0),3,5)
    testing Truncated(Logistic(2.0, 1.5),3,5)
    testing Truncated(Logistic(5.0, 1.5),3,5)
    testing Truncated(LogNormal(),3,5)
    testing Truncated(LogNormal(1.0),3,5)
    testing Truncated(LogNormal(0.0, 2.0),3,5)
    testing Truncated(LogNormal(1.0, 2.0),3,5)
    testing Truncated(LogNormal(3.0, 0.5),3,5)
    testing Truncated(LogNormal(3.0, 1.0),3,5)
    testing Truncated(LogNormal(3.0, 2.0),3,5)
    testing Truncated(NoncentralChisq(2, 2),3,5)
    testing Truncated(NoncentralChisq(2, 5),3,5)
    testing Truncated(NoncentralF(2, 2, 2),3,5)
    testing Truncated(NoncentralF(8, 10, 5),3,5)
    testing Truncated(NoncentralT(2, 2),3,5)
    testing Truncated(NoncentralT(10, 2),3,5)
    testing Truncated(Normal(),3,5)
    testing Truncated(Normal(2.0),3,5)
    testing Truncated(Normal(-3.0, 2.0),3,5)
    testing Truncated(Normal(1.0, 10.0),3,5)
    testing Truncated(NormalCanon(),3,5)
    testing Truncated(NormalCanon(0.0, 1.0),3,5)
    testing Truncated(NormalCanon(-1.0, 2.5),3,5)
    testing Truncated(NormalCanon(2.0, 0.8),3,5)
    testing Truncated(Pareto(),3,5)
    testing Truncated(Pareto(2.0),3,5)
    testing Truncated(Pareto(2.0, 1.5),3,5)
    testing Truncated(Pareto(3.0, 2.0),3,5)
    testing Truncated(Rayleigh(),3,5)
    testing Truncated(Rayleigh(3.0),3,5)
    testing Truncated(Rayleigh(8.0),3,5)
    testing Truncated(StudentizedRange(2.0, 2.0),3,5)
    testing Truncated(StudentizedRange(5.0, 10.0),3,5)
    testing Truncated(StudentizedRange(10.0, 5.0),3,5)
    testing Truncated(SymTriangularDist(3.0, 2.0),3,5)
    testing Truncated(SymTriangularDist(10.0, 8.0),3,5)
    testing Truncated(TDist(1.2),3,5)
    testing Truncated(TDist(5.0),3,5)
    testing Truncated(TDist(28.0),3,5)
    testing Truncated(TriangularDist(0, 5),3,5)
    testing Truncated(TriangularDist(-4, 14, 3),3,5)
    testing Truncated(TriangularDist(2, 2000, 500),3,5)
    testing Truncated(truncated(Normal(27, 3), 0, Inf),3,5)
    testing Truncated(Uniform(3.0, 17.0),3,5)
    testing Truncated(Weibull(),3,5)
    testing Truncated(Weibull(0.5),3,5)
    testing Truncated(Weibull(5.0),3,5)
    testing Truncated(Weibull(20.0, 1.0),3,5)
    testing Truncated(Weibull(1.0, 2.0),3,5)
    testing Truncated(Weibull(5.0, 2.0),3,5)

Test Summary: | Pass  Total
Test truncate | 5230   5230
Test Summary:    | Pass  Total
Test truncnormal |   28     28
Test Summary:              | Pass  Total
Test truncated_exponential |    8      8
â”Œ Warning: `BigFloat(x::Real, prec::Int)` is deprecated, use `BigFloat(x; precision = prec)` instead.
â”‚   caller = ip:0x0
â”” @ Core :-1
Test Summary: | Pass  Total
Test normal   |  136    136
Test Summary:  | Pass  Total
Test lognormal |  226    226
Test Summary: | Pass  Total
Test mvnormal | 5834   5834
Test Summary:    | Pass  Total
Test mvlognormal | 1416   1416
Test Summary: | Pass  Total
Test types    |   46     46
Test Summary: | Pass  Total
Test utils    |  904    904
    testing CategoricalDirectSampler
    testing AliasTable
â”Œ Warning: Assignment to `n` in soft scope is ambiguous because a global variable by the same name exists: `n` will be treated as a new local. Disambiguate by using `local n` to suppress this warning or `global n` to assign to the existing global variable.
â”” @ ~/.julia/packages/Distributions/HjzA0/test/samplers.jl:55
    testing BinomialGeomSampler
    testing BinomialTPESampler
    testing BinomialPolySampler
    testing BinomialAliasSampler
    testing PoissonCountSampler
    testing PoissonADSampler
    testing PoissBinAliasSampler
    testing ExponentialSampler
    testing GammaGDSampler
    testing GammaMTSampler
    testing GammaGSSampler
    testing GammaIPSampler
Test Summary: | Pass  Total
Test samplers |    2      2
    testing Categorical{Float64, Vector{Float64}}(support=Base.OneTo(2), p=[0.5, 0.5]) as Categorical
    testing Categorical{Float32, Vector{Float32}}(support=Base.OneTo(2), p=Float32[0.5, 0.5]) as Categorical
    testing Categorical{Rational{Int64}, Vector{Rational{Int64}}}(support=Base.OneTo(2), p=Rational{Int64}[1//2, 1//2]) as Categorical
    testing Categorical{Float64, Vector{Float64}}(support=Base.OneTo(4), p=[0.1, 0.3, 0.2, 0.4]) as Categorical
    testing Categorical{Float64, Vector{Float64}}(support=Base.OneTo(3), p=[0.15, 0.25, 0.6]) as Categorical
    testing Categorical{Float64, Vector{Float64}}(support=Base.OneTo(4), p=[0.25, 0.25, 0.25, 0.25]) as Categorical
Test Summary:    | Pass  Total
Test categorical |  354    354
    [Discrete]
    ------------
    testing Bernoulli()
    testing Bernoulli(0.25)
    testing Bernoulli(0.75)
    testing Bernoulli(0.0)
    testing Bernoulli(1.0)
    testing BetaBinomial(2, 0.2, 0.25)
    testing BetaBinomial(10, 0.2, 0.25)
    testing BetaBinomial(10, 2, 2.5)
    testing BetaBinomial(10, 60, 40)
    testing Binomial()
    testing Binomial(3)
    testing Binomial(5, 0.4)
    testing Binomial(6, 0.8)
    testing Binomial(100, 0.1)
    testing Binomial(100, 0.9)
    testing Binomial(10, 0.0)
    testing Binomial(10, 1.0)
    testing DiscreteUniform()
    testing DiscreteUniform(6)
    testing DiscreteUniform(7)
    testing DiscreteUniform(0, 4)
    testing DiscreteUniform(2, 8)
    testing Geometric()
    testing Geometric(0.02)
    testing Geometric(0.1)
    testing Geometric(0.5)
    testing Geometric(0.9)
    testing Hypergeometric(2, 2, 2)
    testing Hypergeometric(3, 2, 2)
    testing Hypergeometric(3, 2, 0)
    testing Hypergeometric(3, 2, 5)
    testing Hypergeometric(4, 5, 6)
    testing Hypergeometric(60, 80, 100)
    testing NegativeBinomial()
    testing NegativeBinomial(6)
    testing NegativeBinomial(1, 0.5)
    testing NegativeBinomial(5, 0.6)
    testing NegativeBinomial(0.5, 0.5)
    testing Poisson()
    testing Poisson(0.0)
    testing Poisson(0.5)
    testing Poisson(2.0)
    testing Poisson(10.0)
    testing Poisson(80.0)
    testing Skellam()
    testing Skellam(2.0)
    testing Skellam(2.0, 3.0)
    testing Skellam(3.2, 1.8)
    testing FisherNoncentralHypergeometric(8, 6, 10, 1)
    testing FisherNoncentralHypergeometric(8, 6, 10, 10)
    testing FisherNoncentralHypergeometric(8, 6, 10, 0.1)
    testing FisherNoncentralHypergeometric(80, 60, 100, 1)
    testing FisherNoncentralHypergeometric(80, 60, 100, 10)
    testing FisherNoncentralHypergeometric(80, 60, 100, 0.1)
    testing WalleniusNoncentralHypergeometric(8, 6, 10, 1)
    testing WalleniusNoncentralHypergeometric(8, 6, 10, 10)
    testing WalleniusNoncentralHypergeometric(8, 6, 10, 0.1)
    testing WalleniusNoncentralHypergeometric(40, 30, 50, 1)
    testing WalleniusNoncentralHypergeometric(40, 30, 50, 0.5)
    testing WalleniusNoncentralHypergeometric(40, 30, 50, 2)

    [Continuous]
    ------------
    testing Arcsine()
    testing Arcsine(2.0)
    testing Arcsine(1.0, 2.5)
    testing Arcsine(-1.0, 1.0)
    testing Beta(2.0, 2.0)
    testing Beta(3.0, 4.0)
    testing Beta(17.0, 13.0)
    testing BetaPrime()
    testing BetaPrime(3.0)
    testing BetaPrime(3.0, 5.0)
    testing BetaPrime(5.0, 3.0)
    testing Cauchy()
    testing Cauchy(2.0)
    testing Cauchy(0.0, 1.0)
    testing Cauchy(10.0, 1.0)
    testing Cauchy(2.0, 10.0)
    testing Chi(1)
    testing Chi(2)
    testing Chi(3)
    testing Chi(12)
    testing Chisq(1)
    testing Chisq(8)
    testing Chisq(20)
    testing Cosine()
    testing Cosine(1.5)
    testing Cosine(2.0, 2.8)
    testing Erlang()
    testing Erlang(3)
    testing Erlang(3, 1.0)
    testing Erlang(5, 2.0)
    testing Exponential()
    testing Exponential(2.0)
    testing Exponential(6.5)
    testing FDist(6.0, 8.0)
    testing FDist(8.0, 6.0)
    testing FDist(30, 40)
    testing Frechet()
    testing Frechet(0.5)
    testing Frechet(3.0)
    testing Frechet(20.0)
    testing Frechet(60.0)
    testing Frechet(0.5, 2.0)
    testing Frechet(3.0, 2.0)
    testing Gamma()
    testing Gamma(2.0)
    testing Gamma(1.0, 1.0)
    testing Gamma(3.0, 1.0)
    testing Gamma(3.0, 2.0)
    testing GeneralizedExtremeValue(1.0, 1.0, 1.0)
    testing GeneralizedExtremeValue(0.0, 1.0, 0.0)
    testing GeneralizedExtremeValue(0.0, 1.0, 1.1)
    testing GeneralizedExtremeValue(0.0, 1.0, 0.6)
    testing GeneralizedExtremeValue(0.0, 1.0, 0.3)
    testing GeneralizedExtremeValue(1.0, 1.0, -1.0)
    testing GeneralizedExtremeValue(-1.0, 0.5, 0.6)
    testing GeneralizedPareto()
    testing GeneralizedPareto(1.0, 1.0)
    testing GeneralizedPareto(0.1, 2.0)
    testing GeneralizedPareto(1.0, 1.0, 1.0)
    testing GeneralizedPareto(-1.5, 0.5, 2.0)
    testing Gumbel()
    testing Gumbel(3.0)
    testing Gumbel(3.0, 5.0)
    testing Gumbel(5.0, 3.0)
    testing InverseGamma()
    testing InverseGamma(2.0)
    testing InverseGamma(1.0, 1.0)
    testing InverseGamma(1.0, 2.0)
    testing InverseGamma(2.0, 1.0)
    testing InverseGamma(2.0, 3.0)
    testing InverseGaussian()
    testing InverseGaussian(0.8)
    testing InverseGaussian(2.0)
    testing InverseGaussian(1.0, 1.0)
    testing InverseGaussian(2.0, 1.5)
    testing InverseGaussian(2.0, 7.0)
    testing Laplace()
    testing Laplace(2.0)
    testing Laplace(0.0, 1.0)
    testing Laplace(5.0, 1.0)
    testing Laplace(5.0, 1.5)
    testing Levy()
    testing Levy(2)
    testing Levy(2, 8)
    testing Levy(3.0, 3)
    testing Logistic()
    testing Logistic(2.0)
    testing Logistic(0.0, 1.0)
    testing Logistic(5.0, 1.0)
    testing Logistic(2.0, 1.5)
    testing Logistic(5.0, 1.5)
    testing LogNormal()
    testing LogNormal(1.0)
    testing LogNormal(0.0, 2.0)
    testing LogNormal(1.0, 2.0)
    testing LogNormal(3.0, 0.5)
    testing LogNormal(3.0, 1.0)
    testing LogNormal(3.0, 2.0)
    testing NoncentralBeta(2, 2, 0)
    testing NoncentralBeta(2, 6, 5)
    testing NoncentralChisq(2, 2)
    testing NoncentralChisq(2, 5)
    testing NoncentralF(2, 2, 2)
    testing NoncentralF(8, 10, 5)
    testing NoncentralT(2, 2)
    testing NoncentralT(10, 2)
    testing Normal()
    testing Normal(2.0)
    testing Normal(-3.0, 2.0)
    testing Normal(1.0, 10.0)
    testing NormalInverseGaussian(1.7, 1.8, 1.2, 2.3)
    testing NormalCanon()
    testing NormalCanon(0.0, 1.0)
    testing NormalCanon(-1.0, 2.5)
    testing NormalCanon(2.0, 0.8)
    testing Pareto()
    testing Pareto(2.0)
    testing Pareto(2.0, 1.5)
    testing Pareto(3.0, 2.0)
    testing Rayleigh()
    testing Rayleigh(3.0)
    testing Rayleigh(8.0)
    testing StudentizedRange(2.0, 2.0)
    testing StudentizedRange(5.0, 10.0)
    testing StudentizedRange(10.0, 5.0)
    testing SymTriangularDist()
    testing SymTriangularDist(3.0)
    testing SymTriangularDist(3.0, 0.5)
    testing SymTriangularDist(3.0, 2.0)
    testing SymTriangularDist(10.0, 8.0)
    testing TDist(1.2)
    testing TDist(5.0)
    testing TDist(28.0)
    testing TriangularDist(0, 5)
    testing TriangularDist(-7, 2)
    testing TriangularDist(-4, 14, 3)
    testing TriangularDist(2, 2000, 500)
    testing TriangularDist(1, 3, 2)
    testing truncated(Normal(0, 1), -2, 2)
    testing truncated(Normal(3, 10), 7, 8)
    testing truncated(Normal(27, 3), 0, Inf)
    testing truncated(Normal(-5, 1), -Inf, -10)
    testing truncated(Normal(1.8, 1.2), -Inf, 0)
    testing Uniform()
    testing Uniform(0.0, 2.0)
    testing Uniform(3.0, 17.0)
    testing Uniform(3.0, 3.1)
    testing VonMises()
    testing VonMises(4.0)
    testing VonMises(1.1, 2.5)
    testing Weibull()
    testing Weibull(0.5)
    testing Weibull(5.0)
    testing Weibull(20.0, 1.0)
    testing Weibull(1.0, 2.0)
    testing Weibull(5.0, 2.0)

Test Summary:    |    Pass    Total
Test univariates | 2973099  2973099
Test Summary:   |  Pass  Total
Test continuous | 96197  96197
Test Summary:  | Pass  Total
Test edgecases |   12     12
Test Summary: | Pass  Total
Test fit      |  606    606
Test Summary:    | Pass  Total
Test multinomial |  960    960
â”Œ Warning: Assignment to `d` in soft scope is ambiguous because a global variable by the same name exists: `d` will be treated as a new local. Disambiguate by using `local d` to suppress this warning or `global d` to assign to the existing global variable.
â”” @ ~/.julia/packages/Distributions/HjzA0/test/binomial.jl:11
â”Œ Warning: Assignment to `rng` in soft scope is ambiguous because a global variable by the same name exists: `rng` will be treated as a new local. Disambiguate by using `local rng` to suppress this warning or `global rng` to assign to the existing global variable.
â”” @ ~/.julia/packages/Distributions/HjzA0/test/binomial.jl:19
Test Summary: | Pass  Total
Test binomial | 2932   2932
â”Œ Warning: Assignment to `d` in soft scope is ambiguous because a global variable by the same name exists: `d` will be treated as a new local. Disambiguate by using `local d` to suppress this warning or `global d` to assign to the existing global variable.
â”” @ ~/.julia/packages/Distributions/HjzA0/test/poissonbinomial.jl:9
   testing PoissonBinomial p=0.8, n=6
   testing PoissonBinomial p=0.5, n=10
   testing PoissonBinomial p=0.04, n=20
â”Œ Warning: Assignment to `n` in soft scope is ambiguous because a global variable by the same name exists: `n` will be treated as a new local. Disambiguate by using `local n` to suppress this warning or `global n` to assign to the existing global variable.
â”” @ ~/.julia/packages/Distributions/HjzA0/test/poissonbinomial.jl:45
â”Œ Warning: Assignment to `p` in soft scope is ambiguous because a global variable by the same name exists: `p` will be treated as a new local. Disambiguate by using `local p` to suppress this warning or `global p` to assign to the existing global variable.
â”” @ ~/.julia/packages/Distributions/HjzA0/test/poissonbinomial.jl:46
â”Œ Warning: Assignment to `d` in soft scope is ambiguous because a global variable by the same name exists: `d` will be treated as a new local. Disambiguate by using `local d` to suppress this warning or `global d` to assign to the existing global variable.
â”” @ ~/.julia/packages/Distributions/HjzA0/test/poissonbinomial.jl:50
â”Œ Warning: Assignment to `m` in soft scope is ambiguous because a global variable by the same name exists: `m` will be treated as a new local. Disambiguate by using `local m` to suppress this warning or `global m` to assign to the existing global variable.
â”” @ ~/.julia/packages/Distributions/HjzA0/test/poissonbinomial.jl:68
   testing PoissonBinomial [10 Ã— 0.1, 10 Ã— 0.5, 10 Ã— 0.9]
   testing PoissonBinomial [1 Ã— 0.99, 10 Ã— 0.1, 100 Ã— 0.05]
   testing PoissonBinomial [5 Ã— 0.01, 1 Ã— 0.99, 3 Ã— 0.999]
   testing PoissonBinomial [10 Ã— 0.0, 7 Ã— 0.9, 10 Ã— 0.5]
Test Summary:        | Pass  Total
Test poissonbinomial |  413    413
Test Summary:  | Pass  Total
Test dirichlet |  866    866
Test Summary:             | Pass  Total
Test dirichletmultinomial |   84     84
Test Summary:    | Pass  Total
Test logitnormal |  243    243
â”Œ Warning: Assignment to `d` in soft scope is ambiguous because a global variable by the same name exists: `d` will be treated as a new local. Disambiguate by using `local d` to suppress this warning or `global d` to assign to the existing global variable.
â”” @ ~/.julia/packages/Distributions/HjzA0/test/mvtdist.jl:27
â”Œ Warning: Assignment to `d` in soft scope is ambiguous because a global variable by the same name exists: `d` will be treated as a new local. Disambiguate by using `local d` to suppress this warning or `global d` to assign to the existing global variable.
â”” @ ~/.julia/packages/Distributions/HjzA0/test/mvtdist.jl:57
Test Summary: | Pass  Total
Test mvtdist  |   58     58
Test Summary:   | Pass  Total
Test kolmogorov |    9      9
Test Summary:  | Pass  Total
Test edgeworth | 1485   1485
Test Summary:       | Pass  Total
Test matrixreshaped |  280    280
â”Œ Warning: Assignment to `n` in soft scope is ambiguous because a global variable by the same name exists: `n` will be treated as a new local. Disambiguate by using `local n` to suppress this warning or `global n` to assign to the existing global variable.
â”” @ ~/.julia/packages/Distributions/HjzA0/test/matrixvariates.jl:515
â”Œ Warning: Assignment to `p` in soft scope is ambiguous because a global variable by the same name exists: `p` will be treated as a new local. Disambiguate by using `local p` to suppress this warning or `global p` to assign to the existing global variable.
â”” @ ~/.julia/packages/Distributions/HjzA0/test/matrixvariates.jl:515
â”Œ Warning: Assignment to `M` in soft scope is ambiguous because a global variable by the same name exists: `M` will be treated as a new local. Disambiguate by using `local M` to suppress this warning or `global M` to assign to the existing global variable.
â”” @ ~/.julia/packages/Distributions/HjzA0/test/matrixvariates.jl:515
    testing MatrixNormal
    testing Wishart
    testing InverseWishart
    testing MatrixTDist
    testing MatrixBeta
    testing MatrixFDist
    testing LKJ
Test Summary:       | Pass  Total
Test matrixvariates |  530    530
Test Summary:       |  Pass  Total
Test vonmisesfisher | 24220  24220
Test Summary:   | Pass  Total
Test conversion |    3      3
Test Summary:    | Pass  Total
Test convolution |  289    289
Test Summary: |  Pass  Total
Test mixture  | 38172  38172
Test Summary:   | Pass  Total
Test gradlogpdf |   14     14
Test Summary:    | Pass  Total
Test noncentralt |    6      6
Test Summary:      | Pass  Total
Test locationscale |  322    322
Test Summary:        | Pass  Total
Test quantile_newton |    2      2
Test Summary:   | Pass  Total
Test semicircle |   28     28
Test Summary: | Pass  Total
Test qq       |    6      6
Test Summary:             | Pass  Total
Test pgeneralizedgaussian |  212    212
Test Summary: | Pass  Total
Test product  |   46     46
Test Summary:              | Pass  Total
Test discretenonparametric |  238    238
Test Summary:    | Pass  Total
Test functionals |    3      3
Test Summary: | Pass  Total
Test chernoff |  141    141
Test Summary:          | Pass  Total
Test univariate_bounds |  156    156
Test Summary:         | Pass  Total
Test negativebinomial | 3302   3302
Test Summary:  | Pass  Total
Test bernoulli |    2      2
Test Summary: | Pass  Total
Test soliton  |   20     20
Test Summary:   | Pass  Total
Test skewnormal |   18     18
Potentially stale exports: 
Tuple{Method, Method}[]
     Testing Distributions tests passed 
     Testing GLM
â”Œ Error: Pkg.Resolve.ResolverError("empty intersection between CategoricalArrays@0.8.3 and project compatibility 0.3-0.7", nothing)
â”” @ Pkg.Operations /buildworker/worker/package_linux64/build/usr/share/julia/stdlib/v1.6/Pkg/src/Operations.jl:1515
Status `/tmp/jl_UxBtqT/Project.toml`
  [336ed68f] CSV v0.6.1
  [324d7699] CategoricalArrays v0.7.7
  [a93c6f00] DataFrames v0.20.2
  [31c24e10] Distributions v0.24.0
  [38e38edf] GLM v1.3.11
  [ce6b1742] RDatasets v0.6.10
  [189a3867] Reexport v0.2.0
  [276daf66] SpecialFunctions v0.10.3
  [2913bbd2] StatsBase v0.33.2
  [4c63d2b9] StatsFuns v0.9.5
  [3eaba693] StatsModels v0.6.15
  [37e2e46d] LinearAlgebra
  [de0858da] Printf
  [9a3f8284] Random
  [2f01184e] SparseArrays
  [10745b16] Statistics
  [8dfed614] Test
Status `/tmp/jl_UxBtqT/Manifest.toml`
  [b99e7846] BinaryProvider v0.5.10
  [336ed68f] CSV v0.6.1
  [324d7699] CategoricalArrays v0.7.7
  [944b1d66] CodecZlib v0.6.0
  [34da2185] Compat v3.20.0
  [e66e0078] CompilerSupportLibraries_jll v0.3.4+0
  [9a962f9c] DataAPI v1.3.0
  [a93c6f00] DataFrames v0.20.2
  [864edb3b] DataStructures v0.18.7
  [e2d170a0] DataValueInterfaces v1.0.0
  [31c24e10] Distributions v0.24.0
  [e2ba6199] ExprTools v0.1.3
  [8f5d6c58] EzXML v1.1.0
  [5789e2e9] FileIO v1.4.3
  [48062228] FilePathsBase v0.7.0
  [1a297f60] FillArrays v0.9.7
  [38e38edf] GLM v1.3.11
  [41ab1584] InvertedIndices v1.0.0
  [82899510] IteratorInterfaceExtensions v1.0.0
  [692b3bcd] JLLWrappers v1.1.2
  [682c06a0] JSON v0.21.1
  [94ce4f54] Libiconv_jll v1.16.0+7
  [e1d29d7a] Missings v0.4.4
  [78c3b35d] Mocking v0.7.1
  [efe28fd5] OpenSpecFun_jll v0.5.3+4
  [bac558e1] OrderedCollections v1.3.1
  [90014a1f] PDMats v0.10.1
  [69de0a69] Parsers v1.0.11
  [2dfb63ee] PooledArrays v0.5.3
  [1fd47b50] QuadGK v2.4.1
  [df47a6cb] RData v0.7.1
  [ce6b1742] RDatasets v0.6.10
  [3cdcf5f2] RecipesBase v1.1.0
  [189a3867] Reexport v0.2.0
  [ae029012] Requires v1.1.0
  [79098fc4] Rmath v0.6.1
  [f50d1b31] Rmath_jll v0.2.2+1
  [1277b4bf] ShiftedArrays v1.0.0
  [a2af1166] SortingAlgorithms v0.3.1
  [276daf66] SpecialFunctions v0.10.3
  [90137ffa] StaticArrays v0.12.4
  [2913bbd2] StatsBase v0.33.2
  [4c63d2b9] StatsFuns v0.9.5
  [3eaba693] StatsModels v0.6.15
  [3783bdb8] TableTraits v1.0.0
  [bd369af6] Tables v1.1.0
  [f269a46b] TimeZones v1.4.0
  [3bb67fe8] TranscodingStreams v0.9.5
  [ea10d353] WeakRefStrings v0.6.2
  [02c8fc9c] XML2_jll v2.9.10+3
  [83775a58] Zlib_jll v1.2.11+18
  [0dad84c5] ArgTools
  [56f22d72] Artifacts
  [2a0f44e3] Base64
  [ade2ca70] Dates
  [8bb1440f] DelimitedFiles
  [8ba89e20] Distributed
  [f43a241f] Downloads
  [9fa8497b] Future
  [b77e0a4c] InteractiveUtils
  [b27032c2] LibCURL
  [deac9b47] LibCURL_jll
  [76f85450] LibGit2
  [8f399da3] Libdl
  [37e2e46d] LinearAlgebra
  [56ddb016] Logging
  [d6f4376e] Markdown
  [a63ad114] Mmap
  [14a3606d] MozillaCACerts_jll
  [44cfe95a] Pkg
  [de0858da] Printf
  [3fa0cd96] REPL
  [9a3f8284] Random
  [ea8e919c] SHA
  [9e88b42a] Serialization
  [1a1011a3] SharedArrays
  [6462fe0b] Sockets
  [2f01184e] SparseArrays
  [10745b16] Statistics
  [4607b0f0] SuiteSparse
  [fa267f1f] TOML
  [8dfed614] Test
  [cf7118a7] UUIDs
  [4ec0a83e] Unicode
     Testing Running tests...
Test Summary: | Pass  Total
lm            |   19     19
Test Summary:             | Pass  Total
linear model with weights |   11     11
Test Summary: | Pass  Total
rankdeficient |    6      6
Test Summary: | Pass  Total
Poisson GLM   |    8      8
Test Summary:           | Pass  Total
Binomial with LogitLink |    8      8
Test Summary:            | Pass  Total
Bernoulli with LogitLink |    8      8
Test Summary:        | Pass  Total
Bernoulli ProbitLink |    8      8
Test Summary:         | Pass  Total
Bernoulli CauchitLink |    7      7
Test Summary:         | Pass  Total
Bernoulli CloglogLink |    8      8
Test Summary: | Pass  Total
Offset        |   10     10
Test Summary:         | Pass  Total
Normal LogLink offset |    5      5
Test Summary: | Pass  Total
Gamma         |   11     11
Test Summary:   | Pass  Total
InverseGaussian |   11     11
Test Summary: | Pass  Total
Gamma LogLink |   10     10
Test Summary:      | Pass  Total
Gamma IdentityLink |   10     10
Test Summary:                 | Pass  Total
Aggregated Binomial LogitLink |   16     16
Test Summary:                 | Pass  Total
Binomial LogitLink aggregated |    8      8
Test Summary:             | Pass  Total
Gamma InverseLink Weights |    8      8
Test Summary:           | Pass  Total
Poisson LogLink Weights |    7      7
Test Summary:                    | Pass  Total
NegativeBinomial LogLink Fixed Î¸ |    8      8
Test Summary:                                 | Pass  Total
NegativeBinomial NegativeBinomialLink Fixed Î¸ |    8      8
Test Summary:                               | Pass  Total
NegativeBinomial LogLink, Î¸ to be estimated |    9      9
Test Summary:                                            | Pass  Total
NegativeBinomial NegativeBinomialLink, Î¸ to be estimated |    7      7
Test Summary: | Pass  Total
Sparse GLM    |    3      3
Test Summary: | Pass  Total
Predict       |   13     13
F test for model comparison: Test Failed at /home/pkgeval/.julia/packages/GLM/dbJFe/test/runtests.jl:528
  Expression: sprint(show, ft1a) == "F-test: 2 models fitted on 12 observations\nâ”€â”€â”€â”€â”€â”€â”€â”€â”€â”€â”€â”€â”€â”€â”€â”€â”€â”€â”€â”€â”€â”€â”€â”€â”€â”€â”€â”€â”€â”€â”€â”€â”€â”€â”€â”€â”€â”€â”€â”€â”€â”€â”€â”€â”€â”€â”€â”€â”€â”€â”€â”€â”€â”€â”€â”€â”€â”€â”€â”€â”€â”€â”€â”€â”€\n     DOF  Î”DOF     SSR    Î”SSR       RÂ²      Î”RÂ²        F*  p(>F)\nâ”€â”€â”€â”€â”€â”€â”€â”€â”€â”€â”€â”€â”€â”€â”€â”€â”€â”€â”€â”€â”€â”€â”€â”€â”€â”€â”€â”€â”€â”€â”€â”€â”€â”€â”€â”€â”€â”€â”€â”€â”€â”€â”€â”€â”€â”€â”€â”€â”€â”€â”€â”€â”€â”€â”€â”€â”€â”€â”€â”€â”€â”€â”€â”€â”€\n[1]    3        0.1283           0.9603                          \n[2]    2    -1  3.2292  3.1008  -0.0000  -0.9603  241.6234  <1e-7\nâ”€â”€â”€â”€â”€â”€â”€â”€â”€â”€â”€â”€â”€â”€â”€â”€â”€â”€â”€â”€â”€â”€â”€â”€â”€â”€â”€â”€â”€â”€â”€â”€â”€â”€â”€â”€â”€â”€â”€â”€â”€â”€â”€â”€â”€â”€â”€â”€â”€â”€â”€â”€â”€â”€â”€â”€â”€â”€â”€â”€â”€â”€â”€â”€â”€"
   Evaluated: "F-test: 2 models fitted on 12 observations\nâ”€â”€â”€â”€â”€â”€â”€â”€â”€â”€â”€â”€â”€â”€â”€â”€â”€â”€â”€â”€â”€â”€â”€â”€â”€â”€â”€â”€â”€â”€â”€â”€â”€â”€â”€â”€â”€â”€â”€â”€â”€â”€â”€â”€â”€â”€â”€â”€â”€â”€â”€â”€â”€â”€â”€â”€â”€â”€â”€â”€â”€â”€â”€â”€â”€â”€\n     DOF  Î”DOF     SSR    Î”SSR       RÂ²      Î”RÂ²        F*   p(>F)\nâ”€â”€â”€â”€â”€â”€â”€â”€â”€â”€â”€â”€â”€â”€â”€â”€â”€â”€â”€â”€â”€â”€â”€â”€â”€â”€â”€â”€â”€â”€â”€â”€â”€â”€â”€â”€â”€â”€â”€â”€â”€â”€â”€â”€â”€â”€â”€â”€â”€â”€â”€â”€â”€â”€â”€â”€â”€â”€â”€â”€â”€â”€â”€â”€â”€â”€\n[1]    3        0.1283           0.9603                           \n[2]    2    -1  3.2292  3.1008  -0.0000  -0.9603  241.6234  <1e-07\nâ”€â”€â”€â”€â”€â”€â”€â”€â”€â”€â”€â”€â”€â”€â”€â”€â”€â”€â”€â”€â”€â”€â”€â”€â”€â”€â”€â”€â”€â”€â”€â”€â”€â”€â”€â”€â”€â”€â”€â”€â”€â”€â”€â”€â”€â”€â”€â”€â”€â”€â”€â”€â”€â”€â”€â”€â”€â”€â”€â”€â”€â”€â”€â”€â”€â”€" == "F-test: 2 models fitted on 12 observations\nâ”€â”€â”€â”€â”€â”€â”€â”€â”€â”€â”€â”€â”€â”€â”€â”€â”€â”€â”€â”€â”€â”€â”€â”€â”€â”€â”€â”€â”€â”€â”€â”€â”€â”€â”€â”€â”€â”€â”€â”€â”€â”€â”€â”€â”€â”€â”€â”€â”€â”€â”€â”€â”€â”€â”€â”€â”€â”€â”€â”€â”€â”€â”€â”€â”€\n     DOF  Î”DOF     SSR    Î”SSR       RÂ²      Î”RÂ²        F*  p(>F)\nâ”€â”€â”€â”€â”€â”€â”€â”€â”€â”€â”€â”€â”€â”€â”€â”€â”€â”€â”€â”€â”€â”€â”€â”€â”€â”€â”€â”€â”€â”€â”€â”€â”€â”€â”€â”€â”€â”€â”€â”€â”€â”€â”€â”€â”€â”€â”€â”€â”€â”€â”€â”€â”€â”€â”€â”€â”€â”€â”€â”€â”€â”€â”€â”€â”€\n[1]    3        0.1283           0.9603                          \n[2]    2    -1  3.2292  3.1008  -0.0000  -0.9603  241.6234  <1e-7\nâ”€â”€â”€â”€â”€â”€â”€â”€â”€â”€â”€â”€â”€â”€â”€â”€â”€â”€â”€â”€â”€â”€â”€â”€â”€â”€â”€â”€â”€â”€â”€â”€â”€â”€â”€â”€â”€â”€â”€â”€â”€â”€â”€â”€â”€â”€â”€â”€â”€â”€â”€â”€â”€â”€â”€â”€â”€â”€â”€â”€â”€â”€â”€â”€â”€"
Stacktrace:
 [1] top-level scope
   @ ~/.julia/packages/GLM/dbJFe/test/runtests.jl:528
 [2] top-level scope
   @ /buildworker/worker/package_linux64/build/usr/share/julia/stdlib/v1.6/Test/src/Test.jl:1144
 [3] top-level scope
   @ ~/.julia/packages/GLM/dbJFe/test/runtests.jl:508
F test for model comparison: Test Failed at /home/pkgeval/.julia/packages/GLM/dbJFe/test/runtests.jl:540
  Expression: sprint(show, ft1b) == "F-test: 2 models fitted on 12 observations\nâ”€â”€â”€â”€â”€â”€â”€â”€â”€â”€â”€â”€â”€â”€â”€â”€â”€â”€â”€â”€â”€â”€â”€â”€â”€â”€â”€â”€â”€â”€â”€â”€â”€â”€â”€â”€â”€â”€â”€â”€â”€â”€â”€â”€â”€â”€â”€â”€â”€â”€â”€â”€â”€â”€â”€â”€â”€â”€â”€â”€â”€â”€â”€â”€â”€\n     DOF  Î”DOF     SSR     Î”SSR       RÂ²     Î”RÂ²        F*  p(>F)\nâ”€â”€â”€â”€â”€â”€â”€â”€â”€â”€â”€â”€â”€â”€â”€â”€â”€â”€â”€â”€â”€â”€â”€â”€â”€â”€â”€â”€â”€â”€â”€â”€â”€â”€â”€â”€â”€â”€â”€â”€â”€â”€â”€â”€â”€â”€â”€â”€â”€â”€â”€â”€â”€â”€â”€â”€â”€â”€â”€â”€â”€â”€â”€â”€â”€\n[1]    2        3.2292           -0.0000                         \n[2]    3     1  0.1283  -3.1008   0.9603  0.9603  241.6234  <1e-7\nâ”€â”€â”€â”€â”€â”€â”€â”€â”€â”€â”€â”€â”€â”€â”€â”€â”€â”€â”€â”€â”€â”€â”€â”€â”€â”€â”€â”€â”€â”€â”€â”€â”€â”€â”€â”€â”€â”€â”€â”€â”€â”€â”€â”€â”€â”€â”€â”€â”€â”€â”€â”€â”€â”€â”€â”€â”€â”€â”€â”€â”€â”€â”€â”€â”€"
   Evaluated: "F-test: 2 models fitted on 12 observations\nâ”€â”€â”€â”€â”€â”€â”€â”€â”€â”€â”€â”€â”€â”€â”€â”€â”€â”€â”€â”€â”€â”€â”€â”€â”€â”€â”€â”€â”€â”€â”€â”€â”€â”€â”€â”€â”€â”€â”€â”€â”€â”€â”€â”€â”€â”€â”€â”€â”€â”€â”€â”€â”€â”€â”€â”€â”€â”€â”€â”€â”€â”€â”€â”€â”€â”€\n     DOF  Î”DOF     SSR     Î”SSR       RÂ²     Î”RÂ²        F*   p(>F)\nâ”€â”€â”€â”€â”€â”€â”€â”€â”€â”€â”€â”€â”€â”€â”€â”€â”€â”€â”€â”€â”€â”€â”€â”€â”€â”€â”€â”€â”€â”€â”€â”€â”€â”€â”€â”€â”€â”€â”€â”€â”€â”€â”€â”€â”€â”€â”€â”€â”€â”€â”€â”€â”€â”€â”€â”€â”€â”€â”€â”€â”€â”€â”€â”€â”€â”€\n[1]    2        3.2292           -0.0000                          \n[2]    3     1  0.1283  -3.1008   0.9603  0.9603  241.6234  <1e-07\nâ”€â”€â”€â”€â”€â”€â”€â”€â”€â”€â”€â”€â”€â”€â”€â”€â”€â”€â”€â”€â”€â”€â”€â”€â”€â”€â”€â”€â”€â”€â”€â”€â”€â”€â”€â”€â”€â”€â”€â”€â”€â”€â”€â”€â”€â”€â”€â”€â”€â”€â”€â”€â”€â”€â”€â”€â”€â”€â”€â”€â”€â”€â”€â”€â”€â”€" == "F-test: 2 models fitted on 12 observations\nâ”€â”€â”€â”€â”€â”€â”€â”€â”€â”€â”€â”€â”€â”€â”€â”€â”€â”€â”€â”€â”€â”€â”€â”€â”€â”€â”€â”€â”€â”€â”€â”€â”€â”€â”€â”€â”€â”€â”€â”€â”€â”€â”€â”€â”€â”€â”€â”€â”€â”€â”€â”€â”€â”€â”€â”€â”€â”€â”€â”€â”€â”€â”€â”€â”€\n     DOF  Î”DOF     SSR     Î”SSR       RÂ²     Î”RÂ²        F*  p(>F)\nâ”€â”€â”€â”€â”€â”€â”€â”€â”€â”€â”€â”€â”€â”€â”€â”€â”€â”€â”€â”€â”€â”€â”€â”€â”€â”€â”€â”€â”€â”€â”€â”€â”€â”€â”€â”€â”€â”€â”€â”€â”€â”€â”€â”€â”€â”€â”€â”€â”€â”€â”€â”€â”€â”€â”€â”€â”€â”€â”€â”€â”€â”€â”€â”€â”€\n[1]    2        3.2292           -0.0000                         \n[2]    3     1  0.1283  -3.1008   0.9603  0.9603  241.6234  <1e-7\nâ”€â”€â”€â”€â”€â”€â”€â”€â”€â”€â”€â”€â”€â”€â”€â”€â”€â”€â”€â”€â”€â”€â”€â”€â”€â”€â”€â”€â”€â”€â”€â”€â”€â”€â”€â”€â”€â”€â”€â”€â”€â”€â”€â”€â”€â”€â”€â”€â”€â”€â”€â”€â”€â”€â”€â”€â”€â”€â”€â”€â”€â”€â”€â”€â”€"
Stacktrace:
 [1] top-level scope
   @ ~/.julia/packages/GLM/dbJFe/test/runtests.jl:540
 [2] top-level scope
   @ /buildworker/worker/package_linux64/build/usr/share/julia/stdlib/v1.6/Test/src/Test.jl:1144
 [3] top-level scope
   @ ~/.julia/packages/GLM/dbJFe/test/runtests.jl:508
F test for model comparison: Test Failed at /home/pkgeval/.julia/packages/GLM/dbJFe/test/runtests.jl:554
  Expression: sprint(show, ft2a) == "F-test: 3 models fitted on 12 observations\nâ”€â”€â”€â”€â”€â”€â”€â”€â”€â”€â”€â”€â”€â”€â”€â”€â”€â”€â”€â”€â”€â”€â”€â”€â”€â”€â”€â”€â”€â”€â”€â”€â”€â”€â”€â”€â”€â”€â”€â”€â”€â”€â”€â”€â”€â”€â”€â”€â”€â”€â”€â”€â”€â”€â”€â”€â”€â”€â”€â”€â”€â”€â”€â”€â”€â”€\n     DOF  Î”DOF     SSR     Î”SSR       RÂ²     Î”RÂ²        F*   p(>F)\nâ”€â”€â”€â”€â”€â”€â”€â”€â”€â”€â”€â”€â”€â”€â”€â”€â”€â”€â”€â”€â”€â”€â”€â”€â”€â”€â”€â”€â”€â”€â”€â”€â”€â”€â”€â”€â”€â”€â”€â”€â”€â”€â”€â”€â”€â”€â”€â”€â”€â”€â”€â”€â”€â”€â”€â”€â”€â”€â”€â”€â”€â”€â”€â”€â”€â”€\n[1]    2        3.2292           -0.0000                          \n[2]    3     1  0.1283  -3.1008   0.9603  0.9603  241.6234   <1e-7\n[3]    5     2  0.1017  -0.0266   0.9685  0.0082    1.0456  0.3950\nâ”€â”€â”€â”€â”€â”€â”€â”€â”€â”€â”€â”€â”€â”€â”€â”€â”€â”€â”€â”€â”€â”€â”€â”€â”€â”€â”€â”€â”€â”€â”€â”€â”€â”€â”€â”€â”€â”€â”€â”€â”€â”€â”€â”€â”€â”€â”€â”€â”€â”€â”€â”€â”€â”€â”€â”€â”€â”€â”€â”€â”€â”€â”€â”€â”€â”€"
   Evaluated: "F-test: 3 models fitted on 12 observations\nâ”€â”€â”€â”€â”€â”€â”€â”€â”€â”€â”€â”€â”€â”€â”€â”€â”€â”€â”€â”€â”€â”€â”€â”€â”€â”€â”€â”€â”€â”€â”€â”€â”€â”€â”€â”€â”€â”€â”€â”€â”€â”€â”€â”€â”€â”€â”€â”€â”€â”€â”€â”€â”€â”€â”€â”€â”€â”€â”€â”€â”€â”€â”€â”€â”€â”€\n     DOF  Î”DOF     SSR     Î”SSR       RÂ²     Î”RÂ²        F*   p(>F)\nâ”€â”€â”€â”€â”€â”€â”€â”€â”€â”€â”€â”€â”€â”€â”€â”€â”€â”€â”€â”€â”€â”€â”€â”€â”€â”€â”€â”€â”€â”€â”€â”€â”€â”€â”€â”€â”€â”€â”€â”€â”€â”€â”€â”€â”€â”€â”€â”€â”€â”€â”€â”€â”€â”€â”€â”€â”€â”€â”€â”€â”€â”€â”€â”€â”€â”€\n[1]    2        3.2292           -0.0000                          \n[2]    3     1  0.1283  -3.1008   0.9603  0.9603  241.6234  <1e-07\n[3]    5     2  0.1017  -0.0266   0.9685  0.0082    1.0456  0.3950\nâ”€â”€â”€â”€â”€â”€â”€â”€â”€â”€â”€â”€â”€â”€â”€â”€â”€â”€â”€â”€â”€â”€â”€â”€â”€â”€â”€â”€â”€â”€â”€â”€â”€â”€â”€â”€â”€â”€â”€â”€â”€â”€â”€â”€â”€â”€â”€â”€â”€â”€â”€â”€â”€â”€â”€â”€â”€â”€â”€â”€â”€â”€â”€â”€â”€â”€" == "F-test: 3 models fitted on 12 observations\nâ”€â”€â”€â”€â”€â”€â”€â”€â”€â”€â”€â”€â”€â”€â”€â”€â”€â”€â”€â”€â”€â”€â”€â”€â”€â”€â”€â”€â”€â”€â”€â”€â”€â”€â”€â”€â”€â”€â”€â”€â”€â”€â”€â”€â”€â”€â”€â”€â”€â”€â”€â”€â”€â”€â”€â”€â”€â”€â”€â”€â”€â”€â”€â”€â”€â”€\n     DOF  Î”DOF     SSR     Î”SSR       RÂ²     Î”RÂ²        F*   p(>F)\nâ”€â”€â”€â”€â”€â”€â”€â”€â”€â”€â”€â”€â”€â”€â”€â”€â”€â”€â”€â”€â”€â”€â”€â”€â”€â”€â”€â”€â”€â”€â”€â”€â”€â”€â”€â”€â”€â”€â”€â”€â”€â”€â”€â”€â”€â”€â”€â”€â”€â”€â”€â”€â”€â”€â”€â”€â”€â”€â”€â”€â”€â”€â”€â”€â”€â”€\n[1]    2        3.2292           -0.0000                          \n[2]    3     1  0.1283  -3.1008   0.9603  0.9603  241.6234   <1e-7\n[3]    5     2  0.1017  -0.0266   0.9685  0.0082    1.0456  0.3950\nâ”€â”€â”€â”€â”€â”€â”€â”€â”€â”€â”€â”€â”€â”€â”€â”€â”€â”€â”€â”€â”€â”€â”€â”€â”€â”€â”€â”€â”€â”€â”€â”€â”€â”€â”€â”€â”€â”€â”€â”€â”€â”€â”€â”€â”€â”€â”€â”€â”€â”€â”€â”€â”€â”€â”€â”€â”€â”€â”€â”€â”€â”€â”€â”€â”€â”€"
Stacktrace:
 [1] top-level scope
   @ ~/.julia/packages/GLM/dbJFe/test/runtests.jl:554
 [2] top-level scope
   @ /buildworker/worker/package_linux64/build/usr/share/julia/stdlib/v1.6/Test/src/Test.jl:1144
 [3] top-level scope
   @ ~/.julia/packages/GLM/dbJFe/test/runtests.jl:508
F test for model comparison: Test Failed at /home/pkgeval/.julia/packages/GLM/dbJFe/test/runtests.jl:568
  Expression: sprint(show, ft2b) == "F-test: 3 models fitted on 12 observations\nâ”€â”€â”€â”€â”€â”€â”€â”€â”€â”€â”€â”€â”€â”€â”€â”€â”€â”€â”€â”€â”€â”€â”€â”€â”€â”€â”€â”€â”€â”€â”€â”€â”€â”€â”€â”€â”€â”€â”€â”€â”€â”€â”€â”€â”€â”€â”€â”€â”€â”€â”€â”€â”€â”€â”€â”€â”€â”€â”€â”€â”€â”€â”€â”€â”€â”€\n     DOF  Î”DOF     SSR    Î”SSR       RÂ²      Î”RÂ²        F*   p(>F)\nâ”€â”€â”€â”€â”€â”€â”€â”€â”€â”€â”€â”€â”€â”€â”€â”€â”€â”€â”€â”€â”€â”€â”€â”€â”€â”€â”€â”€â”€â”€â”€â”€â”€â”€â”€â”€â”€â”€â”€â”€â”€â”€â”€â”€â”€â”€â”€â”€â”€â”€â”€â”€â”€â”€â”€â”€â”€â”€â”€â”€â”€â”€â”€â”€â”€â”€\n[1]    5        0.1017           0.9685                           \n[2]    3    -2  0.1283  0.0266   0.9603  -0.0082    1.0456  0.3950\n[3]    2    -1  3.2292  3.1008  -0.0000  -0.9603  241.6234   <1e-7\nâ”€â”€â”€â”€â”€â”€â”€â”€â”€â”€â”€â”€â”€â”€â”€â”€â”€â”€â”€â”€â”€â”€â”€â”€â”€â”€â”€â”€â”€â”€â”€â”€â”€â”€â”€â”€â”€â”€â”€â”€â”€â”€â”€â”€â”€â”€â”€â”€â”€â”€â”€â”€â”€â”€â”€â”€â”€â”€â”€â”€â”€â”€â”€â”€â”€â”€"
   Evaluated: "F-test: 3 models fitted on 12 observations\nâ”€â”€â”€â”€â”€â”€â”€â”€â”€â”€â”€â”€â”€â”€â”€â”€â”€â”€â”€â”€â”€â”€â”€â”€â”€â”€â”€â”€â”€â”€â”€â”€â”€â”€â”€â”€â”€â”€â”€â”€â”€â”€â”€â”€â”€â”€â”€â”€â”€â”€â”€â”€â”€â”€â”€â”€â”€â”€â”€â”€â”€â”€â”€â”€â”€â”€\n     DOF  Î”DOF     SSR    Î”SSR       RÂ²      Î”RÂ²        F*   p(>F)\nâ”€â”€â”€â”€â”€â”€â”€â”€â”€â”€â”€â”€â”€â”€â”€â”€â”€â”€â”€â”€â”€â”€â”€â”€â”€â”€â”€â”€â”€â”€â”€â”€â”€â”€â”€â”€â”€â”€â”€â”€â”€â”€â”€â”€â”€â”€â”€â”€â”€â”€â”€â”€â”€â”€â”€â”€â”€â”€â”€â”€â”€â”€â”€â”€â”€â”€\n[1]    5        0.1017           0.9685                           \n[2]    3    -2  0.1283  0.0266   0.9603  -0.0082    1.0456  0.3950\n[3]    2    -1  3.2292  3.1008  -0.0000  -0.9603  241.6234  <1e-07\nâ”€â”€â”€â”€â”€â”€â”€â”€â”€â”€â”€â”€â”€â”€â”€â”€â”€â”€â”€â”€â”€â”€â”€â”€â”€â”€â”€â”€â”€â”€â”€â”€â”€â”€â”€â”€â”€â”€â”€â”€â”€â”€â”€â”€â”€â”€â”€â”€â”€â”€â”€â”€â”€â”€â”€â”€â”€â”€â”€â”€â”€â”€â”€â”€â”€â”€" == "F-test: 3 models fitted on 12 observations\nâ”€â”€â”€â”€â”€â”€â”€â”€â”€â”€â”€â”€â”€â”€â”€â”€â”€â”€â”€â”€â”€â”€â”€â”€â”€â”€â”€â”€â”€â”€â”€â”€â”€â”€â”€â”€â”€â”€â”€â”€â”€â”€â”€â”€â”€â”€â”€â”€â”€â”€â”€â”€â”€â”€â”€â”€â”€â”€â”€â”€â”€â”€â”€â”€â”€â”€\n     DOF  Î”DOF     SSR    Î”SSR       RÂ²      Î”RÂ²        F*   p(>F)\nâ”€â”€â”€â”€â”€â”€â”€â”€â”€â”€â”€â”€â”€â”€â”€â”€â”€â”€â”€â”€â”€â”€â”€â”€â”€â”€â”€â”€â”€â”€â”€â”€â”€â”€â”€â”€â”€â”€â”€â”€â”€â”€â”€â”€â”€â”€â”€â”€â”€â”€â”€â”€â”€â”€â”€â”€â”€â”€â”€â”€â”€â”€â”€â”€â”€â”€\n[1]    5        0.1017           0.9685                           \n[2]    3    -2  0.1283  0.0266   0.9603  -0.0082    1.0456  0.3950\n[3]    2    -1  3.2292  3.1008  -0.0000  -0.9603  241.6234   <1e-7\nâ”€â”€â”€â”€â”€â”€â”€â”€â”€â”€â”€â”€â”€â”€â”€â”€â”€â”€â”€â”€â”€â”€â”€â”€â”€â”€â”€â”€â”€â”€â”€â”€â”€â”€â”€â”€â”€â”€â”€â”€â”€â”€â”€â”€â”€â”€â”€â”€â”€â”€â”€â”€â”€â”€â”€â”€â”€â”€â”€â”€â”€â”€â”€â”€â”€â”€"
Stacktrace:
 [1] top-level scope
   @ ~/.julia/packages/GLM/dbJFe/test/runtests.jl:568
 [2] top-level scope
   @ /buildworker/worker/package_linux64/build/usr/share/julia/stdlib/v1.6/Test/src/Test.jl:1144
 [3] top-level scope
   @ ~/.julia/packages/GLM/dbJFe/test/runtests.jl:508
Test Summary:               | Pass  Fail  Total
F test for model comparison |   20     4     24
ERROR: LoadError: Some tests did not pass: 20 passed, 4 failed, 0 errored, 0 broken.
in expression starting at /home/pkgeval/.julia/packages/GLM/dbJFe/test/runtests.jl:507
     Testing HypothesisTests
Status `/tmp/jl_bLQAqW/Project.toml`
  [861a8166] Combinatorics v1.0.2
  [31c24e10] Distributions v0.23.12
  [09f84164] HypothesisTests v0.10.1
  [79098fc4] Rmath v0.6.1
  [f2b01f46] Roots v1.0.5
  [860ef19b] StableRNGs v1.0.0
  [2913bbd2] StatsBase v0.33.2
  [8bb1440f] DelimitedFiles
  [37e2e46d] LinearAlgebra
  [9a3f8284] Random
  [10745b16] Statistics
  [8dfed614] Test
Status `/tmp/jl_bLQAqW/Manifest.toml`
  [861a8166] Combinatorics v1.0.2
  [34da2185] Compat v3.20.0
  [e66e0078] CompilerSupportLibraries_jll v0.3.4+0
  [9a962f9c] DataAPI v1.3.0
  [864edb3b] DataStructures v0.18.7
  [31c24e10] Distributions v0.23.12
  [1a297f60] FillArrays v0.9.7
  [09f84164] HypothesisTests v0.10.1
  [692b3bcd] JLLWrappers v1.1.2
  [e1d29d7a] Missings v0.4.4
  [efe28fd5] OpenSpecFun_jll v0.5.3+4
  [bac558e1] OrderedCollections v1.3.1
  [90014a1f] PDMats v0.10.1
  [1fd47b50] QuadGK v2.4.1
  [79098fc4] Rmath v0.6.1
  [f50d1b31] Rmath_jll v0.2.2+1
  [f2b01f46] Roots v1.0.5
  [a2af1166] SortingAlgorithms v0.3.1
  [276daf66] SpecialFunctions v0.10.3
  [860ef19b] StableRNGs v1.0.0
  [90137ffa] StaticArrays v0.12.4
  [2913bbd2] StatsBase v0.33.2
  [4c63d2b9] StatsFuns v0.9.5
  [0dad84c5] ArgTools
  [56f22d72] Artifacts
  [2a0f44e3] Base64
  [ade2ca70] Dates
  [8bb1440f] DelimitedFiles
  [8ba89e20] Distributed
  [f43a241f] Downloads
  [b77e0a4c] InteractiveUtils
  [b27032c2] LibCURL
  [deac9b47] LibCURL_jll
  [76f85450] LibGit2
  [8f399da3] Libdl
  [37e2e46d] LinearAlgebra
  [56ddb016] Logging
  [d6f4376e] Markdown
  [a63ad114] Mmap
  [14a3606d] MozillaCACerts_jll
  [44cfe95a] Pkg
  [de0858da] Printf
  [3fa0cd96] REPL
  [9a3f8284] Random
  [ea8e919c] SHA
  [9e88b42a] Serialization
  [1a1011a3] SharedArrays
  [6462fe0b] Sockets
  [2f01184e] SparseArrays
  [10745b16] Statistics
  [4607b0f0] SuiteSparse
  [fa267f1f] TOML
  [8dfed614] Test
  [cf7118a7] UUIDs
  [4ec0a83e] Unicode
     Testing Running tests...
Test Summary:    | Pass  Total
Anderson-Darling |   28     28
Test Summary:           | Pass  Total
Augmented Dickey-Fuller |   56     56
Test Summary:   | Pass  Total
Bartlett's test |    5      5
Test Summary: | Pass  Total
Binomial      |  117    117
Test Summary: | Pass  Total
SignTest      |   41     41
Test Summary:            | Pass  Total
Box-Pierce and Ljung-Box |   22     22
Test Summary:   | Pass  Total
Breusch-Godfrey |   25     25
Test Summary: | Pass  Total
Circular      |    9      9
Test Summary: | Pass  Total
Common        |    4      4
â”Œ Warning: Exact p-values outside [0,1]. Approximate p-values reported instead.
â”” @ HypothesisTests ~/.julia/packages/HypothesisTests/JapDD/src/durbin_watson.jl:196
â”Œ Warning: Exact p-values outside [0,1]. Approximate p-values reported instead.
â”” @ HypothesisTests ~/.julia/packages/HypothesisTests/JapDD/src/durbin_watson.jl:196
â”Œ Warning: Exact p-values outside [0,1]. Approximate p-values reported instead.
â”” @ HypothesisTests ~/.julia/packages/HypothesisTests/JapDD/src/durbin_watson.jl:196
â”Œ Warning: Exact p-values outside [0,1]. Approximate p-values reported instead.
â”” @ HypothesisTests ~/.julia/packages/HypothesisTests/JapDD/src/durbin_watson.jl:196
Test Summary: | Pass  Total
Durbin-Watson |   48     48
Test Summary: | Pass  Total
Fisher        |  114    114
Test Summary: | Pass  Total
Jarque-Bera   |   12     12
Test Summary:               | Pass  Total
Hotelling utility functions |    7      7
Test Summary:             | Pass  Total
One sample Hotelling's TÂ² |   12     12
Test Summary:             | Pass  Total
Two sample Hotelling's TÂ² |   12     12
â”Œ Warning: This test is inaccurate with ties
â”” @ HypothesisTests ~/.julia/packages/HypothesisTests/JapDD/src/kolmogorov_smirnov.jl:112
â”Œ Warning: This test is inaccurate with ties
â”” @ HypothesisTests ~/.julia/packages/HypothesisTests/JapDD/src/kolmogorov_smirnov.jl:167
â”Œ Warning: This test is inaccurate with ties
â”” @ HypothesisTests ~/.julia/packages/HypothesisTests/JapDD/src/kolmogorov_smirnov.jl:68
Test Summary:      | Pass  Total
Kolmogorov-Smirnov |   51     51
â”Œ Warning: This test is only asymptotically correct and might be inaccurate for the given group size
â”” @ HypothesisTests ~/.julia/packages/HypothesisTests/JapDD/src/kruskal_wallis.jl:73
Test Summary:  | Pass  Total
Kruskal-Wallis |   19     19
Test Summary: | Pass  Total
Mann-Whitney  |   25     25
Test Summary:       | Pass  Total
Partial correlation |   11     11
Test Summary: | Pass  Total
Permutation   |    8      8
Test Summary:    | Pass  Total
Power Divergence |   41     41
Show: Test Failed at /home/pkgeval/.julia/packages/HypothesisTests/JapDD/test/show.jl:56
  Expression: sprint(show, m, context = :compact => true) == "Pearson's Chi-square Test\n-------------------------\nPopulation details:\n    parameter of interest:   Multinomial Probabilities\n    value under h_0:         [0.255231, 0.19671, 0.11594, 0.0893561, 0.193574, 0.14919]\n    point estimate:          [0.276387, 0.175553, 0.118607, 0.0866884, 0.16975, 0.173014]\n    95% confidence interval: [(0.2545, 0.2994), (0.1573, 0.1955), (0.1033, 0.1358), (0.0736, 0.1019), (0.1517, 0.1894), (0.1548, 0.1928)]\n\nTest summary:\n    outcome with 95% confidence: reject h_0\n    one-sided p-value:           <1e-6\n\nDetails:\n    Sample size:        2757\n    statistic:          30.070149095754687\n    degrees of freedom: 2\n    residuals:          [2.19886, -2.50467, 0.41137, -0.468583, -2.84324, 3.23867]\n    std. residuals:     [4.50205, -4.50205, 0.699452, -0.699452, -5.31595, 5.31595]\n"
   Evaluated: "Pearson's Chi-square Test\n-------------------------\nPopulation details:\n    parameter of interest:   Multinomial Probabilities\n    value under h_0:         [0.255231, 0.19671, 0.11594, 0.0893561, 0.193574, 0.14919]\n    point estimate:          [0.276387, 0.175553, 0.118607, 0.0866884, 0.16975, 0.173014]\n    95% confidence interval: [(0.2545, 0.2994), (0.1573, 0.1955), (0.1033, 0.1358), (0.0736, 0.1019), (0.1517, 0.1894), (0.1548, 0.1928)]\n\nTest summary:\n    outcome with 95% confidence: reject h_0\n    one-sided p-value:           <1e-06\n\nDetails:\n    Sample size:        2757\n    statistic:          30.070149095754687\n    degrees of freedom: 2\n    residuals:          [2.19886, -2.50467, 0.41137, -0.468583, -2.84324, 3.23867]\n    std. residuals:     [4.50205, -4.50205, 0.699452, -0.699452, -5.31595, 5.31595]\n" == "Pearson's Chi-square Test\n-------------------------\nPopulation details:\n    parameter of interest:   Multinomial Probabilities\n    value under h_0:         [0.255231, 0.19671, 0.11594, 0.0893561, 0.193574, 0.14919]\n    point estimate:          [0.276387, 0.175553, 0.118607, 0.0866884, 0.16975, 0.173014]\n    95% confidence interval: [(0.2545, 0.2994), (0.1573, 0.1955), (0.1033, 0.1358), (0.0736, 0.1019), (0.1517, 0.1894), (0.1548, 0.1928)]\n\nTest summary:\n    outcome with 95% confidence: reject h_0\n    one-sided p-value:           <1e-6\n\nDetails:\n    Sample size:        2757\n    statistic:          30.070149095754687\n    degrees of freedom: 2\n    residuals:          [2.19886, -2.50467, 0.41137, -0.468583, -2.84324, 3.23867]\n    std. residuals:     [4.50205, -4.50205, 0.699452, -0.699452, -5.31595, 5.31595]\n"
Stacktrace:
 [1] top-level scope
   @ ~/.julia/packages/HypothesisTests/JapDD/test/show.jl:56
 [2] top-level scope
   @ /buildworker/worker/package_linux64/build/usr/share/julia/stdlib/v1.6/Test/src/Test.jl:1144
 [3] top-level scope
   @ ~/.julia/packages/HypothesisTests/JapDD/test/show.jl:5
Test Summary: | Pass  Fail  Total
Show          |    2     1      3
ERROR: LoadError: LoadError: Some tests did not pass: 2 passed, 1 failed, 0 errored, 0 broken.
in expression starting at /home/pkgeval/.julia/packages/HypothesisTests/JapDD/test/show.jl:3
in expression starting at /home/pkgeval/.julia/packages/HypothesisTests/JapDD/test/runtests.jl:33
     Testing KernelDensity
Status `/tmp/jl_2VkifU/Project.toml`
  [31c24e10] Distributions v0.23.12
  [ffbed154] DocStringExtensions v0.8.3
  [7a1cc6ca] FFTW v1.2.4
  [a98d9a8b] Interpolations v0.12.10
  [5ab0869b] KernelDensity v0.6.1
  [2913bbd2] StatsBase v0.33.2
  [8dfed614] Test
Status `/tmp/jl_2VkifU/Manifest.toml`
  [621f4979] AbstractFFTs v0.5.0
  [13072b0f] AxisAlgorithms v1.0.0
  [34da2185] Compat v3.20.0
  [e66e0078] CompilerSupportLibraries_jll v0.3.4+0
  [9a962f9c] DataAPI v1.3.0
  [864edb3b] DataStructures v0.18.7
  [31c24e10] Distributions v0.23.12
  [ffbed154] DocStringExtensions v0.8.3
  [7a1cc6ca] FFTW v1.2.4
  [f5851436] FFTW_jll v3.3.9+6
  [1a297f60] FillArrays v0.9.7
  [1d5cc7b8] IntelOpenMP_jll v2018.0.3+0
  [a98d9a8b] Interpolations v0.12.10
  [692b3bcd] JLLWrappers v1.1.2
  [5ab0869b] KernelDensity v0.6.1
  [856f044c] MKL_jll v2020.2.254+0
  [e1d29d7a] Missings v0.4.4
  [6fe1bfb0] OffsetArrays v1.3.1
  [efe28fd5] OpenSpecFun_jll v0.5.3+4
  [bac558e1] OrderedCollections v1.3.1
  [90014a1f] PDMats v0.10.1
  [1fd47b50] QuadGK v2.4.1
  [c84ed2f1] Ratios v0.4.0
  [189a3867] Reexport v0.2.0
  [79098fc4] Rmath v0.6.1
  [f50d1b31] Rmath_jll v0.2.2+1
  [a2af1166] SortingAlgorithms v0.3.1
  [276daf66] SpecialFunctions v0.10.3
  [90137ffa] StaticArrays v0.12.4
  [2913bbd2] StatsBase v0.33.2
  [4c63d2b9] StatsFuns v0.9.5
  [efce3f68] WoodburyMatrices v0.5.2
  [0dad84c5] ArgTools
  [56f22d72] Artifacts
  [2a0f44e3] Base64
  [ade2ca70] Dates
  [8bb1440f] DelimitedFiles
  [8ba89e20] Distributed
  [f43a241f] Downloads
  [b77e0a4c] InteractiveUtils
  [b27032c2] LibCURL
  [deac9b47] LibCURL_jll
  [76f85450] LibGit2
  [8f399da3] Libdl
  [37e2e46d] LinearAlgebra
  [56ddb016] Logging
  [d6f4376e] Markdown
  [a63ad114] Mmap
  [14a3606d] MozillaCACerts_jll
  [44cfe95a] Pkg
  [de0858da] Printf
  [3fa0cd96] REPL
  [9a3f8284] Random
  [ea8e919c] SHA
  [9e88b42a] Serialization
  [1a1011a3] SharedArrays
  [6462fe0b] Sockets
  [2f01184e] SparseArrays
  [10745b16] Statistics
  [4607b0f0] SuiteSparse
  [fa267f1f] TOML
  [8dfed614] Test
  [cf7118a7] UUIDs
  [4ec0a83e] Unicode
     Testing Running tests...
Running tests:
 * univariate.jl
 * bivariate.jl
 * interp.jl
     Testing KernelDensity tests passed 
     Testing Loess
Status `/tmp/jl_gl93TU/Project.toml`
  [b4f34e82] Distances v0.9.2
  [4345ca2d] Loess v0.5.0
  [9a3f8284] Random
  [10745b16] Statistics
  [8dfed614] Test
Status `/tmp/jl_gl93TU/Manifest.toml`
  [b4f34e82] Distances v0.9.2
  [4345ca2d] Loess v0.5.0
  [2a0f44e3] Base64
  [b77e0a4c] InteractiveUtils
  [8f399da3] Libdl
  [37e2e46d] LinearAlgebra
  [56ddb016] Logging
  [d6f4376e] Markdown
  [9a3f8284] Random
  [9e88b42a] Serialization
  [2f01184e] SparseArrays
  [10745b16] Statistics
  [8dfed614] Test
     Testing Running tests...
     Testing Loess tests passed 
     Testing MultivariateStats
Status `/tmp/jl_EVHopV/Project.toml`
  [7d9fca2a] Arpack v0.4.0
  [6f286f6a] MultivariateStats v0.7.0
  [2913bbd2] StatsBase v0.33.2
  [37e2e46d] LinearAlgebra
  [2f01184e] SparseArrays
  [10745b16] Statistics
  [8dfed614] Test
Status `/tmp/jl_EVHopV/Manifest.toml`
  [7d9fca2a] Arpack v0.4.0
  [68821587] Arpack_jll v3.5.0+3
  [34da2185] Compat v3.20.0
  [e66e0078] CompilerSupportLibraries_jll v0.3.4+0
  [9a962f9c] DataAPI v1.3.0
  [864edb3b] DataStructures v0.18.7
  [692b3bcd] JLLWrappers v1.1.2
  [e1d29d7a] Missings v0.4.4
  [6f286f6a] MultivariateStats v0.7.0
  [4536629a] OpenBLAS_jll v0.3.10+0
  [bac558e1] OrderedCollections v1.3.1
  [a2af1166] SortingAlgorithms v0.3.1
  [2913bbd2] StatsBase v0.33.2
  [0dad84c5] ArgTools
  [56f22d72] Artifacts
  [2a0f44e3] Base64
  [ade2ca70] Dates
  [8bb1440f] DelimitedFiles
  [8ba89e20] Distributed
  [f43a241f] Downloads
  [b77e0a4c] InteractiveUtils
  [b27032c2] LibCURL
  [deac9b47] LibCURL_jll
  [76f85450] LibGit2
  [8f399da3] Libdl
  [37e2e46d] LinearAlgebra
  [56ddb016] Logging
  [d6f4376e] Markdown
  [a63ad114] Mmap
  [14a3606d] MozillaCACerts_jll
  [44cfe95a] Pkg
  [de0858da] Printf
  [3fa0cd96] REPL
  [9a3f8284] Random
  [ea8e919c] SHA
  [9e88b42a] Serialization
  [1a1011a3] SharedArrays
  [6462fe0b] Sockets
  [2f01184e] SparseArrays
  [10745b16] Statistics
  [fa267f1f] TOML
  [8dfed614] Test
  [cf7118a7] UUIDs
  [4ec0a83e] Unicode
     Testing Running tests...
ERROR: LoadError: LoadError: ArgumentError: Package Random not found in current path:
- Run `import Pkg; Pkg.add("Random")` to install the Random package.

Stacktrace:
 [1] require(into::Module, mod::Symbol)
   @ Base ./loading.jl:883
 [2] include(fname::String)
   @ Base.MainInclude ./client.jl:444
 [3] top-level scope
   @ ~/.julia/packages/MultivariateStats/BYMwD/test/runtests.jl:14
 [4] include(fname::String)
   @ Base.MainInclude ./client.jl:444
 [5] top-level scope
   @ none:6
in expression starting at /home/pkgeval/.julia/packages/MultivariateStats/BYMwD/test/lreg.jl:4
in expression starting at /home/pkgeval/.julia/packages/MultivariateStats/BYMwD/test/runtests.jl:13
     Testing StatsBase
Status `/tmp/jl_4Euw3U/Project.toml`
  [9a962f9c] DataAPI v1.3.0
  [864edb3b] DataStructures v0.18.7
  [e1d29d7a] Missings v0.4.4
  [a2af1166] SortingAlgorithms v0.3.1
  [860ef19b] StableRNGs v1.0.0
  [2913bbd2] StatsBase v0.33.2
  [ade2ca70] Dates
  [8bb1440f] DelimitedFiles
  [37e2e46d] LinearAlgebra
  [de0858da] Printf
  [9a3f8284] Random
  [2f01184e] SparseArrays
  [10745b16] Statistics
  [8dfed614] Test
Status `/tmp/jl_4Euw3U/Manifest.toml`
  [34da2185] Compat v3.20.0
  [9a962f9c] DataAPI v1.3.0
  [864edb3b] DataStructures v0.18.7
  [e1d29d7a] Missings v0.4.4
  [bac558e1] OrderedCollections v1.3.1
  [a2af1166] SortingAlgorithms v0.3.1
  [860ef19b] StableRNGs v1.0.0
  [2913bbd2] StatsBase v0.33.2
  [0dad84c5] ArgTools
  [56f22d72] Artifacts
  [2a0f44e3] Base64
  [ade2ca70] Dates
  [8bb1440f] DelimitedFiles
  [8ba89e20] Distributed
  [f43a241f] Downloads
  [b77e0a4c] InteractiveUtils
  [b27032c2] LibCURL
  [deac9b47] LibCURL_jll
  [76f85450] LibGit2
  [8f399da3] Libdl
  [37e2e46d] LinearAlgebra
  [56ddb016] Logging
  [d6f4376e] Markdown
  [a63ad114] Mmap
  [14a3606d] MozillaCACerts_jll
  [44cfe95a] Pkg
  [de0858da] Printf
  [3fa0cd96] REPL
  [9a3f8284] Random
  [ea8e919c] SHA
  [9e88b42a] Serialization
  [1a1011a3] SharedArrays
  [6462fe0b] Sockets
  [2f01184e] SparseArrays
  [10745b16] Statistics
  [fa267f1f] TOML
  [8dfed614] Test
  [cf7118a7] UUIDs
  [4ec0a83e] Unicode
     Testing Running tests...
Running tests:
 * ambiguous.jl ...
Skipping Base.active_repl
Skipping Base.active_repl_backend
Skipping StatsBase.findat
Skipping StatsBase.wmean!
Skipping Base.active_repl
Skipping Base.active_repl_backend
Test Summary: | Broken  Total
Ambiguities   |      1      1
 * weights.jl ...
Test Summary:     | Pass  Total
StatsBase.Weights | 3581   3581
 * moments.jl ...
Test Summary:     | Pass  Total
StatsBase.Moments |  356    356
 * scalarstats.jl ...
 * deviation.jl ...
 * cov.jl ...
Test Summary:        | Pass  Total
StatsBase.Covariance |  392    392
 * counts.jl ...
Test Summary: | Pass  Total
views         |    1      1
 * ranking.jl ...
 * empirical.jl ...
Test Summary: | Pass  Total
ECDF          |    8      8
Test Summary: | Pass  Total
Weighted ECDF |   13     13
 * hist.jl ...
Test Summary:       | Pass  Total
StatsBase.Histogram |  104    104
 * rankcorr.jl ...
 * signalcorr.jl ...
 * misc.jl ...
 * robust.jl ...
 * sampling.jl ...
Test Summary:  | Pass  Total
sampling pairs |    4      4
 * wsampling.jl ...
 * statmodels.jl ...
 * partialcor.jl ...
 * transformations.jl ...
Test Summary:   | Pass  Total
Transformations |  113    113
     Testing StatsBase tests passed 
     Testing TimeSeries
Status `/tmp/jl_W0sqBU/Project.toml`
  [336ed68f] CSV v0.7.7
  [a93c6f00] DataFrames v0.21.8
  [ffbed154] DocStringExtensions v0.8.3
  [945b72a4] MarketData v0.13.1
  [3cdcf5f2] RecipesBase v1.1.0
  [189a3867] Reexport v0.2.0
  [bd369af6] Tables v1.1.0
  [9e3dc215] TimeSeries v0.19.1
  [ade2ca70] Dates
  [8bb1440f] DelimitedFiles
  [9a3f8284] Random
  [10745b16] Statistics
  [8dfed614] Test
Status `/tmp/jl_W0sqBU/Manifest.toml`
  [336ed68f] CSV v0.7.7
  [324d7699] CategoricalArrays v0.8.3
  [34da2185] Compat v3.20.0
  [9a962f9c] DataAPI v1.3.0
  [a93c6f00] DataFrames v0.21.8
  [864edb3b] DataStructures v0.18.7
  [e2d170a0] DataValueInterfaces v1.0.0
  [ffbed154] DocStringExtensions v0.8.3
  [cd3eb016] HTTP v0.8.19
  [83e8ac13] IniFile v0.5.0
  [41ab1584] InvertedIndices v1.0.0
  [82899510] IteratorInterfaceExtensions v1.0.0
  [682c06a0] JSON v0.21.1
  [945b72a4] MarketData v0.13.1
  [739be429] MbedTLS v1.0.2
  [c8ffd9c3] MbedTLS_jll v2.16.8+0
  [e1d29d7a] Missings v0.4.4
  [bac558e1] OrderedCollections v1.3.1
  [69de0a69] Parsers v1.0.11
  [2dfb63ee] PooledArrays v0.5.3
  [3cdcf5f2] RecipesBase v1.1.0
  [189a3867] Reexport v0.2.0
  [91c51154] SentinelArrays v1.2.16
  [a2af1166] SortingAlgorithms v0.3.1
  [856f2bd8] StructTypes v1.1.0
  [3783bdb8] TableTraits v1.0.0
  [bd369af6] Tables v1.1.0
  [9e3dc215] TimeSeries v0.19.1
  [0dad84c5] ArgTools
  [56f22d72] Artifacts
  [2a0f44e3] Base64
  [ade2ca70] Dates
  [8bb1440f] DelimitedFiles
  [8ba89e20] Distributed
  [f43a241f] Downloads
  [9fa8497b] Future
  [b77e0a4c] InteractiveUtils
  [b27032c2] LibCURL
  [deac9b47] LibCURL_jll
  [76f85450] LibGit2
  [8f399da3] Libdl
  [37e2e46d] LinearAlgebra
  [56ddb016] Logging
  [d6f4376e] Markdown
  [a63ad114] Mmap
  [14a3606d] MozillaCACerts_jll
  [44cfe95a] Pkg
  [de0858da] Printf
  [3fa0cd96] REPL
  [9a3f8284] Random
  [ea8e919c] SHA
  [9e88b42a] Serialization
  [1a1011a3] SharedArrays
  [6462fe0b] Sockets
  [2f01184e] SparseArrays
  [10745b16] Statistics
  [fa267f1f] TOML
  [8dfed614] Test
  [cf7118a7] UUIDs
  [4ec0a83e] Unicode
     Testing Running tests...
[ Info: Running tests:
[ Info: 	* timearray ...
show methods don't throw errors: Test Failed at /home/pkgeval/.julia/packages/TimeSeries/Kbq5K/test/timearray.jl:485
  Expression: str == out
   Evaluated: "500Ã—1 TimeArray{Float64, 1, Date, Vector{Float64}} 2000-01-03 to 2001-12-31" == "500Ã—1 TimeArray{Float64,1,Date,Array{Float64,1}} 2000-01-03 to 2001-12-31"
Stacktrace:
 [1] macro expansion
   @ ~/.julia/packages/TimeSeries/Kbq5K/test/timearray.jl:485 [inlined]
 [2] macro expansion
   @ /buildworker/worker/package_linux64/build/usr/share/julia/stdlib/v1.6/Test/src/Test.jl:1144 [inlined]
 [3] macro expansion
   @ ~/.julia/packages/TimeSeries/Kbq5K/test/timearray.jl:482 [inlined]
 [4] macro expansion
   @ /buildworker/worker/package_linux64/build/usr/share/julia/stdlib/v1.6/Test/src/Test.jl:1144 [inlined]
 [5] top-level scope
   @ ~/.julia/packages/TimeSeries/Kbq5K/test/timearray.jl:12
show methods don't throw errors: Test Failed at /home/pkgeval/.julia/packages/TimeSeries/Kbq5K/test/timearray.jl:510
  Expression: str == out
   Evaluated: "500Ã—1 TimeArray{Float64, 1, Date, Vector{Float64}} 2000-01-03 to 2001-12-31\nâ”‚            â”‚ Close  â”‚\nâ”œâ”€â”€â”€â”€â”€â”€â”€â”€â”€â”€â”€â”€â”¼â”€â”€â”€â”€â”€â”€â”€â”€â”¤\nâ”‚ 2000-01-03 â”‚ 111.94 â”‚\nâ”‚ 2000-01-04 â”‚ 102.5  â”‚\nâ”‚ 2000-01-05 â”‚ 104.0  â”‚\nâ”‚ 2000-01-06 â”‚ 95.0   â”‚\nâ”‚ 2000-01-07 â”‚ 99.5   â”‚\nâ”‚ 2000-01-10 â”‚ 97.75  â”‚\nâ”‚ 2000-01-11 â”‚ 92.75  â”‚\nâ”‚ 2000-01-12 â”‚ 87.19  â”‚\nâ”‚ 2000-01-13 â”‚ 96.75  â”‚\n   â‹®\nâ”‚ 2001-12-19 â”‚ 21.62  â”‚\nâ”‚ 2001-12-20 â”‚ 20.67  â”‚\nâ”‚ 2001-12-21 â”‚ 21.0   â”‚\nâ”‚ 2001-12-24 â”‚ 21.36  â”‚\nâ”‚ 2001-12-26 â”‚ 21.49  â”‚\nâ”‚ 2001-12-27 â”‚ 22.07  â”‚\nâ”‚ 2001-12-28 â”‚ 22.43  â”‚\nâ”‚ 2001-12-31 â”‚ 21.9   â”‚" == "500Ã—1 TimeArray{Float64,1,Date,Array{Float64,1}} 2000-01-03 to 2001-12-31\nâ”‚            â”‚ Close  â”‚\nâ”œâ”€â”€â”€â”€â”€â”€â”€â”€â”€â”€â”€â”€â”¼â”€â”€â”€â”€â”€â”€â”€â”€â”¤\nâ”‚ 2000-01-03 â”‚ 111.94 â”‚\nâ”‚ 2000-01-04 â”‚ 102.5  â”‚\nâ”‚ 2000-01-05 â”‚ 104.0  â”‚\nâ”‚ 2000-01-06 â”‚ 95.0   â”‚\nâ”‚ 2000-01-07 â”‚ 99.5   â”‚\nâ”‚ 2000-01-10 â”‚ 97.75  â”‚\nâ”‚ 2000-01-11 â”‚ 92.75  â”‚\nâ”‚ 2000-01-12 â”‚ 87.19  â”‚\nâ”‚ 2000-01-13 â”‚ 96.75  â”‚\n   â‹®\nâ”‚ 2001-12-19 â”‚ 21.62  â”‚\nâ”‚ 2001-12-20 â”‚ 20.67  â”‚\nâ”‚ 2001-12-21 â”‚ 21.0   â”‚\nâ”‚ 2001-12-24 â”‚ 21.36  â”‚\nâ”‚ 2001-12-26 â”‚ 21.49  â”‚\nâ”‚ 2001-12-27 â”‚ 22.07  â”‚\nâ”‚ 2001-12-28 â”‚ 22.43  â”‚\nâ”‚ 2001-12-31 â”‚ 21.9   â”‚"
Stacktrace:
 [1] macro expansion
   @ ~/.julia/packages/TimeSeries/Kbq5K/test/timearray.jl:510 [inlined]
 [2] macro expansion
   @ /buildworker/worker/package_linux64/build/usr/share/julia/stdlib/v1.6/Test/src/Test.jl:1144 [inlined]
 [3] macro expansion
   @ ~/.julia/packages/TimeSeries/Kbq5K/test/timearray.jl:482 [inlined]
 [4] macro expansion
   @ /buildworker/worker/package_linux64/build/usr/share/julia/stdlib/v1.6/Test/src/Test.jl:1144 [inlined]
 [5] top-level scope
   @ ~/.julia/packages/TimeSeries/Kbq5K/test/timearray.jl:12
show methods don't throw errors: Test Failed at /home/pkgeval/.julia/packages/TimeSeries/Kbq5K/test/timearray.jl:516
  Expression: str == out
   Evaluated: "500Ã—4 TimeArray{Float64, 2, Date, Matrix{Float64}} 2000-01-03 to 2001-12-31" == "500Ã—4 TimeArray{Float64,2,Date,Array{Float64,2}} 2000-01-03 to 2001-12-31"
Stacktrace:
 [1] macro expansion
   @ ~/.julia/packages/TimeSeries/Kbq5K/test/timearray.jl:516 [inlined]
 [2] macro expansion
   @ /buildworker/worker/package_linux64/build/usr/share/julia/stdlib/v1.6/Test/src/Test.jl:1144 [inlined]
 [3] macro expansion
   @ ~/.julia/packages/TimeSeries/Kbq5K/test/timearray.jl:482 [inlined]
 [4] macro expansion
   @ /buildworker/worker/package_linux64/build/usr/share/julia/stdlib/v1.6/Test/src/Test.jl:1144 [inlined]
 [5] top-level scope
   @ ~/.julia/packages/TimeSeries/Kbq5K/test/timearray.jl:12
show methods don't throw errors: Test Failed at /home/pkgeval/.julia/packages/TimeSeries/Kbq5K/test/timearray.jl:541
  Expression: str == out
   Evaluated: "500Ã—4 TimeArray{Float64, 2, Date, Matrix{Float64}} 2000-01-03 to 2001-12-31\nâ”‚            â”‚ Open   â”‚ High   â”‚ Low    â”‚ Close  â”‚\nâ”œâ”€â”€â”€â”€â”€â”€â”€â”€â”€â”€â”€â”€â”¼â”€â”€â”€â”€â”€â”€â”€â”€â”¼â”€â”€â”€â”€â”€â”€â”€â”€â”¼â”€â”€â”€â”€â”€â”€â”€â”€â”¼â”€â”€â”€â”€â”€â”€â”€â”€â”¤\nâ”‚ 2000-01-03 â”‚ 104.88 â”‚ 112.5  â”‚ 101.69 â”‚ 111.94 â”‚\nâ”‚ 2000-01-04 â”‚ 108.25 â”‚ 110.62 â”‚ 101.19 â”‚ 102.5  â”‚\nâ”‚ 2000-01-05 â”‚ 103.75 â”‚ 110.56 â”‚ 103.0  â”‚ 104.0  â”‚\nâ”‚ 2000-01-06 â”‚ 106.12 â”‚ 107.0  â”‚ 95.0   â”‚ 95.0   â”‚\nâ”‚ 2000-01-07 â”‚ 96.5   â”‚ 101.0  â”‚ 95.5   â”‚ 99.5   â”‚\nâ”‚ 2000-01-10 â”‚ 102.0  â”‚ 102.25 â”‚ 94.75  â”‚ 97.75  â”‚\nâ”‚ 2000-01-11 â”‚ 95.94  â”‚ 99.38  â”‚ 90.5   â”‚ 92.75  â”‚\nâ”‚ 2000-01-12 â”‚ 95.0   â”‚ 95.5   â”‚ 86.5   â”‚ 87.19  â”‚\nâ”‚ 2000-01-13 â”‚ 94.48  â”‚ 98.75  â”‚ 92.5   â”‚ 96.75  â”‚\n   â‹®\nâ”‚ 2001-12-19 â”‚ 20.58  â”‚ 21.68  â”‚ 20.47  â”‚ 21.62  â”‚\nâ”‚ 2001-12-20 â”‚ 21.4   â”‚ 21.47  â”‚ 20.62  â”‚ 20.67  â”‚\nâ”‚ 2001-12-21 â”‚ 21.01  â”‚ 21.54  â”‚ 20.8   â”‚ 21.0   â”‚\nâ”‚ 2001-12-24 â”‚ 20.9   â”‚ 21.45  â”‚ 20.9   â”‚ 21.36  â”‚\nâ”‚ 2001-12-26 â”‚ 21.35  â”‚ 22.3   â”‚ 21.14  â”‚ 21.49  â”‚\nâ”‚ 2001-12-27 â”‚ 21.58  â”‚ 22.25  â”‚ 21.58  â”‚ 22.07  â”‚\nâ”‚ 2001-12-28 â”‚ 21.97  â”‚ 23.0   â”‚ 21.96  â”‚ 22.43  â”‚\nâ”‚ 2001-12-31 â”‚ 22.51  â”‚ 22.66  â”‚ 21.83  â”‚ 21.9   â”‚" == "500Ã—4 TimeArray{Float64,2,Date,Array{Float64,2}} 2000-01-03 to 2001-12-31\nâ”‚            â”‚ Open   â”‚ High   â”‚ Low    â”‚ Close  â”‚\nâ”œâ”€â”€â”€â”€â”€â”€â”€â”€â”€â”€â”€â”€â”¼â”€â”€â”€â”€â”€â”€â”€â”€â”¼â”€â”€â”€â”€â”€â”€â”€â”€â”¼â”€â”€â”€â”€â”€â”€â”€â”€â”¼â”€â”€â”€â”€â”€â”€â”€â”€â”¤\nâ”‚ 2000-01-03 â”‚ 104.88 â”‚ 112.5  â”‚ 101.69 â”‚ 111.94 â”‚\nâ”‚ 2000-01-04 â”‚ 108.25 â”‚ 110.62 â”‚ 101.19 â”‚ 102.5  â”‚\nâ”‚ 2000-01-05 â”‚ 103.75 â”‚ 110.56 â”‚ 103.0  â”‚ 104.0  â”‚\nâ”‚ 2000-01-06 â”‚ 106.12 â”‚ 107.0  â”‚ 95.0   â”‚ 95.0   â”‚\nâ”‚ 2000-01-07 â”‚ 96.5   â”‚ 101.0  â”‚ 95.5   â”‚ 99.5   â”‚\nâ”‚ 2000-01-10 â”‚ 102.0  â”‚ 102.25 â”‚ 94.75  â”‚ 97.75  â”‚\nâ”‚ 2000-01-11 â”‚ 95.94  â”‚ 99.38  â”‚ 90.5   â”‚ 92.75  â”‚\nâ”‚ 2000-01-12 â”‚ 95.0   â”‚ 95.5   â”‚ 86.5   â”‚ 87.19  â”‚\nâ”‚ 2000-01-13 â”‚ 94.48  â”‚ 98.75  â”‚ 92.5   â”‚ 96.75  â”‚\n   â‹®\nâ”‚ 2001-12-19 â”‚ 20.58  â”‚ 21.68  â”‚ 20.47  â”‚ 21.62  â”‚\nâ”‚ 2001-12-20 â”‚ 21.4   â”‚ 21.47  â”‚ 20.62  â”‚ 20.67  â”‚\nâ”‚ 2001-12-21 â”‚ 21.01  â”‚ 21.54  â”‚ 20.8   â”‚ 21.0   â”‚\nâ”‚ 2001-12-24 â”‚ 20.9   â”‚ 21.45  â”‚ 20.9   â”‚ 21.36  â”‚\nâ”‚ 2001-12-26 â”‚ 21.35  â”‚ 22.3   â”‚ 21.14  â”‚ 21.49  â”‚\nâ”‚ 2001-12-27 â”‚ 21.58  â”‚ 22.25  â”‚ 21.58  â”‚ 22.07  â”‚\nâ”‚ 2001-12-28 â”‚ 21.97  â”‚ 23.0   â”‚ 21.96  â”‚ 22.43  â”‚\nâ”‚ 2001-12-31 â”‚ 22.51  â”‚ 22.66  â”‚ 21.83  â”‚ 21.9   â”‚"
Stacktrace:
 [1] macro expansion
   @ ~/.julia/packages/TimeSeries/Kbq5K/test/timearray.jl:541 [inlined]
 [2] macro expansion
   @ /buildworker/worker/package_linux64/build/usr/share/julia/stdlib/v1.6/Test/src/Test.jl:1144 [inlined]
 [3] macro expansion
   @ ~/.julia/packages/TimeSeries/Kbq5K/test/timearray.jl:482 [inlined]
 [4] macro expansion
   @ /buildworker/worker/package_linux64/build/usr/share/julia/stdlib/v1.6/Test/src/Test.jl:1144 [inlined]
 [5] top-level scope
   @ ~/.julia/packages/TimeSeries/Kbq5K/test/timearray.jl:12
show methods don't throw errors: Test Failed at /home/pkgeval/.julia/packages/TimeSeries/Kbq5K/test/timearray.jl:546
  Expression: str == out
   Evaluated: "8336Ã—12 TimeArray{Float64, 2, Date, Matrix{Float64}} 1980-12-12 to 2013-12-31" == "8336Ã—12 TimeArray{Float64,2,Date,Array{Float64,2}} 1980-12-12 to 2013-12-31"
Stacktrace:
 [1] macro expansion
   @ ~/.julia/packages/TimeSeries/Kbq5K/test/timearray.jl:546 [inlined]
 [2] macro expansion
   @ /buildworker/worker/package_linux64/build/usr/share/julia/stdlib/v1.6/Test/src/Test.jl:1144 [inlined]
 [3] macro expansion
   @ ~/.julia/packages/TimeSeries/Kbq5K/test/timearray.jl:482 [inlined]
 [4] macro expansion
   @ /buildworker/worker/package_linux64/build/usr/share/julia/stdlib/v1.6/Test/src/Test.jl:1144 [inlined]
 [5] top-level scope
   @ ~/.julia/packages/TimeSeries/Kbq5K/test/timearray.jl:12
show methods don't throw errors: Test Failed at /home/pkgeval/.julia/packages/TimeSeries/Kbq5K/test/timearray.jl:592
  Expression: str == out
   Evaluated: "8336Ã—12 TimeArray{Float64, 2, Date, Matrix{Float64}} 1980-12-12 to 2013-12-31\nâ”‚            â”‚ Open   â”‚ High   â”‚ Low    â”‚ Close  â”‚ Volume    â”‚ ExDividend â”‚\nâ”œâ”€â”€â”€â”€â”€â”€â”€â”€â”€â”€â”€â”€â”¼â”€â”€â”€â”€â”€â”€â”€â”€â”¼â”€â”€â”€â”€â”€â”€â”€â”€â”¼â”€â”€â”€â”€â”€â”€â”€â”€â”¼â”€â”€â”€â”€â”€â”€â”€â”€â”¼â”€â”€â”€â”€â”€â”€â”€â”€â”€â”€â”€â”¼â”€â”€â”€â”€â”€â”€â”€â”€â”€â”€â”€â”€â”¤\nâ”‚ 1980-12-12 â”‚ 28.75  â”‚ 28.88  â”‚ 28.75  â”‚ 28.75  â”‚ 2.0939e6  â”‚ 0.0        â”‚\nâ”‚ 1980-12-15 â”‚ 27.38  â”‚ 27.38  â”‚ 27.25  â”‚ 27.25  â”‚ 785200.0  â”‚ 0.0        â”‚\nâ”‚ 1980-12-16 â”‚ 25.38  â”‚ 25.38  â”‚ 25.25  â”‚ 25.25  â”‚ 472000.0  â”‚ 0.0        â”‚\nâ”‚ 1980-12-17 â”‚ 25.88  â”‚ 26.0   â”‚ 25.88  â”‚ 25.88  â”‚ 385900.0  â”‚ 0.0        â”‚\nâ”‚ 1980-12-18 â”‚ 26.62  â”‚ 26.75  â”‚ 26.62  â”‚ 26.62  â”‚ 327900.0  â”‚ 0.0        â”‚\nâ”‚ 1980-12-19 â”‚ 28.25  â”‚ 28.38  â”‚ 28.25  â”‚ 28.25  â”‚ 217100.0  â”‚ 0.0        â”‚\nâ”‚ 1980-12-22 â”‚ 29.62  â”‚ 29.75  â”‚ 29.62  â”‚ 29.62  â”‚ 166800.0  â”‚ 0.0        â”‚\nâ”‚ 1980-12-23 â”‚ 30.88  â”‚ 31.0   â”‚ 30.88  â”‚ 30.88  â”‚ 209600.0  â”‚ 0.0        â”‚\nâ”‚ 1980-12-24 â”‚ 32.5   â”‚ 32.62  â”‚ 32.5   â”‚ 32.5   â”‚ 214300.0  â”‚ 0.0        â”‚\n   â‹®\nâ”‚ 2013-12-19 â”‚ 549.5  â”‚ 550.0  â”‚ 543.73 â”‚ 544.46 â”‚ 1.14396e7 â”‚ 0.0        â”‚\nâ”‚ 2013-12-20 â”‚ 545.43 â”‚ 551.61 â”‚ 544.82 â”‚ 549.02 â”‚ 1.55862e7 â”‚ 0.0        â”‚\nâ”‚ 2013-12-23 â”‚ 568.0  â”‚ 570.72 â”‚ 562.76 â”‚ 570.09 â”‚ 1.79038e7 â”‚ 0.0        â”‚\nâ”‚ 2013-12-24 â”‚ 569.89 â”‚ 571.88 â”‚ 566.03 â”‚ 567.67 â”‚ 5.9841e6  â”‚ 0.0        â”‚\nâ”‚ 2013-12-26 â”‚ 568.1  â”‚ 569.5  â”‚ 563.38 â”‚ 563.9  â”‚ 7.286e6   â”‚ 0.0        â”‚\nâ”‚ 2013-12-27 â”‚ 563.82 â”‚ 564.41 â”‚ 559.5  â”‚ 560.09 â”‚ 8.0673e6  â”‚ 0.0        â”‚\nâ”‚ 2013-12-30 â”‚ 557.46 â”‚ 560.09 â”‚ 552.32 â”‚ 554.52 â”‚ 9.0582e6  â”‚ 0.0        â”‚\nâ”‚ 2013-12-31 â”‚ 554.17 â”‚ 561.28 â”‚ 554.0  â”‚ 561.02 â”‚ 7.9673e6  â”‚ 0.0        â”‚\n\nâ”‚            â”‚ SplitRatio â”‚ AdjOpen  â”‚ AdjHigh  â”‚ AdjLow   â”‚ AdjClose â”‚\nâ”œâ”€â”€â”€â”€â”€â”€â”€â”€â”€â”€â”€â”€â”¼â”€â”€â”€â”€â”€â”€â”€â”€â”€â”€â”€â”€â”¼â”€â”€â”€â”€â”€â”€â”€â”€â”€â”€â”¼â”€â”€â”€â”€â”€â”€â”€â”€â”€â”€â”¼â”€â”€â”€â”€â”€â”€â”€â”€â”€â”€â”¼â”€â”€â”€â”€â”€â”€â”€â”€â”€â”€â”¤\nâ”‚ 1980-12-12 â”‚ 1.0        â”‚ 3.3766   â”‚ 3.3919   â”‚ 3.3766   â”‚ 3.3766   â”‚\nâ”‚ 1980-12-15 â”‚ 1.0        â”‚ 3.2157   â”‚ 3.2157   â”‚ 3.2004   â”‚ 3.2004   â”‚\nâ”‚ 1980-12-16 â”‚ 1.0        â”‚ 2.9808   â”‚ 2.9808   â”‚ 2.9655   â”‚ 2.9655   â”‚\nâ”‚ 1980-12-17 â”‚ 1.0        â”‚ 3.0395   â”‚ 3.0536   â”‚ 3.0395   â”‚ 3.0395   â”‚\nâ”‚ 1980-12-18 â”‚ 1.0        â”‚ 3.1264   â”‚ 3.1417   â”‚ 3.1264   â”‚ 3.1264   â”‚\nâ”‚ 1980-12-19 â”‚ 1.0        â”‚ 3.3179   â”‚ 3.3331   â”‚ 3.3179   â”‚ 3.3179   â”‚\nâ”‚ 1980-12-22 â”‚ 1.0        â”‚ 3.4788   â”‚ 3.494    â”‚ 3.4788   â”‚ 3.4788   â”‚\nâ”‚ 1980-12-23 â”‚ 1.0        â”‚ 3.6267   â”‚ 3.6408   â”‚ 3.6267   â”‚ 3.6267   â”‚\nâ”‚ 1980-12-24 â”‚ 1.0        â”‚ 3.817    â”‚ 3.8311   â”‚ 3.817    â”‚ 3.817    â”‚\n   â‹®\nâ”‚ 2013-12-19 â”‚ 1.0        â”‚ 546.2492 â”‚ 546.7463 â”‚ 540.5133 â”‚ 541.239  â”‚\nâ”‚ 2013-12-20 â”‚ 1.0        â”‚ 542.2033 â”‚ 548.3467 â”‚ 541.5969 â”‚ 545.7721 â”‚\nâ”‚ 2013-12-23 â”‚ 1.0        â”‚ 564.6398 â”‚ 567.3437 â”‚ 559.4308 â”‚ 566.7174 â”‚\nâ”‚ 2013-12-24 â”‚ 1.0        â”‚ 566.5186 â”‚ 568.4968 â”‚ 562.6814 â”‚ 564.3117 â”‚\nâ”‚ 2013-12-26 â”‚ 1.0        â”‚ 564.7392 â”‚ 566.1309 â”‚ 560.0471 â”‚ 560.564  â”‚\nâ”‚ 2013-12-27 â”‚ 1.0        â”‚ 560.4845 â”‚ 561.071  â”‚ 556.1901 â”‚ 556.7766 â”‚\nâ”‚ 2013-12-30 â”‚ 1.0        â”‚ 554.1621 â”‚ 556.7766 â”‚ 549.0525 â”‚ 551.2395 â”‚\nâ”‚ 2013-12-31 â”‚ 1.0        â”‚ 550.8916 â”‚ 557.9595 â”‚ 550.7226 â”‚ 557.7011 â”‚" == "8336Ã—12 TimeArray{Float64,2,Date,Array{Float64,2}} 1980-12-12 to 2013-12-31\nâ”‚            â”‚ Open   â”‚ High   â”‚ Low    â”‚ Close  â”‚ Volume    â”‚ ExDividend â”‚\nâ”œâ”€â”€â”€â”€â”€â”€â”€â”€â”€â”€â”€â”€â”¼â”€â”€â”€â”€â”€â”€â”€â”€â”¼â”€â”€â”€â”€â”€â”€â”€â”€â”¼â”€â”€â”€â”€â”€â”€â”€â”€â”¼â”€â”€â”€â”€â”€â”€â”€â”€â”¼â”€â”€â”€â”€â”€â”€â”€â”€â”€â”€â”€â”¼â”€â”€â”€â”€â”€â”€â”€â”€â”€â”€â”€â”€â”¤\nâ”‚ 1980-12-12 â”‚ 28.75  â”‚ 28.88  â”‚ 28.75  â”‚ 28.75  â”‚ 2.0939e6  â”‚ 0.0        â”‚\nâ”‚ 1980-12-15 â”‚ 27.38  â”‚ 27.38  â”‚ 27.25  â”‚ 27.25  â”‚ 785200.0  â”‚ 0.0        â”‚\nâ”‚ 1980-12-16 â”‚ 25.38  â”‚ 25.38  â”‚ 25.25  â”‚ 25.25  â”‚ 472000.0  â”‚ 0.0        â”‚\nâ”‚ 1980-12-17 â”‚ 25.88  â”‚ 26.0   â”‚ 25.88  â”‚ 25.88  â”‚ 385900.0  â”‚ 0.0        â”‚\nâ”‚ 1980-12-18 â”‚ 26.62  â”‚ 26.75  â”‚ 26.62  â”‚ 26.62  â”‚ 327900.0  â”‚ 0.0        â”‚\nâ”‚ 1980-12-19 â”‚ 28.25  â”‚ 28.38  â”‚ 28.25  â”‚ 28.25  â”‚ 217100.0  â”‚ 0.0        â”‚\nâ”‚ 1980-12-22 â”‚ 29.62  â”‚ 29.75  â”‚ 29.62  â”‚ 29.62  â”‚ 166800.0  â”‚ 0.0        â”‚\nâ”‚ 1980-12-23 â”‚ 30.88  â”‚ 31.0   â”‚ 30.88  â”‚ 30.88  â”‚ 209600.0  â”‚ 0.0        â”‚\nâ”‚ 1980-12-24 â”‚ 32.5   â”‚ 32.62  â”‚ 32.5   â”‚ 32.5   â”‚ 214300.0  â”‚ 0.0        â”‚\n   â‹®\nâ”‚ 2013-12-19 â”‚ 549.5  â”‚ 550.0  â”‚ 543.73 â”‚ 544.46 â”‚ 1.14396e7 â”‚ 0.0        â”‚\nâ”‚ 2013-12-20 â”‚ 545.43 â”‚ 551.61 â”‚ 544.82 â”‚ 549.02 â”‚ 1.55862e7 â”‚ 0.0        â”‚\nâ”‚ 2013-12-23 â”‚ 568.0  â”‚ 570.72 â”‚ 562.76 â”‚ 570.09 â”‚ 1.79038e7 â”‚ 0.0        â”‚\nâ”‚ 2013-12-24 â”‚ 569.89 â”‚ 571.88 â”‚ 566.03 â”‚ 567.67 â”‚ 5.9841e6  â”‚ 0.0        â”‚\nâ”‚ 2013-12-26 â”‚ 568.1  â”‚ 569.5  â”‚ 563.38 â”‚ 563.9  â”‚ 7.286e6   â”‚ 0.0        â”‚\nâ”‚ 2013-12-27 â”‚ 563.82 â”‚ 564.41 â”‚ 559.5  â”‚ 560.09 â”‚ 8.0673e6  â”‚ 0.0        â”‚\nâ”‚ 2013-12-30 â”‚ 557.46 â”‚ 560.09 â”‚ 552.32 â”‚ 554.52 â”‚ 9.0582e6  â”‚ 0.0        â”‚\nâ”‚ 2013-12-31 â”‚ 554.17 â”‚ 561.28 â”‚ 554.0  â”‚ 561.02 â”‚ 7.9673e6  â”‚ 0.0        â”‚\n\nâ”‚            â”‚ SplitRatio â”‚ AdjOpen  â”‚ AdjHigh  â”‚ AdjLow   â”‚ AdjClose â”‚\nâ”œâ”€â”€â”€â”€â”€â”€â”€â”€â”€â”€â”€â”€â”¼â”€â”€â”€â”€â”€â”€â”€â”€â”€â”€â”€â”€â”¼â”€â”€â”€â”€â”€â”€â”€â”€â”€â”€â”¼â”€â”€â”€â”€â”€â”€â”€â”€â”€â”€â”¼â”€â”€â”€â”€â”€â”€â”€â”€â”€â”€â”¼â”€â”€â”€â”€â”€â”€â”€â”€â”€â”€â”¤\nâ”‚ 1980-12-12 â”‚ 1.0        â”‚ 3.3766   â”‚ 3.3919   â”‚ 3.3766   â”‚ 3.3766   â”‚\nâ”‚ 1980-12-15 â”‚ 1.0        â”‚ 3.2157   â”‚ 3.2157   â”‚ 3.2004   â”‚ 3.2004   â”‚\nâ”‚ 1980-12-16 â”‚ 1.0        â”‚ 2.9808   â”‚ 2.9808   â”‚ 2.9655   â”‚ 2.9655   â”‚\nâ”‚ 1980-12-17 â”‚ 1.0        â”‚ 3.0395   â”‚ 3.0536   â”‚ 3.0395   â”‚ 3.0395   â”‚\nâ”‚ 1980-12-18 â”‚ 1.0        â”‚ 3.1264   â”‚ 3.1417   â”‚ 3.1264   â”‚ 3.1264   â”‚\nâ”‚ 1980-12-19 â”‚ 1.0        â”‚ 3.3179   â”‚ 3.3331   â”‚ 3.3179   â”‚ 3.3179   â”‚\nâ”‚ 1980-12-22 â”‚ 1.0        â”‚ 3.4788   â”‚ 3.494    â”‚ 3.4788   â”‚ 3.4788   â”‚\nâ”‚ 1980-12-23 â”‚ 1.0        â”‚ 3.6267   â”‚ 3.6408   â”‚ 3.6267   â”‚ 3.6267   â”‚\nâ”‚ 1980-12-24 â”‚ 1.0        â”‚ 3.817    â”‚ 3.8311   â”‚ 3.817    â”‚ 3.817    â”‚\n   â‹®\nâ”‚ 2013-12-19 â”‚ 1.0        â”‚ 546.2492 â”‚ 546.7463 â”‚ 540.5133 â”‚ 541.239  â”‚\nâ”‚ 2013-12-20 â”‚ 1.0        â”‚ 542.2033 â”‚ 548.3467 â”‚ 541.5969 â”‚ 545.7721 â”‚\nâ”‚ 2013-12-23 â”‚ 1.0        â”‚ 564.6398 â”‚ 567.3437 â”‚ 559.4308 â”‚ 566.7174 â”‚\nâ”‚ 2013-12-24 â”‚ 1.0        â”‚ 566.5186 â”‚ 568.4968 â”‚ 562.6814 â”‚ 564.3117 â”‚\nâ”‚ 2013-12-26 â”‚ 1.0        â”‚ 564.7392 â”‚ 566.1309 â”‚ 560.0471 â”‚ 560.564  â”‚\nâ”‚ 2013-12-27 â”‚ 1.0        â”‚ 560.4845 â”‚ 561.071  â”‚ 556.1901 â”‚ 556.7766 â”‚\nâ”‚ 2013-12-30 â”‚ 1.0        â”‚ 554.1621 â”‚ 556.7766 â”‚ 549.0525 â”‚ 551.2395 â”‚\nâ”‚ 2013-12-31 â”‚ 1.0        â”‚ 550.8916 â”‚ 557.9595 â”‚ 550.7226 â”‚ 557.7011 â”‚"
Stacktrace:
 [1] macro expansion
   @ ~/.julia/packages/TimeSeries/Kbq5K/test/timearray.jl:592 [inlined]
 [2] macro expansion
   @ /buildworker/worker/package_linux64/build/usr/share/julia/stdlib/v1.6/Test/src/Test.jl:1144 [inlined]
 [3] macro expansion
   @ ~/.julia/packages/TimeSeries/Kbq5K/test/timearray.jl:482 [inlined]
 [4] macro expansion
   @ /buildworker/worker/package_linux64/build/usr/share/julia/stdlib/v1.6/Test/src/Test.jl:1144 [inlined]
 [5] top-level scope
   @ ~/.julia/packages/TimeSeries/Kbq5K/test/timearray.jl:12
show methods don't throw errors: Test Failed at /home/pkgeval/.julia/packages/TimeSeries/Kbq5K/test/timearray.jl:597
  Expression: str == out
   Evaluated: "4Ã—4 TimeArray{Float64, 2, Date, Matrix{Float64}} 2000-01-03 to 2000-01-06" == "4Ã—4 TimeArray{Float64,2,Date,Array{Float64,2}} 2000-01-03 to 2000-01-06"
Stacktrace:
 [1] macro expansion
   @ ~/.julia/packages/TimeSeries/Kbq5K/test/timearray.jl:597 [inlined]
 [2] macro expansion
   @ /buildworker/worker/package_linux64/build/usr/share/julia/stdlib/v1.6/Test/src/Test.jl:1144 [inlined]
 [3] macro expansion
   @ ~/.julia/packages/TimeSeries/Kbq5K/test/timearray.jl:482 [inlined]
 [4] macro expansion
   @ /buildworker/worker/package_linux64/build/usr/share/julia/stdlib/v1.6/Test/src/Test.jl:1144 [inlined]
 [5] top-level scope
   @ ~/.julia/packages/TimeSeries/Kbq5K/test/timearray.jl:12
show methods don't throw errors: Test Failed at /home/pkgeval/.julia/packages/TimeSeries/Kbq5K/test/timearray.jl:608
  Expression: str == out
   Evaluated: "4Ã—4 TimeArray{Float64, 2, Date, Matrix{Float64}} 2000-01-03 to 2000-01-06\nâ”‚            â”‚ Open   â”‚ High   â”‚ Low    â”‚ Close  â”‚\nâ”œâ”€â”€â”€â”€â”€â”€â”€â”€â”€â”€â”€â”€â”¼â”€â”€â”€â”€â”€â”€â”€â”€â”¼â”€â”€â”€â”€â”€â”€â”€â”€â”¼â”€â”€â”€â”€â”€â”€â”€â”€â”¼â”€â”€â”€â”€â”€â”€â”€â”€â”¤\nâ”‚ 2000-01-03 â”‚ 104.88 â”‚ 112.5  â”‚ 101.69 â”‚ 111.94 â”‚\nâ”‚ 2000-01-04 â”‚ 108.25 â”‚ 110.62 â”‚ 101.19 â”‚ 102.5  â”‚\nâ”‚ 2000-01-05 â”‚ 103.75 â”‚ 110.56 â”‚ 103.0  â”‚ 104.0  â”‚\nâ”‚ 2000-01-06 â”‚ 106.12 â”‚ 107.0  â”‚ 95.0   â”‚ 95.0   â”‚" == "4Ã—4 TimeArray{Float64,2,Date,Array{Float64,2}} 2000-01-03 to 2000-01-06\nâ”‚            â”‚ Open   â”‚ High   â”‚ Low    â”‚ Close  â”‚\nâ”œâ”€â”€â”€â”€â”€â”€â”€â”€â”€â”€â”€â”€â”¼â”€â”€â”€â”€â”€â”€â”€â”€â”¼â”€â”€â”€â”€â”€â”€â”€â”€â”¼â”€â”€â”€â”€â”€â”€â”€â”€â”¼â”€â”€â”€â”€â”€â”€â”€â”€â”¤\nâ”‚ 2000-01-03 â”‚ 104.88 â”‚ 112.5  â”‚ 101.69 â”‚ 111.94 â”‚\nâ”‚ 2000-01-04 â”‚ 108.25 â”‚ 110.62 â”‚ 101.19 â”‚ 102.5  â”‚\nâ”‚ 2000-01-05 â”‚ 103.75 â”‚ 110.56 â”‚ 103.0  â”‚ 104.0  â”‚\nâ”‚ 2000-01-06 â”‚ 106.12 â”‚ 107.0  â”‚ 95.0   â”‚ 95.0   â”‚"
Stacktrace:
 [1] macro expansion
   @ ~/.julia/packages/TimeSeries/Kbq5K/test/timearray.jl:608 [inlined]
 [2] macro expansion
   @ /buildworker/worker/package_linux64/build/usr/share/julia/stdlib/v1.6/Test/src/Test.jl:1144 [inlined]
 [3] macro expansion
   @ ~/.julia/packages/TimeSeries/Kbq5K/test/timearray.jl:482 [inlined]
 [4] macro expansion
   @ /buildworker/worker/package_linux64/build/usr/share/julia/stdlib/v1.6/Test/src/Test.jl:1144 [inlined]
 [5] top-level scope
   @ ~/.julia/packages/TimeSeries/Kbq5K/test/timearray.jl:12
show methods don't throw errors: Test Failed at /home/pkgeval/.julia/packages/TimeSeries/Kbq5K/test/timearray.jl:613
  Expression: str == "0Ã—4 TimeArray{Float64,2,Date,Array{Float64,2}}"
   Evaluated: "0Ã—4 TimeArray{Float64, 2, Date, Matrix{Float64}}" == "0Ã—4 TimeArray{Float64,2,Date,Array{Float64,2}}"
Stacktrace:
 [1] macro expansion
   @ ~/.julia/packages/TimeSeries/Kbq5K/test/timearray.jl:613 [inlined]
 [2] macro expansion
   @ /buildworker/worker/package_linux64/build/usr/share/julia/stdlib/v1.6/Test/src/Test.jl:1144 [inlined]
 [3] macro expansion
   @ ~/.julia/packages/TimeSeries/Kbq5K/test/timearray.jl:482 [inlined]
 [4] macro expansion
   @ /buildworker/worker/package_linux64/build/usr/share/julia/stdlib/v1.6/Test/src/Test.jl:1144 [inlined]
 [5] top-level scope
   @ ~/.julia/packages/TimeSeries/Kbq5K/test/timearray.jl:12
show methods don't throw errors: Test Failed at /home/pkgeval/.julia/packages/TimeSeries/Kbq5K/test/timearray.jl:617
  Expression: str == "0Ã—4 TimeArray{Float64,2,Date,Array{Float64,2}}"
   Evaluated: "0Ã—4 TimeArray{Float64, 2, Date, Matrix{Float64}}" == "0Ã—4 TimeArray{Float64,2,Date,Array{Float64,2}}"
Stacktrace:
 [1] macro expansion
   @ ~/.julia/packages/TimeSeries/Kbq5K/test/timearray.jl:617 [inlined]
 [2] macro expansion
   @ /buildworker/worker/package_linux64/build/usr/share/julia/stdlib/v1.6/Test/src/Test.jl:1144 [inlined]
 [3] macro expansion
   @ ~/.julia/packages/TimeSeries/Kbq5K/test/timearray.jl:482 [inlined]
 [4] macro expansion
   @ /buildworker/worker/package_linux64/build/usr/share/julia/stdlib/v1.6/Test/src/Test.jl:1144 [inlined]
 [5] top-level scope
   @ ~/.julia/packages/TimeSeries/Kbq5K/test/timearray.jl:12
show methods don't throw errors: Test Failed at /home/pkgeval/.julia/packages/TimeSeries/Kbq5K/test/timearray.jl:622
  Expression: str == "0Ã—1 TimeArray{Any,1,Date,Array{Any,1}}"
   Evaluated: "0Ã—1 TimeArray{Any, 1, Date, Vector{Any}}" == "0Ã—1 TimeArray{Any,1,Date,Array{Any,1}}"
Stacktrace:
 [1] macro expansion
   @ ~/.julia/packages/TimeSeries/Kbq5K/test/timearray.jl:622 [inlined]
 [2] macro expansion
   @ /buildworker/worker/package_linux64/build/usr/share/julia/stdlib/v1.6/Test/src/Test.jl:1144 [inlined]
 [3] macro expansion
   @ ~/.julia/packages/TimeSeries/Kbq5K/test/timearray.jl:482 [inlined]
 [4] macro expansion
   @ /buildworker/worker/package_linux64/build/usr/share/julia/stdlib/v1.6/Test/src/Test.jl:1144 [inlined]
 [5] top-level scope
   @ ~/.julia/packages/TimeSeries/Kbq5K/test/timearray.jl:12
show methods don't throw errors: Test Failed at /home/pkgeval/.julia/packages/TimeSeries/Kbq5K/test/timearray.jl:626
  Expression: str == "0Ã—1 TimeArray{Any,1,Date,Array{Any,1}}"
   Evaluated: "0Ã—1 TimeArray{Any, 1, Date, Vector{Any}}" == "0Ã—1 TimeArray{Any,1,Date,Array{Any,1}}"
Stacktrace:
 [1] macro expansion
   @ ~/.julia/packages/TimeSeries/Kbq5K/test/timearray.jl:626 [inlined]
 [2] macro expansion
   @ /buildworker/worker/package_linux64/build/usr/share/julia/stdlib/v1.6/Test/src/Test.jl:1144 [inlined]
 [3] macro expansion
   @ ~/.julia/packages/TimeSeries/Kbq5K/test/timearray.jl:482 [inlined]
 [4] macro expansion
   @ /buildworker/worker/package_linux64/build/usr/share/julia/stdlib/v1.6/Test/src/Test.jl:1144 [inlined]
 [5] top-level scope
   @ ~/.julia/packages/TimeSeries/Kbq5K/test/timearray.jl:12
show methods don't throw errors: Test Failed at /home/pkgeval/.julia/packages/TimeSeries/Kbq5K/test/timearray.jl:631
  Expression: str == out
   Evaluated: "2Ã—1 TimeArray{Float64, 1, Date, Vector{Float64}} 2000-01-03 to 2000-01-04" == "2Ã—1 TimeArray{Float64,1,Date,Array{Float64,1}} 2000-01-03 to 2000-01-04"
Stacktrace:
 [1] macro expansion
   @ ~/.julia/packages/TimeSeries/Kbq5K/test/timearray.jl:631 [inlined]
 [2] macro expansion
   @ /buildworker/worker/package_linux64/build/usr/share/julia/stdlib/v1.6/Test/src/Test.jl:1144 [inlined]
 [3] macro expansion
   @ ~/.julia/packages/TimeSeries/Kbq5K/test/timearray.jl:482 [inlined]
 [4] macro expansion
   @ /buildworker/worker/package_linux64/build/usr/share/julia/stdlib/v1.6/Test/src/Test.jl:1144 [inlined]
 [5] top-level scope
   @ ~/.julia/packages/TimeSeries/Kbq5K/test/timearray.jl:12
show methods don't throw errors: Test Failed at /home/pkgeval/.julia/packages/TimeSeries/Kbq5K/test/timearray.jl:640
  Expression: str == out
   Evaluated: "2Ã—1 TimeArray{Float64, 1, Date, Vector{Float64}} 2000-01-03 to 2000-01-04\nâ”‚            â”‚ Close  â”‚\nâ”œâ”€â”€â”€â”€â”€â”€â”€â”€â”€â”€â”€â”€â”¼â”€â”€â”€â”€â”€â”€â”€â”€â”¤\nâ”‚ 2000-01-03 â”‚ NaN    â”‚\nâ”‚ 2000-01-04 â”‚ 111.94 â”‚" == "2Ã—1 TimeArray{Float64,1,Date,Array{Float64,1}} 2000-01-03 to 2000-01-04\nâ”‚            â”‚ Close  â”‚\nâ”œâ”€â”€â”€â”€â”€â”€â”€â”€â”€â”€â”€â”€â”¼â”€â”€â”€â”€â”€â”€â”€â”€â”¤\nâ”‚ 2000-01-03 â”‚ NaN    â”‚\nâ”‚ 2000-01-04 â”‚ 111.94 â”‚"
Stacktrace:
 [1] macro expansion
   @ ~/.julia/packages/TimeSeries/Kbq5K/test/timearray.jl:640 [inlined]
 [2] macro expansion
   @ /buildworker/worker/package_linux64/build/usr/share/julia/stdlib/v1.6/Test/src/Test.jl:1144 [inlined]
 [3] macro expansion
   @ ~/.julia/packages/TimeSeries/Kbq5K/test/timearray.jl:482 [inlined]
 [4] macro expansion
   @ /buildworker/worker/package_linux64/build/usr/share/julia/stdlib/v1.6/Test/src/Test.jl:1144 [inlined]
 [5] top-level scope
   @ ~/.julia/packages/TimeSeries/Kbq5K/test/timearray.jl:12
[ Info: 	* split ...
[ Info: 	* apply ...
[ Info: 	* broadcast ...
[ Info: 	* combine ...
[ Info: 	* modify ...
[ Info: 	* meta ...
[ Info: 	* readwrite ...
[ Info: 	* timeseriesrc ...
[ Info: 	* basemisc ...
[ Info: 	* tables ...
WARNING: using DataFrames.rename in module Main conflicts with an existing identifier.
WARNING: using DataFrames.tail in module Main conflicts with an existing identifier.
WARNING: using DataFrames.head in module Main conflicts with an existing identifier.
WARNING: using DataFrames.rename! in module Main conflicts with an existing identifier.
read csv into TimeArray, single column: Error During Test at /home/pkgeval/.julia/packages/TimeSeries/Kbq5K/test/tables.jl:195
  Got exception outside of a @test
  MethodError: no method matching typesubtract(::Type{Union{}}, ::Type{Int64})
  Closest candidates are:
    typesubtract(::Any, ::Any, !Matched::Int64) at compiler/typeutils.jl:66
  Stacktrace:
    [1] ts(T::Type, S::Type)
      @ CSV ~/.julia/packages/CSV/MKemC/src/utils.jl:214
    [2] nonstandardtype(T::Type)
      @ CSV ~/.julia/packages/CSV/MKemC/src/utils.jl:217
    [3] (::CSV.var"#17#23")(T::Type)
      @ CSV ./none:0
    [4] iterate(::Base.Iterators.Filter{CSV.var"#17#23", Vector{Type}})
      @ Base.Iterators ./iterators.jl:451
    [5] iterate
      @ ./generator.jl:44 [inlined]
    [6] Header
      @ ~/.julia/packages/CSV/MKemC/src/header.jl:232 [inlined]
    [7] CSV.File(source::IOBuffer; header::Int64, normalizenames::Bool, datarow::Int64, skipto::Nothing, footerskip::Int64, transpose::Bool, comment::Nothing, use_mmap::Nothing, ignoreemptylines::Bool, select::Nothing, drop::Nothing, missingstrings::Vector{String}, missingstring::String, delim::Nothing, ignorerepeated::Bool, quotechar::Char, openquotechar::Nothing, closequotechar::Nothing, escapechar::Char, dateformat::Nothing, dateformats::Nothing, decimal::UInt8, truestrings::Vector{String}, falsestrings::Vector{String}, type::Nothing, types::Nothing, typemap::Dict{Type, Type}, categorical::Nothing, pool::Float64, lazystrings::Bool, strict::Bool, silencewarnings::Bool, debug::Bool, parsingdebug::Bool, kw::Base.Iterators.Pairs{Union{}, Union{}, Tuple{}, NamedTuple{(), Tuple{}}})
      @ CSV ~/.julia/packages/CSV/MKemC/src/file.jl:216
    [8] CSV.File(source::IOBuffer)
      @ CSV ~/.julia/packages/CSV/MKemC/src/file.jl:216
    [9] macro expansion
      @ ~/.julia/packages/TimeSeries/Kbq5K/test/tables.jl:203 [inlined]
   [10] macro expansion
      @ /buildworker/worker/package_linux64/build/usr/share/julia/stdlib/v1.6/Test/src/Test.jl:1144 [inlined]
   [11] macro expansion
      @ ~/.julia/packages/TimeSeries/Kbq5K/test/tables.jl:196 [inlined]
   [12] macro expansion
      @ /buildworker/worker/package_linux64/build/usr/share/julia/stdlib/v1.6/Test/src/Test.jl:1144 [inlined]
   [13] macro expansion
      @ ~/.julia/packages/TimeSeries/Kbq5K/test/tables.jl:171 [inlined]
   [14] macro expansion
      @ /buildworker/worker/package_linux64/build/usr/share/julia/stdlib/v1.6/Test/src/Test.jl:1144 [inlined]
   [15] top-level scope
      @ ~/.julia/packages/TimeSeries/Kbq5K/test/tables.jl:14
   [16] include(fname::String)
      @ Base.MainInclude ./client.jl:444
   [17] macro expansion
      @ ~/.julia/packages/TimeSeries/Kbq5K/test/runtests.jl:24 [inlined]
   [18] macro expansion
      @ /buildworker/worker/package_linux64/build/usr/share/julia/stdlib/v1.6/Test/src/Test.jl:1144 [inlined]
   [19] top-level scope
      @ ~/.julia/packages/TimeSeries/Kbq5K/test/runtests.jl:20
   [20] include(fname::String)
      @ Base.MainInclude ./client.jl:444
   [21] top-level scope
      @ none:6
   [22] eval(m::Module, e::Any)
      @ Core ./boot.jl:360
   [23] exec_options(opts::Base.JLOptions)
      @ Base ./client.jl:261
   [24] _start()
      @ Base ./client.jl:485
read csv into TimeArray, multi column: Error During Test at /home/pkgeval/.julia/packages/TimeSeries/Kbq5K/test/tables.jl:211
  Got exception outside of a @test
  MethodError: no method matching typesubtract(::Type{Union{}}, ::Type{Int64})
  Closest candidates are:
    typesubtract(::Any, ::Any, !Matched::Int64) at compiler/typeutils.jl:66
  Stacktrace:
    [1] ts(T::Type, S::Type)
      @ CSV ~/.julia/packages/CSV/MKemC/src/utils.jl:214
    [2] nonstandardtype(T::Type)
      @ CSV ~/.julia/packages/CSV/MKemC/src/utils.jl:217
    [3] (::CSV.var"#17#23")(T::Type)
      @ CSV ./none:0
    [4] iterate(::Base.Iterators.Filter{CSV.var"#17#23", Vector{Type}})
      @ Base.Iterators ./iterators.jl:451
    [5] iterate
      @ ./generator.jl:44 [inlined]
    [6] Header
      @ ~/.julia/packages/CSV/MKemC/src/header.jl:232 [inlined]
    [7] CSV.File(source::IOBuffer; header::Int64, normalizenames::Bool, datarow::Int64, skipto::Nothing, footerskip::Int64, transpose::Bool, comment::Nothing, use_mmap::Nothing, ignoreemptylines::Bool, select::Nothing, drop::Nothing, missingstrings::Vector{String}, missingstring::String, delim::Nothing, ignorerepeated::Bool, quotechar::Char, openquotechar::Nothing, closequotechar::Nothing, escapechar::Char, dateformat::Nothing, dateformats::Nothing, decimal::UInt8, truestrings::Vector{String}, falsestrings::Vector{String}, type::Nothing, types::Nothing, typemap::Dict{Type, Type}, categorical::Nothing, pool::Float64, lazystrings::Bool, strict::Bool, silencewarnings::Bool, debug::Bool, parsingdebug::Bool, kw::Base.Iterators.Pairs{Union{}, Union{}, Tuple{}, NamedTuple{(), Tuple{}}})
      @ CSV ~/.julia/packages/CSV/MKemC/src/file.jl:216
    [8] CSV.File(source::IOBuffer)
      @ CSV ~/.julia/packages/CSV/MKemC/src/file.jl:216
    [9] macro expansion
      @ ~/.julia/packages/TimeSeries/Kbq5K/test/tables.jl:219 [inlined]
   [10] macro expansion
      @ /buildworker/worker/package_linux64/build/usr/share/julia/stdlib/v1.6/Test/src/Test.jl:1144 [inlined]
   [11] macro expansion
      @ ~/.julia/packages/TimeSeries/Kbq5K/test/tables.jl:212 [inlined]
   [12] macro expansion
      @ /buildworker/worker/package_linux64/build/usr/share/julia/stdlib/v1.6/Test/src/Test.jl:1144 [inlined]
   [13] macro expansion
      @ ~/.julia/packages/TimeSeries/Kbq5K/test/tables.jl:171 [inlined]
   [14] macro expansion
      @ /buildworker/worker/package_linux64/build/usr/share/julia/stdlib/v1.6/Test/src/Test.jl:1144 [inlined]
   [15] top-level scope
      @ ~/.julia/packages/TimeSeries/Kbq5K/test/tables.jl:14
   [16] include(fname::String)
      @ Base.MainInclude ./client.jl:444
   [17] macro expansion
      @ ~/.julia/packages/TimeSeries/Kbq5K/test/runtests.jl:24 [inlined]
   [18] macro expansion
      @ /buildworker/worker/package_linux64/build/usr/share/julia/stdlib/v1.6/Test/src/Test.jl:1144 [inlined]
   [19] top-level scope
      @ ~/.julia/packages/TimeSeries/Kbq5K/test/runtests.jl:20
   [20] include(fname::String)
      @ Base.MainInclude ./client.jl:444
   [21] top-level scope
      @ none:6
   [22] eval(m::Module, e::Any)
      @ Core ./boot.jl:360
   [23] exec_options(opts::Base.JLOptions)
      @ Base ./client.jl:261
   [24] _start()
      @ Base ./client.jl:485
issue #442: Error During Test at /home/pkgeval/.julia/packages/TimeSeries/Kbq5K/test/tables.jl:230
  Got exception outside of a @test
  MethodError: no method matching typesubtract(::Type{Union{}}, ::Type{Int64})
  Closest candidates are:
    typesubtract(::Any, ::Any, !Matched::Int64) at compiler/typeutils.jl:66
  Stacktrace:
    [1] ts(T::Type, S::Type)
      @ CSV ~/.julia/packages/CSV/MKemC/src/utils.jl:214
    [2] nonstandardtype(T::Type)
      @ CSV ~/.julia/packages/CSV/MKemC/src/utils.jl:217
    [3] (::CSV.var"#17#23")(T::Type)
      @ CSV ./none:0
    [4] iterate(::Base.Iterators.Filter{CSV.var"#17#23", Vector{Type}})
      @ Base.Iterators ./iterators.jl:451
    [5] iterate
      @ ./generator.jl:44 [inlined]
    [6] Header
      @ ~/.julia/packages/CSV/MKemC/src/header.jl:232 [inlined]
    [7] CSV.File(source::IOBuffer; header::Int64, normalizenames::Bool, datarow::Int64, skipto::Nothing, footerskip::Int64, transpose::Bool, comment::Nothing, use_mmap::Nothing, ignoreemptylines::Bool, select::Nothing, drop::Nothing, missingstrings::Vector{String}, missingstring::String, delim::Nothing, ignorerepeated::Bool, quotechar::Char, openquotechar::Nothing, closequotechar::Nothing, escapechar::Char, dateformat::Nothing, dateformats::Nothing, decimal::UInt8, truestrings::Vector{String}, falsestrings::Vector{String}, type::Nothing, types::Nothing, typemap::Dict{Type, Type}, categorical::Nothing, pool::Float64, lazystrings::Bool, strict::Bool, silencewarnings::Bool, debug::Bool, parsingdebug::Bool, kw::Base.Iterators.Pairs{Union{}, Union{}, Tuple{}, NamedTuple{(), Tuple{}}})
      @ CSV ~/.julia/packages/CSV/MKemC/src/file.jl:216
    [8] CSV.File(source::IOBuffer)
      @ CSV ~/.julia/packages/CSV/MKemC/src/file.jl:216
    [9] macro expansion
      @ ~/.julia/packages/TimeSeries/Kbq5K/test/tables.jl:237 [inlined]
   [10] macro expansion
      @ /buildworker/worker/package_linux64/build/usr/share/julia/stdlib/v1.6/Test/src/Test.jl:1144 [inlined]
   [11] macro expansion
      @ ~/.julia/packages/TimeSeries/Kbq5K/test/tables.jl:231 [inlined]
   [12] macro expansion
      @ /buildworker/worker/package_linux64/build/usr/share/julia/stdlib/v1.6/Test/src/Test.jl:1144 [inlined]
   [13] macro expansion
      @ ~/.julia/packages/TimeSeries/Kbq5K/test/tables.jl:171 [inlined]
   [14] macro expansion
      @ /buildworker/worker/package_linux64/build/usr/share/julia/stdlib/v1.6/Test/src/Test.jl:1144 [inlined]
   [15] top-level scope
      @ ~/.julia/packages/TimeSeries/Kbq5K/test/tables.jl:14
   [16] include(fname::String)
      @ Base.MainInclude ./client.jl:444
   [17] macro expansion
      @ ~/.julia/packages/TimeSeries/Kbq5K/test/runtests.jl:24 [inlined]
   [18] macro expansion
      @ /buildworker/worker/package_linux64/build/usr/share/julia/stdlib/v1.6/Test/src/Test.jl:1144 [inlined]
   [19] top-level scope
      @ ~/.julia/packages/TimeSeries/Kbq5K/test/runtests.jl:20
   [20] include(fname::String)
      @ Base.MainInclude ./client.jl:444
   [21] top-level scope
      @ none:6
   [22] eval(m::Module, e::Any)
      @ Core ./boot.jl:360
   [23] exec_options(opts::Base.JLOptions)
      @ Base ./client.jl:261
   [24] _start()
      @ Base ./client.jl:485
[ Info: 	* plotrecipes ...
Test Summary:                                             | Pass  Fail  Error  Total
TimeSeries                                                | 3477    14      3   3494
  timearray                                               |  193    14           207
    field extraction methods work                         |   12                  12
    type constructors allow views                         |    3                   3
    type constructors enforce invariants                  |   19                  19
    construction without colnames                         |    6                   6
    construct with StepRange{Date,Day}                    |    4                   4
    construction from existing TimeArray                  |   16                  16
    construct with NamedTuple                             |    5                   5
    conversion methods                                    |    4                   4
    copy methods                                          |    8                   8
    index by integer works with both 1d and 2d time array |   10                  10
    ordered collection methods                            |   61                  61
    Base.ndims                                            |    2                   2
    Base.eltype                                           |    4                   4
    Base.collect                                          |    6                   6
    Base.size                                             |    6                   6
    equal                                                 |   16                  16
    show methods don't throw errors                       |         14            14
    getproperty                                           |    7                   7
    colnames should be copied                             |    4                   4
  split                                                   |   59                  59
  apply                                                   | 2572                2572
  broadcast                                               |  192                 192
  combine                                                 |  122                 122
  modify                                                  |   40                  40
  meta                                                    |   41                  41
  readwrite                                               |   28                  28
  timeseriesrc                                            |    7                   7
  basemisc                                                |  132                 132
  Tables.jl integration                                   |   87            3     90
    interface                                             |   16                  16
    iterator                                              |   47                  47
    DataFrames.jl                                         |   22                  22
    CSV.jl                                                |    2            3      5
      single column                                       |    1                   1
      multi column                                        |    1                   1
      read csv into TimeArray, single column              |                 1      1
      read csv into TimeArray, multi column               |                 1      1
      issue #442                                          |                 1      1
  plotrecipes                                             |    4                   4
ERROR: LoadError: Some tests did not pass: 3477 passed, 14 failed, 3 errored, 0 broken.
in expression starting at /home/pkgeval/.julia/packages/TimeSeries/Kbq5K/test/runtests.jl:19
ERROR: LoadError: Packages errored during testing:
â€¢ Bootstrap
â€¢ CategoricalArrays
â€¢ Clustering
â€¢ CSV
â€¢ DataFrames
â€¢ GLM
â€¢ HypothesisTests
â€¢ MultivariateStats
â€¢ TimeSeries
Stacktrace:
  [1] pkgerror(::String, ::Vararg{String, N} where N)
    @ Pkg.Types /buildworker/worker/package_linux64/build/usr/share/julia/stdlib/v1.6/Pkg/src/Types.jl:52
  [2] test(ctx::Pkg.Types.Context, pkgs::Vector{Pkg.Types.PackageSpec}; coverage::Bool, julia_args::Cmd, test_args::Cmd, test_fn::Nothing)
    @ Pkg.Operations /buildworker/worker/package_linux64/build/usr/share/julia/stdlib/v1.6/Pkg/src/Operations.jl:1670
  [3] test(ctx::Pkg.Types.Context, pkgs::Vector{Pkg.Types.PackageSpec}; coverage::Bool, test_fn::Nothing, julia_args::Cmd, test_args::Cmd, kwargs::Base.Iterators.Pairs{Union{}, Union{}, Tuple{}, NamedTuple{, Tuple{}}})
    @ Pkg.API /buildworker/worker/package_linux64/build/usr/share/julia/stdlib/v1.6/Pkg/src/API.jl:333
  [4] test(ctx::Pkg.Types.Context, pkgs::Vector{Pkg.Types.PackageSpec})
    @ Pkg.API /buildworker/worker/package_linux64/build/usr/share/julia/stdlib/v1.6/Pkg/src/API.jl:320
  [5] #test#62
    @ /buildworker/worker/package_linux64/build/usr/share/julia/stdlib/v1.6/Pkg/src/API.jl:70 [inlined]
  [6] test
    @ /buildworker/worker/package_linux64/build/usr/share/julia/stdlib/v1.6/Pkg/src/API.jl:69 [inlined]
  [7] #test#61
    @ /buildworker/worker/package_linux64/build/usr/share/julia/stdlib/v1.6/Pkg/src/API.jl:67 [inlined]
  [8] test(pkgs::Vector{String})
    @ Pkg.API /buildworker/worker/package_linux64/build/usr/share/julia/stdlib/v1.6/Pkg/src/API.jl:67
  [9] top-level scope
    @ ~/.julia/packages/StatsKit/GbRKr/test/runtests.jl:8
 [10] include(fname::String)
    @ Base.MainInclude ./client.jl:444
 [11] top-level scope
    @ none:6
in expression starting at /home/pkgeval/.julia/packages/StatsKit/GbRKr/test/runtests.jl:8
ERROR: Package StatsKit errored during testing
Stacktrace:
  [1] pkgerror(msg::String)
    @ Pkg.Types /buildworker/worker/package_linux64/build/usr/share/julia/stdlib/v1.6/Pkg/src/Types.jl:52
  [2] test(ctx::Pkg.Types.Context, pkgs::Vector{Pkg.Types.PackageSpec}; coverage::Bool, julia_args::Cmd, test_args::Cmd, test_fn::Nothing)
    @ Pkg.Operations /buildworker/worker/package_linux64/build/usr/share/julia/stdlib/v1.6/Pkg/src/Operations.jl:1667
  [3] test(ctx::Pkg.Types.Context, pkgs::Vector{Pkg.Types.PackageSpec}; coverage::Bool, test_fn::Nothing, julia_args::Cmd, test_args::Cmd, kwargs::Base.Iterators.Pairs{Union{}, Union{}, Tuple{}, NamedTuple{(), Tuple{}}})
    @ Pkg.API /buildworker/worker/package_linux64/build/usr/share/julia/stdlib/v1.6/Pkg/src/API.jl:333
  [4] test(ctx::Pkg.Types.Context, pkgs::Vector{Pkg.Types.PackageSpec})
    @ Pkg.API /buildworker/worker/package_linux64/build/usr/share/julia/stdlib/v1.6/Pkg/src/API.jl:320
  [5] #test#62
    @ /buildworker/worker/package_linux64/build/usr/share/julia/stdlib/v1.6/Pkg/src/API.jl:70 [inlined]
  [6] test
    @ /buildworker/worker/package_linux64/build/usr/share/julia/stdlib/v1.6/Pkg/src/API.jl:69 [inlined]
  [7] #test#61
    @ /buildworker/worker/package_linux64/build/usr/share/julia/stdlib/v1.6/Pkg/src/API.jl:67 [inlined]
  [8] test
    @ /buildworker/worker/package_linux64/build/usr/share/julia/stdlib/v1.6/Pkg/src/API.jl:67 [inlined]
  [9] test(pkg::String; kwargs::Base.Iterators.Pairs{Union{}, Union{}, Tuple{}, NamedTuple{(), Tuple{}}})
    @ Pkg.API /buildworker/worker/package_linux64/build/usr/share/julia/stdlib/v1.6/Pkg/src/API.jl:66
 [10] test(pkg::String)
    @ Pkg.API /buildworker/worker/package_linux64/build/usr/share/julia/stdlib/v1.6/Pkg/src/API.jl:66
 [11] top-level scope
    @ none:31
