Julia Version 1.6.0-DEV.1185
Commit 3bfcb743c2 (2020-10-11 23:29 UTC)
Platform Info:
  OS: Linux (x86_64-pc-linux-gnu)
  CPU: AMD EPYC 7502 32-Core Processor
  WORD_SIZE: 64
  LIBM: libopenlibm
  LLVM: libLLVM-10.0.1 (ORCJIT, znver2)
Environment:
  JULIA_DEPOT_PATH = ::/usr/local/share/julia
  JULIA_NUM_THREADS = 2
  JULIA_MAX_NUM_PRECOMPILE_FILES = 9223372036854775807

  Resolving package versions...
  Installed CompilerSupportLibraries_jll ─ v0.3.3+0
  Installed XML2_jll ───────────────────── v2.9.10+2
  Installed SortingAlgorithms ──────────── v0.3.1
  Installed Mocking ────────────────────── v0.7.1
  Installed LPVSpectral ────────────────── v0.3.1
  Installed OrderedCollections ─────────── v1.3.1
  Installed DataStructures ─────────────── v0.18.7
  Installed DSP ────────────────────────── v0.6.8
  Installed Libiconv_jll ───────────────── v1.16.0+6
  Installed IntelOpenMP_jll ────────────── v2018.0.3+0
  Installed FFTW ───────────────────────── v1.2.4
  Installed OffsetArrays ───────────────── v1.3.1
  Installed SpecialFunctions ───────────── v0.10.3
  Installed RecipesBase ────────────────── v1.1.0
  Installed JLLWrappers ────────────────── v1.1.1
  Installed Polynomials ────────────────── v1.1.9
  Installed EzXML ──────────────────────── v1.1.0
  Installed Missings ───────────────────── v0.4.4
  Installed FFTW_jll ───────────────────── v3.3.9+5
  Installed Compat ─────────────────────── v3.20.0
  Installed TimeZones ──────────────────── v1.4.0
  Installed DataAPI ────────────────────── v1.3.0
  Installed AbstractFFTs ───────────────── v0.5.0
  Installed MKL_jll ────────────────────── v2020.2.254+0
  Installed StatsBase ──────────────────── v0.33.2
  Installed IterTools ──────────────────── v1.3.0
  Installed ExprTools ──────────────────── v0.1.2
  Installed Zlib_jll ───────────────────── v1.2.11+17
  Installed Reexport ───────────────────── v0.2.0
  Installed Requires ───────────────────── v1.1.0
  Installed Intervals ──────────────────── v1.4.2
  Installed OpenSpecFun_jll ────────────── v0.5.3+3
Updating `~/.julia/environments/v1.6/Project.toml`
  [26dcc766] + LPVSpectral v0.3.1
Updating `~/.julia/environments/v1.6/Manifest.toml`
  [621f4979] + AbstractFFTs v0.5.0
  [34da2185] + Compat v3.20.0
  [e66e0078] + CompilerSupportLibraries_jll v0.3.3+0
  [717857b8] + DSP v0.6.8
  [9a962f9c] + DataAPI v1.3.0
  [864edb3b] + DataStructures v0.18.7
  [e2ba6199] + ExprTools v0.1.2
  [8f5d6c58] + EzXML v1.1.0
  [7a1cc6ca] + FFTW v1.2.4
  [f5851436] + FFTW_jll v3.3.9+5
  [1d5cc7b8] + IntelOpenMP_jll v2018.0.3+0
  [d8418881] + Intervals v1.4.2
  [c8e1da08] + IterTools v1.3.0
  [692b3bcd] + JLLWrappers v1.1.1
  [26dcc766] + LPVSpectral v0.3.1
  [94ce4f54] + Libiconv_jll v1.16.0+6
  [856f044c] + MKL_jll v2020.2.254+0
  [e1d29d7a] + Missings v0.4.4
  [78c3b35d] + Mocking v0.7.1
  [6fe1bfb0] + OffsetArrays v1.3.1
  [efe28fd5] + OpenSpecFun_jll v0.5.3+3
  [bac558e1] + OrderedCollections v1.3.1
  [f27b6e38] + Polynomials v1.1.9
  [3cdcf5f2] + RecipesBase v1.1.0
  [189a3867] + Reexport v0.2.0
  [ae029012] + Requires v1.1.0
  [a2af1166] + SortingAlgorithms v0.3.1
  [276daf66] + SpecialFunctions v0.10.3
  [2913bbd2] + StatsBase v0.33.2
  [f269a46b] + TimeZones v1.4.0
  [02c8fc9c] + XML2_jll v2.9.10+2
  [83775a58] + Zlib_jll v1.2.11+17
  [56f22d72] + Artifacts
  [2a0f44e3] + Base64
  [ade2ca70] + Dates
  [8bb1440f] + DelimitedFiles
  [8ba89e20] + Distributed
  [b77e0a4c] + InteractiveUtils
  [76f85450] + LibGit2
  [8f399da3] + Libdl
  [37e2e46d] + LinearAlgebra
  [56ddb016] + Logging
  [d6f4376e] + Markdown
  [a63ad114] + Mmap
  [44cfe95a] + Pkg
  [de0858da] + Printf
  [3fa0cd96] + REPL
  [9a3f8284] + Random
  [ea8e919c] + SHA
  [9e88b42a] + Serialization
  [1a1011a3] + SharedArrays
  [6462fe0b] + Sockets
  [2f01184e] + SparseArrays
  [10745b16] + Statistics
  [fa267f1f] + TOML
  [8dfed614] + Test
  [cf7118a7] + UUIDs
  [4ec0a83e] + Unicode
   Building FFTW ─────→ `~/.julia/scratchspaces/44cfe95a-1eb2-52ea-b672-e2afdf69b78f/8b7c16b56936047ca41bf25effa137ae0b381ae8/build.log`
   Building TimeZones → `~/.julia/scratchspaces/44cfe95a-1eb2-52ea-b672-e2afdf69b78f/2c48caca8f3912857973590a9757e1f86cbbff81/build.log`
    Testing LPVSpectral
Status `/tmp/jl_5qF0y4/Project.toml`
  [717857b8] DSP v0.6.8
  [7a1cc6ca] FFTW v1.2.4
  [26dcc766] LPVSpectral v0.3.1
  [91a5bcdd] Plots v1.6.10
  [a725b495] ProximalOperators v0.10.3
  [3cdcf5f2] RecipesBase v1.1.0
  [ae029012] Requires v1.1.0
  [2913bbd2] StatsBase v0.33.2
  [37e2e46d] LinearAlgebra
  [de0858da] Printf
  [9a3f8284] Random
  [10745b16] Statistics
  [8dfed614] Test
Status `/tmp/jl_5qF0y4/Manifest.toml`
  [621f4979] AbstractFFTs v0.5.0
  [79e6a3ab] Adapt v2.3.0
  [6e4b80f9] BenchmarkTools v0.5.0
  [b99e7846] BinaryProvider v0.5.10
  [6e34b625] Bzip2_jll v1.0.6+5
  [523fee87] CodecBzip2 v0.7.2
  [944b1d66] CodecZlib v0.7.0
  [35d6a980] ColorSchemes v3.10.1
  [3da002f7] ColorTypes v0.10.9
  [5ae59095] Colors v0.12.4
  [34da2185] Compat v3.20.0
  [e66e0078] CompilerSupportLibraries_jll v0.3.3+0
  [d38c429a] Contour v0.5.5
  [717857b8] DSP v0.6.8
  [9a962f9c] DataAPI v1.3.0
  [864edb3b] DataStructures v0.18.7
  [e2d170a0] DataValueInterfaces v1.0.0
  [5ae413db] EarCut_jll v2.1.5+0
  [e2ba6199] ExprTools v0.1.2
  [8f5d6c58] EzXML v1.1.0
  [c87230d0] FFMPEG v0.4.0
  [b22a6f82] FFMPEG_jll v4.3.1+4
  [7a1cc6ca] FFTW v1.2.4
  [f5851436] FFTW_jll v3.3.9+5
  [53c48c17] FixedPointNumbers v0.8.4
  [59287772] Formatting v0.4.1
  [d7e528f0] FreeType2_jll v2.10.1+5
  [559328eb] FriBidi_jll v1.0.5+6
  [28b8d3ca] GR v0.52.0
  [5c1252a2] GeometryBasics v0.3.3
  [4d00f742] GeometryTypes v0.8.3
  [42e2da0e] Grisu v1.0.0
  [cd3eb016] HTTP v0.8.19
  [83e8ac13] IniFile v0.5.0
  [1d5cc7b8] IntelOpenMP_jll v2018.0.3+0
  [d8418881] Intervals v1.4.2
  [c8e1da08] IterTools v1.3.0
  [42fd0dbc] IterativeSolvers v0.8.4
  [82899510] IteratorInterfaceExtensions v1.0.0
  [692b3bcd] JLLWrappers v1.1.1
  [682c06a0] JSON v0.21.1
  [7d188eb4] JSONSchema v0.3.2
  [c1c5ebd0] LAME_jll v3.100.0+3
  [26dcc766] LPVSpectral v0.3.1
  [b964fa9f] LaTeXStrings v1.2.0
  [23fbe1c1] Latexify v0.14.0
  [dd192d2f] LibVPX_jll v1.9.0+1
  [94ce4f54] Libiconv_jll v1.16.0+6
  [856f044c] MKL_jll v2020.2.254+0
  [1914dd2f] MacroTools v0.5.5
  [b8f27783] MathOptInterface v0.9.17
  [fdba3010] MathProgBase v0.7.8
  [739be429] MbedTLS v1.0.2
  [c8ffd9c3] MbedTLS_jll v2.16.8+0
  [442fdcdd] Measures v0.3.1
  [e1d29d7a] Missings v0.4.4
  [78c3b35d] Mocking v0.7.1
  [d8a4904e] MutableArithmetics v0.2.10
  [77ba4419] NaNMath v0.3.4
  [ab2f91bb] OSQP v0.6.0
  [6fe1bfb0] OffsetArrays v1.3.1
  [e7412a2a] Ogg_jll v1.3.4+2
  [458c3c95] OpenSSL_jll v1.1.1+6
  [efe28fd5] OpenSpecFun_jll v0.5.3+3
  [91d4177d] Opus_jll v1.3.1+3
  [bac558e1] OrderedCollections v1.3.1
  [69de0a69] Parsers v1.0.11
  [ccf2f8ad] PlotThemes v2.0.0
  [995b91a9] PlotUtils v1.0.7
  [91a5bcdd] Plots v1.6.10
  [f27b6e38] Polynomials v1.1.9
  [a725b495] ProximalOperators v0.10.3
  [3cdcf5f2] RecipesBase v1.1.0
  [01d81517] RecipesPipeline v0.1.13
  [189a3867] Reexport v0.2.0
  [ae029012] Requires v1.1.0
  [992d4aef] Showoff v0.3.2
  [a2af1166] SortingAlgorithms v0.3.1
  [276daf66] SpecialFunctions v0.10.3
  [90137ffa] StaticArrays v0.12.4
  [2913bbd2] StatsBase v0.33.2
  [09ab397b] StructArrays v0.4.4
  [9449cd9e] TSVD v0.4.1
  [3783bdb8] TableTraits v1.0.0
  [bd369af6] Tables v1.1.0
  [f269a46b] TimeZones v1.4.0
  [3bb67fe8] TranscodingStreams v0.9.5
  [02c8fc9c] XML2_jll v2.9.10+2
  [a5390f91] ZipFile v0.9.2
  [83775a58] Zlib_jll v1.2.11+17
  [0ac62f75] libass_jll v0.14.0+4
  [f638f0a6] libfdk_aac_jll v0.1.6+4
  [f27f6e37] libvorbis_jll v1.3.6+6
  [1270edf5] x264_jll v2020.7.14+2
  [dfaa095f] x265_jll v3.0.0+3
  [56f22d72] Artifacts
  [2a0f44e3] Base64
  [ade2ca70] Dates
  [8bb1440f] DelimitedFiles
  [8ba89e20] Distributed
  [b77e0a4c] InteractiveUtils
  [76f85450] LibGit2
  [8f399da3] Libdl
  [37e2e46d] LinearAlgebra
  [56ddb016] Logging
  [d6f4376e] Markdown
  [a63ad114] Mmap
  [44cfe95a] Pkg
  [de0858da] Printf
  [3fa0cd96] REPL
  [9a3f8284] Random
  [ea8e919c] SHA
  [9e88b42a] Serialization
  [1a1011a3] SharedArrays
  [6462fe0b] Sockets
  [2f01184e] SparseArrays
  [10745b16] Statistics
  [4607b0f0] SuiteSparse
  [fa267f1f] TOML
  [8dfed614] Test
  [cf7118a7] UUIDs
  [4ec0a83e] Unicode
    Testing Running tests...
[ Info: Testing LPVSpectral
[ Info: Testing Windows
[ Info: Testing Mel
[ Info: testing LPV methods
LPV methods: Error During Test at /home/pkgeval/.julia/packages/LPVSpectral/21rLD/test/runtests.jl:89
  Got exception outside of a @test
  PosDefException: matrix is not Hermitian; Cholesky factorization failed.
  Stacktrace:
    [1] checkpositivedefinite(info::Int64)
      @ LinearAlgebra /buildworker/worker/package_linux64/build/usr/share/julia/stdlib/v1.6/LinearAlgebra/src/factorization.jl:18
    [2] cholesky!(A::Matrix{Float64}, ::Val{false}; check::Bool)
      @ LinearAlgebra /buildworker/worker/package_linux64/build/usr/share/julia/stdlib/v1.6/LinearAlgebra/src/cholesky.jl:282
    [3] #cholesky#130
      @ /buildworker/worker/package_linux64/build/usr/share/julia/stdlib/v1.6/LinearAlgebra/src/cholesky.jl:378 [inlined]
    [4] cholesky
      @ /buildworker/worker/package_linux64/build/usr/share/julia/stdlib/v1.6/LinearAlgebra/src/cholesky.jl:378 [inlined]
    [5] cn_V
      @ ~/.julia/packages/LPVSpectral/21rLD/src/utilities.jl:138 [inlined]
    [6] cn_V(cn::ComplexNormal{ComplexF64})
      @ LPVSpectral ~/.julia/packages/LPVSpectral/21rLD/src/utilities.jl:142
    [7] rand(cn::ComplexNormal{ComplexF64}, s::Int64)
      @ LPVSpectral ~/.julia/packages/LPVSpectral/21rLD/src/utilities.jl:169
    [8] macro expansion
      @ ~/.julia/packages/LPVSpectral/21rLD/src/plotting.jl:70 [inlined]
    [9] apply_recipe(plotattributes::Dict{Symbol, Any}, se::SpectralExt)
      @ LPVSpectral ~/.julia/packages/RecipesBase/aQmWx/src/RecipesBase.jl:281
   [10] _process_userrecipes!(plt::Plots.Plot{Plots.GRBackend}, plotattributes::Dict{Symbol, Any}, args::Tuple{SpectralExt})
      @ RecipesPipeline ~/.julia/packages/RecipesPipeline/tkFmN/src/user_recipe.jl:35
   [11] recipe_pipeline!(plt::Plots.Plot{Plots.GRBackend}, plotattributes::Dict{Symbol, Any}, args::Tuple{SpectralExt})
      @ RecipesPipeline ~/.julia/packages/RecipesPipeline/tkFmN/src/RecipesPipeline.jl:69
   [12] _plot!(plt::Plots.Plot{Plots.GRBackend}, plotattributes::Dict{Symbol, Any}, args::Tuple{SpectralExt})
      @ Plots ~/.julia/packages/Plots/D7Ica/src/plot.jl:167
   [13] plot(args::SpectralExt; kw::Base.Iterators.Pairs{Symbol, Bool, Tuple{Symbol}, NamedTuple{(:phase,), Tuple{Bool}}})
      @ Plots ~/.julia/packages/Plots/D7Ica/src/plot.jl:57
   [14] top-level scope
      @ show.jl:895
   [15] top-level scope
      @ ~/.julia/packages/LPVSpectral/21rLD/test/runtests.jl:103
   [16] top-level scope
      @ /buildworker/worker/package_linux64/build/usr/share/julia/stdlib/v1.6/Test/src/Test.jl:1144
   [17] top-level scope
      @ ~/.julia/packages/LPVSpectral/21rLD/test/runtests.jl:90
   [18] top-level scope
      @ /buildworker/worker/package_linux64/build/usr/share/julia/stdlib/v1.6/Test/src/Test.jl:1144
   [19] top-level scope
      @ ~/.julia/packages/LPVSpectral/21rLD/test/runtests.jl:20
   [20] include(fname::String)
      @ Base.MainInclude ./client.jl:444
   [21] top-level scope
      @ none:6
   [22] eval(m::Module, e::Any)
      @ Core ./boot.jl:360
   [23] exec_options(opts::Base.JLOptions)
      @ Base ./client.jl:261
   [24] _start()
      @ Base ./client.jl:485
[ Info: testing detrend
[ Info: testing Complex Normal
[ Info: testing ls methods
mean(x) = 0.1915307635792155
[ Info: testing plots
plot(periodogram(y)) = Plot{Plots.GRBackend() n=1}
plot(spectrogram(y)) = Plot{Plots.GRBackend() n=1}
plot(melspectrogram(y)) = Plot{Plots.GRBackend() n=1}
plot(periodogram(filtfilt(ones(4), [4], y))) = Plot{Plots.GRBackend() n=1}
plot(welch_pgram(y)) = Plot{Plots.GRBackend() n=1}
[ Info: Testing Lasso
100 ||x-z||₂ 0.0000330639
200 ||x-z||₂ 0.0000014833
300 ||x-z||₂ 0.0000001407
400 ||x-z||₂ 0.0000000158
423 ||x-z||₂ 0.0000000099
[ Info: ||x-z||₂ ≤ tol
3 ||x-z||₂ 0.0000000000
[ Info: ||x-z||₂ ≤ tol
214 ||x-z||₂ 0.0000000000
[ Info: ||x-z||₂ ≤ tol
3748 ||x-z||₂ 0.0000000001
[ Info: ||x-z||₂ ≤ tol
7937 ||x-z||₂ 0.0000000001
[ Info: ||x-z||₂ ≤ tol
lasso: Error During Test at /home/pkgeval/.julia/packages/LPVSpectral/21rLD/test/test_lasso.jl:4
  Got exception outside of a @test
  PosDefException: matrix is not Hermitian; Cholesky factorization failed.
  Stacktrace:
    [1] checkpositivedefinite(info::Int64)
      @ LinearAlgebra /buildworker/worker/package_linux64/build/usr/share/julia/stdlib/v1.6/LinearAlgebra/src/factorization.jl:18
    [2] cholesky!(A::Matrix{Float64}, ::Val{false}; check::Bool)
      @ LinearAlgebra /buildworker/worker/package_linux64/build/usr/share/julia/stdlib/v1.6/LinearAlgebra/src/cholesky.jl:282
    [3] #cholesky#130
      @ /buildworker/worker/package_linux64/build/usr/share/julia/stdlib/v1.6/LinearAlgebra/src/cholesky.jl:378 [inlined]
    [4] cholesky
      @ /buildworker/worker/package_linux64/build/usr/share/julia/stdlib/v1.6/LinearAlgebra/src/cholesky.jl:378 [inlined]
    [5] cn_V
      @ ~/.julia/packages/LPVSpectral/21rLD/src/utilities.jl:138 [inlined]
    [6] cn_V(cn::ComplexNormal{ComplexF64})
      @ LPVSpectral ~/.julia/packages/LPVSpectral/21rLD/src/utilities.jl:142
    [7] rand(cn::ComplexNormal{ComplexF64}, s::Int64)
      @ LPVSpectral ~/.julia/packages/LPVSpectral/21rLD/src/utilities.jl:169
    [8] macro expansion
      @ ~/.julia/packages/LPVSpectral/21rLD/src/plotting.jl:70 [inlined]
    [9] apply_recipe(plotattributes::Dict{Symbol, Any}, se::SpectralExt)
      @ LPVSpectral ~/.julia/packages/RecipesBase/aQmWx/src/RecipesBase.jl:281
   [10] _process_userrecipes!(plt::Plots.Plot{Plots.GRBackend}, plotattributes::Dict{Symbol, Any}, args::Tuple{SpectralExt})
      @ RecipesPipeline ~/.julia/packages/RecipesPipeline/tkFmN/src/user_recipe.jl:35
   [11] recipe_pipeline!(plt::Plots.Plot{Plots.GRBackend}, plotattributes::Dict{Symbol, Any}, args::Tuple{SpectralExt})
      @ RecipesPipeline ~/.julia/packages/RecipesPipeline/tkFmN/src/RecipesPipeline.jl:69
   [12] _plot!(plt::Plots.Plot{Plots.GRBackend}, plotattributes::Dict{Symbol, Any}, args::Tuple{SpectralExt})
      @ Plots ~/.julia/packages/Plots/D7Ica/src/plot.jl:167
   [13] plot(args::SpectralExt; kw::Base.Iterators.Pairs{Symbol, Any, NTuple{11, Symbol}, NamedTuple{(:normalization, :dims, :l, :c, :fillalpha, :nMC, :fillcolor, :linewidth, :bounds, :lab, :phase), Tuple{Symbol, Int64, Symbol, Symbol, Float64, Int64, Symbol, Int64, Bool, Matrix{String}, Bool}}})
      @ Plots ~/.julia/packages/Plots/D7Ica/src/plot.jl:57
   [14] top-level scope
      @ ~/.julia/packages/LPVSpectral/21rLD/test/test_lasso.jl:39
   [15] top-level scope
      @ /buildworker/worker/package_linux64/build/usr/share/julia/stdlib/v1.6/Test/src/Test.jl:1144
   [16] top-level scope
      @ ~/.julia/packages/LPVSpectral/21rLD/test/test_lasso.jl:5
   [17] include(fname::String)
      @ Base.MainInclude ./client.jl:444
   [18] top-level scope
      @ ~/.julia/packages/LPVSpectral/21rLD/test/runtests.jl:232
   [19] top-level scope
      @ /buildworker/worker/package_linux64/build/usr/share/julia/stdlib/v1.6/Test/src/Test.jl:1144
   [20] top-level scope
      @ ~/.julia/packages/LPVSpectral/21rLD/test/runtests.jl:231
   [21] top-level scope
      @ /buildworker/worker/package_linux64/build/usr/share/julia/stdlib/v1.6/Test/src/Test.jl:1144
   [22] top-level scope
      @ ~/.julia/packages/LPVSpectral/21rLD/test/runtests.jl:20
   [23] include(fname::String)
      @ Base.MainInclude ./client.jl:444
   [24] top-level scope
      @ none:6
   [25] eval(m::Module, e::Any)
      @ Core ./boot.jl:360
   [26] exec_options(opts::Base.JLOptions)
      @ Base ./client.jl:261
   [27] _start()
      @ Base ./client.jl:485
[ Info: Testing autocov
Test Summary:    | Pass  Error  Total
LPVSpectral      |  109      2    111
  Windows        |   12            12
  Mel            |    8             8
  LPV methods    |           1      1
  detrend        |    3             3
  Complex Normal |    8             8
  ls methods     |   15            15
  plots          |              No tests
  Lasso          |           1      1
    lasso        |           1      1
  autocov        |   63            63
ERROR: LoadError: Some tests did not pass: 109 passed, 0 failed, 2 errored, 0 broken.
in expression starting at /home/pkgeval/.julia/packages/LPVSpectral/21rLD/test/runtests.jl:19
ERROR: Package LPVSpectral errored during testing
Stacktrace:
  [1] pkgerror(msg::String)
    @ Pkg.Types /buildworker/worker/package_linux64/build/usr/share/julia/stdlib/v1.6/Pkg/src/Types.jl:52
  [2] test(ctx::Pkg.Types.Context, pkgs::Vector{Pkg.Types.PackageSpec}; coverage::Bool, julia_args::Cmd, test_args::Cmd, test_fn::Nothing)
    @ Pkg.Operations /buildworker/worker/package_linux64/build/usr/share/julia/stdlib/v1.6/Pkg/src/Operations.jl:1609
  [3] test(ctx::Pkg.Types.Context, pkgs::Vector{Pkg.Types.PackageSpec}; coverage::Bool, test_fn::Nothing, julia_args::Cmd, test_args::Cmd, kwargs::Base.Iterators.Pairs{Union{}, Union{}, Tuple{}, NamedTuple{(), Tuple{}}})
    @ Pkg.API /buildworker/worker/package_linux64/build/usr/share/julia/stdlib/v1.6/Pkg/src/API.jl:331
  [4] test(ctx::Pkg.Types.Context, pkgs::Vector{Pkg.Types.PackageSpec})
    @ Pkg.API /buildworker/worker/package_linux64/build/usr/share/julia/stdlib/v1.6/Pkg/src/API.jl:318
  [5] #test#62
    @ /buildworker/worker/package_linux64/build/usr/share/julia/stdlib/v1.6/Pkg/src/API.jl:68 [inlined]
  [6] test
    @ /buildworker/worker/package_linux64/build/usr/share/julia/stdlib/v1.6/Pkg/src/API.jl:68 [inlined]
  [7] #test#61
    @ /buildworker/worker/package_linux64/build/usr/share/julia/stdlib/v1.6/Pkg/src/API.jl:66 [inlined]
  [8] test
    @ /buildworker/worker/package_linux64/build/usr/share/julia/stdlib/v1.6/Pkg/src/API.jl:66 [inlined]
  [9] test(pkg::String; kwargs::Base.Iterators.Pairs{Union{}, Union{}, Tuple{}, NamedTuple{(), Tuple{}}})
    @ Pkg.API /buildworker/worker/package_linux64/build/usr/share/julia/stdlib/v1.6/Pkg/src/API.jl:65
 [10] test(pkg::String)
    @ Pkg.API /buildworker/worker/package_linux64/build/usr/share/julia/stdlib/v1.6/Pkg/src/API.jl:65
 [11] top-level scope
    @ none:31
